nohup: ignoring input
using gpu:1 to train the model
using gpu:1 to train the model
cuda:1
Namespace(A_split=False, JK='sum', a_fold=100, aggregate=False, alpha=0.5, batch_size=1024, beta_inter=0.4, conv_layers=4, cuda=True, decay_epoch=10, device=device(type='cuda', index=1), device_id='1', domains='cloth_sport', dropout=0.3, epoch=80, feature_dim=126, hidden_dim=126, inter_tau=0.2, intra_tau=1, lambda_critic=0.4, leakey=0.05, load=False, log='logs.txt', log_epoch=1, lr=0.004, lr_decay=0.95, min_epoch=50, mode='train', model_file=None, model_name='cs', momentum=0.9, num_latent_factors=3, num_negative=100, optim='adam', patience=30, proj_layers=1, projection=1, residual=1, save=False, save_dir='./saved_models', seed=32, similarity_tau=0.1, test_sample_number=999, transfer_epoch=40, user_batch_size=256, weight_decay=0.0002)
number_user 41829
number_item 17943
/home/hourun/invariantCDR_v2/invariantCDR/utils/GraphMaker.py:46: RuntimeWarning: divide by zero encountered in power
  r_inv = np.power(rowsum, -1).flatten()
real graph loaded!
number_user 27328
number_item 12655
real graph loaded!
graph loaded!
Loading data from cloth_sport with batch size 1024...
unseen test: 0
test length: 3156
unseen test: 0
test length: 3085
unseen test: 0
test length: 3589
unseen test: 0
test length: 3546
source_user_num 41829
target_user_num 27328
source_item_num 17943
target_item_num 12655
shared users id: 7857
test users 990, 982
unseen test: 0
dev length: 1000
unseen test: 0
dev length: 1000
source train data : 187880, target train data: 163291, source test data : 3085, target test data : 3546, source dev data : 1000, target dev data : 1000
2024-08-02 17:48:10.737325: step 343/27440 (epoch 1/80), loss = 1.422694 (49.423 sec/epoch), lr: 0.004000
Evaluating on dev set...
..................................................................
source: 	 mrr: 0.038580	 ndcg_5: 0.0296	 ndcg_10: 0.0413	 hit@1:0.011724	 hit@5:0.0475	 hit@10: 0.0837
target: 	 mrr: 0.024831	 ndcg_5: 0.0179	 ndcg_10: 0.0259	 hit@1:0.005015	 hit@5:0.0309	 hit@10: 0.0563
source best!
..............................
source: 	 mrr: 0.034919	 ndcg_5: 0.0265	 ndcg_10: 0.0367	 hit@1:0.011345	 hit@5:0.0431	 hit@10: 0.0749
target best!
...................................target: 	 mrr: 0.028680	 ndcg_5: 0.0218	 ndcg_10: 0.0294	 hit@1:0.009588	 hit@5:0.0344	 hit@10: 0.0581
epoch 1: train_loss = 1.422694, source_hit@10 = 0.0749, source_ndcg@10 = 0.0367, target_hit@10 = 0.0581, target_ndcg@10 = 0.0294

2024-08-02 17:49:02.486248: step 686/27440 (epoch 2/80), loss = 1.286270 (50.319 sec/epoch), lr: 0.004000
Evaluating on dev set...
..................................................................
source: 	 mrr: 0.036396	 ndcg_5: 0.0283	 ndcg_10: 0.0383	 hit@1:0.012357	 hit@5:0.0447	 hit@10: 0.0754
target: 	 mrr: 0.032409	 ndcg_5: 0.0244	 ndcg_10: 0.0333	 hit@1:0.009473	 hit@5:0.0393	 hit@10: 0.0669
target best!
...................................target: 	 mrr: 0.033383	 ndcg_5: 0.0265	 ndcg_10: 0.0342	 hit@1:0.010716	 hit@5:0.0429	 hit@10: 0.0668
epoch 2: train_loss = 1.286270, source_hit@10 = 0.0754, source_ndcg@10 = 0.0383, target_hit@10 = 0.0668, target_ndcg@10 = 0.0342
new best model saved.

2024-08-02 17:49:54.416127: step 1029/27440 (epoch 3/80), loss = 1.270747 (50.583 sec/epoch), lr: 0.004000
Evaluating on dev set...
..................................................................
source: 	 mrr: 0.039664	 ndcg_5: 0.0317	 ndcg_10: 0.0423	 hit@1:0.012674	 hit@5:0.0513	 hit@10: 0.0843
target: 	 mrr: 0.020128	 ndcg_5: 0.0149	 ndcg_10: 0.0190	 hit@1:0.005851	 hit@5:0.0237	 hit@10: 0.0365
source best!
..............................
source: 	 mrr: 0.039490	 ndcg_5: 0.0312	 ndcg_10: 0.0400	 hit@1:0.015559	 hit@5:0.0470	 hit@10: 0.0739
epoch 3: train_loss = 1.270747, source_hit@10 = 0.0739, source_ndcg@10 = 0.0400, target_hit@10 = 0.0365, target_ndcg@10 = 0.0190

2024-08-02 17:50:45.629674: step 1372/27440 (epoch 4/80), loss = 1.260505 (50.104 sec/epoch), lr: 0.004000
Evaluating on dev set...
..................................................................
source: 	 mrr: 0.039061	 ndcg_5: 0.0306	 ndcg_10: 0.0428	 hit@1:0.011724	 hit@5:0.0510	 hit@10: 0.0890
target: 	 mrr: 0.035589	 ndcg_5: 0.0285	 ndcg_10: 0.0379	 hit@1:0.011702	 hit@5:0.0451	 hit@10: 0.0747
target best!
...................................target: 	 mrr: 0.032963	 ndcg_5: 0.0258	 ndcg_10: 0.0359	 hit@1:0.009024	 hit@5:0.0437	 hit@10: 0.0753
epoch 4: train_loss = 1.260505, source_hit@10 = 0.0890, source_ndcg@10 = 0.0428, target_hit@10 = 0.0753, target_ndcg@10 = 0.0359
new best model saved.

2024-08-02 17:51:37.493130: step 1715/27440 (epoch 5/80), loss = 1.252039 (50.533 sec/epoch), lr: 0.004000
Evaluating on dev set...
..................................................................
source: 	 mrr: 0.043750	 ndcg_5: 0.0361	 ndcg_10: 0.0471	 hit@1:0.015843	 hit@5:0.0570	 hit@10: 0.0913
target: 	 mrr: 0.033377	 ndcg_5: 0.0267	 ndcg_10: 0.0338	 hit@1:0.012538	 hit@5:0.0415	 hit@10: 0.0638
source best!
..............................
source: 	 mrr: 0.038056	 ndcg_5: 0.0289	 ndcg_10: 0.0405	 hit@1:0.012318	 hit@5:0.0460	 hit@10: 0.0817
epoch 5: train_loss = 1.252039, source_hit@10 = 0.0817, source_ndcg@10 = 0.0405, target_hit@10 = 0.0638, target_ndcg@10 = 0.0338
new best model saved.

2024-08-02 17:52:29.212875: step 2058/27440 (epoch 6/80), loss = 1.245758 (50.375 sec/epoch), lr: 0.004000
Evaluating on dev set...
..................................................................
source: 	 mrr: 0.020714	 ndcg_5: 0.0146	 ndcg_10: 0.0197	 hit@1:0.005070	 hit@5:0.0247	 hit@10: 0.0409
target: 	 mrr: 0.033604	 ndcg_5: 0.0243	 ndcg_10: 0.0357	 hit@1:0.008638	 hit@5:0.0407	 hit@10: 0.0766
epoch 6: train_loss = 1.245758, source_hit@10 = 0.0409, source_ndcg@10 = 0.0197, target_hit@10 = 0.0766, target_ndcg@10 = 0.0357

2024-08-02 17:53:20.616451: step 2401/27440 (epoch 7/80), loss = 1.231236 (50.614 sec/epoch), lr: 0.004000
Evaluating on dev set...
..................................................................
source: 	 mrr: 0.041890	 ndcg_5: 0.0319	 ndcg_10: 0.0451	 hit@1:0.012357	 hit@5:0.0520	 hit@10: 0.0928
target: 	 mrr: 0.027875	 ndcg_5: 0.0194	 ndcg_10: 0.0275	 hit@1:0.009195	 hit@5:0.0298	 hit@10: 0.0549
epoch 7: train_loss = 1.231236, source_hit@10 = 0.0928, source_ndcg@10 = 0.0451, target_hit@10 = 0.0549, target_ndcg@10 = 0.0275

2024-08-02 17:54:12.503002: step 2744/27440 (epoch 8/80), loss = 1.226711 (51.144 sec/epoch), lr: 0.004000
Evaluating on dev set...
..................................................................
source: 	 mrr: 0.045254	 ndcg_5: 0.0374	 ndcg_10: 0.0491	 hit@1:0.015209	 hit@5:0.0605	 hit@10: 0.0973
target: 	 mrr: 0.028873	 ndcg_5: 0.0206	 ndcg_10: 0.0284	 hit@1:0.007523	 hit@5:0.0340	 hit@10: 0.0582
source best!
..............................
source: 	 mrr: 0.042648	 ndcg_5: 0.0322	 ndcg_10: 0.0447	 hit@1:0.016207	 hit@5:0.0486	 hit@10: 0.0872
epoch 8: train_loss = 1.226711, source_hit@10 = 0.0872, source_ndcg@10 = 0.0447, target_hit@10 = 0.0582, target_ndcg@10 = 0.0284

2024-08-02 17:55:04.191091: step 3087/27440 (epoch 9/80), loss = 1.217663 (50.554 sec/epoch), lr: 0.004000
Evaluating on dev set...
..................................................................
source: 	 mrr: 0.021589	 ndcg_5: 0.0153	 ndcg_10: 0.0214	 hit@1:0.006337	 hit@5:0.0238	 hit@10: 0.0428
target: 	 mrr: 0.017106	 ndcg_5: 0.0108	 ndcg_10: 0.0152	 hit@1:0.003344	 hit@5:0.0184	 hit@10: 0.0320
epoch 9: train_loss = 1.217663, source_hit@10 = 0.0428, source_ndcg@10 = 0.0214, target_hit@10 = 0.0320, target_ndcg@10 = 0.0152

2024-08-02 17:55:55.907023: step 3430/27440 (epoch 10/80), loss = 1.199952 (50.975 sec/epoch), lr: 0.004000
Evaluating on dev set...
..................................................................
source: 	 mrr: 0.034996	 ndcg_5: 0.0272	 ndcg_10: 0.0374	 hit@1:0.010456	 hit@5:0.0437	 hit@10: 0.0754
target: 	 mrr: 0.030977	 ndcg_5: 0.0227	 ndcg_10: 0.0311	 hit@1:0.008638	 hit@5:0.0379	 hit@10: 0.0641
epoch 10: train_loss = 1.199952, source_hit@10 = 0.0754, source_ndcg@10 = 0.0374, target_hit@10 = 0.0641, target_ndcg@10 = 0.0311

2024-08-02 17:56:47.127932: step 3773/27440 (epoch 11/80), loss = 1.181900 (50.477 sec/epoch), lr: 0.004000
Evaluating on dev set...
..................................................................
source: 	 mrr: 0.035312	 ndcg_5: 0.0263	 ndcg_10: 0.0366	 hit@1:0.010456	 hit@5:0.0428	 hit@10: 0.0748
target: 	 mrr: 0.029105	 ndcg_5: 0.0206	 ndcg_10: 0.0293	 hit@1:0.006966	 hit@5:0.0346	 hit@10: 0.0616
epoch 11: train_loss = 1.181900, source_hit@10 = 0.0748, source_ndcg@10 = 0.0366, target_hit@10 = 0.0616, target_ndcg@10 = 0.0293

2024-08-02 17:57:38.455982: step 4116/27440 (epoch 12/80), loss = 1.176054 (50.565 sec/epoch), lr: 0.003800
Evaluating on dev set...
..................................................................
source: 	 mrr: 0.046407	 ndcg_5: 0.0360	 ndcg_10: 0.0483	 hit@1:0.017110	 hit@5:0.0539	 hit@10: 0.0922
target: 	 mrr: 0.039752	 ndcg_5: 0.0323	 ndcg_10: 0.0413	 hit@1:0.012260	 hit@5:0.0524	 hit@10: 0.0802
source best!
..............................
source: 	 mrr: 0.044686	 ndcg_5: 0.0333	 ndcg_10: 0.0465	 hit@1:0.016207	 hit@5:0.0496	 hit@10: 0.0908
target best!
...................................target: 	 mrr: 0.041142	 ndcg_5: 0.0335	 ndcg_10: 0.0430	 hit@1:0.015510	 hit@5:0.0525	 hit@10: 0.0823
epoch 12: train_loss = 1.176054, source_hit@10 = 0.0908, source_ndcg@10 = 0.0465, target_hit@10 = 0.0823, target_ndcg@10 = 0.0430
new best model saved.

2024-08-02 17:58:30.551744: step 4459/27440 (epoch 13/80), loss = 1.167855 (50.489 sec/epoch), lr: 0.003800
Evaluating on dev set...
..................................................................
source: 	 mrr: 0.045974	 ndcg_5: 0.0372	 ndcg_10: 0.0478	 hit@1:0.017110	 hit@5:0.0583	 hit@10: 0.0916
target: 	 mrr: 0.038004	 ndcg_5: 0.0289	 ndcg_10: 0.0399	 hit@1:0.011145	 hit@5:0.0460	 hit@10: 0.0800
epoch 13: train_loss = 1.167855, source_hit@10 = 0.0916, source_ndcg@10 = 0.0478, target_hit@10 = 0.0800, target_ndcg@10 = 0.0399

2024-08-02 17:59:21.889867: step 4802/27440 (epoch 14/80), loss = 1.162096 (50.596 sec/epoch), lr: 0.003610
Evaluating on dev set...
..................................................................
source: 	 mrr: 0.038990	 ndcg_5: 0.0294	 ndcg_10: 0.0429	 hit@1:0.011090	 hit@5:0.0485	 hit@10: 0.0906
target: 	 mrr: 0.036712	 ndcg_5: 0.0287	 ndcg_10: 0.0396	 hit@1:0.009473	 hit@5:0.0482	 hit@10: 0.0825
epoch 14: train_loss = 1.162096, source_hit@10 = 0.0906, source_ndcg@10 = 0.0429, target_hit@10 = 0.0825, target_ndcg@10 = 0.0396

2024-08-02 18:00:13.970115: step 5145/27440 (epoch 15/80), loss = 1.158121 (51.313 sec/epoch), lr: 0.003429
Evaluating on dev set...
..................................................................
source: 	 mrr: 0.045217	 ndcg_5: 0.0358	 ndcg_10: 0.0492	 hit@1:0.015209	 hit@5:0.0564	 hit@10: 0.0985
target: 	 mrr: 0.034211	 ndcg_5: 0.0251	 ndcg_10: 0.0351	 hit@1:0.009195	 hit@5:0.0407	 hit@10: 0.0724
epoch 15: train_loss = 1.158121, source_hit@10 = 0.0985, source_ndcg@10 = 0.0492, target_hit@10 = 0.0724, target_ndcg@10 = 0.0351

2024-08-02 18:01:05.042902: step 5488/27440 (epoch 16/80), loss = 1.151445 (50.319 sec/epoch), lr: 0.003429
Evaluating on dev set...
..................................................................
source: 	 mrr: 0.045781	 ndcg_5: 0.0382	 ndcg_10: 0.0496	 hit@1:0.017427	 hit@5:0.0599	 hit@10: 0.0954
target: 	 mrr: 0.034531	 ndcg_5: 0.0255	 ndcg_10: 0.0355	 hit@1:0.008916	 hit@5:0.0424	 hit@10: 0.0738
epoch 16: train_loss = 1.151445, source_hit@10 = 0.0954, source_ndcg@10 = 0.0496, target_hit@10 = 0.0738, target_ndcg@10 = 0.0355

2024-08-02 18:01:56.365044: step 5831/27440 (epoch 17/80), loss = 1.142924 (50.578 sec/epoch), lr: 0.003429
Evaluating on dev set...
..................................................................
source: 	 mrr: 0.038365	 ndcg_5: 0.0286	 ndcg_10: 0.0420	 hit@1:0.009506	 hit@5:0.0482	 hit@10: 0.0900
target: 	 mrr: 0.036436	 ndcg_5: 0.0271	 ndcg_10: 0.0383	 hit@1:0.009752	 hit@5:0.0449	 hit@10: 0.0800
epoch 17: train_loss = 1.142924, source_hit@10 = 0.0900, source_ndcg@10 = 0.0420, target_hit@10 = 0.0800, target_ndcg@10 = 0.0383

2024-08-02 18:02:47.412683: step 6174/27440 (epoch 18/80), loss = 1.135668 (50.304 sec/epoch), lr: 0.003258
Evaluating on dev set...
..................................................................
source: 	 mrr: 0.038253	 ndcg_5: 0.0301	 ndcg_10: 0.0396	 hit@1:0.012041	 hit@5:0.0478	 hit@10: 0.0773
target: 	 mrr: 0.039493	 ndcg_5: 0.0304	 ndcg_10: 0.0412	 hit@1:0.012817	 hit@5:0.0488	 hit@10: 0.0822
epoch 18: train_loss = 1.135668, source_hit@10 = 0.0773, source_ndcg@10 = 0.0396, target_hit@10 = 0.0822, target_ndcg@10 = 0.0412

2024-08-02 18:03:38.070987: step 6517/27440 (epoch 19/80), loss = 1.132016 (49.917 sec/epoch), lr: 0.003258
Evaluating on dev set...
..................................................................
source: 	 mrr: 0.048158	 ndcg_5: 0.0389	 ndcg_10: 0.0524	 hit@1:0.017427	 hit@5:0.0608	 hit@10: 0.1027
target: 	 mrr: 0.040070	 ndcg_5: 0.0316	 ndcg_10: 0.0427	 hit@1:0.012817	 hit@5:0.0499	 hit@10: 0.0844
source best!
..............................
source: 	 mrr: 0.044025	 ndcg_5: 0.0351	 ndcg_10: 0.0457	 hit@1:0.014911	 hit@5:0.0558	 hit@10: 0.0888
target best!
...................................target: 	 mrr: 0.039481	 ndcg_5: 0.0317	 ndcg_10: 0.0419	 hit@1:0.012690	 hit@5:0.0510	 hit@10: 0.0829
epoch 19: train_loss = 1.132016, source_hit@10 = 0.0888, source_ndcg@10 = 0.0457, target_hit@10 = 0.0829, target_ndcg@10 = 0.0419
new best model saved.

2024-08-02 18:04:30.020626: step 6860/27440 (epoch 20/80), loss = 1.128613 (50.324 sec/epoch), lr: 0.003258
Evaluating on dev set...
..................................................................
source: 	 mrr: 0.048077	 ndcg_5: 0.0398	 ndcg_10: 0.0528	 hit@1:0.016160	 hit@5:0.0634	 hit@10: 0.1036
target: 	 mrr: 0.039434	 ndcg_5: 0.0304	 ndcg_10: 0.0421	 hit@1:0.011424	 hit@5:0.0493	 hit@10: 0.0858
epoch 20: train_loss = 1.128613, source_hit@10 = 0.1036, source_ndcg@10 = 0.0528, target_hit@10 = 0.0858, target_ndcg@10 = 0.0421

2024-08-02 18:05:21.444245: step 7203/27440 (epoch 21/80), loss = 1.120605 (50.677 sec/epoch), lr: 0.003095
Evaluating on dev set...
..................................................................
source: 	 mrr: 0.037905	 ndcg_5: 0.0292	 ndcg_10: 0.0394	 hit@1:0.012357	 hit@5:0.0463	 hit@10: 0.0779
target: 	 mrr: 0.037268	 ndcg_5: 0.0274	 ndcg_10: 0.0396	 hit@1:0.010309	 hit@5:0.0449	 hit@10: 0.0830
epoch 21: train_loss = 1.120605, source_hit@10 = 0.0779, source_ndcg@10 = 0.0394, target_hit@10 = 0.0830, target_ndcg@10 = 0.0396

2024-08-02 18:06:12.738643: step 7546/27440 (epoch 22/80), loss = 1.108878 (50.545 sec/epoch), lr: 0.002940
Evaluating on dev set...
..................................................................
source: 	 mrr: 0.047731	 ndcg_5: 0.0395	 ndcg_10: 0.0526	 hit@1:0.016793	 hit@5:0.0643	 hit@10: 0.1052
target: 	 mrr: 0.039287	 ndcg_5: 0.0303	 ndcg_10: 0.0411	 hit@1:0.015046	 hit@5:0.0457	 hit@10: 0.0791
epoch 22: train_loss = 1.108878, source_hit@10 = 0.1052, source_ndcg@10 = 0.0526, target_hit@10 = 0.0791, target_ndcg@10 = 0.0411

2024-08-02 18:07:03.896811: step 7889/27440 (epoch 23/80), loss = 1.105657 (50.394 sec/epoch), lr: 0.002940
Evaluating on dev set...
..................................................................
source: 	 mrr: 0.042433	 ndcg_5: 0.0333	 ndcg_10: 0.0449	 hit@1:0.013942	 hit@5:0.0529	 hit@10: 0.0894
target: 	 mrr: 0.021563	 ndcg_5: 0.0143	 ndcg_10: 0.0205	 hit@1:0.005851	 hit@5:0.0234	 hit@10: 0.0424
epoch 23: train_loss = 1.105657, source_hit@10 = 0.0894, source_ndcg@10 = 0.0449, target_hit@10 = 0.0424, target_ndcg@10 = 0.0205

2024-08-02 18:07:54.992746: step 8232/27440 (epoch 24/80), loss = 1.100131 (50.346 sec/epoch), lr: 0.002793
Evaluating on dev set...
..................................................................
source: 	 mrr: 0.041565	 ndcg_5: 0.0321	 ndcg_10: 0.0451	 hit@1:0.012991	 hit@5:0.0520	 hit@10: 0.0928
target: 	 mrr: 0.035917	 ndcg_5: 0.0296	 ndcg_10: 0.0381	 hit@1:0.011424	 hit@5:0.0482	 hit@10: 0.0750
epoch 24: train_loss = 1.100131, source_hit@10 = 0.0928, source_ndcg@10 = 0.0451, target_hit@10 = 0.0750, target_ndcg@10 = 0.0381

2024-08-02 18:08:46.052517: step 8575/27440 (epoch 25/80), loss = 1.097962 (50.309 sec/epoch), lr: 0.002793
Evaluating on dev set...
..................................................................
source: 	 mrr: 0.031710	 ndcg_5: 0.0238	 ndcg_10: 0.0324	 hit@1:0.009189	 hit@5:0.0387	 hit@10: 0.0653
target: 	 mrr: 0.036284	 ndcg_5: 0.0274	 ndcg_10: 0.0382	 hit@1:0.010309	 hit@5:0.0454	 hit@10: 0.0789
epoch 25: train_loss = 1.097962, source_hit@10 = 0.0653, source_ndcg@10 = 0.0324, target_hit@10 = 0.0789, target_ndcg@10 = 0.0382

2024-08-02 18:09:37.539188: step 8918/27440 (epoch 26/80), loss = 1.093349 (50.744 sec/epoch), lr: 0.002654
Evaluating on dev set...
..................................................................
source: 	 mrr: 0.044852	 ndcg_5: 0.0367	 ndcg_10: 0.0475	 hit@1:0.013942	 hit@5:0.0602	 hit@10: 0.0941
target: 	 mrr: 0.039620	 ndcg_5: 0.0309	 ndcg_10: 0.0420	 hit@1:0.011145	 hit@5:0.0507	 hit@10: 0.0850
epoch 26: train_loss = 1.093349, source_hit@10 = 0.0941, source_ndcg@10 = 0.0475, target_hit@10 = 0.0850, target_ndcg@10 = 0.0420

2024-08-02 18:10:29.217490: step 9261/27440 (epoch 27/80), loss = 1.090947 (50.900 sec/epoch), lr: 0.002654
Evaluating on dev set...
..................................................................
source: 	 mrr: 0.049485	 ndcg_5: 0.0406	 ndcg_10: 0.0536	 hit@1:0.018061	 hit@5:0.0631	 hit@10: 0.1039
target: 	 mrr: 0.040833	 ndcg_5: 0.0317	 ndcg_10: 0.0447	 hit@1:0.012817	 hit@5:0.0507	 hit@10: 0.0911
source best!
..............................
source: 	 mrr: 0.044618	 ndcg_5: 0.0339	 ndcg_10: 0.0464	 hit@1:0.016856	 hit@5:0.0512	 hit@10: 0.0904
target best!
...................................target: 	 mrr: 0.040891	 ndcg_5: 0.0332	 ndcg_10: 0.0438	 hit@1:0.011844	 hit@5:0.0536	 hit@10: 0.0866
epoch 27: train_loss = 1.090947, source_hit@10 = 0.0904, source_ndcg@10 = 0.0464, target_hit@10 = 0.0866, target_ndcg@10 = 0.0438
new best model saved.

2024-08-02 18:11:21.895906: step 9604/27440 (epoch 28/80), loss = 1.088582 (51.022 sec/epoch), lr: 0.002654
Evaluating on dev set...
..................................................................
source: 	 mrr: 0.032918	 ndcg_5: 0.0221	 ndcg_10: 0.0333	 hit@1:0.008555	 hit@5:0.0352	 hit@10: 0.0707
target: 	 mrr: 0.033548	 ndcg_5: 0.0262	 ndcg_10: 0.0346	 hit@1:0.011702	 hit@5:0.0412	 hit@10: 0.0677
epoch 28: train_loss = 1.088582, source_hit@10 = 0.0707, source_ndcg@10 = 0.0333, target_hit@10 = 0.0677, target_ndcg@10 = 0.0346

2024-08-02 18:12:14.209247: step 9947/27440 (epoch 29/80), loss = 1.085047 (51.566 sec/epoch), lr: 0.002521
Evaluating on dev set...
..................................................................
source: 	 mrr: 0.047488	 ndcg_5: 0.0383	 ndcg_10: 0.0510	 hit@1:0.016793	 hit@5:0.0602	 hit@10: 0.0998
target: 	 mrr: 0.041456	 ndcg_5: 0.0329	 ndcg_10: 0.0443	 hit@1:0.012260	 hit@5:0.0549	 hit@10: 0.0903
target best!
...................................target: 	 mrr: 0.045363	 ndcg_5: 0.0376	 ndcg_10: 0.0499	 hit@1:0.015228	 hit@5:0.0598	 hit@10: 0.0981
epoch 29: train_loss = 1.085047, source_hit@10 = 0.0998, source_ndcg@10 = 0.0510, target_hit@10 = 0.0981, target_ndcg@10 = 0.0499

2024-08-02 18:13:05.507198: step 10290/27440 (epoch 30/80), loss = 1.084266 (50.122 sec/epoch), lr: 0.002521
Evaluating on dev set...
..................................................................
source: 	 mrr: 0.044416	 ndcg_5: 0.0354	 ndcg_10: 0.0460	 hit@1:0.014892	 hit@5:0.0558	 hit@10: 0.0890
target: 	 mrr: 0.035176	 ndcg_5: 0.0275	 ndcg_10: 0.0373	 hit@1:0.010309	 hit@5:0.0446	 hit@10: 0.0752
epoch 30: train_loss = 1.084266, source_hit@10 = 0.0890, source_ndcg@10 = 0.0460, target_hit@10 = 0.0752, target_ndcg@10 = 0.0373

2024-08-02 18:13:56.228762: step 10633/27440 (epoch 31/80), loss = 1.077452 (49.979 sec/epoch), lr: 0.002395
Evaluating on dev set...
..................................................................
source: 	 mrr: 0.038983	 ndcg_5: 0.0283	 ndcg_10: 0.0423	 hit@1:0.011407	 hit@5:0.0456	 hit@10: 0.0894
target: 	 mrr: 0.039989	 ndcg_5: 0.0300	 ndcg_10: 0.0419	 hit@1:0.014489	 hit@5:0.0457	 hit@10: 0.0825
epoch 31: train_loss = 1.077452, source_hit@10 = 0.0894, source_ndcg@10 = 0.0423, target_hit@10 = 0.0825, target_ndcg@10 = 0.0419

2024-08-02 18:14:47.120108: step 10976/27440 (epoch 32/80), loss = 1.076791 (50.082 sec/epoch), lr: 0.002275
Evaluating on dev set...
..................................................................
source: 	 mrr: 0.034090	 ndcg_5: 0.0251	 ndcg_10: 0.0353	 hit@1:0.008872	 hit@5:0.0421	 hit@10: 0.0741
target: 	 mrr: 0.042052	 ndcg_5: 0.0343	 ndcg_10: 0.0455	 hit@1:0.011145	 hit@5:0.0577	 hit@10: 0.0922
target best!
...................................target: 	 mrr: 0.039988	 ndcg_5: 0.0302	 ndcg_10: 0.0425	 hit@1:0.012690	 hit@5:0.0471	 hit@10: 0.0854
epoch 32: train_loss = 1.076791, source_hit@10 = 0.0741, source_ndcg@10 = 0.0353, target_hit@10 = 0.0854, target_ndcg@10 = 0.0425

2024-08-02 18:15:38.460616: step 11319/27440 (epoch 33/80), loss = 1.073767 (50.241 sec/epoch), lr: 0.002161
Evaluating on dev set...
..................................................................
source: 	 mrr: 0.042837	 ndcg_5: 0.0325	 ndcg_10: 0.0455	 hit@1:0.014892	 hit@5:0.0523	 hit@10: 0.0925
target: 	 mrr: 0.031750	 ndcg_5: 0.0241	 ndcg_10: 0.0329	 hit@1:0.009473	 hit@5:0.0390	 hit@10: 0.0660
epoch 33: train_loss = 1.073767, source_hit@10 = 0.0925, source_ndcg@10 = 0.0455, target_hit@10 = 0.0660, target_ndcg@10 = 0.0329

2024-08-02 18:16:29.870660: step 11662/27440 (epoch 34/80), loss = 1.067529 (50.670 sec/epoch), lr: 0.002053
Evaluating on dev set...
..................................................................
source: 	 mrr: 0.043462	 ndcg_5: 0.0335	 ndcg_10: 0.0448	 hit@1:0.015526	 hit@5:0.0513	 hit@10: 0.0862
target: 	 mrr: 0.034534	 ndcg_5: 0.0252	 ndcg_10: 0.0367	 hit@1:0.008080	 hit@5:0.0421	 hit@10: 0.0775
epoch 34: train_loss = 1.067529, source_hit@10 = 0.0862, source_ndcg@10 = 0.0448, target_hit@10 = 0.0775, target_ndcg@10 = 0.0367

2024-08-02 18:17:21.464172: step 12005/27440 (epoch 35/80), loss = 1.069556 (50.801 sec/epoch), lr: 0.002053
Evaluating on dev set...
..................................................................
source: 	 mrr: 0.040036	 ndcg_5: 0.0294	 ndcg_10: 0.0421	 hit@1:0.014575	 hit@5:0.0444	 hit@10: 0.0837
target: 	 mrr: 0.037342	 ndcg_5: 0.0283	 ndcg_10: 0.0386	 hit@1:0.012260	 hit@5:0.0440	 hit@10: 0.0763
epoch 35: train_loss = 1.069556, source_hit@10 = 0.0837, source_ndcg@10 = 0.0421, target_hit@10 = 0.0763, target_ndcg@10 = 0.0386

2024-08-02 18:18:13.029507: step 12348/27440 (epoch 36/80), loss = 1.064490 (50.819 sec/epoch), lr: 0.001951
Evaluating on dev set...
..................................................................
source: 	 mrr: 0.052495	 ndcg_5: 0.0432	 ndcg_10: 0.0565	 hit@1:0.019328	 hit@5:0.0665	 hit@10: 0.1077
target: 	 mrr: 0.040451	 ndcg_5: 0.0309	 ndcg_10: 0.0428	 hit@1:0.014767	 hit@5:0.0476	 hit@10: 0.0853
source best!
..............................
source: 	 mrr: 0.048541	 ndcg_5: 0.0390	 ndcg_10: 0.0513	 hit@1:0.017828	 hit@5:0.0609	 hit@10: 0.0995
epoch 36: train_loss = 1.064490, source_hit@10 = 0.0995, source_ndcg@10 = 0.0513, target_hit@10 = 0.0853, target_ndcg@10 = 0.0428
new best model saved.

2024-08-02 18:19:04.730367: step 12691/27440 (epoch 37/80), loss = 1.062757 (50.429 sec/epoch), lr: 0.001951
Evaluating on dev set...
..................................................................
source: 	 mrr: 0.046335	 ndcg_5: 0.0364	 ndcg_10: 0.0498	 hit@1:0.015526	 hit@5:0.0574	 hit@10: 0.0995
target: 	 mrr: 0.041072	 ndcg_5: 0.0312	 ndcg_10: 0.0428	 hit@1:0.012538	 hit@5:0.0504	 hit@10: 0.0867
epoch 37: train_loss = 1.062757, source_hit@10 = 0.0995, source_ndcg@10 = 0.0498, target_hit@10 = 0.0867, target_ndcg@10 = 0.0428

2024-08-02 18:19:56.507292: step 13034/27440 (epoch 38/80), loss = 1.061242 (51.033 sec/epoch), lr: 0.001853
Evaluating on dev set...
..................................................................
source: 	 mrr: 0.058320	 ndcg_5: 0.0489	 ndcg_10: 0.0607	 hit@1:0.026933	 hit@5:0.0703	 hit@10: 0.1071
target: 	 mrr: 0.043380	 ndcg_5: 0.0336	 ndcg_10: 0.0465	 hit@1:0.013653	 hit@5:0.0532	 hit@10: 0.0936
source best!
..............................
source: 	 mrr: 0.050474	 ndcg_5: 0.0396	 ndcg_10: 0.0530	 hit@1:0.020746	 hit@5:0.0593	 hit@10: 0.1008
target best!
...................................target: 	 mrr: 0.045045	 ndcg_5: 0.0367	 ndcg_10: 0.0482	 hit@1:0.016638	 hit@5:0.0572	 hit@10: 0.0931
epoch 38: train_loss = 1.061242, source_hit@10 = 0.1008, source_ndcg@10 = 0.0530, target_hit@10 = 0.0931, target_ndcg@10 = 0.0482
new best model saved.

2024-08-02 18:20:48.760520: step 13377/27440 (epoch 39/80), loss = 1.059688 (50.608 sec/epoch), lr: 0.001853
Evaluating on dev set...
..................................................................
source: 	 mrr: 0.051723	 ndcg_5: 0.0430	 ndcg_10: 0.0560	 hit@1:0.019962	 hit@5:0.0662	 hit@10: 0.1068
target: 	 mrr: 0.039193	 ndcg_5: 0.0300	 ndcg_10: 0.0415	 hit@1:0.012538	 hit@5:0.0471	 hit@10: 0.0828
epoch 39: train_loss = 1.059688, source_hit@10 = 0.1068, source_ndcg@10 = 0.0560, target_hit@10 = 0.0828, target_ndcg@10 = 0.0415

2024-08-02 18:21:40.544225: step 13720/27440 (epoch 40/80), loss = 1.056078 (51.034 sec/epoch), lr: 0.001761
Evaluating on dev set...
..................................................................
source: 	 mrr: 0.037918	 ndcg_5: 0.0281	 ndcg_10: 0.0401	 hit@1:0.011090	 hit@5:0.0447	 hit@10: 0.0821
target: 	 mrr: 0.045066	 ndcg_5: 0.0348	 ndcg_10: 0.0478	 hit@1:0.016160	 hit@5:0.0538	 hit@10: 0.0942
target best!
...................................target: 	 mrr: 0.047266	 ndcg_5: 0.0395	 ndcg_10: 0.0498	 hit@1:0.017766	 hit@5:0.0601	 hit@10: 0.0922
epoch 40: train_loss = 1.056078, source_hit@10 = 0.0821, source_ndcg@10 = 0.0401, target_hit@10 = 0.0922, target_ndcg@10 = 0.0498
shift to transfer learning mode

2024-08-02 18:22:33.030816: step 14063/27440 (epoch 41/80), loss = 1.053963 (51.367 sec/epoch), lr: 0.001672
Evaluating on dev set...
..................................................................
source: 	 mrr: 0.054599	 ndcg_5: 0.0450	 ndcg_10: 0.0584	 hit@1:0.023131	 hit@5:0.0672	 hit@10: 0.1096
target: 	 mrr: 0.035698	 ndcg_5: 0.0278	 ndcg_10: 0.0378	 hit@1:0.011702	 hit@5:0.0437	 hit@10: 0.0747
epoch 41: train_loss = 1.053963, source_hit@10 = 0.1096, source_ndcg@10 = 0.0584, target_hit@10 = 0.0747, target_ndcg@10 = 0.0378

2024-08-02 18:23:25.233193: step 14406/27440 (epoch 42/80), loss = 1.052691 (51.409 sec/epoch), lr: 0.001672
Evaluating on dev set...
..................................................................
source: 	 mrr: 0.040444	 ndcg_5: 0.0320	 ndcg_10: 0.0424	 hit@1:0.011090	 hit@5:0.0535	 hit@10: 0.0856
target: 	 mrr: 0.023568	 ndcg_5: 0.0148	 ndcg_10: 0.0218	 hit@1:0.005851	 hit@5:0.0240	 hit@10: 0.0457
epoch 42: train_loss = 1.052691, source_hit@10 = 0.0856, source_ndcg@10 = 0.0424, target_hit@10 = 0.0457, target_ndcg@10 = 0.0218

2024-08-02 18:24:18.263112: step 14749/27440 (epoch 43/80), loss = 1.047205 (52.280 sec/epoch), lr: 0.001589
Evaluating on dev set...
..................................................................
source: 	 mrr: 0.044843	 ndcg_5: 0.0352	 ndcg_10: 0.0463	 hit@1:0.016160	 hit@5:0.0542	 hit@10: 0.0887
target: 	 mrr: 0.044512	 ndcg_5: 0.0351	 ndcg_10: 0.0466	 hit@1:0.014489	 hit@5:0.0563	 hit@10: 0.0922
epoch 43: train_loss = 1.047205, source_hit@10 = 0.0887, source_ndcg@10 = 0.0463, target_hit@10 = 0.0922, target_ndcg@10 = 0.0466

2024-08-02 18:25:09.963439: step 15092/27440 (epoch 44/80), loss = 1.044804 (50.959 sec/epoch), lr: 0.001589
Evaluating on dev set...
..................................................................
source: 	 mrr: 0.040080	 ndcg_5: 0.0309	 ndcg_10: 0.0439	 hit@1:0.011090	 hit@5:0.0516	 hit@10: 0.0919
target: 	 mrr: 0.039825	 ndcg_5: 0.0317	 ndcg_10: 0.0414	 hit@1:0.015325	 hit@5:0.0482	 hit@10: 0.0786
epoch 44: train_loss = 1.044804, source_hit@10 = 0.0919, source_ndcg@10 = 0.0439, target_hit@10 = 0.0786, target_ndcg@10 = 0.0414

2024-08-02 18:26:02.765777: step 15435/27440 (epoch 45/80), loss = 1.044499 (52.050 sec/epoch), lr: 0.001509
Evaluating on dev set...
..................................................................
source: 	 mrr: 0.044874	 ndcg_5: 0.0353	 ndcg_10: 0.0467	 hit@1:0.016793	 hit@5:0.0554	 hit@10: 0.0906
target: 	 mrr: 0.037526	 ndcg_5: 0.0285	 ndcg_10: 0.0401	 hit@1:0.009752	 hit@5:0.0474	 hit@10: 0.0830
epoch 45: train_loss = 1.044499, source_hit@10 = 0.0906, source_ndcg@10 = 0.0467, target_hit@10 = 0.0830, target_ndcg@10 = 0.0401

2024-08-02 18:26:55.315951: step 15778/27440 (epoch 46/80), loss = 1.041782 (51.773 sec/epoch), lr: 0.001509
Evaluating on dev set...
..................................................................
source: 	 mrr: 0.049988	 ndcg_5: 0.0397	 ndcg_10: 0.0532	 hit@1:0.018695	 hit@5:0.0608	 hit@10: 0.1027
target: 	 mrr: 0.019679	 ndcg_5: 0.0119	 ndcg_10: 0.0177	 hit@1:0.004458	 hit@5:0.0201	 hit@10: 0.0385
epoch 46: train_loss = 1.041782, source_hit@10 = 0.1027, source_ndcg@10 = 0.0532, target_hit@10 = 0.0385, target_ndcg@10 = 0.0177

2024-08-02 18:27:47.764271: step 16121/27440 (epoch 47/80), loss = 1.039096 (51.698 sec/epoch), lr: 0.001434
Evaluating on dev set...
..................................................................
source: 	 mrr: 0.040702	 ndcg_5: 0.0316	 ndcg_10: 0.0423	 hit@1:0.014259	 hit@5:0.0491	 hit@10: 0.0827
target: 	 mrr: 0.040150	 ndcg_5: 0.0328	 ndcg_10: 0.0423	 hit@1:0.012817	 hit@5:0.0535	 hit@10: 0.0833
epoch 47: train_loss = 1.039096, source_hit@10 = 0.0827, source_ndcg@10 = 0.0423, target_hit@10 = 0.0833, target_ndcg@10 = 0.0423

2024-08-02 18:28:40.439482: step 16464/27440 (epoch 48/80), loss = 1.038366 (51.931 sec/epoch), lr: 0.001434
Evaluating on dev set...
..................................................................
source: 	 mrr: 0.040268	 ndcg_5: 0.0307	 ndcg_10: 0.0416	 hit@1:0.012991	 hit@5:0.0491	 hit@10: 0.0833
target: 	 mrr: 0.040133	 ndcg_5: 0.0314	 ndcg_10: 0.0433	 hit@1:0.010309	 hit@5:0.0527	 hit@10: 0.0897
epoch 48: train_loss = 1.038366, source_hit@10 = 0.0833, source_ndcg@10 = 0.0416, target_hit@10 = 0.0897, target_ndcg@10 = 0.0433

2024-08-02 18:29:32.762776: step 16807/27440 (epoch 49/80), loss = 1.034402 (51.551 sec/epoch), lr: 0.001362
Evaluating on dev set...
..................................................................
source: 	 mrr: 0.046722	 ndcg_5: 0.0363	 ndcg_10: 0.0490	 hit@1:0.018061	 hit@5:0.0545	 hit@10: 0.0941
target: 	 mrr: 0.038129	 ndcg_5: 0.0303	 ndcg_10: 0.0408	 hit@1:0.011145	 hit@5:0.0502	 hit@10: 0.0830
epoch 49: train_loss = 1.034402, source_hit@10 = 0.0941, source_ndcg@10 = 0.0490, target_hit@10 = 0.0830, target_ndcg@10 = 0.0408

2024-08-02 18:30:24.258358: step 17150/27440 (epoch 50/80), loss = 1.033388 (50.753 sec/epoch), lr: 0.001362
Evaluating on dev set...
..................................................................
source: 	 mrr: 0.047306	 ndcg_5: 0.0383	 ndcg_10: 0.0516	 hit@1:0.014892	 hit@5:0.0621	 hit@10: 0.1033
target: 	 mrr: 0.040569	 ndcg_5: 0.0318	 ndcg_10: 0.0429	 hit@1:0.012538	 hit@5:0.0502	 hit@10: 0.0847
epoch 50: train_loss = 1.033388, source_hit@10 = 0.1033, source_ndcg@10 = 0.0516, target_hit@10 = 0.0847, target_ndcg@10 = 0.0429

2024-08-02 18:31:13.613653: step 17493/27440 (epoch 51/80), loss = 1.034401 (48.620 sec/epoch), lr: 0.001362
Evaluating on dev set...
..................................................................
source: 	 mrr: 0.026024	 ndcg_5: 0.0196	 ndcg_10: 0.0257	 hit@1:0.008238	 hit@5:0.0307	 hit@10: 0.0494
target: 	 mrr: 0.042797	 ndcg_5: 0.0344	 ndcg_10: 0.0470	 hit@1:0.013931	 hit@5:0.0557	 hit@10: 0.0953
epoch 51: train_loss = 1.034401, source_hit@10 = 0.0494, source_ndcg@10 = 0.0257, target_hit@10 = 0.0953, target_ndcg@10 = 0.0470

2024-08-02 18:32:04.206482: step 17836/27440 (epoch 52/80), loss = 1.029673 (49.860 sec/epoch), lr: 0.001294
Evaluating on dev set...
..................................................................
source: 	 mrr: 0.048818	 ndcg_5: 0.0400	 ndcg_10: 0.0515	 hit@1:0.018061	 hit@5:0.0618	 hit@10: 0.0976
target: 	 mrr: 0.040076	 ndcg_5: 0.0312	 ndcg_10: 0.0422	 hit@1:0.013096	 hit@5:0.0496	 hit@10: 0.0841
epoch 52: train_loss = 1.029673, source_hit@10 = 0.0976, source_ndcg@10 = 0.0515, target_hit@10 = 0.0841, target_ndcg@10 = 0.0422

2024-08-02 18:32:54.753450: step 18179/27440 (epoch 53/80), loss = 1.027088 (49.815 sec/epoch), lr: 0.001294
Evaluating on dev set...
..................................................................
source: 	 mrr: 0.055940	 ndcg_5: 0.0469	 ndcg_10: 0.0601	 hit@1:0.022814	 hit@5:0.0707	 hit@10: 0.1112
target: 	 mrr: 0.042436	 ndcg_5: 0.0348	 ndcg_10: 0.0463	 hit@1:0.014210	 hit@5:0.0566	 hit@10: 0.0925
epoch 53: train_loss = 1.027088, source_hit@10 = 0.1112, source_ndcg@10 = 0.0601, target_hit@10 = 0.0925, target_ndcg@10 = 0.0463

2024-08-02 18:33:44.698250: step 18522/27440 (epoch 54/80), loss = 1.026852 (49.204 sec/epoch), lr: 0.001294
Evaluating on dev set...
..................................................................
source: 	 mrr: 0.050932	 ndcg_5: 0.0423	 ndcg_10: 0.0549	 hit@1:0.019328	 hit@5:0.0662	 hit@10: 0.1052
target: 	 mrr: 0.027979	 ndcg_5: 0.0196	 ndcg_10: 0.0284	 hit@1:0.005573	 hit@5:0.0329	 hit@10: 0.0602
epoch 54: train_loss = 1.026852, source_hit@10 = 0.1052, source_ndcg@10 = 0.0549, target_hit@10 = 0.0602, target_ndcg@10 = 0.0284

2024-08-02 18:34:34.347920: step 18865/27440 (epoch 55/80), loss = 1.023044 (48.909 sec/epoch), lr: 0.001229
Evaluating on dev set...
..................................................................
source: 	 mrr: 0.041478	 ndcg_5: 0.0334	 ndcg_10: 0.0427	 hit@1:0.015526	 hit@5:0.0529	 hit@10: 0.0824
target: 	 mrr: 0.035113	 ndcg_5: 0.0267	 ndcg_10: 0.0368	 hit@1:0.011981	 hit@5:0.0429	 hit@10: 0.0744
epoch 55: train_loss = 1.023044, source_hit@10 = 0.0824, source_ndcg@10 = 0.0427, target_hit@10 = 0.0744, target_ndcg@10 = 0.0368

2024-08-02 18:35:23.505703: step 19208/27440 (epoch 56/80), loss = 1.020381 (48.426 sec/epoch), lr: 0.001168
Evaluating on dev set...
..................................................................
source: 	 mrr: 0.050451	 ndcg_5: 0.0410	 ndcg_10: 0.0552	 hit@1:0.019011	 hit@5:0.0627	 hit@10: 0.1068
target: 	 mrr: 0.042979	 ndcg_5: 0.0339	 ndcg_10: 0.0461	 hit@1:0.015603	 hit@5:0.0532	 hit@10: 0.0911
epoch 56: train_loss = 1.020381, source_hit@10 = 0.1068, source_ndcg@10 = 0.0552, target_hit@10 = 0.0911, target_ndcg@10 = 0.0461

2024-08-02 18:36:14.484444: step 19551/27440 (epoch 57/80), loss = 1.018212 (50.233 sec/epoch), lr: 0.001168
Evaluating on dev set...
..................................................................
source: 	 mrr: 0.039394	 ndcg_5: 0.0320	 ndcg_10: 0.0414	 hit@1:0.012357	 hit@5:0.0526	 hit@10: 0.0814
target: 	 mrr: 0.035373	 ndcg_5: 0.0279	 ndcg_10: 0.0363	 hit@1:0.012260	 hit@5:0.0446	 hit@10: 0.0705
epoch 57: train_loss = 1.018212, source_hit@10 = 0.0814, source_ndcg@10 = 0.0414, target_hit@10 = 0.0705, target_ndcg@10 = 0.0363

2024-08-02 18:37:04.291479: step 19894/27440 (epoch 58/80), loss = 1.013149 (49.076 sec/epoch), lr: 0.001110
Evaluating on dev set...
..................................................................
source: 	 mrr: 0.044652	 ndcg_5: 0.0350	 ndcg_10: 0.0461	 hit@1:0.015209	 hit@5:0.0542	 hit@10: 0.0887
target: 	 mrr: 0.045272	 ndcg_5: 0.0357	 ndcg_10: 0.0483	 hit@1:0.016439	 hit@5:0.0557	 hit@10: 0.0950
target best!
...................................target: 	 mrr: 0.047218	 ndcg_5: 0.0403	 ndcg_10: 0.0490	 hit@1:0.016920	 hit@5:0.0635	 hit@10: 0.0902
epoch 58: train_loss = 1.013149, source_hit@10 = 0.0887, source_ndcg@10 = 0.0461, target_hit@10 = 0.0902, target_ndcg@10 = 0.0490

2024-08-02 18:37:54.198733: step 20237/27440 (epoch 59/80), loss = 1.011207 (48.829 sec/epoch), lr: 0.001110
Evaluating on dev set...
..................................................................
source: 	 mrr: 0.044434	 ndcg_5: 0.0347	 ndcg_10: 0.0456	 hit@1:0.015843	 hit@5:0.0542	 hit@10: 0.0881
target: 	 mrr: 0.038191	 ndcg_5: 0.0297	 ndcg_10: 0.0387	 hit@1:0.014210	 hit@5:0.0451	 hit@10: 0.0733
epoch 59: train_loss = 1.011207, source_hit@10 = 0.0881, source_ndcg@10 = 0.0456, target_hit@10 = 0.0733, target_ndcg@10 = 0.0387

2024-08-02 18:38:44.746293: step 20580/27440 (epoch 60/80), loss = 1.007596 (49.801 sec/epoch), lr: 0.001054
Evaluating on dev set...
..................................................................
source: 	 mrr: 0.051529	 ndcg_5: 0.0416	 ndcg_10: 0.0539	 hit@1:0.021863	 hit@5:0.0624	 hit@10: 0.1008
target: 	 mrr: 0.029686	 ndcg_5: 0.0215	 ndcg_10: 0.0305	 hit@1:0.008359	 hit@5:0.0346	 hit@10: 0.0627
epoch 60: train_loss = 1.007596, source_hit@10 = 0.1008, source_ndcg@10 = 0.0539, target_hit@10 = 0.0627, target_ndcg@10 = 0.0305

2024-08-02 18:39:34.342703: step 20923/27440 (epoch 61/80), loss = 1.002894 (48.866 sec/epoch), lr: 0.001001
Evaluating on dev set...
..................................................................
source: 	 mrr: 0.050517	 ndcg_5: 0.0417	 ndcg_10: 0.0533	 hit@1:0.018695	 hit@5:0.0646	 hit@10: 0.1004
target: 	 mrr: 0.043782	 ndcg_5: 0.0342	 ndcg_10: 0.0460	 hit@1:0.014767	 hit@5:0.0524	 hit@10: 0.0900
epoch 61: train_loss = 1.002894, source_hit@10 = 0.1004, source_ndcg@10 = 0.0533, target_hit@10 = 0.0900, target_ndcg@10 = 0.0460

2024-08-02 18:40:23.421167: step 21266/27440 (epoch 62/80), loss = 0.999943 (48.348 sec/epoch), lr: 0.001001
Evaluating on dev set...
..................................................................
source: 	 mrr: 0.048596	 ndcg_5: 0.0388	 ndcg_10: 0.0508	 hit@1:0.018695	 hit@5:0.0586	 hit@10: 0.0966
target: 	 mrr: 0.042000	 ndcg_5: 0.0323	 ndcg_10: 0.0436	 hit@1:0.015603	 hit@5:0.0490	 hit@10: 0.0841
epoch 62: train_loss = 0.999943, source_hit@10 = 0.0966, source_ndcg@10 = 0.0508, target_hit@10 = 0.0841, target_ndcg@10 = 0.0436

2024-08-02 18:41:13.577313: step 21609/27440 (epoch 63/80), loss = 0.994376 (49.427 sec/epoch), lr: 0.000951
Evaluating on dev set...
..................................................................
source: 	 mrr: 0.044559	 ndcg_5: 0.0345	 ndcg_10: 0.0459	 hit@1:0.016793	 hit@5:0.0516	 hit@10: 0.0871
target: 	 mrr: 0.041689	 ndcg_5: 0.0329	 ndcg_10: 0.0446	 hit@1:0.012817	 hit@5:0.0529	 hit@10: 0.0897
epoch 63: train_loss = 0.994376, source_hit@10 = 0.0871, source_ndcg@10 = 0.0459, target_hit@10 = 0.0897, target_ndcg@10 = 0.0446

2024-08-02 18:42:03.262605: step 21952/27440 (epoch 64/80), loss = 0.985269 (48.948 sec/epoch), lr: 0.000904
Evaluating on dev set...
..................................................................
source: 	 mrr: 0.041500	 ndcg_5: 0.0313	 ndcg_10: 0.0438	 hit@1:0.014892	 hit@5:0.0497	 hit@10: 0.0884
target: 	 mrr: 0.042156	 ndcg_5: 0.0335	 ndcg_10: 0.0453	 hit@1:0.013653	 hit@5:0.0529	 hit@10: 0.0897
epoch 64: train_loss = 0.985269, source_hit@10 = 0.0884, source_ndcg@10 = 0.0438, target_hit@10 = 0.0897, target_ndcg@10 = 0.0453

2024-08-02 18:42:53.725346: step 22295/27440 (epoch 65/80), loss = 0.980194 (49.732 sec/epoch), lr: 0.000859
Evaluating on dev set...
..................................................................
source: 	 mrr: 0.050384	 ndcg_5: 0.0411	 ndcg_10: 0.0521	 hit@1:0.020596	 hit@5:0.0621	 hit@10: 0.0970
target: 	 mrr: 0.031820	 ndcg_5: 0.0257	 ndcg_10: 0.0325	 hit@1:0.010031	 hit@5:0.0418	 hit@10: 0.0632
epoch 65: train_loss = 0.980194, source_hit@10 = 0.0970, source_ndcg@10 = 0.0521, target_hit@10 = 0.0632, target_ndcg@10 = 0.0325

2024-08-02 18:43:44.687215: step 22638/27440 (epoch 66/80), loss = 0.970787 (50.233 sec/epoch), lr: 0.000816
Evaluating on dev set...
..................................................................
source: 	 mrr: 0.041248	 ndcg_5: 0.0305	 ndcg_10: 0.0431	 hit@1:0.012991	 hit@5:0.0469	 hit@10: 0.0862
target: 	 mrr: 0.039193	 ndcg_5: 0.0312	 ndcg_10: 0.0416	 hit@1:0.013374	 hit@5:0.0499	 hit@10: 0.0828
epoch 66: train_loss = 0.970787, source_hit@10 = 0.0862, source_ndcg@10 = 0.0431, target_hit@10 = 0.0828, target_ndcg@10 = 0.0416

2024-08-02 18:44:34.568154: step 22981/27440 (epoch 67/80), loss = 0.964219 (49.148 sec/epoch), lr: 0.000775
Evaluating on dev set...
..................................................................
source: 	 mrr: 0.046197	 ndcg_5: 0.0359	 ndcg_10: 0.0480	 hit@1:0.017744	 hit@5:0.0532	 hit@10: 0.0903
target: 	 mrr: 0.033800	 ndcg_5: 0.0254	 ndcg_10: 0.0344	 hit@1:0.008638	 hit@5:0.0415	 hit@10: 0.0697
epoch 67: train_loss = 0.964219, source_hit@10 = 0.0903, source_ndcg@10 = 0.0480, target_hit@10 = 0.0697, target_ndcg@10 = 0.0344

2024-08-02 18:45:23.783079: step 23324/27440 (epoch 68/80), loss = 0.957693 (48.485 sec/epoch), lr: 0.000736
Evaluating on dev set...
..................................................................
source: 	 mrr: 0.045077	 ndcg_5: 0.0363	 ndcg_10: 0.0467	 hit@1:0.017427	 hit@5:0.0542	 hit@10: 0.0865
target: 	 mrr: 0.041944	 ndcg_5: 0.0342	 ndcg_10: 0.0439	 hit@1:0.015325	 hit@5:0.0541	 hit@10: 0.0841
epoch 68: train_loss = 0.957693, source_hit@10 = 0.0865, source_ndcg@10 = 0.0467, target_hit@10 = 0.0841, target_ndcg@10 = 0.0439

2024-08-02 18:46:14.413227: step 23667/27440 (epoch 69/80), loss = 0.954586 (49.892 sec/epoch), lr: 0.000736
Evaluating on dev set...
..................................................................
source: 	 mrr: 0.043726	 ndcg_5: 0.0340	 ndcg_10: 0.0446	 hit@1:0.016160	 hit@5:0.0513	 hit@10: 0.0846
target: 	 mrr: 0.039264	 ndcg_5: 0.0309	 ndcg_10: 0.0419	 hit@1:0.011981	 hit@5:0.0507	 hit@10: 0.0847
epoch 69: train_loss = 0.954586, source_hit@10 = 0.0846, source_ndcg@10 = 0.0446, target_hit@10 = 0.0847, target_ndcg@10 = 0.0419
early termination of training
