using gpu:0 to train the model
using gpu:0 to train the model
cuda:0
Namespace(A_split=False, JK='sum', a_fold=100, aggregate=False, alpha=0.5, batch_size=1024, beta_inter=0.4, conv_layers=4, cuda=True, decay_epoch=10, device=device(type='cuda', index=0), device_id='0', domains='cloth_sport', dropout=0.5, epoch=80, feature_dim=126, hidden_dim=126, inter_tau=0.2, intra_tau=1, lambda_critic=0.4, leakey=0.05, load=False, log='logs.txt', log_epoch=1, lr=0.004, lr_decay=0.95, min_epoch=50, mode='train', model_file=None, model_name='cs', momentum=0.9, num_latent_factors=3, num_negative=100, optim='adam', patience=30, proj_layers=1, projection=1, residual=1, save=False, save_dir='./saved_models', seed=32, similarity_tau=0.1, test_sample_number=999, transfer_epoch=40, user_batch_size=128, weight_decay=0.0002)
number_user 41829
number_item 17943
/home/hourun/invariantCDR_v2/invariantCDR/utils/GraphMaker.py:45: RuntimeWarning: divide by zero encountered in power
  r_inv = np.power(rowsum, -1).flatten()
real graph loaded!
number_user 27328
number_item 12655
real graph loaded!
graph loaded!
Loading data from cloth_sport with batch size 1024...
unseen test: 0
test length: 3156
unseen test: 0
test length: 3085
unseen test: 0
test length: 3589
unseen test: 0
test length: 3546
source_user_num 41829
target_user_num 27328
source_item_num 17943
target_item_num 12655
shared users id: 7857
test users 990, 982
unseen test: 0
dev length: 1000
unseen test: 0
dev length: 1000
source train data : 187880, target train data: 163291, source test data : 3085, target test data : 3546, source dev data : 1000, target dev data : 1000
2024-08-04 11:38:58.608615: step 343/27440 (epoch 1/80), loss = 1.444225 (45.768 sec/epoch), lr: 0.004000
Evaluating on dev set...
..................................................................
source: 	 mrr: 0.043850	 ndcg_5: 0.0366	 ndcg_10: 0.0485	 hit@1:0.014259	 hit@5:0.0605	 hit@10: 0.0976
target: 	 mrr: 0.033402	 ndcg_5: 0.0236	 ndcg_10: 0.0339	 hit@1:0.011145	 hit@5:0.0359	 hit@10: 0.0685
source best!
..............................
source: 	 mrr: 0.036431	 ndcg_5: 0.0282	 ndcg_10: 0.0379	 hit@1:0.009400	 hit@5:0.0464	 hit@10: 0.0765
target best!
...................................target: 	 mrr: 0.033418	 ndcg_5: 0.0248	 ndcg_10: 0.0331	 hit@1:0.010716	 hit@5:0.0389	 hit@10: 0.0649
epoch 1: train_loss = 1.444225, source_hit@10 = 0.0765, source_ndcg@10 = 0.0379, target_hit@10 = 0.0649, target_ndcg@10 = 0.0331

2024-08-04 11:39:45.173838: step 686/27440 (epoch 2/80), loss = 1.296226 (45.347 sec/epoch), lr: 0.004000
Evaluating on dev set...
..................................................................
source: 	 mrr: 0.029412	 ndcg_5: 0.0212	 ndcg_10: 0.0280	 hit@1:0.009189	 hit@5:0.0330	 hit@10: 0.0542
target: 	 mrr: 0.029451	 ndcg_5: 0.0211	 ndcg_10: 0.0297	 hit@1:0.006966	 hit@5:0.0354	 hit@10: 0.0621
epoch 2: train_loss = 1.296226, source_hit@10 = 0.0542, source_ndcg@10 = 0.0280, target_hit@10 = 0.0621, target_ndcg@10 = 0.0297

2024-08-04 11:40:30.538183: step 1029/27440 (epoch 3/80), loss = 1.282203 (44.740 sec/epoch), lr: 0.004000
Evaluating on dev set...
..................................................................
source: 	 mrr: 0.030244	 ndcg_5: 0.0227	 ndcg_10: 0.0299	 hit@1:0.007288	 hit@5:0.0380	 hit@10: 0.0602
target: 	 mrr: 0.034734	 ndcg_5: 0.0254	 ndcg_10: 0.0363	 hit@1:0.010031	 hit@5:0.0415	 hit@10: 0.0755
target best!
...................................target: 	 mrr: 0.035028	 ndcg_5: 0.0275	 ndcg_10: 0.0379	 hit@1:0.008460	 hit@5:0.0471	 hit@10: 0.0795
epoch 3: train_loss = 1.282203, source_hit@10 = 0.0602, source_ndcg@10 = 0.0299, target_hit@10 = 0.0795, target_ndcg@10 = 0.0379

2024-08-04 11:41:16.763281: step 1372/27440 (epoch 4/80), loss = 1.261912 (45.301 sec/epoch), lr: 0.004000
Evaluating on dev set...
..................................................................
source: 	 mrr: 0.040798	 ndcg_5: 0.0322	 ndcg_10: 0.0429	 hit@1:0.012991	 hit@5:0.0504	 hit@10: 0.0840
target: 	 mrr: 0.033057	 ndcg_5: 0.0254	 ndcg_10: 0.0341	 hit@1:0.008916	 hit@5:0.0415	 hit@10: 0.0683
epoch 4: train_loss = 1.261912, source_hit@10 = 0.0840, source_ndcg@10 = 0.0429, target_hit@10 = 0.0683, target_ndcg@10 = 0.0341

2024-08-04 11:42:02.792469: step 1715/27440 (epoch 5/80), loss = 1.257032 (45.401 sec/epoch), lr: 0.004000
Evaluating on dev set...
..................................................................
source: 	 mrr: 0.034539	 ndcg_5: 0.0275	 ndcg_10: 0.0370	 hit@1:0.009189	 hit@5:0.0459	 hit@10: 0.0754
target: 	 mrr: 0.034341	 ndcg_5: 0.0255	 ndcg_10: 0.0355	 hit@1:0.011145	 hit@5:0.0404	 hit@10: 0.0713
epoch 5: train_loss = 1.257032, source_hit@10 = 0.0754, source_ndcg@10 = 0.0370, target_hit@10 = 0.0713, target_ndcg@10 = 0.0355

2024-08-04 11:42:48.205151: step 2058/27440 (epoch 6/80), loss = 1.251114 (44.782 sec/epoch), lr: 0.004000
Evaluating on dev set...
..................................................................
source: 	 mrr: 0.038189	 ndcg_5: 0.0297	 ndcg_10: 0.0400	 hit@1:0.012357	 hit@5:0.0475	 hit@10: 0.0795
target: 	 mrr: 0.032922	 ndcg_5: 0.0254	 ndcg_10: 0.0339	 hit@1:0.009752	 hit@5:0.0415	 hit@10: 0.0680
epoch 6: train_loss = 1.251114, source_hit@10 = 0.0795, source_ndcg@10 = 0.0400, target_hit@10 = 0.0680, target_ndcg@10 = 0.0339

2024-08-04 11:43:34.741396: step 2401/27440 (epoch 7/80), loss = 1.245453 (45.904 sec/epoch), lr: 0.004000
Evaluating on dev set...
..................................................................
source: 	 mrr: 0.036779	 ndcg_5: 0.0260	 ndcg_10: 0.0381	 hit@1:0.009189	 hit@5:0.0428	 hit@10: 0.0808
target: 	 mrr: 0.034387	 ndcg_5: 0.0269	 ndcg_10: 0.0358	 hit@1:0.008638	 hit@5:0.0460	 hit@10: 0.0736
epoch 7: train_loss = 1.245453, source_hit@10 = 0.0808, source_ndcg@10 = 0.0381, target_hit@10 = 0.0736, target_ndcg@10 = 0.0358

2024-08-04 11:44:22.845057: step 2744/27440 (epoch 8/80), loss = 1.244373 (47.451 sec/epoch), lr: 0.004000
Evaluating on dev set...
..................................................................
source: 	 mrr: 0.043174	 ndcg_5: 0.0340	 ndcg_10: 0.0456	 hit@1:0.014892	 hit@5:0.0532	 hit@10: 0.0897
target: 	 mrr: 0.031091	 ndcg_5: 0.0228	 ndcg_10: 0.0336	 hit@1:0.007523	 hit@5:0.0396	 hit@10: 0.0736
epoch 8: train_loss = 1.244373, source_hit@10 = 0.0897, source_ndcg@10 = 0.0456, target_hit@10 = 0.0736, target_ndcg@10 = 0.0336

2024-08-04 11:45:10.504196: step 3087/27440 (epoch 9/80), loss = 1.240350 (46.993 sec/epoch), lr: 0.004000
Evaluating on dev set...
..................................................................
source: 	 mrr: 0.044685	 ndcg_5: 0.0365	 ndcg_10: 0.0486	 hit@1:0.014259	 hit@5:0.0589	 hit@10: 0.0966
target: 	 mrr: 0.032591	 ndcg_5: 0.0231	 ndcg_10: 0.0339	 hit@1:0.009195	 hit@5:0.0373	 hit@10: 0.0713
source best!
..............................
source: 	 mrr: 0.042622	 ndcg_5: 0.0350	 ndcg_10: 0.0461	 hit@1:0.013938	 hit@5:0.0561	 hit@10: 0.0901
epoch 9: train_loss = 1.240350, source_hit@10 = 0.0901, source_ndcg@10 = 0.0461, target_hit@10 = 0.0713, target_ndcg@10 = 0.0339

2024-08-04 11:45:59.185291: step 3430/27440 (epoch 10/80), loss = 1.234481 (47.772 sec/epoch), lr: 0.004000
Evaluating on dev set...
..................................................................
source: 	 mrr: 0.042507	 ndcg_5: 0.0341	 ndcg_10: 0.0464	 hit@1:0.014575	 hit@5:0.0532	 hit@10: 0.0916
target: 	 mrr: 0.027956	 ndcg_5: 0.0200	 ndcg_10: 0.0281	 hit@1:0.005294	 hit@5:0.0340	 hit@10: 0.0596
epoch 10: train_loss = 1.234481, source_hit@10 = 0.0916, source_ndcg@10 = 0.0464, target_hit@10 = 0.0596, target_ndcg@10 = 0.0281

2024-08-04 11:46:47.644509: step 3773/27440 (epoch 11/80), loss = 1.216034 (47.815 sec/epoch), lr: 0.004000
Evaluating on dev set...
..................................................................
source: 	 mrr: 0.033900	 ndcg_5: 0.0252	 ndcg_10: 0.0356	 hit@1:0.009506	 hit@5:0.0415	 hit@10: 0.0741
target: 	 mrr: 0.030628	 ndcg_5: 0.0227	 ndcg_10: 0.0323	 hit@1:0.010031	 hit@5:0.0354	 hit@10: 0.0655
epoch 11: train_loss = 1.216034, source_hit@10 = 0.0741, source_ndcg@10 = 0.0356, target_hit@10 = 0.0655, target_ndcg@10 = 0.0323

2024-08-04 11:47:35.837682: step 4116/27440 (epoch 12/80), loss = 1.207784 (47.553 sec/epoch), lr: 0.003800
Evaluating on dev set...
..................................................................
source: 	 mrr: 0.041966	 ndcg_5: 0.0341	 ndcg_10: 0.0432	 hit@1:0.013308	 hit@5:0.0535	 hit@10: 0.0821
target: 	 mrr: 0.028842	 ndcg_5: 0.0202	 ndcg_10: 0.0273	 hit@1:0.009752	 hit@5:0.0309	 hit@10: 0.0532
epoch 12: train_loss = 1.207784, source_hit@10 = 0.0821, source_ndcg@10 = 0.0432, target_hit@10 = 0.0532, target_ndcg@10 = 0.0273

2024-08-04 11:48:24.295390: step 4459/27440 (epoch 13/80), loss = 1.194088 (47.815 sec/epoch), lr: 0.003800
Evaluating on dev set...
..................................................................
source: 	 mrr: 0.042468	 ndcg_5: 0.0353	 ndcg_10: 0.0452	 hit@1:0.014892	 hit@5:0.0574	 hit@10: 0.0878
target: 	 mrr: 0.032061	 ndcg_5: 0.0233	 ndcg_10: 0.0319	 hit@1:0.008916	 hit@5:0.0387	 hit@10: 0.0658
epoch 13: train_loss = 1.194088, source_hit@10 = 0.0878, source_ndcg@10 = 0.0452, target_hit@10 = 0.0658, target_ndcg@10 = 0.0319

2024-08-04 11:49:12.575298: step 4802/27440 (epoch 14/80), loss = 1.177394 (47.639 sec/epoch), lr: 0.003800
Evaluating on dev set...
..................................................................
source: 	 mrr: 0.042763	 ndcg_5: 0.0349	 ndcg_10: 0.0458	 hit@1:0.014259	 hit@5:0.0564	 hit@10: 0.0903
target: 	 mrr: 0.036366	 ndcg_5: 0.0280	 ndcg_10: 0.0359	 hit@1:0.012817	 hit@5:0.0426	 hit@10: 0.0671
target best!
...................................target: 	 mrr: 0.035290	 ndcg_5: 0.0280	 ndcg_10: 0.0376	 hit@1:0.009024	 hit@5:0.0474	 hit@10: 0.0778
epoch 14: train_loss = 1.177394, source_hit@10 = 0.0903, source_ndcg@10 = 0.0458, target_hit@10 = 0.0778, target_ndcg@10 = 0.0376

2024-08-04 11:50:01.017308: step 5145/27440 (epoch 15/80), loss = 1.163048 (47.423 sec/epoch), lr: 0.003800
Evaluating on dev set...
..................................................................
source: 	 mrr: 0.040223	 ndcg_5: 0.0333	 ndcg_10: 0.0411	 hit@1:0.015843	 hit@5:0.0507	 hit@10: 0.0751
target: 	 mrr: 0.036358	 ndcg_5: 0.0272	 ndcg_10: 0.0383	 hit@1:0.009473	 hit@5:0.0463	 hit@10: 0.0811
epoch 15: train_loss = 1.163048, source_hit@10 = 0.0751, source_ndcg@10 = 0.0411, target_hit@10 = 0.0811, target_ndcg@10 = 0.0383

2024-08-04 11:50:48.971013: step 5488/27440 (epoch 16/80), loss = 1.152953 (47.284 sec/epoch), lr: 0.003610
Evaluating on dev set...
..................................................................
source: 	 mrr: 0.043179	 ndcg_5: 0.0346	 ndcg_10: 0.0466	 hit@1:0.013942	 hit@5:0.0554	 hit@10: 0.0922
target: 	 mrr: 0.040595	 ndcg_5: 0.0313	 ndcg_10: 0.0429	 hit@1:0.011702	 hit@5:0.0513	 hit@10: 0.0872
target best!
...................................target: 	 mrr: 0.043519	 ndcg_5: 0.0345	 ndcg_10: 0.0459	 hit@1:0.016074	 hit@5:0.0533	 hit@10: 0.0888
epoch 16: train_loss = 1.152953, source_hit@10 = 0.0922, source_ndcg@10 = 0.0466, target_hit@10 = 0.0888, target_ndcg@10 = 0.0459
new best model saved.

2024-08-04 11:51:37.834002: step 5831/27440 (epoch 17/80), loss = 1.147483 (47.800 sec/epoch), lr: 0.003610
Evaluating on dev set...
..................................................................
source: 	 mrr: 0.038311	 ndcg_5: 0.0310	 ndcg_10: 0.0403	 hit@1:0.011724	 hit@5:0.0504	 hit@10: 0.0795
target: 	 mrr: 0.040559	 ndcg_5: 0.0310	 ndcg_10: 0.0434	 hit@1:0.012538	 hit@5:0.0496	 hit@10: 0.0889
epoch 17: train_loss = 1.147483, source_hit@10 = 0.0795, source_ndcg@10 = 0.0403, target_hit@10 = 0.0889, target_ndcg@10 = 0.0434

2024-08-04 11:52:26.133258: step 6174/27440 (epoch 18/80), loss = 1.142808 (47.658 sec/epoch), lr: 0.003429
Evaluating on dev set...
..................................................................
source: 	 mrr: 0.043409	 ndcg_5: 0.0354	 ndcg_10: 0.0486	 hit@1:0.013942	 hit@5:0.0574	 hit@10: 0.0985
target: 	 mrr: 0.039027	 ndcg_5: 0.0296	 ndcg_10: 0.0404	 hit@1:0.013096	 hit@5:0.0454	 hit@10: 0.0794
epoch 18: train_loss = 1.142808, source_hit@10 = 0.0985, source_ndcg@10 = 0.0486, target_hit@10 = 0.0794, target_ndcg@10 = 0.0404

2024-08-04 11:53:14.082684: step 6517/27440 (epoch 19/80), loss = 1.141155 (47.313 sec/epoch), lr: 0.003429
Evaluating on dev set...
..................................................................
source: 	 mrr: 0.046628	 ndcg_5: 0.0371	 ndcg_10: 0.0495	 hit@1:0.018061	 hit@5:0.0567	 hit@10: 0.0954
target: 	 mrr: 0.037235	 ndcg_5: 0.0280	 ndcg_10: 0.0376	 hit@1:0.011145	 hit@5:0.0451	 hit@10: 0.0750
source best!
..............................
source: 	 mrr: 0.040554	 ndcg_5: 0.0297	 ndcg_10: 0.0423	 hit@1:0.013614	 hit@5:0.0464	 hit@10: 0.0853
epoch 19: train_loss = 1.141155, source_hit@10 = 0.0853, source_ndcg@10 = 0.0423, target_hit@10 = 0.0750, target_ndcg@10 = 0.0376

2024-08-04 11:54:02.498109: step 6860/27440 (epoch 20/80), loss = 1.138069 (47.506 sec/epoch), lr: 0.003429
Evaluating on dev set...
..................................................................
source: 	 mrr: 0.045843	 ndcg_5: 0.0368	 ndcg_10: 0.0483	 hit@1:0.017744	 hit@5:0.0561	 hit@10: 0.0922
target: 	 mrr: 0.037368	 ndcg_5: 0.0286	 ndcg_10: 0.0406	 hit@1:0.009195	 hit@5:0.0485	 hit@10: 0.0858
epoch 20: train_loss = 1.138069, source_hit@10 = 0.0922, source_ndcg@10 = 0.0483, target_hit@10 = 0.0858, target_ndcg@10 = 0.0406

2024-08-04 11:54:50.652747: step 7203/27440 (epoch 21/80), loss = 1.132902 (47.485 sec/epoch), lr: 0.003258
Evaluating on dev set...
..................................................................
source: 	 mrr: 0.042679	 ndcg_5: 0.0350	 ndcg_10: 0.0458	 hit@1:0.014575	 hit@5:0.0558	 hit@10: 0.0890
target: 	 mrr: 0.038703	 ndcg_5: 0.0298	 ndcg_10: 0.0402	 hit@1:0.012538	 hit@5:0.0476	 hit@10: 0.0805
epoch 21: train_loss = 1.132902, source_hit@10 = 0.0890, source_ndcg@10 = 0.0458, target_hit@10 = 0.0805, target_ndcg@10 = 0.0402

2024-08-04 11:55:38.881097: step 7546/27440 (epoch 22/80), loss = 1.127853 (47.578 sec/epoch), lr: 0.003095
Evaluating on dev set...
..................................................................
source: 	 mrr: 0.023549	 ndcg_5: 0.0165	 ndcg_10: 0.0231	 hit@1:0.006337	 hit@5:0.0269	 hit@10: 0.0478
target: 	 mrr: 0.038178	 ndcg_5: 0.0295	 ndcg_10: 0.0397	 hit@1:0.011424	 hit@5:0.0474	 hit@10: 0.0794
epoch 22: train_loss = 1.127853, source_hit@10 = 0.0478, source_ndcg@10 = 0.0231, target_hit@10 = 0.0794, target_ndcg@10 = 0.0397

2024-08-04 11:56:26.882732: step 7889/27440 (epoch 23/80), loss = 1.123951 (47.366 sec/epoch), lr: 0.002940
Evaluating on dev set...
..................................................................
source: 	 mrr: 0.041889	 ndcg_5: 0.0330	 ndcg_10: 0.0463	 hit@1:0.012357	 hit@5:0.0542	 hit@10: 0.0960
target: 	 mrr: 0.036198	 ndcg_5: 0.0265	 ndcg_10: 0.0361	 hit@1:0.011702	 hit@5:0.0418	 hit@10: 0.0719
epoch 23: train_loss = 1.123951, source_hit@10 = 0.0960, source_ndcg@10 = 0.0463, target_hit@10 = 0.0719, target_ndcg@10 = 0.0361

2024-08-04 11:57:14.649603: step 8232/27440 (epoch 24/80), loss = 1.122653 (47.123 sec/epoch), lr: 0.002940
Evaluating on dev set...
..................................................................
source: 	 mrr: 0.044795	 ndcg_5: 0.0353	 ndcg_10: 0.0477	 hit@1:0.015209	 hit@5:0.0542	 hit@10: 0.0925
target: 	 mrr: 0.036256	 ndcg_5: 0.0289	 ndcg_10: 0.0374	 hit@1:0.010031	 hit@5:0.0474	 hit@10: 0.0738
epoch 24: train_loss = 1.122653, source_hit@10 = 0.0925, source_ndcg@10 = 0.0477, target_hit@10 = 0.0738, target_ndcg@10 = 0.0374

2024-08-04 11:58:02.753733: step 8575/27440 (epoch 25/80), loss = 1.120426 (47.434 sec/epoch), lr: 0.002940
Evaluating on dev set...
..................................................................
source: 	 mrr: 0.036599	 ndcg_5: 0.0294	 ndcg_10: 0.0382	 hit@1:0.013308	 hit@5:0.0459	 hit@10: 0.0732
target: 	 mrr: 0.036843	 ndcg_5: 0.0284	 ndcg_10: 0.0380	 hit@1:0.010867	 hit@5:0.0457	 hit@10: 0.0755
epoch 25: train_loss = 1.120426, source_hit@10 = 0.0732, source_ndcg@10 = 0.0382, target_hit@10 = 0.0755, target_ndcg@10 = 0.0380

2024-08-04 11:58:51.121514: step 8918/27440 (epoch 26/80), loss = 1.116600 (47.727 sec/epoch), lr: 0.002793
Evaluating on dev set...
..................................................................
source: 	 mrr: 0.034834	 ndcg_5: 0.0281	 ndcg_10: 0.0366	 hit@1:0.010773	 hit@5:0.0463	 hit@10: 0.0726
target: 	 mrr: 0.035757	 ndcg_5: 0.0263	 ndcg_10: 0.0368	 hit@1:0.009195	 hit@5:0.0449	 hit@10: 0.0777
epoch 26: train_loss = 1.116600, source_hit@10 = 0.0726, source_ndcg@10 = 0.0366, target_hit@10 = 0.0777, target_ndcg@10 = 0.0368

2024-08-04 11:59:39.576805: step 9261/27440 (epoch 27/80), loss = 1.112522 (47.770 sec/epoch), lr: 0.002654
Evaluating on dev set...
..................................................................
source: 	 mrr: 0.044683	 ndcg_5: 0.0370	 ndcg_10: 0.0479	 hit@1:0.014892	 hit@5:0.0599	 hit@10: 0.0944
target: 	 mrr: 0.037114	 ndcg_5: 0.0275	 ndcg_10: 0.0397	 hit@1:0.010309	 hit@5:0.0449	 hit@10: 0.0828
epoch 27: train_loss = 1.112522, source_hit@10 = 0.0944, source_ndcg@10 = 0.0479, target_hit@10 = 0.0828, target_ndcg@10 = 0.0397

2024-08-04 12:00:28.004344: step 9604/27440 (epoch 28/80), loss = 1.111924 (47.788 sec/epoch), lr: 0.002654
Evaluating on dev set...
..................................................................
source: 	 mrr: 0.025902	 ndcg_5: 0.0158	 ndcg_10: 0.0226	 hit@1:0.007288	 hit@5:0.0244	 hit@10: 0.0456
target: 	 mrr: 0.036733	 ndcg_5: 0.0273	 ndcg_10: 0.0368	 hit@1:0.011145	 hit@5:0.0435	 hit@10: 0.0733
epoch 28: train_loss = 1.111924, source_hit@10 = 0.0456, source_ndcg@10 = 0.0226, target_hit@10 = 0.0733, target_ndcg@10 = 0.0368

2024-08-04 12:01:16.265315: step 9947/27440 (epoch 29/80), loss = 1.109757 (47.607 sec/epoch), lr: 0.002521
Evaluating on dev set...
..................................................................
source: 	 mrr: 0.038296	 ndcg_5: 0.0290	 ndcg_10: 0.0383	 hit@1:0.013308	 hit@5:0.0447	 hit@10: 0.0738
target: 	 mrr: 0.038802	 ndcg_5: 0.0291	 ndcg_10: 0.0411	 hit@1:0.010588	 hit@5:0.0471	 hit@10: 0.0844
epoch 29: train_loss = 1.109757, source_hit@10 = 0.0738, source_ndcg@10 = 0.0383, target_hit@10 = 0.0844, target_ndcg@10 = 0.0411

2024-08-04 12:02:04.251652: step 10290/27440 (epoch 30/80), loss = 1.108196 (47.292 sec/epoch), lr: 0.002521
Evaluating on dev set...
..................................................................
source: 	 mrr: 0.051138	 ndcg_5: 0.0432	 ndcg_10: 0.0546	 hit@1:0.021229	 hit@5:0.0672	 hit@10: 0.1027
target: 	 mrr: 0.037980	 ndcg_5: 0.0290	 ndcg_10: 0.0394	 hit@1:0.011981	 hit@5:0.0468	 hit@10: 0.0794
source best!
..............................
source: 	 mrr: 0.044222	 ndcg_5: 0.0334	 ndcg_10: 0.0455	 hit@1:0.015559	 hit@5:0.0512	 hit@10: 0.0885
epoch 30: train_loss = 1.108196, source_hit@10 = 0.0885, source_ndcg@10 = 0.0455, target_hit@10 = 0.0794, target_ndcg@10 = 0.0394
new best model saved.

2024-08-04 12:02:53.068081: step 10633/27440 (epoch 31/80), loss = 1.104369 (47.787 sec/epoch), lr: 0.002521
Evaluating on dev set...
..................................................................
source: 	 mrr: 0.047199	 ndcg_5: 0.0377	 ndcg_10: 0.0492	 hit@1:0.019645	 hit@5:0.0561	 hit@10: 0.0919
target: 	 mrr: 0.036263	 ndcg_5: 0.0271	 ndcg_10: 0.0386	 hit@1:0.011424	 hit@5:0.0443	 hit@10: 0.0802
epoch 31: train_loss = 1.104369, source_hit@10 = 0.0919, source_ndcg@10 = 0.0492, target_hit@10 = 0.0802, target_ndcg@10 = 0.0386

2024-08-04 12:03:41.626204: step 10976/27440 (epoch 32/80), loss = 1.103519 (47.910 sec/epoch), lr: 0.002395
Evaluating on dev set...
..................................................................
source: 	 mrr: 0.050280	 ndcg_5: 0.0412	 ndcg_10: 0.0544	 hit@1:0.018695	 hit@5:0.0637	 hit@10: 0.1049
target: 	 mrr: 0.041994	 ndcg_5: 0.0322	 ndcg_10: 0.0448	 hit@1:0.013931	 hit@5:0.0510	 hit@10: 0.0903
target best!
...................................target: 	 mrr: 0.041956	 ndcg_5: 0.0331	 ndcg_10: 0.0451	 hit@1:0.013818	 hit@5:0.0519	 hit@10: 0.0894
epoch 32: train_loss = 1.103519, source_hit@10 = 0.1049, source_ndcg@10 = 0.0544, target_hit@10 = 0.0894, target_ndcg@10 = 0.0451
new best model saved.

2024-08-04 12:04:31.202548: step 11319/27440 (epoch 33/80), loss = 1.103300 (48.456 sec/epoch), lr: 0.002395
Evaluating on dev set...
..................................................................
source: 	 mrr: 0.049987	 ndcg_5: 0.0418	 ndcg_10: 0.0563	 hit@1:0.016160	 hit@5:0.0675	 hit@10: 0.1134
target: 	 mrr: 0.037971	 ndcg_5: 0.0274	 ndcg_10: 0.0388	 hit@1:0.010867	 hit@5:0.0435	 hit@10: 0.0789
epoch 33: train_loss = 1.103300, source_hit@10 = 0.1134, source_ndcg@10 = 0.0563, target_hit@10 = 0.0789, target_ndcg@10 = 0.0388

2024-08-04 12:05:19.388897: step 11662/27440 (epoch 34/80), loss = 1.097567 (47.544 sec/epoch), lr: 0.002275
Evaluating on dev set...
..................................................................
source: 	 mrr: 0.048116	 ndcg_5: 0.0391	 ndcg_10: 0.0511	 hit@1:0.016793	 hit@5:0.0621	 hit@10: 0.0995
target: 	 mrr: 0.035765	 ndcg_5: 0.0263	 ndcg_10: 0.0361	 hit@1:0.013374	 hit@5:0.0385	 hit@10: 0.0688
epoch 34: train_loss = 1.097567, source_hit@10 = 0.0995, source_ndcg@10 = 0.0511, target_hit@10 = 0.0688, target_ndcg@10 = 0.0361

2024-08-04 12:06:07.589878: step 12005/27440 (epoch 35/80), loss = 1.097906 (47.559 sec/epoch), lr: 0.002161
Evaluating on dev set...
..................................................................
source: 	 mrr: 0.045788	 ndcg_5: 0.0374	 ndcg_10: 0.0488	 hit@1:0.017744	 hit@5:0.0577	 hit@10: 0.0932
target: 	 mrr: 0.036188	 ndcg_5: 0.0270	 ndcg_10: 0.0367	 hit@1:0.011702	 hit@5:0.0429	 hit@10: 0.0736
epoch 35: train_loss = 1.097906, source_hit@10 = 0.0932, source_ndcg@10 = 0.0488, target_hit@10 = 0.0736, target_ndcg@10 = 0.0367

2024-08-04 12:06:55.878520: step 12348/27440 (epoch 36/80), loss = 1.093414 (47.647 sec/epoch), lr: 0.002053
Evaluating on dev set...
..................................................................
source: 	 mrr: 0.046842	 ndcg_5: 0.0382	 ndcg_10: 0.0494	 hit@1:0.016477	 hit@5:0.0605	 hit@10: 0.0954
target: 	 mrr: 0.032867	 ndcg_5: 0.0234	 ndcg_10: 0.0334	 hit@1:0.009195	 hit@5:0.0379	 hit@10: 0.0694
epoch 36: train_loss = 1.093414, source_hit@10 = 0.0954, source_ndcg@10 = 0.0494, target_hit@10 = 0.0694, target_ndcg@10 = 0.0334

2024-08-04 12:07:44.047447: step 12691/27440 (epoch 37/80), loss = 1.089503 (47.527 sec/epoch), lr: 0.001951
Evaluating on dev set...
..................................................................
source: 	 mrr: 0.049755	 ndcg_5: 0.0416	 ndcg_10: 0.0532	 hit@1:0.019328	 hit@5:0.0650	 hit@10: 0.1014
target: 	 mrr: 0.036875	 ndcg_5: 0.0283	 ndcg_10: 0.0364	 hit@1:0.013374	 hit@5:0.0446	 hit@10: 0.0699
epoch 37: train_loss = 1.089503, source_hit@10 = 0.1014, source_ndcg@10 = 0.0532, target_hit@10 = 0.0699, target_ndcg@10 = 0.0364

2024-08-04 12:08:31.613805: step 13034/27440 (epoch 38/80), loss = 1.089178 (46.916 sec/epoch), lr: 0.001951
Evaluating on dev set...
..................................................................
source: 	 mrr: 0.050224	 ndcg_5: 0.0418	 ndcg_10: 0.0539	 hit@1:0.018378	 hit@5:0.0665	 hit@10: 0.1039
target: 	 mrr: 0.040847	 ndcg_5: 0.0305	 ndcg_10: 0.0436	 hit@1:0.012260	 hit@5:0.0482	 hit@10: 0.0892
epoch 38: train_loss = 1.089178, source_hit@10 = 0.1039, source_ndcg@10 = 0.0539, target_hit@10 = 0.0892, target_ndcg@10 = 0.0436

2024-08-04 12:09:19.625338: step 13377/27440 (epoch 39/80), loss = 1.088684 (47.361 sec/epoch), lr: 0.001951
Evaluating on dev set...
..................................................................
source: 	 mrr: 0.049540	 ndcg_5: 0.0413	 ndcg_10: 0.0543	 hit@1:0.019962	 hit@5:0.0643	 hit@10: 0.1049
target: 	 mrr: 0.037301	 ndcg_5: 0.0275	 ndcg_10: 0.0394	 hit@1:0.010867	 hit@5:0.0449	 hit@10: 0.0819
epoch 39: train_loss = 1.088684, source_hit@10 = 0.1049, source_ndcg@10 = 0.0543, target_hit@10 = 0.0819, target_ndcg@10 = 0.0394

2024-08-04 12:10:08.290403: step 13720/27440 (epoch 40/80), loss = 1.085395 (48.027 sec/epoch), lr: 0.001853
Evaluating on dev set...
..................................................................
source: 	 mrr: 0.049489	 ndcg_5: 0.0401	 ndcg_10: 0.0540	 hit@1:0.017427	 hit@5:0.0615	 hit@10: 0.1049
target: 	 mrr: 0.038780	 ndcg_5: 0.0285	 ndcg_10: 0.0406	 hit@1:0.010588	 hit@5:0.0465	 hit@10: 0.0841
epoch 40: train_loss = 1.085395, source_hit@10 = 0.1049, source_ndcg@10 = 0.0540, target_hit@10 = 0.0841, target_ndcg@10 = 0.0406
shift to transfer learning mode

2024-08-04 12:10:57.463870: step 14063/27440 (epoch 41/80), loss = 1.086471 (48.477 sec/epoch), lr: 0.001853
Evaluating on dev set...
..................................................................
source: 	 mrr: 0.051694	 ndcg_5: 0.0424	 ndcg_10: 0.0544	 hit@1:0.020596	 hit@5:0.0640	 hit@10: 0.1020
target: 	 mrr: 0.040177	 ndcg_5: 0.0304	 ndcg_10: 0.0422	 hit@1:0.011981	 hit@5:0.0482	 hit@10: 0.0850
source best!
..............................
source: 	 mrr: 0.050191	 ndcg_5: 0.0409	 ndcg_10: 0.0543	 hit@1:0.016856	 hit@5:0.0635	 hit@10: 0.1050
epoch 41: train_loss = 1.086471, source_hit@10 = 0.1050, source_ndcg@10 = 0.0543, target_hit@10 = 0.0850, target_ndcg@10 = 0.0422

2024-08-04 12:11:46.600941: step 14406/27440 (epoch 42/80), loss = 1.084233 (48.211 sec/epoch), lr: 0.001853
Evaluating on dev set...
..................................................................
source: 	 mrr: 0.048201	 ndcg_5: 0.0396	 ndcg_10: 0.0523	 hit@1:0.015209	 hit@5:0.0643	 hit@10: 0.1039
target: 	 mrr: 0.037886	 ndcg_5: 0.0280	 ndcg_10: 0.0394	 hit@1:0.013653	 hit@5:0.0429	 hit@10: 0.0783
epoch 42: train_loss = 1.084233, source_hit@10 = 0.1039, source_ndcg@10 = 0.0523, target_hit@10 = 0.0783, target_ndcg@10 = 0.0394

2024-08-04 12:12:35.516447: step 14749/27440 (epoch 43/80), loss = 1.080874 (48.276 sec/epoch), lr: 0.001761
Evaluating on dev set...
..................................................................
source: 	 mrr: 0.044847	 ndcg_5: 0.0360	 ndcg_10: 0.0478	 hit@1:0.015526	 hit@5:0.0567	 hit@10: 0.0938
target: 	 mrr: 0.042640	 ndcg_5: 0.0335	 ndcg_10: 0.0453	 hit@1:0.013096	 hit@5:0.0532	 hit@10: 0.0894
target best!
...................................target: 	 mrr: 0.042033	 ndcg_5: 0.0346	 ndcg_10: 0.0461	 hit@1:0.011844	 hit@5:0.0572	 hit@10: 0.0931
epoch 43: train_loss = 1.080874, source_hit@10 = 0.0938, source_ndcg@10 = 0.0478, target_hit@10 = 0.0931, target_ndcg@10 = 0.0461

2024-08-04 12:13:24.421976: step 15092/27440 (epoch 44/80), loss = 1.078161 (47.960 sec/epoch), lr: 0.001761
Evaluating on dev set...
..................................................................
source: 	 mrr: 0.050947	 ndcg_5: 0.0423	 ndcg_10: 0.0549	 hit@1:0.017110	 hit@5:0.0669	 hit@10: 0.1058
target: 	 mrr: 0.041034	 ndcg_5: 0.0320	 ndcg_10: 0.0440	 hit@1:0.013374	 hit@5:0.0510	 hit@10: 0.0886
epoch 44: train_loss = 1.078161, source_hit@10 = 0.1058, source_ndcg@10 = 0.0549, target_hit@10 = 0.0886, target_ndcg@10 = 0.0440

2024-08-04 12:14:13.311104: step 15435/27440 (epoch 45/80), loss = 1.079559 (48.249 sec/epoch), lr: 0.001761
Evaluating on dev set...
..................................................................
source: 	 mrr: 0.042542	 ndcg_5: 0.0339	 ndcg_10: 0.0458	 hit@1:0.013942	 hit@5:0.0548	 hit@10: 0.0916
target: 	 mrr: 0.040309	 ndcg_5: 0.0312	 ndcg_10: 0.0424	 hit@1:0.012817	 hit@5:0.0499	 hit@10: 0.0850
epoch 45: train_loss = 1.079559, source_hit@10 = 0.0916, source_ndcg@10 = 0.0458, target_hit@10 = 0.0850, target_ndcg@10 = 0.0424

2024-08-04 12:15:02.029608: step 15778/27440 (epoch 46/80), loss = 1.076558 (48.073 sec/epoch), lr: 0.001672
Evaluating on dev set...
..................................................................
source: 	 mrr: 0.042452	 ndcg_5: 0.0347	 ndcg_10: 0.0444	 hit@1:0.014575	 hit@5:0.0532	 hit@10: 0.0833
target: 	 mrr: 0.038963	 ndcg_5: 0.0293	 ndcg_10: 0.0414	 hit@1:0.010867	 hit@5:0.0488	 hit@10: 0.0861
epoch 46: train_loss = 1.076558, source_hit@10 = 0.0833, source_ndcg@10 = 0.0444, target_hit@10 = 0.0861, target_ndcg@10 = 0.0414

2024-08-04 12:15:51.016694: step 16121/27440 (epoch 47/80), loss = 1.072537 (48.346 sec/epoch), lr: 0.001589
Evaluating on dev set...
..................................................................
source: 	 mrr: 0.043741	 ndcg_5: 0.0350	 ndcg_10: 0.0468	 hit@1:0.016160	 hit@5:0.0545	 hit@10: 0.0909
target: 	 mrr: 0.043154	 ndcg_5: 0.0341	 ndcg_10: 0.0452	 hit@1:0.013374	 hit@5:0.0543	 hit@10: 0.0892
target best!
...................................target: 	 mrr: 0.039699	 ndcg_5: 0.0300	 ndcg_10: 0.0416	 hit@1:0.012126	 hit@5:0.0494	 hit@10: 0.0852
epoch 47: train_loss = 1.072537, source_hit@10 = 0.0909, source_ndcg@10 = 0.0468, target_hit@10 = 0.0852, target_ndcg@10 = 0.0416

2024-08-04 12:16:39.944454: step 16464/27440 (epoch 48/80), loss = 1.073243 (47.945 sec/epoch), lr: 0.001589
Evaluating on dev set...
..................................................................
source: 	 mrr: 0.040941	 ndcg_5: 0.0310	 ndcg_10: 0.0420	 hit@1:0.015209	 hit@5:0.0469	 hit@10: 0.0814
target: 	 mrr: 0.039809	 ndcg_5: 0.0307	 ndcg_10: 0.0429	 hit@1:0.013096	 hit@5:0.0490	 hit@10: 0.0869
epoch 48: train_loss = 1.073243, source_hit@10 = 0.0814, source_ndcg@10 = 0.0420, target_hit@10 = 0.0869, target_ndcg@10 = 0.0429

2024-08-04 12:17:28.292282: step 16807/27440 (epoch 49/80), loss = 1.069566 (47.706 sec/epoch), lr: 0.001509
Evaluating on dev set...
..................................................................
source: 	 mrr: 0.049073	 ndcg_5: 0.0398	 ndcg_10: 0.0516	 hit@1:0.019328	 hit@5:0.0599	 hit@10: 0.0966
target: 	 mrr: 0.036543	 ndcg_5: 0.0289	 ndcg_10: 0.0386	 hit@1:0.008638	 hit@5:0.0499	 hit@10: 0.0800
epoch 49: train_loss = 1.069566, source_hit@10 = 0.0966, source_ndcg@10 = 0.0516, target_hit@10 = 0.0800, target_ndcg@10 = 0.0386

2024-08-04 12:18:17.033327: step 17150/27440 (epoch 50/80), loss = 1.068441 (48.073 sec/epoch), lr: 0.001509
Evaluating on dev set...
..................................................................
source: 	 mrr: 0.049978	 ndcg_5: 0.0412	 ndcg_10: 0.0544	 hit@1:0.018695	 hit@5:0.0653	 hit@10: 0.1065
target: 	 mrr: 0.038121	 ndcg_5: 0.0279	 ndcg_10: 0.0401	 hit@1:0.011145	 hit@5:0.0451	 hit@10: 0.0833
epoch 50: train_loss = 1.068441, source_hit@10 = 0.1065, source_ndcg@10 = 0.0544, target_hit@10 = 0.0833, target_ndcg@10 = 0.0401

2024-08-04 12:19:05.971465: step 17493/27440 (epoch 51/80), loss = 1.069133 (48.269 sec/epoch), lr: 0.001509
Evaluating on dev set...
..................................................................
source: 	 mrr: 0.051419	 ndcg_5: 0.0426	 ndcg_10: 0.0551	 hit@1:0.019645	 hit@5:0.0665	 hit@10: 0.1052
target: 	 mrr: 0.042097	 ndcg_5: 0.0336	 ndcg_10: 0.0456	 hit@1:0.012817	 hit@5:0.0546	 hit@10: 0.0919
epoch 51: train_loss = 1.069133, source_hit@10 = 0.1052, source_ndcg@10 = 0.0551, target_hit@10 = 0.0919, target_ndcg@10 = 0.0456

2024-08-04 12:19:54.686251: step 17836/27440 (epoch 52/80), loss = 1.066651 (48.074 sec/epoch), lr: 0.001509
Evaluating on dev set...
..................................................................
source: 	 mrr: 0.045483	 ndcg_5: 0.0372	 ndcg_10: 0.0486	 hit@1:0.014892	 hit@5:0.0605	 hit@10: 0.0951
target: 	 mrr: 0.038949	 ndcg_5: 0.0286	 ndcg_10: 0.0407	 hit@1:0.012260	 hit@5:0.0457	 hit@10: 0.0833
epoch 52: train_loss = 1.066651, source_hit@10 = 0.0951, source_ndcg@10 = 0.0486, target_hit@10 = 0.0833, target_ndcg@10 = 0.0407

2024-08-04 12:20:43.723441: step 18179/27440 (epoch 53/80), loss = 1.062768 (48.399 sec/epoch), lr: 0.001434
Evaluating on dev set...
..................................................................
source: 	 mrr: 0.051943	 ndcg_5: 0.0436	 ndcg_10: 0.0575	 hit@1:0.018695	 hit@5:0.0688	 hit@10: 0.1122
target: 	 mrr: 0.037462	 ndcg_5: 0.0291	 ndcg_10: 0.0401	 hit@1:0.009195	 hit@5:0.0507	 hit@10: 0.0847
source best!
..............................
source: 	 mrr: 0.051794	 ndcg_5: 0.0434	 ndcg_10: 0.0548	 hit@1:0.020421	 hit@5:0.0665	 hit@10: 0.1021
epoch 53: train_loss = 1.062768, source_hit@10 = 0.1021, source_ndcg@10 = 0.0548, target_hit@10 = 0.0847, target_ndcg@10 = 0.0401

2024-08-04 12:21:32.338358: step 18522/27440 (epoch 54/80), loss = 1.062640 (47.698 sec/epoch), lr: 0.001434
Evaluating on dev set...
..................................................................
source: 	 mrr: 0.034244	 ndcg_5: 0.0265	 ndcg_10: 0.0343	 hit@1:0.012674	 hit@5:0.0406	 hit@10: 0.0650
target: 	 mrr: 0.040779	 ndcg_5: 0.0320	 ndcg_10: 0.0433	 hit@1:0.011702	 hit@5:0.0524	 hit@10: 0.0880
epoch 54: train_loss = 1.062640, source_hit@10 = 0.0650, source_ndcg@10 = 0.0343, target_hit@10 = 0.0880, target_ndcg@10 = 0.0433

2024-08-04 12:22:21.046112: step 18865/27440 (epoch 55/80), loss = 1.059616 (48.063 sec/epoch), lr: 0.001362
Evaluating on dev set...
..................................................................
source: 	 mrr: 0.044123	 ndcg_5: 0.0365	 ndcg_10: 0.0472	 hit@1:0.015526	 hit@5:0.0577	 hit@10: 0.0913
target: 	 mrr: 0.041324	 ndcg_5: 0.0322	 ndcg_10: 0.0447	 hit@1:0.012260	 hit@5:0.0535	 hit@10: 0.0928
epoch 55: train_loss = 1.059616, source_hit@10 = 0.0913, source_ndcg@10 = 0.0472, target_hit@10 = 0.0928, target_ndcg@10 = 0.0447

2024-08-04 12:23:10.113093: step 19208/27440 (epoch 56/80), loss = 1.059254 (48.416 sec/epoch), lr: 0.001362
Evaluating on dev set...
..................................................................
source: 	 mrr: 0.045746	 ndcg_5: 0.0364	 ndcg_10: 0.0489	 hit@1:0.015843	 hit@5:0.0574	 hit@10: 0.0957
target: 	 mrr: 0.040760	 ndcg_5: 0.0309	 ndcg_10: 0.0429	 hit@1:0.011981	 hit@5:0.0496	 hit@10: 0.0872
epoch 56: train_loss = 1.059254, source_hit@10 = 0.0957, source_ndcg@10 = 0.0489, target_hit@10 = 0.0872, target_ndcg@10 = 0.0429

2024-08-04 12:23:58.568026: step 19551/27440 (epoch 57/80), loss = 1.057939 (47.814 sec/epoch), lr: 0.001362
Evaluating on dev set...
..................................................................
source: 	 mrr: 0.047782	 ndcg_5: 0.0377	 ndcg_10: 0.0511	 hit@1:0.016793	 hit@5:0.0593	 hit@10: 0.1011
target: 	 mrr: 0.036572	 ndcg_5: 0.0270	 ndcg_10: 0.0376	 hit@1:0.010031	 hit@5:0.0440	 hit@10: 0.0772
epoch 57: train_loss = 1.057939, source_hit@10 = 0.1011, source_ndcg@10 = 0.0511, target_hit@10 = 0.0772, target_ndcg@10 = 0.0376

2024-08-04 12:24:47.580100: step 19894/27440 (epoch 58/80), loss = 1.053956 (48.361 sec/epoch), lr: 0.001294
Evaluating on dev set...
..................................................................
source: 	 mrr: 0.049140	 ndcg_5: 0.0399	 ndcg_10: 0.0510	 hit@1:0.020596	 hit@5:0.0583	 hit@10: 0.0932
target: 	 mrr: 0.040033	 ndcg_5: 0.0308	 ndcg_10: 0.0431	 hit@1:0.010867	 hit@5:0.0518	 hit@10: 0.0903
epoch 58: train_loss = 1.053956, source_hit@10 = 0.0932, source_ndcg@10 = 0.0510, target_hit@10 = 0.0903, target_ndcg@10 = 0.0431

2024-08-04 12:25:36.540690: step 20237/27440 (epoch 59/80), loss = 1.053289 (48.322 sec/epoch), lr: 0.001294
Evaluating on dev set...
..................................................................
source: 	 mrr: 0.048501	 ndcg_5: 0.0394	 ndcg_10: 0.0520	 hit@1:0.018061	 hit@5:0.0608	 hit@10: 0.1004
target: 	 mrr: 0.038811	 ndcg_5: 0.0298	 ndcg_10: 0.0413	 hit@1:0.013374	 hit@5:0.0465	 hit@10: 0.0828
epoch 59: train_loss = 1.053289, source_hit@10 = 0.1004, source_ndcg@10 = 0.0520, target_hit@10 = 0.0828, target_ndcg@10 = 0.0413

2024-08-04 12:26:26.035611: step 20580/27440 (epoch 60/80), loss = 1.051079 (48.848 sec/epoch), lr: 0.001229
Evaluating on dev set...
..................................................................
source: 	 mrr: 0.048221	 ndcg_5: 0.0409	 ndcg_10: 0.0509	 hit@1:0.017427	 hit@5:0.0640	 hit@10: 0.0951
target: 	 mrr: 0.042913	 ndcg_5: 0.0333	 ndcg_10: 0.0457	 hit@1:0.013931	 hit@5:0.0527	 hit@10: 0.0911
epoch 60: train_loss = 1.051079, source_hit@10 = 0.0951, source_ndcg@10 = 0.0509, target_hit@10 = 0.0911, target_ndcg@10 = 0.0457

2024-08-04 12:27:14.982670: step 20923/27440 (epoch 61/80), loss = 1.050035 (48.304 sec/epoch), lr: 0.001229
Evaluating on dev set...
..................................................................
source: 	 mrr: 0.051819	 ndcg_5: 0.0423	 ndcg_10: 0.0554	 hit@1:0.020596	 hit@5:0.0631	 hit@10: 0.1042
target: 	 mrr: 0.042231	 ndcg_5: 0.0325	 ndcg_10: 0.0444	 hit@1:0.013931	 hit@5:0.0513	 hit@10: 0.0880
epoch 61: train_loss = 1.050035, source_hit@10 = 0.1042, source_ndcg@10 = 0.0554, target_hit@10 = 0.0880, target_ndcg@10 = 0.0444

2024-08-04 12:28:03.718914: step 21266/27440 (epoch 62/80), loss = 1.050417 (48.089 sec/epoch), lr: 0.001229
Evaluating on dev set...
..................................................................
source: 	 mrr: 0.039765	 ndcg_5: 0.0298	 ndcg_10: 0.0410	 hit@1:0.015209	 hit@5:0.0450	 hit@10: 0.0802
target: 	 mrr: 0.041216	 ndcg_5: 0.0315	 ndcg_10: 0.0432	 hit@1:0.013096	 hit@5:0.0502	 hit@10: 0.0867
epoch 62: train_loss = 1.050417, source_hit@10 = 0.0802, source_ndcg@10 = 0.0410, target_hit@10 = 0.0867, target_ndcg@10 = 0.0432

2024-08-04 12:28:52.392539: step 21609/27440 (epoch 63/80), loss = 1.048112 (48.001 sec/epoch), lr: 0.001168
Evaluating on dev set...
..................................................................
source: 	 mrr: 0.054603	 ndcg_5: 0.0459	 ndcg_10: 0.0595	 hit@1:0.020913	 hit@5:0.0710	 hit@10: 0.1138
target: 	 mrr: 0.036019	 ndcg_5: 0.0272	 ndcg_10: 0.0373	 hit@1:0.009752	 hit@5:0.0451	 hit@10: 0.0766
source best!
..............................
source: 	 mrr: 0.047872	 ndcg_5: 0.0375	 ndcg_10: 0.0509	 hit@1:0.017828	 hit@5:0.0580	 hit@10: 0.0995
epoch 63: train_loss = 1.048112, source_hit@10 = 0.0995, source_ndcg@10 = 0.0509, target_hit@10 = 0.0766, target_ndcg@10 = 0.0373
early termination of training
