nohup: ignoring input
using gpu:3 to train the model
using gpu:3 to train the model
cuda:3
Namespace(A_split=False, JK='sum', a_fold=100, aggregate=False, batch_size=1024, beta=1.5, conv_layers=4, cuda=True, decay_epoch=10, device=device(type='cuda', index=3), device_id='3', domains='game_video', dropout=0.5, epoch=80, feature_dim=126, hidden_dim=126, inter_tau=0.2, intra_tau=1, lambda_constra=0.3, lambda_critic=0.5, leakey=0.01, load=False, log='logs.txt', log_epoch=1, lr=0.004, lr_decay=0.95, min_epoch=50, mode='train', model_file=None, model_name='gv', momentum=0.98, num_latent_factors=3, num_negative=100, optim='adam', patience=50, proj_layers=1, projection=1, residual=1, save=True, save_dir='./saved_models', seed=32, similarity_tau=0.1, test_sample_number=999, transfer_epoch=50, user_batch_size=256, weight_decay=0.0002)
number_user 25025
number_item 12319
/home/disk2/lhr/invariantCDR/invariantCDR/utils/GraphMaker.py:45: RuntimeWarning: divide by zero encountered in power
  r_inv = np.power(rowsum, -1).flatten()
real graph loaded!
number_user 19457
number_item 8751
real graph loaded!
graph loaded!
Loading data from game_video with batch size 1024...
unseen test: 0
test length: 1381
unseen test: 0
test length: 1304
unseen test: 0
test length: 1435
unseen test: 0
test length: 1458
source_user_num 25025
target_user_num 19457
source_item_num 12319
target_item_num 8751
shared users id: 1737
test users 226, 217
unseen test: 0
dev length: 1000
unseen test: 0
dev length: 1000
source train data : 155036, target train data: 156091, source test data : 1304, target test data : 1458, source dev data : 1000, target dev data : 1000
2024-07-31 06:35:22.149091: step 304/24320 (epoch 1/80), loss = 1.170567 (127.411 sec/epoch), lr: 0.004000
Evaluating on dev set...
...........................
source: 	 mrr: 0.023863	 ndcg_5: 0.0163	 ndcg_10: 0.0226	 hit@1:0.005793	 hit@5:0.0275	 hit@10: 0.0471
target: 	 mrr: 0.032351	 ndcg_5: 0.0236	 ndcg_10: 0.0323	 hit@1:0.009756	 hit@5:0.0376	 hit@10: 0.0662
source best!
.............
source: 	 mrr: 0.025135	 ndcg_5: 0.0176	 ndcg_10: 0.0232	 hit@1:0.006902	 hit@5:0.0291	 hit@10: 0.0468
target best!
..............target: 	 mrr: 0.034095	 ndcg_5: 0.0237	 ndcg_10: 0.0323	 hit@1:0.013717	 hit@5:0.0350	 hit@10: 0.0617
epoch 1: train_loss = 1.170567, source_hit@10 = 0.0468, source_ndcg@10 = 0.0232, target_hit@10 = 0.0617, target_ndcg@10 = 0.0323

2024-07-31 06:37:30.089750: step 608/24320 (epoch 2/80), loss = 1.034866 (126.361 sec/epoch), lr: 0.004000
Evaluating on dev set...
...........................
source: 	 mrr: 0.023683	 ndcg_5: 0.0122	 ndcg_10: 0.0206	 hit@1:0.001448	 hit@5:0.0224	 hit@10: 0.0485
target: 	 mrr: 0.027689	 ndcg_5: 0.0177	 ndcg_10: 0.0252	 hit@1:0.010453	 hit@5:0.0244	 hit@10: 0.0481
epoch 2: train_loss = 1.034866, source_hit@10 = 0.0485, source_ndcg@10 = 0.0206, target_hit@10 = 0.0481, target_ndcg@10 = 0.0252

2024-07-31 06:39:37.247501: step 912/24320 (epoch 3/80), loss = 1.013704 (126.279 sec/epoch), lr: 0.004000
Evaluating on dev set...
...........................
source: 	 mrr: 0.031784	 ndcg_5: 0.0209	 ndcg_10: 0.0304	 hit@1:0.007241	 hit@5:0.0348	 hit@10: 0.0652
target: 	 mrr: 0.028430	 ndcg_5: 0.0196	 ndcg_10: 0.0294	 hit@1:0.007666	 hit@5:0.0321	 hit@10: 0.0620
source best!
.............
source: 	 mrr: 0.031520	 ndcg_5: 0.0198	 ndcg_10: 0.0308	 hit@1:0.007669	 hit@5:0.0322	 hit@10: 0.0667
epoch 3: train_loss = 1.013704, source_hit@10 = 0.0667, source_ndcg@10 = 0.0308, target_hit@10 = 0.0620, target_ndcg@10 = 0.0294
new best model saved.

2024-07-31 06:41:43.135770: step 1216/24320 (epoch 4/80), loss = 0.995549 (124.495 sec/epoch), lr: 0.004000
Evaluating on dev set...
...........................
source: 	 mrr: 0.030530	 ndcg_5: 0.0181	 ndcg_10: 0.0301	 hit@1:0.004345	 hit@5:0.0326	 hit@10: 0.0702
target: 	 mrr: 0.019543	 ndcg_5: 0.0106	 ndcg_10: 0.0166	 hit@1:0.004181	 hit@5:0.0174	 hit@10: 0.0362
epoch 4: train_loss = 0.995549, source_hit@10 = 0.0702, source_ndcg@10 = 0.0301, target_hit@10 = 0.0362, target_ndcg@10 = 0.0166

2024-07-31 06:43:47.641258: step 1520/24320 (epoch 5/80), loss = 0.991417 (123.665 sec/epoch), lr: 0.004000
Evaluating on dev set...
...........................
source: 	 mrr: 0.033768	 ndcg_5: 0.0223	 ndcg_10: 0.0322	 hit@1:0.010138	 hit@5:0.0348	 hit@10: 0.0659
target: 	 mrr: 0.023497	 ndcg_5: 0.0133	 ndcg_10: 0.0201	 hit@1:0.006969	 hit@5:0.0195	 hit@10: 0.0411
source best!
.............
source: 	 mrr: 0.034178	 ndcg_5: 0.0247	 ndcg_10: 0.0334	 hit@1:0.007669	 hit@5:0.0429	 hit@10: 0.0706
epoch 5: train_loss = 0.991417, source_hit@10 = 0.0706, source_ndcg@10 = 0.0334, target_hit@10 = 0.0411, target_ndcg@10 = 0.0201

2024-07-31 06:45:53.653506: step 1824/24320 (epoch 6/80), loss = 0.986324 (124.829 sec/epoch), lr: 0.004000
Evaluating on dev set...
...........................
source: 	 mrr: 0.036916	 ndcg_5: 0.0273	 ndcg_10: 0.0369	 hit@1:0.009413	 hit@5:0.0449	 hit@10: 0.0746
target: 	 mrr: 0.030362	 ndcg_5: 0.0200	 ndcg_10: 0.0295	 hit@1:0.009059	 hit@5:0.0314	 hit@10: 0.0613
source best!
.............
source: 	 mrr: 0.032309	 ndcg_5: 0.0205	 ndcg_10: 0.0310	 hit@1:0.006135	 hit@5:0.0353	 hit@10: 0.0675
epoch 6: train_loss = 0.986324, source_hit@10 = 0.0675, source_ndcg@10 = 0.0310, target_hit@10 = 0.0613, target_ndcg@10 = 0.0295
new best model saved.

2024-07-31 06:47:58.498644: step 2128/24320 (epoch 7/80), loss = 0.985446 (123.473 sec/epoch), lr: 0.004000
Evaluating on dev set...
...........................
source: 	 mrr: 0.037965	 ndcg_5: 0.0271	 ndcg_10: 0.0351	 hit@1:0.010862	 hit@5:0.0420	 hit@10: 0.0673
target: 	 mrr: 0.033855	 ndcg_5: 0.0249	 ndcg_10: 0.0346	 hit@1:0.011150	 hit@5:0.0390	 hit@10: 0.0690
source best!
.............
source: 	 mrr: 0.036979	 ndcg_5: 0.0255	 ndcg_10: 0.0351	 hit@1:0.011503	 hit@5:0.0391	 hit@10: 0.0690
target best!
..............target: 	 mrr: 0.038879	 ndcg_5: 0.0322	 ndcg_10: 0.0386	 hit@1:0.015775	 hit@5:0.0494	 hit@10: 0.0693
epoch 7: train_loss = 0.985446, source_hit@10 = 0.0690, source_ndcg@10 = 0.0351, target_hit@10 = 0.0693, target_ndcg@10 = 0.0386
new best model saved.

2024-07-31 06:50:04.705345: step 2432/24320 (epoch 8/80), loss = 0.984273 (124.560 sec/epoch), lr: 0.004000
Evaluating on dev set...
...........................
source: 	 mrr: 0.033666	 ndcg_5: 0.0210	 ndcg_10: 0.0335	 hit@1:0.007241	 hit@5:0.0348	 hit@10: 0.0739
target: 	 mrr: 0.038130	 ndcg_5: 0.0299	 ndcg_10: 0.0384	 hit@1:0.012544	 hit@5:0.0474	 hit@10: 0.0739
target best!
..............target: 	 mrr: 0.039725	 ndcg_5: 0.0318	 ndcg_10: 0.0419	 hit@1:0.011660	 hit@5:0.0521	 hit@10: 0.0837
epoch 8: train_loss = 0.984273, source_hit@10 = 0.0739, source_ndcg@10 = 0.0335, target_hit@10 = 0.0837, target_ndcg@10 = 0.0419

2024-07-31 06:52:13.516775: step 2736/24320 (epoch 9/80), loss = 0.982328 (127.587 sec/epoch), lr: 0.004000
Evaluating on dev set...
...........................
source: 	 mrr: 0.032869	 ndcg_5: 0.0219	 ndcg_10: 0.0320	 hit@1:0.007241	 hit@5:0.0369	 hit@10: 0.0681
target: 	 mrr: 0.039481	 ndcg_5: 0.0303	 ndcg_10: 0.0402	 hit@1:0.013240	 hit@5:0.0488	 hit@10: 0.0794
target best!
..............target: 	 mrr: 0.039040	 ndcg_5: 0.0291	 ndcg_10: 0.0390	 hit@1:0.012346	 hit@5:0.0473	 hit@10: 0.0782
epoch 9: train_loss = 0.982328, source_hit@10 = 0.0681, source_ndcg@10 = 0.0320, target_hit@10 = 0.0782, target_ndcg@10 = 0.0390

2024-07-31 06:54:24.917772: step 3040/24320 (epoch 10/80), loss = 0.978445 (130.122 sec/epoch), lr: 0.004000
Evaluating on dev set...
...........................
source: 	 mrr: 0.036394	 ndcg_5: 0.0256	 ndcg_10: 0.0365	 hit@1:0.010138	 hit@5:0.0442	 hit@10: 0.0782
target: 	 mrr: 0.036527	 ndcg_5: 0.0255	 ndcg_10: 0.0356	 hit@1:0.013937	 hit@5:0.0376	 hit@10: 0.0690
epoch 10: train_loss = 0.978445, source_hit@10 = 0.0782, source_ndcg@10 = 0.0365, target_hit@10 = 0.0690, target_ndcg@10 = 0.0356

2024-07-31 06:56:34.947180: step 3344/24320 (epoch 11/80), loss = 0.979270 (129.153 sec/epoch), lr: 0.004000
Evaluating on dev set...
...........................
source: 	 mrr: 0.038645	 ndcg_5: 0.0249	 ndcg_10: 0.0386	 hit@1:0.013758	 hit@5:0.0369	 hit@10: 0.0797
target: 	 mrr: 0.039291	 ndcg_5: 0.0310	 ndcg_10: 0.0415	 hit@1:0.011847	 hit@5:0.0502	 hit@10: 0.0836
source best!
.............
source: 	 mrr: 0.036942	 ndcg_5: 0.0230	 ndcg_10: 0.0381	 hit@1:0.010736	 hit@5:0.0353	 hit@10: 0.0828
epoch 11: train_loss = 0.979270, source_hit@10 = 0.0828, source_ndcg@10 = 0.0381, target_hit@10 = 0.0836, target_ndcg@10 = 0.0415
new best model saved.

2024-07-31 06:58:45.989907: step 3648/24320 (epoch 12/80), loss = 0.975300 (129.626 sec/epoch), lr: 0.004000
Evaluating on dev set...
...........................
source: 	 mrr: 0.040756	 ndcg_5: 0.0309	 ndcg_10: 0.0403	 hit@1:0.013758	 hit@5:0.0463	 hit@10: 0.0760
target: 	 mrr: 0.044527	 ndcg_5: 0.0350	 ndcg_10: 0.0477	 hit@1:0.015331	 hit@5:0.0551	 hit@10: 0.0948
source best!
.............
source: 	 mrr: 0.034374	 ndcg_5: 0.0219	 ndcg_10: 0.0348	 hit@1:0.007669	 hit@5:0.0368	 hit@10: 0.0775
target best!
..............target: 	 mrr: 0.045113	 ndcg_5: 0.0378	 ndcg_10: 0.0491	 hit@1:0.013032	 hit@5:0.0645	 hit@10: 0.0995
epoch 12: train_loss = 0.975300, source_hit@10 = 0.0775, source_ndcg@10 = 0.0348, target_hit@10 = 0.0995, target_ndcg@10 = 0.0491
new best model saved.

2024-07-31 07:00:55.760440: step 3952/24320 (epoch 13/80), loss = 0.966455 (128.055 sec/epoch), lr: 0.004000
Evaluating on dev set...
...........................
source: 	 mrr: 0.034027	 ndcg_5: 0.0240	 ndcg_10: 0.0328	 hit@1:0.009413	 hit@5:0.0391	 hit@10: 0.0673
target: 	 mrr: 0.024025	 ndcg_5: 0.0152	 ndcg_10: 0.0249	 hit@1:0.004878	 hit@5:0.0258	 hit@10: 0.0557
epoch 13: train_loss = 0.966455, source_hit@10 = 0.0673, source_ndcg@10 = 0.0328, target_hit@10 = 0.0557, target_ndcg@10 = 0.0249

2024-07-31 07:03:06.260552: step 4256/24320 (epoch 14/80), loss = 0.955956 (129.625 sec/epoch), lr: 0.003800
Evaluating on dev set...
...........................
source: 	 mrr: 0.033283	 ndcg_5: 0.0231	 ndcg_10: 0.0317	 hit@1:0.007241	 hit@5:0.0391	 hit@10: 0.0659
target: 	 mrr: 0.048202	 ndcg_5: 0.0368	 ndcg_10: 0.0505	 hit@1:0.018118	 hit@5:0.0557	 hit@10: 0.0983
target best!
..............target: 	 mrr: 0.052432	 ndcg_5: 0.0412	 ndcg_10: 0.0553	 hit@1:0.021262	 hit@5:0.0597	 hit@10: 0.1029
epoch 14: train_loss = 0.955956, source_hit@10 = 0.0659, source_ndcg@10 = 0.0317, target_hit@10 = 0.1029, target_ndcg@10 = 0.0553

2024-07-31 07:05:16.191711: step 4560/24320 (epoch 15/80), loss = 0.950364 (128.675 sec/epoch), lr: 0.003800
Evaluating on dev set...
...........................
source: 	 mrr: 0.030777	 ndcg_5: 0.0200	 ndcg_10: 0.0289	 hit@1:0.005069	 hit@5:0.0348	 hit@10: 0.0623
target: 	 mrr: 0.044025	 ndcg_5: 0.0352	 ndcg_10: 0.0467	 hit@1:0.012544	 hit@5:0.0571	 hit@10: 0.0927
epoch 15: train_loss = 0.950364, source_hit@10 = 0.0623, source_ndcg@10 = 0.0289, target_hit@10 = 0.0927, target_ndcg@10 = 0.0467

2024-07-31 07:07:36.061520: step 4864/24320 (epoch 16/80), loss = 0.946050 (138.984 sec/epoch), lr: 0.003610
Evaluating on dev set...
...........................
source: 	 mrr: 0.029917	 ndcg_5: 0.0174	 ndcg_10: 0.0293	 hit@1:0.006517	 hit@5:0.0290	 hit@10: 0.0659
target: 	 mrr: 0.039899	 ndcg_5: 0.0299	 ndcg_10: 0.0423	 hit@1:0.009756	 hit@5:0.0502	 hit@10: 0.0892
epoch 16: train_loss = 0.946050, source_hit@10 = 0.0659, source_ndcg@10 = 0.0293, target_hit@10 = 0.0892, target_ndcg@10 = 0.0423

2024-07-31 07:09:50.382951: step 5168/24320 (epoch 17/80), loss = 0.941778 (133.249 sec/epoch), lr: 0.003429
Evaluating on dev set...
...........................
source: 	 mrr: 0.028497	 ndcg_5: 0.0167	 ndcg_10: 0.0267	 hit@1:0.005069	 hit@5:0.0268	 hit@10: 0.0579
target: 	 mrr: 0.050691	 ndcg_5: 0.0419	 ndcg_10: 0.0534	 hit@1:0.020209	 hit@5:0.0620	 hit@10: 0.0976
target best!
..............target: 	 mrr: 0.051240	 ndcg_5: 0.0442	 ndcg_10: 0.0541	 hit@1:0.020576	 hit@5:0.0686	 hit@10: 0.0995
epoch 17: train_loss = 0.941778, source_hit@10 = 0.0579, source_ndcg@10 = 0.0267, target_hit@10 = 0.0995, target_ndcg@10 = 0.0541

2024-07-31 07:12:00.556512: step 5472/24320 (epoch 18/80), loss = 0.941823 (128.912 sec/epoch), lr: 0.003429
Evaluating on dev set...
...........................
source: 	 mrr: 0.037844	 ndcg_5: 0.0268	 ndcg_10: 0.0373	 hit@1:0.013034	 hit@5:0.0413	 hit@10: 0.0746
target: 	 mrr: 0.052688	 ndcg_5: 0.0458	 ndcg_10: 0.0562	 hit@1:0.022300	 hit@5:0.0690	 hit@10: 0.1017
target best!
..............target: 	 mrr: 0.051766	 ndcg_5: 0.0427	 ndcg_10: 0.0545	 hit@1:0.021948	 hit@5:0.0638	 hit@10: 0.1008
epoch 18: train_loss = 0.941823, source_hit@10 = 0.0746, source_ndcg@10 = 0.0373, target_hit@10 = 0.1008, target_ndcg@10 = 0.0545

2024-07-31 07:14:10.052793: step 5776/24320 (epoch 19/80), loss = 0.939898 (128.248 sec/epoch), lr: 0.003429
Evaluating on dev set...
...........................
source: 	 mrr: 0.036732	 ndcg_5: 0.0251	 ndcg_10: 0.0334	 hit@1:0.009413	 hit@5:0.0398	 hit@10: 0.0652
target: 	 mrr: 0.050650	 ndcg_5: 0.0429	 ndcg_10: 0.0556	 hit@1:0.017422	 hit@5:0.0662	 hit@10: 0.1059
epoch 19: train_loss = 0.939898, source_hit@10 = 0.0652, source_ndcg@10 = 0.0334, target_hit@10 = 0.1059, target_ndcg@10 = 0.0556

2024-07-31 07:16:16.801299: step 6080/24320 (epoch 20/80), loss = 0.937212 (125.864 sec/epoch), lr: 0.003258
Evaluating on dev set...
...........................
source: 	 mrr: 0.030659	 ndcg_5: 0.0229	 ndcg_10: 0.0302	 hit@1:0.007241	 hit@5:0.0398	 hit@10: 0.0630
target: 	 mrr: 0.050161	 ndcg_5: 0.0402	 ndcg_10: 0.0545	 hit@1:0.017422	 hit@5:0.0620	 hit@10: 0.1066
epoch 20: train_loss = 0.937212, source_hit@10 = 0.0630, source_ndcg@10 = 0.0302, target_hit@10 = 0.1066, target_ndcg@10 = 0.0545

2024-07-31 07:18:25.168958: step 6384/24320 (epoch 21/80), loss = 0.934018 (127.504 sec/epoch), lr: 0.003095
Evaluating on dev set...
...........................
source: 	 mrr: 0.035557	 ndcg_5: 0.0251	 ndcg_10: 0.0323	 hit@1:0.010862	 hit@5:0.0398	 hit@10: 0.0623
target: 	 mrr: 0.045112	 ndcg_5: 0.0387	 ndcg_10: 0.0495	 hit@1:0.009756	 hit@5:0.0669	 hit@10: 0.1003
epoch 21: train_loss = 0.934018, source_hit@10 = 0.0623, source_ndcg@10 = 0.0323, target_hit@10 = 0.1003, target_ndcg@10 = 0.0495

2024-07-31 07:20:34.545919: step 6688/24320 (epoch 22/80), loss = 0.931850 (128.505 sec/epoch), lr: 0.002940
Evaluating on dev set...
...........................
source: 	 mrr: 0.034985	 ndcg_5: 0.0245	 ndcg_10: 0.0336	 hit@1:0.009413	 hit@5:0.0406	 hit@10: 0.0688
target: 	 mrr: 0.045008	 ndcg_5: 0.0354	 ndcg_10: 0.0468	 hit@1:0.014634	 hit@5:0.0564	 hit@10: 0.0927
epoch 22: train_loss = 0.931850, source_hit@10 = 0.0688, source_ndcg@10 = 0.0336, target_hit@10 = 0.0927, target_ndcg@10 = 0.0468

2024-07-31 07:22:44.221790: step 6992/24320 (epoch 23/80), loss = 0.929376 (128.768 sec/epoch), lr: 0.002793
Evaluating on dev set...
...........................
source: 	 mrr: 0.038364	 ndcg_5: 0.0271	 ndcg_10: 0.0385	 hit@1:0.012310	 hit@5:0.0427	 hit@10: 0.0782
target: 	 mrr: 0.044528	 ndcg_5: 0.0343	 ndcg_10: 0.0460	 hit@1:0.013240	 hit@5:0.0544	 hit@10: 0.0913
epoch 23: train_loss = 0.929376, source_hit@10 = 0.0782, source_ndcg@10 = 0.0385, target_hit@10 = 0.0913, target_ndcg@10 = 0.0460

2024-07-31 07:24:54.373569: step 7296/24320 (epoch 24/80), loss = 0.927807 (129.271 sec/epoch), lr: 0.002793
Evaluating on dev set...
...........................
source: 	 mrr: 0.037441	 ndcg_5: 0.0265	 ndcg_10: 0.0345	 hit@1:0.011586	 hit@5:0.0406	 hit@10: 0.0652
target: 	 mrr: 0.044688	 ndcg_5: 0.0336	 ndcg_10: 0.0484	 hit@1:0.014634	 hit@5:0.0537	 hit@10: 0.1003
epoch 24: train_loss = 0.927807, source_hit@10 = 0.0652, source_ndcg@10 = 0.0345, target_hit@10 = 0.1003, target_ndcg@10 = 0.0484

2024-07-31 07:27:07.358095: step 7600/24320 (epoch 25/80), loss = 0.923970 (132.108 sec/epoch), lr: 0.002654
Evaluating on dev set...
...........................
source: 	 mrr: 0.026929	 ndcg_5: 0.0159	 ndcg_10: 0.0257	 hit@1:0.004345	 hit@5:0.0275	 hit@10: 0.0587
target: 	 mrr: 0.039857	 ndcg_5: 0.0289	 ndcg_10: 0.0431	 hit@1:0.011847	 hit@5:0.0467	 hit@10: 0.0920
epoch 25: train_loss = 0.923970, source_hit@10 = 0.0587, source_ndcg@10 = 0.0257, target_hit@10 = 0.0920, target_ndcg@10 = 0.0431

2024-07-31 07:29:19.970187: step 7904/24320 (epoch 26/80), loss = 0.921355 (131.699 sec/epoch), lr: 0.002521
Evaluating on dev set...
...........................
source: 	 mrr: 0.041268	 ndcg_5: 0.0292	 ndcg_10: 0.0423	 hit@1:0.011586	 hit@5:0.0463	 hit@10: 0.0869
target: 	 mrr: 0.048393	 ndcg_5: 0.0394	 ndcg_10: 0.0512	 hit@1:0.017422	 hit@5:0.0606	 hit@10: 0.0969
source best!
.............
source: 	 mrr: 0.037761	 ndcg_5: 0.0279	 ndcg_10: 0.0388	 hit@1:0.010736	 hit@5:0.0460	 hit@10: 0.0805
epoch 26: train_loss = 0.921355, source_hit@10 = 0.0805, source_ndcg@10 = 0.0388, target_hit@10 = 0.0969, target_ndcg@10 = 0.0512

2024-07-31 07:31:29.448408: step 8208/24320 (epoch 27/80), loss = 0.921607 (128.272 sec/epoch), lr: 0.002521
Evaluating on dev set...
...........................
source: 	 mrr: 0.037747	 ndcg_5: 0.0272	 ndcg_10: 0.0365	 hit@1:0.011586	 hit@5:0.0434	 hit@10: 0.0724
target: 	 mrr: 0.048047	 ndcg_5: 0.0385	 ndcg_10: 0.0540	 hit@1:0.015331	 hit@5:0.0620	 hit@10: 0.1101
epoch 27: train_loss = 0.921607, source_hit@10 = 0.0724, source_ndcg@10 = 0.0365, target_hit@10 = 0.1101, target_ndcg@10 = 0.0540

2024-07-31 07:33:47.013307: step 8512/24320 (epoch 28/80), loss = 0.916583 (136.690 sec/epoch), lr: 0.002395
Evaluating on dev set...
...........................
source: 	 mrr: 0.022225	 ndcg_5: 0.0116	 ndcg_10: 0.0191	 hit@1:0.002896	 hit@5:0.0203	 hit@10: 0.0442
target: 	 mrr: 0.045993	 ndcg_5: 0.0354	 ndcg_10: 0.0507	 hit@1:0.015331	 hit@5:0.0557	 hit@10: 0.1045
epoch 28: train_loss = 0.916583, source_hit@10 = 0.0442, source_ndcg@10 = 0.0191, target_hit@10 = 0.1045, target_ndcg@10 = 0.0507

2024-07-31 07:36:04.865527: step 8816/24320 (epoch 29/80), loss = 0.914444 (136.937 sec/epoch), lr: 0.002275
Evaluating on dev set...
...........................
source: 	 mrr: 0.037294	 ndcg_5: 0.0271	 ndcg_10: 0.0379	 hit@1:0.009413	 hit@5:0.0442	 hit@10: 0.0782
target: 	 mrr: 0.043703	 ndcg_5: 0.0334	 ndcg_10: 0.0453	 hit@1:0.013240	 hit@5:0.0537	 hit@10: 0.0913
epoch 29: train_loss = 0.914444, source_hit@10 = 0.0782, source_ndcg@10 = 0.0379, target_hit@10 = 0.0913, target_ndcg@10 = 0.0453

2024-07-31 07:38:16.801484: step 9120/24320 (epoch 30/80), loss = 0.913652 (131.016 sec/epoch), lr: 0.002275
Evaluating on dev set...
...........................
source: 	 mrr: 0.037917	 ndcg_5: 0.0273	 ndcg_10: 0.0376	 hit@1:0.010862	 hit@5:0.0434	 hit@10: 0.0753
target: 	 mrr: 0.049464	 ndcg_5: 0.0409	 ndcg_10: 0.0542	 hit@1:0.018815	 hit@5:0.0627	 hit@10: 0.1038
epoch 30: train_loss = 0.913652, source_hit@10 = 0.0753, source_ndcg@10 = 0.0376, target_hit@10 = 0.1038, target_ndcg@10 = 0.0542

2024-07-31 07:40:31.968270: step 9424/24320 (epoch 31/80), loss = 0.912451 (134.266 sec/epoch), lr: 0.002275
Evaluating on dev set...
...........................
source: 	 mrr: 0.029843	 ndcg_5: 0.0196	 ndcg_10: 0.0255	 hit@1:0.007965	 hit@5:0.0326	 hit@10: 0.0507
target: 	 mrr: 0.047894	 ndcg_5: 0.0387	 ndcg_10: 0.0525	 hit@1:0.014634	 hit@5:0.0627	 hit@10: 0.1052
epoch 31: train_loss = 0.912451, source_hit@10 = 0.0507, source_ndcg@10 = 0.0255, target_hit@10 = 0.1052, target_ndcg@10 = 0.0525

2024-07-31 07:42:44.002712: step 9728/24320 (epoch 32/80), loss = 0.910722 (131.124 sec/epoch), lr: 0.002161
Evaluating on dev set...
...........................
source: 	 mrr: 0.039054	 ndcg_5: 0.0310	 ndcg_10: 0.0380	 hit@1:0.012310	 hit@5:0.0514	 hit@10: 0.0731
target: 	 mrr: 0.052080	 ndcg_5: 0.0425	 ndcg_10: 0.0568	 hit@1:0.018118	 hit@5:0.0669	 hit@10: 0.1115
epoch 32: train_loss = 0.910722, source_hit@10 = 0.0731, source_ndcg@10 = 0.0380, target_hit@10 = 0.1115, target_ndcg@10 = 0.0568

2024-07-31 07:44:59.175824: step 10032/24320 (epoch 33/80), loss = 0.908698 (134.267 sec/epoch), lr: 0.002161
Evaluating on dev set...
...........................
source: 	 mrr: 0.031374	 ndcg_5: 0.0210	 ndcg_10: 0.0315	 hit@1:0.006517	 hit@5:0.0362	 hit@10: 0.0695
target: 	 mrr: 0.046324	 ndcg_5: 0.0351	 ndcg_10: 0.0472	 hit@1:0.016028	 hit@5:0.0537	 hit@10: 0.0920
epoch 33: train_loss = 0.908698, source_hit@10 = 0.0695, source_ndcg@10 = 0.0315, target_hit@10 = 0.0920, target_ndcg@10 = 0.0472

2024-07-31 07:47:11.574852: step 10336/24320 (epoch 34/80), loss = 0.905528 (131.491 sec/epoch), lr: 0.002053
Evaluating on dev set...
...........................
source: 	 mrr: 0.034507	 ndcg_5: 0.0198	 ndcg_10: 0.0315	 hit@1:0.010862	 hit@5:0.0297	 hit@10: 0.0659
target: 	 mrr: 0.050372	 ndcg_5: 0.0417	 ndcg_10: 0.0519	 hit@1:0.019512	 hit@5:0.0648	 hit@10: 0.0969
epoch 34: train_loss = 0.905528, source_hit@10 = 0.0659, source_ndcg@10 = 0.0315, target_hit@10 = 0.0969, target_ndcg@10 = 0.0519

2024-07-31 07:49:27.103228: step 10640/24320 (epoch 35/80), loss = 0.902649 (134.424 sec/epoch), lr: 0.002053
Evaluating on dev set...
...........................
source: 	 mrr: 0.033926	 ndcg_5: 0.0226	 ndcg_10: 0.0311	 hit@1:0.008689	 hit@5:0.0362	 hit@10: 0.0637
target: 	 mrr: 0.050685	 ndcg_5: 0.0437	 ndcg_10: 0.0574	 hit@1:0.015331	 hit@5:0.0725	 hit@10: 0.1150
epoch 35: train_loss = 0.902649, source_hit@10 = 0.0637, source_ndcg@10 = 0.0311, target_hit@10 = 0.1150, target_ndcg@10 = 0.0574

2024-07-31 07:51:39.068026: step 10944/24320 (epoch 36/80), loss = 0.898947 (131.090 sec/epoch), lr: 0.001951
Evaluating on dev set...
...........................
source: 	 mrr: 0.037130	 ndcg_5: 0.0271	 ndcg_10: 0.0372	 hit@1:0.009413	 hit@5:0.0449	 hit@10: 0.0760
target: 	 mrr: 0.052785	 ndcg_5: 0.0442	 ndcg_10: 0.0569	 hit@1:0.021603	 hit@5:0.0676	 hit@10: 0.1066
target best!
..............target: 	 mrr: 0.054833	 ndcg_5: 0.0460	 ndcg_10: 0.0606	 hit@1:0.021262	 hit@5:0.0706	 hit@10: 0.1159
epoch 36: train_loss = 0.898947, source_hit@10 = 0.0760, source_ndcg@10 = 0.0372, target_hit@10 = 0.1159, target_ndcg@10 = 0.0606

2024-07-31 07:53:53.084626: step 11248/24320 (epoch 37/80), loss = 0.893692 (132.812 sec/epoch), lr: 0.001951
Evaluating on dev set...
...........................
source: 	 mrr: 0.028020	 ndcg_5: 0.0194	 ndcg_10: 0.0266	 hit@1:0.007965	 hit@5:0.0333	 hit@10: 0.0558
target: 	 mrr: 0.053655	 ndcg_5: 0.0442	 ndcg_10: 0.0581	 hit@1:0.022997	 hit@5:0.0669	 hit@10: 0.1101
target best!
..............target: 	 mrr: 0.051689	 ndcg_5: 0.0431	 ndcg_10: 0.0588	 hit@1:0.018519	 hit@5:0.0700	 hit@10: 0.1187
epoch 37: train_loss = 0.893692, source_hit@10 = 0.0558, source_ndcg@10 = 0.0266, target_hit@10 = 0.1187, target_ndcg@10 = 0.0588

2024-07-31 07:56:07.339348: step 11552/24320 (epoch 38/80), loss = 0.882917 (132.726 sec/epoch), lr: 0.001853
Evaluating on dev set...
...........................
source: 	 mrr: 0.033469	 ndcg_5: 0.0215	 ndcg_10: 0.0327	 hit@1:0.007241	 hit@5:0.0362	 hit@10: 0.0710
target: 	 mrr: 0.044885	 ndcg_5: 0.0364	 ndcg_10: 0.0479	 hit@1:0.013937	 hit@5:0.0578	 hit@10: 0.0941
epoch 38: train_loss = 0.882917, source_hit@10 = 0.0710, source_ndcg@10 = 0.0327, target_hit@10 = 0.0941, target_ndcg@10 = 0.0479

