nohup: ignoring input
using gpu:0 to train the model
using gpu:0 to train the model
cuda:0
Namespace(A_split=False, JK='sum', a_fold=100, aggregate=False, alpha=0.5, batch_size=1024, beta_inter=0.4, conv_layers=4, cuda=True, decay_epoch=10, device=device(type='cuda', index=0), device_id='0', domains='cloth_sport', dropout=0.5, epoch=80, feature_dim=126, hidden_dim=126, inter_tau=0.2, intra_tau=1, lambda_critic=0.4, leakey=0.01, load=False, log='logs.txt', log_epoch=1, lr=0.004, lr_decay=0.95, min_epoch=50, mode='train', model_file=None, model_name='cs', momentum=0.98, num_latent_factors=3, num_negative=100, optim='adam', patience=50, proj_layers=1, projection=1, residual=1, save=False, save_dir='./saved_models', seed=32, similarity_tau=0.1, test_sample_number=999, transfer_epoch=50, user_batch_size=256, weight_decay=0.0002)
number_user 41829
number_item 17943
/home/hourun/invariantCDR_v2/invariantCDR/utils/GraphMaker.py:46: RuntimeWarning: divide by zero encountered in power
  r_inv = np.power(rowsum, -1).flatten()
real graph loaded!
number_user 27328
number_item 12655
real graph loaded!
graph loaded!
Loading data from cloth_sport with batch size 1024...
unseen test: 0
test length: 3156
unseen test: 0
test length: 3085
unseen test: 0
test length: 3589
unseen test: 0
test length: 3546
source_user_num 41829
target_user_num 27328
source_item_num 17943
target_item_num 12655
shared users id: 7857
test users 990, 982
unseen test: 0
dev length: 1000
unseen test: 0
dev length: 1000
source train data : 187880, target train data: 163291, source test data : 3085, target test data : 3546, source dev data : 1000, target dev data : 1000
Directory ./saved_models/cs do not exist; creating...
2024-08-02 15:44:03.836272: step 343/27440 (epoch 1/80), loss = 1.440114 (46.903 sec/epoch), lr: 0.004000
Evaluating on dev set...
..................................................................
source: 	 mrr: 0.042648	 ndcg_5: 0.0345	 ndcg_10: 0.0430	 hit@1:0.015843	 hit@5:0.0526	 hit@10: 0.0792
target: 	 mrr: 0.033454	 ndcg_5: 0.0230	 ndcg_10: 0.0326	 hit@1:0.012260	 hit@5:0.0337	 hit@10: 0.0638
source best!
..............................
source: 	 mrr: 0.036886	 ndcg_5: 0.0294	 ndcg_10: 0.0369	 hit@1:0.012318	 hit@5:0.0464	 hit@10: 0.0697
target best!
...................................target: 	 mrr: 0.032648	 ndcg_5: 0.0233	 ndcg_10: 0.0338	 hit@1:0.009024	 hit@5:0.0375	 hit@10: 0.0699
epoch 1: train_loss = 1.440114, source_hit@10 = 0.0697, source_ndcg@10 = 0.0369, target_hit@10 = 0.0699, target_ndcg@10 = 0.0338

2024-08-02 15:44:52.244000: step 686/27440 (epoch 2/80), loss = 1.299057 (47.185 sec/epoch), lr: 0.004000
Evaluating on dev set...
..................................................................
source: 	 mrr: 0.042733	 ndcg_5: 0.0337	 ndcg_10: 0.0468	 hit@1:0.012674	 hit@5:0.0548	 hit@10: 0.0954
target: 	 mrr: 0.027485	 ndcg_5: 0.0192	 ndcg_10: 0.0275	 hit@1:0.008638	 hit@5:0.0309	 hit@10: 0.0568
source best!
..............................
source: 	 mrr: 0.039196	 ndcg_5: 0.0300	 ndcg_10: 0.0393	 hit@1:0.014911	 hit@5:0.0460	 hit@10: 0.0752
epoch 2: train_loss = 1.299057, source_hit@10 = 0.0752, source_ndcg@10 = 0.0393, target_hit@10 = 0.0568, target_ndcg@10 = 0.0275

2024-08-02 15:45:40.736423: step 1029/27440 (epoch 3/80), loss = 1.282034 (47.572 sec/epoch), lr: 0.004000
Evaluating on dev set...
..................................................................
source: 	 mrr: 0.045895	 ndcg_5: 0.0379	 ndcg_10: 0.0498	 hit@1:0.015209	 hit@5:0.0605	 hit@10: 0.0979
target: 	 mrr: 0.034362	 ndcg_5: 0.0249	 ndcg_10: 0.0355	 hit@1:0.008916	 hit@5:0.0407	 hit@10: 0.0738
source best!
..............................
source: 	 mrr: 0.041856	 ndcg_5: 0.0333	 ndcg_10: 0.0434	 hit@1:0.016207	 hit@5:0.0512	 hit@10: 0.0827
target best!
...................................target: 	 mrr: 0.036426	 ndcg_5: 0.0277	 ndcg_10: 0.0375	 hit@1:0.011562	 hit@5:0.0443	 hit@10: 0.0750
epoch 3: train_loss = 1.282034, source_hit@10 = 0.0827, source_ndcg@10 = 0.0434, target_hit@10 = 0.0750, target_ndcg@10 = 0.0375
new best model saved.

2024-08-02 15:46:29.665801: step 1372/27440 (epoch 4/80), loss = 1.249697 (47.589 sec/epoch), lr: 0.004000
Evaluating on dev set...
..................................................................
source: 	 mrr: 0.037992	 ndcg_5: 0.0267	 ndcg_10: 0.0387	 hit@1:0.011090	 hit@5:0.0415	 hit@10: 0.0792
target: 	 mrr: 0.030297	 ndcg_5: 0.0224	 ndcg_10: 0.0320	 hit@1:0.006687	 hit@5:0.0379	 hit@10: 0.0677
epoch 4: train_loss = 1.249697, source_hit@10 = 0.0792, source_ndcg@10 = 0.0387, target_hit@10 = 0.0677, target_ndcg@10 = 0.0320

2024-08-02 15:47:17.467779: step 1715/27440 (epoch 5/80), loss = 1.235462 (47.152 sec/epoch), lr: 0.004000
Evaluating on dev set...
..................................................................
source: 	 mrr: 0.046827	 ndcg_5: 0.0399	 ndcg_10: 0.0505	 hit@1:0.016160	 hit@5:0.0621	 hit@10: 0.0947
target: 	 mrr: 0.036917	 ndcg_5: 0.0284	 ndcg_10: 0.0378	 hit@1:0.011424	 hit@5:0.0454	 hit@10: 0.0750
source best!
..............................
source: 	 mrr: 0.038202	 ndcg_5: 0.0309	 ndcg_10: 0.0401	 hit@1:0.011345	 hit@5:0.0509	 hit@10: 0.0797
target best!
...................................target: 	 mrr: 0.037593	 ndcg_5: 0.0295	 ndcg_10: 0.0375	 hit@1:0.013254	 hit@5:0.0457	 hit@10: 0.0708
epoch 5: train_loss = 1.235462, source_hit@10 = 0.0797, source_ndcg@10 = 0.0401, target_hit@10 = 0.0708, target_ndcg@10 = 0.0375
new best model saved.

2024-08-02 15:48:06.547699: step 2058/27440 (epoch 6/80), loss = 1.211971 (47.715 sec/epoch), lr: 0.004000
Evaluating on dev set...
..................................................................
source: 	 mrr: 0.039913	 ndcg_5: 0.0308	 ndcg_10: 0.0413	 hit@1:0.013308	 hit@5:0.0497	 hit@10: 0.0827
target: 	 mrr: 0.036565	 ndcg_5: 0.0281	 ndcg_10: 0.0387	 hit@1:0.010867	 hit@5:0.0460	 hit@10: 0.0794
epoch 6: train_loss = 1.211971, source_hit@10 = 0.0827, source_ndcg@10 = 0.0413, target_hit@10 = 0.0794, target_ndcg@10 = 0.0387

2024-08-02 15:48:54.527831: step 2401/27440 (epoch 7/80), loss = 1.201440 (47.334 sec/epoch), lr: 0.004000
Evaluating on dev set...
..................................................................
source: 	 mrr: 0.040461	 ndcg_5: 0.0314	 ndcg_10: 0.0436	 hit@1:0.011724	 hit@5:0.0513	 hit@10: 0.0894
target: 	 mrr: 0.036832	 ndcg_5: 0.0296	 ndcg_10: 0.0384	 hit@1:0.010867	 hit@5:0.0488	 hit@10: 0.0766
epoch 7: train_loss = 1.201440, source_hit@10 = 0.0894, source_ndcg@10 = 0.0436, target_hit@10 = 0.0766, target_ndcg@10 = 0.0384

2024-08-02 15:49:42.256384: step 2744/27440 (epoch 8/80), loss = 1.199558 (47.054 sec/epoch), lr: 0.004000
Evaluating on dev set...
..................................................................
source: 	 mrr: 0.044971	 ndcg_5: 0.0362	 ndcg_10: 0.0488	 hit@1:0.015526	 hit@5:0.0567	 hit@10: 0.0966
target: 	 mrr: 0.034300	 ndcg_5: 0.0270	 ndcg_10: 0.0346	 hit@1:0.010588	 hit@5:0.0435	 hit@10: 0.0669
epoch 8: train_loss = 1.199558, source_hit@10 = 0.0966, source_ndcg@10 = 0.0488, target_hit@10 = 0.0669, target_ndcg@10 = 0.0346

2024-08-02 15:50:29.894544: step 3087/27440 (epoch 9/80), loss = 1.193886 (46.973 sec/epoch), lr: 0.004000
Evaluating on dev set...
..................................................................
source: 	 mrr: 0.042609	 ndcg_5: 0.0351	 ndcg_10: 0.0466	 hit@1:0.012991	 hit@5:0.0574	 hit@10: 0.0935
target: 	 mrr: 0.033771	 ndcg_5: 0.0240	 ndcg_10: 0.0350	 hit@1:0.008638	 hit@5:0.0390	 hit@10: 0.0733
epoch 9: train_loss = 1.193886, source_hit@10 = 0.0935, source_ndcg@10 = 0.0466, target_hit@10 = 0.0733, target_ndcg@10 = 0.0350

2024-08-02 15:51:18.135213: step 3430/27440 (epoch 10/80), loss = 1.189689 (47.595 sec/epoch), lr: 0.004000
Evaluating on dev set...
..................................................................
source: 	 mrr: 0.041830	 ndcg_5: 0.0325	 ndcg_10: 0.0441	 hit@1:0.014575	 hit@5:0.0510	 hit@10: 0.0871
target: 	 mrr: 0.038079	 ndcg_5: 0.0301	 ndcg_10: 0.0396	 hit@1:0.013096	 hit@5:0.0465	 hit@10: 0.0763
target best!
...................................target: 	 mrr: 0.035057	 ndcg_5: 0.0271	 ndcg_10: 0.0363	 hit@1:0.010716	 hit@5:0.0437	 hit@10: 0.0722
epoch 10: train_loss = 1.189689, source_hit@10 = 0.0871, source_ndcg@10 = 0.0441, target_hit@10 = 0.0722, target_ndcg@10 = 0.0363

2024-08-02 15:52:06.143167: step 3773/27440 (epoch 11/80), loss = 1.183049 (47.051 sec/epoch), lr: 0.004000
Evaluating on dev set...
..................................................................
source: 	 mrr: 0.042841	 ndcg_5: 0.0322	 ndcg_10: 0.0446	 hit@1:0.015526	 hit@5:0.0482	 hit@10: 0.0865
target: 	 mrr: 0.031711	 ndcg_5: 0.0240	 ndcg_10: 0.0328	 hit@1:0.007244	 hit@5:0.0410	 hit@10: 0.0685
epoch 11: train_loss = 1.183049, source_hit@10 = 0.0865, source_ndcg@10 = 0.0446, target_hit@10 = 0.0685, target_ndcg@10 = 0.0328

2024-08-02 15:52:54.330277: step 4116/27440 (epoch 12/80), loss = 1.179235 (47.545 sec/epoch), lr: 0.003800
Evaluating on dev set...
..................................................................
source: 	 mrr: 0.042104	 ndcg_5: 0.0322	 ndcg_10: 0.0439	 hit@1:0.014575	 hit@5:0.0494	 hit@10: 0.0862
target: 	 mrr: 0.037889	 ndcg_5: 0.0296	 ndcg_10: 0.0406	 hit@1:0.008359	 hit@5:0.0513	 hit@10: 0.0855
epoch 12: train_loss = 1.179235, source_hit@10 = 0.0862, source_ndcg@10 = 0.0439, target_hit@10 = 0.0855, target_ndcg@10 = 0.0406

2024-08-02 15:53:42.310837: step 4459/27440 (epoch 13/80), loss = 1.173776 (47.323 sec/epoch), lr: 0.003800
Evaluating on dev set...
..................................................................
source: 	 mrr: 0.039959	 ndcg_5: 0.0303	 ndcg_10: 0.0426	 hit@1:0.012991	 hit@5:0.0475	 hit@10: 0.0862
target: 	 mrr: 0.030103	 ndcg_5: 0.0214	 ndcg_10: 0.0304	 hit@1:0.008359	 hit@5:0.0346	 hit@10: 0.0632
epoch 13: train_loss = 1.173776, source_hit@10 = 0.0862, source_ndcg@10 = 0.0426, target_hit@10 = 0.0632, target_ndcg@10 = 0.0304

2024-08-02 15:54:30.133484: step 4802/27440 (epoch 14/80), loss = 1.169434 (47.165 sec/epoch), lr: 0.003610
Evaluating on dev set...
..................................................................
source: 	 mrr: 0.043308	 ndcg_5: 0.0344	 ndcg_10: 0.0467	 hit@1:0.012991	 hit@5:0.0558	 hit@10: 0.0944
target: 	 mrr: 0.032523	 ndcg_5: 0.0218	 ndcg_10: 0.0346	 hit@1:0.008359	 hit@5:0.0357	 hit@10: 0.0750
epoch 14: train_loss = 1.169434, source_hit@10 = 0.0944, source_ndcg@10 = 0.0467, target_hit@10 = 0.0750, target_ndcg@10 = 0.0346

2024-08-02 15:55:18.045797: step 5145/27440 (epoch 15/80), loss = 1.162178 (47.269 sec/epoch), lr: 0.003610
Evaluating on dev set...
..................................................................
source: 	 mrr: 0.048033	 ndcg_5: 0.0404	 ndcg_10: 0.0513	 hit@1:0.017110	 hit@5:0.0631	 hit@10: 0.0966
target: 	 mrr: 0.035889	 ndcg_5: 0.0267	 ndcg_10: 0.0377	 hit@1:0.008638	 hit@5:0.0454	 hit@10: 0.0797
source best!
..............................
source: 	 mrr: 0.043946	 ndcg_5: 0.0351	 ndcg_10: 0.0477	 hit@1:0.015559	 hit@5:0.0548	 hit@10: 0.0950
epoch 15: train_loss = 1.162178, source_hit@10 = 0.0950, source_ndcg@10 = 0.0477, target_hit@10 = 0.0797, target_ndcg@10 = 0.0377

2024-08-02 15:56:06.719892: step 5488/27440 (epoch 16/80), loss = 1.156728 (47.695 sec/epoch), lr: 0.003610
Evaluating on dev set...
..................................................................
source: 	 mrr: 0.046243	 ndcg_5: 0.0370	 ndcg_10: 0.0487	 hit@1:0.019011	 hit@5:0.0548	 hit@10: 0.0909
target: 	 mrr: 0.036985	 ndcg_5: 0.0272	 ndcg_10: 0.0385	 hit@1:0.010867	 hit@5:0.0429	 hit@10: 0.0780
epoch 16: train_loss = 1.156728, source_hit@10 = 0.0909, source_ndcg@10 = 0.0487, target_hit@10 = 0.0780, target_ndcg@10 = 0.0385

2024-08-02 15:56:54.475258: step 5831/27440 (epoch 17/80), loss = 1.150934 (47.083 sec/epoch), lr: 0.003429
Evaluating on dev set...
..................................................................
source: 	 mrr: 0.048995	 ndcg_5: 0.0404	 ndcg_10: 0.0526	 hit@1:0.019328	 hit@5:0.0624	 hit@10: 0.1004
target: 	 mrr: 0.036408	 ndcg_5: 0.0258	 ndcg_10: 0.0373	 hit@1:0.012260	 hit@5:0.0401	 hit@10: 0.0761
source best!
..............................
source: 	 mrr: 0.044369	 ndcg_5: 0.0346	 ndcg_10: 0.0468	 hit@1:0.016532	 hit@5:0.0528	 hit@10: 0.0908
epoch 17: train_loss = 1.150934, source_hit@10 = 0.0908, source_ndcg@10 = 0.0468, target_hit@10 = 0.0761, target_ndcg@10 = 0.0373

2024-08-02 15:57:42.834351: step 6174/27440 (epoch 18/80), loss = 1.147441 (47.430 sec/epoch), lr: 0.003429
Evaluating on dev set...
..................................................................
source: 	 mrr: 0.044920	 ndcg_5: 0.0366	 ndcg_10: 0.0481	 hit@1:0.014259	 hit@5:0.0596	 hit@10: 0.0951
target: 	 mrr: 0.032245	 ndcg_5: 0.0230	 ndcg_10: 0.0317	 hit@1:0.009473	 hit@5:0.0365	 hit@10: 0.0635
epoch 18: train_loss = 1.147441, source_hit@10 = 0.0951, source_ndcg@10 = 0.0481, target_hit@10 = 0.0635, target_ndcg@10 = 0.0317

2024-08-02 15:58:30.994430: step 6517/27440 (epoch 19/80), loss = 1.143399 (47.512 sec/epoch), lr: 0.003258
Evaluating on dev set...
..................................................................
source: 	 mrr: 0.036519	 ndcg_5: 0.0266	 ndcg_10: 0.0374	 hit@1:0.011090	 hit@5:0.0421	 hit@10: 0.0757
target: 	 mrr: 0.035503	 ndcg_5: 0.0252	 ndcg_10: 0.0371	 hit@1:0.010309	 hit@5:0.0396	 hit@10: 0.0763
epoch 19: train_loss = 1.143399, source_hit@10 = 0.0757, source_ndcg@10 = 0.0374, target_hit@10 = 0.0763, target_ndcg@10 = 0.0371

2024-08-02 15:59:18.498257: step 6860/27440 (epoch 20/80), loss = 1.137287 (46.858 sec/epoch), lr: 0.003095
Evaluating on dev set...
..................................................................
source: 	 mrr: 0.049478	 ndcg_5: 0.0389	 ndcg_10: 0.0522	 hit@1:0.020596	 hit@5:0.0574	 hit@10: 0.0995
target: 	 mrr: 0.037781	 ndcg_5: 0.0293	 ndcg_10: 0.0384	 hit@1:0.010588	 hit@5:0.0476	 hit@10: 0.0763
source best!
..............................
source: 	 mrr: 0.047724	 ndcg_5: 0.0376	 ndcg_10: 0.0505	 hit@1:0.019773	 hit@5:0.0561	 hit@10: 0.0963
epoch 20: train_loss = 1.137287, source_hit@10 = 0.0963, source_ndcg@10 = 0.0505, target_hit@10 = 0.0763, target_ndcg@10 = 0.0384
new best model saved.

2024-08-02 16:00:07.356709: step 7203/27440 (epoch 21/80), loss = 1.136272 (47.833 sec/epoch), lr: 0.003095
Evaluating on dev set...
..................................................................
source: 	 mrr: 0.040289	 ndcg_5: 0.0310	 ndcg_10: 0.0420	 hit@1:0.012991	 hit@5:0.0488	 hit@10: 0.0833
target: 	 mrr: 0.038364	 ndcg_5: 0.0283	 ndcg_10: 0.0402	 hit@1:0.011424	 hit@5:0.0454	 hit@10: 0.0822
target best!
...................................target: 	 mrr: 0.039576	 ndcg_5: 0.0321	 ndcg_10: 0.0429	 hit@1:0.011562	 hit@5:0.0530	 hit@10: 0.0866
epoch 21: train_loss = 1.136272, source_hit@10 = 0.0833, source_ndcg@10 = 0.0420, target_hit@10 = 0.0866, target_ndcg@10 = 0.0429

2024-08-02 16:00:56.048295: step 7546/27440 (epoch 22/80), loss = 1.125839 (47.728 sec/epoch), lr: 0.002940
Evaluating on dev set...
..................................................................
source: 	 mrr: 0.043015	 ndcg_5: 0.0326	 ndcg_10: 0.0451	 hit@1:0.014259	 hit@5:0.0504	 hit@10: 0.0894
target: 	 mrr: 0.038283	 ndcg_5: 0.0297	 ndcg_10: 0.0404	 hit@1:0.011981	 hit@5:0.0476	 hit@10: 0.0808
epoch 22: train_loss = 1.125839, source_hit@10 = 0.0894, source_ndcg@10 = 0.0451, target_hit@10 = 0.0808, target_ndcg@10 = 0.0404

2024-08-02 16:01:44.219716: step 7889/27440 (epoch 23/80), loss = 1.125356 (47.525 sec/epoch), lr: 0.002940
Evaluating on dev set...
..................................................................
source: 	 mrr: 0.050045	 ndcg_5: 0.0414	 ndcg_10: 0.0529	 hit@1:0.017427	 hit@5:0.0637	 hit@10: 0.1001
target: 	 mrr: 0.039436	 ndcg_5: 0.0293	 ndcg_10: 0.0415	 hit@1:0.012817	 hit@5:0.0460	 hit@10: 0.0839
source best!
..............................
source: 	 mrr: 0.048319	 ndcg_5: 0.0400	 ndcg_10: 0.0509	 hit@1:0.016532	 hit@5:0.0629	 hit@10: 0.0963
target best!
...................................target: 	 mrr: 0.039170	 ndcg_5: 0.0320	 ndcg_10: 0.0413	 hit@1:0.012126	 hit@5:0.0522	 hit@10: 0.0815
epoch 23: train_loss = 1.125356, source_hit@10 = 0.0963, source_ndcg@10 = 0.0509, target_hit@10 = 0.0815, target_ndcg@10 = 0.0413
new best model saved.

2024-08-02 16:02:32.933963: step 8232/27440 (epoch 24/80), loss = 1.121440 (47.372 sec/epoch), lr: 0.002940
Evaluating on dev set...
..................................................................
source: 	 mrr: 0.045301	 ndcg_5: 0.0358	 ndcg_10: 0.0474	 hit@1:0.017427	 hit@5:0.0548	 hit@10: 0.0913
target: 	 mrr: 0.041080	 ndcg_5: 0.0324	 ndcg_10: 0.0437	 hit@1:0.013931	 hit@5:0.0510	 hit@10: 0.0861
target best!
...................................target: 	 mrr: 0.041463	 ndcg_5: 0.0332	 ndcg_10: 0.0452	 hit@1:0.014382	 hit@5:0.0522	 hit@10: 0.0897
epoch 24: train_loss = 1.121440, source_hit@10 = 0.0913, source_ndcg@10 = 0.0474, target_hit@10 = 0.0897, target_ndcg@10 = 0.0452

2024-08-02 16:03:20.849739: step 8575/27440 (epoch 25/80), loss = 1.118858 (46.964 sec/epoch), lr: 0.002793
Evaluating on dev set...
..................................................................
source: 	 mrr: 0.049076	 ndcg_5: 0.0395	 ndcg_10: 0.0535	 hit@1:0.018061	 hit@5:0.0618	 hit@10: 0.1058
target: 	 mrr: 0.037002	 ndcg_5: 0.0284	 ndcg_10: 0.0384	 hit@1:0.011702	 hit@5:0.0460	 hit@10: 0.0772
epoch 25: train_loss = 1.118858, source_hit@10 = 0.1058, source_ndcg@10 = 0.0535, target_hit@10 = 0.0772, target_ndcg@10 = 0.0384

2024-08-02 16:04:09.320531: step 8918/27440 (epoch 26/80), loss = 1.112470 (47.782 sec/epoch), lr: 0.002654
Evaluating on dev set...
..................................................................
source: 	 mrr: 0.052616	 ndcg_5: 0.0434	 ndcg_10: 0.0556	 hit@1:0.020596	 hit@5:0.0659	 hit@10: 0.1042
target: 	 mrr: 0.037505	 ndcg_5: 0.0281	 ndcg_10: 0.0389	 hit@1:0.011981	 hit@5:0.0440	 hit@10: 0.0780
source best!
..............................
source: 	 mrr: 0.050190	 ndcg_5: 0.0413	 ndcg_10: 0.0523	 hit@1:0.019773	 hit@5:0.0626	 hit@10: 0.0969
epoch 26: train_loss = 1.112470, source_hit@10 = 0.0969, source_ndcg@10 = 0.0523, target_hit@10 = 0.0780, target_ndcg@10 = 0.0389

2024-08-02 16:04:57.209497: step 9261/27440 (epoch 27/80), loss = 1.111920 (46.976 sec/epoch), lr: 0.002654
Evaluating on dev set...
..................................................................
source: 	 mrr: 0.048304	 ndcg_5: 0.0383	 ndcg_10: 0.0517	 hit@1:0.017427	 hit@5:0.0593	 hit@10: 0.1008
target: 	 mrr: 0.041509	 ndcg_5: 0.0318	 ndcg_10: 0.0430	 hit@1:0.014767	 hit@5:0.0499	 hit@10: 0.0847
target best!
...................................target: 	 mrr: 0.040751	 ndcg_5: 0.0308	 ndcg_10: 0.0431	 hit@1:0.013536	 hit@5:0.0488	 hit@10: 0.0871
epoch 27: train_loss = 1.111920, source_hit@10 = 0.1008, source_ndcg@10 = 0.0517, target_hit@10 = 0.0871, target_ndcg@10 = 0.0431

2024-08-02 16:05:45.773483: step 9604/27440 (epoch 28/80), loss = 1.108520 (47.612 sec/epoch), lr: 0.002521
Evaluating on dev set...
..................................................................
source: 	 mrr: 0.042072	 ndcg_5: 0.0330	 ndcg_10: 0.0437	 hit@1:0.015843	 hit@5:0.0501	 hit@10: 0.0833
target: 	 mrr: 0.037746	 ndcg_5: 0.0282	 ndcg_10: 0.0376	 hit@1:0.012260	 hit@5:0.0440	 hit@10: 0.0736
epoch 28: train_loss = 1.108520, source_hit@10 = 0.0833, source_ndcg@10 = 0.0437, target_hit@10 = 0.0736, target_ndcg@10 = 0.0376

2024-08-02 16:06:32.785867: step 9947/27440 (epoch 29/80), loss = 1.105662 (46.370 sec/epoch), lr: 0.002395
Evaluating on dev set...
..................................................................
source: 	 mrr: 0.051225	 ndcg_5: 0.0414	 ndcg_10: 0.0540	 hit@1:0.020913	 hit@5:0.0621	 hit@10: 0.1017
target: 	 mrr: 0.039503	 ndcg_5: 0.0302	 ndcg_10: 0.0428	 hit@1:0.011424	 hit@5:0.0493	 hit@10: 0.0886
epoch 29: train_loss = 1.105662, source_hit@10 = 0.1017, source_ndcg@10 = 0.0540, target_hit@10 = 0.0886, target_ndcg@10 = 0.0428

2024-08-02 16:07:19.898353: step 10290/27440 (epoch 30/80), loss = 1.103161 (46.472 sec/epoch), lr: 0.002395
Evaluating on dev set...
..................................................................
source: 	 mrr: 0.050747	 ndcg_5: 0.0427	 ndcg_10: 0.0539	 hit@1:0.019328	 hit@5:0.0659	 hit@10: 0.1011
target: 	 mrr: 0.040072	 ndcg_5: 0.0308	 ndcg_10: 0.0421	 hit@1:0.014210	 hit@5:0.0482	 hit@10: 0.0841
epoch 30: train_loss = 1.103161, source_hit@10 = 0.1011, source_ndcg@10 = 0.0539, target_hit@10 = 0.0841, target_ndcg@10 = 0.0421

2024-08-02 16:08:06.189627: step 10633/27440 (epoch 31/80), loss = 1.100485 (45.637 sec/epoch), lr: 0.002395
Evaluating on dev set...
..................................................................
source: 	 mrr: 0.039844	 ndcg_5: 0.0297	 ndcg_10: 0.0417	 hit@1:0.012041	 hit@5:0.0469	 hit@10: 0.0846
target: 	 mrr: 0.038567	 ndcg_5: 0.0296	 ndcg_10: 0.0414	 hit@1:0.011145	 hit@5:0.0485	 hit@10: 0.0853
epoch 31: train_loss = 1.100485, source_hit@10 = 0.0846, source_ndcg@10 = 0.0417, target_hit@10 = 0.0853, target_ndcg@10 = 0.0414

2024-08-02 16:08:53.151161: step 10976/27440 (epoch 32/80), loss = 1.099183 (46.325 sec/epoch), lr: 0.002275
Evaluating on dev set...
..................................................................
source: 	 mrr: 0.046144	 ndcg_5: 0.0350	 ndcg_10: 0.0492	 hit@1:0.018061	 hit@5:0.0529	 hit@10: 0.0976
target: 	 mrr: 0.040252	 ndcg_5: 0.0313	 ndcg_10: 0.0442	 hit@1:0.013096	 hit@5:0.0502	 hit@10: 0.0906
epoch 32: train_loss = 1.099183, source_hit@10 = 0.0976, source_ndcg@10 = 0.0492, target_hit@10 = 0.0906, target_ndcg@10 = 0.0442

2024-08-02 16:09:39.610756: step 11319/27440 (epoch 33/80), loss = 1.098942 (45.820 sec/epoch), lr: 0.002275
Evaluating on dev set...
..................................................................
source: 	 mrr: 0.042127	 ndcg_5: 0.0326	 ndcg_10: 0.0444	 hit@1:0.014259	 hit@5:0.0526	 hit@10: 0.0897
target: 	 mrr: 0.040320	 ndcg_5: 0.0320	 ndcg_10: 0.0421	 hit@1:0.013374	 hit@5:0.0513	 hit@10: 0.0828
epoch 33: train_loss = 1.098942, source_hit@10 = 0.0897, source_ndcg@10 = 0.0444, target_hit@10 = 0.0828, target_ndcg@10 = 0.0421

2024-08-02 16:10:26.810279: step 11662/27440 (epoch 34/80), loss = 1.092504 (46.559 sec/epoch), lr: 0.002161
Evaluating on dev set...
..................................................................
source: 	 mrr: 0.042580	 ndcg_5: 0.0339	 ndcg_10: 0.0437	 hit@1:0.013942	 hit@5:0.0539	 hit@10: 0.0843
target: 	 mrr: 0.040453	 ndcg_5: 0.0316	 ndcg_10: 0.0444	 hit@1:0.011981	 hit@5:0.0521	 hit@10: 0.0917
epoch 34: train_loss = 1.092504, source_hit@10 = 0.0843, source_ndcg@10 = 0.0437, target_hit@10 = 0.0917, target_ndcg@10 = 0.0444

2024-08-02 16:11:15.611592: step 12005/27440 (epoch 35/80), loss = 1.094806 (48.128 sec/epoch), lr: 0.002161
Evaluating on dev set...
..................................................................
source: 	 mrr: 0.039955	 ndcg_5: 0.0317	 ndcg_10: 0.0430	 hit@1:0.011407	 hit@5:0.0523	 hit@10: 0.0875
target: 	 mrr: 0.043663	 ndcg_5: 0.0327	 ndcg_10: 0.0465	 hit@1:0.015325	 hit@5:0.0504	 hit@10: 0.0933
target best!
...................................target: 	 mrr: 0.045205	 ndcg_5: 0.0355	 ndcg_10: 0.0473	 hit@1:0.017766	 hit@5:0.0539	 hit@10: 0.0905
epoch 35: train_loss = 1.094806, source_hit@10 = 0.0875, source_ndcg@10 = 0.0430, target_hit@10 = 0.0905, target_ndcg@10 = 0.0473

2024-08-02 16:12:04.143351: step 12348/27440 (epoch 36/80), loss = 1.093456 (47.589 sec/epoch), lr: 0.002161
Evaluating on dev set...
..................................................................
source: 	 mrr: 0.039035	 ndcg_5: 0.0304	 ndcg_10: 0.0404	 hit@1:0.012674	 hit@5:0.0478	 hit@10: 0.0786
target: 	 mrr: 0.040963	 ndcg_5: 0.0329	 ndcg_10: 0.0442	 hit@1:0.013374	 hit@5:0.0518	 hit@10: 0.0872
epoch 36: train_loss = 1.093456, source_hit@10 = 0.0786, source_ndcg@10 = 0.0404, target_hit@10 = 0.0872, target_ndcg@10 = 0.0442

2024-08-02 16:12:51.870143: step 12691/27440 (epoch 37/80), loss = 1.088716 (47.086 sec/epoch), lr: 0.002053
Evaluating on dev set...
..................................................................
source: 	 mrr: 0.053041	 ndcg_5: 0.0455	 ndcg_10: 0.0580	 hit@1:0.018378	 hit@5:0.0729	 hit@10: 0.1125
target: 	 mrr: 0.040119	 ndcg_5: 0.0302	 ndcg_10: 0.0430	 hit@1:0.011981	 hit@5:0.0479	 hit@10: 0.0872
source best!
..............................
source: 	 mrr: 0.053468	 ndcg_5: 0.0432	 ndcg_10: 0.0585	 hit@1:0.021070	 hit@5:0.0652	 hit@10: 0.1128
epoch 37: train_loss = 1.088716, source_hit@10 = 0.1128, source_ndcg@10 = 0.0585, target_hit@10 = 0.0872, target_ndcg@10 = 0.0430

2024-08-02 16:13:40.929189: step 13034/27440 (epoch 38/80), loss = 1.089422 (48.154 sec/epoch), lr: 0.002053
Evaluating on dev set...
..................................................................
source: 	 mrr: 0.055414	 ndcg_5: 0.0452	 ndcg_10: 0.0614	 hit@1:0.022497	 hit@5:0.0688	 hit@10: 0.1191
target: 	 mrr: 0.041750	 ndcg_5: 0.0321	 ndcg_10: 0.0441	 hit@1:0.014767	 hit@5:0.0504	 hit@10: 0.0883
source best!
..............................
source: 	 mrr: 0.052173	 ndcg_5: 0.0427	 ndcg_10: 0.0546	 hit@1:0.021718	 hit@5:0.0642	 hit@10: 0.1008
epoch 38: train_loss = 1.089422, source_hit@10 = 0.1008, source_ndcg@10 = 0.0546, target_hit@10 = 0.0883, target_ndcg@10 = 0.0441
new best model saved.

2024-08-02 16:14:29.538099: step 13377/27440 (epoch 39/80), loss = 1.088801 (47.579 sec/epoch), lr: 0.002053
Evaluating on dev set...
..................................................................
source: 	 mrr: 0.045342	 ndcg_5: 0.0372	 ndcg_10: 0.0494	 hit@1:0.013942	 hit@5:0.0596	 hit@10: 0.0976
target: 	 mrr: 0.042007	 ndcg_5: 0.0325	 ndcg_10: 0.0447	 hit@1:0.013096	 hit@5:0.0515	 hit@10: 0.0894
epoch 39: train_loss = 1.088801, source_hit@10 = 0.0976, source_ndcg@10 = 0.0494, target_hit@10 = 0.0894, target_ndcg@10 = 0.0447

2024-08-02 16:15:16.394358: step 13720/27440 (epoch 40/80), loss = 1.086075 (46.185 sec/epoch), lr: 0.001951
Evaluating on dev set...
..................................................................
source: 	 mrr: 0.051082	 ndcg_5: 0.0410	 ndcg_10: 0.0548	 hit@1:0.019328	 hit@5:0.0624	 hit@10: 0.1055
target: 	 mrr: 0.042620	 ndcg_5: 0.0337	 ndcg_10: 0.0458	 hit@1:0.013374	 hit@5:0.0554	 hit@10: 0.0933
epoch 40: train_loss = 1.086075, source_hit@10 = 0.1055, source_ndcg@10 = 0.0548, target_hit@10 = 0.0933, target_ndcg@10 = 0.0458

2024-08-02 16:16:03.462221: step 14063/27440 (epoch 41/80), loss = 1.087202 (46.424 sec/epoch), lr: 0.001951
Evaluating on dev set...
..................................................................
source: 	 mrr: 0.057233	 ndcg_5: 0.0486	 ndcg_10: 0.0625	 hit@1:0.023447	 hit@5:0.0729	 hit@10: 0.1163
target: 	 mrr: 0.037053	 ndcg_5: 0.0277	 ndcg_10: 0.0385	 hit@1:0.011702	 hit@5:0.0437	 hit@10: 0.0777
source best!
..............................
source: 	 mrr: 0.051563	 ndcg_5: 0.0427	 ndcg_10: 0.0543	 hit@1:0.020097	 hit@5:0.0661	 hit@10: 0.1018
epoch 41: train_loss = 1.087202, source_hit@10 = 0.1018, source_ndcg@10 = 0.0543, target_hit@10 = 0.0777, target_ndcg@10 = 0.0385

2024-08-02 16:16:51.552103: step 14406/27440 (epoch 42/80), loss = 1.084869 (47.161 sec/epoch), lr: 0.001951
Evaluating on dev set...
..................................................................
source: 	 mrr: 0.050349	 ndcg_5: 0.0406	 ndcg_10: 0.0527	 hit@1:0.019011	 hit@5:0.0624	 hit@10: 0.1004
target: 	 mrr: 0.037326	 ndcg_5: 0.0278	 ndcg_10: 0.0393	 hit@1:0.009473	 hit@5:0.0468	 hit@10: 0.0830
epoch 42: train_loss = 1.084869, source_hit@10 = 0.1004, source_ndcg@10 = 0.0527, target_hit@10 = 0.0830, target_ndcg@10 = 0.0393

2024-08-02 16:17:39.896030: step 14749/27440 (epoch 43/80), loss = 1.082166 (47.705 sec/epoch), lr: 0.001853
Evaluating on dev set...
..................................................................
source: 	 mrr: 0.054590	 ndcg_5: 0.0442	 ndcg_10: 0.0594	 hit@1:0.022180	 hit@5:0.0669	 hit@10: 0.1141
target: 	 mrr: 0.042357	 ndcg_5: 0.0321	 ndcg_10: 0.0443	 hit@1:0.015325	 hit@5:0.0488	 hit@10: 0.0867
epoch 43: train_loss = 1.082166, source_hit@10 = 0.1141, source_ndcg@10 = 0.0594, target_hit@10 = 0.0867, target_ndcg@10 = 0.0443

2024-08-02 16:18:28.626475: step 15092/27440 (epoch 44/80), loss = 1.079848 (48.092 sec/epoch), lr: 0.001853
Evaluating on dev set...
..................................................................
source: 	 mrr: 0.042915	 ndcg_5: 0.0328	 ndcg_10: 0.0445	 hit@1:0.014259	 hit@5:0.0520	 hit@10: 0.0887
target: 	 mrr: 0.041685	 ndcg_5: 0.0324	 ndcg_10: 0.0452	 hit@1:0.013931	 hit@5:0.0521	 hit@10: 0.0922
epoch 44: train_loss = 1.079848, source_hit@10 = 0.0887, source_ndcg@10 = 0.0445, target_hit@10 = 0.0922, target_ndcg@10 = 0.0452

2024-08-02 16:19:17.060707: step 15435/27440 (epoch 45/80), loss = 1.079168 (47.790 sec/epoch), lr: 0.001761
Evaluating on dev set...
..................................................................
source: 	 mrr: 0.053989	 ndcg_5: 0.0431	 ndcg_10: 0.0573	 hit@1:0.022814	 hit@5:0.0631	 hit@10: 0.1071
target: 	 mrr: 0.041847	 ndcg_5: 0.0321	 ndcg_10: 0.0444	 hit@1:0.013931	 hit@5:0.0518	 hit@10: 0.0903
epoch 45: train_loss = 1.079168, source_hit@10 = 0.1071, source_ndcg@10 = 0.0573, target_hit@10 = 0.0903, target_ndcg@10 = 0.0444

2024-08-02 16:20:05.256702: step 15778/27440 (epoch 46/80), loss = 1.077014 (47.528 sec/epoch), lr: 0.001761
Evaluating on dev set...
..................................................................
source: 	 mrr: 0.049824	 ndcg_5: 0.0395	 ndcg_10: 0.0538	 hit@1:0.018378	 hit@5:0.0612	 hit@10: 0.1058
target: 	 mrr: 0.038974	 ndcg_5: 0.0306	 ndcg_10: 0.0418	 hit@1:0.011702	 hit@5:0.0502	 hit@10: 0.0850
epoch 46: train_loss = 1.077014, source_hit@10 = 0.1058, source_ndcg@10 = 0.0538, target_hit@10 = 0.0850, target_ndcg@10 = 0.0418

2024-08-02 16:20:54.034537: step 16121/27440 (epoch 47/80), loss = 1.074389 (48.089 sec/epoch), lr: 0.001672
Evaluating on dev set...
..................................................................
source: 	 mrr: 0.045922	 ndcg_5: 0.0371	 ndcg_10: 0.0478	 hit@1:0.016477	 hit@5:0.0574	 hit@10: 0.0909
target: 	 mrr: 0.042531	 ndcg_5: 0.0340	 ndcg_10: 0.0451	 hit@1:0.013931	 hit@5:0.0546	 hit@10: 0.0892
epoch 47: train_loss = 1.074389, source_hit@10 = 0.0909, source_ndcg@10 = 0.0478, target_hit@10 = 0.0892, target_ndcg@10 = 0.0451

2024-08-02 16:21:42.532037: step 16464/27440 (epoch 48/80), loss = 1.071675 (47.859 sec/epoch), lr: 0.001589
Evaluating on dev set...
..................................................................
source: 	 mrr: 0.050552	 ndcg_5: 0.0392	 ndcg_10: 0.0529	 hit@1:0.022180	 hit@5:0.0564	 hit@10: 0.0995
target: 	 mrr: 0.042261	 ndcg_5: 0.0329	 ndcg_10: 0.0441	 hit@1:0.014767	 hit@5:0.0513	 hit@10: 0.0867
epoch 48: train_loss = 1.071675, source_hit@10 = 0.0995, source_ndcg@10 = 0.0529, target_hit@10 = 0.0867, target_ndcg@10 = 0.0441

2024-08-02 16:22:30.837394: step 16807/27440 (epoch 49/80), loss = 1.071185 (47.662 sec/epoch), lr: 0.001589
Evaluating on dev set...
..................................................................
source: 	 mrr: 0.054758	 ndcg_5: 0.0446	 ndcg_10: 0.0583	 hit@1:0.022497	 hit@5:0.0669	 hit@10: 0.1093
target: 	 mrr: 0.042654	 ndcg_5: 0.0335	 ndcg_10: 0.0454	 hit@1:0.013374	 hit@5:0.0543	 hit@10: 0.0911
epoch 49: train_loss = 1.071185, source_hit@10 = 0.1093, source_ndcg@10 = 0.0583, target_hit@10 = 0.0911, target_ndcg@10 = 0.0454

2024-08-02 16:23:19.623266: step 17150/27440 (epoch 50/80), loss = 1.071496 (48.142 sec/epoch), lr: 0.001589
Evaluating on dev set...
..................................................................
source: 	 mrr: 0.053605	 ndcg_5: 0.0460	 ndcg_10: 0.0591	 hit@1:0.019645	 hit@5:0.0732	 hit@10: 0.1144
target: 	 mrr: 0.041724	 ndcg_5: 0.0336	 ndcg_10: 0.0441	 hit@1:0.013096	 hit@5:0.0529	 hit@10: 0.0855
epoch 50: train_loss = 1.071496, source_hit@10 = 0.1144, source_ndcg@10 = 0.0591, target_hit@10 = 0.0855, target_ndcg@10 = 0.0441
shift to transfer learning mode

2024-08-02 16:24:08.702388: step 17493/27440 (epoch 51/80), loss = 1.068689 (48.442 sec/epoch), lr: 0.001509
Evaluating on dev set...
..................................................................
source: 	 mrr: 0.050099	 ndcg_5: 0.0409	 ndcg_10: 0.0530	 hit@1:0.020596	 hit@5:0.0608	 hit@10: 0.0985
target: 	 mrr: 0.044645	 ndcg_5: 0.0357	 ndcg_10: 0.0485	 hit@1:0.015603	 hit@5:0.0566	 hit@10: 0.0967
target best!
...................................target: 	 mrr: 0.040770	 ndcg_5: 0.0332	 ndcg_10: 0.0434	 hit@1:0.011562	 hit@5:0.0561	 hit@10: 0.0883
epoch 51: train_loss = 1.068689, source_hit@10 = 0.0985, source_ndcg@10 = 0.0530, target_hit@10 = 0.0883, target_ndcg@10 = 0.0434

2024-08-02 16:24:58.336676: step 17836/27440 (epoch 52/80), loss = 1.064429 (48.643 sec/epoch), lr: 0.001434
Evaluating on dev set...
..................................................................
source: 	 mrr: 0.054193	 ndcg_5: 0.0453	 ndcg_10: 0.0591	 hit@1:0.019645	 hit@5:0.0713	 hit@10: 0.1147
target: 	 mrr: 0.038073	 ndcg_5: 0.0285	 ndcg_10: 0.0394	 hit@1:0.011145	 hit@5:0.0454	 hit@10: 0.0797
epoch 52: train_loss = 1.064429, source_hit@10 = 0.1147, source_ndcg@10 = 0.0591, target_hit@10 = 0.0797, target_ndcg@10 = 0.0394

2024-08-02 16:25:47.933871: step 18179/27440 (epoch 53/80), loss = 1.061097 (48.957 sec/epoch), lr: 0.001362
Evaluating on dev set...
..................................................................
source: 	 mrr: 0.051255	 ndcg_5: 0.0433	 ndcg_10: 0.0559	 hit@1:0.018061	 hit@5:0.0675	 hit@10: 0.1065
target: 	 mrr: 0.038382	 ndcg_5: 0.0292	 ndcg_10: 0.0414	 hit@1:0.009752	 hit@5:0.0490	 hit@10: 0.0872
epoch 53: train_loss = 1.061097, source_hit@10 = 0.1065, source_ndcg@10 = 0.0559, target_hit@10 = 0.0872, target_ndcg@10 = 0.0414

2024-08-02 16:26:37.114665: step 18522/27440 (epoch 54/80), loss = 1.057342 (48.540 sec/epoch), lr: 0.001294
Evaluating on dev set...
..................................................................
source: 	 mrr: 0.049643	 ndcg_5: 0.0391	 ndcg_10: 0.0529	 hit@1:0.019328	 hit@5:0.0596	 hit@10: 0.1023
target: 	 mrr: 0.040762	 ndcg_5: 0.0315	 ndcg_10: 0.0448	 hit@1:0.011145	 hit@5:0.0524	 hit@10: 0.0936
epoch 54: train_loss = 1.057342, source_hit@10 = 0.1023, source_ndcg@10 = 0.0529, target_hit@10 = 0.0936, target_ndcg@10 = 0.0448

2024-08-02 16:27:26.147944: step 18865/27440 (epoch 55/80), loss = 1.055304 (48.334 sec/epoch), lr: 0.001294
Evaluating on dev set...
..................................................................
source: 	 mrr: 0.051145	 ndcg_5: 0.0406	 ndcg_10: 0.0549	 hit@1:0.019962	 hit@5:0.0599	 hit@10: 0.1046
target: 	 mrr: 0.041393	 ndcg_5: 0.0313	 ndcg_10: 0.0435	 hit@1:0.012817	 hit@5:0.0502	 hit@10: 0.0883
epoch 55: train_loss = 1.055304, source_hit@10 = 0.1046, source_ndcg@10 = 0.0549, target_hit@10 = 0.0883, target_ndcg@10 = 0.0435

2024-08-02 16:28:14.738470: step 19208/27440 (epoch 56/80), loss = 1.055739 (47.954 sec/epoch), lr: 0.001294
Evaluating on dev set...
..................................................................
source: 	 mrr: 0.044238	 ndcg_5: 0.0348	 ndcg_10: 0.0456	 hit@1:0.017110	 hit@5:0.0520	 hit@10: 0.0859
target: 	 mrr: 0.042963	 ndcg_5: 0.0326	 ndcg_10: 0.0456	 hit@1:0.014210	 hit@5:0.0521	 hit@10: 0.0931
epoch 56: train_loss = 1.055739, source_hit@10 = 0.0859, source_ndcg@10 = 0.0456, target_hit@10 = 0.0931, target_ndcg@10 = 0.0456

2024-08-02 16:29:03.473598: step 19551/27440 (epoch 57/80), loss = 1.053000 (48.096 sec/epoch), lr: 0.001229
Evaluating on dev set...
..................................................................
source: 	 mrr: 0.056298	 ndcg_5: 0.0454	 ndcg_10: 0.0612	 hit@1:0.023764	 hit@5:0.0672	 hit@10: 0.1166
target: 	 mrr: 0.042616	 ndcg_5: 0.0327	 ndcg_10: 0.0470	 hit@1:0.013096	 hit@5:0.0535	 hit@10: 0.0978
epoch 57: train_loss = 1.053000, source_hit@10 = 0.1166, source_ndcg@10 = 0.0612, target_hit@10 = 0.0978, target_ndcg@10 = 0.0470

2024-08-02 16:29:52.379798: step 19894/27440 (epoch 58/80), loss = 1.050298 (48.265 sec/epoch), lr: 0.001229
Evaluating on dev set...
..................................................................
source: 	 mrr: 0.039679	 ndcg_5: 0.0308	 ndcg_10: 0.0419	 hit@1:0.015209	 hit@5:0.0466	 hit@10: 0.0811
target: 	 mrr: 0.043080	 ndcg_5: 0.0339	 ndcg_10: 0.0472	 hit@1:0.013653	 hit@5:0.0549	 hit@10: 0.0967
epoch 58: train_loss = 1.050298, source_hit@10 = 0.0811, source_ndcg@10 = 0.0419, target_hit@10 = 0.0967, target_ndcg@10 = 0.0472

2024-08-02 16:30:41.620808: step 20237/27440 (epoch 59/80), loss = 1.047426 (48.581 sec/epoch), lr: 0.001168
Evaluating on dev set...
..................................................................
source: 	 mrr: 0.051983	 ndcg_5: 0.0435	 ndcg_10: 0.0571	 hit@1:0.016793	 hit@5:0.0694	 hit@10: 0.1119
target: 	 mrr: 0.042670	 ndcg_5: 0.0326	 ndcg_10: 0.0459	 hit@1:0.013374	 hit@5:0.0521	 hit@10: 0.0936
epoch 59: train_loss = 1.047426, source_hit@10 = 0.1119, source_ndcg@10 = 0.0571, target_hit@10 = 0.0936, target_ndcg@10 = 0.0459

2024-08-02 16:31:30.794687: step 20580/27440 (epoch 60/80), loss = 1.045731 (48.493 sec/epoch), lr: 0.001168
Evaluating on dev set...
..................................................................
source: 	 mrr: 0.056699	 ndcg_5: 0.0459	 ndcg_10: 0.0611	 hit@1:0.023764	 hit@5:0.0678	 hit@10: 0.1153
target: 	 mrr: 0.044214	 ndcg_5: 0.0350	 ndcg_10: 0.0478	 hit@1:0.014489	 hit@5:0.0568	 hit@10: 0.0967
epoch 60: train_loss = 1.045731, source_hit@10 = 0.1153, source_ndcg@10 = 0.0611, target_hit@10 = 0.0967, target_ndcg@10 = 0.0478

2024-08-02 16:32:19.887333: step 20923/27440 (epoch 61/80), loss = 1.044763 (48.449 sec/epoch), lr: 0.001168
Evaluating on dev set...
..................................................................
source: 	 mrr: 0.042672	 ndcg_5: 0.0333	 ndcg_10: 0.0440	 hit@1:0.015526	 hit@5:0.0520	 hit@10: 0.0856
target: 	 mrr: 0.042335	 ndcg_5: 0.0339	 ndcg_10: 0.0456	 hit@1:0.014767	 hit@5:0.0535	 hit@10: 0.0903
epoch 61: train_loss = 1.044763, source_hit@10 = 0.0856, source_ndcg@10 = 0.0440, target_hit@10 = 0.0903, target_ndcg@10 = 0.0456

2024-08-02 16:33:09.325699: step 21266/27440 (epoch 62/80), loss = 1.040141 (48.795 sec/epoch), lr: 0.001110
Evaluating on dev set...
..................................................................
source: 	 mrr: 0.057998	 ndcg_5: 0.0474	 ndcg_10: 0.0617	 hit@1:0.024398	 hit@5:0.0700	 hit@10: 0.1141
target: 	 mrr: 0.044140	 ndcg_5: 0.0344	 ndcg_10: 0.0469	 hit@1:0.016160	 hit@5:0.0541	 hit@10: 0.0931
source best!
..............................
source: 	 mrr: 0.056894	 ndcg_5: 0.0479	 ndcg_10: 0.0597	 hit@1:0.024311	 hit@5:0.0726	 hit@10: 0.1096
epoch 62: train_loss = 1.040141, source_hit@10 = 0.1096, source_ndcg@10 = 0.0597, target_hit@10 = 0.0931, target_ndcg@10 = 0.0469
new best model saved.

2024-08-02 16:33:58.733438: step 21609/27440 (epoch 63/80), loss = 1.038811 (48.376 sec/epoch), lr: 0.001110
Evaluating on dev set...
..................................................................
source: 	 mrr: 0.055375	 ndcg_5: 0.0456	 ndcg_10: 0.0584	 hit@1:0.021546	 hit@5:0.0678	 hit@10: 0.1080
target: 	 mrr: 0.044416	 ndcg_5: 0.0337	 ndcg_10: 0.0479	 hit@1:0.013931	 hit@5:0.0532	 hit@10: 0.0975
epoch 63: train_loss = 1.038811, source_hit@10 = 0.1080, source_ndcg@10 = 0.0584, target_hit@10 = 0.0975, target_ndcg@10 = 0.0479

2024-08-02 16:34:48.125368: step 21952/27440 (epoch 64/80), loss = 1.031635 (48.751 sec/epoch), lr: 0.001054
Evaluating on dev set...
..................................................................
source: 	 mrr: 0.043146	 ndcg_5: 0.0334	 ndcg_10: 0.0447	 hit@1:0.016160	 hit@5:0.0507	 hit@10: 0.0862
target: 	 mrr: 0.041588	 ndcg_5: 0.0325	 ndcg_10: 0.0439	 hit@1:0.013931	 hit@5:0.0521	 hit@10: 0.0878
epoch 64: train_loss = 1.031635, source_hit@10 = 0.0862, source_ndcg@10 = 0.0447, target_hit@10 = 0.0878, target_ndcg@10 = 0.0439

2024-08-02 16:35:37.193496: step 22295/27440 (epoch 65/80), loss = 1.030200 (48.427 sec/epoch), lr: 0.001001
Evaluating on dev set...
..................................................................
source: 	 mrr: 0.052791	 ndcg_5: 0.0437	 ndcg_10: 0.0563	 hit@1:0.021546	 hit@5:0.0662	 hit@10: 0.1058
target: 	 mrr: 0.044034	 ndcg_5: 0.0348	 ndcg_10: 0.0479	 hit@1:0.014767	 hit@5:0.0563	 hit@10: 0.0970
epoch 65: train_loss = 1.030200, source_hit@10 = 0.1058, source_ndcg@10 = 0.0563, target_hit@10 = 0.0970, target_ndcg@10 = 0.0479

2024-08-02 16:36:26.239692: step 22638/27440 (epoch 66/80), loss = 1.024075 (48.353 sec/epoch), lr: 0.001001
Evaluating on dev set...
..................................................................
source: 	 mrr: 0.051370	 ndcg_5: 0.0420	 ndcg_10: 0.0535	 hit@1:0.019962	 hit@5:0.0637	 hit@10: 0.0995
target: 	 mrr: 0.044736	 ndcg_5: 0.0355	 ndcg_10: 0.0488	 hit@1:0.015046	 hit@5:0.0566	 hit@10: 0.0984
target best!
...................................target: 	 mrr: 0.043117	 ndcg_5: 0.0344	 ndcg_10: 0.0461	 hit@1:0.013818	 hit@5:0.0553	 hit@10: 0.0919
epoch 66: train_loss = 1.024075, source_hit@10 = 0.0995, source_ndcg@10 = 0.0535, target_hit@10 = 0.0919, target_ndcg@10 = 0.0461

2024-08-02 16:37:15.857916: step 22981/27440 (epoch 67/80), loss = 1.020985 (48.644 sec/epoch), lr: 0.000951
Evaluating on dev set...
..................................................................
source: 	 mrr: 0.047369	 ndcg_5: 0.0375	 ndcg_10: 0.0512	 hit@1:0.017427	 hit@5:0.0583	 hit@10: 0.1014
target: 	 mrr: 0.045046	 ndcg_5: 0.0359	 ndcg_10: 0.0488	 hit@1:0.015882	 hit@5:0.0574	 hit@10: 0.0972
target best!
...................................target: 	 mrr: 0.042988	 ndcg_5: 0.0346	 ndcg_10: 0.0471	 hit@1:0.012690	 hit@5:0.0567	 hit@10: 0.0953
epoch 67: train_loss = 1.020985, source_hit@10 = 0.1014, source_ndcg@10 = 0.0512, target_hit@10 = 0.0953, target_ndcg@10 = 0.0471

2024-08-02 16:38:05.530875: step 23324/27440 (epoch 68/80), loss = 1.014953 (48.725 sec/epoch), lr: 0.000904
Evaluating on dev set...
..................................................................
source: 	 mrr: 0.047532	 ndcg_5: 0.0379	 ndcg_10: 0.0482	 hit@1:0.018378	 hit@5:0.0570	 hit@10: 0.0897
target: 	 mrr: 0.043815	 ndcg_5: 0.0346	 ndcg_10: 0.0491	 hit@1:0.013931	 hit@5:0.0563	 hit@10: 0.1017
epoch 68: train_loss = 1.014953, source_hit@10 = 0.0897, source_ndcg@10 = 0.0482, target_hit@10 = 0.1017, target_ndcg@10 = 0.0491

2024-08-02 16:38:54.333035: step 23667/27440 (epoch 69/80), loss = 1.008998 (48.163 sec/epoch), lr: 0.000859
Evaluating on dev set...
..................................................................
source: 	 mrr: 0.045506	 ndcg_5: 0.0370	 ndcg_10: 0.0479	 hit@1:0.016793	 hit@5:0.0580	 hit@10: 0.0922
target: 	 mrr: 0.041605	 ndcg_5: 0.0324	 ndcg_10: 0.0460	 hit@1:0.014210	 hit@5:0.0521	 hit@10: 0.0942
epoch 69: train_loss = 1.008998, source_hit@10 = 0.0922, source_ndcg@10 = 0.0479, target_hit@10 = 0.0942, target_ndcg@10 = 0.0460

2024-08-02 16:39:43.607815: step 24010/27440 (epoch 70/80), loss = 1.004733 (48.638 sec/epoch), lr: 0.000816
Evaluating on dev set...
..................................................................
source: 	 mrr: 0.047936	 ndcg_5: 0.0376	 ndcg_10: 0.0493	 hit@1:0.019011	 hit@5:0.0551	 hit@10: 0.0913
target: 	 mrr: 0.041436	 ndcg_5: 0.0319	 ndcg_10: 0.0457	 hit@1:0.013653	 hit@5:0.0515	 hit@10: 0.0942
epoch 70: train_loss = 1.004733, source_hit@10 = 0.0913, source_ndcg@10 = 0.0493, target_hit@10 = 0.0942, target_ndcg@10 = 0.0457

2024-08-02 16:40:33.113234: step 24353/27440 (epoch 71/80), loss = 0.998025 (48.856 sec/epoch), lr: 0.000816
Evaluating on dev set...
..................................................................
source: 	 mrr: 0.047439	 ndcg_5: 0.0376	 ndcg_10: 0.0488	 hit@1:0.018378	 hit@5:0.0577	 hit@10: 0.0925
target: 	 mrr: 0.041838	 ndcg_5: 0.0318	 ndcg_10: 0.0435	 hit@1:0.015325	 hit@5:0.0499	 hit@10: 0.0858
epoch 71: train_loss = 0.998025, source_hit@10 = 0.0925, source_ndcg@10 = 0.0488, target_hit@10 = 0.0858, target_ndcg@10 = 0.0435

2024-08-02 16:41:22.402529: step 24696/27440 (epoch 72/80), loss = 0.996562 (48.648 sec/epoch), lr: 0.000775
Evaluating on dev set...
..................................................................
source: 	 mrr: 0.049049	 ndcg_5: 0.0393	 ndcg_10: 0.0518	 hit@1:0.019645	 hit@5:0.0593	 hit@10: 0.0979
target: 	 mrr: 0.044653	 ndcg_5: 0.0348	 ndcg_10: 0.0480	 hit@1:0.016996	 hit@5:0.0529	 hit@10: 0.0945
epoch 72: train_loss = 0.996562, source_hit@10 = 0.0979, source_ndcg@10 = 0.0518, target_hit@10 = 0.0945, target_ndcg@10 = 0.0480

2024-08-02 16:42:11.619039: step 25039/27440 (epoch 73/80), loss = 0.992687 (48.572 sec/epoch), lr: 0.000775
Evaluating on dev set...
..................................................................
source: 	 mrr: 0.048240	 ndcg_5: 0.0377	 ndcg_10: 0.0494	 hit@1:0.020913	 hit@5:0.0539	 hit@10: 0.0909
target: 	 mrr: 0.042299	 ndcg_5: 0.0320	 ndcg_10: 0.0456	 hit@1:0.015046	 hit@5:0.0488	 hit@10: 0.0911
epoch 73: train_loss = 0.992687, source_hit@10 = 0.0909, source_ndcg@10 = 0.0494, target_hit@10 = 0.0911, target_ndcg@10 = 0.0456

2024-08-02 16:43:01.395396: step 25382/27440 (epoch 74/80), loss = 0.989659 (48.439 sec/epoch), lr: 0.000736
Evaluating on dev set...
..................................................................
source: 	 mrr: 0.045842	 ndcg_5: 0.0356	 ndcg_10: 0.0485	 hit@1:0.016477	 hit@5:0.0532	 hit@10: 0.0938
target: 	 mrr: 0.039193	 ndcg_5: 0.0298	 ndcg_10: 0.0400	 hit@1:0.014767	 hit@5:0.0454	 hit@10: 0.0775
epoch 74: train_loss = 0.989659, source_hit@10 = 0.0938, source_ndcg@10 = 0.0485, target_hit@10 = 0.0775, target_ndcg@10 = 0.0400

2024-08-02 16:43:50.642110: step 25725/27440 (epoch 75/80), loss = 0.984953 (48.591 sec/epoch), lr: 0.000699
Evaluating on dev set...
..................................................................
source: 	 mrr: 0.046059	 ndcg_5: 0.0371	 ndcg_10: 0.0491	 hit@1:0.016477	 hit@5:0.0577	 hit@10: 0.0954
target: 	 mrr: 0.041986	 ndcg_5: 0.0337	 ndcg_10: 0.0447	 hit@1:0.015325	 hit@5:0.0524	 hit@10: 0.0869
epoch 75: train_loss = 0.984953, source_hit@10 = 0.0954, source_ndcg@10 = 0.0491, target_hit@10 = 0.0869, target_ndcg@10 = 0.0447

2024-08-02 16:44:39.626696: step 26068/27440 (epoch 76/80), loss = 0.979501 (48.349 sec/epoch), lr: 0.000699
Evaluating on dev set...
..................................................................
source: 	 mrr: 0.038734	 ndcg_5: 0.0303	 ndcg_10: 0.0385	 hit@1:0.013625	 hit@5:0.0472	 hit@10: 0.0729
target: 	 mrr: 0.045331	 ndcg_5: 0.0369	 ndcg_10: 0.0484	 hit@1:0.018390	 hit@5:0.0563	 hit@10: 0.0919
target best!
...................................target: 	 mrr: 0.046509	 ndcg_5: 0.0392	 ndcg_10: 0.0514	 hit@1:0.017202	 hit@5:0.0615	 hit@10: 0.0990
epoch 76: train_loss = 0.979501, source_hit@10 = 0.0729, source_ndcg@10 = 0.0385, target_hit@10 = 0.0990, target_ndcg@10 = 0.0514

2024-08-02 16:45:29.852883: step 26411/27440 (epoch 77/80), loss = 0.975675 (49.287 sec/epoch), lr: 0.000664
Evaluating on dev set...
..................................................................
source: 	 mrr: 0.040227	 ndcg_5: 0.0316	 ndcg_10: 0.0400	 hit@1:0.015843	 hit@5:0.0472	 hit@10: 0.0732
target: 	 mrr: 0.044198	 ndcg_5: 0.0356	 ndcg_10: 0.0485	 hit@1:0.016160	 hit@5:0.0554	 hit@10: 0.0958
epoch 77: train_loss = 0.975675, source_hit@10 = 0.0732, source_ndcg@10 = 0.0400, target_hit@10 = 0.0958, target_ndcg@10 = 0.0485

2024-08-02 16:46:19.311980: step 26754/27440 (epoch 78/80), loss = 0.971143 (48.820 sec/epoch), lr: 0.000664
Evaluating on dev set...
..................................................................
source: 	 mrr: 0.046949	 ndcg_5: 0.0375	 ndcg_10: 0.0494	 hit@1:0.019962	 hit@5:0.0561	 hit@10: 0.0932
target: 	 mrr: 0.044329	 ndcg_5: 0.0365	 ndcg_10: 0.0472	 hit@1:0.015882	 hit@5:0.0566	 hit@10: 0.0897
epoch 78: train_loss = 0.971143, source_hit@10 = 0.0932, source_ndcg@10 = 0.0494, target_hit@10 = 0.0897, target_ndcg@10 = 0.0472

2024-08-02 16:47:08.563600: step 27097/27440 (epoch 79/80), loss = 0.970327 (48.613 sec/epoch), lr: 0.000664
Evaluating on dev set...
..................................................................
source: 	 mrr: 0.053630	 ndcg_5: 0.0453	 ndcg_10: 0.0562	 hit@1:0.023447	 hit@5:0.0675	 hit@10: 0.1017
target: 	 mrr: 0.043199	 ndcg_5: 0.0344	 ndcg_10: 0.0457	 hit@1:0.015882	 hit@5:0.0532	 hit@10: 0.0886
epoch 79: train_loss = 0.970327, source_hit@10 = 0.1017, source_ndcg@10 = 0.0562, target_hit@10 = 0.0886, target_ndcg@10 = 0.0457

2024-08-02 16:47:58.320880: step 27440/27440 (epoch 80/80), loss = 0.967509 (49.108 sec/epoch), lr: 0.000664
Evaluating on dev set...
..................................................................
source: 	 mrr: 0.050132	 ndcg_5: 0.0405	 ndcg_10: 0.0534	 hit@1:0.019645	 hit@5:0.0615	 hit@10: 0.1017
target: 	 mrr: 0.042878	 ndcg_5: 0.0353	 ndcg_10: 0.0470	 hit@1:0.013653	 hit@5:0.0580	 hit@10: 0.0947
epoch 80: train_loss = 0.967509, source_hit@10 = 0.1017, source_ndcg@10 = 0.0534, target_hit@10 = 0.0947, target_ndcg@10 = 0.0470

