nohup: ignoring input
using gpu:0 to train the model
using gpu:0 to train the model
cuda:0
Namespace(A_split=False, JK='sum', a_fold=100, aggregate=False, alpha=0.5, batch_size=1024, beta_inter=0.3, conv_layers=4, cuda=True, decay_epoch=10, device=device(type='cuda', index=0), device_id='0', domains='cloth_sport', dropout=0.5, epoch=80, feature_dim=126, hidden_dim=126, inter_tau=0.2, intra_tau=1, lambda_critic=0.4, leakey=0.05, load=False, log='logs.txt', log_epoch=1, lr=0.004, lr_decay=0.95, min_epoch=50, mode='train', model_file=None, model_name='cs', momentum=0.9, num_latent_factors=3, num_negative=100, optim='adam', patience=30, proj_layers=1, projection=1, residual=1, save=False, save_dir='./saved_models', seed=2040, similarity_tau=0.1, test_sample_number=999, transfer_epoch=40, user_batch_size=256, weight_decay=0.0002)
number_user 41829
number_item 17943
/home/hourun/invariantCDR_v2/invariantCDR/utils/GraphMaker.py:46: RuntimeWarning: divide by zero encountered in power
  r_inv = np.power(rowsum, -1).flatten()
real graph loaded!
number_user 27328
number_item 12655
real graph loaded!
graph loaded!
Loading data from cloth_sport with batch size 1024...
unseen test: 0
test length: 3156
unseen test: 0
test length: 3085
unseen test: 0
test length: 3589
unseen test: 0
test length: 3546
source_user_num 41829
target_user_num 27328
source_item_num 17943
target_item_num 12655
shared users id: 7857
test users 990, 982
unseen test: 0
dev length: 1000
unseen test: 0
dev length: 1000
source train data : 187880, target train data: 163291, source test data : 3085, target test data : 3546, source dev data : 1000, target dev data : 1000
2024-08-03 12:04:18.127700: step 343/27440 (epoch 1/80), loss = 1.422965 (46.591 sec/epoch), lr: 0.004000
Evaluating on dev set...
..................................................................
source: 	 mrr: 0.042788	 ndcg_5: 0.0339	 ndcg_10: 0.0458	 hit@1:0.013625	 hit@5:0.0548	 hit@10: 0.0919
target: 	 mrr: 0.033086	 ndcg_5: 0.0242	 ndcg_10: 0.0335	 hit@1:0.010309	 hit@5:0.0379	 hit@10: 0.0669
source best!
..............................
source: 	 mrr: 0.041064	 ndcg_5: 0.0315	 ndcg_10: 0.0425	 hit@1:0.014587	 hit@5:0.0476	 hit@10: 0.0823
target best!
...................................target: 	 mrr: 0.034469	 ndcg_5: 0.0261	 ndcg_10: 0.0358	 hit@1:0.010434	 hit@5:0.0415	 hit@10: 0.0711
epoch 1: train_loss = 1.422965, source_hit@10 = 0.0823, source_ndcg@10 = 0.0425, target_hit@10 = 0.0711, target_ndcg@10 = 0.0358

2024-08-03 12:05:07.142135: step 686/27440 (epoch 2/80), loss = 1.279512 (47.837 sec/epoch), lr: 0.004000
Evaluating on dev set...
..................................................................
source: 	 mrr: 0.037382	 ndcg_5: 0.0281	 ndcg_10: 0.0392	 hit@1:0.011090	 hit@5:0.0466	 hit@10: 0.0811
target: 	 mrr: 0.032763	 ndcg_5: 0.0251	 ndcg_10: 0.0344	 hit@1:0.009195	 hit@5:0.0415	 hit@10: 0.0705
epoch 2: train_loss = 1.279512, source_hit@10 = 0.0811, source_ndcg@10 = 0.0392, target_hit@10 = 0.0705, target_ndcg@10 = 0.0344

2024-08-03 12:05:56.096171: step 1029/27440 (epoch 3/80), loss = 1.248159 (48.331 sec/epoch), lr: 0.004000
Evaluating on dev set...
..................................................................
source: 	 mrr: 0.038038	 ndcg_5: 0.0281	 ndcg_10: 0.0411	 hit@1:0.011407	 hit@5:0.0453	 hit@10: 0.0862
target: 	 mrr: 0.033751	 ndcg_5: 0.0247	 ndcg_10: 0.0373	 hit@1:0.007802	 hit@5:0.0435	 hit@10: 0.0828
target best!
...................................target: 	 mrr: 0.037605	 ndcg_5: 0.0293	 ndcg_10: 0.0397	 hit@1:0.011280	 hit@5:0.0477	 hit@10: 0.0804
epoch 3: train_loss = 1.248159, source_hit@10 = 0.0862, source_ndcg@10 = 0.0411, target_hit@10 = 0.0804, target_ndcg@10 = 0.0397

2024-08-03 12:06:44.709931: step 1372/27440 (epoch 4/80), loss = 1.221834 (47.675 sec/epoch), lr: 0.004000
Evaluating on dev set...
..................................................................
source: 	 mrr: 0.040782	 ndcg_5: 0.0321	 ndcg_10: 0.0442	 hit@1:0.012041	 hit@5:0.0516	 hit@10: 0.0894
target: 	 mrr: 0.029449	 ndcg_5: 0.0220	 ndcg_10: 0.0290	 hit@1:0.006408	 hit@5:0.0382	 hit@10: 0.0602
epoch 4: train_loss = 1.221834, source_hit@10 = 0.0894, source_ndcg@10 = 0.0442, target_hit@10 = 0.0602, target_ndcg@10 = 0.0290

2024-08-03 12:07:33.710882: step 1715/27440 (epoch 5/80), loss = 1.209493 (48.313 sec/epoch), lr: 0.004000
Evaluating on dev set...
..................................................................
source: 	 mrr: 0.044309	 ndcg_5: 0.0366	 ndcg_10: 0.0470	 hit@1:0.015843	 hit@5:0.0570	 hit@10: 0.0894
target: 	 mrr: 0.039769	 ndcg_5: 0.0324	 ndcg_10: 0.0419	 hit@1:0.012538	 hit@5:0.0521	 hit@10: 0.0816
source best!
..............................
source: 	 mrr: 0.036757	 ndcg_5: 0.0272	 ndcg_10: 0.0380	 hit@1:0.012318	 hit@5:0.0421	 hit@10: 0.0762
target best!
...................................target: 	 mrr: 0.037857	 ndcg_5: 0.0296	 ndcg_10: 0.0400	 hit@1:0.012972	 hit@5:0.0468	 hit@10: 0.0795
epoch 5: train_loss = 1.209493, source_hit@10 = 0.0762, source_ndcg@10 = 0.0380, target_hit@10 = 0.0795, target_ndcg@10 = 0.0400
new best model saved.

2024-08-03 12:08:22.800646: step 2058/27440 (epoch 6/80), loss = 1.198593 (47.725 sec/epoch), lr: 0.004000
Evaluating on dev set...
..................................................................
source: 	 mrr: 0.040275	 ndcg_5: 0.0309	 ndcg_10: 0.0436	 hit@1:0.009823	 hit@5:0.0523	 hit@10: 0.0919
target: 	 mrr: 0.038938	 ndcg_5: 0.0299	 ndcg_10: 0.0400	 hit@1:0.012260	 hit@5:0.0471	 hit@10: 0.0786
epoch 6: train_loss = 1.198593, source_hit@10 = 0.0919, source_ndcg@10 = 0.0436, target_hit@10 = 0.0786, target_ndcg@10 = 0.0400

2024-08-03 12:09:11.079259: step 2401/27440 (epoch 7/80), loss = 1.190548 (47.646 sec/epoch), lr: 0.004000
Evaluating on dev set...
..................................................................
source: 	 mrr: 0.041214	 ndcg_5: 0.0325	 ndcg_10: 0.0453	 hit@1:0.011407	 hit@5:0.0539	 hit@10: 0.0938
target: 	 mrr: 0.036846	 ndcg_5: 0.0298	 ndcg_10: 0.0392	 hit@1:0.009752	 hit@5:0.0507	 hit@10: 0.0800
epoch 7: train_loss = 1.190548, source_hit@10 = 0.0938, source_ndcg@10 = 0.0453, target_hit@10 = 0.0800, target_ndcg@10 = 0.0392

2024-08-03 12:09:59.384567: step 2744/27440 (epoch 8/80), loss = 1.180694 (47.666 sec/epoch), lr: 0.004000
Evaluating on dev set...
..................................................................
source: 	 mrr: 0.046208	 ndcg_5: 0.0371	 ndcg_10: 0.0512	 hit@1:0.015843	 hit@5:0.0586	 hit@10: 0.1023
target: 	 mrr: 0.028128	 ndcg_5: 0.0221	 ndcg_10: 0.0273	 hit@1:0.010031	 hit@5:0.0340	 hit@10: 0.0502
source best!
..............................
source: 	 mrr: 0.041845	 ndcg_5: 0.0328	 ndcg_10: 0.0433	 hit@1:0.013938	 hit@5:0.0509	 hit@10: 0.0833
epoch 8: train_loss = 1.180694, source_hit@10 = 0.0833, source_ndcg@10 = 0.0433, target_hit@10 = 0.0502, target_ndcg@10 = 0.0273

2024-08-03 12:10:48.615066: step 3087/27440 (epoch 9/80), loss = 1.171294 (48.332 sec/epoch), lr: 0.004000
Evaluating on dev set...
..................................................................
source: 	 mrr: 0.038531	 ndcg_5: 0.0291	 ndcg_10: 0.0402	 hit@1:0.013308	 hit@5:0.0447	 hit@10: 0.0795
target: 	 mrr: 0.037609	 ndcg_5: 0.0283	 ndcg_10: 0.0393	 hit@1:0.012260	 hit@5:0.0446	 hit@10: 0.0786
epoch 9: train_loss = 1.171294, source_hit@10 = 0.0795, source_ndcg@10 = 0.0402, target_hit@10 = 0.0786, target_ndcg@10 = 0.0393

2024-08-03 12:11:37.147127: step 3430/27440 (epoch 10/80), loss = 1.167569 (47.902 sec/epoch), lr: 0.004000
Evaluating on dev set...
..................................................................
source: 	 mrr: 0.043513	 ndcg_5: 0.0360	 ndcg_10: 0.0471	 hit@1:0.014575	 hit@5:0.0580	 hit@10: 0.0922
target: 	 mrr: 0.036235	 ndcg_5: 0.0280	 ndcg_10: 0.0382	 hit@1:0.012538	 hit@5:0.0443	 hit@10: 0.0758
epoch 10: train_loss = 1.167569, source_hit@10 = 0.0922, source_ndcg@10 = 0.0471, target_hit@10 = 0.0758, target_ndcg@10 = 0.0382

2024-08-03 12:12:25.319497: step 3773/27440 (epoch 11/80), loss = 1.163585 (47.511 sec/epoch), lr: 0.004000
Evaluating on dev set...
..................................................................
source: 	 mrr: 0.044416	 ndcg_5: 0.0355	 ndcg_10: 0.0471	 hit@1:0.016160	 hit@5:0.0548	 hit@10: 0.0906
target: 	 mrr: 0.022688	 ndcg_5: 0.0168	 ndcg_10: 0.0218	 hit@1:0.007244	 hit@5:0.0262	 hit@10: 0.0421
epoch 11: train_loss = 1.163585, source_hit@10 = 0.0906, source_ndcg@10 = 0.0471, target_hit@10 = 0.0421, target_ndcg@10 = 0.0218

2024-08-03 12:13:13.880090: step 4116/27440 (epoch 12/80), loss = 1.160355 (47.932 sec/epoch), lr: 0.003800
Evaluating on dev set...
..................................................................
source: 	 mrr: 0.045961	 ndcg_5: 0.0379	 ndcg_10: 0.0489	 hit@1:0.016793	 hit@5:0.0586	 hit@10: 0.0928
target: 	 mrr: 0.036279	 ndcg_5: 0.0276	 ndcg_10: 0.0368	 hit@1:0.009752	 hit@5:0.0457	 hit@10: 0.0747
epoch 12: train_loss = 1.160355, source_hit@10 = 0.0928, source_ndcg@10 = 0.0489, target_hit@10 = 0.0747, target_ndcg@10 = 0.0368

2024-08-03 12:14:02.379081: step 4459/27440 (epoch 13/80), loss = 1.157185 (47.869 sec/epoch), lr: 0.003800
Evaluating on dev set...
..................................................................
source: 	 mrr: 0.036437	 ndcg_5: 0.0296	 ndcg_10: 0.0393	 hit@1:0.010139	 hit@5:0.0485	 hit@10: 0.0783
target: 	 mrr: 0.031961	 ndcg_5: 0.0237	 ndcg_10: 0.0335	 hit@1:0.010031	 hit@5:0.0382	 hit@10: 0.0691
epoch 13: train_loss = 1.157185, source_hit@10 = 0.0783, source_ndcg@10 = 0.0393, target_hit@10 = 0.0691, target_ndcg@10 = 0.0335

2024-08-03 12:14:51.375643: step 4802/27440 (epoch 14/80), loss = 1.149996 (48.365 sec/epoch), lr: 0.003610
Evaluating on dev set...
..................................................................
source: 	 mrr: 0.042368	 ndcg_5: 0.0332	 ndcg_10: 0.0451	 hit@1:0.015209	 hit@5:0.0516	 hit@10: 0.0887
target: 	 mrr: 0.037270	 ndcg_5: 0.0279	 ndcg_10: 0.0403	 hit@1:0.010309	 hit@5:0.0454	 hit@10: 0.0841
epoch 14: train_loss = 1.149996, source_hit@10 = 0.0887, source_ndcg@10 = 0.0451, target_hit@10 = 0.0841, target_ndcg@10 = 0.0403

2024-08-03 12:15:39.903557: step 5145/27440 (epoch 15/80), loss = 1.141455 (47.889 sec/epoch), lr: 0.003610
Evaluating on dev set...
..................................................................
source: 	 mrr: 0.040510	 ndcg_5: 0.0328	 ndcg_10: 0.0441	 hit@1:0.012357	 hit@5:0.0532	 hit@10: 0.0884
target: 	 mrr: 0.037096	 ndcg_5: 0.0280	 ndcg_10: 0.0384	 hit@1:0.013653	 hit@5:0.0424	 hit@10: 0.0750
epoch 15: train_loss = 1.141455, source_hit@10 = 0.0884, source_ndcg@10 = 0.0441, target_hit@10 = 0.0750, target_ndcg@10 = 0.0384

2024-08-03 12:16:28.341838: step 5488/27440 (epoch 16/80), loss = 1.136340 (47.809 sec/epoch), lr: 0.003429
Evaluating on dev set...
..................................................................
source: 	 mrr: 0.044756	 ndcg_5: 0.0346	 ndcg_10: 0.0491	 hit@1:0.014892	 hit@5:0.0548	 hit@10: 0.0998
target: 	 mrr: 0.037736	 ndcg_5: 0.0300	 ndcg_10: 0.0405	 hit@1:0.011424	 hit@5:0.0479	 hit@10: 0.0805
epoch 16: train_loss = 1.136340, source_hit@10 = 0.0998, source_ndcg@10 = 0.0491, target_hit@10 = 0.0805, target_ndcg@10 = 0.0405

2024-08-03 12:17:16.942148: step 5831/27440 (epoch 17/80), loss = 1.133176 (47.970 sec/epoch), lr: 0.003429
Evaluating on dev set...
..................................................................
source: 	 mrr: 0.043236	 ndcg_5: 0.0372	 ndcg_10: 0.0457	 hit@1:0.016793	 hit@5:0.0577	 hit@10: 0.0840
target: 	 mrr: 0.036304	 ndcg_5: 0.0299	 ndcg_10: 0.0380	 hit@1:0.013096	 hit@5:0.0479	 hit@10: 0.0733
epoch 17: train_loss = 1.133176, source_hit@10 = 0.0840, source_ndcg@10 = 0.0457, target_hit@10 = 0.0733, target_ndcg@10 = 0.0380

2024-08-03 12:18:05.078039: step 6174/27440 (epoch 18/80), loss = 1.128815 (47.504 sec/epoch), lr: 0.003258
Evaluating on dev set...
..................................................................
source: 	 mrr: 0.048508	 ndcg_5: 0.0387	 ndcg_10: 0.0521	 hit@1:0.019645	 hit@5:0.0586	 hit@10: 0.1001
target: 	 mrr: 0.041128	 ndcg_5: 0.0321	 ndcg_10: 0.0429	 hit@1:0.014767	 hit@5:0.0502	 hit@10: 0.0836
source best!
..............................
source: 	 mrr: 0.043491	 ndcg_5: 0.0344	 ndcg_10: 0.0461	 hit@1:0.014263	 hit@5:0.0545	 hit@10: 0.0911
target best!
...................................target: 	 mrr: 0.039229	 ndcg_5: 0.0313	 ndcg_10: 0.0404	 hit@1:0.013818	 hit@5:0.0499	 hit@10: 0.0784
epoch 18: train_loss = 1.128815, source_hit@10 = 0.0911, source_ndcg@10 = 0.0461, target_hit@10 = 0.0784, target_ndcg@10 = 0.0404
new best model saved.

2024-08-03 12:18:54.515422: step 6517/27440 (epoch 19/80), loss = 1.126908 (48.045 sec/epoch), lr: 0.003258
Evaluating on dev set...
..................................................................
source: 	 mrr: 0.036334	 ndcg_5: 0.0283	 ndcg_10: 0.0394	 hit@1:0.011090	 hit@5:0.0463	 hit@10: 0.0811
target: 	 mrr: 0.037564	 ndcg_5: 0.0287	 ndcg_10: 0.0396	 hit@1:0.011702	 hit@5:0.0468	 hit@10: 0.0808
epoch 19: train_loss = 1.126908, source_hit@10 = 0.0811, source_ndcg@10 = 0.0394, target_hit@10 = 0.0808, target_ndcg@10 = 0.0396

2024-08-03 12:19:43.012125: step 6860/27440 (epoch 20/80), loss = 1.122625 (47.839 sec/epoch), lr: 0.003095
Evaluating on dev set...
..................................................................
source: 	 mrr: 0.047922	 ndcg_5: 0.0397	 ndcg_10: 0.0497	 hit@1:0.018061	 hit@5:0.0596	 hit@10: 0.0909
target: 	 mrr: 0.029374	 ndcg_5: 0.0212	 ndcg_10: 0.0299	 hit@1:0.007244	 hit@5:0.0354	 hit@10: 0.0627
epoch 20: train_loss = 1.122625, source_hit@10 = 0.0909, source_ndcg@10 = 0.0497, target_hit@10 = 0.0627, target_ndcg@10 = 0.0299

2024-08-03 12:20:31.714159: step 7203/27440 (epoch 21/80), loss = 1.120326 (48.075 sec/epoch), lr: 0.003095
Evaluating on dev set...
..................................................................
source: 	 mrr: 0.038003	 ndcg_5: 0.0296	 ndcg_10: 0.0405	 hit@1:0.011090	 hit@5:0.0491	 hit@10: 0.0830
target: 	 mrr: 0.036211	 ndcg_5: 0.0265	 ndcg_10: 0.0370	 hit@1:0.011981	 hit@5:0.0412	 hit@10: 0.0741
epoch 21: train_loss = 1.120326, source_hit@10 = 0.0830, source_ndcg@10 = 0.0405, target_hit@10 = 0.0741, target_ndcg@10 = 0.0370

2024-08-03 12:21:20.707064: step 7546/27440 (epoch 22/80), loss = 1.117176 (48.358 sec/epoch), lr: 0.002940
Evaluating on dev set...
..................................................................
source: 	 mrr: 0.050335	 ndcg_5: 0.0420	 ndcg_10: 0.0523	 hit@1:0.020596	 hit@5:0.0631	 hit@10: 0.0951
target: 	 mrr: 0.036476	 ndcg_5: 0.0299	 ndcg_10: 0.0384	 hit@1:0.012817	 hit@5:0.0476	 hit@10: 0.0738
source best!
..............................
source: 	 mrr: 0.045484	 ndcg_5: 0.0356	 ndcg_10: 0.0468	 hit@1:0.017504	 hit@5:0.0525	 hit@10: 0.0878
epoch 22: train_loss = 1.117176, source_hit@10 = 0.0878, source_ndcg@10 = 0.0468, target_hit@10 = 0.0738, target_ndcg@10 = 0.0384

2024-08-03 12:22:10.085836: step 7889/27440 (epoch 23/80), loss = 1.115309 (48.483 sec/epoch), lr: 0.002940
Evaluating on dev set...
..................................................................
source: 	 mrr: 0.049788	 ndcg_5: 0.0402	 ndcg_10: 0.0526	 hit@1:0.021229	 hit@5:0.0593	 hit@10: 0.0976
target: 	 mrr: 0.025194	 ndcg_5: 0.0189	 ndcg_10: 0.0248	 hit@1:0.009195	 hit@5:0.0290	 hit@10: 0.0474
epoch 23: train_loss = 1.115309, source_hit@10 = 0.0976, source_ndcg@10 = 0.0526, target_hit@10 = 0.0474, target_ndcg@10 = 0.0248

2024-08-03 12:22:58.695541: step 8232/27440 (epoch 24/80), loss = 1.110504 (47.977 sec/epoch), lr: 0.002793
Evaluating on dev set...
..................................................................
source: 	 mrr: 0.049196	 ndcg_5: 0.0399	 ndcg_10: 0.0526	 hit@1:0.018695	 hit@5:0.0621	 hit@10: 0.1017
target: 	 mrr: 0.038251	 ndcg_5: 0.0291	 ndcg_10: 0.0396	 hit@1:0.010867	 hit@5:0.0476	 hit@10: 0.0802
epoch 24: train_loss = 1.110504, source_hit@10 = 0.1017, source_ndcg@10 = 0.0526, target_hit@10 = 0.0802, target_ndcg@10 = 0.0396

2024-08-03 12:23:47.137704: step 8575/27440 (epoch 25/80), loss = 1.109046 (47.816 sec/epoch), lr: 0.002793
Evaluating on dev set...
..................................................................
source: 	 mrr: 0.049048	 ndcg_5: 0.0398	 ndcg_10: 0.0532	 hit@1:0.017427	 hit@5:0.0618	 hit@10: 0.1036
target: 	 mrr: 0.040651	 ndcg_5: 0.0322	 ndcg_10: 0.0420	 hit@1:0.013653	 hit@5:0.0518	 hit@10: 0.0825
epoch 25: train_loss = 1.109046, source_hit@10 = 0.1036, source_ndcg@10 = 0.0532, target_hit@10 = 0.0825, target_ndcg@10 = 0.0420

2024-08-03 12:24:36.067105: step 8918/27440 (epoch 26/80), loss = 1.107379 (48.304 sec/epoch), lr: 0.002793
Evaluating on dev set...
..................................................................
source: 	 mrr: 0.052869	 ndcg_5: 0.0451	 ndcg_10: 0.0564	 hit@1:0.020596	 hit@5:0.0688	 hit@10: 0.1039
target: 	 mrr: 0.037710	 ndcg_5: 0.0284	 ndcg_10: 0.0410	 hit@1:0.009473	 hit@5:0.0474	 hit@10: 0.0869
source best!
..............................
source: 	 mrr: 0.045322	 ndcg_5: 0.0376	 ndcg_10: 0.0494	 hit@1:0.013614	 hit@5:0.0613	 hit@10: 0.0985
epoch 26: train_loss = 1.107379, source_hit@10 = 0.0985, source_ndcg@10 = 0.0494, target_hit@10 = 0.0869, target_ndcg@10 = 0.0410

2024-08-03 12:25:25.023641: step 9261/27440 (epoch 27/80), loss = 1.105160 (48.065 sec/epoch), lr: 0.002793
Evaluating on dev set...
..................................................................
source: 	 mrr: 0.033156	 ndcg_5: 0.0267	 ndcg_10: 0.0336	 hit@1:0.012357	 hit@5:0.0415	 hit@10: 0.0627
target: 	 mrr: 0.043609	 ndcg_5: 0.0359	 ndcg_10: 0.0473	 hit@1:0.015046	 hit@5:0.0568	 hit@10: 0.0928
target best!
...................................target: 	 mrr: 0.040915	 ndcg_5: 0.0326	 ndcg_10: 0.0425	 hit@1:0.015228	 hit@5:0.0502	 hit@10: 0.0812
epoch 27: train_loss = 1.105160, source_hit@10 = 0.0627, source_ndcg@10 = 0.0336, target_hit@10 = 0.0812, target_ndcg@10 = 0.0425

2024-08-03 12:26:13.951752: step 9604/27440 (epoch 28/80), loss = 1.102875 (47.995 sec/epoch), lr: 0.002654
Evaluating on dev set...
..................................................................
source: 	 mrr: 0.054097	 ndcg_5: 0.0462	 ndcg_10: 0.0585	 hit@1:0.021546	 hit@5:0.0710	 hit@10: 0.1099
target: 	 mrr: 0.037379	 ndcg_5: 0.0279	 ndcg_10: 0.0398	 hit@1:0.010309	 hit@5:0.0457	 hit@10: 0.0825
source best!
..............................
source: 	 mrr: 0.051426	 ndcg_5: 0.0422	 ndcg_10: 0.0548	 hit@1:0.022042	 hit@5:0.0635	 hit@10: 0.1034
epoch 28: train_loss = 1.102875, source_hit@10 = 0.1034, source_ndcg@10 = 0.0548, target_hit@10 = 0.0825, target_ndcg@10 = 0.0398

2024-08-03 12:27:03.603566: step 9947/27440 (epoch 29/80), loss = 1.102125 (48.725 sec/epoch), lr: 0.002654
Evaluating on dev set...
..................................................................
source: 	 mrr: 0.050330	 ndcg_5: 0.0425	 ndcg_10: 0.0543	 hit@1:0.020596	 hit@5:0.0646	 hit@10: 0.1017
target: 	 mrr: 0.039923	 ndcg_5: 0.0318	 ndcg_10: 0.0429	 hit@1:0.010588	 hit@5:0.0541	 hit@10: 0.0892
epoch 29: train_loss = 1.102125, source_hit@10 = 0.1017, source_ndcg@10 = 0.0543, target_hit@10 = 0.0892, target_ndcg@10 = 0.0429

2024-08-03 12:27:52.666875: step 10290/27440 (epoch 30/80), loss = 1.097279 (48.422 sec/epoch), lr: 0.002521
Evaluating on dev set...
..................................................................
source: 	 mrr: 0.056852	 ndcg_5: 0.0473	 ndcg_10: 0.0602	 hit@1:0.024081	 hit@5:0.0697	 hit@10: 0.1096
target: 	 mrr: 0.031505	 ndcg_5: 0.0244	 ndcg_10: 0.0333	 hit@1:0.008080	 hit@5:0.0401	 hit@10: 0.0677
source best!
..............................
source: 	 mrr: 0.050208	 ndcg_5: 0.0413	 ndcg_10: 0.0532	 hit@1:0.018801	 hit@5:0.0632	 hit@10: 0.1005
epoch 30: train_loss = 1.097279, source_hit@10 = 0.1005, source_ndcg@10 = 0.0532, target_hit@10 = 0.0677, target_ndcg@10 = 0.0333

2024-08-03 12:28:41.381503: step 10633/27440 (epoch 31/80), loss = 1.094045 (47.825 sec/epoch), lr: 0.002395
Evaluating on dev set...
..................................................................
source: 	 mrr: 0.050866	 ndcg_5: 0.0428	 ndcg_10: 0.0556	 hit@1:0.018378	 hit@5:0.0669	 hit@10: 0.1071
target: 	 mrr: 0.038901	 ndcg_5: 0.0299	 ndcg_10: 0.0408	 hit@1:0.010588	 hit@5:0.0493	 hit@10: 0.0839
epoch 31: train_loss = 1.094045, source_hit@10 = 0.1071, source_ndcg@10 = 0.0556, target_hit@10 = 0.0839, target_ndcg@10 = 0.0408

2024-08-03 12:29:29.875172: step 10976/27440 (epoch 32/80), loss = 1.091376 (47.856 sec/epoch), lr: 0.002395
Evaluating on dev set...
..................................................................
source: 	 mrr: 0.048814	 ndcg_5: 0.0400	 ndcg_10: 0.0538	 hit@1:0.015843	 hit@5:0.0659	 hit@10: 0.1087
target: 	 mrr: 0.042564	 ndcg_5: 0.0333	 ndcg_10: 0.0462	 hit@1:0.013374	 hit@5:0.0535	 hit@10: 0.0939
epoch 32: train_loss = 1.091376, source_hit@10 = 0.1087, source_ndcg@10 = 0.0538, target_hit@10 = 0.0939, target_ndcg@10 = 0.0462

2024-08-03 12:30:18.382359: step 11319/27440 (epoch 33/80), loss = 1.091749 (47.881 sec/epoch), lr: 0.002395
Evaluating on dev set...
..................................................................
source: 	 mrr: 0.049669	 ndcg_5: 0.0419	 ndcg_10: 0.0542	 hit@1:0.019011	 hit@5:0.0643	 hit@10: 0.1023
target: 	 mrr: 0.038089	 ndcg_5: 0.0300	 ndcg_10: 0.0400	 hit@1:0.010867	 hit@5:0.0488	 hit@10: 0.0802
epoch 33: train_loss = 1.091749, source_hit@10 = 0.1023, source_ndcg@10 = 0.0542, target_hit@10 = 0.0802, target_ndcg@10 = 0.0400

2024-08-03 12:31:07.143852: step 11662/27440 (epoch 34/80), loss = 1.090113 (48.121 sec/epoch), lr: 0.002275
Evaluating on dev set...
..................................................................
source: 	 mrr: 0.055796	 ndcg_5: 0.0459	 ndcg_10: 0.0585	 hit@1:0.025032	 hit@5:0.0672	 hit@10: 0.1068
target: 	 mrr: 0.038359	 ndcg_5: 0.0308	 ndcg_10: 0.0409	 hit@1:0.009473	 hit@5:0.0521	 hit@10: 0.0836
epoch 34: train_loss = 1.090113, source_hit@10 = 0.1068, source_ndcg@10 = 0.0585, target_hit@10 = 0.0836, target_ndcg@10 = 0.0409

2024-08-03 12:31:56.237588: step 12005/27440 (epoch 35/80), loss = 1.086106 (48.467 sec/epoch), lr: 0.002275
Evaluating on dev set...
..................................................................
source: 	 mrr: 0.045627	 ndcg_5: 0.0370	 ndcg_10: 0.0483	 hit@1:0.016160	 hit@5:0.0570	 hit@10: 0.0925
target: 	 mrr: 0.040374	 ndcg_5: 0.0309	 ndcg_10: 0.0417	 hit@1:0.013096	 hit@5:0.0488	 hit@10: 0.0822
epoch 35: train_loss = 1.086106, source_hit@10 = 0.0925, source_ndcg@10 = 0.0483, target_hit@10 = 0.0822, target_ndcg@10 = 0.0417

2024-08-03 12:32:44.707699: step 12348/27440 (epoch 36/80), loss = 1.083472 (47.834 sec/epoch), lr: 0.002161
Evaluating on dev set...
..................................................................
source: 	 mrr: 0.058272	 ndcg_5: 0.0500	 ndcg_10: 0.0630	 hit@1:0.025349	 hit@5:0.0760	 hit@10: 0.1163
target: 	 mrr: 0.041409	 ndcg_5: 0.0328	 ndcg_10: 0.0447	 hit@1:0.014489	 hit@5:0.0521	 hit@10: 0.0892
source best!
..............................
source: 	 mrr: 0.054822	 ndcg_5: 0.0466	 ndcg_10: 0.0598	 hit@1:0.021394	 hit@5:0.0723	 hit@10: 0.1128
epoch 36: train_loss = 1.083472, source_hit@10 = 0.1128, source_ndcg@10 = 0.0598, target_hit@10 = 0.0892, target_ndcg@10 = 0.0447

2024-08-03 12:33:33.753706: step 12691/27440 (epoch 37/80), loss = 1.081443 (48.123 sec/epoch), lr: 0.002161
Evaluating on dev set...
..................................................................
source: 	 mrr: 0.052532	 ndcg_5: 0.0443	 ndcg_10: 0.0558	 hit@1:0.021229	 hit@5:0.0684	 hit@10: 0.1039
target: 	 mrr: 0.041290	 ndcg_5: 0.0330	 ndcg_10: 0.0431	 hit@1:0.013931	 hit@5:0.0529	 hit@10: 0.0844
epoch 37: train_loss = 1.081443, source_hit@10 = 0.1039, source_ndcg@10 = 0.0558, target_hit@10 = 0.0844, target_ndcg@10 = 0.0431

2024-08-03 12:34:22.426461: step 13034/27440 (epoch 38/80), loss = 1.080243 (48.004 sec/epoch), lr: 0.002053
Evaluating on dev set...
..................................................................
source: 	 mrr: 0.053729	 ndcg_5: 0.0461	 ndcg_10: 0.0588	 hit@1:0.017427	 hit@5:0.0732	 hit@10: 0.1128
target: 	 mrr: 0.043044	 ndcg_5: 0.0326	 ndcg_10: 0.0463	 hit@1:0.014767	 hit@5:0.0507	 hit@10: 0.0939
epoch 38: train_loss = 1.080243, source_hit@10 = 0.1128, source_ndcg@10 = 0.0588, target_hit@10 = 0.0939, target_ndcg@10 = 0.0463

2024-08-03 12:35:11.944634: step 13377/27440 (epoch 39/80), loss = 1.078885 (48.888 sec/epoch), lr: 0.002053
Evaluating on dev set...
..................................................................
source: 	 mrr: 0.058040	 ndcg_5: 0.0490	 ndcg_10: 0.0630	 hit@1:0.025665	 hit@5:0.0719	 hit@10: 0.1160
target: 	 mrr: 0.038670	 ndcg_5: 0.0289	 ndcg_10: 0.0405	 hit@1:0.010867	 hit@5:0.0468	 hit@10: 0.0828
epoch 39: train_loss = 1.078885, source_hit@10 = 0.1160, source_ndcg@10 = 0.0630, target_hit@10 = 0.0828, target_ndcg@10 = 0.0405

2024-08-03 12:36:01.067821: step 13720/27440 (epoch 40/80), loss = 1.074403 (48.491 sec/epoch), lr: 0.001951
Evaluating on dev set...
..................................................................
source: 	 mrr: 0.052353	 ndcg_5: 0.0442	 ndcg_10: 0.0552	 hit@1:0.021229	 hit@5:0.0684	 hit@10: 0.1027
target: 	 mrr: 0.037273	 ndcg_5: 0.0274	 ndcg_10: 0.0389	 hit@1:0.009473	 hit@5:0.0465	 hit@10: 0.0822
epoch 40: train_loss = 1.074403, source_hit@10 = 0.1027, source_ndcg@10 = 0.0552, target_hit@10 = 0.0822, target_ndcg@10 = 0.0389
shift to transfer learning mode

2024-08-03 12:36:50.480354: step 14063/27440 (epoch 41/80), loss = 1.074813 (48.771 sec/epoch), lr: 0.001853
Evaluating on dev set...
..................................................................
source: 	 mrr: 0.050065	 ndcg_5: 0.0418	 ndcg_10: 0.0532	 hit@1:0.020596	 hit@5:0.0631	 hit@10: 0.0985
target: 	 mrr: 0.041463	 ndcg_5: 0.0334	 ndcg_10: 0.0412	 hit@1:0.015882	 hit@5:0.0513	 hit@10: 0.0755
epoch 41: train_loss = 1.074813, source_hit@10 = 0.0985, source_ndcg@10 = 0.0532, target_hit@10 = 0.0755, target_ndcg@10 = 0.0412

2024-08-03 12:37:39.339429: step 14406/27440 (epoch 42/80), loss = 1.070963 (48.228 sec/epoch), lr: 0.001853
Evaluating on dev set...
..................................................................
source: 	 mrr: 0.057894	 ndcg_5: 0.0491	 ndcg_10: 0.0619	 hit@1:0.023764	 hit@5:0.0741	 hit@10: 0.1138
target: 	 mrr: 0.044089	 ndcg_5: 0.0353	 ndcg_10: 0.0464	 hit@1:0.014210	 hit@5:0.0563	 hit@10: 0.0914
target best!
...................................target: 	 mrr: 0.043055	 ndcg_5: 0.0338	 ndcg_10: 0.0466	 hit@1:0.013254	 hit@5:0.0547	 hit@10: 0.0942
epoch 42: train_loss = 1.070963, source_hit@10 = 0.1138, source_ndcg@10 = 0.0619, target_hit@10 = 0.0942, target_ndcg@10 = 0.0466
new best model saved.

2024-08-03 12:38:29.148805: step 14749/27440 (epoch 43/80), loss = 1.072551 (48.748 sec/epoch), lr: 0.001853
Evaluating on dev set...
..................................................................
source: 	 mrr: 0.057944	 ndcg_5: 0.0505	 ndcg_10: 0.0637	 hit@1:0.022814	 hit@5:0.0779	 hit@10: 0.1188
target: 	 mrr: 0.036819	 ndcg_5: 0.0291	 ndcg_10: 0.0394	 hit@1:0.010031	 hit@5:0.0490	 hit@10: 0.0819
epoch 43: train_loss = 1.072551, source_hit@10 = 0.1188, source_ndcg@10 = 0.0637, target_hit@10 = 0.0819, target_ndcg@10 = 0.0394

2024-08-03 12:39:18.552643: step 15092/27440 (epoch 44/80), loss = 1.069422 (48.763 sec/epoch), lr: 0.001761
Evaluating on dev set...
..................................................................
source: 	 mrr: 0.053563	 ndcg_5: 0.0443	 ndcg_10: 0.0579	 hit@1:0.019962	 hit@5:0.0684	 hit@10: 0.1109
target: 	 mrr: 0.036138	 ndcg_5: 0.0269	 ndcg_10: 0.0383	 hit@1:0.011145	 hit@5:0.0446	 hit@10: 0.0800
epoch 44: train_loss = 1.069422, source_hit@10 = 0.1109, source_ndcg@10 = 0.0579, target_hit@10 = 0.0800, target_ndcg@10 = 0.0383

2024-08-03 12:40:08.284507: step 15435/27440 (epoch 45/80), loss = 1.064808 (49.098 sec/epoch), lr: 0.001672
Evaluating on dev set...
..................................................................
source: 	 mrr: 0.057060	 ndcg_5: 0.0478	 ndcg_10: 0.0616	 hit@1:0.022814	 hit@5:0.0729	 hit@10: 0.1153
target: 	 mrr: 0.026016	 ndcg_5: 0.0196	 ndcg_10: 0.0254	 hit@1:0.008359	 hit@5:0.0301	 hit@10: 0.0479
epoch 45: train_loss = 1.064808, source_hit@10 = 0.1153, source_ndcg@10 = 0.0616, target_hit@10 = 0.0479, target_ndcg@10 = 0.0254

2024-08-03 12:40:57.929726: step 15778/27440 (epoch 46/80), loss = 1.061978 (49.008 sec/epoch), lr: 0.001589
Evaluating on dev set...
..................................................................
source: 	 mrr: 0.053691	 ndcg_5: 0.0442	 ndcg_10: 0.0588	 hit@1:0.019328	 hit@5:0.0691	 hit@10: 0.1141
target: 	 mrr: 0.044428	 ndcg_5: 0.0350	 ndcg_10: 0.0473	 hit@1:0.014489	 hit@5:0.0554	 hit@10: 0.0942
target best!
...................................target: 	 mrr: 0.041800	 ndcg_5: 0.0341	 ndcg_10: 0.0449	 hit@1:0.013536	 hit@5:0.0558	 hit@10: 0.0897
epoch 46: train_loss = 1.061978, source_hit@10 = 0.1141, source_ndcg@10 = 0.0588, target_hit@10 = 0.0897, target_ndcg@10 = 0.0449

2024-08-03 12:41:47.648107: step 16121/27440 (epoch 47/80), loss = 1.062003 (48.795 sec/epoch), lr: 0.001589
Evaluating on dev set...
..................................................................
source: 	 mrr: 0.060264	 ndcg_5: 0.0529	 ndcg_10: 0.0648	 hit@1:0.025349	 hit@5:0.0805	 hit@10: 0.1176
target: 	 mrr: 0.044621	 ndcg_5: 0.0362	 ndcg_10: 0.0491	 hit@1:0.013653	 hit@5:0.0591	 hit@10: 0.0992
source best!
..............................
source: 	 mrr: 0.053645	 ndcg_5: 0.0438	 ndcg_10: 0.0581	 hit@1:0.022366	 hit@5:0.0652	 hit@10: 0.1099
target best!
...................................target: 	 mrr: 0.043840	 ndcg_5: 0.0365	 ndcg_10: 0.0488	 hit@1:0.014382	 hit@5:0.0601	 hit@10: 0.0987
epoch 47: train_loss = 1.062003, source_hit@10 = 0.1099, source_ndcg@10 = 0.0581, target_hit@10 = 0.0987, target_ndcg@10 = 0.0488
new best model saved.

2024-08-03 12:42:37.633441: step 16464/27440 (epoch 48/80), loss = 1.061143 (48.647 sec/epoch), lr: 0.001589
Evaluating on dev set...
..................................................................
source: 	 mrr: 0.055334	 ndcg_5: 0.0471	 ndcg_10: 0.0601	 hit@1:0.019645	 hit@5:0.0745	 hit@10: 0.1147
target: 	 mrr: 0.044634	 ndcg_5: 0.0345	 ndcg_10: 0.0478	 hit@1:0.014767	 hit@5:0.0554	 hit@10: 0.0970
target best!
...................................target: 	 mrr: 0.043687	 ndcg_5: 0.0341	 ndcg_10: 0.0461	 hit@1:0.014664	 hit@5:0.0544	 hit@10: 0.0919
epoch 48: train_loss = 1.061143, source_hit@10 = 0.1147, source_ndcg@10 = 0.0601, target_hit@10 = 0.0919, target_ndcg@10 = 0.0461

2024-08-03 12:43:27.198781: step 16807/27440 (epoch 49/80), loss = 1.056299 (48.615 sec/epoch), lr: 0.001509
Evaluating on dev set...
..................................................................
source: 	 mrr: 0.054745	 ndcg_5: 0.0461	 ndcg_10: 0.0607	 hit@1:0.019962	 hit@5:0.0722	 hit@10: 0.1172
target: 	 mrr: 0.045205	 ndcg_5: 0.0359	 ndcg_10: 0.0497	 hit@1:0.014210	 hit@5:0.0577	 hit@10: 0.1003
target best!
...................................target: 	 mrr: 0.047031	 ndcg_5: 0.0399	 ndcg_10: 0.0507	 hit@1:0.016356	 hit@5:0.0637	 hit@10: 0.0973
epoch 49: train_loss = 1.056299, source_hit@10 = 0.1172, source_ndcg@10 = 0.0607, target_hit@10 = 0.0973, target_ndcg@10 = 0.0507

2024-08-03 12:44:17.487401: step 17150/27440 (epoch 50/80), loss = 1.052256 (49.353 sec/epoch), lr: 0.001434
Evaluating on dev set...
..................................................................
source: 	 mrr: 0.054727	 ndcg_5: 0.0464	 ndcg_10: 0.0602	 hit@1:0.019645	 hit@5:0.0741	 hit@10: 0.1172
target: 	 mrr: 0.042723	 ndcg_5: 0.0324	 ndcg_10: 0.0452	 hit@1:0.013931	 hit@5:0.0510	 hit@10: 0.0906
epoch 50: train_loss = 1.052256, source_hit@10 = 0.1172, source_ndcg@10 = 0.0602, target_hit@10 = 0.0906, target_ndcg@10 = 0.0452

2024-08-03 12:45:06.957711: step 17493/27440 (epoch 51/80), loss = 1.051575 (48.834 sec/epoch), lr: 0.001362
Evaluating on dev set...
..................................................................
source: 	 mrr: 0.057354	 ndcg_5: 0.0489	 ndcg_10: 0.0627	 hit@1:0.022814	 hit@5:0.0757	 hit@10: 0.1188
target: 	 mrr: 0.043055	 ndcg_5: 0.0345	 ndcg_10: 0.0461	 hit@1:0.015882	 hit@5:0.0529	 hit@10: 0.0892
epoch 51: train_loss = 1.051575, source_hit@10 = 0.1188, source_ndcg@10 = 0.0627, target_hit@10 = 0.0892, target_ndcg@10 = 0.0461

2024-08-03 12:45:56.405548: step 17836/27440 (epoch 52/80), loss = 1.048164 (48.815 sec/epoch), lr: 0.001362
Evaluating on dev set...
..................................................................
source: 	 mrr: 0.055524	 ndcg_5: 0.0460	 ndcg_10: 0.0609	 hit@1:0.021229	 hit@5:0.0722	 hit@10: 0.1188
target: 	 mrr: 0.043927	 ndcg_5: 0.0353	 ndcg_10: 0.0484	 hit@1:0.013653	 hit@5:0.0566	 hit@10: 0.0975
epoch 52: train_loss = 1.048164, source_hit@10 = 0.1188, source_ndcg@10 = 0.0609, target_hit@10 = 0.0975, target_ndcg@10 = 0.0484

2024-08-03 12:46:46.503488: step 18179/27440 (epoch 53/80), loss = 1.045905 (49.472 sec/epoch), lr: 0.001294
Evaluating on dev set...
..................................................................
source: 	 mrr: 0.059268	 ndcg_5: 0.0503	 ndcg_10: 0.0635	 hit@1:0.022814	 hit@5:0.0770	 hit@10: 0.1176
target: 	 mrr: 0.048700	 ndcg_5: 0.0398	 ndcg_10: 0.0521	 hit@1:0.018947	 hit@5:0.0613	 hit@10: 0.1000
target best!
...................................target: 	 mrr: 0.046490	 ndcg_5: 0.0379	 ndcg_10: 0.0495	 hit@1:0.017484	 hit@5:0.0581	 hit@10: 0.0945
epoch 53: train_loss = 1.045905, source_hit@10 = 0.1176, source_ndcg@10 = 0.0635, target_hit@10 = 0.0945, target_ndcg@10 = 0.0495
new best model saved.

2024-08-03 12:47:36.355677: step 18522/27440 (epoch 54/80), loss = 1.045232 (48.797 sec/epoch), lr: 0.001294
Evaluating on dev set...
..................................................................
source: 	 mrr: 0.058050	 ndcg_5: 0.0476	 ndcg_10: 0.0628	 hit@1:0.021863	 hit@5:0.0713	 hit@10: 0.1185
target: 	 mrr: 0.041298	 ndcg_5: 0.0327	 ndcg_10: 0.0436	 hit@1:0.012817	 hit@5:0.0529	 hit@10: 0.0869
epoch 54: train_loss = 1.045232, source_hit@10 = 0.1185, source_ndcg@10 = 0.0628, target_hit@10 = 0.0869, target_ndcg@10 = 0.0436

2024-08-03 12:48:24.325157: step 18865/27440 (epoch 55/80), loss = 1.042160 (47.322 sec/epoch), lr: 0.001229
Evaluating on dev set...
..................................................................
source: 	 mrr: 0.059323	 ndcg_5: 0.0497	 ndcg_10: 0.0638	 hit@1:0.024715	 hit@5:0.0745	 hit@10: 0.1185
target: 	 mrr: 0.043907	 ndcg_5: 0.0336	 ndcg_10: 0.0486	 hit@1:0.013374	 hit@5:0.0546	 hit@10: 0.1014
epoch 55: train_loss = 1.042160, source_hit@10 = 0.1185, source_ndcg@10 = 0.0638, target_hit@10 = 0.1014, target_ndcg@10 = 0.0486

2024-08-03 12:49:11.408164: step 19208/27440 (epoch 56/80), loss = 1.040226 (46.432 sec/epoch), lr: 0.001229
Evaluating on dev set...
..................................................................
source: 	 mrr: 0.061403	 ndcg_5: 0.0532	 ndcg_10: 0.0675	 hit@1:0.025665	 hit@5:0.0805	 hit@10: 0.1252
target: 	 mrr: 0.043918	 ndcg_5: 0.0346	 ndcg_10: 0.0477	 hit@1:0.013374	 hit@5:0.0563	 hit@10: 0.0975
source best!
..............................
source: 	 mrr: 0.054448	 ndcg_5: 0.0463	 ndcg_10: 0.0588	 hit@1:0.020746	 hit@5:0.0729	 hit@10: 0.1118
epoch 56: train_loss = 1.040226, source_hit@10 = 0.1118, source_ndcg@10 = 0.0588, target_hit@10 = 0.0975, target_ndcg@10 = 0.0477

2024-08-03 12:49:58.310017: step 19551/27440 (epoch 57/80), loss = 1.038213 (45.998 sec/epoch), lr: 0.001229
Evaluating on dev set...
..................................................................
source: 	 mrr: 0.059909	 ndcg_5: 0.0510	 ndcg_10: 0.0660	 hit@1:0.024715	 hit@5:0.0770	 hit@10: 0.1239
target: 	 mrr: 0.042644	 ndcg_5: 0.0338	 ndcg_10: 0.0458	 hit@1:0.013374	 hit@5:0.0538	 hit@10: 0.0908
epoch 57: train_loss = 1.038213, source_hit@10 = 0.1239, source_ndcg@10 = 0.0660, target_hit@10 = 0.0908, target_ndcg@10 = 0.0458

2024-08-03 12:50:44.730270: step 19894/27440 (epoch 58/80), loss = 1.035221 (45.786 sec/epoch), lr: 0.001168
Evaluating on dev set...
..................................................................
source: 	 mrr: 0.058357	 ndcg_5: 0.0509	 ndcg_10: 0.0649	 hit@1:0.021863	 hit@5:0.0808	 hit@10: 0.1248
target: 	 mrr: 0.044949	 ndcg_5: 0.0372	 ndcg_10: 0.0484	 hit@1:0.015325	 hit@5:0.0588	 hit@10: 0.0936
epoch 58: train_loss = 1.035221, source_hit@10 = 0.1248, source_ndcg@10 = 0.0649, target_hit@10 = 0.0936, target_ndcg@10 = 0.0484

2024-08-03 12:51:31.380104: step 20237/27440 (epoch 59/80), loss = 1.036022 (46.012 sec/epoch), lr: 0.001168
Evaluating on dev set...
..................................................................
source: 	 mrr: 0.061327	 ndcg_5: 0.0534	 ndcg_10: 0.0679	 hit@1:0.023447	 hit@5:0.0830	 hit@10: 0.1280
target: 	 mrr: 0.045321	 ndcg_5: 0.0359	 ndcg_10: 0.0497	 hit@1:0.016718	 hit@5:0.0566	 hit@10: 0.0997
epoch 59: train_loss = 1.036022, source_hit@10 = 0.1280, source_ndcg@10 = 0.0679, target_hit@10 = 0.0997, target_ndcg@10 = 0.0497

2024-08-03 12:52:18.030781: step 20580/27440 (epoch 60/80), loss = 1.033289 (46.017 sec/epoch), lr: 0.001168
Evaluating on dev set...
..................................................................
source: 	 mrr: 0.052924	 ndcg_5: 0.0432	 ndcg_10: 0.0600	 hit@1:0.017744	 hit@5:0.0691	 hit@10: 0.1217
target: 	 mrr: 0.046302	 ndcg_5: 0.0371	 ndcg_10: 0.0494	 hit@1:0.018668	 hit@5:0.0563	 hit@10: 0.0945
epoch 60: train_loss = 1.033289, source_hit@10 = 0.1217, source_ndcg@10 = 0.0600, target_hit@10 = 0.0945, target_ndcg@10 = 0.0494

2024-08-03 12:53:04.458506: step 20923/27440 (epoch 61/80), loss = 1.030852 (45.794 sec/epoch), lr: 0.001110
Evaluating on dev set...
..................................................................
source: 	 mrr: 0.055253	 ndcg_5: 0.0470	 ndcg_10: 0.0629	 hit@1:0.017110	 hit@5:0.0770	 hit@10: 0.1264
target: 	 mrr: 0.049192	 ndcg_5: 0.0412	 ndcg_10: 0.0538	 hit@1:0.017832	 hit@5:0.0644	 hit@10: 0.1034
target best!
...................................target: 	 mrr: 0.048973	 ndcg_5: 0.0412	 ndcg_10: 0.0518	 hit@1:0.017484	 hit@5:0.0637	 hit@10: 0.0967
epoch 61: train_loss = 1.030852, source_hit@10 = 0.1264, source_ndcg@10 = 0.0629, target_hit@10 = 0.0967, target_ndcg@10 = 0.0518

2024-08-03 12:53:51.766926: step 21266/27440 (epoch 62/80), loss = 1.028591 (46.369 sec/epoch), lr: 0.001110
Evaluating on dev set...
..................................................................
source: 	 mrr: 0.054214	 ndcg_5: 0.0447	 ndcg_10: 0.0589	 hit@1:0.020596	 hit@5:0.0694	 hit@10: 0.1134
target: 	 mrr: 0.037953	 ndcg_5: 0.0299	 ndcg_10: 0.0407	 hit@1:0.012260	 hit@5:0.0490	 hit@10: 0.0828
epoch 62: train_loss = 1.028591, source_hit@10 = 0.1134, source_ndcg@10 = 0.0589, target_hit@10 = 0.0828, target_ndcg@10 = 0.0407

2024-08-03 12:54:37.942786: step 21609/27440 (epoch 63/80), loss = 1.024804 (45.541 sec/epoch), lr: 0.001054
Evaluating on dev set...
..................................................................
source: 	 mrr: 0.053912	 ndcg_5: 0.0448	 ndcg_10: 0.0578	 hit@1:0.022180	 hit@5:0.0688	 hit@10: 0.1093
target: 	 mrr: 0.047208	 ndcg_5: 0.0379	 ndcg_10: 0.0517	 hit@1:0.015882	 hit@5:0.0602	 hit@10: 0.1031
epoch 63: train_loss = 1.024804, source_hit@10 = 0.1093, source_ndcg@10 = 0.0578, target_hit@10 = 0.1031, target_ndcg@10 = 0.0517

2024-08-03 12:55:24.184267: step 21952/27440 (epoch 64/80), loss = 1.024430 (45.605 sec/epoch), lr: 0.001054
Evaluating on dev set...
..................................................................
source: 	 mrr: 0.056548	 ndcg_5: 0.0471	 ndcg_10: 0.0628	 hit@1:0.020596	 hit@5:0.0735	 hit@10: 0.1217
target: 	 mrr: 0.044689	 ndcg_5: 0.0355	 ndcg_10: 0.0489	 hit@1:0.014767	 hit@5:0.0577	 hit@10: 0.0992
epoch 64: train_loss = 1.024430, source_hit@10 = 0.1217, source_ndcg@10 = 0.0628, target_hit@10 = 0.0992, target_ndcg@10 = 0.0489

2024-08-03 12:56:10.696500: step 22295/27440 (epoch 65/80), loss = 1.020608 (45.878 sec/epoch), lr: 0.001054
Evaluating on dev set...
..................................................................
source: 	 mrr: 0.056737	 ndcg_5: 0.0470	 ndcg_10: 0.0613	 hit@1:0.021546	 hit@5:0.0722	 hit@10: 0.1160
target: 	 mrr: 0.038935	 ndcg_5: 0.0295	 ndcg_10: 0.0423	 hit@1:0.012260	 hit@5:0.0474	 hit@10: 0.0875
epoch 65: train_loss = 1.020608, source_hit@10 = 0.1160, source_ndcg@10 = 0.0613, target_hit@10 = 0.0875, target_ndcg@10 = 0.0423

2024-08-03 12:56:56.839109: step 22638/27440 (epoch 66/80), loss = 1.015997 (45.508 sec/epoch), lr: 0.001001
Evaluating on dev set...
..................................................................
source: 	 mrr: 0.048833	 ndcg_5: 0.0397	 ndcg_10: 0.0519	 hit@1:0.016793	 hit@5:0.0637	 hit@10: 0.1011
target: 	 mrr: 0.044715	 ndcg_5: 0.0353	 ndcg_10: 0.0478	 hit@1:0.015046	 hit@5:0.0554	 hit@10: 0.0945
epoch 66: train_loss = 1.015997, source_hit@10 = 0.1011, source_ndcg@10 = 0.0519, target_hit@10 = 0.0945, target_ndcg@10 = 0.0478

2024-08-03 12:57:43.425420: step 22981/27440 (epoch 67/80), loss = 1.012215 (45.949 sec/epoch), lr: 0.000951
Evaluating on dev set...
..................................................................
source: 	 mrr: 0.053508	 ndcg_5: 0.0438	 ndcg_10: 0.0587	 hit@1:0.019645	 hit@5:0.0675	 hit@10: 0.1141
target: 	 mrr: 0.042657	 ndcg_5: 0.0337	 ndcg_10: 0.0471	 hit@1:0.012260	 hit@5:0.0549	 hit@10: 0.0967
epoch 67: train_loss = 1.012215, source_hit@10 = 0.1141, source_ndcg@10 = 0.0587, target_hit@10 = 0.0967, target_ndcg@10 = 0.0471

2024-08-03 12:58:30.309463: step 23324/27440 (epoch 68/80), loss = 1.008142 (46.250 sec/epoch), lr: 0.000951
Evaluating on dev set...
..................................................................
source: 	 mrr: 0.044342	 ndcg_5: 0.0356	 ndcg_10: 0.0459	 hit@1:0.015526	 hit@5:0.0564	 hit@10: 0.0890
target: 	 mrr: 0.045321	 ndcg_5: 0.0379	 ndcg_10: 0.0498	 hit@1:0.013653	 hit@5:0.0627	 hit@10: 0.1003
epoch 68: train_loss = 1.008142, source_hit@10 = 0.0890, source_ndcg@10 = 0.0459, target_hit@10 = 0.1003, target_ndcg@10 = 0.0498

2024-08-03 12:59:16.486083: step 23667/27440 (epoch 69/80), loss = 1.003465 (45.539 sec/epoch), lr: 0.000904
Evaluating on dev set...
..................................................................
source: 	 mrr: 0.054190	 ndcg_5: 0.0460	 ndcg_10: 0.0580	 hit@1:0.021229	 hit@5:0.0710	 hit@10: 0.1087
target: 	 mrr: 0.045911	 ndcg_5: 0.0372	 ndcg_10: 0.0494	 hit@1:0.015325	 hit@5:0.0593	 hit@10: 0.0970
epoch 69: train_loss = 1.003465, source_hit@10 = 0.1087, source_ndcg@10 = 0.0580, target_hit@10 = 0.0970, target_ndcg@10 = 0.0494

2024-08-03 13:00:02.614151: step 24010/27440 (epoch 70/80), loss = 0.999839 (45.493 sec/epoch), lr: 0.000904
Evaluating on dev set...
..................................................................
source: 	 mrr: 0.053403	 ndcg_5: 0.0443	 ndcg_10: 0.0592	 hit@1:0.019011	 hit@5:0.0694	 hit@10: 0.1157
target: 	 mrr: 0.047116	 ndcg_5: 0.0380	 ndcg_10: 0.0516	 hit@1:0.016160	 hit@5:0.0596	 hit@10: 0.1020
epoch 70: train_loss = 0.999839, source_hit@10 = 0.1157, source_ndcg@10 = 0.0592, target_hit@10 = 0.1020, target_ndcg@10 = 0.0516

2024-08-03 13:00:48.758389: step 24353/27440 (epoch 71/80), loss = 0.995946 (45.508 sec/epoch), lr: 0.000904
Evaluating on dev set...
..................................................................
source: 	 mrr: 0.058707	 ndcg_5: 0.0503	 ndcg_10: 0.0657	 hit@1:0.021863	 hit@5:0.0789	 hit@10: 0.1267
target: 	 mrr: 0.047567	 ndcg_5: 0.0384	 ndcg_10: 0.0509	 hit@1:0.017554	 hit@5:0.0602	 hit@10: 0.0989
epoch 71: train_loss = 0.995946, source_hit@10 = 0.1267, source_ndcg@10 = 0.0657, target_hit@10 = 0.0989, target_ndcg@10 = 0.0509

2024-08-03 13:01:35.117305: step 24696/27440 (epoch 72/80), loss = 0.997357 (45.725 sec/epoch), lr: 0.000904
Evaluating on dev set...
..................................................................
source: 	 mrr: 0.055929	 ndcg_5: 0.0480	 ndcg_10: 0.0622	 hit@1:0.020913	 hit@5:0.0760	 hit@10: 0.1198
target: 	 mrr: 0.045613	 ndcg_5: 0.0373	 ndcg_10: 0.0491	 hit@1:0.015325	 hit@5:0.0599	 hit@10: 0.0970
epoch 72: train_loss = 0.997357, source_hit@10 = 0.1198, source_ndcg@10 = 0.0622, target_hit@10 = 0.0970, target_ndcg@10 = 0.0491

2024-08-03 13:02:21.235124: step 25039/27440 (epoch 73/80), loss = 0.992445 (45.479 sec/epoch), lr: 0.000859
Evaluating on dev set...
..................................................................
source: 	 mrr: 0.061028	 ndcg_5: 0.0520	 ndcg_10: 0.0662	 hit@1:0.026933	 hit@5:0.0770	 hit@10: 0.1207
target: 	 mrr: 0.044055	 ndcg_5: 0.0355	 ndcg_10: 0.0465	 hit@1:0.015325	 hit@5:0.0554	 hit@10: 0.0903
epoch 73: train_loss = 0.992445, source_hit@10 = 0.1207, source_ndcg@10 = 0.0662, target_hit@10 = 0.0903, target_ndcg@10 = 0.0465

2024-08-03 13:03:08.048017: step 25382/27440 (epoch 74/80), loss = 0.987732 (46.176 sec/epoch), lr: 0.000859
Evaluating on dev set...
..................................................................
source: 	 mrr: 0.056058	 ndcg_5: 0.0486	 ndcg_10: 0.0601	 hit@1:0.020279	 hit@5:0.0748	 hit@10: 0.1106
target: 	 mrr: 0.040221	 ndcg_5: 0.0322	 ndcg_10: 0.0427	 hit@1:0.012817	 hit@5:0.0524	 hit@10: 0.0850
epoch 74: train_loss = 0.987732, source_hit@10 = 0.1106, source_ndcg@10 = 0.0601, target_hit@10 = 0.0850, target_ndcg@10 = 0.0427

2024-08-03 13:03:54.393889: step 25725/27440 (epoch 75/80), loss = 0.983436 (45.702 sec/epoch), lr: 0.000816
Evaluating on dev set...
..................................................................
source: 	 mrr: 0.054082	 ndcg_5: 0.0451	 ndcg_10: 0.0580	 hit@1:0.019645	 hit@5:0.0697	 hit@10: 0.1096
target: 	 mrr: 0.046270	 ndcg_5: 0.0380	 ndcg_10: 0.0497	 hit@1:0.016160	 hit@5:0.0593	 hit@10: 0.0958
epoch 75: train_loss = 0.983436, source_hit@10 = 0.1096, source_ndcg@10 = 0.0580, target_hit@10 = 0.0958, target_ndcg@10 = 0.0497

2024-08-03 13:04:40.601539: step 26068/27440 (epoch 76/80), loss = 0.980588 (45.578 sec/epoch), lr: 0.000816
Evaluating on dev set...
..................................................................
source: 	 mrr: 0.053743	 ndcg_5: 0.0442	 ndcg_10: 0.0581	 hit@1:0.019328	 hit@5:0.0691	 hit@10: 0.1122
target: 	 mrr: 0.045705	 ndcg_5: 0.0380	 ndcg_10: 0.0490	 hit@1:0.016439	 hit@5:0.0602	 hit@10: 0.0945
epoch 76: train_loss = 0.980588, source_hit@10 = 0.1122, source_ndcg@10 = 0.0581, target_hit@10 = 0.0945, target_ndcg@10 = 0.0490

2024-08-03 13:05:26.866626: step 26411/27440 (epoch 77/80), loss = 0.976008 (45.632 sec/epoch), lr: 0.000775
Evaluating on dev set...
..................................................................
source: 	 mrr: 0.057339	 ndcg_5: 0.0481	 ndcg_10: 0.0617	 hit@1:0.021546	 hit@5:0.0735	 hit@10: 0.1160
target: 	 mrr: 0.044981	 ndcg_5: 0.0354	 ndcg_10: 0.0483	 hit@1:0.015325	 hit@5:0.0543	 hit@10: 0.0947
epoch 77: train_loss = 0.976008, source_hit@10 = 0.1160, source_ndcg@10 = 0.0617, target_hit@10 = 0.0947, target_ndcg@10 = 0.0483

2024-08-03 13:06:14.996320: step 26754/27440 (epoch 78/80), loss = 0.972602 (47.497 sec/epoch), lr: 0.000775
Evaluating on dev set...
..................................................................
source: 	 mrr: 0.055518	 ndcg_5: 0.0475	 ndcg_10: 0.0613	 hit@1:0.021229	 hit@5:0.0751	 hit@10: 0.1176
target: 	 mrr: 0.041463	 ndcg_5: 0.0339	 ndcg_10: 0.0433	 hit@1:0.012817	 hit@5:0.0549	 hit@10: 0.0847
epoch 78: train_loss = 0.972602, source_hit@10 = 0.1176, source_ndcg@10 = 0.0613, target_hit@10 = 0.0847, target_ndcg@10 = 0.0433

2024-08-03 13:07:02.051826: step 27097/27440 (epoch 79/80), loss = 0.967685 (46.419 sec/epoch), lr: 0.000736
Evaluating on dev set...
..................................................................
source: 	 mrr: 0.055690	 ndcg_5: 0.0475	 ndcg_10: 0.0624	 hit@1:0.020913	 hit@5:0.0748	 hit@10: 0.1210
target: 	 mrr: 0.040991	 ndcg_5: 0.0315	 ndcg_10: 0.0436	 hit@1:0.013931	 hit@5:0.0499	 hit@10: 0.0878
epoch 79: train_loss = 0.967685, source_hit@10 = 0.1210, source_ndcg@10 = 0.0624, target_hit@10 = 0.0878, target_ndcg@10 = 0.0436

2024-08-03 13:07:48.379343: step 27440/27440 (epoch 80/80), loss = 0.960442 (45.694 sec/epoch), lr: 0.000699
Evaluating on dev set...
..................................................................
source: 	 mrr: 0.060903	 ndcg_5: 0.0536	 ndcg_10: 0.0669	 hit@1:0.024081	 hit@5:0.0821	 hit@10: 0.1233
target: 	 mrr: 0.044974	 ndcg_5: 0.0368	 ndcg_10: 0.0472	 hit@1:0.016439	 hit@5:0.0577	 hit@10: 0.0903
epoch 80: train_loss = 0.960442, source_hit@10 = 0.1233, source_ndcg@10 = 0.0669, target_hit@10 = 0.0903, target_ndcg@10 = 0.0472

