nohup: ignoring input
using gpu:4 to train the model
using gpu:4 to train the model
cuda:4
Namespace(A_split=False, JK='sum', a_fold=100, aggregate=False, alpha=0.5, batch_size=1024, beta_inter=0.4, conv_layers=3, cuda=True, decay_epoch=10, device=device(type='cuda', index=4), device_id='4', domains='cloth_sport', dropout=0.5, epoch=80, feature_dim=126, hidden_dim=126, inter_tau=0.2, intra_tau=1, lambda_critic=0.4, leakey=0.05, load=False, log='logs.txt', log_epoch=1, lr=0.004, lr_decay=0.95, min_epoch=50, mode='train', model_file=None, model_name='cs', momentum=0.9, num_latent_factors=3, num_negative=100, optim='adam', patience=30, proj_layers=1, projection=1, residual=1, save=False, save_dir='./saved_models', seed=32, similarity_tau=0.1, test_sample_number=999, transfer_epoch=40, user_batch_size=256, weight_decay=0.0002)
number_user 41829
number_item 17943
/home/disk2/lhr/invariantCDR/invariantCDR/utils/GraphMaker.py:45: RuntimeWarning: divide by zero encountered in power
  r_inv = np.power(rowsum, -1).flatten()
real graph loaded!
number_user 27328
number_item 12655
real graph loaded!
graph loaded!
Loading data from cloth_sport with batch size 1024...
unseen test: 0
test length: 3156
unseen test: 0
test length: 3085
unseen test: 0
test length: 3589
unseen test: 0
test length: 3546
source_user_num 41829
target_user_num 27328
source_item_num 17943
target_item_num 12655
shared users id: 7857
test users 990, 982
unseen test: 0
dev length: 1000
unseen test: 0
dev length: 1000
source train data : 187880, target train data: 163291, source test data : 3085, target test data : 3546, source dev data : 1000, target dev data : 1000
2024-08-04 11:27:13.292938: step 343/27440 (epoch 1/80), loss = 1.425831 (86.631 sec/epoch), lr: 0.004000
Evaluating on dev set...
..................................................................
source: 	 mrr: 0.031454	 ndcg_5: 0.0239	 ndcg_10: 0.0339	 hit@1:0.007288	 hit@5:0.0425	 hit@10: 0.0738
target: 	 mrr: 0.029277	 ndcg_5: 0.0210	 ndcg_10: 0.0278	 hit@1:0.009195	 hit@5:0.0323	 hit@10: 0.0532
source best!
..............................
source: 	 mrr: 0.030990	 ndcg_5: 0.0219	 ndcg_10: 0.0320	 hit@1:0.008752	 hit@5:0.0353	 hit@10: 0.0665
target best!
...................................target: 	 mrr: 0.028209	 ndcg_5: 0.0200	 ndcg_10: 0.0277	 hit@1:0.008178	 hit@5:0.0316	 hit@10: 0.0558
epoch 1: train_loss = 1.425831, source_hit@10 = 0.0665, source_ndcg@10 = 0.0320, target_hit@10 = 0.0558, target_ndcg@10 = 0.0277

2024-08-04 11:28:44.889979: step 686/27440 (epoch 2/80), loss = 1.273043 (89.336 sec/epoch), lr: 0.004000
Evaluating on dev set...
..................................................................
source: 	 mrr: 0.043251	 ndcg_5: 0.0350	 ndcg_10: 0.0464	 hit@1:0.015209	 hit@5:0.0548	 hit@10: 0.0906
target: 	 mrr: 0.031264	 ndcg_5: 0.0219	 ndcg_10: 0.0320	 hit@1:0.007523	 hit@5:0.0368	 hit@10: 0.0683
source best!
..............................
source: 	 mrr: 0.038083	 ndcg_5: 0.0291	 ndcg_10: 0.0397	 hit@1:0.010697	 hit@5:0.0467	 hit@10: 0.0797
target best!
...................................target: 	 mrr: 0.034594	 ndcg_5: 0.0255	 ndcg_10: 0.0336	 hit@1:0.010998	 hit@5:0.0392	 hit@10: 0.0646
epoch 2: train_loss = 1.273043, source_hit@10 = 0.0797, source_ndcg@10 = 0.0397, target_hit@10 = 0.0646, target_ndcg@10 = 0.0336
new best model saved.

2024-08-04 11:30:20.724046: step 1029/27440 (epoch 3/80), loss = 1.252839 (93.090 sec/epoch), lr: 0.004000
Evaluating on dev set...
..................................................................
source: 	 mrr: 0.040715	 ndcg_5: 0.0343	 ndcg_10: 0.0434	 hit@1:0.014259	 hit@5:0.0551	 hit@10: 0.0837
target: 	 mrr: 0.038063	 ndcg_5: 0.0293	 ndcg_10: 0.0409	 hit@1:0.012260	 hit@5:0.0468	 hit@10: 0.0828
target best!
...................................target: 	 mrr: 0.035487	 ndcg_5: 0.0288	 ndcg_10: 0.0370	 hit@1:0.011280	 hit@5:0.0485	 hit@10: 0.0742
epoch 3: train_loss = 1.252839, source_hit@10 = 0.0837, source_ndcg@10 = 0.0434, target_hit@10 = 0.0742, target_ndcg@10 = 0.0370
new best model saved.

2024-08-04 11:31:52.409963: step 1372/27440 (epoch 4/80), loss = 1.236326 (89.603 sec/epoch), lr: 0.004000
Evaluating on dev set...
..................................................................
source: 	 mrr: 0.039374	 ndcg_5: 0.0292	 ndcg_10: 0.0420	 hit@1:0.011407	 hit@5:0.0469	 hit@10: 0.0871
target: 	 mrr: 0.027359	 ndcg_5: 0.0184	 ndcg_10: 0.0267	 hit@1:0.008916	 hit@5:0.0279	 hit@10: 0.0535
epoch 4: train_loss = 1.236326, source_hit@10 = 0.0871, source_ndcg@10 = 0.0420, target_hit@10 = 0.0535, target_ndcg@10 = 0.0267

2024-08-04 11:33:25.239550: step 1715/27440 (epoch 5/80), loss = 1.226874 (91.244 sec/epoch), lr: 0.004000
Evaluating on dev set...
..................................................................
source: 	 mrr: 0.034658	 ndcg_5: 0.0268	 ndcg_10: 0.0361	 hit@1:0.011090	 hit@5:0.0418	 hit@10: 0.0710
target: 	 mrr: 0.037767	 ndcg_5: 0.0297	 ndcg_10: 0.0397	 hit@1:0.013096	 hit@5:0.0451	 hit@10: 0.0761
epoch 5: train_loss = 1.226874, source_hit@10 = 0.0710, source_ndcg@10 = 0.0361, target_hit@10 = 0.0761, target_ndcg@10 = 0.0397

2024-08-04 11:34:56.149441: step 2058/27440 (epoch 6/80), loss = 1.217480 (89.651 sec/epoch), lr: 0.004000
Evaluating on dev set...
..................................................................
source: 	 mrr: 0.026608	 ndcg_5: 0.0179	 ndcg_10: 0.0267	 hit@1:0.006971	 hit@5:0.0285	 hit@10: 0.0561
target: 	 mrr: 0.034179	 ndcg_5: 0.0251	 ndcg_10: 0.0354	 hit@1:0.009195	 hit@5:0.0412	 hit@10: 0.0733
epoch 6: train_loss = 1.217480, source_hit@10 = 0.0561, source_ndcg@10 = 0.0267, target_hit@10 = 0.0733, target_ndcg@10 = 0.0354

2024-08-04 11:36:26.692539: step 2401/27440 (epoch 7/80), loss = 1.204151 (89.282 sec/epoch), lr: 0.004000
Evaluating on dev set...
..................................................................
source: 	 mrr: 0.020998	 ndcg_5: 0.0129	 ndcg_10: 0.0199	 hit@1:0.006971	 hit@5:0.0190	 hit@10: 0.0409
target: 	 mrr: 0.035559	 ndcg_5: 0.0276	 ndcg_10: 0.0379	 hit@1:0.009473	 hit@5:0.0463	 hit@10: 0.0786
epoch 7: train_loss = 1.204151, source_hit@10 = 0.0409, source_ndcg@10 = 0.0199, target_hit@10 = 0.0786, target_ndcg@10 = 0.0379

2024-08-04 11:37:57.626957: step 2744/27440 (epoch 8/80), loss = 1.193005 (89.656 sec/epoch), lr: 0.004000
Evaluating on dev set...
..................................................................
source: 	 mrr: 0.031788	 ndcg_5: 0.0232	 ndcg_10: 0.0329	 hit@1:0.010773	 hit@5:0.0368	 hit@10: 0.0665
target: 	 mrr: 0.036128	 ndcg_5: 0.0273	 ndcg_10: 0.0374	 hit@1:0.011981	 hit@5:0.0424	 hit@10: 0.0738
epoch 8: train_loss = 1.193005, source_hit@10 = 0.0665, source_ndcg@10 = 0.0329, target_hit@10 = 0.0738, target_ndcg@10 = 0.0374

2024-08-04 11:39:27.606653: step 3087/27440 (epoch 9/80), loss = 1.178125 (88.713 sec/epoch), lr: 0.004000
Evaluating on dev set...
..................................................................
source: 	 mrr: 0.032595	 ndcg_5: 0.0232	 ndcg_10: 0.0338	 hit@1:0.010456	 hit@5:0.0358	 hit@10: 0.0691
target: 	 mrr: 0.038667	 ndcg_5: 0.0296	 ndcg_10: 0.0403	 hit@1:0.011981	 hit@5:0.0476	 hit@10: 0.0808
target best!
...................................target: 	 mrr: 0.039220	 ndcg_5: 0.0305	 ndcg_10: 0.0412	 hit@1:0.013254	 hit@5:0.0477	 hit@10: 0.0809
epoch 9: train_loss = 1.178125, source_hit@10 = 0.0691, source_ndcg@10 = 0.0338, target_hit@10 = 0.0809, target_ndcg@10 = 0.0412

2024-08-04 11:40:59.067771: step 3430/27440 (epoch 10/80), loss = 1.170341 (89.503 sec/epoch), lr: 0.004000
Evaluating on dev set...
..................................................................
source: 	 mrr: 0.040273	 ndcg_5: 0.0324	 ndcg_10: 0.0424	 hit@1:0.011724	 hit@5:0.0535	 hit@10: 0.0846
target: 	 mrr: 0.034019	 ndcg_5: 0.0252	 ndcg_10: 0.0342	 hit@1:0.012260	 hit@5:0.0385	 hit@10: 0.0666
epoch 10: train_loss = 1.170341, source_hit@10 = 0.0846, source_ndcg@10 = 0.0424, target_hit@10 = 0.0666, target_ndcg@10 = 0.0342

2024-08-04 11:42:31.232288: step 3773/27440 (epoch 11/80), loss = 1.165368 (90.888 sec/epoch), lr: 0.004000
Evaluating on dev set...
..................................................................
source: 	 mrr: 0.037614	 ndcg_5: 0.0301	 ndcg_10: 0.0412	 hit@1:0.011090	 hit@5:0.0494	 hit@10: 0.0840
target: 	 mrr: 0.034336	 ndcg_5: 0.0265	 ndcg_10: 0.0352	 hit@1:0.009195	 hit@5:0.0437	 hit@10: 0.0708
epoch 11: train_loss = 1.165368, source_hit@10 = 0.0840, source_ndcg@10 = 0.0412, target_hit@10 = 0.0708, target_ndcg@10 = 0.0352

2024-08-04 11:44:02.900726: step 4116/27440 (epoch 12/80), loss = 1.162859 (90.361 sec/epoch), lr: 0.003800
Evaluating on dev set...
..................................................................
source: 	 mrr: 0.035780	 ndcg_5: 0.0277	 ndcg_10: 0.0357	 hit@1:0.010456	 hit@5:0.0444	 hit@10: 0.0694
target: 	 mrr: 0.033722	 ndcg_5: 0.0249	 ndcg_10: 0.0358	 hit@1:0.008916	 hit@5:0.0407	 hit@10: 0.0747
epoch 12: train_loss = 1.162859, source_hit@10 = 0.0694, source_ndcg@10 = 0.0357, target_hit@10 = 0.0747, target_ndcg@10 = 0.0358

2024-08-04 11:45:33.161388: step 4459/27440 (epoch 13/80), loss = 1.156171 (89.000 sec/epoch), lr: 0.003610
Evaluating on dev set...
..................................................................
source: 	 mrr: 0.037130	 ndcg_5: 0.0281	 ndcg_10: 0.0392	 hit@1:0.010773	 hit@5:0.0459	 hit@10: 0.0805
target: 	 mrr: 0.038315	 ndcg_5: 0.0289	 ndcg_10: 0.0395	 hit@1:0.012817	 hit@5:0.0454	 hit@10: 0.0786
epoch 13: train_loss = 1.156171, source_hit@10 = 0.0805, source_ndcg@10 = 0.0392, target_hit@10 = 0.0786, target_ndcg@10 = 0.0395

2024-08-04 11:47:02.961395: step 4802/27440 (epoch 14/80), loss = 1.151580 (88.516 sec/epoch), lr: 0.003610
Evaluating on dev set...
..................................................................
source: 	 mrr: 0.048937	 ndcg_5: 0.0396	 ndcg_10: 0.0525	 hit@1:0.019962	 hit@5:0.0608	 hit@10: 0.1011
target: 	 mrr: 0.036626	 ndcg_5: 0.0271	 ndcg_10: 0.0378	 hit@1:0.010867	 hit@5:0.0435	 hit@10: 0.0772
source best!
..............................
source: 	 mrr: 0.044262	 ndcg_5: 0.0334	 ndcg_10: 0.0462	 hit@1:0.018476	 hit@5:0.0493	 hit@10: 0.0891
epoch 14: train_loss = 1.151580, source_hit@10 = 0.0891, source_ndcg@10 = 0.0462, target_hit@10 = 0.0772, target_ndcg@10 = 0.0378
new best model saved.

2024-08-04 11:48:37.808940: step 5145/27440 (epoch 15/80), loss = 1.150374 (92.869 sec/epoch), lr: 0.003610
Evaluating on dev set...
..................................................................
source: 	 mrr: 0.036289	 ndcg_5: 0.0278	 ndcg_10: 0.0368	 hit@1:0.012041	 hit@5:0.0444	 hit@10: 0.0726
target: 	 mrr: 0.035601	 ndcg_5: 0.0268	 ndcg_10: 0.0378	 hit@1:0.011145	 hit@5:0.0435	 hit@10: 0.0777
epoch 15: train_loss = 1.150374, source_hit@10 = 0.0726, source_ndcg@10 = 0.0368, target_hit@10 = 0.0777, target_ndcg@10 = 0.0378

2024-08-04 11:50:14.322164: step 5488/27440 (epoch 16/80), loss = 1.141554 (94.866 sec/epoch), lr: 0.003429
Evaluating on dev set...
..................................................................
source: 	 mrr: 0.039012	 ndcg_5: 0.0292	 ndcg_10: 0.0393	 hit@1:0.016160	 hit@5:0.0425	 hit@10: 0.0741
target: 	 mrr: 0.036806	 ndcg_5: 0.0270	 ndcg_10: 0.0369	 hit@1:0.011145	 hit@5:0.0424	 hit@10: 0.0733
epoch 16: train_loss = 1.141554, source_hit@10 = 0.0741, source_ndcg@10 = 0.0393, target_hit@10 = 0.0733, target_ndcg@10 = 0.0369

2024-08-04 11:51:46.654418: step 5831/27440 (epoch 17/80), loss = 1.135201 (91.062 sec/epoch), lr: 0.003429
Evaluating on dev set...
..................................................................
source: 	 mrr: 0.030750	 ndcg_5: 0.0235	 ndcg_10: 0.0315	 hit@1:0.008238	 hit@5:0.0387	 hit@10: 0.0634
target: 	 mrr: 0.036198	 ndcg_5: 0.0266	 ndcg_10: 0.0365	 hit@1:0.010309	 hit@5:0.0426	 hit@10: 0.0736
epoch 17: train_loss = 1.135201, source_hit@10 = 0.0634, source_ndcg@10 = 0.0315, target_hit@10 = 0.0736, target_ndcg@10 = 0.0365

2024-08-04 11:53:16.925390: step 6174/27440 (epoch 18/80), loss = 1.128474 (88.997 sec/epoch), lr: 0.003258
Evaluating on dev set...
..................................................................
source: 	 mrr: 0.047137	 ndcg_5: 0.0382	 ndcg_10: 0.0502	 hit@1:0.017427	 hit@5:0.0593	 hit@10: 0.0966
target: 	 mrr: 0.037931	 ndcg_5: 0.0285	 ndcg_10: 0.0408	 hit@1:0.010309	 hit@5:0.0479	 hit@10: 0.0864
epoch 18: train_loss = 1.128474, source_hit@10 = 0.0966, source_ndcg@10 = 0.0502, target_hit@10 = 0.0864, target_ndcg@10 = 0.0408

2024-08-04 11:54:46.715941: step 6517/27440 (epoch 19/80), loss = 1.126954 (88.530 sec/epoch), lr: 0.003258
Evaluating on dev set...
..................................................................
source: 	 mrr: 0.048075	 ndcg_5: 0.0388	 ndcg_10: 0.0509	 hit@1:0.015843	 hit@5:0.0608	 hit@10: 0.0985
target: 	 mrr: 0.035038	 ndcg_5: 0.0269	 ndcg_10: 0.0364	 hit@1:0.011145	 hit@5:0.0443	 hit@10: 0.0736
epoch 19: train_loss = 1.126954, source_hit@10 = 0.0985, source_ndcg@10 = 0.0509, target_hit@10 = 0.0736, target_ndcg@10 = 0.0364

2024-08-04 11:56:17.986052: step 6860/27440 (epoch 20/80), loss = 1.121773 (89.995 sec/epoch), lr: 0.003095
Evaluating on dev set...
..................................................................
source: 	 mrr: 0.049955	 ndcg_5: 0.0414	 ndcg_10: 0.0535	 hit@1:0.017744	 hit@5:0.0646	 hit@10: 0.1023
target: 	 mrr: 0.040295	 ndcg_5: 0.0319	 ndcg_10: 0.0410	 hit@1:0.012538	 hit@5:0.0507	 hit@10: 0.0794
source best!
..............................
source: 	 mrr: 0.049729	 ndcg_5: 0.0404	 ndcg_10: 0.0545	 hit@1:0.020746	 hit@5:0.0609	 hit@10: 0.1050
target best!
...................................target: 	 mrr: 0.042117	 ndcg_5: 0.0342	 ndcg_10: 0.0426	 hit@1:0.014382	 hit@5:0.0533	 hit@10: 0.0792
epoch 20: train_loss = 1.121773, source_hit@10 = 0.1050, source_ndcg@10 = 0.0545, target_hit@10 = 0.0792, target_ndcg@10 = 0.0426
new best model saved.

2024-08-04 11:57:50.076060: step 7203/27440 (epoch 21/80), loss = 1.120159 (89.470 sec/epoch), lr: 0.003095
Evaluating on dev set...
..................................................................
source: 	 mrr: 0.035809	 ndcg_5: 0.0273	 ndcg_10: 0.0385	 hit@1:0.009506	 hit@5:0.0453	 hit@10: 0.0805
target: 	 mrr: 0.035638	 ndcg_5: 0.0274	 ndcg_10: 0.0369	 hit@1:0.009473	 hit@5:0.0454	 hit@10: 0.0750
epoch 21: train_loss = 1.120159, source_hit@10 = 0.0805, source_ndcg@10 = 0.0385, target_hit@10 = 0.0750, target_ndcg@10 = 0.0369

2024-08-04 11:59:22.582427: step 7546/27440 (epoch 22/80), loss = 1.114585 (91.195 sec/epoch), lr: 0.002940
Evaluating on dev set...
..................................................................
source: 	 mrr: 0.029158	 ndcg_5: 0.0188	 ndcg_10: 0.0285	 hit@1:0.007288	 hit@5:0.0304	 hit@10: 0.0615
target: 	 mrr: 0.032819	 ndcg_5: 0.0250	 ndcg_10: 0.0350	 hit@1:0.008359	 hit@5:0.0424	 hit@10: 0.0738
epoch 22: train_loss = 1.114585, source_hit@10 = 0.0615, source_ndcg@10 = 0.0285, target_hit@10 = 0.0738, target_ndcg@10 = 0.0350

2024-08-04 12:00:53.541500: step 7889/27440 (epoch 23/80), loss = 1.111106 (89.682 sec/epoch), lr: 0.002793
Evaluating on dev set...
..................................................................
source: 	 mrr: 0.043450	 ndcg_5: 0.0326	 ndcg_10: 0.0451	 hit@1:0.014892	 hit@5:0.0501	 hit@10: 0.0890
target: 	 mrr: 0.043073	 ndcg_5: 0.0351	 ndcg_10: 0.0472	 hit@1:0.014210	 hit@5:0.0574	 hit@10: 0.0956
target best!
...................................target: 	 mrr: 0.044282	 ndcg_5: 0.0364	 ndcg_10: 0.0471	 hit@1:0.015510	 hit@5:0.0575	 hit@10: 0.0911
epoch 23: train_loss = 1.111106, source_hit@10 = 0.0890, source_ndcg@10 = 0.0451, target_hit@10 = 0.0911, target_ndcg@10 = 0.0471

2024-08-04 12:02:25.896599: step 8232/27440 (epoch 24/80), loss = 1.109243 (90.499 sec/epoch), lr: 0.002793
Evaluating on dev set...
..................................................................
source: 	 mrr: 0.046121	 ndcg_5: 0.0355	 ndcg_10: 0.0496	 hit@1:0.016793	 hit@5:0.0551	 hit@10: 0.0989
target: 	 mrr: 0.036770	 ndcg_5: 0.0293	 ndcg_10: 0.0388	 hit@1:0.011981	 hit@5:0.0465	 hit@10: 0.0763
epoch 24: train_loss = 1.109243, source_hit@10 = 0.0989, source_ndcg@10 = 0.0496, target_hit@10 = 0.0763, target_ndcg@10 = 0.0388

2024-08-04 12:03:56.911314: step 8575/27440 (epoch 25/80), loss = 1.105784 (89.763 sec/epoch), lr: 0.002654
Evaluating on dev set...
..................................................................
source: 	 mrr: 0.049935	 ndcg_5: 0.0404	 ndcg_10: 0.0547	 hit@1:0.018061	 hit@5:0.0631	 hit@10: 0.1074
target: 	 mrr: 0.041107	 ndcg_5: 0.0320	 ndcg_10: 0.0432	 hit@1:0.014210	 hit@5:0.0507	 hit@10: 0.0858
epoch 25: train_loss = 1.105784, source_hit@10 = 0.1074, source_ndcg@10 = 0.0547, target_hit@10 = 0.0858, target_ndcg@10 = 0.0432

2024-08-04 12:05:27.812882: step 8918/27440 (epoch 26/80), loss = 1.103558 (89.561 sec/epoch), lr: 0.002654
Evaluating on dev set...
..................................................................
source: 	 mrr: 0.049156	 ndcg_5: 0.0418	 ndcg_10: 0.0539	 hit@1:0.018378	 hit@5:0.0653	 hit@10: 0.1033
target: 	 mrr: 0.035469	 ndcg_5: 0.0270	 ndcg_10: 0.0360	 hit@1:0.009752	 hit@5:0.0451	 hit@10: 0.0736
epoch 26: train_loss = 1.103558, source_hit@10 = 0.1033, source_ndcg@10 = 0.0539, target_hit@10 = 0.0736, target_ndcg@10 = 0.0360

2024-08-04 12:06:59.392040: step 9261/27440 (epoch 27/80), loss = 1.098687 (90.308 sec/epoch), lr: 0.002521
Evaluating on dev set...
..................................................................
source: 	 mrr: 0.036558	 ndcg_5: 0.0265	 ndcg_10: 0.0385	 hit@1:0.012991	 hit@5:0.0412	 hit@10: 0.0786
target: 	 mrr: 0.039922	 ndcg_5: 0.0302	 ndcg_10: 0.0414	 hit@1:0.011981	 hit@5:0.0482	 hit@10: 0.0825
epoch 27: train_loss = 1.098687, source_hit@10 = 0.0786, source_ndcg@10 = 0.0385, target_hit@10 = 0.0825, target_ndcg@10 = 0.0414

2024-08-04 12:08:29.667992: step 9604/27440 (epoch 28/80), loss = 1.096646 (88.948 sec/epoch), lr: 0.002395
Evaluating on dev set...
..................................................................
source: 	 mrr: 0.044184	 ndcg_5: 0.0342	 ndcg_10: 0.0463	 hit@1:0.018061	 hit@5:0.0507	 hit@10: 0.0884
target: 	 mrr: 0.041443	 ndcg_5: 0.0316	 ndcg_10: 0.0434	 hit@1:0.011981	 hit@5:0.0510	 hit@10: 0.0875
epoch 28: train_loss = 1.096646, source_hit@10 = 0.0884, source_ndcg@10 = 0.0463, target_hit@10 = 0.0875, target_ndcg@10 = 0.0434

2024-08-04 12:09:59.734462: step 9947/27440 (epoch 29/80), loss = 1.095334 (88.809 sec/epoch), lr: 0.002395
Evaluating on dev set...
..................................................................
source: 	 mrr: 0.051656	 ndcg_5: 0.0412	 ndcg_10: 0.0544	 hit@1:0.021229	 hit@5:0.0612	 hit@10: 0.1027
target: 	 mrr: 0.041473	 ndcg_5: 0.0320	 ndcg_10: 0.0441	 hit@1:0.013096	 hit@5:0.0513	 hit@10: 0.0886
source best!
..............................
source: 	 mrr: 0.048224	 ndcg_5: 0.0382	 ndcg_10: 0.0504	 hit@1:0.019125	 hit@5:0.0574	 hit@10: 0.0956
epoch 29: train_loss = 1.095334, source_hit@10 = 0.0956, source_ndcg@10 = 0.0504, target_hit@10 = 0.0886, target_ndcg@10 = 0.0441
new best model saved.

2024-08-04 12:11:31.971503: step 10290/27440 (epoch 30/80), loss = 1.093701 (89.962 sec/epoch), lr: 0.002395
Evaluating on dev set...
..................................................................
source: 	 mrr: 0.053691	 ndcg_5: 0.0454	 ndcg_10: 0.0575	 hit@1:0.021863	 hit@5:0.0700	 hit@10: 0.1077
target: 	 mrr: 0.041030	 ndcg_5: 0.0312	 ndcg_10: 0.0436	 hit@1:0.013096	 hit@5:0.0502	 hit@10: 0.0894
source best!
..............................
source: 	 mrr: 0.049422	 ndcg_5: 0.0396	 ndcg_10: 0.0516	 hit@1:0.019449	 hit@5:0.0606	 hit@10: 0.0982
epoch 30: train_loss = 1.093701, source_hit@10 = 0.0982, source_ndcg@10 = 0.0516, target_hit@10 = 0.0894, target_ndcg@10 = 0.0436

2024-08-04 12:13:03.828856: step 10633/27440 (epoch 31/80), loss = 1.090219 (89.972 sec/epoch), lr: 0.002395
Evaluating on dev set...
..................................................................
source: 	 mrr: 0.050134	 ndcg_5: 0.0408	 ndcg_10: 0.0539	 hit@1:0.018695	 hit@5:0.0646	 hit@10: 0.1058
target: 	 mrr: 0.045196	 ndcg_5: 0.0353	 ndcg_10: 0.0465	 hit@1:0.016160	 hit@5:0.0549	 hit@10: 0.0900
target best!
...................................target: 	 mrr: 0.042844	 ndcg_5: 0.0337	 ndcg_10: 0.0454	 hit@1:0.013254	 hit@5:0.0550	 hit@10: 0.0914
epoch 31: train_loss = 1.090219, source_hit@10 = 0.1058, source_ndcg@10 = 0.0539, target_hit@10 = 0.0914, target_ndcg@10 = 0.0454

2024-08-04 12:14:35.297922: step 10976/27440 (epoch 32/80), loss = 1.089696 (89.582 sec/epoch), lr: 0.002395
Evaluating on dev set...
..................................................................
source: 	 mrr: 0.053013	 ndcg_5: 0.0429	 ndcg_10: 0.0569	 hit@1:0.023764	 hit@5:0.0621	 hit@10: 0.1052
target: 	 mrr: 0.042752	 ndcg_5: 0.0337	 ndcg_10: 0.0440	 hit@1:0.014767	 hit@5:0.0527	 hit@10: 0.0850
epoch 32: train_loss = 1.089696, source_hit@10 = 0.1052, source_ndcg@10 = 0.0569, target_hit@10 = 0.0850, target_ndcg@10 = 0.0440

2024-08-04 12:16:07.692954: step 11319/27440 (epoch 33/80), loss = 1.089980 (91.143 sec/epoch), lr: 0.002395
Evaluating on dev set...
..................................................................
source: 	 mrr: 0.041292	 ndcg_5: 0.0316	 ndcg_10: 0.0437	 hit@1:0.012991	 hit@5:0.0501	 hit@10: 0.0878
target: 	 mrr: 0.041364	 ndcg_5: 0.0325	 ndcg_10: 0.0460	 hit@1:0.010309	 hit@5:0.0563	 hit@10: 0.0984
epoch 33: train_loss = 1.089980, source_hit@10 = 0.0878, source_ndcg@10 = 0.0437, target_hit@10 = 0.0984, target_ndcg@10 = 0.0460

2024-08-04 12:17:39.477578: step 11662/27440 (epoch 34/80), loss = 1.083830 (90.453 sec/epoch), lr: 0.002275
Evaluating on dev set...
..................................................................
source: 	 mrr: 0.046561	 ndcg_5: 0.0369	 ndcg_10: 0.0499	 hit@1:0.018378	 hit@5:0.0561	 hit@10: 0.0970
target: 	 mrr: 0.043973	 ndcg_5: 0.0341	 ndcg_10: 0.0477	 hit@1:0.016160	 hit@5:0.0521	 hit@10: 0.0945
epoch 34: train_loss = 1.083830, source_hit@10 = 0.0970, source_ndcg@10 = 0.0499, target_hit@10 = 0.0945, target_ndcg@10 = 0.0477

2024-08-04 12:19:10.100677: step 12005/27440 (epoch 35/80), loss = 1.085286 (89.294 sec/epoch), lr: 0.002275
Evaluating on dev set...
..................................................................
source: 	 mrr: 0.045494	 ndcg_5: 0.0355	 ndcg_10: 0.0477	 hit@1:0.017427	 hit@5:0.0539	 hit@10: 0.0916
target: 	 mrr: 0.042237	 ndcg_5: 0.0330	 ndcg_10: 0.0436	 hit@1:0.015046	 hit@5:0.0507	 hit@10: 0.0836
epoch 35: train_loss = 1.085286, source_hit@10 = 0.0916, source_ndcg@10 = 0.0477, target_hit@10 = 0.0836, target_ndcg@10 = 0.0436

2024-08-04 12:20:41.746734: step 12348/27440 (epoch 36/80), loss = 1.081635 (90.375 sec/epoch), lr: 0.002161
Evaluating on dev set...
..................................................................
source: 	 mrr: 0.050945	 ndcg_5: 0.0418	 ndcg_10: 0.0544	 hit@1:0.021229	 hit@5:0.0621	 hit@10: 0.1017
target: 	 mrr: 0.044372	 ndcg_5: 0.0349	 ndcg_10: 0.0481	 hit@1:0.015046	 hit@5:0.0543	 hit@10: 0.0953
epoch 36: train_loss = 1.081635, source_hit@10 = 0.1017, source_ndcg@10 = 0.0544, target_hit@10 = 0.0953, target_ndcg@10 = 0.0481

2024-08-04 12:22:12.595900: step 12691/27440 (epoch 37/80), loss = 1.078546 (89.582 sec/epoch), lr: 0.002161
Evaluating on dev set...
..................................................................
source: 	 mrr: 0.041791	 ndcg_5: 0.0328	 ndcg_10: 0.0443	 hit@1:0.013942	 hit@5:0.0520	 hit@10: 0.0875
target: 	 mrr: 0.043531	 ndcg_5: 0.0342	 ndcg_10: 0.0470	 hit@1:0.013931	 hit@5:0.0546	 hit@10: 0.0947
epoch 37: train_loss = 1.078546, source_hit@10 = 0.0875, source_ndcg@10 = 0.0443, target_hit@10 = 0.0947, target_ndcg@10 = 0.0470

2024-08-04 12:23:43.271842: step 13034/27440 (epoch 38/80), loss = 1.077964 (89.323 sec/epoch), lr: 0.002053
Evaluating on dev set...
..................................................................
source: 	 mrr: 0.054559	 ndcg_5: 0.0467	 ndcg_10: 0.0594	 hit@1:0.022497	 hit@5:0.0722	 hit@10: 0.1119
target: 	 mrr: 0.044572	 ndcg_5: 0.0356	 ndcg_10: 0.0482	 hit@1:0.015882	 hit@5:0.0560	 hit@10: 0.0953
source best!
..............................
source: 	 mrr: 0.048475	 ndcg_5: 0.0386	 ndcg_10: 0.0519	 hit@1:0.018152	 hit@5:0.0590	 hit@10: 0.1005
epoch 38: train_loss = 1.077964, source_hit@10 = 0.1005, source_ndcg@10 = 0.0519, target_hit@10 = 0.0953, target_ndcg@10 = 0.0482
new best model saved.

2024-08-04 12:25:15.123312: step 13377/27440 (epoch 39/80), loss = 1.075961 (89.802 sec/epoch), lr: 0.002053
Evaluating on dev set...
..................................................................
source: 	 mrr: 0.049855	 ndcg_5: 0.0414	 ndcg_10: 0.0537	 hit@1:0.019645	 hit@5:0.0643	 hit@10: 0.1033
target: 	 mrr: 0.042840	 ndcg_5: 0.0339	 ndcg_10: 0.0459	 hit@1:0.013931	 hit@5:0.0552	 hit@10: 0.0925
epoch 39: train_loss = 1.075961, source_hit@10 = 0.1033, source_ndcg@10 = 0.0537, target_hit@10 = 0.0925, target_ndcg@10 = 0.0459

2024-08-04 12:26:48.396698: step 13720/27440 (epoch 40/80), loss = 1.073946 (91.630 sec/epoch), lr: 0.001951
Evaluating on dev set...
..................................................................
source: 	 mrr: 0.053312	 ndcg_5: 0.0443	 ndcg_10: 0.0557	 hit@1:0.022814	 hit@5:0.0662	 hit@10: 0.1020
target: 	 mrr: 0.043717	 ndcg_5: 0.0344	 ndcg_10: 0.0472	 hit@1:0.014767	 hit@5:0.0543	 hit@10: 0.0942
epoch 40: train_loss = 1.073946, source_hit@10 = 0.1020, source_ndcg@10 = 0.0557, target_hit@10 = 0.0942, target_ndcg@10 = 0.0472
shift to transfer learning mode

2024-08-04 12:28:18.865050: step 14063/27440 (epoch 41/80), loss = 1.073606 (89.202 sec/epoch), lr: 0.001951
Evaluating on dev set...
..................................................................
source: 	 mrr: 0.045024	 ndcg_5: 0.0350	 ndcg_10: 0.0496	 hit@1:0.015526	 hit@5:0.0554	 hit@10: 0.1011
target: 	 mrr: 0.045187	 ndcg_5: 0.0383	 ndcg_10: 0.0488	 hit@1:0.014210	 hit@5:0.0624	 hit@10: 0.0950
epoch 41: train_loss = 1.073606, source_hit@10 = 0.1011, source_ndcg@10 = 0.0496, target_hit@10 = 0.0950, target_ndcg@10 = 0.0488

2024-08-04 12:29:54.012675: step 14406/27440 (epoch 42/80), loss = 1.069051 (93.873 sec/epoch), lr: 0.001853
Evaluating on dev set...
..................................................................
source: 	 mrr: 0.051300	 ndcg_5: 0.0431	 ndcg_10: 0.0542	 hit@1:0.021229	 hit@5:0.0653	 hit@10: 0.1001
target: 	 mrr: 0.045566	 ndcg_5: 0.0361	 ndcg_10: 0.0503	 hit@1:0.015046	 hit@5:0.0574	 hit@10: 0.1017
target best!
...................................target: 	 mrr: 0.046897	 ndcg_5: 0.0382	 ndcg_10: 0.0491	 hit@1:0.016920	 hit@5:0.0587	 hit@10: 0.0925
epoch 42: train_loss = 1.069051, source_hit@10 = 0.1001, source_ndcg@10 = 0.0542, target_hit@10 = 0.0925, target_ndcg@10 = 0.0491

2024-08-04 12:31:27.784957: step 14749/27440 (epoch 43/80), loss = 1.067442 (91.804 sec/epoch), lr: 0.001853
Evaluating on dev set...
..................................................................
source: 	 mrr: 0.041497	 ndcg_5: 0.0315	 ndcg_10: 0.0438	 hit@1:0.014575	 hit@5:0.0488	 hit@10: 0.0875
target: 	 mrr: 0.046580	 ndcg_5: 0.0365	 ndcg_10: 0.0499	 hit@1:0.015882	 hit@5:0.0571	 hit@10: 0.0989
target best!
...................................target: 	 mrr: 0.044700	 ndcg_5: 0.0347	 ndcg_10: 0.0476	 hit@1:0.014946	 hit@5:0.0550	 hit@10: 0.0950
epoch 43: train_loss = 1.067442, source_hit@10 = 0.0875, source_ndcg@10 = 0.0438, target_hit@10 = 0.0950, target_ndcg@10 = 0.0476

2024-08-04 12:33:01.473897: step 15092/27440 (epoch 44/80), loss = 1.063265 (91.288 sec/epoch), lr: 0.001761
Evaluating on dev set...
..................................................................
source: 	 mrr: 0.045796	 ndcg_5: 0.0359	 ndcg_10: 0.0473	 hit@1:0.017427	 hit@5:0.0542	 hit@10: 0.0900
target: 	 mrr: 0.046606	 ndcg_5: 0.0380	 ndcg_10: 0.0499	 hit@1:0.016160	 hit@5:0.0610	 hit@10: 0.0984
target best!
...................................target: 	 mrr: 0.046618	 ndcg_5: 0.0384	 ndcg_10: 0.0496	 hit@1:0.015510	 hit@5:0.0609	 hit@10: 0.0959
epoch 44: train_loss = 1.063265, source_hit@10 = 0.0900, source_ndcg@10 = 0.0473, target_hit@10 = 0.0959, target_ndcg@10 = 0.0496

2024-08-04 12:34:34.076342: step 15435/27440 (epoch 45/80), loss = 1.064203 (90.627 sec/epoch), lr: 0.001761
Evaluating on dev set...
..................................................................
source: 	 mrr: 0.049773	 ndcg_5: 0.0415	 ndcg_10: 0.0504	 hit@1:0.021863	 hit@5:0.0615	 hit@10: 0.0894
target: 	 mrr: 0.046507	 ndcg_5: 0.0364	 ndcg_10: 0.0501	 hit@1:0.016439	 hit@5:0.0566	 hit@10: 0.0997
epoch 45: train_loss = 1.064203, source_hit@10 = 0.0894, source_ndcg@10 = 0.0504, target_hit@10 = 0.0997, target_ndcg@10 = 0.0501

2024-08-04 12:36:04.838857: step 15778/27440 (epoch 46/80), loss = 1.062567 (89.510 sec/epoch), lr: 0.001761
Evaluating on dev set...
..................................................................
source: 	 mrr: 0.053641	 ndcg_5: 0.0451	 ndcg_10: 0.0586	 hit@1:0.021863	 hit@5:0.0691	 hit@10: 0.1112
target: 	 mrr: 0.043559	 ndcg_5: 0.0352	 ndcg_10: 0.0461	 hit@1:0.013653	 hit@5:0.0577	 hit@10: 0.0914
epoch 46: train_loss = 1.062567, source_hit@10 = 0.1112, source_ndcg@10 = 0.0586, target_hit@10 = 0.0914, target_ndcg@10 = 0.0461

2024-08-04 12:37:37.819077: step 16121/27440 (epoch 47/80), loss = 1.062755 (91.637 sec/epoch), lr: 0.001761
Evaluating on dev set...
..................................................................
source: 	 mrr: 0.051249	 ndcg_5: 0.0427	 ndcg_10: 0.0535	 hit@1:0.021546	 hit@5:0.0643	 hit@10: 0.0979
target: 	 mrr: 0.032429	 ndcg_5: 0.0247	 ndcg_10: 0.0330	 hit@1:0.009752	 hit@5:0.0398	 hit@10: 0.0655
epoch 47: train_loss = 1.062755, source_hit@10 = 0.0979, source_ndcg@10 = 0.0535, target_hit@10 = 0.0655, target_ndcg@10 = 0.0330

2024-08-04 12:39:09.833538: step 16464/27440 (epoch 48/80), loss = 1.059714 (90.766 sec/epoch), lr: 0.001672
Evaluating on dev set...
..................................................................
source: 	 mrr: 0.035841	 ndcg_5: 0.0274	 ndcg_10: 0.0370	 hit@1:0.011407	 hit@5:0.0428	 hit@10: 0.0729
target: 	 mrr: 0.047056	 ndcg_5: 0.0384	 ndcg_10: 0.0507	 hit@1:0.016160	 hit@5:0.0607	 hit@10: 0.0989
target best!
...................................target: 	 mrr: 0.045349	 ndcg_5: 0.0366	 ndcg_10: 0.0496	 hit@1:0.015228	 hit@5:0.0587	 hit@10: 0.0993
epoch 48: train_loss = 1.059714, source_hit@10 = 0.0729, source_ndcg@10 = 0.0370, target_hit@10 = 0.0993, target_ndcg@10 = 0.0496

2024-08-04 12:40:43.315513: step 16807/27440 (epoch 49/80), loss = 1.055506 (91.487 sec/epoch), lr: 0.001589
Evaluating on dev set...
..................................................................
source: 	 mrr: 0.037667	 ndcg_5: 0.0292	 ndcg_10: 0.0386	 hit@1:0.012357	 hit@5:0.0459	 hit@10: 0.0751
target: 	 mrr: 0.046636	 ndcg_5: 0.0372	 ndcg_10: 0.0509	 hit@1:0.016160	 hit@5:0.0591	 hit@10: 0.1020
epoch 49: train_loss = 1.055506, source_hit@10 = 0.0751, source_ndcg@10 = 0.0386, target_hit@10 = 0.1020, target_ndcg@10 = 0.0509

2024-08-04 12:42:15.574940: step 17150/27440 (epoch 50/80), loss = 1.057027 (90.620 sec/epoch), lr: 0.001589
Evaluating on dev set...
..................................................................
source: 	 mrr: 0.039536	 ndcg_5: 0.0315	 ndcg_10: 0.0423	 hit@1:0.012041	 hit@5:0.0510	 hit@10: 0.0843
target: 	 mrr: 0.040769	 ndcg_5: 0.0328	 ndcg_10: 0.0448	 hit@1:0.010588	 hit@5:0.0554	 hit@10: 0.0928
epoch 50: train_loss = 1.057027, source_hit@10 = 0.0843, source_ndcg@10 = 0.0423, target_hit@10 = 0.0928, target_ndcg@10 = 0.0448

2024-08-04 12:43:49.414888: step 17493/27440 (epoch 51/80), loss = 1.054570 (92.566 sec/epoch), lr: 0.001509
Evaluating on dev set...
..................................................................
source: 	 mrr: 0.048566	 ndcg_5: 0.0379	 ndcg_10: 0.0525	 hit@1:0.018378	 hit@5:0.0580	 hit@10: 0.1036
target: 	 mrr: 0.049151	 ndcg_5: 0.0397	 ndcg_10: 0.0524	 hit@1:0.017832	 hit@5:0.0607	 hit@10: 0.1000
target best!
...................................target: 	 mrr: 0.047761	 ndcg_5: 0.0389	 ndcg_10: 0.0523	 hit@1:0.016074	 hit@5:0.0618	 hit@10: 0.1035
epoch 51: train_loss = 1.054570, source_hit@10 = 0.1036, source_ndcg@10 = 0.0525, target_hit@10 = 0.1035, target_ndcg@10 = 0.0523

2024-08-04 12:45:23.986351: step 17836/27440 (epoch 52/80), loss = 1.051646 (92.648 sec/epoch), lr: 0.001509
Evaluating on dev set...
..................................................................
source: 	 mrr: 0.038604	 ndcg_5: 0.0308	 ndcg_10: 0.0417	 hit@1:0.011407	 hit@5:0.0501	 hit@10: 0.0840
target: 	 mrr: 0.044325	 ndcg_5: 0.0338	 ndcg_10: 0.0458	 hit@1:0.015603	 hit@5:0.0521	 hit@10: 0.0894
epoch 52: train_loss = 1.051646, source_hit@10 = 0.0840, source_ndcg@10 = 0.0417, target_hit@10 = 0.0894, target_ndcg@10 = 0.0458

2024-08-04 12:46:56.312573: step 18179/27440 (epoch 53/80), loss = 1.048959 (91.067 sec/epoch), lr: 0.001434
Evaluating on dev set...
..................................................................
source: 	 mrr: 0.043703	 ndcg_5: 0.0344	 ndcg_10: 0.0446	 hit@1:0.017110	 hit@5:0.0520	 hit@10: 0.0840
target: 	 mrr: 0.047205	 ndcg_5: 0.0388	 ndcg_10: 0.0501	 hit@1:0.015603	 hit@5:0.0621	 hit@10: 0.0967
epoch 53: train_loss = 1.048959, source_hit@10 = 0.0840, source_ndcg@10 = 0.0446, target_hit@10 = 0.0967, target_ndcg@10 = 0.0501

2024-08-04 12:48:27.309355: step 18522/27440 (epoch 54/80), loss = 1.047489 (89.729 sec/epoch), lr: 0.001434
Evaluating on dev set...
..................................................................
source: 	 mrr: 0.026599	 ndcg_5: 0.0194	 ndcg_10: 0.0258	 hit@1:0.009189	 hit@5:0.0298	 hit@10: 0.0497
target: 	 mrr: 0.039739	 ndcg_5: 0.0307	 ndcg_10: 0.0414	 hit@1:0.014210	 hit@5:0.0479	 hit@10: 0.0816
epoch 54: train_loss = 1.047489, source_hit@10 = 0.0497, source_ndcg@10 = 0.0258, target_hit@10 = 0.0816, target_ndcg@10 = 0.0414

2024-08-04 12:49:59.314948: step 18865/27440 (epoch 55/80), loss = 1.044350 (90.736 sec/epoch), lr: 0.001362
Evaluating on dev set...
..................................................................
source: 	 mrr: 0.054052	 ndcg_5: 0.0440	 ndcg_10: 0.0576	 hit@1:0.021863	 hit@5:0.0665	 hit@10: 0.1090
target: 	 mrr: 0.046212	 ndcg_5: 0.0358	 ndcg_10: 0.0492	 hit@1:0.015325	 hit@5:0.0563	 hit@10: 0.0984
epoch 55: train_loss = 1.044350, source_hit@10 = 0.1090, source_ndcg@10 = 0.0576, target_hit@10 = 0.0984, target_ndcg@10 = 0.0492

2024-08-04 12:51:32.763310: step 19208/27440 (epoch 56/80), loss = 1.044052 (92.152 sec/epoch), lr: 0.001362
Evaluating on dev set...
..................................................................
source: 	 mrr: 0.043805	 ndcg_5: 0.0341	 ndcg_10: 0.0460	 hit@1:0.016477	 hit@5:0.0520	 hit@10: 0.0887
target: 	 mrr: 0.046087	 ndcg_5: 0.0360	 ndcg_10: 0.0502	 hit@1:0.013653	 hit@5:0.0591	 hit@10: 0.1034
epoch 56: train_loss = 1.044052, source_hit@10 = 0.0887, source_ndcg@10 = 0.0460, target_hit@10 = 0.1034, target_ndcg@10 = 0.0502

2024-08-04 12:53:05.447484: step 19551/27440 (epoch 57/80), loss = 1.041104 (91.353 sec/epoch), lr: 0.001294
Evaluating on dev set...
..................................................................
source: 	 mrr: 0.054251	 ndcg_5: 0.0445	 ndcg_10: 0.0567	 hit@1:0.021863	 hit@5:0.0669	 hit@10: 0.1046
target: 	 mrr: 0.047395	 ndcg_5: 0.0391	 ndcg_10: 0.0509	 hit@1:0.016439	 hit@5:0.0624	 hit@10: 0.0995
epoch 57: train_loss = 1.041104, source_hit@10 = 0.1046, source_ndcg@10 = 0.0567, target_hit@10 = 0.0995, target_ndcg@10 = 0.0509

2024-08-04 12:54:37.084779: step 19894/27440 (epoch 58/80), loss = 1.038829 (90.367 sec/epoch), lr: 0.001294
Evaluating on dev set...
..................................................................
source: 	 mrr: 0.050371	 ndcg_5: 0.0417	 ndcg_10: 0.0540	 hit@1:0.019328	 hit@5:0.0640	 hit@10: 0.1027
target: 	 mrr: 0.046325	 ndcg_5: 0.0360	 ndcg_10: 0.0499	 hit@1:0.016439	 hit@5:0.0560	 hit@10: 0.0992
epoch 58: train_loss = 1.038829, source_hit@10 = 0.1027, source_ndcg@10 = 0.0540, target_hit@10 = 0.0992, target_ndcg@10 = 0.0499

2024-08-04 12:56:10.377941: step 20237/27440 (epoch 59/80), loss = 1.036191 (91.986 sec/epoch), lr: 0.001229
Evaluating on dev set...
..................................................................
source: 	 mrr: 0.053753	 ndcg_5: 0.0443	 ndcg_10: 0.0571	 hit@1:0.020279	 hit@5:0.0678	 hit@10: 0.1077
target: 	 mrr: 0.046602	 ndcg_5: 0.0361	 ndcg_10: 0.0495	 hit@1:0.016160	 hit@5:0.0566	 hit@10: 0.0981
epoch 59: train_loss = 1.036191, source_hit@10 = 0.1077, source_ndcg@10 = 0.0571, target_hit@10 = 0.0981, target_ndcg@10 = 0.0495

2024-08-04 12:57:43.237108: step 20580/27440 (epoch 60/80), loss = 1.035826 (91.220 sec/epoch), lr: 0.001229
Evaluating on dev set...
..................................................................
source: 	 mrr: 0.053600	 ndcg_5: 0.0439	 ndcg_10: 0.0578	 hit@1:0.022180	 hit@5:0.0653	 hit@10: 0.1090
target: 	 mrr: 0.048374	 ndcg_5: 0.0389	 ndcg_10: 0.0510	 hit@1:0.016996	 hit@5:0.0613	 hit@10: 0.0986
epoch 60: train_loss = 1.035826, source_hit@10 = 0.1090, source_ndcg@10 = 0.0578, target_hit@10 = 0.0986, target_ndcg@10 = 0.0510

2024-08-04 12:59:15.365895: step 20923/27440 (epoch 61/80), loss = 1.034507 (90.870 sec/epoch), lr: 0.001229
Evaluating on dev set...
..................................................................
source: 	 mrr: 0.043249	 ndcg_5: 0.0347	 ndcg_10: 0.0462	 hit@1:0.014575	 hit@5:0.0558	 hit@10: 0.0919
target: 	 mrr: 0.049239	 ndcg_5: 0.0392	 ndcg_10: 0.0528	 hit@1:0.017554	 hit@5:0.0605	 hit@10: 0.1025
target best!
...................................target: 	 mrr: 0.049936	 ndcg_5: 0.0418	 ndcg_10: 0.0548	 hit@1:0.016920	 hit@5:0.0674	 hit@10: 0.1074
epoch 61: train_loss = 1.034507, source_hit@10 = 0.0919, source_ndcg@10 = 0.0462, target_hit@10 = 0.1074, target_ndcg@10 = 0.0548

2024-08-04 13:00:48.082592: step 21266/27440 (epoch 62/80), loss = 1.032287 (90.829 sec/epoch), lr: 0.001168
Evaluating on dev set...
..................................................................
source: 	 mrr: 0.046289	 ndcg_5: 0.0382	 ndcg_10: 0.0477	 hit@1:0.018378	 hit@5:0.0574	 hit@10: 0.0868
target: 	 mrr: 0.047269	 ndcg_5: 0.0362	 ndcg_10: 0.0515	 hit@1:0.015325	 hit@5:0.0563	 hit@10: 0.1042
epoch 62: train_loss = 1.032287, source_hit@10 = 0.0868, source_ndcg@10 = 0.0477, target_hit@10 = 0.1042, target_ndcg@10 = 0.0515

2024-08-04 13:02:19.752950: step 21609/27440 (epoch 63/80), loss = 1.032012 (90.389 sec/epoch), lr: 0.001168
Evaluating on dev set...
..................................................................
source: 	 mrr: 0.049113	 ndcg_5: 0.0388	 ndcg_10: 0.0524	 hit@1:0.019011	 hit@5:0.0574	 hit@10: 0.0995
target: 	 mrr: 0.046000	 ndcg_5: 0.0364	 ndcg_10: 0.0488	 hit@1:0.014489	 hit@5:0.0571	 hit@10: 0.0964
epoch 63: train_loss = 1.032012, source_hit@10 = 0.0995, source_ndcg@10 = 0.0524, target_hit@10 = 0.0964, target_ndcg@10 = 0.0488

2024-08-04 13:03:51.555833: step 21952/27440 (epoch 64/80), loss = 1.028879 (90.519 sec/epoch), lr: 0.001168
Evaluating on dev set...
..................................................................
source: 	 mrr: 0.047772	 ndcg_5: 0.0385	 ndcg_10: 0.0501	 hit@1:0.019011	 hit@5:0.0577	 hit@10: 0.0938
target: 	 mrr: 0.050510	 ndcg_5: 0.0398	 ndcg_10: 0.0550	 hit@1:0.018111	 hit@5:0.0616	 hit@10: 0.1084
target best!
...................................target: 	 mrr: 0.049605	 ndcg_5: 0.0397	 ndcg_10: 0.0553	 hit@1:0.018049	 hit@5:0.0609	 hit@10: 0.1097
epoch 64: train_loss = 1.028879, source_hit@10 = 0.0938, source_ndcg@10 = 0.0501, target_hit@10 = 0.1097, target_ndcg@10 = 0.0553

2024-08-04 13:05:23.484169: step 22295/27440 (epoch 65/80), loss = 1.029773 (90.053 sec/epoch), lr: 0.001168
Evaluating on dev set...
..................................................................
source: 	 mrr: 0.045776	 ndcg_5: 0.0375	 ndcg_10: 0.0483	 hit@1:0.016477	 hit@5:0.0580	 hit@10: 0.0919
target: 	 mrr: 0.051369	 ndcg_5: 0.0424	 ndcg_10: 0.0557	 hit@1:0.020061	 hit@5:0.0646	 hit@10: 0.1062
target best!
...................................target: 	 mrr: 0.052872	 ndcg_5: 0.0446	 ndcg_10: 0.0576	 hit@1:0.021433	 hit@5:0.0682	 hit@10: 0.1086
epoch 65: train_loss = 1.029773, source_hit@10 = 0.0919, source_ndcg@10 = 0.0483, target_hit@10 = 0.1086, target_ndcg@10 = 0.0576

2024-08-04 13:06:58.342939: step 22638/27440 (epoch 66/80), loss = 1.024024 (92.955 sec/epoch), lr: 0.001110
Evaluating on dev set...
..................................................................
source: 	 mrr: 0.048761	 ndcg_5: 0.0400	 ndcg_10: 0.0523	 hit@1:0.019962	 hit@5:0.0599	 hit@10: 0.0982
target: 	 mrr: 0.048028	 ndcg_5: 0.0389	 ndcg_10: 0.0520	 hit@1:0.016718	 hit@5:0.0613	 hit@10: 0.1020
epoch 66: train_loss = 1.024024, source_hit@10 = 0.0982, source_ndcg@10 = 0.0523, target_hit@10 = 0.1020, target_ndcg@10 = 0.0520

2024-08-04 13:08:31.132215: step 22981/27440 (epoch 67/80), loss = 1.020102 (91.518 sec/epoch), lr: 0.001054
Evaluating on dev set...
..................................................................
source: 	 mrr: 0.047433	 ndcg_5: 0.0395	 ndcg_10: 0.0507	 hit@1:0.017427	 hit@5:0.0615	 hit@10: 0.0966
target: 	 mrr: 0.047999	 ndcg_5: 0.0392	 ndcg_10: 0.0520	 hit@1:0.015882	 hit@5:0.0630	 hit@10: 0.1028
epoch 67: train_loss = 1.020102, source_hit@10 = 0.0966, source_ndcg@10 = 0.0507, target_hit@10 = 0.1028, target_ndcg@10 = 0.0520

2024-08-04 13:10:04.233063: step 23324/27440 (epoch 68/80), loss = 1.016583 (91.813 sec/epoch), lr: 0.001001
Evaluating on dev set...
..................................................................
source: 	 mrr: 0.051545	 ndcg_5: 0.0425	 ndcg_10: 0.0577	 hit@1:0.018061	 hit@5:0.0672	 hit@10: 0.1144
target: 	 mrr: 0.048740	 ndcg_5: 0.0389	 ndcg_10: 0.0529	 hit@1:0.016439	 hit@5:0.0605	 hit@10: 0.1039
epoch 68: train_loss = 1.016583, source_hit@10 = 0.1144, source_ndcg@10 = 0.0577, target_hit@10 = 0.1039, target_ndcg@10 = 0.0529

2024-08-04 13:11:37.092493: step 23667/27440 (epoch 69/80), loss = 1.014921 (91.254 sec/epoch), lr: 0.001001
Evaluating on dev set...
..................................................................
source: 	 mrr: 0.048684	 ndcg_5: 0.0383	 ndcg_10: 0.0511	 hit@1:0.020279	 hit@5:0.0570	 hit@10: 0.0970
target: 	 mrr: 0.045059	 ndcg_5: 0.0351	 ndcg_10: 0.0496	 hit@1:0.014489	 hit@5:0.0557	 hit@10: 0.1011
epoch 69: train_loss = 1.014921, source_hit@10 = 0.0970, source_ndcg@10 = 0.0511, target_hit@10 = 0.1011, target_ndcg@10 = 0.0496
early termination of training
