nohup: ignoring input
/home1/lhr/anaconda3/envs/torch/lib/python3.8/site-packages/torch_geometric/typing.py:54: UserWarning: An issue occurred while importing 'pyg-lib'. Disabling its usage. Stacktrace: /lib/x86_64-linux-gnu/libm.so.6: version `GLIBC_2.29' not found (required by /home1/lhr/anaconda3/envs/torch/lib/python3.8/site-packages/libpyg.so)
  warnings.warn(f"An issue occurred while importing 'pyg-lib'. "
/home1/lhr/anaconda3/envs/torch/lib/python3.8/site-packages/torch_geometric/typing.py:110: UserWarning: An issue occurred while importing 'torch-sparse'. Disabling its usage. Stacktrace: /lib/x86_64-linux-gnu/libm.so.6: version `GLIBC_2.29' not found (required by /home1/lhr/anaconda3/envs/torch/lib/python3.8/site-packages/libpyg.so)
  warnings.warn(f"An issue occurred while importing 'torch-sparse'. "
using gpu:1 to train the model
using gpu:1 to train the model
cuda:1
Namespace(A_split=False, JK='sum', a_fold=100, aggregate=False, alpha=0.5, batch_size=1024, beta_inter=0.4, conv_layers=4, cuda=True, decay_epoch=10, device=device(type='cuda', index=1), device_id='1', domains='cloth_sport', dropout=0.5, epoch=80, feature_dim=126, hidden_dim=126, inter_tau=0.2, intra_tau=1, lambda_critic=0.3, leakey=0.05, load=False, log='logs.txt', log_epoch=1, lr=0.004, lr_decay=0.95, min_epoch=50, mode='train', model_file=None, model_name='cs', momentum=0.9, num_latent_factors=3, num_negative=100, optim='adam', patience=30, proj_layers=1, projection=1, residual=1, save=False, save_dir='./saved_models', seed=2040, similarity_tau=0.1, test_sample_number=999, transfer_epoch=40, user_batch_size=256, weight_decay=0.0002)
number_user 41829
number_item 17943
/home1/lhr/invariantCDR/invariantCDR/utils/GraphMaker.py:45: RuntimeWarning: divide by zero encountered in power
  r_inv = np.power(rowsum, -1).flatten()
/home1/lhr/invariantCDR/invariantCDR/utils/GraphMaker.py:68: UserWarning: torch.sparse.SparseTensor(indices, values, shape, *, device=) is deprecated.  Please use torch.sparse_coo_tensor(indices, values, shape, dtype=, device=). (Triggered internally at /opt/conda/conda-bld/pytorch_1711403590347/work/torch/csrc/utils/tensor_new.cpp:618.)
  return torch.sparse.FloatTensor(indices, values, shape)
real graph loaded!
number_user 27328
number_item 12655
real graph loaded!
graph loaded!
Loading data from cloth_sport with batch size 1024...
unseen test: 0
test length: 3156
unseen test: 0
test length: 3085
unseen test: 0
test length: 3589
unseen test: 0
test length: 3546
source_user_num 41829
target_user_num 27328
source_item_num 17943
target_item_num 12655
shared users id: 7857
test users 990, 982
unseen test: 0
dev length: 1000
unseen test: 0
dev length: 1000
source train data : 187880, target train data: 163291, source test data : 3085, target test data : 3546, source dev data : 1000, target dev data : 1000
2024-08-03 19:24:25.566242: step 343/27440 (epoch 1/80), loss = 1.629309 (117.220 sec/epoch), lr: 0.004000
Evaluating on dev set...
..................................................................
source: 	 mrr: 0.040299	 ndcg_5: 0.0311	 ndcg_10: 0.0435	 hit@1:0.012991	 hit@5:0.0497	 hit@10: 0.0887
target: 	 mrr: 0.028477	 ndcg_5: 0.0210	 ndcg_10: 0.0276	 hit@1:0.008638	 hit@5:0.0334	 hit@10: 0.0535
source best!
..............................
source: 	 mrr: 0.036087	 ndcg_5: 0.0270	 ndcg_10: 0.0375	 hit@1:0.010697	 hit@5:0.0441	 hit@10: 0.0771
target best!
...................................target: 	 mrr: 0.029336	 ndcg_5: 0.0213	 ndcg_10: 0.0288	 hit@1:0.010998	 hit@5:0.0316	 hit@10: 0.0553
epoch 1: train_loss = 1.629309, source_hit@10 = 0.0771, source_ndcg@10 = 0.0375, target_hit@10 = 0.0553, target_ndcg@10 = 0.0288

2024-08-03 19:26:23.577423: step 686/27440 (epoch 2/80), loss = 1.477552 (114.387 sec/epoch), lr: 0.004000
Evaluating on dev set...
..................................................................
source: 	 mrr: 0.042890	 ndcg_5: 0.0352	 ndcg_10: 0.0457	 hit@1:0.014892	 hit@5:0.0545	 hit@10: 0.0871
target: 	 mrr: 0.033264	 ndcg_5: 0.0245	 ndcg_10: 0.0338	 hit@1:0.007802	 hit@5:0.0404	 hit@10: 0.0694
source best!
..............................
source: 	 mrr: 0.038658	 ndcg_5: 0.0304	 ndcg_10: 0.0408	 hit@1:0.013614	 hit@5:0.0473	 hit@10: 0.0804
target best!
...................................target: 	 mrr: 0.036085	 ndcg_5: 0.0283	 ndcg_10: 0.0376	 hit@1:0.012408	 hit@5:0.0451	 hit@10: 0.0742
epoch 2: train_loss = 1.477552, source_hit@10 = 0.0804, source_ndcg@10 = 0.0408, target_hit@10 = 0.0742, target_ndcg@10 = 0.0376
new best model saved.

