nohup: ignoring input
using gpu:3 to train the model
using gpu:3 to train the model
cuda:3
Namespace(A_split=False, JK='sum', a_fold=100, aggregate=False, alpha=0.4, batch_size=1024, beta_inter=0.55, conv_layers=5, cuda=True, decay_epoch=10, device=device(type='cuda', index=3), device_id='3', domains='cloth_sport', dropout=0.4, epoch=80, feature_dim=126, hidden_dim=126, inter_tau=0.2, intra_tau=1, lambda_critic=0.4, leakey=0.05, load=False, log='logs.txt', log_epoch=1, lr=0.004, lr_decay=0.95, min_epoch=50, mode='train', model_file=None, model_name='cs', momentum=0.98, num_latent_factors=3, num_negative=100, optim='adam', patience=20, proj_layers=1, projection=1, rectify_epoch=30, residual=1, save=False, save_dir='./saved_models', seed=32, similarity_tau=0.1, test_sample_number=999, user_batch_size=256, weight_decay=0.0002)
number_user 41829
number_item 17943
/home/disk2/lhr/invariantCDR/invariantCDR/utils/GraphMaker.py:46: RuntimeWarning: divide by zero encountered in power
  r_inv = np.power(rowsum, -1).flatten()
real graph loaded!
number_user 27328
number_item 12655
real graph loaded!
graph loaded!
Loading data from cloth_sport with batch size 1024...
unseen test: 0
test length: 3156
unseen test: 0
test length: 3085
unseen test: 0
test length: 3589
unseen test: 0
test length: 3546
source_user_num 41829
target_user_num 27328
source_item_num 17943
target_item_num 12655
shared users id: 7857
test users 990, 982
unseen test: 0
dev length: 1000
unseen test: 0
dev length: 1000
source train data : 187880, target train data: 163291, source test data : 3085, target test data : 3546, source dev data : 1000, target dev data : 1000
2024-08-07 07:34:40.504514: step 343/27440 (epoch 1/80), loss = 1.411207 (119.009 sec/epoch), lr: 0.004000
Evaluating on dev set...
..................................................................
source: 	 mrr: 0.033723	 ndcg_5: 0.0263	 ndcg_10: 0.0356	 hit@1:0.012674	 hit@5:0.0402	 hit@10: 0.0691
target: 	 mrr: 0.025340	 ndcg_5: 0.0187	 ndcg_10: 0.0251	 hit@1:0.007523	 hit@5:0.0304	 hit@10: 0.0502
source best!
..............................
source: 	 mrr: 0.027514	 ndcg_5: 0.0206	 ndcg_10: 0.0277	 hit@1:0.007455	 hit@5:0.0344	 hit@10: 0.0564
target best!
...................................target: 	 mrr: 0.022848	 ndcg_5: 0.0152	 ndcg_10: 0.0222	 hit@1:0.005640	 hit@5:0.0251	 hit@10: 0.0471
epoch 1: train_loss = 1.411207, source_hit@10 = 0.0564, source_ndcg@10 = 0.0277, target_hit@10 = 0.0471, target_ndcg@10 = 0.0222

2024-08-07 07:36:42.479352: step 686/27440 (epoch 2/80), loss = 1.275665 (119.346 sec/epoch), lr: 0.004000
Evaluating on dev set...
..................................................................
source: 	 mrr: 0.040054	 ndcg_5: 0.0313	 ndcg_10: 0.0427	 hit@1:0.010456	 hit@5:0.0513	 hit@10: 0.0868
target: 	 mrr: 0.035304	 ndcg_5: 0.0260	 ndcg_10: 0.0359	 hit@1:0.011424	 hit@5:0.0407	 hit@10: 0.0719
source best!
..............................
source: 	 mrr: 0.039236	 ndcg_5: 0.0302	 ndcg_10: 0.0404	 hit@1:0.012966	 hit@5:0.0473	 hit@10: 0.0791
target best!
...................................target: 	 mrr: 0.035198	 ndcg_5: 0.0265	 ndcg_10: 0.0373	 hit@1:0.010434	 hit@5:0.0429	 hit@10: 0.0764
epoch 2: train_loss = 1.275665, source_hit@10 = 0.0791, source_ndcg@10 = 0.0404, target_hit@10 = 0.0764, target_ndcg@10 = 0.0373
new best model saved.

2024-08-07 07:38:44.109904: step 1029/27440 (epoch 3/80), loss = 1.260902 (118.882 sec/epoch), lr: 0.004000
Evaluating on dev set...
..................................................................
source: 	 mrr: 0.033287	 ndcg_5: 0.0252	 ndcg_10: 0.0354	 hit@1:0.009823	 hit@5:0.0412	 hit@10: 0.0729
target: 	 mrr: 0.033956	 ndcg_5: 0.0262	 ndcg_10: 0.0347	 hit@1:0.010867	 hit@5:0.0424	 hit@10: 0.0688
epoch 3: train_loss = 1.260902, source_hit@10 = 0.0729, source_ndcg@10 = 0.0354, target_hit@10 = 0.0688, target_ndcg@10 = 0.0347

2024-08-07 07:40:43.596387: step 1372/27440 (epoch 4/80), loss = 1.239482 (118.103 sec/epoch), lr: 0.004000
Evaluating on dev set...
..................................................................
source: 	 mrr: 0.034771	 ndcg_5: 0.0278	 ndcg_10: 0.0354	 hit@1:0.013308	 hit@5:0.0421	 hit@10: 0.0659
target: 	 mrr: 0.031849	 ndcg_5: 0.0236	 ndcg_10: 0.0343	 hit@1:0.009752	 hit@5:0.0376	 hit@10: 0.0711
epoch 4: train_loss = 1.239482, source_hit@10 = 0.0659, source_ndcg@10 = 0.0354, target_hit@10 = 0.0711, target_ndcg@10 = 0.0343

2024-08-07 07:42:44.585955: step 1715/27440 (epoch 5/80), loss = 1.210884 (119.591 sec/epoch), lr: 0.004000
Evaluating on dev set...
..................................................................
source: 	 mrr: 0.038601	 ndcg_5: 0.0304	 ndcg_10: 0.0416	 hit@1:0.010773	 hit@5:0.0504	 hit@10: 0.0856
target: 	 mrr: 0.032007	 ndcg_5: 0.0238	 ndcg_10: 0.0334	 hit@1:0.008359	 hit@5:0.0398	 hit@10: 0.0705
epoch 5: train_loss = 1.210884, source_hit@10 = 0.0856, source_ndcg@10 = 0.0416, target_hit@10 = 0.0705, target_ndcg@10 = 0.0334

2024-08-07 07:44:44.913998: step 2058/27440 (epoch 6/80), loss = 1.196326 (118.984 sec/epoch), lr: 0.004000
Evaluating on dev set...
..................................................................
source: 	 mrr: 0.027246	 ndcg_5: 0.0186	 ndcg_10: 0.0256	 hit@1:0.006020	 hit@5:0.0311	 hit@10: 0.0529
target: 	 mrr: 0.030854	 ndcg_5: 0.0215	 ndcg_10: 0.0306	 hit@1:0.007802	 hit@5:0.0348	 hit@10: 0.0632
epoch 6: train_loss = 1.196326, source_hit@10 = 0.0529, source_ndcg@10 = 0.0256, target_hit@10 = 0.0632, target_ndcg@10 = 0.0306

2024-08-07 07:46:46.366665: step 2401/27440 (epoch 7/80), loss = 1.181624 (120.124 sec/epoch), lr: 0.004000
Evaluating on dev set...
..................................................................
source: 	 mrr: 0.029824	 ndcg_5: 0.0217	 ndcg_10: 0.0302	 hit@1:0.006654	 hit@5:0.0361	 hit@10: 0.0621
target: 	 mrr: 0.034300	 ndcg_5: 0.0250	 ndcg_10: 0.0349	 hit@1:0.010867	 hit@5:0.0390	 hit@10: 0.0702
epoch 7: train_loss = 1.181624, source_hit@10 = 0.0621, source_ndcg@10 = 0.0302, target_hit@10 = 0.0702, target_ndcg@10 = 0.0349

2024-08-07 07:48:45.098596: step 2744/27440 (epoch 8/80), loss = 1.177130 (117.364 sec/epoch), lr: 0.004000
Evaluating on dev set...
..................................................................
source: 	 mrr: 0.040185	 ndcg_5: 0.0315	 ndcg_10: 0.0430	 hit@1:0.012674	 hit@5:0.0507	 hit@10: 0.0865
target: 	 mrr: 0.036788	 ndcg_5: 0.0274	 ndcg_10: 0.0364	 hit@1:0.012538	 hit@5:0.0424	 hit@10: 0.0702
source best!
..............................
source: 	 mrr: 0.036420	 ndcg_5: 0.0276	 ndcg_10: 0.0377	 hit@1:0.011669	 hit@5:0.0441	 hit@10: 0.0762
target best!
...................................target: 	 mrr: 0.039571	 ndcg_5: 0.0306	 ndcg_10: 0.0422	 hit@1:0.013254	 hit@5:0.0479	 hit@10: 0.0840
epoch 8: train_loss = 1.177130, source_hit@10 = 0.0762, source_ndcg@10 = 0.0377, target_hit@10 = 0.0840, target_ndcg@10 = 0.0422
new best model saved.

2024-08-07 07:50:47.607673: step 3087/27440 (epoch 9/80), loss = 1.170381 (119.688 sec/epoch), lr: 0.004000
Evaluating on dev set...
..................................................................
source: 	 mrr: 0.025885	 ndcg_5: 0.0172	 ndcg_10: 0.0271	 hit@1:0.005703	 hit@5:0.0295	 hit@10: 0.0602
target: 	 mrr: 0.037656	 ndcg_5: 0.0298	 ndcg_10: 0.0407	 hit@1:0.010309	 hit@5:0.0507	 hit@10: 0.0844
target best!
...................................target: 	 mrr: 0.043131	 ndcg_5: 0.0350	 ndcg_10: 0.0439	 hit@1:0.017484	 hit@5:0.0525	 hit@10: 0.0804
epoch 9: train_loss = 1.170381, source_hit@10 = 0.0602, source_ndcg@10 = 0.0271, target_hit@10 = 0.0804, target_ndcg@10 = 0.0439
new best model saved.

2024-08-07 07:52:48.062056: step 3430/27440 (epoch 10/80), loss = 1.164211 (118.218 sec/epoch), lr: 0.004000
Evaluating on dev set...
..................................................................
source: 	 mrr: 0.034057	 ndcg_5: 0.0273	 ndcg_10: 0.0363	 hit@1:0.010456	 hit@5:0.0437	 hit@10: 0.0719
target: 	 mrr: 0.033552	 ndcg_5: 0.0262	 ndcg_10: 0.0355	 hit@1:0.010588	 hit@5:0.0424	 hit@10: 0.0711
epoch 10: train_loss = 1.164211, source_hit@10 = 0.0719, source_ndcg@10 = 0.0363, target_hit@10 = 0.0711, target_ndcg@10 = 0.0355

2024-08-07 07:54:48.228672: step 3773/27440 (epoch 11/80), loss = 1.158580 (118.752 sec/epoch), lr: 0.004000
Evaluating on dev set...
..................................................................
source: 	 mrr: 0.035086	 ndcg_5: 0.0262	 ndcg_10: 0.0371	 hit@1:0.009823	 hit@5:0.0421	 hit@10: 0.0764
target: 	 mrr: 0.033074	 ndcg_5: 0.0244	 ndcg_10: 0.0361	 hit@1:0.008638	 hit@5:0.0404	 hit@10: 0.0766
epoch 11: train_loss = 1.158580, source_hit@10 = 0.0764, source_ndcg@10 = 0.0371, target_hit@10 = 0.0766, target_ndcg@10 = 0.0361

2024-08-07 07:56:47.195084: step 4116/27440 (epoch 12/80), loss = 1.160460 (117.591 sec/epoch), lr: 0.004000
Evaluating on dev set...
..................................................................
source: 	 mrr: 0.036588	 ndcg_5: 0.0279	 ndcg_10: 0.0376	 hit@1:0.011407	 hit@5:0.0440	 hit@10: 0.0745
target: 	 mrr: 0.040806	 ndcg_5: 0.0315	 ndcg_10: 0.0422	 hit@1:0.013653	 hit@5:0.0488	 hit@10: 0.0822
target best!
...................................target: 	 mrr: 0.041169	 ndcg_5: 0.0326	 ndcg_10: 0.0435	 hit@1:0.014664	 hit@5:0.0505	 hit@10: 0.0849
epoch 12: train_loss = 1.160460, source_hit@10 = 0.0745, source_ndcg@10 = 0.0376, target_hit@10 = 0.0849, target_ndcg@10 = 0.0435
new best model saved.

2024-08-07 07:58:46.871178: step 4459/27440 (epoch 13/80), loss = 1.155808 (117.326 sec/epoch), lr: 0.004000
Evaluating on dev set...
..................................................................
source: 	 mrr: 0.028749	 ndcg_5: 0.0212	 ndcg_10: 0.0274	 hit@1:0.007921	 hit@5:0.0349	 hit@10: 0.0542
target: 	 mrr: 0.037842	 ndcg_5: 0.0279	 ndcg_10: 0.0384	 hit@1:0.012538	 hit@5:0.0429	 hit@10: 0.0758
epoch 13: train_loss = 1.155808, source_hit@10 = 0.0542, source_ndcg@10 = 0.0274, target_hit@10 = 0.0758, target_ndcg@10 = 0.0384

2024-08-07 08:00:47.615458: step 4802/27440 (epoch 14/80), loss = 1.149948 (119.359 sec/epoch), lr: 0.003800
Evaluating on dev set...
..................................................................
source: 	 mrr: 0.039688	 ndcg_5: 0.0304	 ndcg_10: 0.0419	 hit@1:0.012041	 hit@5:0.0485	 hit@10: 0.0840
target: 	 mrr: 0.030525	 ndcg_5: 0.0228	 ndcg_10: 0.0319	 hit@1:0.008638	 hit@5:0.0368	 hit@10: 0.0652
epoch 14: train_loss = 1.149948, source_hit@10 = 0.0840, source_ndcg@10 = 0.0419, target_hit@10 = 0.0652, target_ndcg@10 = 0.0319

2024-08-07 08:02:47.646011: step 5145/27440 (epoch 15/80), loss = 1.148072 (118.714 sec/epoch), lr: 0.003800
Evaluating on dev set...
..................................................................
source: 	 mrr: 0.032238	 ndcg_5: 0.0230	 ndcg_10: 0.0332	 hit@1:0.008872	 hit@5:0.0377	 hit@10: 0.0697
target: 	 mrr: 0.034316	 ndcg_5: 0.0258	 ndcg_10: 0.0361	 hit@1:0.008638	 hit@5:0.0437	 hit@10: 0.0758
epoch 15: train_loss = 1.148072, source_hit@10 = 0.0697, source_ndcg@10 = 0.0332, target_hit@10 = 0.0758, target_ndcg@10 = 0.0361

2024-08-07 08:04:46.891820: step 5488/27440 (epoch 16/80), loss = 1.142978 (117.941 sec/epoch), lr: 0.003610
Evaluating on dev set...
..................................................................
source: 	 mrr: 0.044579	 ndcg_5: 0.0357	 ndcg_10: 0.0473	 hit@1:0.015843	 hit@5:0.0554	 hit@10: 0.0919
target: 	 mrr: 0.038031	 ndcg_5: 0.0296	 ndcg_10: 0.0404	 hit@1:0.012538	 hit@5:0.0465	 hit@10: 0.0802
source best!
..............................
source: 	 mrr: 0.042944	 ndcg_5: 0.0339	 ndcg_10: 0.0441	 hit@1:0.015235	 hit@5:0.0515	 hit@10: 0.0833
epoch 16: train_loss = 1.142978, source_hit@10 = 0.0833, source_ndcg@10 = 0.0441, target_hit@10 = 0.0802, target_ndcg@10 = 0.0404
new best model saved.

2024-08-07 08:06:47.823973: step 5831/27440 (epoch 17/80), loss = 1.136680 (118.827 sec/epoch), lr: 0.003610
Evaluating on dev set...
..................................................................
source: 	 mrr: 0.043943	 ndcg_5: 0.0345	 ndcg_10: 0.0466	 hit@1:0.014259	 hit@5:0.0542	 hit@10: 0.0916
target: 	 mrr: 0.039140	 ndcg_5: 0.0305	 ndcg_10: 0.0411	 hit@1:0.012538	 hit@5:0.0490	 hit@10: 0.0819
epoch 17: train_loss = 1.136680, source_hit@10 = 0.0916, source_ndcg@10 = 0.0466, target_hit@10 = 0.0819, target_ndcg@10 = 0.0411

2024-08-07 08:08:48.085411: step 6174/27440 (epoch 18/80), loss = 1.133069 (118.838 sec/epoch), lr: 0.003610
Evaluating on dev set...
..................................................................
source: 	 mrr: 0.043900	 ndcg_5: 0.0336	 ndcg_10: 0.0459	 hit@1:0.015526	 hit@5:0.0520	 hit@10: 0.0900
target: 	 mrr: 0.037931	 ndcg_5: 0.0280	 ndcg_10: 0.0385	 hit@1:0.011145	 hit@5:0.0451	 hit@10: 0.0777
epoch 18: train_loss = 1.133069, source_hit@10 = 0.0900, source_ndcg@10 = 0.0459, target_hit@10 = 0.0777, target_ndcg@10 = 0.0385

2024-08-07 08:10:47.544684: step 6517/27440 (epoch 19/80), loss = 1.128375 (118.144 sec/epoch), lr: 0.003429
Evaluating on dev set...
..................................................................
source: 	 mrr: 0.035227	 ndcg_5: 0.0281	 ndcg_10: 0.0367	 hit@1:0.009506	 hit@5:0.0469	 hit@10: 0.0738
target: 	 mrr: 0.035616	 ndcg_5: 0.0273	 ndcg_10: 0.0373	 hit@1:0.010867	 hit@5:0.0440	 hit@10: 0.0755
epoch 19: train_loss = 1.128375, source_hit@10 = 0.0738, source_ndcg@10 = 0.0367, target_hit@10 = 0.0755, target_ndcg@10 = 0.0373

2024-08-07 08:12:48.338828: step 6860/27440 (epoch 20/80), loss = 1.123930 (119.488 sec/epoch), lr: 0.003258
Evaluating on dev set...
..................................................................
source: 	 mrr: 0.050532	 ndcg_5: 0.0403	 ndcg_10: 0.0530	 hit@1:0.021229	 hit@5:0.0593	 hit@10: 0.0989
target: 	 mrr: 0.036420	 ndcg_5: 0.0271	 ndcg_10: 0.0376	 hit@1:0.010031	 hit@5:0.0446	 hit@10: 0.0777
source best!
..............................
source: 	 mrr: 0.049210	 ndcg_5: 0.0388	 ndcg_10: 0.0502	 hit@1:0.021394	 hit@5:0.0561	 hit@10: 0.0917
epoch 20: train_loss = 1.123930, source_hit@10 = 0.0917, source_ndcg@10 = 0.0502, target_hit@10 = 0.0777, target_ndcg@10 = 0.0376
new best model saved.

2024-08-07 08:14:48.325199: step 7203/27440 (epoch 21/80), loss = 1.121358 (117.888 sec/epoch), lr: 0.003258
Evaluating on dev set...
..................................................................
source: 	 mrr: 0.048883	 ndcg_5: 0.0396	 ndcg_10: 0.0522	 hit@1:0.018695	 hit@5:0.0612	 hit@10: 0.1001
target: 	 mrr: 0.033323	 ndcg_5: 0.0271	 ndcg_10: 0.0351	 hit@1:0.011145	 hit@5:0.0432	 hit@10: 0.0680
epoch 21: train_loss = 1.121358, source_hit@10 = 0.1001, source_ndcg@10 = 0.0522, target_hit@10 = 0.0680, target_ndcg@10 = 0.0351

2024-08-07 08:16:47.208474: step 7546/27440 (epoch 22/80), loss = 1.116318 (117.567 sec/epoch), lr: 0.003095
Evaluating on dev set...
..................................................................
source: 	 mrr: 0.049400	 ndcg_5: 0.0402	 ndcg_10: 0.0528	 hit@1:0.017427	 hit@5:0.0612	 hit@10: 0.1001
target: 	 mrr: 0.039384	 ndcg_5: 0.0304	 ndcg_10: 0.0415	 hit@1:0.014210	 hit@5:0.0468	 hit@10: 0.0816
epoch 22: train_loss = 1.116318, source_hit@10 = 0.1001, source_ndcg@10 = 0.0528, target_hit@10 = 0.0816, target_ndcg@10 = 0.0415

2024-08-07 08:18:46.645192: step 7889/27440 (epoch 23/80), loss = 1.116278 (117.768 sec/epoch), lr: 0.003095
Evaluating on dev set...
..................................................................
source: 	 mrr: 0.049131	 ndcg_5: 0.0398	 ndcg_10: 0.0521	 hit@1:0.019962	 hit@5:0.0605	 hit@10: 0.0982
target: 	 mrr: 0.039834	 ndcg_5: 0.0300	 ndcg_10: 0.0424	 hit@1:0.013653	 hit@5:0.0465	 hit@10: 0.0853
epoch 23: train_loss = 1.116278, source_hit@10 = 0.0982, source_ndcg@10 = 0.0521, target_hit@10 = 0.0853, target_ndcg@10 = 0.0424

2024-08-07 08:20:45.747786: step 8232/27440 (epoch 24/80), loss = 1.114614 (117.712 sec/epoch), lr: 0.003095
Evaluating on dev set...
..................................................................
source: 	 mrr: 0.047890	 ndcg_5: 0.0398	 ndcg_10: 0.0510	 hit@1:0.017744	 hit@5:0.0621	 hit@10: 0.0973
target: 	 mrr: 0.034208	 ndcg_5: 0.0269	 ndcg_10: 0.0351	 hit@1:0.011145	 hit@5:0.0424	 hit@10: 0.0677
epoch 24: train_loss = 1.114614, source_hit@10 = 0.0973, source_ndcg@10 = 0.0510, target_hit@10 = 0.0677, target_ndcg@10 = 0.0351

2024-08-07 08:22:45.029627: step 8575/27440 (epoch 25/80), loss = 1.112386 (117.885 sec/epoch), lr: 0.002940
Evaluating on dev set...
..................................................................
source: 	 mrr: 0.038389	 ndcg_5: 0.0297	 ndcg_10: 0.0403	 hit@1:0.014575	 hit@5:0.0456	 hit@10: 0.0783
target: 	 mrr: 0.042375	 ndcg_5: 0.0326	 ndcg_10: 0.0452	 hit@1:0.011981	 hit@5:0.0529	 hit@10: 0.0928
target best!
...................................target: 	 mrr: 0.042815	 ndcg_5: 0.0324	 ndcg_10: 0.0460	 hit@1:0.013254	 hit@5:0.0502	 hit@10: 0.0925
epoch 25: train_loss = 1.112386, source_hit@10 = 0.0783, source_ndcg@10 = 0.0403, target_hit@10 = 0.0925, target_ndcg@10 = 0.0460
new best model saved.

2024-08-07 08:24:44.616901: step 8918/27440 (epoch 26/80), loss = 1.106280 (117.318 sec/epoch), lr: 0.002793
Evaluating on dev set...
..................................................................
source: 	 mrr: 0.047059	 ndcg_5: 0.0378	 ndcg_10: 0.0500	 hit@1:0.015843	 hit@5:0.0593	 hit@10: 0.0970
target: 	 mrr: 0.036254	 ndcg_5: 0.0263	 ndcg_10: 0.0388	 hit@1:0.009752	 hit@5:0.0446	 hit@10: 0.0833
epoch 26: train_loss = 1.106280, source_hit@10 = 0.0970, source_ndcg@10 = 0.0500, target_hit@10 = 0.0833, target_ndcg@10 = 0.0388

2024-08-07 08:26:44.662850: step 9261/27440 (epoch 27/80), loss = 1.101751 (118.724 sec/epoch), lr: 0.002793
Evaluating on dev set...
..................................................................
source: 	 mrr: 0.038783	 ndcg_5: 0.0298	 ndcg_10: 0.0399	 hit@1:0.012991	 hit@5:0.0469	 hit@10: 0.0783
target: 	 mrr: 0.041514	 ndcg_5: 0.0310	 ndcg_10: 0.0441	 hit@1:0.014767	 hit@5:0.0482	 hit@10: 0.0886
epoch 27: train_loss = 1.101751, source_hit@10 = 0.0783, source_ndcg@10 = 0.0399, target_hit@10 = 0.0886, target_ndcg@10 = 0.0441

2024-08-07 08:28:44.275251: step 9604/27440 (epoch 28/80), loss = 1.098807 (118.305 sec/epoch), lr: 0.002654
Evaluating on dev set...
..................................................................
source: 	 mrr: 0.047123	 ndcg_5: 0.0379	 ndcg_10: 0.0514	 hit@1:0.016793	 hit@5:0.0596	 hit@10: 0.1017
target: 	 mrr: 0.041519	 ndcg_5: 0.0328	 ndcg_10: 0.0433	 hit@1:0.013653	 hit@5:0.0515	 hit@10: 0.0844
epoch 28: train_loss = 1.098807, source_hit@10 = 0.1017, source_ndcg@10 = 0.0514, target_hit@10 = 0.0844, target_ndcg@10 = 0.0433

2024-08-07 08:30:44.129520: step 9947/27440 (epoch 29/80), loss = 1.097502 (118.534 sec/epoch), lr: 0.002654
Evaluating on dev set...
..................................................................
source: 	 mrr: 0.033080	 ndcg_5: 0.0242	 ndcg_10: 0.0335	 hit@1:0.011407	 hit@5:0.0374	 hit@10: 0.0665
target: 	 mrr: 0.041229	 ndcg_5: 0.0317	 ndcg_10: 0.0451	 hit@1:0.012817	 hit@5:0.0518	 hit@10: 0.0931
epoch 29: train_loss = 1.097502, source_hit@10 = 0.0665, source_ndcg@10 = 0.0335, target_hit@10 = 0.0931, target_ndcg@10 = 0.0451

2024-08-07 08:32:43.799949: step 10290/27440 (epoch 30/80), loss = 1.093271 (118.335 sec/epoch), lr: 0.002521
Evaluating on dev set...
..................................................................
source: 	 mrr: 0.034271	 ndcg_5: 0.0251	 ndcg_10: 0.0357	 hit@1:0.009506	 hit@5:0.0415	 hit@10: 0.0745
target: 	 mrr: 0.039629	 ndcg_5: 0.0299	 ndcg_10: 0.0436	 hit@1:0.011981	 hit@5:0.0488	 hit@10: 0.0919
epoch 30: train_loss = 1.093271, source_hit@10 = 0.0745, source_ndcg@10 = 0.0357, target_hit@10 = 0.0919, target_ndcg@10 = 0.0436
shift to transfer learning mode

2024-08-07 08:34:45.460235: step 10633/27440 (epoch 31/80), loss = 1.087523 (120.282 sec/epoch), lr: 0.002395
Evaluating on dev set...
..................................................................
source: 	 mrr: 0.050641	 ndcg_5: 0.0416	 ndcg_10: 0.0544	 hit@1:0.017744	 hit@5:0.0643	 hit@10: 0.1042
target: 	 mrr: 0.038896	 ndcg_5: 0.0299	 ndcg_10: 0.0412	 hit@1:0.013096	 hit@5:0.0465	 hit@10: 0.0819
source best!
..............................
source: 	 mrr: 0.048669	 ndcg_5: 0.0391	 ndcg_10: 0.0510	 hit@1:0.018801	 hit@5:0.0580	 hit@10: 0.0953
epoch 31: train_loss = 1.087523, source_hit@10 = 0.0953, source_ndcg@10 = 0.0510, target_hit@10 = 0.0819, target_ndcg@10 = 0.0412
new best model saved.

2024-08-07 08:36:47.413074: step 10976/27440 (epoch 32/80), loss = 1.087645 (119.661 sec/epoch), lr: 0.002395
Evaluating on dev set...
..................................................................
source: 	 mrr: 0.051031	 ndcg_5: 0.0411	 ndcg_10: 0.0541	 hit@1:0.020913	 hit@5:0.0631	 hit@10: 0.1033
target: 	 mrr: 0.036991	 ndcg_5: 0.0288	 ndcg_10: 0.0386	 hit@1:0.011145	 hit@5:0.0465	 hit@10: 0.0772
source best!
..............................
source: 	 mrr: 0.048420	 ndcg_5: 0.0383	 ndcg_10: 0.0510	 hit@1:0.018476	 hit@5:0.0590	 hit@10: 0.0985
epoch 32: train_loss = 1.087645, source_hit@10 = 0.0985, source_ndcg@10 = 0.0510, target_hit@10 = 0.0772, target_ndcg@10 = 0.0386
new best model saved.

2024-08-07 08:38:49.984233: step 11319/27440 (epoch 33/80), loss = 1.085817 (120.191 sec/epoch), lr: 0.002275
Evaluating on dev set...
..................................................................
source: 	 mrr: 0.048589	 ndcg_5: 0.0390	 ndcg_10: 0.0531	 hit@1:0.014892	 hit@5:0.0624	 hit@10: 0.1061
target: 	 mrr: 0.040716	 ndcg_5: 0.0312	 ndcg_10: 0.0439	 hit@1:0.013374	 hit@5:0.0488	 hit@10: 0.0883
epoch 33: train_loss = 1.085817, source_hit@10 = 0.1061, source_ndcg@10 = 0.0531, target_hit@10 = 0.0883, target_ndcg@10 = 0.0439

2024-08-07 08:40:50.468554: step 11662/27440 (epoch 34/80), loss = 1.082867 (119.129 sec/epoch), lr: 0.002275
Evaluating on dev set...
..................................................................
source: 	 mrr: 0.044074	 ndcg_5: 0.0359	 ndcg_10: 0.0476	 hit@1:0.014259	 hit@5:0.0574	 hit@10: 0.0938
target: 	 mrr: 0.031955	 ndcg_5: 0.0223	 ndcg_10: 0.0320	 hit@1:0.010031	 hit@5:0.0348	 hit@10: 0.0649
epoch 34: train_loss = 1.082867, source_hit@10 = 0.0938, source_ndcg@10 = 0.0476, target_hit@10 = 0.0649, target_ndcg@10 = 0.0320

2024-08-07 08:42:50.775899: step 12005/27440 (epoch 35/80), loss = 1.081576 (118.959 sec/epoch), lr: 0.002161
Evaluating on dev set...
..................................................................
source: 	 mrr: 0.033702	 ndcg_5: 0.0269	 ndcg_10: 0.0322	 hit@1:0.013308	 hit@5:0.0406	 hit@10: 0.0570
target: 	 mrr: 0.044415	 ndcg_5: 0.0352	 ndcg_10: 0.0483	 hit@1:0.015046	 hit@5:0.0566	 hit@10: 0.0975
target best!
...................................target: 	 mrr: 0.046853	 ndcg_5: 0.0377	 ndcg_10: 0.0490	 hit@1:0.018613	 hit@5:0.0570	 hit@10: 0.0919
epoch 35: train_loss = 1.081576, source_hit@10 = 0.0570, source_ndcg@10 = 0.0322, target_hit@10 = 0.0919, target_ndcg@10 = 0.0490
new best model saved.

2024-08-07 08:44:52.057655: step 12348/27440 (epoch 36/80), loss = 1.080280 (118.931 sec/epoch), lr: 0.002161
Evaluating on dev set...
..................................................................
source: 	 mrr: 0.048724	 ndcg_5: 0.0399	 ndcg_10: 0.0513	 hit@1:0.019962	 hit@5:0.0593	 hit@10: 0.0947
target: 	 mrr: 0.034662	 ndcg_5: 0.0258	 ndcg_10: 0.0365	 hit@1:0.010588	 hit@5:0.0412	 hit@10: 0.0744
epoch 36: train_loss = 1.080280, source_hit@10 = 0.0947, source_ndcg@10 = 0.0513, target_hit@10 = 0.0744, target_ndcg@10 = 0.0365

2024-08-07 08:46:52.674348: step 12691/27440 (epoch 37/80), loss = 1.078908 (119.281 sec/epoch), lr: 0.002161
Evaluating on dev set...
..................................................................
source: 	 mrr: 0.051043	 ndcg_5: 0.0423	 ndcg_10: 0.0527	 hit@1:0.023131	 hit@5:0.0615	 hit@10: 0.0935
target: 	 mrr: 0.036152	 ndcg_5: 0.0284	 ndcg_10: 0.0380	 hit@1:0.012538	 hit@5:0.0446	 hit@10: 0.0741
source best!
..............................
source: 	 mrr: 0.048402	 ndcg_5: 0.0400	 ndcg_10: 0.0511	 hit@1:0.020421	 hit@5:0.0590	 hit@10: 0.0940
epoch 37: train_loss = 1.078908, source_hit@10 = 0.0940, source_ndcg@10 = 0.0511, target_hit@10 = 0.0741, target_ndcg@10 = 0.0380
new best model saved.

2024-08-07 08:48:53.999675: step 13034/27440 (epoch 38/80), loss = 1.079342 (118.867 sec/epoch), lr: 0.002161
Evaluating on dev set...
..................................................................
source: 	 mrr: 0.051242	 ndcg_5: 0.0435	 ndcg_10: 0.0564	 hit@1:0.018695	 hit@5:0.0691	 hit@10: 0.1093
target: 	 mrr: 0.041267	 ndcg_5: 0.0340	 ndcg_10: 0.0436	 hit@1:0.012817	 hit@5:0.0546	 hit@10: 0.0841
source best!
..............................
source: 	 mrr: 0.047107	 ndcg_5: 0.0395	 ndcg_10: 0.0499	 hit@1:0.016532	 hit@5:0.0632	 hit@10: 0.0959
epoch 38: train_loss = 1.079342, source_hit@10 = 0.0959, source_ndcg@10 = 0.0499, target_hit@10 = 0.0841, target_ndcg@10 = 0.0436
new best model saved.

2024-08-07 08:50:58.229880: step 13377/27440 (epoch 39/80), loss = 1.078728 (121.893 sec/epoch), lr: 0.002161
Evaluating on dev set...
..................................................................
source: 	 mrr: 0.049865	 ndcg_5: 0.0424	 ndcg_10: 0.0524	 hit@1:0.020596	 hit@5:0.0662	 hit@10: 0.0973
target: 	 mrr: 0.040185	 ndcg_5: 0.0329	 ndcg_10: 0.0441	 hit@1:0.010031	 hit@5:0.0566	 hit@10: 0.0917
epoch 39: train_loss = 1.078728, source_hit@10 = 0.0973, source_ndcg@10 = 0.0524, target_hit@10 = 0.0917, target_ndcg@10 = 0.0441

2024-08-07 08:52:59.646270: step 13720/27440 (epoch 40/80), loss = 1.075217 (120.074 sec/epoch), lr: 0.002053
Evaluating on dev set...
..................................................................
source: 	 mrr: 0.057143	 ndcg_5: 0.0469	 ndcg_10: 0.0613	 hit@1:0.025349	 hit@5:0.0684	 hit@10: 0.1138
target: 	 mrr: 0.039254	 ndcg_5: 0.0312	 ndcg_10: 0.0415	 hit@1:0.012260	 hit@5:0.0502	 hit@10: 0.0825
source best!
..............................
source: 	 mrr: 0.054424	 ndcg_5: 0.0445	 ndcg_10: 0.0577	 hit@1:0.023663	 hit@5:0.0655	 hit@10: 0.1066
epoch 40: train_loss = 1.075217, source_hit@10 = 0.1066, source_ndcg@10 = 0.0577, target_hit@10 = 0.0825, target_ndcg@10 = 0.0415
new best model saved.

2024-08-07 08:55:00.643078: step 14063/27440 (epoch 41/80), loss = 1.075112 (118.854 sec/epoch), lr: 0.002053
Evaluating on dev set...
..................................................................
source: 	 mrr: 0.054791	 ndcg_5: 0.0455	 ndcg_10: 0.0593	 hit@1:0.022180	 hit@5:0.0691	 hit@10: 0.1128
target: 	 mrr: 0.043684	 ndcg_5: 0.0345	 ndcg_10: 0.0469	 hit@1:0.014210	 hit@5:0.0549	 hit@10: 0.0933
epoch 41: train_loss = 1.075112, source_hit@10 = 0.1128, source_ndcg@10 = 0.0593, target_hit@10 = 0.0933, target_ndcg@10 = 0.0469

2024-08-07 08:57:01.158357: step 14406/27440 (epoch 42/80), loss = 1.072753 (119.175 sec/epoch), lr: 0.002053
Evaluating on dev set...
..................................................................
source: 	 mrr: 0.045981	 ndcg_5: 0.0362	 ndcg_10: 0.0496	 hit@1:0.016160	 hit@5:0.0564	 hit@10: 0.0985
target: 	 mrr: 0.038255	 ndcg_5: 0.0288	 ndcg_10: 0.0409	 hit@1:0.013374	 hit@5:0.0451	 hit@10: 0.0828
epoch 42: train_loss = 1.072753, source_hit@10 = 0.0985, source_ndcg@10 = 0.0496, target_hit@10 = 0.0828, target_ndcg@10 = 0.0409

2024-08-07 08:59:02.691419: step 14749/27440 (epoch 43/80), loss = 1.070199 (120.196 sec/epoch), lr: 0.001951
Evaluating on dev set...
..................................................................
source: 	 mrr: 0.049491	 ndcg_5: 0.0399	 ndcg_10: 0.0532	 hit@1:0.016793	 hit@5:0.0634	 hit@10: 0.1052
target: 	 mrr: 0.028345	 ndcg_5: 0.0205	 ndcg_10: 0.0285	 hit@1:0.009195	 hit@5:0.0320	 hit@10: 0.0568
epoch 43: train_loss = 1.070199, source_hit@10 = 0.1052, source_ndcg@10 = 0.0532, target_hit@10 = 0.0568, target_ndcg@10 = 0.0285

2024-08-07 09:01:04.769674: step 15092/27440 (epoch 44/80), loss = 1.065942 (120.751 sec/epoch), lr: 0.001853
Evaluating on dev set...
..................................................................
source: 	 mrr: 0.042187	 ndcg_5: 0.0321	 ndcg_10: 0.0446	 hit@1:0.014892	 hit@5:0.0501	 hit@10: 0.0890
target: 	 mrr: 0.039964	 ndcg_5: 0.0323	 ndcg_10: 0.0420	 hit@1:0.015603	 hit@5:0.0504	 hit@10: 0.0808
epoch 44: train_loss = 1.065942, source_hit@10 = 0.0890, source_ndcg@10 = 0.0446, target_hit@10 = 0.0808, target_ndcg@10 = 0.0420

2024-08-07 09:03:05.987743: step 15435/27440 (epoch 45/80), loss = 1.067867 (119.822 sec/epoch), lr: 0.001853
Evaluating on dev set...
..................................................................
source: 	 mrr: 0.046472	 ndcg_5: 0.0367	 ndcg_10: 0.0480	 hit@1:0.018695	 hit@5:0.0551	 hit@10: 0.0903
target: 	 mrr: 0.042429	 ndcg_5: 0.0338	 ndcg_10: 0.0466	 hit@1:0.012817	 hit@5:0.0563	 hit@10: 0.0964
epoch 45: train_loss = 1.067867, source_hit@10 = 0.0903, source_ndcg@10 = 0.0480, target_hit@10 = 0.0964, target_ndcg@10 = 0.0466

2024-08-07 09:05:07.551064: step 15778/27440 (epoch 46/80), loss = 1.066183 (120.212 sec/epoch), lr: 0.001853
Evaluating on dev set...
..................................................................
source: 	 mrr: 0.049013	 ndcg_5: 0.0377	 ndcg_10: 0.0528	 hit@1:0.017744	 hit@5:0.0574	 hit@10: 0.1042
target: 	 mrr: 0.039227	 ndcg_5: 0.0301	 ndcg_10: 0.0418	 hit@1:0.011145	 hit@5:0.0488	 hit@10: 0.0853
epoch 46: train_loss = 1.066183, source_hit@10 = 0.1042, source_ndcg@10 = 0.0528, target_hit@10 = 0.0853, target_ndcg@10 = 0.0418

2024-08-07 09:07:08.491792: step 16121/27440 (epoch 47/80), loss = 1.062670 (119.548 sec/epoch), lr: 0.001761
Evaluating on dev set...
..................................................................
source: 	 mrr: 0.045831	 ndcg_5: 0.0376	 ndcg_10: 0.0486	 hit@1:0.016160	 hit@5:0.0596	 hit@10: 0.0944
target: 	 mrr: 0.046619	 ndcg_5: 0.0376	 ndcg_10: 0.0504	 hit@1:0.015882	 hit@5:0.0599	 hit@10: 0.1000
target best!
...................................target: 	 mrr: 0.045473	 ndcg_5: 0.0368	 ndcg_10: 0.0494	 hit@1:0.014382	 hit@5:0.0581	 hit@10: 0.0981
epoch 47: train_loss = 1.062670, source_hit@10 = 0.0944, source_ndcg@10 = 0.0486, target_hit@10 = 0.0981, target_ndcg@10 = 0.0494
new best model saved.

2024-08-07 09:09:11.157171: step 16464/27440 (epoch 48/80), loss = 1.063332 (120.168 sec/epoch), lr: 0.001761
Evaluating on dev set...
..................................................................
source: 	 mrr: 0.044439	 ndcg_5: 0.0347	 ndcg_10: 0.0470	 hit@1:0.016160	 hit@5:0.0535	 hit@10: 0.0919
target: 	 mrr: 0.041575	 ndcg_5: 0.0334	 ndcg_10: 0.0453	 hit@1:0.013653	 hit@5:0.0535	 hit@10: 0.0906
epoch 48: train_loss = 1.063332, source_hit@10 = 0.0919, source_ndcg@10 = 0.0470, target_hit@10 = 0.0906, target_ndcg@10 = 0.0453

2024-08-07 09:11:13.115564: step 16807/27440 (epoch 49/80), loss = 1.059379 (120.583 sec/epoch), lr: 0.001672
Evaluating on dev set...
..................................................................
source: 	 mrr: 0.052083	 ndcg_5: 0.0421	 ndcg_10: 0.0552	 hit@1:0.019645	 hit@5:0.0637	 hit@10: 0.1049
target: 	 mrr: 0.038475	 ndcg_5: 0.0303	 ndcg_10: 0.0407	 hit@1:0.011145	 hit@5:0.0496	 hit@10: 0.0819
epoch 49: train_loss = 1.059379, source_hit@10 = 0.1049, source_ndcg@10 = 0.0552, target_hit@10 = 0.0819, target_ndcg@10 = 0.0407

2024-08-07 09:13:13.919783: step 17150/27440 (epoch 50/80), loss = 1.059133 (119.387 sec/epoch), lr: 0.001672
Evaluating on dev set...
..................................................................
source: 	 mrr: 0.048215	 ndcg_5: 0.0387	 ndcg_10: 0.0514	 hit@1:0.017110	 hit@5:0.0608	 hit@10: 0.1004
target: 	 mrr: 0.044404	 ndcg_5: 0.0351	 ndcg_10: 0.0484	 hit@1:0.013931	 hit@5:0.0571	 hit@10: 0.0986
epoch 50: train_loss = 1.059133, source_hit@10 = 0.1004, source_ndcg@10 = 0.0514, target_hit@10 = 0.0986, target_ndcg@10 = 0.0484

2024-08-07 09:15:15.804845: step 17493/27440 (epoch 51/80), loss = 1.061244 (120.455 sec/epoch), lr: 0.001672
Evaluating on dev set...
..................................................................
source: 	 mrr: 0.053786	 ndcg_5: 0.0437	 ndcg_10: 0.0578	 hit@1:0.019645	 hit@5:0.0672	 hit@10: 0.1112
target: 	 mrr: 0.037184	 ndcg_5: 0.0297	 ndcg_10: 0.0386	 hit@1:0.012817	 hit@5:0.0465	 hit@10: 0.0744
epoch 51: train_loss = 1.061244, source_hit@10 = 0.1112, source_ndcg@10 = 0.0578, target_hit@10 = 0.0744, target_ndcg@10 = 0.0386

2024-08-07 09:17:17.643959: step 17836/27440 (epoch 52/80), loss = 1.055403 (120.485 sec/epoch), lr: 0.001589
Evaluating on dev set...
..................................................................
source: 	 mrr: 0.034262	 ndcg_5: 0.0254	 ndcg_10: 0.0345	 hit@1:0.012041	 hit@5:0.0390	 hit@10: 0.0675
target: 	 mrr: 0.036787	 ndcg_5: 0.0297	 ndcg_10: 0.0393	 hit@1:0.012260	 hit@5:0.0485	 hit@10: 0.0783
epoch 52: train_loss = 1.055403, source_hit@10 = 0.0675, source_ndcg@10 = 0.0345, target_hit@10 = 0.0783, target_ndcg@10 = 0.0393

2024-08-07 09:19:19.341061: step 18179/27440 (epoch 53/80), loss = 1.052587 (120.356 sec/epoch), lr: 0.001509
Evaluating on dev set...
..................................................................
source: 	 mrr: 0.051181	 ndcg_5: 0.0420	 ndcg_10: 0.0546	 hit@1:0.017110	 hit@5:0.0653	 hit@10: 0.1049
target: 	 mrr: 0.030484	 ndcg_5: 0.0228	 ndcg_10: 0.0308	 hit@1:0.009195	 hit@5:0.0368	 hit@10: 0.0619
epoch 53: train_loss = 1.052587, source_hit@10 = 0.1049, source_ndcg@10 = 0.0546, target_hit@10 = 0.0619, target_ndcg@10 = 0.0308

2024-08-07 09:21:21.521856: step 18522/27440 (epoch 54/80), loss = 1.052421 (120.752 sec/epoch), lr: 0.001509
Evaluating on dev set...
..................................................................
source: 	 mrr: 0.044666	 ndcg_5: 0.0362	 ndcg_10: 0.0483	 hit@1:0.012991	 hit@5:0.0602	 hit@10: 0.0979
target: 	 mrr: 0.037159	 ndcg_5: 0.0286	 ndcg_10: 0.0392	 hit@1:0.011702	 hit@5:0.0454	 hit@10: 0.0783
epoch 54: train_loss = 1.052421, source_hit@10 = 0.0979, source_ndcg@10 = 0.0483, target_hit@10 = 0.0783, target_ndcg@10 = 0.0392

2024-08-07 09:23:21.580636: step 18865/27440 (epoch 55/80), loss = 1.049988 (118.737 sec/epoch), lr: 0.001509
Evaluating on dev set...
..................................................................
source: 	 mrr: 0.044390	 ndcg_5: 0.0346	 ndcg_10: 0.0461	 hit@1:0.016477	 hit@5:0.0529	 hit@10: 0.0884
target: 	 mrr: 0.033520	 ndcg_5: 0.0252	 ndcg_10: 0.0341	 hit@1:0.011145	 hit@5:0.0401	 hit@10: 0.0680
epoch 55: train_loss = 1.049988, source_hit@10 = 0.0884, source_ndcg@10 = 0.0461, target_hit@10 = 0.0680, target_ndcg@10 = 0.0341

2024-08-07 09:25:22.127376: step 19208/27440 (epoch 56/80), loss = 1.048889 (119.228 sec/epoch), lr: 0.001434
Evaluating on dev set...
..................................................................
source: 	 mrr: 0.035094	 ndcg_5: 0.0279	 ndcg_10: 0.0363	 hit@1:0.010773	 hit@5:0.0459	 hit@10: 0.0722
target: 	 mrr: 0.049193	 ndcg_5: 0.0400	 ndcg_10: 0.0538	 hit@1:0.018668	 hit@5:0.0624	 hit@10: 0.1062
target best!
...................................target: 	 mrr: 0.047582	 ndcg_5: 0.0381	 ndcg_10: 0.0513	 hit@1:0.017766	 hit@5:0.0584	 hit@10: 0.0995
epoch 56: train_loss = 1.048889, source_hit@10 = 0.0722, source_ndcg@10 = 0.0363, target_hit@10 = 0.0995, target_ndcg@10 = 0.0513
new best model saved.

2024-08-07 09:27:21.882629: step 19551/27440 (epoch 57/80), loss = 1.047496 (117.417 sec/epoch), lr: 0.001434
Evaluating on dev set...
..................................................................
source: 	 mrr: 0.037341	 ndcg_5: 0.0296	 ndcg_10: 0.0392	 hit@1:0.010456	 hit@5:0.0491	 hit@10: 0.0789
target: 	 mrr: 0.045684	 ndcg_5: 0.0372	 ndcg_10: 0.0493	 hit@1:0.015325	 hit@5:0.0596	 hit@10: 0.0981
epoch 57: train_loss = 1.047496, source_hit@10 = 0.0789, source_ndcg@10 = 0.0392, target_hit@10 = 0.0981, target_ndcg@10 = 0.0493

2024-08-07 09:29:18.978006: step 19894/27440 (epoch 58/80), loss = 1.042717 (115.795 sec/epoch), lr: 0.001362
Evaluating on dev set...
..................................................................
source: 	 mrr: 0.049857	 ndcg_5: 0.0412	 ndcg_10: 0.0547	 hit@1:0.016477	 hit@5:0.0653	 hit@10: 0.1068
target: 	 mrr: 0.044847	 ndcg_5: 0.0352	 ndcg_10: 0.0477	 hit@1:0.015603	 hit@5:0.0554	 hit@10: 0.0945
epoch 58: train_loss = 1.042717, source_hit@10 = 0.1068, source_ndcg@10 = 0.0547, target_hit@10 = 0.0945, target_ndcg@10 = 0.0477

2024-08-07 09:31:18.191401: step 20237/27440 (epoch 59/80), loss = 1.042491 (117.884 sec/epoch), lr: 0.001362
Evaluating on dev set...
..................................................................
source: 	 mrr: 0.039680	 ndcg_5: 0.0300	 ndcg_10: 0.0410	 hit@1:0.012674	 hit@5:0.0469	 hit@10: 0.0811
target: 	 mrr: 0.033558	 ndcg_5: 0.0258	 ndcg_10: 0.0352	 hit@1:0.010588	 hit@5:0.0407	 hit@10: 0.0699
epoch 59: train_loss = 1.042491, source_hit@10 = 0.0811, source_ndcg@10 = 0.0410, target_hit@10 = 0.0699, target_ndcg@10 = 0.0352

2024-08-07 09:33:17.956048: step 20580/27440 (epoch 60/80), loss = 1.041110 (118.103 sec/epoch), lr: 0.001294
Evaluating on dev set...
..................................................................
source: 	 mrr: 0.047907	 ndcg_5: 0.0388	 ndcg_10: 0.0524	 hit@1:0.014259	 hit@5:0.0643	 hit@10: 0.1065
target: 	 mrr: 0.043663	 ndcg_5: 0.0353	 ndcg_10: 0.0481	 hit@1:0.013096	 hit@5:0.0571	 hit@10: 0.0970
epoch 60: train_loss = 1.041110, source_hit@10 = 0.1065, source_ndcg@10 = 0.0524, target_hit@10 = 0.0970, target_ndcg@10 = 0.0481

2024-08-07 09:35:15.837014: step 20923/27440 (epoch 61/80), loss = 1.038349 (116.586 sec/epoch), lr: 0.001294
Evaluating on dev set...
..................................................................
source: 	 mrr: 0.043861	 ndcg_5: 0.0340	 ndcg_10: 0.0457	 hit@1:0.014892	 hit@5:0.0526	 hit@10: 0.0890
target: 	 mrr: 0.046548	 ndcg_5: 0.0373	 ndcg_10: 0.0504	 hit@1:0.015882	 hit@5:0.0580	 hit@10: 0.0986
epoch 61: train_loss = 1.038349, source_hit@10 = 0.0890, source_ndcg@10 = 0.0457, target_hit@10 = 0.0986, target_ndcg@10 = 0.0504

2024-08-07 09:37:13.800154: step 21266/27440 (epoch 62/80), loss = 1.036914 (116.677 sec/epoch), lr: 0.001229
Evaluating on dev set...
..................................................................
source: 	 mrr: 0.053551	 ndcg_5: 0.0439	 ndcg_10: 0.0565	 hit@1:0.022180	 hit@5:0.0653	 hit@10: 0.1046
target: 	 mrr: 0.041801	 ndcg_5: 0.0342	 ndcg_10: 0.0426	 hit@1:0.016439	 hit@5:0.0515	 hit@10: 0.0783
epoch 62: train_loss = 1.036914, source_hit@10 = 0.1046, source_ndcg@10 = 0.0565, target_hit@10 = 0.0783, target_ndcg@10 = 0.0426

2024-08-07 09:39:12.429301: step 21609/27440 (epoch 63/80), loss = 1.035134 (117.321 sec/epoch), lr: 0.001229
Evaluating on dev set...
..................................................................
source: 	 mrr: 0.050570	 ndcg_5: 0.0417	 ndcg_10: 0.0534	 hit@1:0.018061	 hit@5:0.0653	 hit@10: 0.1014
target: 	 mrr: 0.035574	 ndcg_5: 0.0270	 ndcg_10: 0.0368	 hit@1:0.010309	 hit@5:0.0432	 hit@10: 0.0738
epoch 63: train_loss = 1.035134, source_hit@10 = 0.1014, source_ndcg@10 = 0.0534, target_hit@10 = 0.0738, target_ndcg@10 = 0.0368

2024-08-07 09:41:13.375300: step 21952/27440 (epoch 64/80), loss = 1.029972 (119.298 sec/epoch), lr: 0.001168
Evaluating on dev set...
..................................................................
source: 	 mrr: 0.030750	 ndcg_5: 0.0206	 ndcg_10: 0.0313	 hit@1:0.006337	 hit@5:0.0358	 hit@10: 0.0694
target: 	 mrr: 0.041000	 ndcg_5: 0.0327	 ndcg_10: 0.0435	 hit@1:0.012260	 hit@5:0.0541	 hit@10: 0.0875
epoch 64: train_loss = 1.029972, source_hit@10 = 0.0694, source_ndcg@10 = 0.0313, target_hit@10 = 0.0875, target_ndcg@10 = 0.0435

2024-08-07 09:43:13.587205: step 22295/27440 (epoch 65/80), loss = 1.027230 (118.570 sec/epoch), lr: 0.001110
Evaluating on dev set...
..................................................................
source: 	 mrr: 0.044997	 ndcg_5: 0.0341	 ndcg_10: 0.0468	 hit@1:0.016477	 hit@5:0.0507	 hit@10: 0.0909
target: 	 mrr: 0.023558	 ndcg_5: 0.0176	 ndcg_10: 0.0226	 hit@1:0.007523	 hit@5:0.0276	 hit@10: 0.0432
epoch 65: train_loss = 1.027230, source_hit@10 = 0.0909, source_ndcg@10 = 0.0468, target_hit@10 = 0.0432, target_ndcg@10 = 0.0226

2024-08-07 09:45:11.917915: step 22638/27440 (epoch 66/80), loss = 1.019714 (117.010 sec/epoch), lr: 0.001054
Evaluating on dev set...
..................................................................
source: 	 mrr: 0.056241	 ndcg_5: 0.0466	 ndcg_10: 0.0594	 hit@1:0.024081	 hit@5:0.0688	 hit@10: 0.1087
target: 	 mrr: 0.046676	 ndcg_5: 0.0384	 ndcg_10: 0.0507	 hit@1:0.014767	 hit@5:0.0616	 hit@10: 0.1000
epoch 66: train_loss = 1.019714, source_hit@10 = 0.1087, source_ndcg@10 = 0.0594, target_hit@10 = 0.1000, target_ndcg@10 = 0.0507

