nohup: ignoring input
using gpu:3 to train the model
using gpu:3 to train the model
cuda:3
Namespace(A_split=False, JK='sum', a_fold=100, aggregate=False, alpha=0.5, batch_size=1024, beta_inter=0.4, conv_layers=4, cuda=True, decay_epoch=10, device=device(type='cuda', index=3), device_id='3', domains='cloth_sport', dropout=0.5, epoch=80, feature_dim=126, hidden_dim=126, inter_tau=0.2, intra_tau=1, lambda_critic=0.4, leakey=0.05, load=False, log='logs.txt', log_epoch=1, lr=0.004, lr_decay=0.95, min_epoch=50, mode='train', model_file=None, model_name='cs', momentum=0.9, num_latent_factors=3, num_negative=200, optim='adam', patience=30, proj_layers=1, projection=1, residual=1, save=False, save_dir='./saved_models', seed=32, similarity_tau=0.1, test_sample_number=999, transfer_epoch=40, user_batch_size=256, weight_decay=0.0002)
number_user 41829
number_item 17943
/home/disk2/lhr/invariantCDR/invariantCDR/utils/GraphMaker.py:45: RuntimeWarning: divide by zero encountered in power
  r_inv = np.power(rowsum, -1).flatten()
real graph loaded!
number_user 27328
number_item 12655
real graph loaded!
graph loaded!
Loading data from cloth_sport with batch size 1024...
unseen test: 0
test length: 3156
unseen test: 0
test length: 3085
unseen test: 0
test length: 3589
unseen test: 0
test length: 3546
source_user_num 41829
target_user_num 27328
source_item_num 17943
target_item_num 12655
shared users id: 7857
test users 990, 982
unseen test: 0
dev length: 1000
unseen test: 0
dev length: 1000
source train data : 187880, target train data: 163291, source test data : 3085, target test data : 3546, source dev data : 1000, target dev data : 1000
2024-08-04 11:28:09.806826: step 343/27440 (epoch 1/80), loss = 1.434929 (103.357 sec/epoch), lr: 0.004000
Evaluating on dev set...
..................................................................
source: 	 mrr: 0.032943	 ndcg_5: 0.0258	 ndcg_10: 0.0336	 hit@1:0.010139	 hit@5:0.0409	 hit@10: 0.0650
target: 	 mrr: 0.032441	 ndcg_5: 0.0238	 ndcg_10: 0.0342	 hit@1:0.008638	 hit@5:0.0396	 hit@10: 0.0719
source best!
..............................
source: 	 mrr: 0.032128	 ndcg_5: 0.0246	 ndcg_10: 0.0330	 hit@1:0.011021	 hit@5:0.0386	 hit@10: 0.0648
target best!
...................................target: 	 mrr: 0.031370	 ndcg_5: 0.0226	 ndcg_10: 0.0333	 hit@1:0.007614	 hit@5:0.0378	 hit@10: 0.0711
epoch 1: train_loss = 1.434929, source_hit@10 = 0.0648, source_ndcg@10 = 0.0330, target_hit@10 = 0.0711, target_ndcg@10 = 0.0333

2024-08-04 11:29:57.104296: step 686/27440 (epoch 2/80), loss = 1.293104 (104.240 sec/epoch), lr: 0.004000
Evaluating on dev set...
..................................................................
source: 	 mrr: 0.040748	 ndcg_5: 0.0326	 ndcg_10: 0.0434	 hit@1:0.011407	 hit@5:0.0542	 hit@10: 0.0875
target: 	 mrr: 0.023916	 ndcg_5: 0.0170	 ndcg_10: 0.0238	 hit@1:0.004737	 hit@5:0.0287	 hit@10: 0.0496
source best!
..............................
source: 	 mrr: 0.039417	 ndcg_5: 0.0318	 ndcg_10: 0.0407	 hit@1:0.012966	 hit@5:0.0509	 hit@10: 0.0784
epoch 2: train_loss = 1.293104, source_hit@10 = 0.0784, source_ndcg@10 = 0.0407, target_hit@10 = 0.0496, target_ndcg@10 = 0.0238

2024-08-04 11:31:41.626675: step 1029/27440 (epoch 3/80), loss = 1.282635 (102.695 sec/epoch), lr: 0.004000
Evaluating on dev set...
..................................................................
source: 	 mrr: 0.046274	 ndcg_5: 0.0385	 ndcg_10: 0.0517	 hit@1:0.014259	 hit@5:0.0612	 hit@10: 0.1020
target: 	 mrr: 0.027971	 ndcg_5: 0.0184	 ndcg_10: 0.0278	 hit@1:0.007802	 hit@5:0.0295	 hit@10: 0.0588
source best!
..............................
source: 	 mrr: 0.039733	 ndcg_5: 0.0317	 ndcg_10: 0.0422	 hit@1:0.012966	 hit@5:0.0502	 hit@10: 0.0830
epoch 3: train_loss = 1.282635, source_hit@10 = 0.0830, source_ndcg@10 = 0.0422, target_hit@10 = 0.0588, target_ndcg@10 = 0.0278
new best model saved.

2024-08-04 11:33:24.885679: step 1372/27440 (epoch 4/80), loss = 1.274663 (101.230 sec/epoch), lr: 0.004000
Evaluating on dev set...
..................................................................
source: 	 mrr: 0.033622	 ndcg_5: 0.0258	 ndcg_10: 0.0338	 hit@1:0.009506	 hit@5:0.0421	 hit@10: 0.0672
target: 	 mrr: 0.032121	 ndcg_5: 0.0226	 ndcg_10: 0.0333	 hit@1:0.008080	 hit@5:0.0376	 hit@10: 0.0708
epoch 4: train_loss = 1.274663, source_hit@10 = 0.0672, source_ndcg@10 = 0.0338, target_hit@10 = 0.0708, target_ndcg@10 = 0.0333

2024-08-04 11:35:07.692710: step 1715/27440 (epoch 5/80), loss = 1.271394 (101.569 sec/epoch), lr: 0.004000
Evaluating on dev set...
..................................................................
source: 	 mrr: 0.023068	 ndcg_5: 0.0144	 ndcg_10: 0.0220	 hit@1:0.005703	 hit@5:0.0231	 hit@10: 0.0469
target: 	 mrr: 0.032791	 ndcg_5: 0.0236	 ndcg_10: 0.0331	 hit@1:0.008916	 hit@5:0.0376	 hit@10: 0.0671
target best!
...................................target: 	 mrr: 0.035127	 ndcg_5: 0.0273	 ndcg_10: 0.0365	 hit@1:0.011280	 hit@5:0.0437	 hit@10: 0.0722
epoch 5: train_loss = 1.271394, source_hit@10 = 0.0469, source_ndcg@10 = 0.0220, target_hit@10 = 0.0722, target_ndcg@10 = 0.0365

2024-08-04 11:36:52.117770: step 2058/27440 (epoch 6/80), loss = 1.263966 (102.574 sec/epoch), lr: 0.004000
Evaluating on dev set...
..................................................................
source: 	 mrr: 0.040349	 ndcg_5: 0.0317	 ndcg_10: 0.0441	 hit@1:0.013308	 hit@5:0.0510	 hit@10: 0.0900
target: 	 mrr: 0.030847	 ndcg_5: 0.0213	 ndcg_10: 0.0312	 hit@1:0.008359	 hit@5:0.0351	 hit@10: 0.0660
epoch 6: train_loss = 1.263966, source_hit@10 = 0.0900, source_ndcg@10 = 0.0441, target_hit@10 = 0.0660, target_ndcg@10 = 0.0312

2024-08-04 11:38:38.938000: step 2401/27440 (epoch 7/80), loss = 1.253380 (105.469 sec/epoch), lr: 0.004000
Evaluating on dev set...
..................................................................
source: 	 mrr: 0.020709	 ndcg_5: 0.0118	 ndcg_10: 0.0186	 hit@1:0.004119	 hit@5:0.0193	 hit@10: 0.0406
target: 	 mrr: 0.032210	 ndcg_5: 0.0230	 ndcg_10: 0.0341	 hit@1:0.009473	 hit@5:0.0376	 hit@10: 0.0719
epoch 7: train_loss = 1.253380, source_hit@10 = 0.0406, source_ndcg@10 = 0.0186, target_hit@10 = 0.0719, target_ndcg@10 = 0.0341

2024-08-04 11:40:22.815522: step 2744/27440 (epoch 8/80), loss = 1.250793 (102.607 sec/epoch), lr: 0.004000
Evaluating on dev set...
..................................................................
source: 	 mrr: 0.029840	 ndcg_5: 0.0228	 ndcg_10: 0.0305	 hit@1:0.009823	 hit@5:0.0374	 hit@10: 0.0615
target: 	 mrr: 0.030939	 ndcg_5: 0.0210	 ndcg_10: 0.0318	 hit@1:0.007244	 hit@5:0.0348	 hit@10: 0.0688
epoch 8: train_loss = 1.250793, source_hit@10 = 0.0615, source_ndcg@10 = 0.0305, target_hit@10 = 0.0688, target_ndcg@10 = 0.0318

2024-08-04 11:42:06.893691: step 3087/27440 (epoch 9/80), loss = 1.237573 (102.426 sec/epoch), lr: 0.004000
Evaluating on dev set...
..................................................................
source: 	 mrr: 0.038098	 ndcg_5: 0.0296	 ndcg_10: 0.0415	 hit@1:0.012991	 hit@5:0.0472	 hit@10: 0.0843
target: 	 mrr: 0.034101	 ndcg_5: 0.0260	 ndcg_10: 0.0349	 hit@1:0.008359	 hit@5:0.0440	 hit@10: 0.0716
target best!
...................................target: 	 mrr: 0.035965	 ndcg_5: 0.0275	 ndcg_10: 0.0381	 hit@1:0.010152	 hit@5:0.0451	 hit@10: 0.0784
epoch 9: train_loss = 1.237573, source_hit@10 = 0.0843, source_ndcg@10 = 0.0415, target_hit@10 = 0.0784, target_ndcg@10 = 0.0381

2024-08-04 11:43:52.001379: step 3430/27440 (epoch 10/80), loss = 1.233473 (103.223 sec/epoch), lr: 0.004000
Evaluating on dev set...
..................................................................
source: 	 mrr: 0.037992	 ndcg_5: 0.0296	 ndcg_10: 0.0402	 hit@1:0.013625	 hit@5:0.0456	 hit@10: 0.0786
target: 	 mrr: 0.035377	 ndcg_5: 0.0261	 ndcg_10: 0.0360	 hit@1:0.011424	 hit@5:0.0412	 hit@10: 0.0722
target best!
...................................target: 	 mrr: 0.038051	 ndcg_5: 0.0310	 ndcg_10: 0.0385	 hit@1:0.013536	 hit@5:0.0488	 hit@10: 0.0725
epoch 10: train_loss = 1.233473, source_hit@10 = 0.0786, source_ndcg@10 = 0.0402, target_hit@10 = 0.0725, target_ndcg@10 = 0.0385

2024-08-04 11:45:36.002123: step 3773/27440 (epoch 11/80), loss = 1.228144 (102.109 sec/epoch), lr: 0.004000
Evaluating on dev set...
..................................................................
source: 	 mrr: 0.021687	 ndcg_5: 0.0142	 ndcg_10: 0.0209	 hit@1:0.003485	 hit@5:0.0263	 hit@10: 0.0475
target: 	 mrr: 0.030921	 ndcg_5: 0.0220	 ndcg_10: 0.0316	 hit@1:0.008638	 hit@5:0.0354	 hit@10: 0.0652
epoch 11: train_loss = 1.228144, source_hit@10 = 0.0475, source_ndcg@10 = 0.0209, target_hit@10 = 0.0652, target_ndcg@10 = 0.0316

2024-08-04 11:47:19.433508: step 4116/27440 (epoch 12/80), loss = 1.224690 (102.086 sec/epoch), lr: 0.003800
Evaluating on dev set...
..................................................................
source: 	 mrr: 0.034703	 ndcg_5: 0.0261	 ndcg_10: 0.0337	 hit@1:0.010139	 hit@5:0.0421	 hit@10: 0.0653
target: 	 mrr: 0.035480	 ndcg_5: 0.0270	 ndcg_10: 0.0363	 hit@1:0.008916	 hit@5:0.0449	 hit@10: 0.0741
target best!
...................................target: 	 mrr: 0.036590	 ndcg_5: 0.0279	 ndcg_10: 0.0380	 hit@1:0.010152	 hit@5:0.0454	 hit@10: 0.0770
epoch 12: train_loss = 1.224690, source_hit@10 = 0.0653, source_ndcg@10 = 0.0337, target_hit@10 = 0.0770, target_ndcg@10 = 0.0380

2024-08-04 11:49:03.001610: step 4459/27440 (epoch 13/80), loss = 1.219324 (101.678 sec/epoch), lr: 0.003800
Evaluating on dev set...
..................................................................
source: 	 mrr: 0.041494	 ndcg_5: 0.0336	 ndcg_10: 0.0440	 hit@1:0.012991	 hit@5:0.0542	 hit@10: 0.0865
target: 	 mrr: 0.027409	 ndcg_5: 0.0210	 ndcg_10: 0.0265	 hit@1:0.009473	 hit@5:0.0320	 hit@10: 0.0490
epoch 13: train_loss = 1.219324, source_hit@10 = 0.0865, source_ndcg@10 = 0.0440, target_hit@10 = 0.0490, target_ndcg@10 = 0.0265

2024-08-04 11:50:45.092033: step 4802/27440 (epoch 14/80), loss = 1.213475 (100.813 sec/epoch), lr: 0.003610
Evaluating on dev set...
..................................................................
source: 	 mrr: 0.035857	 ndcg_5: 0.0267	 ndcg_10: 0.0376	 hit@1:0.010139	 hit@5:0.0440	 hit@10: 0.0779
target: 	 mrr: 0.025056	 ndcg_5: 0.0177	 ndcg_10: 0.0249	 hit@1:0.006966	 hit@5:0.0281	 hit@10: 0.0504
epoch 14: train_loss = 1.213475, source_hit@10 = 0.0779, source_ndcg@10 = 0.0376, target_hit@10 = 0.0504, target_ndcg@10 = 0.0249

2024-08-04 11:52:28.584799: step 5145/27440 (epoch 15/80), loss = 1.209731 (102.224 sec/epoch), lr: 0.003429
Evaluating on dev set...
..................................................................
source: 	 mrr: 0.043976	 ndcg_5: 0.0356	 ndcg_10: 0.0482	 hit@1:0.013625	 hit@5:0.0583	 hit@10: 0.0982
target: 	 mrr: 0.034760	 ndcg_5: 0.0264	 ndcg_10: 0.0368	 hit@1:0.008638	 hit@5:0.0449	 hit@10: 0.0772
epoch 15: train_loss = 1.209731, source_hit@10 = 0.0982, source_ndcg@10 = 0.0482, target_hit@10 = 0.0772, target_ndcg@10 = 0.0368

2024-08-04 11:54:11.010437: step 5488/27440 (epoch 16/80), loss = 1.205416 (101.154 sec/epoch), lr: 0.003429
Evaluating on dev set...
..................................................................
source: 	 mrr: 0.043676	 ndcg_5: 0.0342	 ndcg_10: 0.0459	 hit@1:0.014259	 hit@5:0.0539	 hit@10: 0.0906
target: 	 mrr: 0.030877	 ndcg_5: 0.0232	 ndcg_10: 0.0321	 hit@1:0.008638	 hit@5:0.0382	 hit@10: 0.0660
epoch 16: train_loss = 1.205416, source_hit@10 = 0.0906, source_ndcg@10 = 0.0459, target_hit@10 = 0.0660, target_ndcg@10 = 0.0321

2024-08-04 11:55:52.646966: step 5831/27440 (epoch 17/80), loss = 1.195458 (100.318 sec/epoch), lr: 0.003258
Evaluating on dev set...
..................................................................
source: 	 mrr: 0.045259	 ndcg_5: 0.0366	 ndcg_10: 0.0488	 hit@1:0.018061	 hit@5:0.0564	 hit@10: 0.0944
target: 	 mrr: 0.030165	 ndcg_5: 0.0226	 ndcg_10: 0.0300	 hit@1:0.010588	 hit@5:0.0354	 hit@10: 0.0585
epoch 17: train_loss = 1.195458, source_hit@10 = 0.0944, source_ndcg@10 = 0.0488, target_hit@10 = 0.0585, target_ndcg@10 = 0.0300

2024-08-04 11:57:36.027982: step 6174/27440 (epoch 18/80), loss = 1.185841 (102.044 sec/epoch), lr: 0.003258
Evaluating on dev set...
..................................................................
source: 	 mrr: 0.043102	 ndcg_5: 0.0355	 ndcg_10: 0.0452	 hit@1:0.017110	 hit@5:0.0542	 hit@10: 0.0843
target: 	 mrr: 0.034634	 ndcg_5: 0.0262	 ndcg_10: 0.0352	 hit@1:0.011702	 hit@5:0.0398	 hit@10: 0.0683
epoch 18: train_loss = 1.185841, source_hit@10 = 0.0843, source_ndcg@10 = 0.0452, target_hit@10 = 0.0683, target_ndcg@10 = 0.0352

2024-08-04 11:59:21.613883: step 6517/27440 (epoch 19/80), loss = 1.181434 (104.325 sec/epoch), lr: 0.003258
Evaluating on dev set...
..................................................................
source: 	 mrr: 0.043154	 ndcg_5: 0.0344	 ndcg_10: 0.0477	 hit@1:0.012041	 hit@5:0.0574	 hit@10: 0.0985
target: 	 mrr: 0.034853	 ndcg_5: 0.0274	 ndcg_10: 0.0368	 hit@1:0.009195	 hit@5:0.0463	 hit@10: 0.0758
epoch 19: train_loss = 1.181434, source_hit@10 = 0.0985, source_ndcg@10 = 0.0477, target_hit@10 = 0.0758, target_ndcg@10 = 0.0368

2024-08-04 12:01:04.270770: step 6860/27440 (epoch 20/80), loss = 1.176622 (101.386 sec/epoch), lr: 0.003258
Evaluating on dev set...
..................................................................
source: 	 mrr: 0.042760	 ndcg_5: 0.0345	 ndcg_10: 0.0454	 hit@1:0.015843	 hit@5:0.0529	 hit@10: 0.0868
target: 	 mrr: 0.040077	 ndcg_5: 0.0315	 ndcg_10: 0.0419	 hit@1:0.014210	 hit@5:0.0490	 hit@10: 0.0814
target best!
...................................target: 	 mrr: 0.039426	 ndcg_5: 0.0305	 ndcg_10: 0.0414	 hit@1:0.013254	 hit@5:0.0477	 hit@10: 0.0818
epoch 20: train_loss = 1.176622, source_hit@10 = 0.0868, source_ndcg@10 = 0.0454, target_hit@10 = 0.0818, target_ndcg@10 = 0.0414
new best model saved.

2024-08-04 12:02:48.213810: step 7203/27440 (epoch 21/80), loss = 1.171771 (101.580 sec/epoch), lr: 0.003258
Evaluating on dev set...
..................................................................
source: 	 mrr: 0.041340	 ndcg_5: 0.0334	 ndcg_10: 0.0444	 hit@1:0.013625	 hit@5:0.0535	 hit@10: 0.0878
target: 	 mrr: 0.033286	 ndcg_5: 0.0252	 ndcg_10: 0.0339	 hit@1:0.009473	 hit@5:0.0410	 hit@10: 0.0677
epoch 21: train_loss = 1.171771, source_hit@10 = 0.0878, source_ndcg@10 = 0.0444, target_hit@10 = 0.0677, target_ndcg@10 = 0.0339

2024-08-04 12:04:32.359064: step 7546/27440 (epoch 22/80), loss = 1.160736 (102.872 sec/epoch), lr: 0.003095
Evaluating on dev set...
..................................................................
source: 	 mrr: 0.046449	 ndcg_5: 0.0385	 ndcg_10: 0.0507	 hit@1:0.015843	 hit@5:0.0612	 hit@10: 0.0992
target: 	 mrr: 0.034805	 ndcg_5: 0.0271	 ndcg_10: 0.0378	 hit@1:0.009195	 hit@5:0.0446	 hit@10: 0.0783
source best!
..............................
source: 	 mrr: 0.044633	 ndcg_5: 0.0358	 ndcg_10: 0.0471	 hit@1:0.014911	 hit@5:0.0561	 hit@10: 0.0914
epoch 22: train_loss = 1.160736, source_hit@10 = 0.0914, source_ndcg@10 = 0.0471, target_hit@10 = 0.0783, target_ndcg@10 = 0.0378

2024-08-04 12:06:16.682839: step 7889/27440 (epoch 23/80), loss = 1.156395 (102.418 sec/epoch), lr: 0.003095
Evaluating on dev set...
..................................................................
source: 	 mrr: 0.044212	 ndcg_5: 0.0350	 ndcg_10: 0.0487	 hit@1:0.016160	 hit@5:0.0554	 hit@10: 0.0979
target: 	 mrr: 0.042099	 ndcg_5: 0.0326	 ndcg_10: 0.0443	 hit@1:0.014767	 hit@5:0.0504	 hit@10: 0.0872
target best!
...................................target: 	 mrr: 0.043038	 ndcg_5: 0.0341	 ndcg_10: 0.0450	 hit@1:0.017202	 hit@5:0.0513	 hit@10: 0.0854
epoch 23: train_loss = 1.156395, source_hit@10 = 0.0979, source_ndcg@10 = 0.0487, target_hit@10 = 0.0854, target_ndcg@10 = 0.0450

2024-08-04 12:08:01.213446: step 8232/27440 (epoch 24/80), loss = 1.150004 (102.661 sec/epoch), lr: 0.003095
Evaluating on dev set...
..................................................................
source: 	 mrr: 0.030780	 ndcg_5: 0.0229	 ndcg_10: 0.0314	 hit@1:0.009506	 hit@5:0.0368	 hit@10: 0.0634
target: 	 mrr: 0.040534	 ndcg_5: 0.0312	 ndcg_10: 0.0436	 hit@1:0.013374	 hit@5:0.0485	 hit@10: 0.0872
epoch 24: train_loss = 1.150004, source_hit@10 = 0.0634, source_ndcg@10 = 0.0314, target_hit@10 = 0.0872, target_ndcg@10 = 0.0436

2024-08-04 12:09:47.248120: step 8575/27440 (epoch 25/80), loss = 1.142983 (104.771 sec/epoch), lr: 0.002940
Evaluating on dev set...
..................................................................
source: 	 mrr: 0.043433	 ndcg_5: 0.0329	 ndcg_10: 0.0453	 hit@1:0.017110	 hit@5:0.0507	 hit@10: 0.0890
target: 	 mrr: 0.037111	 ndcg_5: 0.0279	 ndcg_10: 0.0397	 hit@1:0.010867	 hit@5:0.0451	 hit@10: 0.0819
epoch 25: train_loss = 1.142983, source_hit@10 = 0.0890, source_ndcg@10 = 0.0453, target_hit@10 = 0.0819, target_ndcg@10 = 0.0397

2024-08-04 12:11:32.153101: step 8918/27440 (epoch 26/80), loss = 1.138118 (103.625 sec/epoch), lr: 0.002940
Evaluating on dev set...
..................................................................
source: 	 mrr: 0.047557	 ndcg_5: 0.0381	 ndcg_10: 0.0500	 hit@1:0.018061	 hit@5:0.0580	 hit@10: 0.0954
target: 	 mrr: 0.034538	 ndcg_5: 0.0261	 ndcg_10: 0.0361	 hit@1:0.010309	 hit@5:0.0424	 hit@10: 0.0733
source best!
..............................
source: 	 mrr: 0.042261	 ndcg_5: 0.0320	 ndcg_10: 0.0438	 hit@1:0.013614	 hit@5:0.0502	 hit@10: 0.0869
epoch 26: train_loss = 1.138118, source_hit@10 = 0.0869, source_ndcg@10 = 0.0438, target_hit@10 = 0.0733, target_ndcg@10 = 0.0361

2024-08-04 12:13:15.283213: step 9261/27440 (epoch 27/80), loss = 1.135177 (101.328 sec/epoch), lr: 0.002940
Evaluating on dev set...
..................................................................
source: 	 mrr: 0.042514	 ndcg_5: 0.0328	 ndcg_10: 0.0465	 hit@1:0.013625	 hit@5:0.0529	 hit@10: 0.0957
target: 	 mrr: 0.039893	 ndcg_5: 0.0321	 ndcg_10: 0.0416	 hit@1:0.013653	 hit@5:0.0513	 hit@10: 0.0808
epoch 27: train_loss = 1.135177, source_hit@10 = 0.0957, source_ndcg@10 = 0.0465, target_hit@10 = 0.0808, target_ndcg@10 = 0.0416

2024-08-04 12:14:59.996727: step 9604/27440 (epoch 28/80), loss = 1.132753 (103.063 sec/epoch), lr: 0.002940
Evaluating on dev set...
..................................................................
source: 	 mrr: 0.044897	 ndcg_5: 0.0347	 ndcg_10: 0.0479	 hit@1:0.017110	 hit@5:0.0539	 hit@10: 0.0951
target: 	 mrr: 0.040690	 ndcg_5: 0.0314	 ndcg_10: 0.0432	 hit@1:0.012260	 hit@5:0.0499	 hit@10: 0.0864
epoch 28: train_loss = 1.132753, source_hit@10 = 0.0951, source_ndcg@10 = 0.0479, target_hit@10 = 0.0864, target_ndcg@10 = 0.0432

2024-08-04 12:16:42.729681: step 9947/27440 (epoch 29/80), loss = 1.130248 (101.395 sec/epoch), lr: 0.002940
Evaluating on dev set...
..................................................................
source: 	 mrr: 0.050516	 ndcg_5: 0.0408	 ndcg_10: 0.0535	 hit@1:0.020596	 hit@5:0.0615	 hit@10: 0.1004
target: 	 mrr: 0.036830	 ndcg_5: 0.0295	 ndcg_10: 0.0391	 hit@1:0.011145	 hit@5:0.0488	 hit@10: 0.0789
source best!
..............................
source: 	 mrr: 0.047446	 ndcg_5: 0.0386	 ndcg_10: 0.0513	 hit@1:0.017180	 hit@5:0.0603	 hit@10: 0.0998
epoch 29: train_loss = 1.130248, source_hit@10 = 0.0998, source_ndcg@10 = 0.0513, target_hit@10 = 0.0789, target_ndcg@10 = 0.0391

2024-08-04 12:18:26.825341: step 10290/27440 (epoch 30/80), loss = 1.128969 (102.299 sec/epoch), lr: 0.002940
Evaluating on dev set...
..................................................................
source: 	 mrr: 0.046909	 ndcg_5: 0.0381	 ndcg_10: 0.0495	 hit@1:0.018378	 hit@5:0.0580	 hit@10: 0.0938
target: 	 mrr: 0.040947	 ndcg_5: 0.0322	 ndcg_10: 0.0438	 hit@1:0.015603	 hit@5:0.0493	 hit@10: 0.0855
epoch 30: train_loss = 1.128969, source_hit@10 = 0.0938, source_ndcg@10 = 0.0495, target_hit@10 = 0.0855, target_ndcg@10 = 0.0438

2024-08-04 12:20:10.444738: step 10633/27440 (epoch 31/80), loss = 1.124892 (102.348 sec/epoch), lr: 0.002940
Evaluating on dev set...
..................................................................
source: 	 mrr: 0.042341	 ndcg_5: 0.0327	 ndcg_10: 0.0442	 hit@1:0.015209	 hit@5:0.0513	 hit@10: 0.0868
target: 	 mrr: 0.037107	 ndcg_5: 0.0302	 ndcg_10: 0.0392	 hit@1:0.011424	 hit@5:0.0485	 hit@10: 0.0763
epoch 31: train_loss = 1.124892, source_hit@10 = 0.0868, source_ndcg@10 = 0.0442, target_hit@10 = 0.0763, target_ndcg@10 = 0.0392

2024-08-04 12:21:54.319367: step 10976/27440 (epoch 32/80), loss = 1.122706 (102.589 sec/epoch), lr: 0.002793
Evaluating on dev set...
..................................................................
source: 	 mrr: 0.046857	 ndcg_5: 0.0367	 ndcg_10: 0.0492	 hit@1:0.016160	 hit@5:0.0574	 hit@10: 0.0960
target: 	 mrr: 0.040350	 ndcg_5: 0.0319	 ndcg_10: 0.0425	 hit@1:0.014210	 hit@5:0.0496	 hit@10: 0.0833
epoch 32: train_loss = 1.122706, source_hit@10 = 0.0960, source_ndcg@10 = 0.0492, target_hit@10 = 0.0833, target_ndcg@10 = 0.0425

2024-08-04 12:23:37.998411: step 11319/27440 (epoch 33/80), loss = 1.122840 (102.409 sec/epoch), lr: 0.002793
Evaluating on dev set...
..................................................................
source: 	 mrr: 0.043320	 ndcg_5: 0.0343	 ndcg_10: 0.0452	 hit@1:0.013942	 hit@5:0.0551	 hit@10: 0.0890
target: 	 mrr: 0.039533	 ndcg_5: 0.0315	 ndcg_10: 0.0439	 hit@1:0.011702	 hit@5:0.0521	 hit@10: 0.0906
epoch 33: train_loss = 1.122840, source_hit@10 = 0.0890, source_ndcg@10 = 0.0452, target_hit@10 = 0.0906, target_ndcg@10 = 0.0439

2024-08-04 12:25:20.229049: step 11662/27440 (epoch 34/80), loss = 1.117299 (100.910 sec/epoch), lr: 0.002654
Evaluating on dev set...
..................................................................
source: 	 mrr: 0.045225	 ndcg_5: 0.0366	 ndcg_10: 0.0487	 hit@1:0.014259	 hit@5:0.0599	 hit@10: 0.0976
target: 	 mrr: 0.034880	 ndcg_5: 0.0262	 ndcg_10: 0.0379	 hit@1:0.009195	 hit@5:0.0440	 hit@10: 0.0805
epoch 34: train_loss = 1.117299, source_hit@10 = 0.0976, source_ndcg@10 = 0.0487, target_hit@10 = 0.0805, target_ndcg@10 = 0.0379

2024-08-04 12:27:03.038952: step 12005/27440 (epoch 35/80), loss = 1.114965 (101.534 sec/epoch), lr: 0.002521
Evaluating on dev set...
..................................................................
source: 	 mrr: 0.049187	 ndcg_5: 0.0415	 ndcg_10: 0.0518	 hit@1:0.019328	 hit@5:0.0640	 hit@10: 0.0966
target: 	 mrr: 0.043615	 ndcg_5: 0.0340	 ndcg_10: 0.0451	 hit@1:0.016718	 hit@5:0.0518	 hit@10: 0.0869
target best!
...................................target: 	 mrr: 0.046203	 ndcg_5: 0.0375	 ndcg_10: 0.0495	 hit@1:0.017766	 hit@5:0.0572	 hit@10: 0.0942
epoch 35: train_loss = 1.114965, source_hit@10 = 0.0966, source_ndcg@10 = 0.0518, target_hit@10 = 0.0942, target_ndcg@10 = 0.0495
new best model saved.

2024-08-04 12:28:46.597836: step 12348/27440 (epoch 36/80), loss = 1.112325 (101.474 sec/epoch), lr: 0.002521
Evaluating on dev set...
..................................................................
source: 	 mrr: 0.048200	 ndcg_5: 0.0387	 ndcg_10: 0.0510	 hit@1:0.018378	 hit@5:0.0589	 hit@10: 0.0973
target: 	 mrr: 0.040083	 ndcg_5: 0.0324	 ndcg_10: 0.0420	 hit@1:0.013374	 hit@5:0.0527	 hit@10: 0.0822
epoch 36: train_loss = 1.112325, source_hit@10 = 0.0973, source_ndcg@10 = 0.0510, target_hit@10 = 0.0822, target_ndcg@10 = 0.0420

2024-08-04 12:30:29.621845: step 12691/27440 (epoch 37/80), loss = 1.108231 (101.698 sec/epoch), lr: 0.002395
Evaluating on dev set...
..................................................................
source: 	 mrr: 0.049659	 ndcg_5: 0.0422	 ndcg_10: 0.0571	 hit@1:0.016477	 hit@5:0.0691	 hit@10: 0.1157
target: 	 mrr: 0.036769	 ndcg_5: 0.0288	 ndcg_10: 0.0391	 hit@1:0.012817	 hit@5:0.0460	 hit@10: 0.0783
epoch 37: train_loss = 1.108231, source_hit@10 = 0.1157, source_ndcg@10 = 0.0571, target_hit@10 = 0.0783, target_ndcg@10 = 0.0391

2024-08-04 12:32:14.409004: step 13034/27440 (epoch 38/80), loss = 1.106058 (103.505 sec/epoch), lr: 0.002275
Evaluating on dev set...
..................................................................
source: 	 mrr: 0.050289	 ndcg_5: 0.0395	 ndcg_10: 0.0553	 hit@1:0.018061	 hit@5:0.0615	 hit@10: 0.1112
target: 	 mrr: 0.035029	 ndcg_5: 0.0269	 ndcg_10: 0.0367	 hit@1:0.011981	 hit@5:0.0424	 hit@10: 0.0730
epoch 38: train_loss = 1.106058, source_hit@10 = 0.1112, source_ndcg@10 = 0.0553, target_hit@10 = 0.0730, target_ndcg@10 = 0.0367

2024-08-04 12:33:58.862065: step 13377/27440 (epoch 39/80), loss = 1.102242 (103.156 sec/epoch), lr: 0.002161
Evaluating on dev set...
..................................................................
source: 	 mrr: 0.051373	 ndcg_5: 0.0407	 ndcg_10: 0.0553	 hit@1:0.020913	 hit@5:0.0615	 hit@10: 0.1068
target: 	 mrr: 0.040938	 ndcg_5: 0.0320	 ndcg_10: 0.0445	 hit@1:0.011702	 hit@5:0.0518	 hit@10: 0.0906
source best!
..............................
source: 	 mrr: 0.053054	 ndcg_5: 0.0429	 ndcg_10: 0.0562	 hit@1:0.024311	 hit@5:0.0629	 hit@10: 0.1044
epoch 39: train_loss = 1.102242, source_hit@10 = 0.1044, source_ndcg@10 = 0.0562, target_hit@10 = 0.0906, target_ndcg@10 = 0.0445

2024-08-04 12:35:44.272368: step 13720/27440 (epoch 40/80), loss = 1.100714 (103.610 sec/epoch), lr: 0.002161
Evaluating on dev set...
..................................................................
source: 	 mrr: 0.048282	 ndcg_5: 0.0384	 ndcg_10: 0.0518	 hit@1:0.016477	 hit@5:0.0599	 hit@10: 0.1017
target: 	 mrr: 0.043544	 ndcg_5: 0.0347	 ndcg_10: 0.0482	 hit@1:0.013374	 hit@5:0.0577	 hit@10: 0.0995
epoch 40: train_loss = 1.100714, source_hit@10 = 0.1017, source_ndcg@10 = 0.0518, target_hit@10 = 0.0995, target_ndcg@10 = 0.0482
shift to transfer learning mode

2024-08-04 12:37:28.499167: step 14063/27440 (epoch 41/80), loss = 1.099264 (102.962 sec/epoch), lr: 0.002053
Evaluating on dev set...
..................................................................
source: 	 mrr: 0.050279	 ndcg_5: 0.0398	 ndcg_10: 0.0530	 hit@1:0.018695	 hit@5:0.0602	 hit@10: 0.1011
target: 	 mrr: 0.038866	 ndcg_5: 0.0297	 ndcg_10: 0.0420	 hit@1:0.010309	 hit@5:0.0499	 hit@10: 0.0875
epoch 41: train_loss = 1.099264, source_hit@10 = 0.1011, source_ndcg@10 = 0.0530, target_hit@10 = 0.0875, target_ndcg@10 = 0.0420

2024-08-04 12:39:12.143886: step 14406/27440 (epoch 42/80), loss = 1.093943 (102.368 sec/epoch), lr: 0.001951
Evaluating on dev set...
..................................................................
source: 	 mrr: 0.054198	 ndcg_5: 0.0456	 ndcg_10: 0.0593	 hit@1:0.020279	 hit@5:0.0710	 hit@10: 0.1134
target: 	 mrr: 0.039761	 ndcg_5: 0.0304	 ndcg_10: 0.0422	 hit@1:0.013096	 hit@5:0.0485	 hit@10: 0.0853
source best!
..............................
source: 	 mrr: 0.055277	 ndcg_5: 0.0478	 ndcg_10: 0.0601	 hit@1:0.021718	 hit@5:0.0746	 hit@10: 0.1135
epoch 42: train_loss = 1.093943, source_hit@10 = 0.1135, source_ndcg@10 = 0.0601, target_hit@10 = 0.0853, target_ndcg@10 = 0.0422

2024-08-04 12:40:55.373843: step 14749/27440 (epoch 43/80), loss = 1.093526 (101.412 sec/epoch), lr: 0.001951
Evaluating on dev set...
..................................................................
source: 	 mrr: 0.047148	 ndcg_5: 0.0384	 ndcg_10: 0.0506	 hit@1:0.015843	 hit@5:0.0605	 hit@10: 0.0992
target: 	 mrr: 0.040521	 ndcg_5: 0.0305	 ndcg_10: 0.0417	 hit@1:0.013931	 hit@5:0.0479	 hit@10: 0.0825
epoch 43: train_loss = 1.093526, source_hit@10 = 0.0992, source_ndcg@10 = 0.0506, target_hit@10 = 0.0825, target_ndcg@10 = 0.0417

2024-08-04 12:42:41.189585: step 15092/27440 (epoch 44/80), loss = 1.088141 (104.445 sec/epoch), lr: 0.001853
Evaluating on dev set...
..................................................................
source: 	 mrr: 0.043254	 ndcg_5: 0.0339	 ndcg_10: 0.0451	 hit@1:0.015526	 hit@5:0.0529	 hit@10: 0.0878
target: 	 mrr: 0.037689	 ndcg_5: 0.0293	 ndcg_10: 0.0400	 hit@1:0.009752	 hit@5:0.0499	 hit@10: 0.0830
epoch 44: train_loss = 1.088141, source_hit@10 = 0.0878, source_ndcg@10 = 0.0451, target_hit@10 = 0.0830, target_ndcg@10 = 0.0400

2024-08-04 12:44:25.557478: step 15435/27440 (epoch 45/80), loss = 1.087309 (103.079 sec/epoch), lr: 0.001761
Evaluating on dev set...
..................................................................
source: 	 mrr: 0.051494	 ndcg_5: 0.0426	 ndcg_10: 0.0546	 hit@1:0.019962	 hit@5:0.0659	 hit@10: 0.1030
target: 	 mrr: 0.041517	 ndcg_5: 0.0330	 ndcg_10: 0.0440	 hit@1:0.013931	 hit@5:0.0521	 hit@10: 0.0858
epoch 45: train_loss = 1.087309, source_hit@10 = 0.1030, source_ndcg@10 = 0.0546, target_hit@10 = 0.0858, target_ndcg@10 = 0.0440

2024-08-04 12:46:11.148898: step 15778/27440 (epoch 46/80), loss = 1.085523 (104.250 sec/epoch), lr: 0.001761
Evaluating on dev set...
..................................................................
source: 	 mrr: 0.056046	 ndcg_5: 0.0462	 ndcg_10: 0.0592	 hit@1:0.023131	 hit@5:0.0684	 hit@10: 0.1093
target: 	 mrr: 0.034362	 ndcg_5: 0.0262	 ndcg_10: 0.0361	 hit@1:0.008916	 hit@5:0.0432	 hit@10: 0.0736
source best!
..............................
source: 	 mrr: 0.053604	 ndcg_5: 0.0440	 ndcg_10: 0.0578	 hit@1:0.020097	 hit@5:0.0677	 hit@10: 0.1112
epoch 46: train_loss = 1.085523, source_hit@10 = 0.1112, source_ndcg@10 = 0.0578, target_hit@10 = 0.0736, target_ndcg@10 = 0.0361

2024-08-04 12:47:55.605951: step 16121/27440 (epoch 47/80), loss = 1.080646 (102.660 sec/epoch), lr: 0.001672
Evaluating on dev set...
..................................................................
source: 	 mrr: 0.049163	 ndcg_5: 0.0378	 ndcg_10: 0.0533	 hit@1:0.019011	 hit@5:0.0574	 hit@10: 0.1055
target: 	 mrr: 0.046189	 ndcg_5: 0.0388	 ndcg_10: 0.0506	 hit@1:0.014210	 hit@5:0.0644	 hit@10: 0.1014
target best!
...................................target: 	 mrr: 0.045233	 ndcg_5: 0.0354	 ndcg_10: 0.0483	 hit@1:0.017202	 hit@5:0.0541	 hit@10: 0.0948
epoch 47: train_loss = 1.080646, source_hit@10 = 0.1055, source_ndcg@10 = 0.0533, target_hit@10 = 0.0948, target_ndcg@10 = 0.0483

2024-08-04 12:49:41.082336: step 16464/27440 (epoch 48/80), loss = 1.081588 (103.618 sec/epoch), lr: 0.001672
Evaluating on dev set...
..................................................................
source: 	 mrr: 0.050548	 ndcg_5: 0.0405	 ndcg_10: 0.0526	 hit@1:0.019962	 hit@5:0.0608	 hit@10: 0.0985
target: 	 mrr: 0.045114	 ndcg_5: 0.0359	 ndcg_10: 0.0487	 hit@1:0.016439	 hit@5:0.0568	 hit@10: 0.0970
epoch 48: train_loss = 1.081588, source_hit@10 = 0.0985, source_ndcg@10 = 0.0526, target_hit@10 = 0.0970, target_ndcg@10 = 0.0487

2024-08-04 12:51:27.271505: step 16807/27440 (epoch 49/80), loss = 1.078969 (104.893 sec/epoch), lr: 0.001672
Evaluating on dev set...
..................................................................
source: 	 mrr: 0.056565	 ndcg_5: 0.0479	 ndcg_10: 0.0616	 hit@1:0.023131	 hit@5:0.0729	 hit@10: 0.1153
target: 	 mrr: 0.044927	 ndcg_5: 0.0365	 ndcg_10: 0.0476	 hit@1:0.015325	 hit@5:0.0574	 hit@10: 0.0919
source best!
..............................
source: 	 mrr: 0.052753	 ndcg_5: 0.0448	 ndcg_10: 0.0561	 hit@1:0.019125	 hit@5:0.0707	 hit@10: 0.1057
epoch 49: train_loss = 1.078969, source_hit@10 = 0.1057, source_ndcg@10 = 0.0561, target_hit@10 = 0.0919, target_ndcg@10 = 0.0476

2024-08-04 12:53:12.664631: step 17150/27440 (epoch 50/80), loss = 1.078910 (103.524 sec/epoch), lr: 0.001672
Evaluating on dev set...
..................................................................
source: 	 mrr: 0.053039	 ndcg_5: 0.0427	 ndcg_10: 0.0543	 hit@1:0.023764	 hit@5:0.0621	 hit@10: 0.0979
target: 	 mrr: 0.048121	 ndcg_5: 0.0384	 ndcg_10: 0.0512	 hit@1:0.017832	 hit@5:0.0596	 hit@10: 0.0992
target best!
...................................target: 	 mrr: 0.046239	 ndcg_5: 0.0375	 ndcg_10: 0.0484	 hit@1:0.016920	 hit@5:0.0578	 hit@10: 0.0919
epoch 50: train_loss = 1.078910, source_hit@10 = 0.0979, source_ndcg@10 = 0.0543, target_hit@10 = 0.0919, target_ndcg@10 = 0.0484

2024-08-04 12:54:59.479152: step 17493/27440 (epoch 51/80), loss = 1.076676 (104.836 sec/epoch), lr: 0.001589
Evaluating on dev set...
..................................................................
source: 	 mrr: 0.045163	 ndcg_5: 0.0361	 ndcg_10: 0.0484	 hit@1:0.015526	 hit@5:0.0564	 hit@10: 0.0951
target: 	 mrr: 0.039915	 ndcg_5: 0.0316	 ndcg_10: 0.0417	 hit@1:0.013096	 hit@5:0.0504	 hit@10: 0.0819
epoch 51: train_loss = 1.076676, source_hit@10 = 0.0951, source_ndcg@10 = 0.0484, target_hit@10 = 0.0819, target_ndcg@10 = 0.0417

2024-08-04 12:56:44.605171: step 17836/27440 (epoch 52/80), loss = 1.070912 (103.846 sec/epoch), lr: 0.001509
Evaluating on dev set...
..................................................................
source: 	 mrr: 0.045043	 ndcg_5: 0.0349	 ndcg_10: 0.0465	 hit@1:0.016160	 hit@5:0.0532	 hit@10: 0.0890
target: 	 mrr: 0.042011	 ndcg_5: 0.0343	 ndcg_10: 0.0457	 hit@1:0.012538	 hit@5:0.0557	 hit@10: 0.0914
epoch 52: train_loss = 1.070912, source_hit@10 = 0.0890, source_ndcg@10 = 0.0465, target_hit@10 = 0.0914, target_ndcg@10 = 0.0457

2024-08-04 12:58:30.071792: step 18179/27440 (epoch 53/80), loss = 1.069665 (104.190 sec/epoch), lr: 0.001509
Evaluating on dev set...
..................................................................
source: 	 mrr: 0.052281	 ndcg_5: 0.0441	 ndcg_10: 0.0552	 hit@1:0.019645	 hit@5:0.0681	 hit@10: 0.1027
target: 	 mrr: 0.043993	 ndcg_5: 0.0351	 ndcg_10: 0.0484	 hit@1:0.011981	 hit@5:0.0582	 hit@10: 0.1000
epoch 53: train_loss = 1.069665, source_hit@10 = 0.1027, source_ndcg@10 = 0.0552, target_hit@10 = 0.1000, target_ndcg@10 = 0.0484

2024-08-04 13:00:16.913408: step 18522/27440 (epoch 54/80), loss = 1.069211 (105.556 sec/epoch), lr: 0.001509
Evaluating on dev set...
..................................................................
source: 	 mrr: 0.050932	 ndcg_5: 0.0418	 ndcg_10: 0.0552	 hit@1:0.019645	 hit@5:0.0646	 hit@10: 0.1068
target: 	 mrr: 0.042622	 ndcg_5: 0.0332	 ndcg_10: 0.0460	 hit@1:0.012260	 hit@5:0.0541	 hit@10: 0.0942
epoch 54: train_loss = 1.069211, source_hit@10 = 0.1068, source_ndcg@10 = 0.0552, target_hit@10 = 0.0942, target_ndcg@10 = 0.0460

2024-08-04 13:02:01.701919: step 18865/27440 (epoch 55/80), loss = 1.066314 (103.505 sec/epoch), lr: 0.001434
Evaluating on dev set...
..................................................................
source: 	 mrr: 0.047398	 ndcg_5: 0.0392	 ndcg_10: 0.0494	 hit@1:0.017744	 hit@5:0.0612	 hit@10: 0.0935
target: 	 mrr: 0.042484	 ndcg_5: 0.0336	 ndcg_10: 0.0455	 hit@1:0.012260	 hit@5:0.0549	 hit@10: 0.0922
epoch 55: train_loss = 1.066314, source_hit@10 = 0.0935, source_ndcg@10 = 0.0494, target_hit@10 = 0.0922, target_ndcg@10 = 0.0455

2024-08-04 13:03:46.407078: step 19208/27440 (epoch 56/80), loss = 1.063592 (103.350 sec/epoch), lr: 0.001362
Evaluating on dev set...
..................................................................
source: 	 mrr: 0.053564	 ndcg_5: 0.0449	 ndcg_10: 0.0570	 hit@1:0.023447	 hit@5:0.0669	 hit@10: 0.1046
target: 	 mrr: 0.044893	 ndcg_5: 0.0345	 ndcg_10: 0.0465	 hit@1:0.014489	 hit@5:0.0535	 hit@10: 0.0908
epoch 56: train_loss = 1.063592, source_hit@10 = 0.1046, source_ndcg@10 = 0.0570, target_hit@10 = 0.0908, target_ndcg@10 = 0.0465

2024-08-04 13:05:29.593929: step 19551/27440 (epoch 57/80), loss = 1.061618 (101.910 sec/epoch), lr: 0.001362
Evaluating on dev set...
..................................................................
source: 	 mrr: 0.054739	 ndcg_5: 0.0453	 ndcg_10: 0.0571	 hit@1:0.022180	 hit@5:0.0681	 hit@10: 0.1049
target: 	 mrr: 0.038811	 ndcg_5: 0.0296	 ndcg_10: 0.0407	 hit@1:0.012817	 hit@5:0.0463	 hit@10: 0.0811
epoch 57: train_loss = 1.061618, source_hit@10 = 0.1049, source_ndcg@10 = 0.0571, target_hit@10 = 0.0811, target_ndcg@10 = 0.0407

2024-08-04 13:07:13.485178: step 19894/27440 (epoch 58/80), loss = 1.057316 (102.590 sec/epoch), lr: 0.001294
Evaluating on dev set...
..................................................................
source: 	 mrr: 0.042540	 ndcg_5: 0.0354	 ndcg_10: 0.0443	 hit@1:0.014575	 hit@5:0.0574	 hit@10: 0.0849
target: 	 mrr: 0.044598	 ndcg_5: 0.0353	 ndcg_10: 0.0487	 hit@1:0.015046	 hit@5:0.0554	 hit@10: 0.0970
epoch 58: train_loss = 1.057316, source_hit@10 = 0.0849, source_ndcg@10 = 0.0443, target_hit@10 = 0.0970, target_ndcg@10 = 0.0487

2024-08-04 13:08:59.305840: step 20237/27440 (epoch 59/80), loss = 1.054111 (104.539 sec/epoch), lr: 0.001229
Evaluating on dev set...
..................................................................
source: 	 mrr: 0.051640	 ndcg_5: 0.0412	 ndcg_10: 0.0550	 hit@1:0.019645	 hit@5:0.0624	 hit@10: 0.1052
target: 	 mrr: 0.047051	 ndcg_5: 0.0378	 ndcg_10: 0.0516	 hit@1:0.016439	 hit@5:0.0596	 hit@10: 0.1028
epoch 59: train_loss = 1.054111, source_hit@10 = 0.1052, source_ndcg@10 = 0.0550, target_hit@10 = 0.1028, target_ndcg@10 = 0.0516

2024-08-04 13:10:46.505548: step 20580/27440 (epoch 60/80), loss = 1.053955 (105.924 sec/epoch), lr: 0.001229
Evaluating on dev set...
..................................................................
source: 	 mrr: 0.049736	 ndcg_5: 0.0409	 ndcg_10: 0.0524	 hit@1:0.018061	 hit@5:0.0650	 hit@10: 0.1011
target: 	 mrr: 0.045728	 ndcg_5: 0.0356	 ndcg_10: 0.0502	 hit@1:0.015882	 hit@5:0.0560	 hit@10: 0.1017
epoch 60: train_loss = 1.053955, source_hit@10 = 0.1011, source_ndcg@10 = 0.0524, target_hit@10 = 0.1017, target_ndcg@10 = 0.0502

2024-08-04 13:12:33.617448: step 20923/27440 (epoch 61/80), loss = 1.049783 (105.783 sec/epoch), lr: 0.001168
Evaluating on dev set...
..................................................................
source: 	 mrr: 0.041541	 ndcg_5: 0.0346	 ndcg_10: 0.0441	 hit@1:0.013308	 hit@5:0.0561	 hit@10: 0.0859
target: 	 mrr: 0.045372	 ndcg_5: 0.0380	 ndcg_10: 0.0482	 hit@1:0.015046	 hit@5:0.0619	 hit@10: 0.0936
epoch 61: train_loss = 1.049783, source_hit@10 = 0.0859, source_ndcg@10 = 0.0441, target_hit@10 = 0.0936, target_ndcg@10 = 0.0482

2024-08-04 13:14:20.374153: step 21266/27440 (epoch 62/80), loss = 1.046498 (105.111 sec/epoch), lr: 0.001110
Evaluating on dev set...
..................................................................
source: 	 mrr: 0.052389	 ndcg_5: 0.0439	 ndcg_10: 0.0559	 hit@1:0.020596	 hit@5:0.0672	 hit@10: 0.1049
target: 	 mrr: 0.043218	 ndcg_5: 0.0338	 ndcg_10: 0.0446	 hit@1:0.016160	 hit@5:0.0513	 hit@10: 0.0850
epoch 62: train_loss = 1.046498, source_hit@10 = 0.1049, source_ndcg@10 = 0.0559, target_hit@10 = 0.0850, target_ndcg@10 = 0.0446

2024-08-04 13:16:07.365069: step 21609/27440 (epoch 63/80), loss = 1.046215 (105.704 sec/epoch), lr: 0.001110
Evaluating on dev set...
..................................................................
source: 	 mrr: 0.051966	 ndcg_5: 0.0414	 ndcg_10: 0.0552	 hit@1:0.019011	 hit@5:0.0627	 hit@10: 0.1058
target: 	 mrr: 0.045528	 ndcg_5: 0.0371	 ndcg_10: 0.0484	 hit@1:0.016439	 hit@5:0.0582	 hit@10: 0.0939
epoch 63: train_loss = 1.046215, source_hit@10 = 0.1058, source_ndcg@10 = 0.0552, target_hit@10 = 0.0939, target_ndcg@10 = 0.0484

2024-08-04 13:17:54.234566: step 21952/27440 (epoch 64/80), loss = 1.043931 (105.258 sec/epoch), lr: 0.001110
Evaluating on dev set...
..................................................................
source: 	 mrr: 0.052103	 ndcg_5: 0.0420	 ndcg_10: 0.0560	 hit@1:0.020279	 hit@5:0.0624	 hit@10: 0.1065
target: 	 mrr: 0.041691	 ndcg_5: 0.0330	 ndcg_10: 0.0458	 hit@1:0.010867	 hit@5:0.0549	 hit@10: 0.0945
epoch 64: train_loss = 1.043931, source_hit@10 = 0.1065, source_ndcg@10 = 0.0560, target_hit@10 = 0.0945, target_ndcg@10 = 0.0458

2024-08-04 13:19:35.434836: step 22295/27440 (epoch 65/80), loss = 1.042199 (99.915 sec/epoch), lr: 0.001054
Evaluating on dev set...
..................................................................
source: 	 mrr: 0.052138	 ndcg_5: 0.0437	 ndcg_10: 0.0560	 hit@1:0.019328	 hit@5:0.0691	 hit@10: 0.1074
target: 	 mrr: 0.046008	 ndcg_5: 0.0361	 ndcg_10: 0.0498	 hit@1:0.015325	 hit@5:0.0571	 hit@10: 0.0997
epoch 65: train_loss = 1.042199, source_hit@10 = 0.1074, source_ndcg@10 = 0.0560, target_hit@10 = 0.0997, target_ndcg@10 = 0.0498

2024-08-04 13:21:16.506003: step 22638/27440 (epoch 66/80), loss = 1.036515 (99.798 sec/epoch), lr: 0.001054
Evaluating on dev set...
..................................................................
source: 	 mrr: 0.049489	 ndcg_5: 0.0389	 ndcg_10: 0.0521	 hit@1:0.019645	 hit@5:0.0586	 hit@10: 0.0995
target: 	 mrr: 0.046341	 ndcg_5: 0.0367	 ndcg_10: 0.0512	 hit@1:0.016160	 hit@5:0.0585	 hit@10: 0.1037
epoch 66: train_loss = 1.036515, source_hit@10 = 0.0995, source_ndcg@10 = 0.0521, target_hit@10 = 0.1037, target_ndcg@10 = 0.0512
early termination of training
