nohup: ignoring input
using gpu:0 to train the model
using gpu:0 to train the model
cuda:0
Namespace(A_split=False, JK='sum', a_fold=100, aggregate=False, alpha=0.5, batch_size=1024, beta_inter=0.4, conv_layers=4, cuda=True, decay_epoch=10, device=device(type='cuda', index=0), device_id='0', domains='cloth_sport', dropout=0.5, epoch=80, feature_dim=126, hidden_dim=126, inter_tau=0.2, intra_tau=1, lambda_critic=0.4, leakey=0.05, load=False, log='logs.txt', log_epoch=1, lr=0.003, lr_decay=0.95, min_epoch=50, mode='train', model_file=None, model_name='cs', momentum=0.9, num_latent_factors=3, num_negative=100, optim='adam', patience=30, proj_layers=1, projection=1, residual=1, save=False, save_dir='./saved_models', seed=32, similarity_tau=0.1, test_sample_number=999, transfer_epoch=40, user_batch_size=256, weight_decay=0.0002)
number_user 41829
number_item 17943
/home/disk2/lhr/invariantCDR/invariantCDR/utils/GraphMaker.py:45: RuntimeWarning: divide by zero encountered in power
  r_inv = np.power(rowsum, -1).flatten()
real graph loaded!
number_user 27328
number_item 12655
real graph loaded!
graph loaded!
Loading data from cloth_sport with batch size 1024...
unseen test: 0
test length: 3156
unseen test: 0
test length: 3085
unseen test: 0
test length: 3589
unseen test: 0
test length: 3546
source_user_num 41829
target_user_num 27328
source_item_num 17943
target_item_num 12655
shared users id: 7857
test users 990, 982
unseen test: 0
dev length: 1000
unseen test: 0
dev length: 1000
source train data : 187880, target train data: 163291, source test data : 3085, target test data : 3546, source dev data : 1000, target dev data : 1000
2024-08-04 03:14:44.099138: step 343/27440 (epoch 1/80), loss = 1.444280 (101.511 sec/epoch), lr: 0.003000
Evaluating on dev set...
..................................................................
source: 	 mrr: 0.032975	 ndcg_5: 0.0248	 ndcg_10: 0.0357	 hit@1:0.006654	 hit@5:0.0437	 hit@10: 0.0776
target: 	 mrr: 0.026287	 ndcg_5: 0.0175	 ndcg_10: 0.0246	 hit@1:0.008080	 hit@5:0.0265	 hit@10: 0.0488
source best!
..............................
source: 	 mrr: 0.032383	 ndcg_5: 0.0242	 ndcg_10: 0.0334	 hit@1:0.008752	 hit@5:0.0402	 hit@10: 0.0690
target best!
...................................target: 	 mrr: 0.024627	 ndcg_5: 0.0160	 ndcg_10: 0.0233	 hit@1:0.005922	 hit@5:0.0265	 hit@10: 0.0494
epoch 1: train_loss = 1.444280, source_hit@10 = 0.0690, source_ndcg@10 = 0.0334, target_hit@10 = 0.0494, target_ndcg@10 = 0.0233

2024-08-04 03:16:31.020225: step 686/27440 (epoch 2/80), loss = 1.277113 (103.903 sec/epoch), lr: 0.003000
Evaluating on dev set...
..................................................................
source: 	 mrr: 0.044961	 ndcg_5: 0.0367	 ndcg_10: 0.0478	 hit@1:0.016160	 hit@5:0.0574	 hit@10: 0.0919
target: 	 mrr: 0.029975	 ndcg_5: 0.0223	 ndcg_10: 0.0302	 hit@1:0.008080	 hit@5:0.0359	 hit@10: 0.0607
source best!
..............................
source: 	 mrr: 0.040278	 ndcg_5: 0.0334	 ndcg_10: 0.0433	 hit@1:0.011669	 hit@5:0.0545	 hit@10: 0.0853
target best!
...................................target: 	 mrr: 0.032475	 ndcg_5: 0.0258	 ndcg_10: 0.0342	 hit@1:0.010152	 hit@5:0.0423	 hit@10: 0.0685
epoch 2: train_loss = 1.277113, source_hit@10 = 0.0853, source_ndcg@10 = 0.0433, target_hit@10 = 0.0685, target_ndcg@10 = 0.0342
new best model saved.

2024-08-04 03:18:14.187194: step 1029/27440 (epoch 3/80), loss = 1.260131 (100.415 sec/epoch), lr: 0.003000
Evaluating on dev set...
..................................................................
source: 	 mrr: 0.041908	 ndcg_5: 0.0314	 ndcg_10: 0.0468	 hit@1:0.013942	 hit@5:0.0497	 hit@10: 0.0976
target: 	 mrr: 0.029441	 ndcg_5: 0.0220	 ndcg_10: 0.0297	 hit@1:0.007802	 hit@5:0.0368	 hit@10: 0.0610
epoch 3: train_loss = 1.260131, source_hit@10 = 0.0976, source_ndcg@10 = 0.0468, target_hit@10 = 0.0610, target_ndcg@10 = 0.0297

2024-08-04 03:19:55.746251: step 1372/27440 (epoch 4/80), loss = 1.247367 (100.387 sec/epoch), lr: 0.003000
Evaluating on dev set...
..................................................................
source: 	 mrr: 0.037837	 ndcg_5: 0.0299	 ndcg_10: 0.0396	 hit@1:0.010456	 hit@5:0.0510	 hit@10: 0.0817
target: 	 mrr: 0.026207	 ndcg_5: 0.0180	 ndcg_10: 0.0273	 hit@1:0.006130	 hit@5:0.0304	 hit@10: 0.0593
epoch 4: train_loss = 1.247367, source_hit@10 = 0.0817, source_ndcg@10 = 0.0396, target_hit@10 = 0.0593, target_ndcg@10 = 0.0273

2024-08-04 03:21:38.916892: step 1715/27440 (epoch 5/80), loss = 1.241142 (101.902 sec/epoch), lr: 0.003000
Evaluating on dev set...
..................................................................
source: 	 mrr: 0.041952	 ndcg_5: 0.0338	 ndcg_10: 0.0445	 hit@1:0.013942	 hit@5:0.0551	 hit@10: 0.0887
target: 	 mrr: 0.029217	 ndcg_5: 0.0221	 ndcg_10: 0.0292	 hit@1:0.009752	 hit@5:0.0348	 hit@10: 0.0568
epoch 5: train_loss = 1.241142, source_hit@10 = 0.0887, source_ndcg@10 = 0.0445, target_hit@10 = 0.0568, target_ndcg@10 = 0.0292

2024-08-04 03:23:22.426974: step 2058/27440 (epoch 6/80), loss = 1.231381 (102.156 sec/epoch), lr: 0.003000
Evaluating on dev set...
..................................................................
source: 	 mrr: 0.032044	 ndcg_5: 0.0234	 ndcg_10: 0.0331	 hit@1:0.010139	 hit@5:0.0374	 hit@10: 0.0678
target: 	 mrr: 0.033659	 ndcg_5: 0.0241	 ndcg_10: 0.0328	 hit@1:0.011424	 hit@5:0.0373	 hit@10: 0.0646
target best!
...................................target: 	 mrr: 0.034443	 ndcg_5: 0.0267	 ndcg_10: 0.0359	 hit@1:0.009024	 hit@5:0.0434	 hit@10: 0.0722
epoch 6: train_loss = 1.231381, source_hit@10 = 0.0678, source_ndcg@10 = 0.0331, target_hit@10 = 0.0722, target_ndcg@10 = 0.0359

2024-08-04 03:25:05.590803: step 2401/27440 (epoch 7/80), loss = 1.221620 (101.288 sec/epoch), lr: 0.003000
Evaluating on dev set...
..................................................................
source: 	 mrr: 0.042345	 ndcg_5: 0.0317	 ndcg_10: 0.0460	 hit@1:0.014259	 hit@5:0.0497	 hit@10: 0.0941
target: 	 mrr: 0.032948	 ndcg_5: 0.0248	 ndcg_10: 0.0356	 hit@1:0.009195	 hit@5:0.0412	 hit@10: 0.0750
epoch 7: train_loss = 1.221620, source_hit@10 = 0.0941, source_ndcg@10 = 0.0460, target_hit@10 = 0.0750, target_ndcg@10 = 0.0356

2024-08-04 03:26:49.396579: step 2744/27440 (epoch 8/80), loss = 1.214250 (102.537 sec/epoch), lr: 0.003000
Evaluating on dev set...
..................................................................
source: 	 mrr: 0.038039	 ndcg_5: 0.0286	 ndcg_10: 0.0402	 hit@1:0.011407	 hit@5:0.0450	 hit@10: 0.0814
target: 	 mrr: 0.031525	 ndcg_5: 0.0242	 ndcg_10: 0.0333	 hit@1:0.008359	 hit@5:0.0404	 hit@10: 0.0688
epoch 8: train_loss = 1.214250, source_hit@10 = 0.0814, source_ndcg@10 = 0.0402, target_hit@10 = 0.0688, target_ndcg@10 = 0.0333

2024-08-04 03:28:31.278198: step 3087/27440 (epoch 9/80), loss = 1.204475 (100.645 sec/epoch), lr: 0.003000
Evaluating on dev set...
..................................................................
source: 	 mrr: 0.041361	 ndcg_5: 0.0327	 ndcg_10: 0.0447	 hit@1:0.012674	 hit@5:0.0532	 hit@10: 0.0909
target: 	 mrr: 0.034399	 ndcg_5: 0.0260	 ndcg_10: 0.0350	 hit@1:0.011702	 hit@5:0.0404	 hit@10: 0.0685
target best!
...................................target: 	 mrr: 0.034354	 ndcg_5: 0.0252	 ndcg_10: 0.0352	 hit@1:0.011280	 hit@5:0.0389	 hit@10: 0.0705
epoch 9: train_loss = 1.204475, source_hit@10 = 0.0909, source_ndcg@10 = 0.0447, target_hit@10 = 0.0705, target_ndcg@10 = 0.0352

2024-08-04 03:30:14.112851: step 3430/27440 (epoch 10/80), loss = 1.192682 (100.985 sec/epoch), lr: 0.003000
Evaluating on dev set...
..................................................................
source: 	 mrr: 0.044196	 ndcg_5: 0.0350	 ndcg_10: 0.0485	 hit@1:0.013942	 hit@5:0.0567	 hit@10: 0.0989
target: 	 mrr: 0.037070	 ndcg_5: 0.0285	 ndcg_10: 0.0377	 hit@1:0.013374	 hit@5:0.0432	 hit@10: 0.0719
target best!
...................................target: 	 mrr: 0.036649	 ndcg_5: 0.0292	 ndcg_10: 0.0379	 hit@1:0.012972	 hit@5:0.0454	 hit@10: 0.0728
epoch 10: train_loss = 1.192682, source_hit@10 = 0.0989, source_ndcg@10 = 0.0485, target_hit@10 = 0.0728, target_ndcg@10 = 0.0379
new best model saved.

2024-08-04 03:31:58.302974: step 3773/27440 (epoch 11/80), loss = 1.175070 (102.008 sec/epoch), lr: 0.003000
Evaluating on dev set...
..................................................................
source: 	 mrr: 0.041954	 ndcg_5: 0.0333	 ndcg_10: 0.0459	 hit@1:0.013942	 hit@5:0.0542	 hit@10: 0.0928
target: 	 mrr: 0.035053	 ndcg_5: 0.0262	 ndcg_10: 0.0362	 hit@1:0.010031	 hit@5:0.0424	 hit@10: 0.0730
epoch 11: train_loss = 1.175070, source_hit@10 = 0.0928, source_ndcg@10 = 0.0459, target_hit@10 = 0.0730, target_ndcg@10 = 0.0362

2024-08-04 03:33:42.103046: step 4116/27440 (epoch 12/80), loss = 1.165662 (102.616 sec/epoch), lr: 0.002850
Evaluating on dev set...
..................................................................
source: 	 mrr: 0.044384	 ndcg_5: 0.0361	 ndcg_10: 0.0461	 hit@1:0.014575	 hit@5:0.0567	 hit@10: 0.0881
target: 	 mrr: 0.039594	 ndcg_5: 0.0304	 ndcg_10: 0.0415	 hit@1:0.013653	 hit@5:0.0485	 hit@10: 0.0833
target best!
...................................target: 	 mrr: 0.038325	 ndcg_5: 0.0293	 ndcg_10: 0.0397	 hit@1:0.012126	 hit@5:0.0460	 hit@10: 0.0787
epoch 12: train_loss = 1.165662, source_hit@10 = 0.0881, source_ndcg@10 = 0.0461, target_hit@10 = 0.0787, target_ndcg@10 = 0.0397
new best model saved.

2024-08-04 03:35:25.678571: step 4459/27440 (epoch 13/80), loss = 1.159552 (101.526 sec/epoch), lr: 0.002850
Evaluating on dev set...
..................................................................
source: 	 mrr: 0.038234	 ndcg_5: 0.0288	 ndcg_10: 0.0399	 hit@1:0.011724	 hit@5:0.0463	 hit@10: 0.0811
target: 	 mrr: 0.036832	 ndcg_5: 0.0280	 ndcg_10: 0.0398	 hit@1:0.010309	 hit@5:0.0451	 hit@10: 0.0816
epoch 13: train_loss = 1.159552, source_hit@10 = 0.0811, source_ndcg@10 = 0.0399, target_hit@10 = 0.0816, target_ndcg@10 = 0.0398

2024-08-04 03:37:08.099766: step 4802/27440 (epoch 14/80), loss = 1.152406 (101.166 sec/epoch), lr: 0.002707
Evaluating on dev set...
..................................................................
source: 	 mrr: 0.036235	 ndcg_5: 0.0282	 ndcg_10: 0.0382	 hit@1:0.010773	 hit@5:0.0469	 hit@10: 0.0779
target: 	 mrr: 0.039070	 ndcg_5: 0.0292	 ndcg_10: 0.0420	 hit@1:0.013374	 hit@5:0.0465	 hit@10: 0.0867
epoch 14: train_loss = 1.152406, source_hit@10 = 0.0779, source_ndcg@10 = 0.0382, target_hit@10 = 0.0867, target_ndcg@10 = 0.0420

2024-08-04 03:38:52.915802: step 5145/27440 (epoch 15/80), loss = 1.150728 (103.531 sec/epoch), lr: 0.002707
Evaluating on dev set...
..................................................................
source: 	 mrr: 0.039093	 ndcg_5: 0.0298	 ndcg_10: 0.0423	 hit@1:0.010773	 hit@5:0.0501	 hit@10: 0.0890
target: 	 mrr: 0.037406	 ndcg_5: 0.0279	 ndcg_10: 0.0401	 hit@1:0.010309	 hit@5:0.0465	 hit@10: 0.0847
epoch 15: train_loss = 1.150728, source_hit@10 = 0.0890, source_ndcg@10 = 0.0423, target_hit@10 = 0.0847, target_ndcg@10 = 0.0401

2024-08-04 03:40:36.008864: step 5488/27440 (epoch 16/80), loss = 1.147861 (101.817 sec/epoch), lr: 0.002707
Evaluating on dev set...
..................................................................
source: 	 mrr: 0.044298	 ndcg_5: 0.0352	 ndcg_10: 0.0482	 hit@1:0.012991	 hit@5:0.0564	 hit@10: 0.0966
target: 	 mrr: 0.042062	 ndcg_5: 0.0332	 ndcg_10: 0.0441	 hit@1:0.013931	 hit@5:0.0527	 hit@10: 0.0864
target best!
...................................target: 	 mrr: 0.039420	 ndcg_5: 0.0293	 ndcg_10: 0.0419	 hit@1:0.012408	 hit@5:0.0465	 hit@10: 0.0860
epoch 16: train_loss = 1.147861, source_hit@10 = 0.0966, source_ndcg@10 = 0.0482, target_hit@10 = 0.0860, target_ndcg@10 = 0.0419
new best model saved.

2024-08-04 03:42:20.487329: step 5831/27440 (epoch 17/80), loss = 1.144662 (102.456 sec/epoch), lr: 0.002707
Evaluating on dev set...
..................................................................
source: 	 mrr: 0.039065	 ndcg_5: 0.0291	 ndcg_10: 0.0407	 hit@1:0.011407	 hit@5:0.0472	 hit@10: 0.0830
target: 	 mrr: 0.036770	 ndcg_5: 0.0269	 ndcg_10: 0.0394	 hit@1:0.009473	 hit@5:0.0440	 hit@10: 0.0830
epoch 17: train_loss = 1.144662, source_hit@10 = 0.0830, source_ndcg@10 = 0.0407, target_hit@10 = 0.0830, target_ndcg@10 = 0.0394

2024-08-04 03:44:02.496583: step 6174/27440 (epoch 18/80), loss = 1.140342 (100.792 sec/epoch), lr: 0.002572
Evaluating on dev set...
..................................................................
source: 	 mrr: 0.040215	 ndcg_5: 0.0315	 ndcg_10: 0.0429	 hit@1:0.012041	 hit@5:0.0520	 hit@10: 0.0881
target: 	 mrr: 0.039084	 ndcg_5: 0.0305	 ndcg_10: 0.0406	 hit@1:0.012538	 hit@5:0.0479	 hit@10: 0.0794
epoch 18: train_loss = 1.140342, source_hit@10 = 0.0881, source_ndcg@10 = 0.0429, target_hit@10 = 0.0794, target_ndcg@10 = 0.0406

2024-08-04 03:45:43.677557: step 6517/27440 (epoch 19/80), loss = 1.138483 (99.956 sec/epoch), lr: 0.002572
Evaluating on dev set...
..................................................................
source: 	 mrr: 0.042241	 ndcg_5: 0.0335	 ndcg_10: 0.0452	 hit@1:0.012674	 hit@5:0.0548	 hit@10: 0.0916
target: 	 mrr: 0.034876	 ndcg_5: 0.0277	 ndcg_10: 0.0371	 hit@1:0.011424	 hit@5:0.0446	 hit@10: 0.0741
epoch 19: train_loss = 1.138483, source_hit@10 = 0.0916, source_ndcg@10 = 0.0452, target_hit@10 = 0.0741, target_ndcg@10 = 0.0371

2024-08-04 03:47:29.089189: step 6860/27440 (epoch 20/80), loss = 1.133426 (104.156 sec/epoch), lr: 0.002444
Evaluating on dev set...
..................................................................
source: 	 mrr: 0.044784	 ndcg_5: 0.0351	 ndcg_10: 0.0497	 hit@1:0.014259	 hit@5:0.0567	 hit@10: 0.1023
target: 	 mrr: 0.038898	 ndcg_5: 0.0305	 ndcg_10: 0.0406	 hit@1:0.011145	 hit@5:0.0513	 hit@10: 0.0825
epoch 20: train_loss = 1.133426, source_hit@10 = 0.1023, source_ndcg@10 = 0.0497, target_hit@10 = 0.0825, target_ndcg@10 = 0.0406

2024-08-04 03:49:10.985847: step 7203/27440 (epoch 21/80), loss = 1.132684 (100.673 sec/epoch), lr: 0.002444
Evaluating on dev set...
..................................................................
source: 	 mrr: 0.043466	 ndcg_5: 0.0348	 ndcg_10: 0.0462	 hit@1:0.016793	 hit@5:0.0542	 hit@10: 0.0897
target: 	 mrr: 0.038711	 ndcg_5: 0.0285	 ndcg_10: 0.0427	 hit@1:0.011424	 hit@5:0.0474	 hit@10: 0.0914
epoch 21: train_loss = 1.132684, source_hit@10 = 0.0897, source_ndcg@10 = 0.0462, target_hit@10 = 0.0914, target_ndcg@10 = 0.0427

2024-08-04 03:50:53.336779: step 7546/27440 (epoch 22/80), loss = 1.127403 (101.126 sec/epoch), lr: 0.002321
Evaluating on dev set...
..................................................................
source: 	 mrr: 0.038494	 ndcg_5: 0.0297	 ndcg_10: 0.0406	 hit@1:0.009506	 hit@5:0.0501	 hit@10: 0.0843
target: 	 mrr: 0.036984	 ndcg_5: 0.0284	 ndcg_10: 0.0400	 hit@1:0.010031	 hit@5:0.0474	 hit@10: 0.0836
epoch 22: train_loss = 1.127403, source_hit@10 = 0.0843, source_ndcg@10 = 0.0406, target_hit@10 = 0.0836, target_ndcg@10 = 0.0400

2024-08-04 03:52:39.195525: step 7889/27440 (epoch 23/80), loss = 1.123174 (104.641 sec/epoch), lr: 0.002205
Evaluating on dev set...
..................................................................
source: 	 mrr: 0.037970	 ndcg_5: 0.0297	 ndcg_10: 0.0401	 hit@1:0.012674	 hit@5:0.0485	 hit@10: 0.0811
target: 	 mrr: 0.042049	 ndcg_5: 0.0321	 ndcg_10: 0.0447	 hit@1:0.014767	 hit@5:0.0493	 hit@10: 0.0889
epoch 23: train_loss = 1.123174, source_hit@10 = 0.0811, source_ndcg@10 = 0.0401, target_hit@10 = 0.0889, target_ndcg@10 = 0.0447

2024-08-04 03:54:23.428486: step 8232/27440 (epoch 24/80), loss = 1.119703 (102.958 sec/epoch), lr: 0.002205
Evaluating on dev set...
..................................................................
source: 	 mrr: 0.040217	 ndcg_5: 0.0313	 ndcg_10: 0.0422	 hit@1:0.012357	 hit@5:0.0507	 hit@10: 0.0846
target: 	 mrr: 0.039294	 ndcg_5: 0.0309	 ndcg_10: 0.0408	 hit@1:0.013096	 hit@5:0.0502	 hit@10: 0.0811
epoch 24: train_loss = 1.119703, source_hit@10 = 0.0846, source_ndcg@10 = 0.0422, target_hit@10 = 0.0811, target_ndcg@10 = 0.0408

2024-08-04 03:56:05.567977: step 8575/27440 (epoch 25/80), loss = 1.108153 (100.924 sec/epoch), lr: 0.002095
Evaluating on dev set...
..................................................................
source: 	 mrr: 0.043984	 ndcg_5: 0.0348	 ndcg_10: 0.0467	 hit@1:0.015843	 hit@5:0.0545	 hit@10: 0.0919
target: 	 mrr: 0.041028	 ndcg_5: 0.0333	 ndcg_10: 0.0440	 hit@1:0.013653	 hit@5:0.0535	 hit@10: 0.0869
epoch 25: train_loss = 1.108153, source_hit@10 = 0.0919, source_ndcg@10 = 0.0467, target_hit@10 = 0.0869, target_ndcg@10 = 0.0440

2024-08-04 03:57:49.725576: step 8918/27440 (epoch 26/80), loss = 1.104074 (102.929 sec/epoch), lr: 0.002095
Evaluating on dev set...
..................................................................
source: 	 mrr: 0.039642	 ndcg_5: 0.0309	 ndcg_10: 0.0414	 hit@1:0.013308	 hit@5:0.0497	 hit@10: 0.0821
target: 	 mrr: 0.039456	 ndcg_5: 0.0309	 ndcg_10: 0.0413	 hit@1:0.011702	 hit@5:0.0502	 hit@10: 0.0830
epoch 26: train_loss = 1.104074, source_hit@10 = 0.0821, source_ndcg@10 = 0.0414, target_hit@10 = 0.0830, target_ndcg@10 = 0.0413

2024-08-04 03:59:30.873888: step 9261/27440 (epoch 27/80), loss = 1.099653 (99.894 sec/epoch), lr: 0.001990
Evaluating on dev set...
..................................................................
source: 	 mrr: 0.045374	 ndcg_5: 0.0378	 ndcg_10: 0.0481	 hit@1:0.016160	 hit@5:0.0599	 hit@10: 0.0922
target: 	 mrr: 0.037306	 ndcg_5: 0.0290	 ndcg_10: 0.0392	 hit@1:0.011424	 hit@5:0.0465	 hit@10: 0.0783
source best!
..............................
source: 	 mrr: 0.043447	 ndcg_5: 0.0351	 ndcg_10: 0.0460	 hit@1:0.016207	 hit@5:0.0551	 hit@10: 0.0895
epoch 27: train_loss = 1.099653, source_hit@10 = 0.0895, source_ndcg@10 = 0.0460, target_hit@10 = 0.0783, target_ndcg@10 = 0.0392

2024-08-04 04:01:14.946545: step 9604/27440 (epoch 28/80), loss = 1.098587 (102.342 sec/epoch), lr: 0.001990
Evaluating on dev set...
..................................................................
source: 	 mrr: 0.041469	 ndcg_5: 0.0311	 ndcg_10: 0.0438	 hit@1:0.014259	 hit@5:0.0488	 hit@10: 0.0887
target: 	 mrr: 0.041890	 ndcg_5: 0.0335	 ndcg_10: 0.0437	 hit@1:0.014210	 hit@5:0.0535	 hit@10: 0.0858
epoch 28: train_loss = 1.098587, source_hit@10 = 0.0887, source_ndcg@10 = 0.0438, target_hit@10 = 0.0858, target_ndcg@10 = 0.0437

2024-08-04 04:02:58.880353: step 9947/27440 (epoch 29/80), loss = 1.097282 (102.703 sec/epoch), lr: 0.001990
Evaluating on dev set...
..................................................................
source: 	 mrr: 0.046867	 ndcg_5: 0.0377	 ndcg_10: 0.0500	 hit@1:0.017744	 hit@5:0.0593	 hit@10: 0.0979
target: 	 mrr: 0.040725	 ndcg_5: 0.0310	 ndcg_10: 0.0428	 hit@1:0.010867	 hit@5:0.0504	 hit@10: 0.0872
source best!
..............................
source: 	 mrr: 0.046591	 ndcg_5: 0.0361	 ndcg_10: 0.0488	 hit@1:0.018152	 hit@5:0.0545	 hit@10: 0.0934
epoch 29: train_loss = 1.097282, source_hit@10 = 0.0934, source_ndcg@10 = 0.0488, target_hit@10 = 0.0872, target_ndcg@10 = 0.0428
new best model saved.

2024-08-04 04:04:42.151821: step 10290/27440 (epoch 30/80), loss = 1.095494 (101.233 sec/epoch), lr: 0.001990
Evaluating on dev set...
..................................................................
source: 	 mrr: 0.047320	 ndcg_5: 0.0375	 ndcg_10: 0.0503	 hit@1:0.016477	 hit@5:0.0583	 hit@10: 0.0976
target: 	 mrr: 0.044506	 ndcg_5: 0.0350	 ndcg_10: 0.0483	 hit@1:0.014489	 hit@5:0.0557	 hit@10: 0.0967
source best!
..............................
source: 	 mrr: 0.046933	 ndcg_5: 0.0368	 ndcg_10: 0.0497	 hit@1:0.018476	 hit@5:0.0567	 hit@10: 0.0969
target best!
...................................target: 	 mrr: 0.045230	 ndcg_5: 0.0352	 ndcg_10: 0.0489	 hit@1:0.016356	 hit@5:0.0541	 hit@10: 0.0964
epoch 30: train_loss = 1.095494, source_hit@10 = 0.0969, source_ndcg@10 = 0.0497, target_hit@10 = 0.0964, target_ndcg@10 = 0.0489
new best model saved.

2024-08-04 04:06:26.272724: step 10633/27440 (epoch 31/80), loss = 1.091747 (101.615 sec/epoch), lr: 0.001990
Evaluating on dev set...
..................................................................
source: 	 mrr: 0.045194	 ndcg_5: 0.0348	 ndcg_10: 0.0480	 hit@1:0.015209	 hit@5:0.0558	 hit@10: 0.0970
target: 	 mrr: 0.041035	 ndcg_5: 0.0316	 ndcg_10: 0.0445	 hit@1:0.013096	 hit@5:0.0504	 hit@10: 0.0903
epoch 31: train_loss = 1.091747, source_hit@10 = 0.0970, source_ndcg@10 = 0.0480, target_hit@10 = 0.0903, target_ndcg@10 = 0.0445

2024-08-04 04:08:08.393101: step 10976/27440 (epoch 32/80), loss = 1.090225 (100.849 sec/epoch), lr: 0.001891
Evaluating on dev set...
..................................................................
source: 	 mrr: 0.044480	 ndcg_5: 0.0337	 ndcg_10: 0.0474	 hit@1:0.015526	 hit@5:0.0532	 hit@10: 0.0954
target: 	 mrr: 0.039228	 ndcg_5: 0.0307	 ndcg_10: 0.0403	 hit@1:0.014489	 hit@5:0.0476	 hit@10: 0.0775
epoch 32: train_loss = 1.090225, source_hit@10 = 0.0954, source_ndcg@10 = 0.0474, target_hit@10 = 0.0775, target_ndcg@10 = 0.0403

2024-08-04 04:09:49.365126: step 11319/27440 (epoch 33/80), loss = 1.088010 (99.704 sec/epoch), lr: 0.001796
Evaluating on dev set...
..................................................................
source: 	 mrr: 0.048560	 ndcg_5: 0.0389	 ndcg_10: 0.0547	 hit@1:0.018061	 hit@5:0.0608	 hit@10: 0.1099
target: 	 mrr: 0.039838	 ndcg_5: 0.0289	 ndcg_10: 0.0425	 hit@1:0.013653	 hit@5:0.0449	 hit@10: 0.0869
source best!
..............................
source: 	 mrr: 0.042723	 ndcg_5: 0.0340	 ndcg_10: 0.0451	 hit@1:0.013938	 hit@5:0.0538	 hit@10: 0.0885
epoch 33: train_loss = 1.088010, source_hit@10 = 0.0885, source_ndcg@10 = 0.0451, target_hit@10 = 0.0869, target_ndcg@10 = 0.0425

2024-08-04 04:11:32.444430: step 11662/27440 (epoch 34/80), loss = 1.082623 (101.339 sec/epoch), lr: 0.001796
Evaluating on dev set...
..................................................................
source: 	 mrr: 0.042592	 ndcg_5: 0.0335	 ndcg_10: 0.0439	 hit@1:0.015209	 hit@5:0.0516	 hit@10: 0.0843
target: 	 mrr: 0.042009	 ndcg_5: 0.0336	 ndcg_10: 0.0457	 hit@1:0.013931	 hit@5:0.0538	 hit@10: 0.0914
epoch 34: train_loss = 1.082623, source_hit@10 = 0.0843, source_ndcg@10 = 0.0439, target_hit@10 = 0.0914, target_ndcg@10 = 0.0457

2024-08-04 04:13:17.433150: step 12005/27440 (epoch 35/80), loss = 1.081984 (103.694 sec/epoch), lr: 0.001706
Evaluating on dev set...
..................................................................
source: 	 mrr: 0.038851	 ndcg_5: 0.0299	 ndcg_10: 0.0430	 hit@1:0.011090	 hit@5:0.0485	 hit@10: 0.0894
target: 	 mrr: 0.042711	 ndcg_5: 0.0340	 ndcg_10: 0.0459	 hit@1:0.013096	 hit@5:0.0546	 hit@10: 0.0917
epoch 35: train_loss = 1.081984, source_hit@10 = 0.0894, source_ndcg@10 = 0.0430, target_hit@10 = 0.0917, target_ndcg@10 = 0.0459

2024-08-04 04:14:59.511788: step 12348/27440 (epoch 36/80), loss = 1.079079 (100.846 sec/epoch), lr: 0.001621
Evaluating on dev set...
..................................................................
source: 	 mrr: 0.049465	 ndcg_5: 0.0406	 ndcg_10: 0.0537	 hit@1:0.017744	 hit@5:0.0631	 hit@10: 0.1042
target: 	 mrr: 0.043674	 ndcg_5: 0.0334	 ndcg_10: 0.0468	 hit@1:0.014489	 hit@5:0.0527	 hit@10: 0.0945
source best!
..............................
source: 	 mrr: 0.050111	 ndcg_5: 0.0406	 ndcg_10: 0.0520	 hit@1:0.020746	 hit@5:0.0609	 hit@10: 0.0969
epoch 36: train_loss = 1.079079, source_hit@10 = 0.0969, source_ndcg@10 = 0.0520, target_hit@10 = 0.0945, target_ndcg@10 = 0.0468
new best model saved.

2024-08-04 04:16:42.937571: step 12691/27440 (epoch 37/80), loss = 1.075097 (101.464 sec/epoch), lr: 0.001621
Evaluating on dev set...
..................................................................
source: 	 mrr: 0.047093	 ndcg_5: 0.0370	 ndcg_10: 0.0502	 hit@1:0.016477	 hit@5:0.0574	 hit@10: 0.0985
target: 	 mrr: 0.044204	 ndcg_5: 0.0348	 ndcg_10: 0.0466	 hit@1:0.014489	 hit@5:0.0552	 hit@10: 0.0917
epoch 37: train_loss = 1.075097, source_hit@10 = 0.0985, source_ndcg@10 = 0.0502, target_hit@10 = 0.0917, target_ndcg@10 = 0.0466

2024-08-04 04:18:25.536621: step 13034/27440 (epoch 38/80), loss = 1.074562 (101.333 sec/epoch), lr: 0.001540
Evaluating on dev set...
..................................................................
source: 	 mrr: 0.046357	 ndcg_5: 0.0378	 ndcg_10: 0.0497	 hit@1:0.017744	 hit@5:0.0599	 hit@10: 0.0966
target: 	 mrr: 0.042146	 ndcg_5: 0.0343	 ndcg_10: 0.0449	 hit@1:0.013653	 hit@5:0.0543	 hit@10: 0.0875
epoch 38: train_loss = 1.074562, source_hit@10 = 0.0966, source_ndcg@10 = 0.0497, target_hit@10 = 0.0875, target_ndcg@10 = 0.0449

2024-08-04 04:20:09.851468: step 13377/27440 (epoch 39/80), loss = 1.070655 (103.086 sec/epoch), lr: 0.001463
Evaluating on dev set...
..................................................................
source: 	 mrr: 0.055887	 ndcg_5: 0.0484	 ndcg_10: 0.0616	 hit@1:0.020279	 hit@5:0.0760	 hit@10: 0.1176
target: 	 mrr: 0.042014	 ndcg_5: 0.0329	 ndcg_10: 0.0456	 hit@1:0.011981	 hit@5:0.0532	 hit@10: 0.0928
source best!
..............................
source: 	 mrr: 0.051084	 ndcg_5: 0.0417	 ndcg_10: 0.0547	 hit@1:0.018476	 hit@5:0.0655	 hit@10: 0.1057
epoch 39: train_loss = 1.070655, source_hit@10 = 0.1057, source_ndcg@10 = 0.0547, target_hit@10 = 0.0928, target_ndcg@10 = 0.0456
new best model saved.

2024-08-04 04:21:53.443600: step 13720/27440 (epoch 40/80), loss = 1.069022 (101.644 sec/epoch), lr: 0.001463
Evaluating on dev set...
..................................................................
source: 	 mrr: 0.048601	 ndcg_5: 0.0408	 ndcg_10: 0.0501	 hit@1:0.019011	 hit@5:0.0618	 hit@10: 0.0909
target: 	 mrr: 0.044569	 ndcg_5: 0.0349	 ndcg_10: 0.0499	 hit@1:0.012538	 hit@5:0.0571	 hit@10: 0.1039
target best!
...................................target: 	 mrr: 0.045932	 ndcg_5: 0.0369	 ndcg_10: 0.0505	 hit@1:0.015510	 hit@5:0.0589	 hit@10: 0.1012
epoch 40: train_loss = 1.069022, source_hit@10 = 0.0909, source_ndcg@10 = 0.0501, target_hit@10 = 0.1012, target_ndcg@10 = 0.0505
shift to transfer learning mode

2024-08-04 04:23:39.395155: step 14063/27440 (epoch 41/80), loss = 1.065848 (104.154 sec/epoch), lr: 0.001390
Evaluating on dev set...
..................................................................
source: 	 mrr: 0.047210	 ndcg_5: 0.0390	 ndcg_10: 0.0504	 hit@1:0.017744	 hit@5:0.0605	 hit@10: 0.0960
target: 	 mrr: 0.041860	 ndcg_5: 0.0333	 ndcg_10: 0.0432	 hit@1:0.014489	 hit@5:0.0535	 hit@10: 0.0841
epoch 41: train_loss = 1.065848, source_hit@10 = 0.0960, source_ndcg@10 = 0.0504, target_hit@10 = 0.0841, target_ndcg@10 = 0.0432

2024-08-04 04:25:22.865510: step 14406/27440 (epoch 42/80), loss = 1.060283 (101.881 sec/epoch), lr: 0.001320
Evaluating on dev set...
..................................................................
source: 	 mrr: 0.051025	 ndcg_5: 0.0413	 ndcg_10: 0.0561	 hit@1:0.017744	 hit@5:0.0643	 hit@10: 0.1109
target: 	 mrr: 0.045532	 ndcg_5: 0.0380	 ndcg_10: 0.0500	 hit@1:0.014210	 hit@5:0.0619	 hit@10: 0.0995
target best!
...................................target: 	 mrr: 0.047121	 ndcg_5: 0.0397	 ndcg_10: 0.0513	 hit@1:0.015792	 hit@5:0.0629	 hit@10: 0.0987
epoch 42: train_loss = 1.060283, source_hit@10 = 0.1109, source_ndcg@10 = 0.0561, target_hit@10 = 0.0987, target_ndcg@10 = 0.0513

2024-08-04 04:27:04.610394: step 14749/27440 (epoch 43/80), loss = 1.060590 (99.955 sec/epoch), lr: 0.001320
Evaluating on dev set...
..................................................................
source: 	 mrr: 0.047001	 ndcg_5: 0.0390	 ndcg_10: 0.0508	 hit@1:0.014575	 hit@5:0.0637	 hit@10: 0.1004
target: 	 mrr: 0.046118	 ndcg_5: 0.0367	 ndcg_10: 0.0511	 hit@1:0.014489	 hit@5:0.0582	 hit@10: 0.1031
target best!
...................................target: 	 mrr: 0.049429	 ndcg_5: 0.0418	 ndcg_10: 0.0542	 hit@1:0.018331	 hit@5:0.0657	 hit@10: 0.1043
epoch 43: train_loss = 1.060590, source_hit@10 = 0.1004, source_ndcg@10 = 0.0508, target_hit@10 = 0.1043, target_ndcg@10 = 0.0542

2024-08-04 04:28:47.585590: step 15092/27440 (epoch 44/80), loss = 1.055724 (101.181 sec/epoch), lr: 0.001254
Evaluating on dev set...
..................................................................
source: 	 mrr: 0.047970	 ndcg_5: 0.0382	 ndcg_10: 0.0510	 hit@1:0.017744	 hit@5:0.0589	 hit@10: 0.0985
target: 	 mrr: 0.041577	 ndcg_5: 0.0325	 ndcg_10: 0.0455	 hit@1:0.011702	 hit@5:0.0532	 hit@10: 0.0936
epoch 44: train_loss = 1.055724, source_hit@10 = 0.0985, source_ndcg@10 = 0.0510, target_hit@10 = 0.0936, target_ndcg@10 = 0.0455

2024-08-04 04:30:30.489631: step 15435/27440 (epoch 45/80), loss = 1.053794 (101.672 sec/epoch), lr: 0.001192
Evaluating on dev set...
..................................................................
source: 	 mrr: 0.050016	 ndcg_5: 0.0393	 ndcg_10: 0.0539	 hit@1:0.019011	 hit@5:0.0593	 hit@10: 0.1046
target: 	 mrr: 0.042428	 ndcg_5: 0.0338	 ndcg_10: 0.0465	 hit@1:0.011145	 hit@5:0.0557	 hit@10: 0.0950
epoch 45: train_loss = 1.053794, source_hit@10 = 0.1046, source_ndcg@10 = 0.0539, target_hit@10 = 0.0950, target_ndcg@10 = 0.0465

2024-08-04 04:32:16.049438: step 15778/27440 (epoch 46/80), loss = 1.050721 (103.952 sec/epoch), lr: 0.001192
Evaluating on dev set...
..................................................................
source: 	 mrr: 0.055017	 ndcg_5: 0.0473	 ndcg_10: 0.0602	 hit@1:0.019962	 hit@5:0.0745	 hit@10: 0.1150
target: 	 mrr: 0.044765	 ndcg_5: 0.0350	 ndcg_10: 0.0487	 hit@1:0.014489	 hit@5:0.0563	 hit@10: 0.0986
epoch 46: train_loss = 1.050721, source_hit@10 = 0.1150, source_ndcg@10 = 0.0602, target_hit@10 = 0.0986, target_ndcg@10 = 0.0487

2024-08-04 04:33:59.879421: step 16121/27440 (epoch 47/80), loss = 1.049221 (102.584 sec/epoch), lr: 0.001192
Evaluating on dev set...
..................................................................
source: 	 mrr: 0.048579	 ndcg_5: 0.0382	 ndcg_10: 0.0514	 hit@1:0.018061	 hit@5:0.0586	 hit@10: 0.1001
target: 	 mrr: 0.044786	 ndcg_5: 0.0365	 ndcg_10: 0.0482	 hit@1:0.015882	 hit@5:0.0568	 hit@10: 0.0933
epoch 47: train_loss = 1.049221, source_hit@10 = 0.1001, source_ndcg@10 = 0.0514, target_hit@10 = 0.0933, target_ndcg@10 = 0.0482

2024-08-04 04:35:44.142267: step 16464/27440 (epoch 48/80), loss = 1.047056 (102.667 sec/epoch), lr: 0.001132
Evaluating on dev set...
..................................................................
source: 	 mrr: 0.052011	 ndcg_5: 0.0413	 ndcg_10: 0.0555	 hit@1:0.019962	 hit@5:0.0627	 hit@10: 0.1068
target: 	 mrr: 0.042436	 ndcg_5: 0.0332	 ndcg_10: 0.0462	 hit@1:0.012817	 hit@5:0.0538	 hit@10: 0.0942
epoch 48: train_loss = 1.047056, source_hit@10 = 0.1068, source_ndcg@10 = 0.0555, target_hit@10 = 0.0942, target_ndcg@10 = 0.0462

2024-08-04 04:37:23.667051: step 16807/27440 (epoch 49/80), loss = 1.043068 (98.329 sec/epoch), lr: 0.001132
Evaluating on dev set...
..................................................................
source: 	 mrr: 0.054202	 ndcg_5: 0.0433	 ndcg_10: 0.0599	 hit@1:0.022814	 hit@5:0.0653	 hit@10: 0.1172
target: 	 mrr: 0.045396	 ndcg_5: 0.0371	 ndcg_10: 0.0482	 hit@1:0.014489	 hit@5:0.0588	 hit@10: 0.0936
epoch 49: train_loss = 1.043068, source_hit@10 = 0.1172, source_ndcg@10 = 0.0599, target_hit@10 = 0.0936, target_ndcg@10 = 0.0482

2024-08-04 04:39:04.766045: step 17150/27440 (epoch 50/80), loss = 1.043047 (99.891 sec/epoch), lr: 0.001132
Evaluating on dev set...
..................................................................
source: 	 mrr: 0.055688	 ndcg_5: 0.0461	 ndcg_10: 0.0591	 hit@1:0.021546	 hit@5:0.0700	 hit@10: 0.1106
target: 	 mrr: 0.047116	 ndcg_5: 0.0389	 ndcg_10: 0.0519	 hit@1:0.015882	 hit@5:0.0627	 hit@10: 0.1028
target best!
...................................target: 	 mrr: 0.045522	 ndcg_5: 0.0377	 ndcg_10: 0.0504	 hit@1:0.013536	 hit@5:0.0623	 hit@10: 0.1018
epoch 50: train_loss = 1.043047, source_hit@10 = 0.1106, source_ndcg@10 = 0.0591, target_hit@10 = 0.1018, target_ndcg@10 = 0.0504
new best model saved.

2024-08-04 04:40:45.985330: step 17493/27440 (epoch 51/80), loss = 1.042789 (99.269 sec/epoch), lr: 0.001132
Evaluating on dev set...
..................................................................
source: 	 mrr: 0.041060	 ndcg_5: 0.0331	 ndcg_10: 0.0429	 hit@1:0.013942	 hit@5:0.0526	 hit@10: 0.0833
target: 	 mrr: 0.043321	 ndcg_5: 0.0350	 ndcg_10: 0.0474	 hit@1:0.013374	 hit@5:0.0577	 hit@10: 0.0961
epoch 51: train_loss = 1.042789, source_hit@10 = 0.0833, source_ndcg@10 = 0.0429, target_hit@10 = 0.0961, target_ndcg@10 = 0.0474

2024-08-04 04:42:25.752644: step 17836/27440 (epoch 52/80), loss = 1.036253 (98.564 sec/epoch), lr: 0.001075
Evaluating on dev set...
..................................................................
source: 	 mrr: 0.042246	 ndcg_5: 0.0334	 ndcg_10: 0.0441	 hit@1:0.014259	 hit@5:0.0532	 hit@10: 0.0868
target: 	 mrr: 0.042048	 ndcg_5: 0.0328	 ndcg_10: 0.0472	 hit@1:0.013653	 hit@5:0.0524	 hit@10: 0.0975
epoch 52: train_loss = 1.036253, source_hit@10 = 0.0868, source_ndcg@10 = 0.0441, target_hit@10 = 0.0975, target_ndcg@10 = 0.0472

2024-08-04 04:44:07.055997: step 18179/27440 (epoch 53/80), loss = 1.032588 (100.113 sec/epoch), lr: 0.001022
Evaluating on dev set...
..................................................................
source: 	 mrr: 0.045944	 ndcg_5: 0.0372	 ndcg_10: 0.0469	 hit@1:0.019011	 hit@5:0.0548	 hit@10: 0.0849
target: 	 mrr: 0.042849	 ndcg_5: 0.0346	 ndcg_10: 0.0470	 hit@1:0.012538	 hit@5:0.0571	 hit@10: 0.0958
epoch 53: train_loss = 1.032588, source_hit@10 = 0.0849, source_ndcg@10 = 0.0469, target_hit@10 = 0.0958, target_ndcg@10 = 0.0470

2024-08-04 04:45:47.292259: step 18522/27440 (epoch 54/80), loss = 1.030379 (99.051 sec/epoch), lr: 0.001022
Evaluating on dev set...
..................................................................
source: 	 mrr: 0.043848	 ndcg_5: 0.0347	 ndcg_10: 0.0465	 hit@1:0.016793	 hit@5:0.0539	 hit@10: 0.0906
target: 	 mrr: 0.047915	 ndcg_5: 0.0395	 ndcg_10: 0.0521	 hit@1:0.016996	 hit@5:0.0624	 hit@10: 0.1014
target best!
...................................target: 	 mrr: 0.047970	 ndcg_5: 0.0396	 ndcg_10: 0.0529	 hit@1:0.018049	 hit@5:0.0635	 hit@10: 0.1049
epoch 54: train_loss = 1.030379, source_hit@10 = 0.0906, source_ndcg@10 = 0.0465, target_hit@10 = 0.1049, target_ndcg@10 = 0.0529

2024-08-04 04:47:28.546151: step 18865/27440 (epoch 55/80), loss = 1.027062 (99.366 sec/epoch), lr: 0.001022
Evaluating on dev set...
..................................................................
source: 	 mrr: 0.044589	 ndcg_5: 0.0352	 ndcg_10: 0.0479	 hit@1:0.014575	 hit@5:0.0564	 hit@10: 0.0963
target: 	 mrr: 0.036404	 ndcg_5: 0.0279	 ndcg_10: 0.0373	 hit@1:0.012260	 hit@5:0.0440	 hit@10: 0.0730
epoch 55: train_loss = 1.027062, source_hit@10 = 0.0963, source_ndcg@10 = 0.0479, target_hit@10 = 0.0730, target_ndcg@10 = 0.0373

2024-08-04 04:49:11.463987: step 19208/27440 (epoch 56/80), loss = 1.023268 (101.719 sec/epoch), lr: 0.000971
Evaluating on dev set...
..................................................................
source: 	 mrr: 0.047994	 ndcg_5: 0.0377	 ndcg_10: 0.0505	 hit@1:0.019011	 hit@5:0.0564	 hit@10: 0.0963
target: 	 mrr: 0.042045	 ndcg_5: 0.0339	 ndcg_10: 0.0457	 hit@1:0.011981	 hit@5:0.0552	 hit@10: 0.0919
epoch 56: train_loss = 1.023268, source_hit@10 = 0.0963, source_ndcg@10 = 0.0505, target_hit@10 = 0.0919, target_ndcg@10 = 0.0457

2024-08-04 04:51:01.440113: step 19551/27440 (epoch 57/80), loss = 1.020912 (108.780 sec/epoch), lr: 0.000971
Evaluating on dev set...
..................................................................
source: 	 mrr: 0.055526	 ndcg_5: 0.0458	 ndcg_10: 0.0607	 hit@1:0.023764	 hit@5:0.0681	 hit@10: 0.1147
target: 	 mrr: 0.041208	 ndcg_5: 0.0330	 ndcg_10: 0.0442	 hit@1:0.012817	 hit@5:0.0541	 hit@10: 0.0889
epoch 57: train_loss = 1.020912, source_hit@10 = 0.1147, source_ndcg@10 = 0.0607, target_hit@10 = 0.0889, target_ndcg@10 = 0.0442

2024-08-04 04:52:45.327172: step 19894/27440 (epoch 58/80), loss = 1.017318 (102.348 sec/epoch), lr: 0.000971
Evaluating on dev set...
..................................................................
source: 	 mrr: 0.040238	 ndcg_5: 0.0321	 ndcg_10: 0.0414	 hit@1:0.013942	 hit@5:0.0497	 hit@10: 0.0786
target: 	 mrr: 0.046410	 ndcg_5: 0.0384	 ndcg_10: 0.0498	 hit@1:0.015325	 hit@5:0.0602	 hit@10: 0.0958
epoch 58: train_loss = 1.017318, source_hit@10 = 0.0786, source_ndcg@10 = 0.0414, target_hit@10 = 0.0958, target_ndcg@10 = 0.0498

2024-08-04 04:54:31.306761: step 20237/27440 (epoch 59/80), loss = 1.011246 (104.787 sec/epoch), lr: 0.000922
Evaluating on dev set...
..................................................................
source: 	 mrr: 0.034669	 ndcg_5: 0.0248	 ndcg_10: 0.0338	 hit@1:0.010773	 hit@5:0.0399	 hit@10: 0.0681
target: 	 mrr: 0.043846	 ndcg_5: 0.0355	 ndcg_10: 0.0480	 hit@1:0.014210	 hit@5:0.0580	 hit@10: 0.0967
epoch 59: train_loss = 1.011246, source_hit@10 = 0.0681, source_ndcg@10 = 0.0338, target_hit@10 = 0.0967, target_ndcg@10 = 0.0480

2024-08-04 04:56:20.438547: step 20580/27440 (epoch 60/80), loss = 1.007914 (107.581 sec/epoch), lr: 0.000876
Evaluating on dev set...
..................................................................
source: 	 mrr: 0.045681	 ndcg_5: 0.0376	 ndcg_10: 0.0474	 hit@1:0.017744	 hit@5:0.0577	 hit@10: 0.0881
target: 	 mrr: 0.042269	 ndcg_5: 0.0337	 ndcg_10: 0.0446	 hit@1:0.014767	 hit@5:0.0532	 hit@10: 0.0872
epoch 60: train_loss = 1.007914, source_hit@10 = 0.0881, source_ndcg@10 = 0.0474, target_hit@10 = 0.0872, target_ndcg@10 = 0.0446

2024-08-04 04:58:01.552723: step 20923/27440 (epoch 61/80), loss = 1.002537 (99.588 sec/epoch), lr: 0.000876
Evaluating on dev set...
..................................................................
source: 	 mrr: 0.043172	 ndcg_5: 0.0356	 ndcg_10: 0.0440	 hit@1:0.015209	 hit@5:0.0561	 hit@10: 0.0827
target: 	 mrr: 0.044140	 ndcg_5: 0.0363	 ndcg_10: 0.0459	 hit@1:0.017275	 hit@5:0.0552	 hit@10: 0.0853
epoch 61: train_loss = 1.002537, source_hit@10 = 0.0827, source_ndcg@10 = 0.0440, target_hit@10 = 0.0853, target_ndcg@10 = 0.0459

2024-08-04 04:59:42.120097: step 21266/27440 (epoch 62/80), loss = 0.999155 (99.367 sec/epoch), lr: 0.000832
Evaluating on dev set...
..................................................................
source: 	 mrr: 0.049948	 ndcg_5: 0.0420	 ndcg_10: 0.0531	 hit@1:0.019962	 hit@5:0.0634	 hit@10: 0.0982
target: 	 mrr: 0.046787	 ndcg_5: 0.0368	 ndcg_10: 0.0500	 hit@1:0.017275	 hit@5:0.0563	 hit@10: 0.0978
epoch 62: train_loss = 0.999155, source_hit@10 = 0.0982, source_ndcg@10 = 0.0531, target_hit@10 = 0.0978, target_ndcg@10 = 0.0500

2024-08-04 05:01:22.295667: step 21609/27440 (epoch 63/80), loss = 0.994965 (98.943 sec/epoch), lr: 0.000832
Evaluating on dev set...
..................................................................
source: 	 mrr: 0.046768	 ndcg_5: 0.0369	 ndcg_10: 0.0480	 hit@1:0.019645	 hit@5:0.0539	 hit@10: 0.0881
target: 	 mrr: 0.046290	 ndcg_5: 0.0376	 ndcg_10: 0.0485	 hit@1:0.018390	 hit@5:0.0566	 hit@10: 0.0908
epoch 63: train_loss = 0.994965, source_hit@10 = 0.0881, source_ndcg@10 = 0.0480, target_hit@10 = 0.0908, target_ndcg@10 = 0.0485

2024-08-04 05:03:12.560212: step 21952/27440 (epoch 64/80), loss = 0.989550 (109.086 sec/epoch), lr: 0.000791
Evaluating on dev set...
..................................................................
source: 	 mrr: 0.030998	 ndcg_5: 0.0218	 ndcg_10: 0.0296	 hit@1:0.010139	 hit@5:0.0336	 hit@10: 0.0580
target: 	 mrr: 0.046335	 ndcg_5: 0.0379	 ndcg_10: 0.0490	 hit@1:0.016439	 hit@5:0.0588	 hit@10: 0.0939
epoch 64: train_loss = 0.989550, source_hit@10 = 0.0580, source_ndcg@10 = 0.0296, target_hit@10 = 0.0939, target_ndcg@10 = 0.0490

2024-08-04 05:05:19.584694: step 22295/27440 (epoch 65/80), loss = 0.984873 (125.359 sec/epoch), lr: 0.000751
Evaluating on dev set...
..................................................................
source: 	 mrr: 0.045479	 ndcg_5: 0.0371	 ndcg_10: 0.0483	 hit@1:0.017110	 hit@5:0.0577	 hit@10: 0.0928
target: 	 mrr: 0.047206	 ndcg_5: 0.0399	 ndcg_10: 0.0506	 hit@1:0.017275	 hit@5:0.0627	 hit@10: 0.0961
epoch 65: train_loss = 0.984873, source_hit@10 = 0.0928, source_ndcg@10 = 0.0483, target_hit@10 = 0.0961, target_ndcg@10 = 0.0506

2024-08-04 05:07:20.138400: step 22638/27440 (epoch 66/80), loss = 0.979095 (118.914 sec/epoch), lr: 0.000751
Evaluating on dev set...
..................................................................
source: 	 mrr: 0.048796	 ndcg_5: 0.0391	 ndcg_10: 0.0524	 hit@1:0.019011	 hit@5:0.0599	 hit@10: 0.1014
target: 	 mrr: 0.045357	 ndcg_5: 0.0367	 ndcg_10: 0.0491	 hit@1:0.015603	 hit@5:0.0580	 hit@10: 0.0964
epoch 66: train_loss = 0.979095, source_hit@10 = 0.1014, source_ndcg@10 = 0.0524, target_hit@10 = 0.0964, target_ndcg@10 = 0.0491

2024-08-04 05:08:59.978851: step 22981/27440 (epoch 67/80), loss = 0.977179 (98.320 sec/epoch), lr: 0.000751
Evaluating on dev set...
..................................................................
source: 	 mrr: 0.040711	 ndcg_5: 0.0320	 ndcg_10: 0.0427	 hit@1:0.012674	 hit@5:0.0520	 hit@10: 0.0852
target: 	 mrr: 0.046162	 ndcg_5: 0.0372	 ndcg_10: 0.0517	 hit@1:0.015046	 hit@5:0.0610	 hit@10: 0.1062
epoch 67: train_loss = 0.977179, source_hit@10 = 0.0852, source_ndcg@10 = 0.0427, target_hit@10 = 0.1062, target_ndcg@10 = 0.0517

2024-08-04 05:10:37.766750: step 23324/27440 (epoch 68/80), loss = 0.973812 (96.630 sec/epoch), lr: 0.000713
Evaluating on dev set...
..................................................................
source: 	 mrr: 0.038122	 ndcg_5: 0.0284	 ndcg_10: 0.0403	 hit@1:0.012041	 hit@5:0.0453	 hit@10: 0.0821
target: 	 mrr: 0.045869	 ndcg_5: 0.0374	 ndcg_10: 0.0508	 hit@1:0.015325	 hit@5:0.0605	 hit@10: 0.1020
epoch 68: train_loss = 0.973812, source_hit@10 = 0.0821, source_ndcg@10 = 0.0403, target_hit@10 = 0.1020, target_ndcg@10 = 0.0508

2024-08-04 05:12:15.881883: step 23667/27440 (epoch 69/80), loss = 0.970734 (96.934 sec/epoch), lr: 0.000678
Evaluating on dev set...
..................................................................
source: 	 mrr: 0.048540	 ndcg_5: 0.0412	 ndcg_10: 0.0513	 hit@1:0.017744	 hit@5:0.0650	 hit@10: 0.0966
target: 	 mrr: 0.046426	 ndcg_5: 0.0384	 ndcg_10: 0.0509	 hit@1:0.015882	 hit@5:0.0621	 hit@10: 0.1011
epoch 69: train_loss = 0.970734, source_hit@10 = 0.0966, source_ndcg@10 = 0.0513, target_hit@10 = 0.1011, target_ndcg@10 = 0.0509

2024-08-04 05:13:54.825894: step 24010/27440 (epoch 70/80), loss = 0.970360 (97.797 sec/epoch), lr: 0.000678
Evaluating on dev set...
..................................................................
source: 	 mrr: 0.048602	 ndcg_5: 0.0393	 ndcg_10: 0.0499	 hit@1:0.020913	 hit@5:0.0583	 hit@10: 0.0909
target: 	 mrr: 0.046742	 ndcg_5: 0.0380	 ndcg_10: 0.0497	 hit@1:0.018668	 hit@5:0.0568	 hit@10: 0.0933
epoch 70: train_loss = 0.970360, source_hit@10 = 0.0909, source_ndcg@10 = 0.0499, target_hit@10 = 0.0933, target_ndcg@10 = 0.0497

2024-08-04 05:15:33.214262: step 24353/27440 (epoch 71/80), loss = 0.966800 (97.228 sec/epoch), lr: 0.000678
Evaluating on dev set...
..................................................................
source: 	 mrr: 0.044751	 ndcg_5: 0.0366	 ndcg_10: 0.0455	 hit@1:0.017427	 hit@5:0.0558	 hit@10: 0.0833
target: 	 mrr: 0.044860	 ndcg_5: 0.0371	 ndcg_10: 0.0503	 hit@1:0.013653	 hit@5:0.0610	 hit@10: 0.1025
epoch 71: train_loss = 0.966800, source_hit@10 = 0.0833, source_ndcg@10 = 0.0455, target_hit@10 = 0.1025, target_ndcg@10 = 0.0503

2024-08-04 05:17:11.158834: step 24696/27440 (epoch 72/80), loss = 0.966171 (96.794 sec/epoch), lr: 0.000644
Evaluating on dev set...
..................................................................
source: 	 mrr: 0.052572	 ndcg_5: 0.0449	 ndcg_10: 0.0557	 hit@1:0.021546	 hit@5:0.0684	 hit@10: 0.1020
target: 	 mrr: 0.046829	 ndcg_5: 0.0390	 ndcg_10: 0.0503	 hit@1:0.016160	 hit@5:0.0607	 hit@10: 0.0961
epoch 72: train_loss = 0.966171, source_hit@10 = 0.1020, source_ndcg@10 = 0.0557, target_hit@10 = 0.0961, target_ndcg@10 = 0.0503

2024-08-04 05:18:48.987441: step 25039/27440 (epoch 73/80), loss = 0.961826 (96.669 sec/epoch), lr: 0.000644
Evaluating on dev set...
..................................................................
source: 	 mrr: 0.045905	 ndcg_5: 0.0379	 ndcg_10: 0.0476	 hit@1:0.017744	 hit@5:0.0583	 hit@10: 0.0884
target: 	 mrr: 0.047456	 ndcg_5: 0.0394	 ndcg_10: 0.0498	 hit@1:0.018111	 hit@5:0.0605	 hit@10: 0.0922
epoch 73: train_loss = 0.961826, source_hit@10 = 0.0884, source_ndcg@10 = 0.0476, target_hit@10 = 0.0922, target_ndcg@10 = 0.0498

2024-08-04 05:20:27.192660: step 25382/27440 (epoch 74/80), loss = 0.960251 (97.028 sec/epoch), lr: 0.000612
Evaluating on dev set...
..................................................................
source: 	 mrr: 0.049290	 ndcg_5: 0.0393	 ndcg_10: 0.0517	 hit@1:0.019962	 hit@5:0.0574	 hit@10: 0.0960
target: 	 mrr: 0.049026	 ndcg_5: 0.0413	 ndcg_10: 0.0530	 hit@1:0.020340	 hit@5:0.0635	 hit@10: 0.1006
target best!
...................................target: 	 mrr: 0.047934	 ndcg_5: 0.0406	 ndcg_10: 0.0535	 hit@1:0.016920	 hit@5:0.0646	 hit@10: 0.1046
epoch 74: train_loss = 0.960251, source_hit@10 = 0.0960, source_ndcg@10 = 0.0517, target_hit@10 = 0.1046, target_ndcg@10 = 0.0535

2024-08-04 05:22:05.731021: step 25725/27440 (epoch 75/80), loss = 0.957919 (96.793 sec/epoch), lr: 0.000612
Evaluating on dev set...
..................................................................
source: 	 mrr: 0.045002	 ndcg_5: 0.0371	 ndcg_10: 0.0468	 hit@1:0.017427	 hit@5:0.0558	 hit@10: 0.0859
target: 	 mrr: 0.046921	 ndcg_5: 0.0390	 ndcg_10: 0.0516	 hit@1:0.016160	 hit@5:0.0610	 hit@10: 0.1000
epoch 75: train_loss = 0.957919, source_hit@10 = 0.0859, source_ndcg@10 = 0.0468, target_hit@10 = 0.1000, target_ndcg@10 = 0.0516

2024-08-04 05:23:44.281323: step 26068/27440 (epoch 76/80), loss = 0.955115 (97.375 sec/epoch), lr: 0.000581
Evaluating on dev set...
..................................................................
source: 	 mrr: 0.041698	 ndcg_5: 0.0338	 ndcg_10: 0.0420	 hit@1:0.014892	 hit@5:0.0513	 hit@10: 0.0770
target: 	 mrr: 0.043406	 ndcg_5: 0.0375	 ndcg_10: 0.0492	 hit@1:0.012260	 hit@5:0.0632	 hit@10: 0.1009
epoch 76: train_loss = 0.955115, source_hit@10 = 0.0770, source_ndcg@10 = 0.0420, target_hit@10 = 0.1009, target_ndcg@10 = 0.0492

2024-08-04 05:25:28.194269: step 26411/27440 (epoch 77/80), loss = 0.951722 (102.587 sec/epoch), lr: 0.000552
Evaluating on dev set...
..................................................................
source: 	 mrr: 0.051887	 ndcg_5: 0.0440	 ndcg_10: 0.0554	 hit@1:0.019645	 hit@5:0.0681	 hit@10: 0.1039
target: 	 mrr: 0.048722	 ndcg_5: 0.0410	 ndcg_10: 0.0533	 hit@1:0.018390	 hit@5:0.0635	 hit@10: 0.1017
epoch 77: train_loss = 0.951722, source_hit@10 = 0.1039, source_ndcg@10 = 0.0554, target_hit@10 = 0.1017, target_ndcg@10 = 0.0533

2024-08-04 05:27:15.235804: step 26754/27440 (epoch 78/80), loss = 0.950297 (105.764 sec/epoch), lr: 0.000552
Evaluating on dev set...
..................................................................
source: 	 mrr: 0.039649	 ndcg_5: 0.0306	 ndcg_10: 0.0413	 hit@1:0.013308	 hit@5:0.0478	 hit@10: 0.0814
target: 	 mrr: 0.045467	 ndcg_5: 0.0383	 ndcg_10: 0.0502	 hit@1:0.014767	 hit@5:0.0616	 hit@10: 0.0986
epoch 78: train_loss = 0.950297, source_hit@10 = 0.0814, source_ndcg@10 = 0.0413, target_hit@10 = 0.0986, target_ndcg@10 = 0.0502

2024-08-04 05:29:02.173592: step 27097/27440 (epoch 79/80), loss = 0.950784 (105.694 sec/epoch), lr: 0.000524
Evaluating on dev set...
..................................................................
source: 	 mrr: 0.047002	 ndcg_5: 0.0392	 ndcg_10: 0.0485	 hit@1:0.017744	 hit@5:0.0599	 hit@10: 0.0887
target: 	 mrr: 0.048171	 ndcg_5: 0.0405	 ndcg_10: 0.0530	 hit@1:0.018390	 hit@5:0.0635	 hit@10: 0.1025
epoch 79: train_loss = 0.950784, source_hit@10 = 0.0887, source_ndcg@10 = 0.0485, target_hit@10 = 0.1025, target_ndcg@10 = 0.0530

2024-08-04 05:30:46.930010: step 27440/27440 (epoch 80/80), loss = 0.946036 (103.392 sec/epoch), lr: 0.000524
Evaluating on dev set...
..................................................................
source: 	 mrr: 0.039031	 ndcg_5: 0.0305	 ndcg_10: 0.0395	 hit@1:0.014259	 hit@5:0.0472	 hit@10: 0.0748
target: 	 mrr: 0.049195	 ndcg_5: 0.0399	 ndcg_10: 0.0527	 hit@1:0.020340	 hit@5:0.0591	 hit@10: 0.0989
target best!
...................................target: 	 mrr: 0.046490	 ndcg_5: 0.0397	 ndcg_10: 0.0507	 hit@1:0.015228	 hit@5:0.0646	 hit@10: 0.0990
epoch 80: train_loss = 0.946036, source_hit@10 = 0.0748, source_ndcg@10 = 0.0395, target_hit@10 = 0.0990, target_ndcg@10 = 0.0507

