nohup: ignoring input
using gpu:3 to train the model
using gpu:3 to train the model
cuda:3
Namespace(A_split=False, JK='sum', a_fold=100, aggregate=False, alpha=0.5, batch_size=1024, beta_inter=0.45, conv_layers=4, cuda=True, decay_epoch=10, device=device(type='cuda', index=3), device_id='3', domains='cloth_sport', dropout=0.5, epoch=80, feature_dim=126, hidden_dim=126, inter_tau=0.2, intra_tau=1, lambda_critic=0.4, leakey=0.05, load=False, log='logs.txt', log_epoch=1, lr=0.004, lr_decay=0.95, min_epoch=50, mode='train', model_file=None, model_name='cs', momentum=0.98, num_latent_factors=3, num_negative=100, optim='adam', patience=20, proj_layers=1, projection=1, rectify_epoch=30, residual=1, save=False, save_dir='./saved_models', seed=32, similarity_tau=0.1, test_sample_number=999, user_batch_size=256, weight_decay=0.0002)
number_user 41829
number_item 17943
/home/disk2/lhr/invariantCDR/invariantCDR/utils/GraphMaker.py:46: RuntimeWarning: divide by zero encountered in power
  r_inv = np.power(rowsum, -1).flatten()
real graph loaded!
number_user 27328
number_item 12655
real graph loaded!
graph loaded!
Loading data from cloth_sport with batch size 1024...
unseen test: 0
test length: 3156
unseen test: 0
test length: 3085
unseen test: 0
test length: 3589
unseen test: 0
test length: 3546
source_user_num 41829
target_user_num 27328
source_item_num 17943
target_item_num 12655
shared users id: 7857
test users 990, 982
unseen test: 0
dev length: 1000
unseen test: 0
dev length: 1000
source train data : 187880, target train data: 163291, source test data : 3085, target test data : 3546, source dev data : 1000, target dev data : 1000
2024-08-07 02:08:48.065536: step 343/27440 (epoch 1/80), loss = 1.453318 (179.940 sec/epoch), lr: 0.004000
Evaluating on dev set...
..................................................................
source: 	 mrr: 0.041132	 ndcg_5: 0.0326	 ndcg_10: 0.0435	 hit@1:0.014259	 hit@5:0.0510	 hit@10: 0.0849
target: 	 mrr: 0.028307	 ndcg_5: 0.0212	 ndcg_10: 0.0288	 hit@1:0.008080	 hit@5:0.0351	 hit@10: 0.0588
source best!
..............................
source: 	 mrr: 0.038794	 ndcg_5: 0.0298	 ndcg_10: 0.0401	 hit@1:0.015235	 hit@5:0.0447	 hit@10: 0.0771
target best!
...................................target: 	 mrr: 0.027990	 ndcg_5: 0.0204	 ndcg_10: 0.0283	 hit@1:0.007050	 hit@5:0.0347	 hit@10: 0.0592
epoch 1: train_loss = 1.453318, source_hit@10 = 0.0771, source_ndcg@10 = 0.0401, target_hit@10 = 0.0592, target_ndcg@10 = 0.0283

2024-08-07 02:11:23.763822: step 686/27440 (epoch 2/80), loss = 1.306539 (152.879 sec/epoch), lr: 0.004000
Evaluating on dev set...
..................................................................
source: 	 mrr: 0.046321	 ndcg_5: 0.0391	 ndcg_10: 0.0502	 hit@1:0.016793	 hit@5:0.0618	 hit@10: 0.0966
target: 	 mrr: 0.029343	 ndcg_5: 0.0203	 ndcg_10: 0.0298	 hit@1:0.007244	 hit@5:0.0337	 hit@10: 0.0632
source best!
..............................
source: 	 mrr: 0.042976	 ndcg_5: 0.0334	 ndcg_10: 0.0448	 hit@1:0.017180	 hit@5:0.0493	 hit@10: 0.0849
target best!
...................................target: 	 mrr: 0.033632	 ndcg_5: 0.0259	 ndcg_10: 0.0338	 hit@1:0.012408	 hit@5:0.0400	 hit@10: 0.0646
epoch 2: train_loss = 1.306539, source_hit@10 = 0.0849, source_ndcg@10 = 0.0448, target_hit@10 = 0.0646, target_ndcg@10 = 0.0338
new best model saved.

2024-08-07 02:14:28.818884: step 1029/27440 (epoch 3/80), loss = 1.289094 (181.801 sec/epoch), lr: 0.004000
Evaluating on dev set...
..................................................................
source: 	 mrr: 0.043793	 ndcg_5: 0.0351	 ndcg_10: 0.0460	 hit@1:0.015209	 hit@5:0.0554	 hit@10: 0.0894
target: 	 mrr: 0.020966	 ndcg_5: 0.0150	 ndcg_10: 0.0203	 hit@1:0.005015	 hit@5:0.0251	 hit@10: 0.0418
epoch 3: train_loss = 1.289094, source_hit@10 = 0.0894, source_ndcg@10 = 0.0460, target_hit@10 = 0.0418, target_ndcg@10 = 0.0203

2024-08-07 02:19:25.296221: step 1372/27440 (epoch 4/80), loss = 1.267441 (287.824 sec/epoch), lr: 0.004000
Evaluating on dev set...
..................................................................
source: 	 mrr: 0.036135	 ndcg_5: 0.0282	 ndcg_10: 0.0381	 hit@1:0.010773	 hit@5:0.0453	 hit@10: 0.0760
target: 	 mrr: 0.030185	 ndcg_5: 0.0229	 ndcg_10: 0.0295	 hit@1:0.009473	 hit@5:0.0365	 hit@10: 0.0571
target best!
...................................target: 	 mrr: 0.027939	 ndcg_5: 0.0205	 ndcg_10: 0.0286	 hit@1:0.005922	 hit@5:0.0350	 hit@10: 0.0601
epoch 4: train_loss = 1.267441, source_hit@10 = 0.0760, source_ndcg@10 = 0.0381, target_hit@10 = 0.0601, target_ndcg@10 = 0.0286
new best model saved.

2024-08-07 02:28:29.036298: step 1715/27440 (epoch 5/80), loss = 1.252463 (532.287 sec/epoch), lr: 0.004000
Evaluating on dev set...
..................................................................
source: 	 mrr: 0.042667	 ndcg_5: 0.0336	 ndcg_10: 0.0464	 hit@1:0.013308	 hit@5:0.0535	 hit@10: 0.0928
target: 	 mrr: 0.028918	 ndcg_5: 0.0221	 ndcg_10: 0.0291	 hit@1:0.009752	 hit@5:0.0343	 hit@10: 0.0563
epoch 5: train_loss = 1.252463, source_hit@10 = 0.0928, source_ndcg@10 = 0.0464, target_hit@10 = 0.0563, target_ndcg@10 = 0.0291

2024-08-07 02:36:33.394402: step 2058/27440 (epoch 6/80), loss = 1.244743 (476.256 sec/epoch), lr: 0.004000
Evaluating on dev set...
..................................................................
source: 	 mrr: 0.039268	 ndcg_5: 0.0307	 ndcg_10: 0.0404	 hit@1:0.013625	 hit@5:0.0478	 hit@10: 0.0776
target: 	 mrr: 0.032218	 ndcg_5: 0.0224	 ndcg_10: 0.0333	 hit@1:0.007244	 hit@5:0.0373	 hit@10: 0.0708
target best!
...................................target: 	 mrr: 0.033423	 ndcg_5: 0.0236	 ndcg_10: 0.0328	 hit@1:0.010716	 hit@5:0.0361	 hit@10: 0.0649
epoch 6: train_loss = 1.244743, source_hit@10 = 0.0776, source_ndcg@10 = 0.0404, target_hit@10 = 0.0649, target_ndcg@10 = 0.0328
new best model saved.

2024-08-07 02:45:04.529929: step 2401/27440 (epoch 7/80), loss = 1.239906 (501.647 sec/epoch), lr: 0.004000
Evaluating on dev set...
..................................................................
source: 	 mrr: 0.041414	 ndcg_5: 0.0325	 ndcg_10: 0.0437	 hit@1:0.013308	 hit@5:0.0516	 hit@10: 0.0868
target: 	 mrr: 0.031941	 ndcg_5: 0.0228	 ndcg_10: 0.0314	 hit@1:0.008916	 hit@5:0.0371	 hit@10: 0.0641
epoch 7: train_loss = 1.239906, source_hit@10 = 0.0868, source_ndcg@10 = 0.0437, target_hit@10 = 0.0641, target_ndcg@10 = 0.0314

2024-08-07 02:53:20.195709: step 2744/27440 (epoch 8/80), loss = 1.237633 (487.786 sec/epoch), lr: 0.004000
Evaluating on dev set...
..................................................................
source: 	 mrr: 0.035173	 ndcg_5: 0.0270	 ndcg_10: 0.0366	 hit@1:0.009506	 hit@5:0.0453	 hit@10: 0.0751
target: 	 mrr: 0.031956	 ndcg_5: 0.0232	 ndcg_10: 0.0323	 hit@1:0.009195	 hit@5:0.0382	 hit@10: 0.0666
epoch 8: train_loss = 1.237633, source_hit@10 = 0.0751, source_ndcg@10 = 0.0366, target_hit@10 = 0.0666, target_ndcg@10 = 0.0323

2024-08-07 03:01:37.660648: step 3087/27440 (epoch 9/80), loss = 1.232548 (489.643 sec/epoch), lr: 0.004000
Evaluating on dev set...
..................................................................
source: 	 mrr: 0.038278	 ndcg_5: 0.0305	 ndcg_10: 0.0391	 hit@1:0.012674	 hit@5:0.0488	 hit@10: 0.0754
target: 	 mrr: 0.027345	 ndcg_5: 0.0201	 ndcg_10: 0.0288	 hit@1:0.007244	 hit@5:0.0332	 hit@10: 0.0602
epoch 9: train_loss = 1.232548, source_hit@10 = 0.0754, source_ndcg@10 = 0.0391, target_hit@10 = 0.0602, target_ndcg@10 = 0.0288

2024-08-07 03:09:53.876638: step 3430/27440 (epoch 10/80), loss = 1.217947 (488.180 sec/epoch), lr: 0.004000
Evaluating on dev set...
..................................................................
source: 	 mrr: 0.033589	 ndcg_5: 0.0259	 ndcg_10: 0.0350	 hit@1:0.011407	 hit@5:0.0409	 hit@10: 0.0694
target: 	 mrr: 0.028903	 ndcg_5: 0.0212	 ndcg_10: 0.0301	 hit@1:0.007802	 hit@5:0.0348	 hit@10: 0.0627
epoch 10: train_loss = 1.217947, source_hit@10 = 0.0694, source_ndcg@10 = 0.0350, target_hit@10 = 0.0627, target_ndcg@10 = 0.0301

2024-08-07 03:18:03.821101: step 3773/27440 (epoch 11/80), loss = 1.207500 (482.472 sec/epoch), lr: 0.004000
Evaluating on dev set...
..................................................................
source: 	 mrr: 0.041165	 ndcg_5: 0.0339	 ndcg_10: 0.0451	 hit@1:0.012674	 hit@5:0.0574	 hit@10: 0.0925
target: 	 mrr: 0.034118	 ndcg_5: 0.0254	 ndcg_10: 0.0353	 hit@1:0.010031	 hit@5:0.0412	 hit@10: 0.0722
target best!
...................................target: 	 mrr: 0.033851	 ndcg_5: 0.0261	 ndcg_10: 0.0356	 hit@1:0.008742	 hit@5:0.0434	 hit@10: 0.0730
epoch 11: train_loss = 1.207500, source_hit@10 = 0.0925, source_ndcg@10 = 0.0451, target_hit@10 = 0.0730, target_ndcg@10 = 0.0356
new best model saved.

2024-08-07 03:26:06.910058: step 4116/27440 (epoch 12/80), loss = 1.207698 (472.565 sec/epoch), lr: 0.004000
Evaluating on dev set...
..................................................................
source: 	 mrr: 0.046392	 ndcg_5: 0.0373	 ndcg_10: 0.0487	 hit@1:0.018061	 hit@5:0.0567	 hit@10: 0.0922
target: 	 mrr: 0.030464	 ndcg_5: 0.0211	 ndcg_10: 0.0304	 hit@1:0.009195	 hit@5:0.0329	 hit@10: 0.0616
source best!
..............................
source: 	 mrr: 0.043648	 ndcg_5: 0.0358	 ndcg_10: 0.0473	 hit@1:0.014263	 hit@5:0.0564	 hit@10: 0.0921
epoch 12: train_loss = 1.207698, source_hit@10 = 0.0921, source_ndcg@10 = 0.0473, target_hit@10 = 0.0616, target_ndcg@10 = 0.0304
new best model saved.

2024-08-07 03:33:58.456772: step 4459/27440 (epoch 13/80), loss = 1.201995 (461.852 sec/epoch), lr: 0.004000
Evaluating on dev set...
..................................................................
source: 	 mrr: 0.039924	 ndcg_5: 0.0314	 ndcg_10: 0.0404	 hit@1:0.013942	 hit@5:0.0494	 hit@10: 0.0776
target: 	 mrr: 0.033253	 ndcg_5: 0.0246	 ndcg_10: 0.0337	 hit@1:0.007802	 hit@5:0.0415	 hit@10: 0.0699
epoch 13: train_loss = 1.201995, source_hit@10 = 0.0776, source_ndcg@10 = 0.0404, target_hit@10 = 0.0699, target_ndcg@10 = 0.0337

2024-08-07 03:42:08.236382: step 4802/27440 (epoch 14/80), loss = 1.194559 (483.102 sec/epoch), lr: 0.003800
Evaluating on dev set...
..................................................................
source: 	 mrr: 0.043436	 ndcg_5: 0.0349	 ndcg_10: 0.0463	 hit@1:0.013625	 hit@5:0.0561	 hit@10: 0.0916
target: 	 mrr: 0.032682	 ndcg_5: 0.0238	 ndcg_10: 0.0345	 hit@1:0.006966	 hit@5:0.0421	 hit@10: 0.0755
epoch 14: train_loss = 1.194559, source_hit@10 = 0.0916, source_ndcg@10 = 0.0463, target_hit@10 = 0.0755, target_ndcg@10 = 0.0345

2024-08-07 03:50:19.754837: step 5145/27440 (epoch 15/80), loss = 1.184179 (484.763 sec/epoch), lr: 0.003800
Evaluating on dev set...
..................................................................
source: 	 mrr: 0.039879	 ndcg_5: 0.0310	 ndcg_10: 0.0430	 hit@1:0.011090	 hit@5:0.0507	 hit@10: 0.0881
target: 	 mrr: 0.036235	 ndcg_5: 0.0282	 ndcg_10: 0.0376	 hit@1:0.010588	 hit@5:0.0465	 hit@10: 0.0758
target best!
...................................target: 	 mrr: 0.038326	 ndcg_5: 0.0294	 ndcg_10: 0.0398	 hit@1:0.011844	 hit@5:0.0468	 hit@10: 0.0792
epoch 15: train_loss = 1.184179, source_hit@10 = 0.0881, source_ndcg@10 = 0.0430, target_hit@10 = 0.0792, target_ndcg@10 = 0.0398
new best model saved.

2024-08-07 03:57:27.189726: step 5488/27440 (epoch 16/80), loss = 1.170825 (416.013 sec/epoch), lr: 0.003610
Evaluating on dev set...
..................................................................
source: 	 mrr: 0.042983	 ndcg_5: 0.0352	 ndcg_10: 0.0473	 hit@1:0.012674	 hit@5:0.0580	 hit@10: 0.0954
target: 	 mrr: 0.036156	 ndcg_5: 0.0285	 ndcg_10: 0.0383	 hit@1:0.010309	 hit@5:0.0474	 hit@10: 0.0780
epoch 16: train_loss = 1.170825, source_hit@10 = 0.0954, source_ndcg@10 = 0.0473, target_hit@10 = 0.0780, target_ndcg@10 = 0.0383

2024-08-07 04:06:29.230098: step 5831/27440 (epoch 17/80), loss = 1.163871 (536.815 sec/epoch), lr: 0.003610
Evaluating on dev set...
..................................................................
source: 	 mrr: 0.044279	 ndcg_5: 0.0363	 ndcg_10: 0.0461	 hit@1:0.014575	 hit@5:0.0589	 hit@10: 0.0894
target: 	 mrr: 0.035088	 ndcg_5: 0.0262	 ndcg_10: 0.0359	 hit@1:0.009473	 hit@5:0.0424	 hit@10: 0.0724
epoch 17: train_loss = 1.163871, source_hit@10 = 0.0894, source_ndcg@10 = 0.0461, target_hit@10 = 0.0724, target_ndcg@10 = 0.0359

2024-08-07 04:14:44.207797: step 6174/27440 (epoch 18/80), loss = 1.160886 (487.663 sec/epoch), lr: 0.003610
Evaluating on dev set...
..................................................................
source: 	 mrr: 0.048544	 ndcg_5: 0.0394	 ndcg_10: 0.0520	 hit@1:0.018378	 hit@5:0.0599	 hit@10: 0.0992
target: 	 mrr: 0.036997	 ndcg_5: 0.0281	 ndcg_10: 0.0406	 hit@1:0.010031	 hit@5:0.0460	 hit@10: 0.0853
source best!
..............................
source: 	 mrr: 0.045967	 ndcg_5: 0.0376	 ndcg_10: 0.0511	 hit@1:0.014911	 hit@5:0.0603	 hit@10: 0.1028
target best!
...................................target: 	 mrr: 0.038369	 ndcg_5: 0.0323	 ndcg_10: 0.0398	 hit@1:0.009870	 hit@5:0.0541	 hit@10: 0.0776
epoch 18: train_loss = 1.160886, source_hit@10 = 0.1028, source_ndcg@10 = 0.0511, target_hit@10 = 0.0776, target_ndcg@10 = 0.0398
new best model saved.

2024-08-07 04:16:43.556394: step 6517/27440 (epoch 19/80), loss = 1.151662 (115.481 sec/epoch), lr: 0.003610
Evaluating on dev set...
..................................................................
source: 	 mrr: 0.042746	 ndcg_5: 0.0334	 ndcg_10: 0.0461	 hit@1:0.014259	 hit@5:0.0523	 hit@10: 0.0922
target: 	 mrr: 0.038201	 ndcg_5: 0.0282	 ndcg_10: 0.0400	 hit@1:0.011424	 hit@5:0.0449	 hit@10: 0.0822
target best!
...................................target: 	 mrr: 0.039252	 ndcg_5: 0.0301	 ndcg_10: 0.0408	 hit@1:0.012408	 hit@5:0.0485	 hit@10: 0.0815
epoch 19: train_loss = 1.151662, source_hit@10 = 0.0922, source_ndcg@10 = 0.0461, target_hit@10 = 0.0815, target_ndcg@10 = 0.0408
new best model saved.

2024-08-07 04:18:36.014595: step 6860/27440 (epoch 20/80), loss = 1.144575 (109.809 sec/epoch), lr: 0.003429
Evaluating on dev set...
..................................................................
source: 	 mrr: 0.043914	 ndcg_5: 0.0363	 ndcg_10: 0.0486	 hit@1:0.011407	 hit@5:0.0605	 hit@10: 0.0985
target: 	 mrr: 0.038548	 ndcg_5: 0.0300	 ndcg_10: 0.0401	 hit@1:0.012538	 hit@5:0.0485	 hit@10: 0.0800
target best!
...................................target: 	 mrr: 0.037756	 ndcg_5: 0.0287	 ndcg_10: 0.0377	 hit@1:0.012126	 hit@5:0.0451	 hit@10: 0.0730
epoch 20: train_loss = 1.144575, source_hit@10 = 0.0985, source_ndcg@10 = 0.0486, target_hit@10 = 0.0730, target_ndcg@10 = 0.0377
new best model saved.

2024-08-07 04:20:29.710576: step 7203/27440 (epoch 21/80), loss = 1.142133 (111.257 sec/epoch), lr: 0.003429
Evaluating on dev set...
..................................................................
source: 	 mrr: 0.041867	 ndcg_5: 0.0326	 ndcg_10: 0.0444	 hit@1:0.014575	 hit@5:0.0510	 hit@10: 0.0881
target: 	 mrr: 0.037039	 ndcg_5: 0.0274	 ndcg_10: 0.0393	 hit@1:0.010867	 hit@5:0.0449	 hit@10: 0.0822
epoch 21: train_loss = 1.142133, source_hit@10 = 0.0881, source_ndcg@10 = 0.0444, target_hit@10 = 0.0822, target_ndcg@10 = 0.0393

2024-08-07 04:22:18.915282: step 7546/27440 (epoch 22/80), loss = 1.137799 (107.841 sec/epoch), lr: 0.003258
Evaluating on dev set...
..................................................................
source: 	 mrr: 0.042551	 ndcg_5: 0.0329	 ndcg_10: 0.0460	 hit@1:0.014259	 hit@5:0.0529	 hit@10: 0.0938
target: 	 mrr: 0.040875	 ndcg_5: 0.0319	 ndcg_10: 0.0433	 hit@1:0.013931	 hit@5:0.0504	 hit@10: 0.0858
target best!
...................................target: 	 mrr: 0.040725	 ndcg_5: 0.0338	 ndcg_10: 0.0435	 hit@1:0.012690	 hit@5:0.0544	 hit@10: 0.0846
epoch 22: train_loss = 1.137799, source_hit@10 = 0.0938, source_ndcg@10 = 0.0460, target_hit@10 = 0.0846, target_ndcg@10 = 0.0435
new best model saved.

2024-08-07 04:24:10.321823: step 7889/27440 (epoch 23/80), loss = 1.137711 (109.055 sec/epoch), lr: 0.003258
Evaluating on dev set...
..................................................................
source: 	 mrr: 0.047060	 ndcg_5: 0.0382	 ndcg_10: 0.0486	 hit@1:0.020913	 hit@5:0.0567	 hit@10: 0.0890
target: 	 mrr: 0.035965	 ndcg_5: 0.0278	 ndcg_10: 0.0379	 hit@1:0.013096	 hit@5:0.0426	 hit@10: 0.0744
epoch 23: train_loss = 1.137711, source_hit@10 = 0.0890, source_ndcg@10 = 0.0486, target_hit@10 = 0.0744, target_ndcg@10 = 0.0379

2024-08-07 04:25:58.592398: step 8232/27440 (epoch 24/80), loss = 1.132581 (106.882 sec/epoch), lr: 0.003095
Evaluating on dev set...
..................................................................
source: 	 mrr: 0.039338	 ndcg_5: 0.0316	 ndcg_10: 0.0413	 hit@1:0.012674	 hit@5:0.0507	 hit@10: 0.0808
target: 	 mrr: 0.037474	 ndcg_5: 0.0273	 ndcg_10: 0.0385	 hit@1:0.011981	 hit@5:0.0418	 hit@10: 0.0766
epoch 24: train_loss = 1.132581, source_hit@10 = 0.0808, source_ndcg@10 = 0.0413, target_hit@10 = 0.0766, target_ndcg@10 = 0.0385

2024-08-07 04:27:46.334691: step 8575/27440 (epoch 25/80), loss = 1.130496 (106.338 sec/epoch), lr: 0.002940
Evaluating on dev set...
..................................................................
source: 	 mrr: 0.044817	 ndcg_5: 0.0353	 ndcg_10: 0.0465	 hit@1:0.016160	 hit@5:0.0545	 hit@10: 0.0890
target: 	 mrr: 0.041463	 ndcg_5: 0.0326	 ndcg_10: 0.0440	 hit@1:0.014767	 hit@5:0.0513	 hit@10: 0.0867
target best!
...................................target: 	 mrr: 0.041108	 ndcg_5: 0.0324	 ndcg_10: 0.0430	 hit@1:0.015510	 hit@5:0.0488	 hit@10: 0.0818
epoch 25: train_loss = 1.130496, source_hit@10 = 0.0890, source_ndcg@10 = 0.0465, target_hit@10 = 0.0818, target_ndcg@10 = 0.0430
new best model saved.

2024-08-07 04:29:35.221234: step 8918/27440 (epoch 26/80), loss = 1.128122 (106.606 sec/epoch), lr: 0.002940
Evaluating on dev set...
..................................................................
source: 	 mrr: 0.041976	 ndcg_5: 0.0340	 ndcg_10: 0.0455	 hit@1:0.014892	 hit@5:0.0542	 hit@10: 0.0897
target: 	 mrr: 0.037940	 ndcg_5: 0.0289	 ndcg_10: 0.0402	 hit@1:0.012260	 hit@5:0.0460	 hit@10: 0.0808
epoch 26: train_loss = 1.128122, source_hit@10 = 0.0897, source_ndcg@10 = 0.0455, target_hit@10 = 0.0808, target_ndcg@10 = 0.0402

2024-08-07 04:31:23.251183: step 9261/27440 (epoch 27/80), loss = 1.125935 (106.701 sec/epoch), lr: 0.002793
Evaluating on dev set...
..................................................................
source: 	 mrr: 0.044816	 ndcg_5: 0.0363	 ndcg_10: 0.0486	 hit@1:0.014575	 hit@5:0.0567	 hit@10: 0.0954
target: 	 mrr: 0.036163	 ndcg_5: 0.0282	 ndcg_10: 0.0372	 hit@1:0.011145	 hit@5:0.0460	 hit@10: 0.0744
epoch 27: train_loss = 1.125935, source_hit@10 = 0.0954, source_ndcg@10 = 0.0486, target_hit@10 = 0.0744, target_ndcg@10 = 0.0372

2024-08-07 04:33:11.484950: step 9604/27440 (epoch 28/80), loss = 1.124942 (106.826 sec/epoch), lr: 0.002793
Evaluating on dev set...
..................................................................
source: 	 mrr: 0.040816	 ndcg_5: 0.0319	 ndcg_10: 0.0429	 hit@1:0.013625	 hit@5:0.0507	 hit@10: 0.0849
target: 	 mrr: 0.037179	 ndcg_5: 0.0275	 ndcg_10: 0.0379	 hit@1:0.012538	 hit@5:0.0432	 hit@10: 0.0755
epoch 28: train_loss = 1.124942, source_hit@10 = 0.0849, source_ndcg@10 = 0.0429, target_hit@10 = 0.0755, target_ndcg@10 = 0.0379

2024-08-07 04:34:58.576562: step 9947/27440 (epoch 29/80), loss = 1.122859 (105.683 sec/epoch), lr: 0.002654
Evaluating on dev set...
..................................................................
source: 	 mrr: 0.047369	 ndcg_5: 0.0379	 ndcg_10: 0.0520	 hit@1:0.014892	 hit@5:0.0602	 hit@10: 0.1039
target: 	 mrr: 0.035024	 ndcg_5: 0.0266	 ndcg_10: 0.0370	 hit@1:0.010588	 hit@5:0.0429	 hit@10: 0.0755
epoch 29: train_loss = 1.122859, source_hit@10 = 0.1039, source_ndcg@10 = 0.0520, target_hit@10 = 0.0755, target_ndcg@10 = 0.0370

2024-08-07 04:36:45.706859: step 10290/27440 (epoch 30/80), loss = 1.121322 (105.781 sec/epoch), lr: 0.002654
Evaluating on dev set...
..................................................................
source: 	 mrr: 0.043755	 ndcg_5: 0.0344	 ndcg_10: 0.0463	 hit@1:0.015843	 hit@5:0.0535	 hit@10: 0.0906
target: 	 mrr: 0.036735	 ndcg_5: 0.0271	 ndcg_10: 0.0374	 hit@1:0.011702	 hit@5:0.0424	 hit@10: 0.0750
epoch 30: train_loss = 1.121322, source_hit@10 = 0.0906, source_ndcg@10 = 0.0463, target_hit@10 = 0.0750, target_ndcg@10 = 0.0374
shift to transfer learning mode

2024-08-07 04:38:32.493419: step 10633/27440 (epoch 31/80), loss = 1.115968 (105.360 sec/epoch), lr: 0.002521
Evaluating on dev set...
..................................................................
source: 	 mrr: 0.044310	 ndcg_5: 0.0356	 ndcg_10: 0.0471	 hit@1:0.016477	 hit@5:0.0551	 hit@10: 0.0909
target: 	 mrr: 0.036626	 ndcg_5: 0.0280	 ndcg_10: 0.0391	 hit@1:0.010031	 hit@5:0.0465	 hit@10: 0.0811
epoch 31: train_loss = 1.115968, source_hit@10 = 0.0909, source_ndcg@10 = 0.0471, target_hit@10 = 0.0811, target_ndcg@10 = 0.0391

2024-08-07 04:40:18.013436: step 10976/27440 (epoch 32/80), loss = 1.117139 (104.218 sec/epoch), lr: 0.002521
Evaluating on dev set...
..................................................................
source: 	 mrr: 0.048756	 ndcg_5: 0.0394	 ndcg_10: 0.0521	 hit@1:0.019962	 hit@5:0.0593	 hit@10: 0.0985
target: 	 mrr: 0.038922	 ndcg_5: 0.0302	 ndcg_10: 0.0414	 hit@1:0.012817	 hit@5:0.0471	 hit@10: 0.0822
source best!
..............................
source: 	 mrr: 0.044779	 ndcg_5: 0.0353	 ndcg_10: 0.0485	 hit@1:0.016532	 hit@5:0.0545	 hit@10: 0.0956
epoch 32: train_loss = 1.117139, source_hit@10 = 0.0956, source_ndcg@10 = 0.0485, target_hit@10 = 0.0822, target_ndcg@10 = 0.0414
new best model saved.

2024-08-07 04:42:05.072086: step 11319/27440 (epoch 33/80), loss = 1.117792 (104.801 sec/epoch), lr: 0.002521
Evaluating on dev set...
..................................................................
source: 	 mrr: 0.043142	 ndcg_5: 0.0360	 ndcg_10: 0.0479	 hit@1:0.012357	 hit@5:0.0615	 hit@10: 0.0985
target: 	 mrr: 0.037786	 ndcg_5: 0.0288	 ndcg_10: 0.0389	 hit@1:0.011424	 hit@5:0.0451	 hit@10: 0.0763
epoch 33: train_loss = 1.117792, source_hit@10 = 0.0985, source_ndcg@10 = 0.0479, target_hit@10 = 0.0763, target_ndcg@10 = 0.0389

2024-08-07 04:43:50.676601: step 11662/27440 (epoch 34/80), loss = 1.111698 (104.334 sec/epoch), lr: 0.002395
Evaluating on dev set...
..................................................................
source: 	 mrr: 0.043319	 ndcg_5: 0.0361	 ndcg_10: 0.0475	 hit@1:0.012991	 hit@5:0.0612	 hit@10: 0.0963
target: 	 mrr: 0.041941	 ndcg_5: 0.0331	 ndcg_10: 0.0443	 hit@1:0.014767	 hit@5:0.0524	 hit@10: 0.0869
target best!
...................................target: 	 mrr: 0.041860	 ndcg_5: 0.0325	 ndcg_10: 0.0441	 hit@1:0.015792	 hit@5:0.0502	 hit@10: 0.0866
epoch 34: train_loss = 1.111698, source_hit@10 = 0.0963, source_ndcg@10 = 0.0475, target_hit@10 = 0.0866, target_ndcg@10 = 0.0441
new best model saved.

2024-08-07 04:45:38.933558: step 12005/27440 (epoch 35/80), loss = 1.113877 (105.977 sec/epoch), lr: 0.002395
Evaluating on dev set...
..................................................................
source: 	 mrr: 0.044354	 ndcg_5: 0.0361	 ndcg_10: 0.0475	 hit@1:0.012674	 hit@5:0.0593	 hit@10: 0.0947
target: 	 mrr: 0.039576	 ndcg_5: 0.0294	 ndcg_10: 0.0419	 hit@1:0.012538	 hit@5:0.0468	 hit@10: 0.0861
epoch 35: train_loss = 1.113877, source_hit@10 = 0.0947, source_ndcg@10 = 0.0475, target_hit@10 = 0.0861, target_ndcg@10 = 0.0419

2024-08-07 04:47:24.781561: step 12348/27440 (epoch 36/80), loss = 1.110514 (104.588 sec/epoch), lr: 0.002275
Evaluating on dev set...
..................................................................
source: 	 mrr: 0.046730	 ndcg_5: 0.0384	 ndcg_10: 0.0517	 hit@1:0.015526	 hit@5:0.0615	 hit@10: 0.1030
target: 	 mrr: 0.039744	 ndcg_5: 0.0307	 ndcg_10: 0.0427	 hit@1:0.011424	 hit@5:0.0493	 hit@10: 0.0867
epoch 36: train_loss = 1.110514, source_hit@10 = 0.1030, source_ndcg@10 = 0.0517, target_hit@10 = 0.0867, target_ndcg@10 = 0.0427

2024-08-07 04:49:11.240709: step 12691/27440 (epoch 37/80), loss = 1.108256 (105.151 sec/epoch), lr: 0.002275
Evaluating on dev set...
..................................................................
source: 	 mrr: 0.045627	 ndcg_5: 0.0365	 ndcg_10: 0.0505	 hit@1:0.015209	 hit@5:0.0586	 hit@10: 0.1027
target: 	 mrr: 0.038220	 ndcg_5: 0.0285	 ndcg_10: 0.0401	 hit@1:0.010031	 hit@5:0.0474	 hit@10: 0.0833
epoch 37: train_loss = 1.108256, source_hit@10 = 0.1027, source_ndcg@10 = 0.0505, target_hit@10 = 0.0833, target_ndcg@10 = 0.0401

2024-08-07 04:50:58.414123: step 13034/27440 (epoch 38/80), loss = 1.106739 (105.858 sec/epoch), lr: 0.002161
Evaluating on dev set...
..................................................................
source: 	 mrr: 0.049674	 ndcg_5: 0.0420	 ndcg_10: 0.0548	 hit@1:0.016160	 hit@5:0.0678	 hit@10: 0.1074
target: 	 mrr: 0.040541	 ndcg_5: 0.0312	 ndcg_10: 0.0425	 hit@1:0.012817	 hit@5:0.0504	 hit@10: 0.0855
source best!
..............................
source: 	 mrr: 0.047326	 ndcg_5: 0.0379	 ndcg_10: 0.0495	 hit@1:0.018152	 hit@5:0.0577	 hit@10: 0.0940
epoch 38: train_loss = 1.106739, source_hit@10 = 0.0940, source_ndcg@10 = 0.0495, target_hit@10 = 0.0855, target_ndcg@10 = 0.0425
new best model saved.

2024-08-07 04:52:46.778782: step 13377/27440 (epoch 39/80), loss = 1.106240 (106.119 sec/epoch), lr: 0.002161
Evaluating on dev set...
..................................................................
source: 	 mrr: 0.051175	 ndcg_5: 0.0441	 ndcg_10: 0.0551	 hit@1:0.018695	 hit@5:0.0694	 hit@10: 0.1033
target: 	 mrr: 0.040018	 ndcg_5: 0.0308	 ndcg_10: 0.0426	 hit@1:0.014767	 hit@5:0.0474	 hit@10: 0.0836
source best!
..............................
source: 	 mrr: 0.046652	 ndcg_5: 0.0376	 ndcg_10: 0.0499	 hit@1:0.016532	 hit@5:0.0593	 hit@10: 0.0976
epoch 39: train_loss = 1.106240, source_hit@10 = 0.0976, source_ndcg@10 = 0.0499, target_hit@10 = 0.0836, target_ndcg@10 = 0.0426
new best model saved.

2024-08-07 04:54:35.174562: step 13720/27440 (epoch 40/80), loss = 1.104493 (106.125 sec/epoch), lr: 0.002161
Evaluating on dev set...
..................................................................
source: 	 mrr: 0.050649	 ndcg_5: 0.0419	 ndcg_10: 0.0535	 hit@1:0.021863	 hit@5:0.0627	 hit@10: 0.0985
target: 	 mrr: 0.039556	 ndcg_5: 0.0302	 ndcg_10: 0.0410	 hit@1:0.011702	 hit@5:0.0485	 hit@10: 0.0819
epoch 40: train_loss = 1.104493, source_hit@10 = 0.0985, source_ndcg@10 = 0.0535, target_hit@10 = 0.0819, target_ndcg@10 = 0.0410

2024-08-07 04:56:23.564360: step 14063/27440 (epoch 41/80), loss = 1.103070 (107.061 sec/epoch), lr: 0.002053
Evaluating on dev set...
..................................................................
source: 	 mrr: 0.036796	 ndcg_5: 0.0296	 ndcg_10: 0.0385	 hit@1:0.011090	 hit@5:0.0472	 hit@10: 0.0748
target: 	 mrr: 0.036627	 ndcg_5: 0.0274	 ndcg_10: 0.0370	 hit@1:0.011424	 hit@5:0.0440	 hit@10: 0.0738
epoch 41: train_loss = 1.103070, source_hit@10 = 0.0748, source_ndcg@10 = 0.0385, target_hit@10 = 0.0738, target_ndcg@10 = 0.0370

2024-08-07 04:58:11.141243: step 14406/27440 (epoch 42/80), loss = 1.097991 (106.217 sec/epoch), lr: 0.001951
Evaluating on dev set...
..................................................................
source: 	 mrr: 0.046729	 ndcg_5: 0.0369	 ndcg_10: 0.0501	 hit@1:0.015209	 hit@5:0.0577	 hit@10: 0.0985
target: 	 mrr: 0.041456	 ndcg_5: 0.0313	 ndcg_10: 0.0433	 hit@1:0.013931	 hit@5:0.0493	 hit@10: 0.0864
epoch 42: train_loss = 1.097991, source_hit@10 = 0.0985, source_ndcg@10 = 0.0501, target_hit@10 = 0.0864, target_ndcg@10 = 0.0433

2024-08-07 04:59:59.353813: step 14749/27440 (epoch 43/80), loss = 1.096905 (106.801 sec/epoch), lr: 0.001951
Evaluating on dev set...
..................................................................
source: 	 mrr: 0.047138	 ndcg_5: 0.0381	 ndcg_10: 0.0513	 hit@1:0.016160	 hit@5:0.0612	 hit@10: 0.1023
target: 	 mrr: 0.039066	 ndcg_5: 0.0308	 ndcg_10: 0.0409	 hit@1:0.011702	 hit@5:0.0507	 hit@10: 0.0822
epoch 43: train_loss = 1.096905, source_hit@10 = 0.1023, source_ndcg@10 = 0.0513, target_hit@10 = 0.0822, target_ndcg@10 = 0.0409

2024-08-07 05:01:46.539259: step 15092/27440 (epoch 44/80), loss = 1.092426 (105.821 sec/epoch), lr: 0.001853
Evaluating on dev set...
..................................................................
source: 	 mrr: 0.045218	 ndcg_5: 0.0349	 ndcg_10: 0.0484	 hit@1:0.016477	 hit@5:0.0548	 hit@10: 0.0970
target: 	 mrr: 0.043048	 ndcg_5: 0.0344	 ndcg_10: 0.0468	 hit@1:0.015046	 hit@5:0.0543	 hit@10: 0.0931
target best!
...................................target: 	 mrr: 0.042253	 ndcg_5: 0.0342	 ndcg_10: 0.0440	 hit@1:0.015228	 hit@5:0.0530	 hit@10: 0.0835
epoch 44: train_loss = 1.092426, source_hit@10 = 0.0970, source_ndcg@10 = 0.0484, target_hit@10 = 0.0835, target_ndcg@10 = 0.0440
new best model saved.

2024-08-07 05:03:34.438341: step 15435/27440 (epoch 45/80), loss = 1.095402 (105.629 sec/epoch), lr: 0.001853
Evaluating on dev set...
..................................................................
source: 	 mrr: 0.046351	 ndcg_5: 0.0358	 ndcg_10: 0.0484	 hit@1:0.018378	 hit@5:0.0539	 hit@10: 0.0932
target: 	 mrr: 0.042324	 ndcg_5: 0.0332	 ndcg_10: 0.0449	 hit@1:0.015603	 hit@5:0.0504	 hit@10: 0.0872
epoch 45: train_loss = 1.095402, source_hit@10 = 0.0932, source_ndcg@10 = 0.0484, target_hit@10 = 0.0872, target_ndcg@10 = 0.0449

2024-08-07 05:05:21.122864: step 15778/27440 (epoch 46/80), loss = 1.092024 (105.331 sec/epoch), lr: 0.001853
Evaluating on dev set...
..................................................................
source: 	 mrr: 0.046278	 ndcg_5: 0.0375	 ndcg_10: 0.0488	 hit@1:0.016160	 hit@5:0.0586	 hit@10: 0.0935
target: 	 mrr: 0.042384	 ndcg_5: 0.0335	 ndcg_10: 0.0456	 hit@1:0.014489	 hit@5:0.0532	 hit@10: 0.0911
epoch 46: train_loss = 1.092024, source_hit@10 = 0.0935, source_ndcg@10 = 0.0488, target_hit@10 = 0.0911, target_ndcg@10 = 0.0456

2024-08-07 05:07:08.295144: step 16121/27440 (epoch 47/80), loss = 1.088314 (105.765 sec/epoch), lr: 0.001761
Evaluating on dev set...
..................................................................
source: 	 mrr: 0.051385	 ndcg_5: 0.0413	 ndcg_10: 0.0545	 hit@1:0.020913	 hit@5:0.0621	 hit@10: 0.1033
target: 	 mrr: 0.041836	 ndcg_5: 0.0329	 ndcg_10: 0.0438	 hit@1:0.015046	 hit@5:0.0513	 hit@10: 0.0853
source best!
..............................
source: 	 mrr: 0.044749	 ndcg_5: 0.0362	 ndcg_10: 0.0468	 hit@1:0.014587	 hit@5:0.0577	 hit@10: 0.0908
epoch 47: train_loss = 1.088314, source_hit@10 = 0.0908, source_ndcg@10 = 0.0468, target_hit@10 = 0.0853, target_ndcg@10 = 0.0438
new best model saved.

2024-08-07 05:08:57.196515: step 16464/27440 (epoch 48/80), loss = 1.088514 (106.568 sec/epoch), lr: 0.001761
Evaluating on dev set...
..................................................................
source: 	 mrr: 0.052843	 ndcg_5: 0.0435	 ndcg_10: 0.0565	 hit@1:0.021546	 hit@5:0.0656	 hit@10: 0.1058
target: 	 mrr: 0.043880	 ndcg_5: 0.0350	 ndcg_10: 0.0471	 hit@1:0.016160	 hit@5:0.0552	 hit@10: 0.0925
source best!
..............................
source: 	 mrr: 0.051659	 ndcg_5: 0.0432	 ndcg_10: 0.0552	 hit@1:0.020421	 hit@5:0.0658	 hit@10: 0.1031
target best!
...................................target: 	 mrr: 0.045411	 ndcg_5: 0.0375	 ndcg_10: 0.0481	 hit@1:0.016920	 hit@5:0.0575	 hit@10: 0.0908
epoch 48: train_loss = 1.088514, source_hit@10 = 0.1031, source_ndcg@10 = 0.0552, target_hit@10 = 0.0908, target_ndcg@10 = 0.0481
new best model saved.

2024-08-07 05:10:46.195606: step 16807/27440 (epoch 49/80), loss = 1.086987 (106.291 sec/epoch), lr: 0.001761
Evaluating on dev set...
..................................................................
source: 	 mrr: 0.048780	 ndcg_5: 0.0407	 ndcg_10: 0.0537	 hit@1:0.016793	 hit@5:0.0653	 hit@10: 0.1061
target: 	 mrr: 0.039530	 ndcg_5: 0.0287	 ndcg_10: 0.0404	 hit@1:0.013931	 hit@5:0.0440	 hit@10: 0.0805
epoch 49: train_loss = 1.086987, source_hit@10 = 0.1061, source_ndcg@10 = 0.0537, target_hit@10 = 0.0805, target_ndcg@10 = 0.0404

2024-08-07 05:12:32.862050: step 17150/27440 (epoch 50/80), loss = 1.084774 (105.378 sec/epoch), lr: 0.001672
Evaluating on dev set...
..................................................................
source: 	 mrr: 0.052657	 ndcg_5: 0.0428	 ndcg_10: 0.0568	 hit@1:0.020913	 hit@5:0.0650	 hit@10: 0.1084
target: 	 mrr: 0.043428	 ndcg_5: 0.0348	 ndcg_10: 0.0473	 hit@1:0.014210	 hit@5:0.0563	 hit@10: 0.0956
epoch 50: train_loss = 1.084774, source_hit@10 = 0.1084, source_ndcg@10 = 0.0568, target_hit@10 = 0.0956, target_ndcg@10 = 0.0473

2024-08-07 05:14:19.893341: step 17493/27440 (epoch 51/80), loss = 1.085949 (105.677 sec/epoch), lr: 0.001672
Evaluating on dev set...
..................................................................
source: 	 mrr: 0.048067	 ndcg_5: 0.0396	 ndcg_10: 0.0516	 hit@1:0.018378	 hit@5:0.0612	 hit@10: 0.0985
target: 	 mrr: 0.039041	 ndcg_5: 0.0306	 ndcg_10: 0.0419	 hit@1:0.013096	 hit@5:0.0482	 hit@10: 0.0841
epoch 51: train_loss = 1.085949, source_hit@10 = 0.0985, source_ndcg@10 = 0.0516, target_hit@10 = 0.0841, target_ndcg@10 = 0.0419

2024-08-07 05:16:06.372172: step 17836/27440 (epoch 52/80), loss = 1.080671 (105.183 sec/epoch), lr: 0.001589
Evaluating on dev set...
..................................................................
source: 	 mrr: 0.049615	 ndcg_5: 0.0417	 ndcg_10: 0.0528	 hit@1:0.017744	 hit@5:0.0659	 hit@10: 0.1004
target: 	 mrr: 0.043356	 ndcg_5: 0.0349	 ndcg_10: 0.0465	 hit@1:0.015882	 hit@5:0.0546	 hit@10: 0.0906
epoch 52: train_loss = 1.080671, source_hit@10 = 0.1004, source_ndcg@10 = 0.0528, target_hit@10 = 0.0906, target_ndcg@10 = 0.0465

2024-08-07 05:17:51.905022: step 18179/27440 (epoch 53/80), loss = 1.079923 (104.198 sec/epoch), lr: 0.001589
Evaluating on dev set...
..................................................................
source: 	 mrr: 0.052764	 ndcg_5: 0.0440	 ndcg_10: 0.0563	 hit@1:0.019962	 hit@5:0.0691	 hit@10: 0.1074
target: 	 mrr: 0.039981	 ndcg_5: 0.0313	 ndcg_10: 0.0419	 hit@1:0.012260	 hit@5:0.0502	 hit@10: 0.0830
epoch 53: train_loss = 1.079923, source_hit@10 = 0.1074, source_ndcg@10 = 0.0563, target_hit@10 = 0.0830, target_ndcg@10 = 0.0419

2024-08-07 05:19:39.581644: step 18522/27440 (epoch 54/80), loss = 1.076748 (106.195 sec/epoch), lr: 0.001509
Evaluating on dev set...
..................................................................
source: 	 mrr: 0.051947	 ndcg_5: 0.0424	 ndcg_10: 0.0571	 hit@1:0.019962	 hit@5:0.0650	 hit@10: 0.1106
target: 	 mrr: 0.040691	 ndcg_5: 0.0307	 ndcg_10: 0.0429	 hit@1:0.015046	 hit@5:0.0476	 hit@10: 0.0861
epoch 54: train_loss = 1.076748, source_hit@10 = 0.1106, source_ndcg@10 = 0.0571, target_hit@10 = 0.0861, target_ndcg@10 = 0.0429

2024-08-07 05:21:26.750544: step 18865/27440 (epoch 55/80), loss = 1.072563 (105.803 sec/epoch), lr: 0.001434
Evaluating on dev set...
..................................................................
source: 	 mrr: 0.043563	 ndcg_5: 0.0356	 ndcg_10: 0.0473	 hit@1:0.016160	 hit@5:0.0558	 hit@10: 0.0925
target: 	 mrr: 0.036976	 ndcg_5: 0.0276	 ndcg_10: 0.0383	 hit@1:0.011145	 hit@5:0.0440	 hit@10: 0.0772
epoch 55: train_loss = 1.072563, source_hit@10 = 0.0925, source_ndcg@10 = 0.0473, target_hit@10 = 0.0772, target_ndcg@10 = 0.0383

2024-08-07 05:23:13.706513: step 19208/27440 (epoch 56/80), loss = 1.070196 (105.639 sec/epoch), lr: 0.001362
Evaluating on dev set...
..................................................................
source: 	 mrr: 0.052595	 ndcg_5: 0.0434	 ndcg_10: 0.0582	 hit@1:0.018378	 hit@5:0.0684	 hit@10: 0.1150
target: 	 mrr: 0.044464	 ndcg_5: 0.0364	 ndcg_10: 0.0475	 hit@1:0.014767	 hit@5:0.0577	 hit@10: 0.0925
target best!
...................................target: 	 mrr: 0.043892	 ndcg_5: 0.0356	 ndcg_10: 0.0470	 hit@1:0.015228	 hit@5:0.0564	 hit@10: 0.0922
epoch 56: train_loss = 1.070196, source_hit@10 = 0.1150, source_ndcg@10 = 0.0582, target_hit@10 = 0.0922, target_ndcg@10 = 0.0470
new best model saved.

2024-08-07 05:25:02.819504: step 19551/27440 (epoch 57/80), loss = 1.069210 (106.909 sec/epoch), lr: 0.001362
Evaluating on dev set...
..................................................................
source: 	 mrr: 0.052957	 ndcg_5: 0.0441	 ndcg_10: 0.0553	 hit@1:0.022497	 hit@5:0.0656	 hit@10: 0.1004
target: 	 mrr: 0.043004	 ndcg_5: 0.0341	 ndcg_10: 0.0456	 hit@1:0.014767	 hit@5:0.0538	 hit@10: 0.0900
source best!
..............................
source: 	 mrr: 0.047091	 ndcg_5: 0.0371	 ndcg_10: 0.0492	 hit@1:0.017504	 hit@5:0.0571	 hit@10: 0.0950
epoch 57: train_loss = 1.069210, source_hit@10 = 0.0950, source_ndcg@10 = 0.0492, target_hit@10 = 0.0900, target_ndcg@10 = 0.0456
new best model saved.

2024-08-07 05:26:51.204492: step 19894/27440 (epoch 58/80), loss = 1.065019 (106.174 sec/epoch), lr: 0.001294
Evaluating on dev set...
..................................................................
source: 	 mrr: 0.055125	 ndcg_5: 0.0466	 ndcg_10: 0.0619	 hit@1:0.020913	 hit@5:0.0719	 hit@10: 0.1201
target: 	 mrr: 0.044112	 ndcg_5: 0.0353	 ndcg_10: 0.0474	 hit@1:0.015325	 hit@5:0.0557	 hit@10: 0.0933
source best!
..............................
source: 	 mrr: 0.049166	 ndcg_5: 0.0398	 ndcg_10: 0.0531	 hit@1:0.017180	 hit@5:0.0626	 hit@10: 0.1041
epoch 58: train_loss = 1.065019, source_hit@10 = 0.1041, source_ndcg@10 = 0.0531, target_hit@10 = 0.0933, target_ndcg@10 = 0.0474
new best model saved.

2024-08-07 05:28:38.837057: step 20237/27440 (epoch 59/80), loss = 1.064162 (105.483 sec/epoch), lr: 0.001294
Evaluating on dev set...
..................................................................
source: 	 mrr: 0.054481	 ndcg_5: 0.0455	 ndcg_10: 0.0594	 hit@1:0.020913	 hit@5:0.0713	 hit@10: 0.1147
target: 	 mrr: 0.043398	 ndcg_5: 0.0338	 ndcg_10: 0.0456	 hit@1:0.015046	 hit@5:0.0535	 hit@10: 0.0900
epoch 59: train_loss = 1.064162, source_hit@10 = 0.1147, source_ndcg@10 = 0.0594, target_hit@10 = 0.0900, target_ndcg@10 = 0.0456

2024-08-07 05:30:25.785285: step 20580/27440 (epoch 60/80), loss = 1.061847 (105.611 sec/epoch), lr: 0.001229
Evaluating on dev set...
..................................................................
source: 	 mrr: 0.054679	 ndcg_5: 0.0449	 ndcg_10: 0.0581	 hit@1:0.022814	 hit@5:0.0672	 hit@10: 0.1084
target: 	 mrr: 0.039670	 ndcg_5: 0.0305	 ndcg_10: 0.0417	 hit@1:0.013374	 hit@5:0.0482	 hit@10: 0.0830
epoch 60: train_loss = 1.061847, source_hit@10 = 0.1084, source_ndcg@10 = 0.0581, target_hit@10 = 0.0830, target_ndcg@10 = 0.0417

2024-08-07 05:32:12.581797: step 20923/27440 (epoch 61/80), loss = 1.057887 (105.488 sec/epoch), lr: 0.001168
Evaluating on dev set...
..................................................................
source: 	 mrr: 0.049374	 ndcg_5: 0.0398	 ndcg_10: 0.0528	 hit@1:0.017744	 hit@5:0.0618	 hit@10: 0.1027
target: 	 mrr: 0.045485	 ndcg_5: 0.0362	 ndcg_10: 0.0473	 hit@1:0.016996	 hit@5:0.0552	 hit@10: 0.0892
target best!
...................................target: 	 mrr: 0.044616	 ndcg_5: 0.0348	 ndcg_10: 0.0477	 hit@1:0.015792	 hit@5:0.0539	 hit@10: 0.0936
epoch 61: train_loss = 1.057887, source_hit@10 = 0.1027, source_ndcg@10 = 0.0528, target_hit@10 = 0.0936, target_ndcg@10 = 0.0477
new best model saved.

2024-08-07 05:34:00.838445: step 21266/27440 (epoch 62/80), loss = 1.057022 (106.046 sec/epoch), lr: 0.001168
Evaluating on dev set...
..................................................................
source: 	 mrr: 0.051535	 ndcg_5: 0.0422	 ndcg_10: 0.0545	 hit@1:0.021546	 hit@5:0.0634	 hit@10: 0.1017
target: 	 mrr: 0.042305	 ndcg_5: 0.0339	 ndcg_10: 0.0461	 hit@1:0.011145	 hit@5:0.0560	 hit@10: 0.0939
epoch 62: train_loss = 1.057022, source_hit@10 = 0.1017, source_ndcg@10 = 0.0545, target_hit@10 = 0.0939, target_ndcg@10 = 0.0461

2024-08-07 05:35:47.651652: step 21609/27440 (epoch 63/80), loss = 1.055933 (105.499 sec/epoch), lr: 0.001110
Evaluating on dev set...
..................................................................
source: 	 mrr: 0.057928	 ndcg_5: 0.0495	 ndcg_10: 0.0624	 hit@1:0.024715	 hit@5:0.0745	 hit@10: 0.1147
target: 	 mrr: 0.041884	 ndcg_5: 0.0324	 ndcg_10: 0.0445	 hit@1:0.013096	 hit@5:0.0527	 hit@10: 0.0903
source best!
..............................
source: 	 mrr: 0.054124	 ndcg_5: 0.0454	 ndcg_10: 0.0585	 hit@1:0.022690	 hit@5:0.0687	 hit@10: 0.1096
epoch 63: train_loss = 1.055933, source_hit@10 = 0.1096, source_ndcg@10 = 0.0585, target_hit@10 = 0.0903, target_ndcg@10 = 0.0445
new best model saved.

2024-08-07 05:37:35.938712: step 21952/27440 (epoch 64/80), loss = 1.051888 (106.056 sec/epoch), lr: 0.001110
Evaluating on dev set...
..................................................................
source: 	 mrr: 0.049369	 ndcg_5: 0.0390	 ndcg_10: 0.0529	 hit@1:0.018378	 hit@5:0.0599	 hit@10: 0.1030
target: 	 mrr: 0.040022	 ndcg_5: 0.0299	 ndcg_10: 0.0425	 hit@1:0.011702	 hit@5:0.0474	 hit@10: 0.0867
epoch 64: train_loss = 1.051888, source_hit@10 = 0.1030, source_ndcg@10 = 0.0529, target_hit@10 = 0.0867, target_ndcg@10 = 0.0425

2024-08-07 05:39:22.453322: step 22295/27440 (epoch 65/80), loss = 1.049399 (105.254 sec/epoch), lr: 0.001054
Evaluating on dev set...
..................................................................
source: 	 mrr: 0.044418	 ndcg_5: 0.0355	 ndcg_10: 0.0470	 hit@1:0.014892	 hit@5:0.0580	 hit@10: 0.0938
target: 	 mrr: 0.043436	 ndcg_5: 0.0359	 ndcg_10: 0.0461	 hit@1:0.015046	 hit@5:0.0577	 hit@10: 0.0897
epoch 65: train_loss = 1.049399, source_hit@10 = 0.0938, source_ndcg@10 = 0.0470, target_hit@10 = 0.0897, target_ndcg@10 = 0.0461

2024-08-07 05:41:08.443531: step 22638/27440 (epoch 66/80), loss = 1.043789 (104.568 sec/epoch), lr: 0.001001
Evaluating on dev set...
..................................................................
source: 	 mrr: 0.048037	 ndcg_5: 0.0385	 ndcg_10: 0.0512	 hit@1:0.017744	 hit@5:0.0608	 hit@10: 0.1004
target: 	 mrr: 0.043198	 ndcg_5: 0.0352	 ndcg_10: 0.0469	 hit@1:0.013931	 hit@5:0.0571	 hit@10: 0.0939
epoch 66: train_loss = 1.043789, source_hit@10 = 0.1004, source_ndcg@10 = 0.0512, target_hit@10 = 0.0939, target_ndcg@10 = 0.0469

2024-08-07 05:42:55.630410: step 22981/27440 (epoch 67/80), loss = 1.042090 (105.791 sec/epoch), lr: 0.001001
Evaluating on dev set...
..................................................................
source: 	 mrr: 0.037338	 ndcg_5: 0.0279	 ndcg_10: 0.0379	 hit@1:0.011724	 hit@5:0.0444	 hit@10: 0.0751
target: 	 mrr: 0.040565	 ndcg_5: 0.0311	 ndcg_10: 0.0430	 hit@1:0.015046	 hit@5:0.0476	 hit@10: 0.0853
epoch 67: train_loss = 1.042090, source_hit@10 = 0.0751, source_ndcg@10 = 0.0379, target_hit@10 = 0.0853, target_ndcg@10 = 0.0430

2024-08-07 05:44:43.195792: step 23324/27440 (epoch 68/80), loss = 1.037164 (106.281 sec/epoch), lr: 0.000951
Evaluating on dev set...
..................................................................
source: 	 mrr: 0.046525	 ndcg_5: 0.0369	 ndcg_10: 0.0496	 hit@1:0.017110	 hit@5:0.0570	 hit@10: 0.0963
target: 	 mrr: 0.040865	 ndcg_5: 0.0318	 ndcg_10: 0.0424	 hit@1:0.015325	 hit@5:0.0476	 hit@10: 0.0808
epoch 68: train_loss = 1.037164, source_hit@10 = 0.0963, source_ndcg@10 = 0.0496, target_hit@10 = 0.0808, target_ndcg@10 = 0.0424

2024-08-07 05:46:29.853026: step 23667/27440 (epoch 69/80), loss = 1.033230 (105.254 sec/epoch), lr: 0.000951
Evaluating on dev set...
..................................................................
source: 	 mrr: 0.048058	 ndcg_5: 0.0400	 ndcg_10: 0.0515	 hit@1:0.015209	 hit@5:0.0643	 hit@10: 0.1001
target: 	 mrr: 0.042913	 ndcg_5: 0.0339	 ndcg_10: 0.0461	 hit@1:0.013931	 hit@5:0.0543	 hit@10: 0.0922
epoch 69: train_loss = 1.033230, source_hit@10 = 0.1001, source_ndcg@10 = 0.0515, target_hit@10 = 0.0922, target_ndcg@10 = 0.0461

2024-08-07 05:48:16.607208: step 24010/27440 (epoch 70/80), loss = 1.029371 (105.418 sec/epoch), lr: 0.000951
Evaluating on dev set...
..................................................................
source: 	 mrr: 0.049968	 ndcg_5: 0.0395	 ndcg_10: 0.0527	 hit@1:0.019962	 hit@5:0.0583	 hit@10: 0.0992
target: 	 mrr: 0.043101	 ndcg_5: 0.0347	 ndcg_10: 0.0475	 hit@1:0.015603	 hit@5:0.0557	 hit@10: 0.0956
epoch 70: train_loss = 1.029371, source_hit@10 = 0.0992, source_ndcg@10 = 0.0527, target_hit@10 = 0.0956, target_ndcg@10 = 0.0475

2024-08-07 05:50:03.812859: step 24353/27440 (epoch 71/80), loss = 1.027215 (105.876 sec/epoch), lr: 0.000951
Evaluating on dev set...
..................................................................
source: 	 mrr: 0.049384	 ndcg_5: 0.0397	 ndcg_10: 0.0526	 hit@1:0.019962	 hit@5:0.0586	 hit@10: 0.0992
target: 	 mrr: 0.044955	 ndcg_5: 0.0366	 ndcg_10: 0.0482	 hit@1:0.014210	 hit@5:0.0593	 hit@10: 0.0956
epoch 71: train_loss = 1.027215, source_hit@10 = 0.0992, source_ndcg@10 = 0.0526, target_hit@10 = 0.0956, target_ndcg@10 = 0.0482

2024-08-07 05:51:50.642490: step 24696/27440 (epoch 72/80), loss = 1.025510 (105.494 sec/epoch), lr: 0.000951
Evaluating on dev set...
..................................................................
source: 	 mrr: 0.048794	 ndcg_5: 0.0392	 ndcg_10: 0.0509	 hit@1:0.019645	 hit@5:0.0586	 hit@10: 0.0951
target: 	 mrr: 0.042972	 ndcg_5: 0.0342	 ndcg_10: 0.0458	 hit@1:0.015325	 hit@5:0.0527	 hit@10: 0.0886
epoch 72: train_loss = 1.025510, source_hit@10 = 0.0951, source_ndcg@10 = 0.0509, target_hit@10 = 0.0886, target_ndcg@10 = 0.0458

2024-08-07 05:53:37.174994: step 25039/27440 (epoch 73/80), loss = 1.018946 (105.140 sec/epoch), lr: 0.000904
Evaluating on dev set...
..................................................................
source: 	 mrr: 0.049550	 ndcg_5: 0.0411	 ndcg_10: 0.0517	 hit@1:0.019645	 hit@5:0.0624	 hit@10: 0.0954
target: 	 mrr: 0.044902	 ndcg_5: 0.0370	 ndcg_10: 0.0479	 hit@1:0.016160	 hit@5:0.0582	 hit@10: 0.0922
epoch 73: train_loss = 1.018946, source_hit@10 = 0.0954, source_ndcg@10 = 0.0517, target_hit@10 = 0.0922, target_ndcg@10 = 0.0479

2024-08-07 05:55:23.505658: step 25382/27440 (epoch 74/80), loss = 1.016026 (104.939 sec/epoch), lr: 0.000904
Evaluating on dev set...
..................................................................
source: 	 mrr: 0.049285	 ndcg_5: 0.0405	 ndcg_10: 0.0507	 hit@1:0.019011	 hit@5:0.0608	 hit@10: 0.0922
target: 	 mrr: 0.043412	 ndcg_5: 0.0349	 ndcg_10: 0.0464	 hit@1:0.015882	 hit@5:0.0549	 hit@10: 0.0908
epoch 74: train_loss = 1.016026, source_hit@10 = 0.0922, source_ndcg@10 = 0.0507, target_hit@10 = 0.0908, target_ndcg@10 = 0.0464

2024-08-07 05:57:10.826286: step 25725/27440 (epoch 75/80), loss = 1.010288 (105.940 sec/epoch), lr: 0.000859
Evaluating on dev set...
..................................................................
source: 	 mrr: 0.046819	 ndcg_5: 0.0374	 ndcg_10: 0.0484	 hit@1:0.018378	 hit@5:0.0567	 hit@10: 0.0909
target: 	 mrr: 0.042637	 ndcg_5: 0.0346	 ndcg_10: 0.0456	 hit@1:0.014210	 hit@5:0.0554	 hit@10: 0.0894
epoch 75: train_loss = 1.010288, source_hit@10 = 0.0909, source_ndcg@10 = 0.0484, target_hit@10 = 0.0894, target_ndcg@10 = 0.0456

2024-08-07 05:58:57.134961: step 26068/27440 (epoch 76/80), loss = 1.007144 (104.979 sec/epoch), lr: 0.000816
Evaluating on dev set...
..................................................................
source: 	 mrr: 0.044129	 ndcg_5: 0.0352	 ndcg_10: 0.0465	 hit@1:0.017110	 hit@5:0.0529	 hit@10: 0.0881
target: 	 mrr: 0.044352	 ndcg_5: 0.0366	 ndcg_10: 0.0471	 hit@1:0.016160	 hit@5:0.0574	 hit@10: 0.0900
epoch 76: train_loss = 1.007144, source_hit@10 = 0.0881, source_ndcg@10 = 0.0465, target_hit@10 = 0.0900, target_ndcg@10 = 0.0471

2024-08-07 06:00:43.953491: step 26411/27440 (epoch 77/80), loss = 1.001584 (105.505 sec/epoch), lr: 0.000775
Evaluating on dev set...
..................................................................
source: 	 mrr: 0.044650	 ndcg_5: 0.0356	 ndcg_10: 0.0474	 hit@1:0.017110	 hit@5:0.0545	 hit@10: 0.0909
target: 	 mrr: 0.039991	 ndcg_5: 0.0315	 ndcg_10: 0.0433	 hit@1:0.013931	 hit@5:0.0496	 hit@10: 0.0858
epoch 77: train_loss = 1.001584, source_hit@10 = 0.0909, source_ndcg@10 = 0.0474, target_hit@10 = 0.0858, target_ndcg@10 = 0.0433

2024-08-07 06:02:31.169633: step 26754/27440 (epoch 78/80), loss = 0.999538 (105.880 sec/epoch), lr: 0.000736
Evaluating on dev set...
..................................................................
source: 	 mrr: 0.047796	 ndcg_5: 0.0394	 ndcg_10: 0.0508	 hit@1:0.018378	 hit@5:0.0602	 hit@10: 0.0954
target: 	 mrr: 0.046215	 ndcg_5: 0.0394	 ndcg_10: 0.0498	 hit@1:0.018390	 hit@5:0.0591	 hit@10: 0.0919
target best!
...................................target: 	 mrr: 0.041310	 ndcg_5: 0.0346	 ndcg_10: 0.0433	 hit@1:0.015792	 hit@5:0.0541	 hit@10: 0.0809
epoch 78: train_loss = 0.999538, source_hit@10 = 0.0954, source_ndcg@10 = 0.0508, target_hit@10 = 0.0809, target_ndcg@10 = 0.0433
new best model saved.

2024-08-07 06:04:18.958090: step 27097/27440 (epoch 79/80), loss = 0.997082 (105.617 sec/epoch), lr: 0.000736
Evaluating on dev set...
..................................................................
source: 	 mrr: 0.050802	 ndcg_5: 0.0437	 ndcg_10: 0.0541	 hit@1:0.020913	 hit@5:0.0675	 hit@10: 0.1001
target: 	 mrr: 0.042027	 ndcg_5: 0.0355	 ndcg_10: 0.0452	 hit@1:0.016160	 hit@5:0.0554	 hit@10: 0.0858
epoch 79: train_loss = 0.997082, source_hit@10 = 0.1001, source_ndcg@10 = 0.0541, target_hit@10 = 0.0858, target_ndcg@10 = 0.0452

2024-08-07 06:06:04.383181: step 27440/27440 (epoch 80/80), loss = 0.992664 (104.087 sec/epoch), lr: 0.000699
Evaluating on dev set...
..................................................................
source: 	 mrr: 0.045243	 ndcg_5: 0.0375	 ndcg_10: 0.0457	 hit@1:0.017110	 hit@5:0.0577	 hit@10: 0.0837
target: 	 mrr: 0.039163	 ndcg_5: 0.0331	 ndcg_10: 0.0409	 hit@1:0.010588	 hit@5:0.0552	 hit@10: 0.0794
epoch 80: train_loss = 0.992664, source_hit@10 = 0.0837, source_ndcg@10 = 0.0457, target_hit@10 = 0.0794, target_ndcg@10 = 0.0409

