nohup: ignoring input
using gpu:4 to train the model
using gpu:4 to train the model
cuda:4
Namespace(A_split=False, JK='sum', a_fold=100, aggregate=False, alpha=0.5, batch_size=1024, beta_inter=0.65, conv_layers=4, cuda=True, decay_epoch=10, device=device(type='cuda', index=4), device_id='4', domains='cloth_sport', dropout=0.5, epoch=80, feature_dim=126, hidden_dim=126, inter_tau=0.2, intra_tau=1, lambda_critic=0.4, leakey=0.05, load=False, log='logs.txt', log_epoch=1, lr=0.004, lr_decay=0.95, min_epoch=50, mode='train', model_file=None, model_name='cs', momentum=0.98, num_latent_factors=3, num_negative=100, optim='adam', patience=20, proj_layers=1, projection=1, rectify_epoch=30, residual=1, save=False, save_dir='./saved_models', seed=32, similarity_tau=0.1, test_sample_number=999, user_batch_size=256, weight_decay=0.0002)
number_user 41829
number_item 17943
/home/disk2/lhr/invariantCDR/invariantCDR/utils/GraphMaker.py:46: RuntimeWarning: divide by zero encountered in power
  r_inv = np.power(rowsum, -1).flatten()
real graph loaded!
number_user 27328
number_item 12655
real graph loaded!
graph loaded!
Loading data from cloth_sport with batch size 1024...
unseen test: 0
test length: 3156
unseen test: 0
test length: 3085
unseen test: 0
test length: 3589
unseen test: 0
test length: 3546
source_user_num 41829
target_user_num 27328
source_item_num 17943
target_item_num 12655
shared users id: 7857
test users 990, 982
unseen test: 0
dev length: 1000
unseen test: 0
dev length: 1000
source train data : 187880, target train data: 163291, source test data : 3085, target test data : 3546, source dev data : 1000, target dev data : 1000
2024-08-07 02:07:44.307761: step 343/27440 (epoch 1/80), loss = 1.433562 (116.751 sec/epoch), lr: 0.004000
Evaluating on dev set...
..................................................................
source: 	 mrr: 0.037486	 ndcg_5: 0.0290	 ndcg_10: 0.0399	 hit@1:0.011407	 hit@5:0.0466	 hit@10: 0.0802
target: 	 mrr: 0.031146	 ndcg_5: 0.0230	 ndcg_10: 0.0325	 hit@1:0.008359	 hit@5:0.0373	 hit@10: 0.0669
source best!
..............................
source: 	 mrr: 0.034318	 ndcg_5: 0.0247	 ndcg_10: 0.0355	 hit@1:0.011021	 hit@5:0.0382	 hit@10: 0.0723
target best!
...................................target: 	 mrr: 0.030980	 ndcg_5: 0.0227	 ndcg_10: 0.0316	 hit@1:0.008460	 hit@5:0.0367	 hit@10: 0.0643
epoch 1: train_loss = 1.433562, source_hit@10 = 0.0723, source_ndcg@10 = 0.0355, target_hit@10 = 0.0643, target_ndcg@10 = 0.0316

2024-08-07 02:09:39.148789: step 686/27440 (epoch 2/80), loss = 1.294152 (112.152 sec/epoch), lr: 0.004000
Evaluating on dev set...
..................................................................
source: 	 mrr: 0.044577	 ndcg_5: 0.0350	 ndcg_10: 0.0465	 hit@1:0.017427	 hit@5:0.0520	 hit@10: 0.0878
target: 	 mrr: 0.033204	 ndcg_5: 0.0249	 ndcg_10: 0.0351	 hit@1:0.010588	 hit@5:0.0396	 hit@10: 0.0719
source best!
..............................
source: 	 mrr: 0.040847	 ndcg_5: 0.0328	 ndcg_10: 0.0419	 hit@1:0.016207	 hit@5:0.0493	 hit@10: 0.0775
target best!
...................................target: 	 mrr: 0.031608	 ndcg_5: 0.0219	 ndcg_10: 0.0326	 hit@1:0.008460	 hit@5:0.0350	 hit@10: 0.0682
epoch 2: train_loss = 1.294152, source_hit@10 = 0.0775, source_ndcg@10 = 0.0419, target_hit@10 = 0.0682, target_ndcg@10 = 0.0326
new best model saved.

2024-08-07 02:11:37.774758: step 1029/27440 (epoch 3/80), loss = 1.278154 (115.635 sec/epoch), lr: 0.004000
Evaluating on dev set...
..................................................................
source: 	 mrr: 0.042478	 ndcg_5: 0.0327	 ndcg_10: 0.0469	 hit@1:0.015209	 hit@5:0.0513	 hit@10: 0.0960
target: 	 mrr: 0.031241	 ndcg_5: 0.0231	 ndcg_10: 0.0337	 hit@1:0.007244	 hit@5:0.0390	 hit@10: 0.0724
epoch 3: train_loss = 1.278154, source_hit@10 = 0.0960, source_ndcg@10 = 0.0469, target_hit@10 = 0.0724, target_ndcg@10 = 0.0337

2024-08-07 02:13:34.097977: step 1372/27440 (epoch 4/80), loss = 1.260213 (114.997 sec/epoch), lr: 0.004000
Evaluating on dev set...
..................................................................
source: 	 mrr: 0.037567	 ndcg_5: 0.0283	 ndcg_10: 0.0393	 hit@1:0.010773	 hit@5:0.0459	 hit@10: 0.0805
target: 	 mrr: 0.027950	 ndcg_5: 0.0188	 ndcg_10: 0.0274	 hit@1:0.006130	 hit@5:0.0326	 hit@10: 0.0593
epoch 4: train_loss = 1.260213, source_hit@10 = 0.0805, source_ndcg@10 = 0.0393, target_hit@10 = 0.0593, target_ndcg@10 = 0.0274

2024-08-07 02:15:34.280805: step 1715/27440 (epoch 5/80), loss = 1.243140 (118.654 sec/epoch), lr: 0.004000
Evaluating on dev set...
..................................................................
source: 	 mrr: 0.040763	 ndcg_5: 0.0342	 ndcg_10: 0.0439	 hit@1:0.013625	 hit@5:0.0551	 hit@10: 0.0849
target: 	 mrr: 0.032439	 ndcg_5: 0.0227	 ndcg_10: 0.0333	 hit@1:0.007802	 hit@5:0.0379	 hit@10: 0.0708
epoch 5: train_loss = 1.243140, source_hit@10 = 0.0849, source_ndcg@10 = 0.0439, target_hit@10 = 0.0708, target_ndcg@10 = 0.0333

2024-08-07 02:17:31.578978: step 2058/27440 (epoch 6/80), loss = 1.237742 (115.704 sec/epoch), lr: 0.004000
Evaluating on dev set...
..................................................................
source: 	 mrr: 0.044106	 ndcg_5: 0.0363	 ndcg_10: 0.0483	 hit@1:0.013625	 hit@5:0.0583	 hit@10: 0.0951
target: 	 mrr: 0.029578	 ndcg_5: 0.0214	 ndcg_10: 0.0305	 hit@1:0.006687	 hit@5:0.0359	 hit@10: 0.0641
epoch 6: train_loss = 1.237742, source_hit@10 = 0.0951, source_ndcg@10 = 0.0483, target_hit@10 = 0.0641, target_ndcg@10 = 0.0305

2024-08-07 02:19:29.446033: step 2401/27440 (epoch 7/80), loss = 1.230810 (116.454 sec/epoch), lr: 0.004000
Evaluating on dev set...
..................................................................
source: 	 mrr: 0.042212	 ndcg_5: 0.0330	 ndcg_10: 0.0442	 hit@1:0.014892	 hit@5:0.0516	 hit@10: 0.0865
target: 	 mrr: 0.026587	 ndcg_5: 0.0193	 ndcg_10: 0.0270	 hit@1:0.006408	 hit@5:0.0329	 hit@10: 0.0571
epoch 7: train_loss = 1.230810, source_hit@10 = 0.0865, source_ndcg@10 = 0.0442, target_hit@10 = 0.0571, target_ndcg@10 = 0.0270

2024-08-07 02:21:25.300523: step 2744/27440 (epoch 8/80), loss = 1.230466 (114.355 sec/epoch), lr: 0.004000
Evaluating on dev set...
..................................................................
source: 	 mrr: 0.047626	 ndcg_5: 0.0398	 ndcg_10: 0.0517	 hit@1:0.017427	 hit@5:0.0618	 hit@10: 0.0989
target: 	 mrr: 0.031746	 ndcg_5: 0.0231	 ndcg_10: 0.0318	 hit@1:0.010031	 hit@5:0.0365	 hit@10: 0.0635
source best!
..............................
source: 	 mrr: 0.044334	 ndcg_5: 0.0367	 ndcg_10: 0.0470	 hit@1:0.017180	 hit@5:0.0558	 hit@10: 0.0878
epoch 8: train_loss = 1.230466, source_hit@10 = 0.0878, source_ndcg@10 = 0.0470, target_hit@10 = 0.0635, target_ndcg@10 = 0.0318
new best model saved.

2024-08-07 02:23:24.145382: step 3087/27440 (epoch 9/80), loss = 1.225934 (116.262 sec/epoch), lr: 0.004000
Evaluating on dev set...
..................................................................
source: 	 mrr: 0.036886	 ndcg_5: 0.0301	 ndcg_10: 0.0396	 hit@1:0.010773	 hit@5:0.0497	 hit@10: 0.0798
target: 	 mrr: 0.035624	 ndcg_5: 0.0278	 ndcg_10: 0.0380	 hit@1:0.009473	 hit@5:0.0465	 hit@10: 0.0786
target best!
...................................target: 	 mrr: 0.035404	 ndcg_5: 0.0270	 ndcg_10: 0.0372	 hit@1:0.010152	 hit@5:0.0443	 hit@10: 0.0759
epoch 9: train_loss = 1.225934, source_hit@10 = 0.0798, source_ndcg@10 = 0.0396, target_hit@10 = 0.0759, target_ndcg@10 = 0.0372
new best model saved.

2024-08-07 02:25:22.980439: step 3430/27440 (epoch 10/80), loss = 1.222920 (116.494 sec/epoch), lr: 0.004000
Evaluating on dev set...
..................................................................
source: 	 mrr: 0.044137	 ndcg_5: 0.0344	 ndcg_10: 0.0473	 hit@1:0.014575	 hit@5:0.0542	 hit@10: 0.0944
target: 	 mrr: 0.033878	 ndcg_5: 0.0243	 ndcg_10: 0.0347	 hit@1:0.009195	 hit@5:0.0393	 hit@10: 0.0713
epoch 10: train_loss = 1.222920, source_hit@10 = 0.0944, source_ndcg@10 = 0.0473, target_hit@10 = 0.0713, target_ndcg@10 = 0.0347

2024-08-07 02:27:19.459182: step 3773/27440 (epoch 11/80), loss = 1.210016 (114.937 sec/epoch), lr: 0.004000
Evaluating on dev set...
..................................................................
source: 	 mrr: 0.045049	 ndcg_5: 0.0366	 ndcg_10: 0.0497	 hit@1:0.016160	 hit@5:0.0580	 hit@10: 0.0989
target: 	 mrr: 0.030002	 ndcg_5: 0.0234	 ndcg_10: 0.0307	 hit@1:0.009752	 hit@5:0.0368	 hit@10: 0.0593
epoch 11: train_loss = 1.210016, source_hit@10 = 0.0989, source_ndcg@10 = 0.0497, target_hit@10 = 0.0593, target_ndcg@10 = 0.0307

2024-08-07 02:29:17.306704: step 4116/27440 (epoch 12/80), loss = 1.201088 (116.386 sec/epoch), lr: 0.003800
Evaluating on dev set...
..................................................................
source: 	 mrr: 0.044809	 ndcg_5: 0.0376	 ndcg_10: 0.0481	 hit@1:0.014892	 hit@5:0.0602	 hit@10: 0.0935
target: 	 mrr: 0.028550	 ndcg_5: 0.0212	 ndcg_10: 0.0292	 hit@1:0.008080	 hit@5:0.0351	 hit@10: 0.0605
epoch 12: train_loss = 1.201088, source_hit@10 = 0.0935, source_ndcg@10 = 0.0481, target_hit@10 = 0.0605, target_ndcg@10 = 0.0292

2024-08-07 02:31:14.813262: step 4459/27440 (epoch 13/80), loss = 1.186466 (116.023 sec/epoch), lr: 0.003610
Evaluating on dev set...
..................................................................
source: 	 mrr: 0.045331	 ndcg_5: 0.0371	 ndcg_10: 0.0491	 hit@1:0.015526	 hit@5:0.0586	 hit@10: 0.0960
target: 	 mrr: 0.037105	 ndcg_5: 0.0280	 ndcg_10: 0.0380	 hit@1:0.013096	 hit@5:0.0435	 hit@10: 0.0747
target best!
...................................target: 	 mrr: 0.036891	 ndcg_5: 0.0278	 ndcg_10: 0.0374	 hit@1:0.011280	 hit@5:0.0448	 hit@10: 0.0745
epoch 13: train_loss = 1.186466, source_hit@10 = 0.0960, source_ndcg@10 = 0.0491, target_hit@10 = 0.0745, target_ndcg@10 = 0.0374
new best model saved.

2024-08-07 02:33:11.229179: step 4802/27440 (epoch 14/80), loss = 1.182306 (113.954 sec/epoch), lr: 0.003610
Evaluating on dev set...
..................................................................
source: 	 mrr: 0.048180	 ndcg_5: 0.0416	 ndcg_10: 0.0519	 hit@1:0.018695	 hit@5:0.0650	 hit@10: 0.0966
target: 	 mrr: 0.029253	 ndcg_5: 0.0211	 ndcg_10: 0.0310	 hit@1:0.006408	 hit@5:0.0368	 hit@10: 0.0680
source best!
..............................
source: 	 mrr: 0.043579	 ndcg_5: 0.0354	 ndcg_10: 0.0455	 hit@1:0.018152	 hit@5:0.0522	 hit@10: 0.0833
epoch 14: train_loss = 1.182306, source_hit@10 = 0.0833, source_ndcg@10 = 0.0455, target_hit@10 = 0.0680, target_ndcg@10 = 0.0310
new best model saved.

2024-08-07 02:35:02.505901: step 5145/27440 (epoch 15/80), loss = 1.179287 (108.647 sec/epoch), lr: 0.003429
Evaluating on dev set...
..................................................................
source: 	 mrr: 0.042505	 ndcg_5: 0.0336	 ndcg_10: 0.0441	 hit@1:0.014892	 hit@5:0.0529	 hit@10: 0.0856
target: 	 mrr: 0.035499	 ndcg_5: 0.0260	 ndcg_10: 0.0360	 hit@1:0.009195	 hit@5:0.0432	 hit@10: 0.0744
epoch 15: train_loss = 1.179287, source_hit@10 = 0.0856, source_ndcg@10 = 0.0441, target_hit@10 = 0.0744, target_ndcg@10 = 0.0360

2024-08-07 02:36:54.857471: step 5488/27440 (epoch 16/80), loss = 1.173740 (111.070 sec/epoch), lr: 0.003429
Evaluating on dev set...
..................................................................
source: 	 mrr: 0.042883	 ndcg_5: 0.0341	 ndcg_10: 0.0465	 hit@1:0.014259	 hit@5:0.0545	 hit@10: 0.0928
target: 	 mrr: 0.029960	 ndcg_5: 0.0227	 ndcg_10: 0.0302	 hit@1:0.010867	 hit@5:0.0354	 hit@10: 0.0588
epoch 16: train_loss = 1.173740, source_hit@10 = 0.0928, source_ndcg@10 = 0.0465, target_hit@10 = 0.0588, target_ndcg@10 = 0.0302

2024-08-07 02:38:52.074759: step 5831/27440 (epoch 17/80), loss = 1.164275 (115.696 sec/epoch), lr: 0.003258
Evaluating on dev set...
..................................................................
source: 	 mrr: 0.040753	 ndcg_5: 0.0321	 ndcg_10: 0.0428	 hit@1:0.012041	 hit@5:0.0529	 hit@10: 0.0865
target: 	 mrr: 0.040977	 ndcg_5: 0.0315	 ndcg_10: 0.0420	 hit@1:0.015325	 hit@5:0.0488	 hit@10: 0.0814
target best!
...................................target: 	 mrr: 0.042435	 ndcg_5: 0.0333	 ndcg_10: 0.0439	 hit@1:0.015510	 hit@5:0.0510	 hit@10: 0.0840
epoch 17: train_loss = 1.164275, source_hit@10 = 0.0865, source_ndcg@10 = 0.0428, target_hit@10 = 0.0840, target_ndcg@10 = 0.0439
new best model saved.

2024-08-07 02:40:49.102478: step 6174/27440 (epoch 18/80), loss = 1.157324 (114.457 sec/epoch), lr: 0.003258
Evaluating on dev set...
..................................................................
source: 	 mrr: 0.043342	 ndcg_5: 0.0342	 ndcg_10: 0.0451	 hit@1:0.016160	 hit@5:0.0516	 hit@10: 0.0856
target: 	 mrr: 0.039042	 ndcg_5: 0.0309	 ndcg_10: 0.0405	 hit@1:0.013653	 hit@5:0.0479	 hit@10: 0.0780
epoch 18: train_loss = 1.157324, source_hit@10 = 0.0856, source_ndcg@10 = 0.0451, target_hit@10 = 0.0780, target_ndcg@10 = 0.0405

2024-08-07 02:42:45.728276: step 6517/27440 (epoch 19/80), loss = 1.147763 (115.073 sec/epoch), lr: 0.003258
Evaluating on dev set...
..................................................................
source: 	 mrr: 0.037511	 ndcg_5: 0.0291	 ndcg_10: 0.0403	 hit@1:0.010456	 hit@5:0.0478	 hit@10: 0.0833
target: 	 mrr: 0.036409	 ndcg_5: 0.0271	 ndcg_10: 0.0370	 hit@1:0.011424	 hit@5:0.0426	 hit@10: 0.0733
epoch 19: train_loss = 1.147763, source_hit@10 = 0.0833, source_ndcg@10 = 0.0403, target_hit@10 = 0.0733, target_ndcg@10 = 0.0370

2024-08-07 02:44:43.912304: step 6860/27440 (epoch 20/80), loss = 1.138748 (116.744 sec/epoch), lr: 0.003095
Evaluating on dev set...
..................................................................
source: 	 mrr: 0.033662	 ndcg_5: 0.0234	 ndcg_10: 0.0359	 hit@1:0.010139	 hit@5:0.0371	 hit@10: 0.0764
target: 	 mrr: 0.039593	 ndcg_5: 0.0309	 ndcg_10: 0.0414	 hit@1:0.013374	 hit@5:0.0482	 hit@10: 0.0805
epoch 20: train_loss = 1.138748, source_hit@10 = 0.0764, source_ndcg@10 = 0.0359, target_hit@10 = 0.0805, target_ndcg@10 = 0.0414

2024-08-07 02:46:41.139081: step 7203/27440 (epoch 21/80), loss = 1.132639 (115.595 sec/epoch), lr: 0.002940
Evaluating on dev set...
..................................................................
source: 	 mrr: 0.042171	 ndcg_5: 0.0340	 ndcg_10: 0.0472	 hit@1:0.011407	 hit@5:0.0567	 hit@10: 0.0973
target: 	 mrr: 0.031981	 ndcg_5: 0.0232	 ndcg_10: 0.0337	 hit@1:0.007523	 hit@5:0.0398	 hit@10: 0.0733
epoch 21: train_loss = 1.132639, source_hit@10 = 0.0973, source_ndcg@10 = 0.0472, target_hit@10 = 0.0733, target_ndcg@10 = 0.0337

2024-08-07 02:48:39.305760: step 7546/27440 (epoch 22/80), loss = 1.128619 (116.645 sec/epoch), lr: 0.002940
Evaluating on dev set...
..................................................................
source: 	 mrr: 0.044770	 ndcg_5: 0.0362	 ndcg_10: 0.0489	 hit@1:0.014575	 hit@5:0.0593	 hit@10: 0.0989
target: 	 mrr: 0.042041	 ndcg_5: 0.0332	 ndcg_10: 0.0455	 hit@1:0.014210	 hit@5:0.0538	 hit@10: 0.0919
target best!
...................................target: 	 mrr: 0.040912	 ndcg_5: 0.0326	 ndcg_10: 0.0435	 hit@1:0.012408	 hit@5:0.0533	 hit@10: 0.0871
epoch 22: train_loss = 1.128619, source_hit@10 = 0.0989, source_ndcg@10 = 0.0489, target_hit@10 = 0.0871, target_ndcg@10 = 0.0435
new best model saved.

2024-08-07 02:50:37.738561: step 7889/27440 (epoch 23/80), loss = 1.126225 (116.046 sec/epoch), lr: 0.002940
Evaluating on dev set...
..................................................................
source: 	 mrr: 0.042072	 ndcg_5: 0.0319	 ndcg_10: 0.0437	 hit@1:0.014575	 hit@5:0.0491	 hit@10: 0.0862
target: 	 mrr: 0.035983	 ndcg_5: 0.0280	 ndcg_10: 0.0385	 hit@1:0.010309	 hit@5:0.0457	 hit@10: 0.0783
epoch 23: train_loss = 1.126225, source_hit@10 = 0.0862, source_ndcg@10 = 0.0437, target_hit@10 = 0.0783, target_ndcg@10 = 0.0385

2024-08-07 02:52:34.834190: step 8232/27440 (epoch 24/80), loss = 1.120336 (115.682 sec/epoch), lr: 0.002793
Evaluating on dev set...
..................................................................
source: 	 mrr: 0.043728	 ndcg_5: 0.0363	 ndcg_10: 0.0475	 hit@1:0.015843	 hit@5:0.0583	 hit@10: 0.0935
target: 	 mrr: 0.040467	 ndcg_5: 0.0301	 ndcg_10: 0.0408	 hit@1:0.015046	 hit@5:0.0449	 hit@10: 0.0780
epoch 24: train_loss = 1.120336, source_hit@10 = 0.0935, source_ndcg@10 = 0.0475, target_hit@10 = 0.0780, target_ndcg@10 = 0.0408

2024-08-07 02:54:31.920200: step 8575/27440 (epoch 25/80), loss = 1.120859 (115.661 sec/epoch), lr: 0.002793
Evaluating on dev set...
..................................................................
source: 	 mrr: 0.035871	 ndcg_5: 0.0280	 ndcg_10: 0.0379	 hit@1:0.010456	 hit@5:0.0459	 hit@10: 0.0773
target: 	 mrr: 0.038324	 ndcg_5: 0.0304	 ndcg_10: 0.0411	 hit@1:0.012538	 hit@5:0.0499	 hit@10: 0.0836
epoch 25: train_loss = 1.120859, source_hit@10 = 0.0773, source_ndcg@10 = 0.0379, target_hit@10 = 0.0836, target_ndcg@10 = 0.0411

2024-08-07 02:56:36.814716: step 8918/27440 (epoch 26/80), loss = 1.115312 (123.429 sec/epoch), lr: 0.002654
Evaluating on dev set...
..................................................................
source: 	 mrr: 0.043029	 ndcg_5: 0.0338	 ndcg_10: 0.0441	 hit@1:0.015843	 hit@5:0.0516	 hit@10: 0.0837
target: 	 mrr: 0.038124	 ndcg_5: 0.0300	 ndcg_10: 0.0393	 hit@1:0.010867	 hit@5:0.0504	 hit@10: 0.0797
epoch 26: train_loss = 1.115312, source_hit@10 = 0.0837, source_ndcg@10 = 0.0441, target_hit@10 = 0.0797, target_ndcg@10 = 0.0393

2024-08-07 03:01:58.420634: step 9261/27440 (epoch 27/80), loss = 1.113967 (316.901 sec/epoch), lr: 0.002654
Evaluating on dev set...
..................................................................
source: 	 mrr: 0.041151	 ndcg_5: 0.0322	 ndcg_10: 0.0413	 hit@1:0.014259	 hit@5:0.0494	 hit@10: 0.0779
target: 	 mrr: 0.038356	 ndcg_5: 0.0298	 ndcg_10: 0.0408	 hit@1:0.010867	 hit@5:0.0479	 hit@10: 0.0822
epoch 27: train_loss = 1.113967, source_hit@10 = 0.0779, source_ndcg@10 = 0.0413, target_hit@10 = 0.0822, target_ndcg@10 = 0.0408

2024-08-07 03:09:17.908307: step 9604/27440 (epoch 28/80), loss = 1.111043 (434.585 sec/epoch), lr: 0.002521
Evaluating on dev set...
..................................................................
source: 	 mrr: 0.041160	 ndcg_5: 0.0324	 ndcg_10: 0.0430	 hit@1:0.013942	 hit@5:0.0501	 hit@10: 0.0830
target: 	 mrr: 0.042228	 ndcg_5: 0.0305	 ndcg_10: 0.0458	 hit@1:0.012538	 hit@5:0.0479	 hit@10: 0.0958
target best!
...................................target: 	 mrr: 0.040639	 ndcg_5: 0.0306	 ndcg_10: 0.0426	 hit@1:0.012690	 hit@5:0.0494	 hit@10: 0.0869
epoch 28: train_loss = 1.111043, source_hit@10 = 0.0830, source_ndcg@10 = 0.0430, target_hit@10 = 0.0869, target_ndcg@10 = 0.0426
new best model saved.

2024-08-07 03:17:11.433838: step 9947/27440 (epoch 29/80), loss = 1.109712 (459.882 sec/epoch), lr: 0.002521
Evaluating on dev set...
..................................................................
source: 	 mrr: 0.045176	 ndcg_5: 0.0340	 ndcg_10: 0.0473	 hit@1:0.016160	 hit@5:0.0513	 hit@10: 0.0932
target: 	 mrr: 0.040284	 ndcg_5: 0.0321	 ndcg_10: 0.0434	 hit@1:0.012817	 hit@5:0.0532	 hit@10: 0.0880
epoch 29: train_loss = 1.109712, source_hit@10 = 0.0932, source_ndcg@10 = 0.0473, target_hit@10 = 0.0880, target_ndcg@10 = 0.0434

2024-08-07 03:24:57.388902: step 10290/27440 (epoch 30/80), loss = 1.107939 (464.544 sec/epoch), lr: 0.002521
Evaluating on dev set...
..................................................................
source: 	 mrr: 0.047898	 ndcg_5: 0.0396	 ndcg_10: 0.0535	 hit@1:0.015526	 hit@5:0.0643	 hit@10: 0.1074
target: 	 mrr: 0.042262	 ndcg_5: 0.0326	 ndcg_10: 0.0457	 hit@1:0.013096	 hit@5:0.0532	 hit@10: 0.0939
target best!
...................................target: 	 mrr: 0.039809	 ndcg_5: 0.0291	 ndcg_10: 0.0414	 hit@1:0.013254	 hit@5:0.0460	 hit@10: 0.0840
epoch 30: train_loss = 1.107939, source_hit@10 = 0.1074, source_ndcg@10 = 0.0535, target_hit@10 = 0.0840, target_ndcg@10 = 0.0414
new best model saved.
shift to transfer learning mode

2024-08-07 03:33:18.664719: step 10633/27440 (epoch 31/80), loss = 1.104776 (487.816 sec/epoch), lr: 0.002521
Evaluating on dev set...
..................................................................
source: 	 mrr: 0.045372	 ndcg_5: 0.0349	 ndcg_10: 0.0472	 hit@1:0.015209	 hit@5:0.0535	 hit@10: 0.0922
target: 	 mrr: 0.040030	 ndcg_5: 0.0294	 ndcg_10: 0.0416	 hit@1:0.013374	 hit@5:0.0454	 hit@10: 0.0833
epoch 31: train_loss = 1.104776, source_hit@10 = 0.0922, source_ndcg@10 = 0.0472, target_hit@10 = 0.0833, target_ndcg@10 = 0.0416

2024-08-07 03:41:11.922534: step 10976/27440 (epoch 32/80), loss = 1.104474 (464.425 sec/epoch), lr: 0.002395
Evaluating on dev set...
..................................................................
source: 	 mrr: 0.044911	 ndcg_5: 0.0363	 ndcg_10: 0.0479	 hit@1:0.014575	 hit@5:0.0580	 hit@10: 0.0944
target: 	 mrr: 0.040266	 ndcg_5: 0.0317	 ndcg_10: 0.0419	 hit@1:0.011981	 hit@5:0.0515	 hit@10: 0.0836
epoch 32: train_loss = 1.104474, source_hit@10 = 0.0944, source_ndcg@10 = 0.0479, target_hit@10 = 0.0836, target_ndcg@10 = 0.0419

2024-08-07 03:48:57.906232: step 11319/27440 (epoch 33/80), loss = 1.102077 (457.453 sec/epoch), lr: 0.002275
Evaluating on dev set...
..................................................................
source: 	 mrr: 0.046998	 ndcg_5: 0.0392	 ndcg_10: 0.0499	 hit@1:0.015209	 hit@5:0.0631	 hit@10: 0.0963
target: 	 mrr: 0.039625	 ndcg_5: 0.0301	 ndcg_10: 0.0418	 hit@1:0.013096	 hit@5:0.0479	 hit@10: 0.0844
epoch 33: train_loss = 1.102077, source_hit@10 = 0.0963, source_ndcg@10 = 0.0499, target_hit@10 = 0.0844, target_ndcg@10 = 0.0418

2024-08-07 03:56:12.885081: step 11662/27440 (epoch 34/80), loss = 1.098710 (429.161 sec/epoch), lr: 0.002275
Evaluating on dev set...
..................................................................
source: 	 mrr: 0.048939	 ndcg_5: 0.0387	 ndcg_10: 0.0499	 hit@1:0.019011	 hit@5:0.0580	 hit@10: 0.0932
target: 	 mrr: 0.041359	 ndcg_5: 0.0307	 ndcg_10: 0.0430	 hit@1:0.013931	 hit@5:0.0476	 hit@10: 0.0858
source best!
..............................
source: 	 mrr: 0.044771	 ndcg_5: 0.0345	 ndcg_10: 0.0475	 hit@1:0.014911	 hit@5:0.0535	 hit@10: 0.0940
epoch 34: train_loss = 1.098710, source_hit@10 = 0.0940, source_ndcg@10 = 0.0475, target_hit@10 = 0.0858, target_ndcg@10 = 0.0430
new best model saved.

2024-08-07 04:04:36.721492: step 12005/27440 (epoch 35/80), loss = 1.099475 (490.372 sec/epoch), lr: 0.002275
Evaluating on dev set...
..................................................................
source: 	 mrr: 0.043719	 ndcg_5: 0.0357	 ndcg_10: 0.0464	 hit@1:0.013942	 hit@5:0.0580	 hit@10: 0.0909
target: 	 mrr: 0.039051	 ndcg_5: 0.0297	 ndcg_10: 0.0421	 hit@1:0.011981	 hit@5:0.0474	 hit@10: 0.0861
epoch 35: train_loss = 1.099475, source_hit@10 = 0.0909, source_ndcg@10 = 0.0464, target_hit@10 = 0.0861, target_ndcg@10 = 0.0421

2024-08-07 04:12:11.534944: step 12348/27440 (epoch 36/80), loss = 1.097173 (453.361 sec/epoch), lr: 0.002161
Evaluating on dev set...
..................................................................
source: 	 mrr: 0.046683	 ndcg_5: 0.0369	 ndcg_10: 0.0500	 hit@1:0.015843	 hit@5:0.0574	 hit@10: 0.0985
target: 	 mrr: 0.042091	 ndcg_5: 0.0326	 ndcg_10: 0.0452	 hit@1:0.012817	 hit@5:0.0518	 hit@10: 0.0908
epoch 36: train_loss = 1.097173, source_hit@10 = 0.0985, source_ndcg@10 = 0.0500, target_hit@10 = 0.0908, target_ndcg@10 = 0.0452

2024-08-07 04:19:54.118247: step 12691/27440 (epoch 37/80), loss = 1.094227 (455.165 sec/epoch), lr: 0.002161
Evaluating on dev set...
..................................................................
source: 	 mrr: 0.049597	 ndcg_5: 0.0411	 ndcg_10: 0.0543	 hit@1:0.017110	 hit@5:0.0659	 hit@10: 0.1071
target: 	 mrr: 0.036844	 ndcg_5: 0.0287	 ndcg_10: 0.0386	 hit@1:0.010031	 hit@5:0.0474	 hit@10: 0.0786
source best!
..............................
source: 	 mrr: 0.051599	 ndcg_5: 0.0426	 ndcg_10: 0.0545	 hit@1:0.020746	 hit@5:0.0642	 hit@10: 0.1005
epoch 37: train_loss = 1.094227, source_hit@10 = 0.1005, source_ndcg@10 = 0.0545, target_hit@10 = 0.0786, target_ndcg@10 = 0.0386
new best model saved.

2024-08-07 04:26:31.845671: step 13034/27440 (epoch 38/80), loss = 1.093508 (390.818 sec/epoch), lr: 0.002053
Evaluating on dev set...
..................................................................
source: 	 mrr: 0.050016	 ndcg_5: 0.0414	 ndcg_10: 0.0550	 hit@1:0.017744	 hit@5:0.0669	 hit@10: 0.1090
target: 	 mrr: 0.036426	 ndcg_5: 0.0287	 ndcg_10: 0.0390	 hit@1:0.008080	 hit@5:0.0499	 hit@10: 0.0816
source best!
..............................
source: 	 mrr: 0.047225	 ndcg_5: 0.0369	 ndcg_10: 0.0502	 hit@1:0.016532	 hit@5:0.0564	 hit@10: 0.0979
epoch 38: train_loss = 1.093508, source_hit@10 = 0.0979, source_ndcg@10 = 0.0502, target_hit@10 = 0.0816, target_ndcg@10 = 0.0390
new best model saved.

2024-08-07 04:32:42.412390: step 13377/27440 (epoch 39/80), loss = 1.092218 (357.010 sec/epoch), lr: 0.002053
Evaluating on dev set...
..................................................................
source: 	 mrr: 0.049042	 ndcg_5: 0.0403	 ndcg_10: 0.0528	 hit@1:0.018695	 hit@5:0.0627	 hit@10: 0.1017
target: 	 mrr: 0.036692	 ndcg_5: 0.0279	 ndcg_10: 0.0379	 hit@1:0.013096	 hit@5:0.0432	 hit@10: 0.0744
epoch 39: train_loss = 1.092218, source_hit@10 = 0.1017, source_ndcg@10 = 0.0528, target_hit@10 = 0.0744, target_ndcg@10 = 0.0379

2024-08-07 04:38:33.741023: step 13720/27440 (epoch 40/80), loss = 1.088899 (350.021 sec/epoch), lr: 0.001951
Evaluating on dev set...
..................................................................
source: 	 mrr: 0.048761	 ndcg_5: 0.0383	 ndcg_10: 0.0528	 hit@1:0.017110	 hit@5:0.0593	 hit@10: 0.1039
target: 	 mrr: 0.041171	 ndcg_5: 0.0318	 ndcg_10: 0.0450	 hit@1:0.010588	 hit@5:0.0529	 hit@10: 0.0945
epoch 40: train_loss = 1.088899, source_hit@10 = 0.1039, source_ndcg@10 = 0.0528, target_hit@10 = 0.0945, target_ndcg@10 = 0.0450

2024-08-07 04:46:18.582887: step 14063/27440 (epoch 41/80), loss = 1.090358 (455.588 sec/epoch), lr: 0.001951
Evaluating on dev set...
..................................................................
source: 	 mrr: 0.050696	 ndcg_5: 0.0412	 ndcg_10: 0.0551	 hit@1:0.018378	 hit@5:0.0634	 hit@10: 0.1065
target: 	 mrr: 0.038312	 ndcg_5: 0.0280	 ndcg_10: 0.0386	 hit@1:0.010867	 hit@5:0.0449	 hit@10: 0.0780
source best!
..............................
source: 	 mrr: 0.049001	 ndcg_5: 0.0406	 ndcg_10: 0.0519	 hit@1:0.018476	 hit@5:0.0626	 hit@10: 0.0979
epoch 41: train_loss = 1.090358, source_hit@10 = 0.0979, source_ndcg@10 = 0.0519, target_hit@10 = 0.0780, target_ndcg@10 = 0.0386
new best model saved.

2024-08-07 04:52:39.075496: step 14406/27440 (epoch 42/80), loss = 1.085323 (372.375 sec/epoch), lr: 0.001853
Evaluating on dev set...
..................................................................
source: 	 mrr: 0.047189	 ndcg_5: 0.0399	 ndcg_10: 0.0506	 hit@1:0.015526	 hit@5:0.0650	 hit@10: 0.0982
target: 	 mrr: 0.036363	 ndcg_5: 0.0274	 ndcg_10: 0.0381	 hit@1:0.009473	 hit@5:0.0460	 hit@10: 0.0794
epoch 42: train_loss = 1.085323, source_hit@10 = 0.0982, source_ndcg@10 = 0.0506, target_hit@10 = 0.0794, target_ndcg@10 = 0.0381

2024-08-07 04:59:10.283299: step 14749/27440 (epoch 43/80), loss = 1.081415 (385.985 sec/epoch), lr: 0.001761
Evaluating on dev set...
..................................................................
source: 	 mrr: 0.044185	 ndcg_5: 0.0355	 ndcg_10: 0.0458	 hit@1:0.017744	 hit@5:0.0535	 hit@10: 0.0859
target: 	 mrr: 0.039597	 ndcg_5: 0.0305	 ndcg_10: 0.0428	 hit@1:0.011424	 hit@5:0.0499	 hit@10: 0.0878
epoch 43: train_loss = 1.081415, source_hit@10 = 0.0859, source_ndcg@10 = 0.0458, target_hit@10 = 0.0878, target_ndcg@10 = 0.0428

2024-08-07 05:06:18.165785: step 15092/27440 (epoch 44/80), loss = 1.079755 (418.652 sec/epoch), lr: 0.001761
Evaluating on dev set...
..................................................................
source: 	 mrr: 0.048441	 ndcg_5: 0.0397	 ndcg_10: 0.0529	 hit@1:0.019011	 hit@5:0.0618	 hit@10: 0.1036
target: 	 mrr: 0.038259	 ndcg_5: 0.0289	 ndcg_10: 0.0422	 hit@1:0.008359	 hit@5:0.0499	 hit@10: 0.0914
epoch 44: train_loss = 1.079755, source_hit@10 = 0.1036, source_ndcg@10 = 0.0529, target_hit@10 = 0.0914, target_ndcg@10 = 0.0422

2024-08-07 05:14:17.449696: step 15435/27440 (epoch 45/80), loss = 1.082426 (477.630 sec/epoch), lr: 0.001761
Evaluating on dev set...
..................................................................
source: 	 mrr: 0.048784	 ndcg_5: 0.0391	 ndcg_10: 0.0504	 hit@1:0.019962	 hit@5:0.0574	 hit@10: 0.0928
target: 	 mrr: 0.040705	 ndcg_5: 0.0306	 ndcg_10: 0.0439	 hit@1:0.011145	 hit@5:0.0496	 hit@10: 0.0911
epoch 45: train_loss = 1.082426, source_hit@10 = 0.0928, source_ndcg@10 = 0.0504, target_hit@10 = 0.0911, target_ndcg@10 = 0.0439

2024-08-07 05:21:36.519913: step 15778/27440 (epoch 46/80), loss = 1.080372 (430.587 sec/epoch), lr: 0.001761
Evaluating on dev set...
..................................................................
source: 	 mrr: 0.050841	 ndcg_5: 0.0435	 ndcg_10: 0.0555	 hit@1:0.018695	 hit@5:0.0681	 hit@10: 0.1058
target: 	 mrr: 0.043540	 ndcg_5: 0.0346	 ndcg_10: 0.0465	 hit@1:0.013096	 hit@5:0.0557	 hit@10: 0.0931
source best!
..............................
source: 	 mrr: 0.049048	 ndcg_5: 0.0405	 ndcg_10: 0.0524	 hit@1:0.018801	 hit@5:0.0616	 hit@10: 0.0989
target best!
...................................target: 	 mrr: 0.042363	 ndcg_5: 0.0329	 ndcg_10: 0.0442	 hit@1:0.011844	 hit@5:0.0533	 hit@10: 0.0886
epoch 46: train_loss = 1.080372, source_hit@10 = 0.0989, source_ndcg@10 = 0.0524, target_hit@10 = 0.0886, target_ndcg@10 = 0.0442
new best model saved.

2024-08-07 05:29:32.640570: step 16121/27440 (epoch 47/80), loss = 1.078743 (459.953 sec/epoch), lr: 0.001761
Evaluating on dev set...
..................................................................
source: 	 mrr: 0.049992	 ndcg_5: 0.0408	 ndcg_10: 0.0541	 hit@1:0.016477	 hit@5:0.0659	 hit@10: 0.1068
target: 	 mrr: 0.044882	 ndcg_5: 0.0351	 ndcg_10: 0.0477	 hit@1:0.015882	 hit@5:0.0543	 hit@10: 0.0933
target best!
...................................target: 	 mrr: 0.041700	 ndcg_5: 0.0317	 ndcg_10: 0.0435	 hit@1:0.014664	 hit@5:0.0491	 hit@10: 0.0860
epoch 47: train_loss = 1.078743, source_hit@10 = 0.1068, source_ndcg@10 = 0.0541, target_hit@10 = 0.0860, target_ndcg@10 = 0.0435
new best model saved.

2024-08-07 05:37:30.097819: step 16464/27440 (epoch 48/80), loss = 1.079299 (464.242 sec/epoch), lr: 0.001761
Evaluating on dev set...
..................................................................
source: 	 mrr: 0.049526	 ndcg_5: 0.0381	 ndcg_10: 0.0524	 hit@1:0.019962	 hit@5:0.0558	 hit@10: 0.1004
target: 	 mrr: 0.040760	 ndcg_5: 0.0310	 ndcg_10: 0.0424	 hit@1:0.014489	 hit@5:0.0482	 hit@10: 0.0839
epoch 48: train_loss = 1.079299, source_hit@10 = 0.1004, source_ndcg@10 = 0.0524, target_hit@10 = 0.0839, target_ndcg@10 = 0.0424

2024-08-07 05:45:29.222467: step 16807/27440 (epoch 49/80), loss = 1.076124 (470.029 sec/epoch), lr: 0.001672
Evaluating on dev set...
..................................................................
source: 	 mrr: 0.048824	 ndcg_5: 0.0403	 ndcg_10: 0.0525	 hit@1:0.017110	 hit@5:0.0634	 hit@10: 0.1020
target: 	 mrr: 0.040216	 ndcg_5: 0.0318	 ndcg_10: 0.0425	 hit@1:0.013374	 hit@5:0.0504	 hit@10: 0.0836
epoch 49: train_loss = 1.076124, source_hit@10 = 0.1020, source_ndcg@10 = 0.0525, target_hit@10 = 0.0836, target_ndcg@10 = 0.0425

2024-08-07 05:53:02.703259: step 17150/27440 (epoch 50/80), loss = 1.073857 (446.731 sec/epoch), lr: 0.001589
Evaluating on dev set...
..................................................................
source: 	 mrr: 0.054030	 ndcg_5: 0.0463	 ndcg_10: 0.0575	 hit@1:0.019645	 hit@5:0.0722	 hit@10: 0.1068
target: 	 mrr: 0.036168	 ndcg_5: 0.0277	 ndcg_10: 0.0383	 hit@1:0.011424	 hit@5:0.0446	 hit@10: 0.0775
source best!
..............................
source: 	 mrr: 0.052189	 ndcg_5: 0.0419	 ndcg_10: 0.0559	 hit@1:0.021070	 hit@5:0.0629	 hit@10: 0.1063
epoch 50: train_loss = 1.073857, source_hit@10 = 0.1063, source_ndcg@10 = 0.0559, target_hit@10 = 0.0775, target_ndcg@10 = 0.0383
new best model saved.

2024-08-07 06:00:38.503329: step 17493/27440 (epoch 51/80), loss = 1.074996 (453.480 sec/epoch), lr: 0.001589
Evaluating on dev set...
..................................................................
source: 	 mrr: 0.043496	 ndcg_5: 0.0335	 ndcg_10: 0.0453	 hit@1:0.016477	 hit@5:0.0507	 hit@10: 0.0871
target: 	 mrr: 0.038249	 ndcg_5: 0.0292	 ndcg_10: 0.0408	 hit@1:0.010309	 hit@5:0.0496	 hit@10: 0.0861
epoch 51: train_loss = 1.074996, source_hit@10 = 0.0871, source_ndcg@10 = 0.0453, target_hit@10 = 0.0861, target_ndcg@10 = 0.0408

2024-08-07 06:06:05.469730: step 17836/27440 (epoch 52/80), loss = 1.069810 (317.844 sec/epoch), lr: 0.001509
Evaluating on dev set...
..................................................................
source: 	 mrr: 0.049696	 ndcg_5: 0.0415	 ndcg_10: 0.0534	 hit@1:0.016160	 hit@5:0.0672	 hit@10: 0.1039
target: 	 mrr: 0.042612	 ndcg_5: 0.0345	 ndcg_10: 0.0449	 hit@1:0.013931	 hit@5:0.0554	 hit@10: 0.0880
epoch 52: train_loss = 1.069810, source_hit@10 = 0.1039, source_ndcg@10 = 0.0534, target_hit@10 = 0.0880, target_ndcg@10 = 0.0449

2024-08-07 06:07:46.984087: step 18179/27440 (epoch 53/80), loss = 1.068736 (100.202 sec/epoch), lr: 0.001509
Evaluating on dev set...
..................................................................
source: 	 mrr: 0.052374	 ndcg_5: 0.0434	 ndcg_10: 0.0574	 hit@1:0.020913	 hit@5:0.0669	 hit@10: 0.1106
target: 	 mrr: 0.040459	 ndcg_5: 0.0302	 ndcg_10: 0.0422	 hit@1:0.015046	 hit@5:0.0460	 hit@10: 0.0836
epoch 53: train_loss = 1.068736, source_hit@10 = 0.1106, source_ndcg@10 = 0.0574, target_hit@10 = 0.0836, target_ndcg@10 = 0.0422

2024-08-07 06:09:27.171011: step 18522/27440 (epoch 54/80), loss = 1.068173 (98.965 sec/epoch), lr: 0.001509
Evaluating on dev set...
..................................................................
source: 	 mrr: 0.049059	 ndcg_5: 0.0394	 ndcg_10: 0.0540	 hit@1:0.017744	 hit@5:0.0612	 hit@10: 0.1065
target: 	 mrr: 0.039489	 ndcg_5: 0.0307	 ndcg_10: 0.0411	 hit@1:0.014210	 hit@5:0.0479	 hit@10: 0.0805
epoch 54: train_loss = 1.068173, source_hit@10 = 0.1065, source_ndcg@10 = 0.0540, target_hit@10 = 0.0805, target_ndcg@10 = 0.0411

2024-08-07 06:11:07.469187: step 18865/27440 (epoch 55/80), loss = 1.064643 (99.057 sec/epoch), lr: 0.001434
Evaluating on dev set...
..................................................................
source: 	 mrr: 0.034909	 ndcg_5: 0.0274	 ndcg_10: 0.0349	 hit@1:0.012357	 hit@5:0.0421	 hit@10: 0.0656
target: 	 mrr: 0.039860	 ndcg_5: 0.0306	 ndcg_10: 0.0418	 hit@1:0.011702	 hit@5:0.0493	 hit@10: 0.0844
epoch 55: train_loss = 1.064643, source_hit@10 = 0.0656, source_ndcg@10 = 0.0349, target_hit@10 = 0.0844, target_ndcg@10 = 0.0418

2024-08-07 06:12:47.517299: step 19208/27440 (epoch 56/80), loss = 1.062851 (98.851 sec/epoch), lr: 0.001362
Evaluating on dev set...
..................................................................
source: 	 mrr: 0.050646	 ndcg_5: 0.0412	 ndcg_10: 0.0545	 hit@1:0.018061	 hit@5:0.0637	 hit@10: 0.1052
target: 	 mrr: 0.042273	 ndcg_5: 0.0336	 ndcg_10: 0.0455	 hit@1:0.013653	 hit@5:0.0543	 hit@10: 0.0914
epoch 56: train_loss = 1.062851, source_hit@10 = 0.1052, source_ndcg@10 = 0.0545, target_hit@10 = 0.0914, target_ndcg@10 = 0.0455

2024-08-07 06:14:28.248412: step 19551/27440 (epoch 57/80), loss = 1.061598 (99.393 sec/epoch), lr: 0.001362
Evaluating on dev set...
..................................................................
source: 	 mrr: 0.054018	 ndcg_5: 0.0436	 ndcg_10: 0.0582	 hit@1:0.020913	 hit@5:0.0656	 hit@10: 0.1109
target: 	 mrr: 0.041119	 ndcg_5: 0.0316	 ndcg_10: 0.0439	 hit@1:0.012817	 hit@5:0.0510	 hit@10: 0.0897
epoch 57: train_loss = 1.061598, source_hit@10 = 0.1109, source_ndcg@10 = 0.0582, target_hit@10 = 0.0897, target_ndcg@10 = 0.0439

2024-08-07 06:16:08.668360: step 19894/27440 (epoch 58/80), loss = 1.058657 (99.220 sec/epoch), lr: 0.001362
Evaluating on dev set...
..................................................................
source: 	 mrr: 0.052138	 ndcg_5: 0.0409	 ndcg_10: 0.0556	 hit@1:0.020279	 hit@5:0.0608	 hit@10: 0.1071
target: 	 mrr: 0.043824	 ndcg_5: 0.0339	 ndcg_10: 0.0467	 hit@1:0.016160	 hit@5:0.0527	 hit@10: 0.0928
epoch 58: train_loss = 1.058657, source_hit@10 = 0.1071, source_ndcg@10 = 0.0556, target_hit@10 = 0.0928, target_ndcg@10 = 0.0467

2024-08-07 06:17:49.326110: step 20237/27440 (epoch 59/80), loss = 1.057978 (99.479 sec/epoch), lr: 0.001362
Evaluating on dev set...
..................................................................
source: 	 mrr: 0.051580	 ndcg_5: 0.0425	 ndcg_10: 0.0558	 hit@1:0.017427	 hit@5:0.0665	 hit@10: 0.1080
target: 	 mrr: 0.040907	 ndcg_5: 0.0329	 ndcg_10: 0.0417	 hit@1:0.014489	 hit@5:0.0510	 hit@10: 0.0789
epoch 59: train_loss = 1.057978, source_hit@10 = 0.1080, source_ndcg@10 = 0.0558, target_hit@10 = 0.0789, target_ndcg@10 = 0.0417

2024-08-07 06:19:30.017736: step 20580/27440 (epoch 60/80), loss = 1.055721 (99.516 sec/epoch), lr: 0.001294
Evaluating on dev set...
..................................................................
source: 	 mrr: 0.051276	 ndcg_5: 0.0414	 ndcg_10: 0.0547	 hit@1:0.018061	 hit@5:0.0643	 hit@10: 0.1055
target: 	 mrr: 0.039417	 ndcg_5: 0.0311	 ndcg_10: 0.0418	 hit@1:0.010867	 hit@5:0.0513	 hit@10: 0.0850
epoch 60: train_loss = 1.055721, source_hit@10 = 0.1055, source_ndcg@10 = 0.0547, target_hit@10 = 0.0850, target_ndcg@10 = 0.0418

2024-08-07 06:21:10.814392: step 20923/27440 (epoch 61/80), loss = 1.052497 (99.557 sec/epoch), lr: 0.001229
Evaluating on dev set...
..................................................................
source: 	 mrr: 0.045899	 ndcg_5: 0.0372	 ndcg_10: 0.0485	 hit@1:0.015843	 hit@5:0.0596	 hit@10: 0.0947
target: 	 mrr: 0.038828	 ndcg_5: 0.0312	 ndcg_10: 0.0402	 hit@1:0.013653	 hit@5:0.0496	 hit@10: 0.0772
epoch 61: train_loss = 1.052497, source_hit@10 = 0.0947, source_ndcg@10 = 0.0485, target_hit@10 = 0.0772, target_ndcg@10 = 0.0402

2024-08-07 06:22:50.862099: step 21266/27440 (epoch 62/80), loss = 1.049827 (98.814 sec/epoch), lr: 0.001168
Evaluating on dev set...
..................................................................
source: 	 mrr: 0.055980	 ndcg_5: 0.0476	 ndcg_10: 0.0594	 hit@1:0.024081	 hit@5:0.0710	 hit@10: 0.1080
target: 	 mrr: 0.044157	 ndcg_5: 0.0352	 ndcg_10: 0.0460	 hit@1:0.016160	 hit@5:0.0546	 hit@10: 0.0883
source best!
..............................
source: 	 mrr: 0.051249	 ndcg_5: 0.0419	 ndcg_10: 0.0559	 hit@1:0.019449	 hit@5:0.0648	 hit@10: 0.1086
epoch 62: train_loss = 1.049827, source_hit@10 = 0.1086, source_ndcg@10 = 0.0559, target_hit@10 = 0.0883, target_ndcg@10 = 0.0460
new best model saved.

2024-08-07 06:24:32.190143: step 21609/27440 (epoch 63/80), loss = 1.049153 (99.338 sec/epoch), lr: 0.001168
Evaluating on dev set...
..................................................................
source: 	 mrr: 0.052585	 ndcg_5: 0.0438	 ndcg_10: 0.0555	 hit@1:0.021863	 hit@5:0.0653	 hit@10: 0.1017
target: 	 mrr: 0.041619	 ndcg_5: 0.0311	 ndcg_10: 0.0440	 hit@1:0.013374	 hit@5:0.0493	 hit@10: 0.0894
epoch 63: train_loss = 1.049153, source_hit@10 = 0.1017, source_ndcg@10 = 0.0555, target_hit@10 = 0.0894, target_ndcg@10 = 0.0440

2024-08-07 06:26:13.627378: step 21952/27440 (epoch 64/80), loss = 1.044829 (100.250 sec/epoch), lr: 0.001110
Evaluating on dev set...
..................................................................
source: 	 mrr: 0.043238	 ndcg_5: 0.0349	 ndcg_10: 0.0456	 hit@1:0.015526	 hit@5:0.0542	 hit@10: 0.0875
target: 	 mrr: 0.039219	 ndcg_5: 0.0307	 ndcg_10: 0.0415	 hit@1:0.012817	 hit@5:0.0482	 hit@10: 0.0816
epoch 64: train_loss = 1.044829, source_hit@10 = 0.0875, source_ndcg@10 = 0.0456, target_hit@10 = 0.0816, target_ndcg@10 = 0.0415

2024-08-07 06:27:54.156113: step 22295/27440 (epoch 65/80), loss = 1.042441 (99.304 sec/epoch), lr: 0.001054
Evaluating on dev set...
..................................................................
source: 	 mrr: 0.059326	 ndcg_5: 0.0503	 ndcg_10: 0.0637	 hit@1:0.025665	 hit@5:0.0760	 hit@10: 0.1169
target: 	 mrr: 0.043764	 ndcg_5: 0.0337	 ndcg_10: 0.0461	 hit@1:0.016160	 hit@5:0.0515	 hit@10: 0.0903
source best!
..............................
source: 	 mrr: 0.058553	 ndcg_5: 0.0495	 ndcg_10: 0.0627	 hit@1:0.026256	 hit@5:0.0733	 hit@10: 0.1141
epoch 65: train_loss = 1.042441, source_hit@10 = 0.1141, source_ndcg@10 = 0.0627, target_hit@10 = 0.0903, target_ndcg@10 = 0.0461
new best model saved.

2024-08-07 06:29:35.104749: step 22638/27440 (epoch 66/80), loss = 1.039101 (99.006 sec/epoch), lr: 0.001054
Evaluating on dev set...
..................................................................
source: 	 mrr: 0.051702	 ndcg_5: 0.0424	 ndcg_10: 0.0562	 hit@1:0.017110	 hit@5:0.0675	 hit@10: 0.1093
target: 	 mrr: 0.041706	 ndcg_5: 0.0334	 ndcg_10: 0.0440	 hit@1:0.013653	 hit@5:0.0541	 hit@10: 0.0869
epoch 66: train_loss = 1.039101, source_hit@10 = 0.1093, source_ndcg@10 = 0.0562, target_hit@10 = 0.0869, target_ndcg@10 = 0.0440

2024-08-07 06:31:15.691406: step 22981/27440 (epoch 67/80), loss = 1.036710 (99.391 sec/epoch), lr: 0.001001
Evaluating on dev set...
..................................................................
source: 	 mrr: 0.050784	 ndcg_5: 0.0420	 ndcg_10: 0.0545	 hit@1:0.019962	 hit@5:0.0656	 hit@10: 0.1046
target: 	 mrr: 0.038506	 ndcg_5: 0.0285	 ndcg_10: 0.0415	 hit@1:0.011145	 hit@5:0.0465	 hit@10: 0.0872
epoch 67: train_loss = 1.036710, source_hit@10 = 0.1046, source_ndcg@10 = 0.0545, target_hit@10 = 0.0872, target_ndcg@10 = 0.0415

2024-08-07 06:32:56.481156: step 23324/27440 (epoch 68/80), loss = 1.031231 (99.521 sec/epoch), lr: 0.000951
Evaluating on dev set...
..................................................................
source: 	 mrr: 0.051268	 ndcg_5: 0.0414	 ndcg_10: 0.0557	 hit@1:0.018378	 hit@5:0.0643	 hit@10: 0.1087
target: 	 mrr: 0.042564	 ndcg_5: 0.0345	 ndcg_10: 0.0459	 hit@1:0.013931	 hit@5:0.0557	 hit@10: 0.0911
epoch 68: train_loss = 1.031231, source_hit@10 = 0.1087, source_ndcg@10 = 0.0557, target_hit@10 = 0.0911, target_ndcg@10 = 0.0459

2024-08-07 06:34:36.160353: step 23667/27440 (epoch 69/80), loss = 1.029331 (98.487 sec/epoch), lr: 0.000951
Evaluating on dev set...
..................................................................
source: 	 mrr: 0.054838	 ndcg_5: 0.0468	 ndcg_10: 0.0594	 hit@1:0.019962	 hit@5:0.0735	 hit@10: 0.1131
target: 	 mrr: 0.038890	 ndcg_5: 0.0299	 ndcg_10: 0.0415	 hit@1:0.011702	 hit@5:0.0485	 hit@10: 0.0847
epoch 69: train_loss = 1.029331, source_hit@10 = 0.1131, source_ndcg@10 = 0.0594, target_hit@10 = 0.0847, target_ndcg@10 = 0.0415

2024-08-07 06:36:17.265360: step 24010/27440 (epoch 70/80), loss = 1.023342 (99.817 sec/epoch), lr: 0.000904
Evaluating on dev set...
..................................................................
source: 	 mrr: 0.054429	 ndcg_5: 0.0462	 ndcg_10: 0.0589	 hit@1:0.020279	 hit@5:0.0726	 hit@10: 0.1122
target: 	 mrr: 0.041123	 ndcg_5: 0.0341	 ndcg_10: 0.0429	 hit@1:0.012817	 hit@5:0.0552	 hit@10: 0.0830
epoch 70: train_loss = 1.023342, source_hit@10 = 0.1122, source_ndcg@10 = 0.0589, target_hit@10 = 0.0830, target_ndcg@10 = 0.0429

2024-08-07 06:37:56.517926: step 24353/27440 (epoch 71/80), loss = 1.021213 (97.980 sec/epoch), lr: 0.000904
Evaluating on dev set...
..................................................................
source: 	 mrr: 0.053007	 ndcg_5: 0.0431	 ndcg_10: 0.0579	 hit@1:0.019328	 hit@5:0.0669	 hit@10: 0.1131
target: 	 mrr: 0.042721	 ndcg_5: 0.0335	 ndcg_10: 0.0449	 hit@1:0.014767	 hit@5:0.0541	 hit@10: 0.0894
epoch 71: train_loss = 1.021213, source_hit@10 = 0.1131, source_ndcg@10 = 0.0579, target_hit@10 = 0.0894, target_ndcg@10 = 0.0449

2024-08-07 06:39:34.987062: step 24696/27440 (epoch 72/80), loss = 1.018525 (97.283 sec/epoch), lr: 0.000904
Evaluating on dev set...
..................................................................
source: 	 mrr: 0.054295	 ndcg_5: 0.0455	 ndcg_10: 0.0599	 hit@1:0.018378	 hit@5:0.0719	 hit@10: 0.1166
target: 	 mrr: 0.044255	 ndcg_5: 0.0359	 ndcg_10: 0.0459	 hit@1:0.014767	 hit@5:0.0560	 hit@10: 0.0869
epoch 72: train_loss = 1.018525, source_hit@10 = 0.1166, source_ndcg@10 = 0.0599, target_hit@10 = 0.0869, target_ndcg@10 = 0.0459

2024-08-07 06:41:14.385616: step 25039/27440 (epoch 73/80), loss = 1.014929 (98.229 sec/epoch), lr: 0.000904
Evaluating on dev set...
..................................................................
source: 	 mrr: 0.051469	 ndcg_5: 0.0423	 ndcg_10: 0.0558	 hit@1:0.019645	 hit@5:0.0653	 hit@10: 0.1074
target: 	 mrr: 0.041069	 ndcg_5: 0.0332	 ndcg_10: 0.0440	 hit@1:0.013653	 hit@5:0.0532	 hit@10: 0.0869
epoch 73: train_loss = 1.014929, source_hit@10 = 0.1074, source_ndcg@10 = 0.0558, target_hit@10 = 0.0869, target_ndcg@10 = 0.0440

2024-08-07 06:42:54.142505: step 25382/27440 (epoch 74/80), loss = 1.010156 (98.519 sec/epoch), lr: 0.000859
Evaluating on dev set...
..................................................................
source: 	 mrr: 0.057412	 ndcg_5: 0.0478	 ndcg_10: 0.0631	 hit@1:0.022814	 hit@5:0.0719	 hit@10: 0.1195
target: 	 mrr: 0.040476	 ndcg_5: 0.0302	 ndcg_10: 0.0446	 hit@1:0.013096	 hit@5:0.0476	 hit@10: 0.0925
epoch 74: train_loss = 1.010156, source_hit@10 = 0.1195, source_ndcg@10 = 0.0631, target_hit@10 = 0.0925, target_ndcg@10 = 0.0446

2024-08-07 06:44:32.516060: step 25725/27440 (epoch 75/80), loss = 1.004887 (97.205 sec/epoch), lr: 0.000859
Evaluating on dev set...
..................................................................
source: 	 mrr: 0.041788	 ndcg_5: 0.0328	 ndcg_10: 0.0439	 hit@1:0.014575	 hit@5:0.0520	 hit@10: 0.0868
target: 	 mrr: 0.043011	 ndcg_5: 0.0349	 ndcg_10: 0.0473	 hit@1:0.014489	 hit@5:0.0552	 hit@10: 0.0939
epoch 75: train_loss = 1.004887, source_hit@10 = 0.0868, source_ndcg@10 = 0.0439, target_hit@10 = 0.0939, target_ndcg@10 = 0.0473

2024-08-07 06:46:10.852761: step 26068/27440 (epoch 76/80), loss = 1.001276 (97.168 sec/epoch), lr: 0.000816
Evaluating on dev set...
..................................................................
source: 	 mrr: 0.045119	 ndcg_5: 0.0380	 ndcg_10: 0.0485	 hit@1:0.015843	 hit@5:0.0602	 hit@10: 0.0928
target: 	 mrr: 0.042337	 ndcg_5: 0.0344	 ndcg_10: 0.0460	 hit@1:0.013374	 hit@5:0.0552	 hit@10: 0.0911
epoch 76: train_loss = 1.001276, source_hit@10 = 0.0928, source_ndcg@10 = 0.0485, target_hit@10 = 0.0911, target_ndcg@10 = 0.0460

2024-08-07 06:47:49.039547: step 26411/27440 (epoch 77/80), loss = 0.997908 (97.013 sec/epoch), lr: 0.000816
Evaluating on dev set...
..................................................................
source: 	 mrr: 0.048236	 ndcg_5: 0.0380	 ndcg_10: 0.0500	 hit@1:0.018378	 hit@5:0.0586	 hit@10: 0.0957
target: 	 mrr: 0.040814	 ndcg_5: 0.0317	 ndcg_10: 0.0420	 hit@1:0.015603	 hit@5:0.0476	 hit@10: 0.0800
epoch 77: train_loss = 0.997908, source_hit@10 = 0.0957, source_ndcg@10 = 0.0500, target_hit@10 = 0.0800, target_ndcg@10 = 0.0420

2024-08-07 06:49:27.092025: step 26754/27440 (epoch 78/80), loss = 0.994788 (96.864 sec/epoch), lr: 0.000816
Evaluating on dev set...
..................................................................
source: 	 mrr: 0.050820	 ndcg_5: 0.0429	 ndcg_10: 0.0548	 hit@1:0.019011	 hit@5:0.0675	 hit@10: 0.1039
target: 	 mrr: 0.040039	 ndcg_5: 0.0325	 ndcg_10: 0.0430	 hit@1:0.012538	 hit@5:0.0524	 hit@10: 0.0850
epoch 78: train_loss = 0.994788, source_hit@10 = 0.1039, source_ndcg@10 = 0.0548, target_hit@10 = 0.0850, target_ndcg@10 = 0.0430

2024-08-07 06:51:07.053092: step 27097/27440 (epoch 79/80), loss = 0.993325 (98.774 sec/epoch), lr: 0.000816
Evaluating on dev set...
..................................................................
source: 	 mrr: 0.044318	 ndcg_5: 0.0366	 ndcg_10: 0.0481	 hit@1:0.013625	 hit@5:0.0596	 hit@10: 0.0954
target: 	 mrr: 0.043018	 ndcg_5: 0.0341	 ndcg_10: 0.0454	 hit@1:0.015603	 hit@5:0.0515	 hit@10: 0.0867
epoch 79: train_loss = 0.993325, source_hit@10 = 0.0954, source_ndcg@10 = 0.0481, target_hit@10 = 0.0867, target_ndcg@10 = 0.0454

2024-08-07 06:52:47.101746: step 27440/27440 (epoch 80/80), loss = 0.988572 (98.800 sec/epoch), lr: 0.000775
Evaluating on dev set...
..................................................................
source: 	 mrr: 0.047372	 ndcg_5: 0.0380	 ndcg_10: 0.0507	 hit@1:0.017110	 hit@5:0.0589	 hit@10: 0.0982
target: 	 mrr: 0.042406	 ndcg_5: 0.0363	 ndcg_10: 0.0456	 hit@1:0.013653	 hit@5:0.0591	 hit@10: 0.0880
epoch 80: train_loss = 0.988572, source_hit@10 = 0.0982, source_ndcg@10 = 0.0507, target_hit@10 = 0.0880, target_ndcg@10 = 0.0456

