nohup: ignoring input
using gpu:1 to train the model
using gpu:1 to train the model
cuda:1
Namespace(A_split=False, JK='sum', a_fold=100, aggregate=False, alpha=0.5, batch_size=1024, beta_inter=0.4, conv_layers=4, cuda=True, decay_epoch=10, device=device(type='cuda', index=1), device_id='1', domains='cloth_sport', dropout=0.5, epoch=80, feature_dim=126, hidden_dim=126, inter_tau=0.2, intra_tau=1, lambda_critic=0.4, leakey=0.05, load=False, log='logs.txt', log_epoch=1, lr=0.004, lr_decay=0.95, min_epoch=50, mode='train', model_file=None, model_name='cs', momentum=0.9, num_latent_factors=5, num_negative=100, optim='adam', patience=30, proj_layers=1, projection=1, residual=1, save=False, save_dir='./saved_models', seed=32, similarity_tau=0.1, test_sample_number=999, transfer_epoch=40, user_batch_size=256, weight_decay=0.0002)
number_user 41829
number_item 17943
/home/disk2/lhr/invariantCDR/invariantCDR/utils/GraphMaker.py:45: RuntimeWarning: divide by zero encountered in power
  r_inv = np.power(rowsum, -1).flatten()
real graph loaded!
number_user 27328
number_item 12655
real graph loaded!
graph loaded!
Loading data from cloth_sport with batch size 1024...
unseen test: 0
test length: 3156
unseen test: 0
test length: 3085
unseen test: 0
test length: 3589
unseen test: 0
test length: 3546
source_user_num 41829
target_user_num 27328
source_item_num 17943
target_item_num 12655
shared users id: 7857
test users 990, 982
unseen test: 0
dev length: 1000
unseen test: 0
dev length: 1000
source train data : 187880, target train data: 163291, source test data : 3085, target test data : 3546, source dev data : 1000, target dev data : 1000
2024-08-04 11:32:44.115199: step 343/27440 (epoch 1/80), loss = 1.387423 (129.026 sec/epoch), lr: 0.004000
Evaluating on dev set...
..................................................................
source: 	 mrr: 0.037479	 ndcg_5: 0.0288	 ndcg_10: 0.0399	 hit@1:0.011407	 hit@5:0.0469	 hit@10: 0.0814
target: 	 mrr: 0.034341	 ndcg_5: 0.0264	 ndcg_10: 0.0359	 hit@1:0.009473	 hit@5:0.0449	 hit@10: 0.0744
source best!
..............................
source: 	 mrr: 0.037323	 ndcg_5: 0.0289	 ndcg_10: 0.0368	 hit@1:0.013614	 hit@5:0.0441	 hit@10: 0.0684
target best!
...................................target: 	 mrr: 0.036201	 ndcg_5: 0.0275	 ndcg_10: 0.0374	 hit@1:0.012408	 hit@5:0.0434	 hit@10: 0.0747
epoch 1: train_loss = 1.387423, source_hit@10 = 0.0684, source_ndcg@10 = 0.0368, target_hit@10 = 0.0747, target_ndcg@10 = 0.0374

2024-08-04 11:34:54.976858: step 686/27440 (epoch 2/80), loss = 1.221985 (128.210 sec/epoch), lr: 0.004000
Evaluating on dev set...
..................................................................
source: 	 mrr: 0.036529	 ndcg_5: 0.0293	 ndcg_10: 0.0383	 hit@1:0.011407	 hit@5:0.0472	 hit@10: 0.0751
target: 	 mrr: 0.035878	 ndcg_5: 0.0269	 ndcg_10: 0.0363	 hit@1:0.010867	 hit@5:0.0429	 hit@10: 0.0722
target best!
...................................target: 	 mrr: 0.037929	 ndcg_5: 0.0298	 ndcg_10: 0.0394	 hit@1:0.010998	 hit@5:0.0485	 hit@10: 0.0784
epoch 2: train_loss = 1.221985, source_hit@10 = 0.0751, source_ndcg@10 = 0.0383, target_hit@10 = 0.0784, target_ndcg@10 = 0.0394
new best model saved.

2024-08-04 11:37:06.216347: step 1029/27440 (epoch 3/80), loss = 1.182018 (128.959 sec/epoch), lr: 0.004000
Evaluating on dev set...
..................................................................
source: 	 mrr: 0.039443	 ndcg_5: 0.0318	 ndcg_10: 0.0427	 hit@1:0.012041	 hit@5:0.0513	 hit@10: 0.0852
target: 	 mrr: 0.036781	 ndcg_5: 0.0284	 ndcg_10: 0.0373	 hit@1:0.012817	 hit@5:0.0443	 hit@10: 0.0719
source best!
..............................
source: 	 mrr: 0.035222	 ndcg_5: 0.0269	 ndcg_10: 0.0353	 hit@1:0.012318	 hit@5:0.0418	 hit@10: 0.0681
target best!
...................................target: 	 mrr: 0.037220	 ndcg_5: 0.0291	 ndcg_10: 0.0380	 hit@1:0.013254	 hit@5:0.0448	 hit@10: 0.0728
epoch 3: train_loss = 1.182018, source_hit@10 = 0.0681, source_ndcg@10 = 0.0353, target_hit@10 = 0.0728, target_ndcg@10 = 0.0380
new best model saved.

2024-08-04 11:39:19.422013: step 1372/27440 (epoch 4/80), loss = 1.158439 (130.400 sec/epoch), lr: 0.004000
Evaluating on dev set...
..................................................................
source: 	 mrr: 0.040346	 ndcg_5: 0.0311	 ndcg_10: 0.0436	 hit@1:0.013308	 hit@5:0.0491	 hit@10: 0.0878
target: 	 mrr: 0.030901	 ndcg_5: 0.0237	 ndcg_10: 0.0320	 hit@1:0.006687	 hit@5:0.0404	 hit@10: 0.0663
source best!
..............................
source: 	 mrr: 0.039519	 ndcg_5: 0.0312	 ndcg_10: 0.0406	 hit@1:0.014911	 hit@5:0.0486	 hit@10: 0.0778
epoch 4: train_loss = 1.158439, source_hit@10 = 0.0778, source_ndcg@10 = 0.0406, target_hit@10 = 0.0663, target_ndcg@10 = 0.0320

2024-08-04 11:41:30.416169: step 1715/27440 (epoch 5/80), loss = 1.143637 (129.116 sec/epoch), lr: 0.004000
Evaluating on dev set...
..................................................................
source: 	 mrr: 0.023801	 ndcg_5: 0.0167	 ndcg_10: 0.0240	 hit@1:0.005703	 hit@5:0.0279	 hit@10: 0.0507
target: 	 mrr: 0.032503	 ndcg_5: 0.0241	 ndcg_10: 0.0346	 hit@1:0.009473	 hit@5:0.0393	 hit@10: 0.0719
epoch 5: train_loss = 1.143637, source_hit@10 = 0.0507, source_ndcg@10 = 0.0240, target_hit@10 = 0.0719, target_ndcg@10 = 0.0346

2024-08-04 11:43:40.178742: step 2058/27440 (epoch 6/80), loss = 1.134819 (128.411 sec/epoch), lr: 0.004000
Evaluating on dev set...
..................................................................
source: 	 mrr: 0.041029	 ndcg_5: 0.0316	 ndcg_10: 0.0423	 hit@1:0.014575	 hit@5:0.0482	 hit@10: 0.0814
target: 	 mrr: 0.031219	 ndcg_5: 0.0224	 ndcg_10: 0.0318	 hit@1:0.009195	 hit@5:0.0351	 hit@10: 0.0649
source best!
..............................
source: 	 mrr: 0.040036	 ndcg_5: 0.0317	 ndcg_10: 0.0416	 hit@1:0.015235	 hit@5:0.0486	 hit@10: 0.0794
epoch 6: train_loss = 1.134819, source_hit@10 = 0.0794, source_ndcg@10 = 0.0416, target_hit@10 = 0.0649, target_ndcg@10 = 0.0318

2024-08-04 11:45:53.526465: step 2401/27440 (epoch 7/80), loss = 1.123744 (131.443 sec/epoch), lr: 0.004000
Evaluating on dev set...
..................................................................
source: 	 mrr: 0.041573	 ndcg_5: 0.0335	 ndcg_10: 0.0445	 hit@1:0.014575	 hit@5:0.0529	 hit@10: 0.0871
target: 	 mrr: 0.033655	 ndcg_5: 0.0248	 ndcg_10: 0.0333	 hit@1:0.011145	 hit@5:0.0385	 hit@10: 0.0649
source best!
..............................
source: 	 mrr: 0.039048	 ndcg_5: 0.0299	 ndcg_10: 0.0404	 hit@1:0.013290	 hit@5:0.0467	 hit@10: 0.0794
epoch 7: train_loss = 1.123744, source_hit@10 = 0.0794, source_ndcg@10 = 0.0404, target_hit@10 = 0.0649, target_ndcg@10 = 0.0333

2024-08-04 11:48:05.774219: step 2744/27440 (epoch 8/80), loss = 1.121846 (130.347 sec/epoch), lr: 0.004000
Evaluating on dev set...
..................................................................
source: 	 mrr: 0.042604	 ndcg_5: 0.0343	 ndcg_10: 0.0458	 hit@1:0.012991	 hit@5:0.0548	 hit@10: 0.0906
target: 	 mrr: 0.038481	 ndcg_5: 0.0310	 ndcg_10: 0.0406	 hit@1:0.011145	 hit@5:0.0507	 hit@10: 0.0808
source best!
..............................
source: 	 mrr: 0.040264	 ndcg_5: 0.0324	 ndcg_10: 0.0417	 hit@1:0.014587	 hit@5:0.0512	 hit@10: 0.0801
target best!
...................................target: 	 mrr: 0.039392	 ndcg_5: 0.0312	 ndcg_10: 0.0419	 hit@1:0.012972	 hit@5:0.0502	 hit@10: 0.0838
epoch 8: train_loss = 1.121846, source_hit@10 = 0.0801, source_ndcg@10 = 0.0417, target_hit@10 = 0.0838, target_ndcg@10 = 0.0419
new best model saved.

2024-08-04 11:50:19.552538: step 3087/27440 (epoch 9/80), loss = 1.115917 (130.587 sec/epoch), lr: 0.004000
Evaluating on dev set...
..................................................................
source: 	 mrr: 0.040132	 ndcg_5: 0.0324	 ndcg_10: 0.0431	 hit@1:0.012991	 hit@5:0.0535	 hit@10: 0.0859
target: 	 mrr: 0.036511	 ndcg_5: 0.0293	 ndcg_10: 0.0369	 hit@1:0.012538	 hit@5:0.0454	 hit@10: 0.0691
epoch 9: train_loss = 1.115917, source_hit@10 = 0.0859, source_ndcg@10 = 0.0431, target_hit@10 = 0.0691, target_ndcg@10 = 0.0369

2024-08-04 11:52:30.168672: step 3430/27440 (epoch 10/80), loss = 1.110332 (129.288 sec/epoch), lr: 0.004000
Evaluating on dev set...
..................................................................
source: 	 mrr: 0.031738	 ndcg_5: 0.0248	 ndcg_10: 0.0323	 hit@1:0.012357	 hit@5:0.0377	 hit@10: 0.0612
target: 	 mrr: 0.034010	 ndcg_5: 0.0265	 ndcg_10: 0.0344	 hit@1:0.009752	 hit@5:0.0437	 hit@10: 0.0683
epoch 10: train_loss = 1.110332, source_hit@10 = 0.0612, source_ndcg@10 = 0.0323, target_hit@10 = 0.0683, target_ndcg@10 = 0.0344

2024-08-04 11:54:43.549148: step 3773/27440 (epoch 11/80), loss = 1.107136 (132.025 sec/epoch), lr: 0.004000
Evaluating on dev set...
..................................................................
source: 	 mrr: 0.032912	 ndcg_5: 0.0264	 ndcg_10: 0.0345	 hit@1:0.011407	 hit@5:0.0418	 hit@10: 0.0669
target: 	 mrr: 0.035931	 ndcg_5: 0.0267	 ndcg_10: 0.0356	 hit@1:0.011702	 hit@5:0.0424	 hit@10: 0.0702
epoch 11: train_loss = 1.107136, source_hit@10 = 0.0669, source_ndcg@10 = 0.0345, target_hit@10 = 0.0702, target_ndcg@10 = 0.0356

2024-08-04 11:56:55.401263: step 4116/27440 (epoch 12/80), loss = 1.109111 (130.398 sec/epoch), lr: 0.004000
Evaluating on dev set...
..................................................................
source: 	 mrr: 0.022405	 ndcg_5: 0.0161	 ndcg_10: 0.0217	 hit@1:0.006654	 hit@5:0.0263	 hit@10: 0.0440
target: 	 mrr: 0.040769	 ndcg_5: 0.0331	 ndcg_10: 0.0430	 hit@1:0.014210	 hit@5:0.0527	 hit@10: 0.0833
target best!
...................................target: 	 mrr: 0.037902	 ndcg_5: 0.0306	 ndcg_10: 0.0394	 hit@1:0.011280	 hit@5:0.0491	 hit@10: 0.0764
epoch 12: train_loss = 1.109111, source_hit@10 = 0.0440, source_ndcg@10 = 0.0217, target_hit@10 = 0.0764, target_ndcg@10 = 0.0394

2024-08-04 11:59:05.351021: step 4459/27440 (epoch 13/80), loss = 1.101056 (127.985 sec/epoch), lr: 0.003800
Evaluating on dev set...
..................................................................
source: 	 mrr: 0.019537	 ndcg_5: 0.0127	 ndcg_10: 0.0191	 hit@1:0.004119	 hit@5:0.0222	 hit@10: 0.0421
target: 	 mrr: 0.028466	 ndcg_5: 0.0199	 ndcg_10: 0.0270	 hit@1:0.006966	 hit@5:0.0329	 hit@10: 0.0549
epoch 13: train_loss = 1.101056, source_hit@10 = 0.0421, source_ndcg@10 = 0.0191, target_hit@10 = 0.0549, target_ndcg@10 = 0.0270

2024-08-04 12:01:17.111292: step 4802/27440 (epoch 14/80), loss = 1.096122 (130.324 sec/epoch), lr: 0.003610
Evaluating on dev set...
..................................................................
source: 	 mrr: 0.040002	 ndcg_5: 0.0328	 ndcg_10: 0.0431	 hit@1:0.013308	 hit@5:0.0520	 hit@10: 0.0840
target: 	 mrr: 0.038441	 ndcg_5: 0.0302	 ndcg_10: 0.0401	 hit@1:0.012817	 hit@5:0.0482	 hit@10: 0.0789
epoch 14: train_loss = 1.096122, source_hit@10 = 0.0840, source_ndcg@10 = 0.0431, target_hit@10 = 0.0789, target_ndcg@10 = 0.0401

2024-08-04 12:03:27.178488: step 5145/27440 (epoch 15/80), loss = 1.096049 (128.658 sec/epoch), lr: 0.003610
Evaluating on dev set...
..................................................................
source: 	 mrr: 0.043850	 ndcg_5: 0.0355	 ndcg_10: 0.0459	 hit@1:0.015209	 hit@5:0.0561	 hit@10: 0.0884
target: 	 mrr: 0.039349	 ndcg_5: 0.0302	 ndcg_10: 0.0419	 hit@1:0.011981	 hit@5:0.0488	 hit@10: 0.0850
source best!
..............................
source: 	 mrr: 0.040920	 ndcg_5: 0.0305	 ndcg_10: 0.0410	 hit@1:0.015559	 hit@5:0.0457	 hit@10: 0.0784
epoch 15: train_loss = 1.096049, source_hit@10 = 0.0784, source_ndcg@10 = 0.0410, target_hit@10 = 0.0850, target_ndcg@10 = 0.0419

2024-08-04 12:05:37.231918: step 5488/27440 (epoch 16/80), loss = 1.094470 (128.166 sec/epoch), lr: 0.003610
Evaluating on dev set...
..................................................................
source: 	 mrr: 0.046836	 ndcg_5: 0.0388	 ndcg_10: 0.0522	 hit@1:0.013942	 hit@5:0.0627	 hit@10: 0.1039
target: 	 mrr: 0.038721	 ndcg_5: 0.0300	 ndcg_10: 0.0411	 hit@1:0.011981	 hit@5:0.0476	 hit@10: 0.0816
source best!
..............................
source: 	 mrr: 0.045269	 ndcg_5: 0.0373	 ndcg_10: 0.0479	 hit@1:0.015883	 hit@5:0.0587	 hit@10: 0.0917
epoch 16: train_loss = 1.094470, source_hit@10 = 0.0917, source_ndcg@10 = 0.0479, target_hit@10 = 0.0816, target_ndcg@10 = 0.0411
new best model saved.

2024-08-04 12:07:47.961230: step 5831/27440 (epoch 17/80), loss = 1.090350 (128.357 sec/epoch), lr: 0.003610
Evaluating on dev set...
..................................................................
source: 	 mrr: 0.044467	 ndcg_5: 0.0363	 ndcg_10: 0.0466	 hit@1:0.016160	 hit@5:0.0564	 hit@10: 0.0887
target: 	 mrr: 0.038234	 ndcg_5: 0.0293	 ndcg_10: 0.0399	 hit@1:0.013374	 hit@5:0.0451	 hit@10: 0.0777
epoch 17: train_loss = 1.090350, source_hit@10 = 0.0887, source_ndcg@10 = 0.0466, target_hit@10 = 0.0777, target_ndcg@10 = 0.0399

2024-08-04 12:09:58.474312: step 6174/27440 (epoch 18/80), loss = 1.085727 (129.194 sec/epoch), lr: 0.003429
Evaluating on dev set...
..................................................................
source: 	 mrr: 0.049287	 ndcg_5: 0.0410	 ndcg_10: 0.0519	 hit@1:0.020279	 hit@5:0.0621	 hit@10: 0.0963
target: 	 mrr: 0.037201	 ndcg_5: 0.0291	 ndcg_10: 0.0390	 hit@1:0.012538	 hit@5:0.0457	 hit@10: 0.0766
source best!
..............................
source: 	 mrr: 0.047103	 ndcg_5: 0.0398	 ndcg_10: 0.0504	 hit@1:0.019125	 hit@5:0.0626	 hit@10: 0.0950
epoch 18: train_loss = 1.085727, source_hit@10 = 0.0950, source_ndcg@10 = 0.0504, target_hit@10 = 0.0766, target_ndcg@10 = 0.0390

2024-08-04 12:12:10.092659: step 6517/27440 (epoch 19/80), loss = 1.079347 (129.706 sec/epoch), lr: 0.003429
Evaluating on dev set...
..................................................................
source: 	 mrr: 0.048634	 ndcg_5: 0.0400	 ndcg_10: 0.0513	 hit@1:0.019645	 hit@5:0.0605	 hit@10: 0.0960
target: 	 mrr: 0.041079	 ndcg_5: 0.0322	 ndcg_10: 0.0425	 hit@1:0.014210	 hit@5:0.0510	 hit@10: 0.0833
target best!
...................................target: 	 mrr: 0.042404	 ndcg_5: 0.0332	 ndcg_10: 0.0456	 hit@1:0.014100	 hit@5:0.0530	 hit@10: 0.0919
epoch 19: train_loss = 1.079347, source_hit@10 = 0.0960, source_ndcg@10 = 0.0513, target_hit@10 = 0.0919, target_ndcg@10 = 0.0456

2024-08-04 12:14:23.011805: step 6860/27440 (epoch 20/80), loss = 1.061495 (130.954 sec/epoch), lr: 0.003429
Evaluating on dev set...
..................................................................
source: 	 mrr: 0.048276	 ndcg_5: 0.0390	 ndcg_10: 0.0520	 hit@1:0.017744	 hit@5:0.0599	 hit@10: 0.1004
target: 	 mrr: 0.039532	 ndcg_5: 0.0303	 ndcg_10: 0.0425	 hit@1:0.012260	 hit@5:0.0488	 hit@10: 0.0869
epoch 20: train_loss = 1.061495, source_hit@10 = 0.1004, source_ndcg@10 = 0.0520, target_hit@10 = 0.0869, target_ndcg@10 = 0.0425

2024-08-04 12:16:34.683201: step 7203/27440 (epoch 21/80), loss = 1.052564 (130.258 sec/epoch), lr: 0.003258
Evaluating on dev set...
..................................................................
source: 	 mrr: 0.048539	 ndcg_5: 0.0391	 ndcg_10: 0.0521	 hit@1:0.018378	 hit@5:0.0602	 hit@10: 0.1008
target: 	 mrr: 0.038249	 ndcg_5: 0.0301	 ndcg_10: 0.0412	 hit@1:0.011981	 hit@5:0.0490	 hit@10: 0.0839
epoch 21: train_loss = 1.052564, source_hit@10 = 0.1008, source_ndcg@10 = 0.0521, target_hit@10 = 0.0839, target_ndcg@10 = 0.0412

2024-08-04 12:18:43.548675: step 7546/27440 (epoch 22/80), loss = 1.045816 (127.502 sec/epoch), lr: 0.003095
Evaluating on dev set...
..................................................................
source: 	 mrr: 0.047472	 ndcg_5: 0.0367	 ndcg_10: 0.0518	 hit@1:0.016477	 hit@5:0.0561	 hit@10: 0.1027
target: 	 mrr: 0.039637	 ndcg_5: 0.0321	 ndcg_10: 0.0413	 hit@1:0.014489	 hit@5:0.0499	 hit@10: 0.0786
epoch 22: train_loss = 1.045816, source_hit@10 = 0.1027, source_ndcg@10 = 0.0518, target_hit@10 = 0.0786, target_ndcg@10 = 0.0413

2024-08-04 12:20:55.881225: step 7889/27440 (epoch 23/80), loss = 1.044242 (130.967 sec/epoch), lr: 0.003095
Evaluating on dev set...
..................................................................
source: 	 mrr: 0.041277	 ndcg_5: 0.0328	 ndcg_10: 0.0435	 hit@1:0.013308	 hit@5:0.0529	 hit@10: 0.0859
target: 	 mrr: 0.039789	 ndcg_5: 0.0305	 ndcg_10: 0.0428	 hit@1:0.011981	 hit@5:0.0496	 hit@10: 0.0878
epoch 23: train_loss = 1.044242, source_hit@10 = 0.0859, source_ndcg@10 = 0.0435, target_hit@10 = 0.0878, target_ndcg@10 = 0.0428

2024-08-04 12:23:06.320349: step 8232/27440 (epoch 24/80), loss = 1.038298 (129.038 sec/epoch), lr: 0.002940
Evaluating on dev set...
..................................................................
source: 	 mrr: 0.052156	 ndcg_5: 0.0425	 ndcg_10: 0.0552	 hit@1:0.021863	 hit@5:0.0624	 hit@10: 0.1017
target: 	 mrr: 0.037099	 ndcg_5: 0.0308	 ndcg_10: 0.0381	 hit@1:0.012817	 hit@5:0.0496	 hit@10: 0.0724
source best!
..............................
source: 	 mrr: 0.043064	 ndcg_5: 0.0336	 ndcg_10: 0.0461	 hit@1:0.013938	 hit@5:0.0538	 hit@10: 0.0930
epoch 24: train_loss = 1.038298, source_hit@10 = 0.0930, source_ndcg@10 = 0.0461, target_hit@10 = 0.0724, target_ndcg@10 = 0.0381

2024-08-04 12:25:16.598015: step 8575/27440 (epoch 25/80), loss = 1.036810 (128.368 sec/epoch), lr: 0.002940
Evaluating on dev set...
..................................................................
source: 	 mrr: 0.048730	 ndcg_5: 0.0396	 ndcg_10: 0.0514	 hit@1:0.019011	 hit@5:0.0589	 hit@10: 0.0957
target: 	 mrr: 0.034280	 ndcg_5: 0.0249	 ndcg_10: 0.0356	 hit@1:0.011145	 hit@5:0.0390	 hit@10: 0.0722
epoch 25: train_loss = 1.036810, source_hit@10 = 0.0957, source_ndcg@10 = 0.0514, target_hit@10 = 0.0722, target_ndcg@10 = 0.0356

2024-08-04 12:27:28.039054: step 8918/27440 (epoch 26/80), loss = 1.029670 (130.004 sec/epoch), lr: 0.002793
Evaluating on dev set...
..................................................................
source: 	 mrr: 0.048350	 ndcg_5: 0.0392	 ndcg_10: 0.0500	 hit@1:0.019645	 hit@5:0.0586	 hit@10: 0.0922
target: 	 mrr: 0.037596	 ndcg_5: 0.0278	 ndcg_10: 0.0400	 hit@1:0.011981	 hit@5:0.0443	 hit@10: 0.0825
epoch 26: train_loss = 1.029670, source_hit@10 = 0.0922, source_ndcg@10 = 0.0500, target_hit@10 = 0.0825, target_ndcg@10 = 0.0400

2024-08-04 12:29:39.666042: step 9261/27440 (epoch 27/80), loss = 1.024976 (130.205 sec/epoch), lr: 0.002793
Evaluating on dev set...
..................................................................
source: 	 mrr: 0.047913	 ndcg_5: 0.0387	 ndcg_10: 0.0506	 hit@1:0.019645	 hit@5:0.0583	 hit@10: 0.0957
target: 	 mrr: 0.038868	 ndcg_5: 0.0302	 ndcg_10: 0.0394	 hit@1:0.012260	 hit@5:0.0485	 hit@10: 0.0775
epoch 27: train_loss = 1.024976, source_hit@10 = 0.0957, source_ndcg@10 = 0.0506, target_hit@10 = 0.0775, target_ndcg@10 = 0.0394

2024-08-04 12:31:47.654540: step 9604/27440 (epoch 28/80), loss = 1.023069 (126.621 sec/epoch), lr: 0.002793
Evaluating on dev set...
..................................................................
source: 	 mrr: 0.043621	 ndcg_5: 0.0358	 ndcg_10: 0.0463	 hit@1:0.015843	 hit@5:0.0564	 hit@10: 0.0894
target: 	 mrr: 0.034359	 ndcg_5: 0.0247	 ndcg_10: 0.0370	 hit@1:0.009473	 hit@5:0.0412	 hit@10: 0.0797
epoch 28: train_loss = 1.023069, source_hit@10 = 0.0894, source_ndcg@10 = 0.0463, target_hit@10 = 0.0797, target_ndcg@10 = 0.0370

2024-08-04 12:33:57.261713: step 9947/27440 (epoch 29/80), loss = 1.018151 (128.242 sec/epoch), lr: 0.002654
Evaluating on dev set...
..................................................................
source: 	 mrr: 0.044629	 ndcg_5: 0.0344	 ndcg_10: 0.0479	 hit@1:0.015526	 hit@5:0.0532	 hit@10: 0.0954
target: 	 mrr: 0.044739	 ndcg_5: 0.0360	 ndcg_10: 0.0484	 hit@1:0.014767	 hit@5:0.0577	 hit@10: 0.0961
target best!
...................................target: 	 mrr: 0.042042	 ndcg_5: 0.0332	 ndcg_10: 0.0451	 hit@1:0.013536	 hit@5:0.0530	 hit@10: 0.0897
epoch 29: train_loss = 1.018151, source_hit@10 = 0.0954, source_ndcg@10 = 0.0479, target_hit@10 = 0.0897, target_ndcg@10 = 0.0451

2024-08-04 12:36:08.508102: step 10290/27440 (epoch 30/80), loss = 1.016137 (129.192 sec/epoch), lr: 0.002654
Evaluating on dev set...
..................................................................
source: 	 mrr: 0.048903	 ndcg_5: 0.0402	 ndcg_10: 0.0516	 hit@1:0.018695	 hit@5:0.0618	 hit@10: 0.0970
target: 	 mrr: 0.045037	 ndcg_5: 0.0352	 ndcg_10: 0.0475	 hit@1:0.017275	 hit@5:0.0538	 hit@10: 0.0919
target best!
...................................target: 	 mrr: 0.042053	 ndcg_5: 0.0341	 ndcg_10: 0.0453	 hit@1:0.012972	 hit@5:0.0561	 hit@10: 0.0911
epoch 30: train_loss = 1.016137, source_hit@10 = 0.0970, source_ndcg@10 = 0.0516, target_hit@10 = 0.0911, target_ndcg@10 = 0.0453

2024-08-04 12:38:20.291195: step 10633/27440 (epoch 31/80), loss = 1.012049 (129.784 sec/epoch), lr: 0.002654
Evaluating on dev set...
..................................................................
source: 	 mrr: 0.043049	 ndcg_5: 0.0346	 ndcg_10: 0.0449	 hit@1:0.016160	 hit@5:0.0532	 hit@10: 0.0856
target: 	 mrr: 0.045262	 ndcg_5: 0.0365	 ndcg_10: 0.0491	 hit@1:0.013653	 hit@5:0.0588	 hit@10: 0.0975
target best!
...................................target: 	 mrr: 0.042956	 ndcg_5: 0.0341	 ndcg_10: 0.0452	 hit@1:0.014100	 hit@5:0.0547	 hit@10: 0.0894
epoch 31: train_loss = 1.012049, source_hit@10 = 0.0856, source_ndcg@10 = 0.0449, target_hit@10 = 0.0894, target_ndcg@10 = 0.0452

2024-08-04 12:40:31.958306: step 10976/27440 (epoch 32/80), loss = 1.009225 (129.551 sec/epoch), lr: 0.002521
Evaluating on dev set...
..................................................................
source: 	 mrr: 0.051315	 ndcg_5: 0.0426	 ndcg_10: 0.0538	 hit@1:0.021229	 hit@5:0.0640	 hit@10: 0.0985
target: 	 mrr: 0.043817	 ndcg_5: 0.0361	 ndcg_10: 0.0471	 hit@1:0.013653	 hit@5:0.0580	 hit@10: 0.0922
epoch 32: train_loss = 1.009225, source_hit@10 = 0.0985, source_ndcg@10 = 0.0538, target_hit@10 = 0.0922, target_ndcg@10 = 0.0471

2024-08-04 12:42:43.891413: step 11319/27440 (epoch 33/80), loss = 1.008263 (130.578 sec/epoch), lr: 0.002521
Evaluating on dev set...
..................................................................
source: 	 mrr: 0.038296	 ndcg_5: 0.0305	 ndcg_10: 0.0407	 hit@1:0.014259	 hit@5:0.0475	 hit@10: 0.0792
target: 	 mrr: 0.034922	 ndcg_5: 0.0268	 ndcg_10: 0.0345	 hit@1:0.013653	 hit@5:0.0398	 hit@10: 0.0638
epoch 33: train_loss = 1.008263, source_hit@10 = 0.0792, source_ndcg@10 = 0.0407, target_hit@10 = 0.0638, target_ndcg@10 = 0.0345

2024-08-04 12:44:56.057175: step 11662/27440 (epoch 34/80), loss = 1.001714 (130.741 sec/epoch), lr: 0.002395
Evaluating on dev set...
..................................................................
source: 	 mrr: 0.049889	 ndcg_5: 0.0416	 ndcg_10: 0.0528	 hit@1:0.019645	 hit@5:0.0627	 hit@10: 0.0979
target: 	 mrr: 0.042246	 ndcg_5: 0.0341	 ndcg_10: 0.0431	 hit@1:0.016996	 hit@5:0.0513	 hit@10: 0.0794
epoch 34: train_loss = 1.001714, source_hit@10 = 0.0979, source_ndcg@10 = 0.0528, target_hit@10 = 0.0794, target_ndcg@10 = 0.0431

2024-08-04 12:47:08.588498: step 12005/27440 (epoch 35/80), loss = 1.003555 (131.155 sec/epoch), lr: 0.002395
Evaluating on dev set...
..................................................................
source: 	 mrr: 0.045604	 ndcg_5: 0.0372	 ndcg_10: 0.0474	 hit@1:0.017110	 hit@5:0.0564	 hit@10: 0.0884
target: 	 mrr: 0.037839	 ndcg_5: 0.0293	 ndcg_10: 0.0401	 hit@1:0.012260	 hit@5:0.0465	 hit@10: 0.0800
epoch 35: train_loss = 1.003555, source_hit@10 = 0.0884, source_ndcg@10 = 0.0474, target_hit@10 = 0.0800, target_ndcg@10 = 0.0401

2024-08-04 12:49:20.056126: step 12348/27440 (epoch 36/80), loss = 0.997937 (130.019 sec/epoch), lr: 0.002275
Evaluating on dev set...
..................................................................
source: 	 mrr: 0.050718	 ndcg_5: 0.0415	 ndcg_10: 0.0551	 hit@1:0.020279	 hit@5:0.0618	 hit@10: 0.1049
target: 	 mrr: 0.042924	 ndcg_5: 0.0338	 ndcg_10: 0.0455	 hit@1:0.013931	 hit@5:0.0529	 hit@10: 0.0892
epoch 36: train_loss = 0.997937, source_hit@10 = 0.1049, source_ndcg@10 = 0.0551, target_hit@10 = 0.0892, target_ndcg@10 = 0.0455

2024-08-04 12:51:31.689621: step 12691/27440 (epoch 37/80), loss = 0.995282 (129.948 sec/epoch), lr: 0.002275
Evaluating on dev set...
..................................................................
source: 	 mrr: 0.037023	 ndcg_5: 0.0271	 ndcg_10: 0.0382	 hit@1:0.014259	 hit@5:0.0399	 hit@10: 0.0745
target: 	 mrr: 0.041660	 ndcg_5: 0.0318	 ndcg_10: 0.0438	 hit@1:0.013931	 hit@5:0.0493	 hit@10: 0.0869
epoch 37: train_loss = 0.995282, source_hit@10 = 0.0745, source_ndcg@10 = 0.0382, target_hit@10 = 0.0869, target_ndcg@10 = 0.0438

2024-08-04 12:53:47.318430: step 13034/27440 (epoch 38/80), loss = 0.993678 (134.283 sec/epoch), lr: 0.002161
Evaluating on dev set...
..................................................................
source: 	 mrr: 0.049268	 ndcg_5: 0.0404	 ndcg_10: 0.0524	 hit@1:0.018695	 hit@5:0.0621	 hit@10: 0.0992
target: 	 mrr: 0.045888	 ndcg_5: 0.0379	 ndcg_10: 0.0480	 hit@1:0.015603	 hit@5:0.0602	 hit@10: 0.0922
target best!
...................................target: 	 mrr: 0.042585	 ndcg_5: 0.0351	 ndcg_10: 0.0470	 hit@1:0.011562	 hit@5:0.0592	 hit@10: 0.0962
epoch 38: train_loss = 0.993678, source_hit@10 = 0.0992, source_ndcg@10 = 0.0524, target_hit@10 = 0.0962, target_ndcg@10 = 0.0470

2024-08-04 12:56:00.226625: step 13377/27440 (epoch 39/80), loss = 0.990145 (130.815 sec/epoch), lr: 0.002161
Evaluating on dev set...
..................................................................
source: 	 mrr: 0.045494	 ndcg_5: 0.0350	 ndcg_10: 0.0455	 hit@1:0.017427	 hit@5:0.0523	 hit@10: 0.0849
target: 	 mrr: 0.040331	 ndcg_5: 0.0312	 ndcg_10: 0.0422	 hit@1:0.012538	 hit@5:0.0493	 hit@10: 0.0836
epoch 39: train_loss = 0.990145, source_hit@10 = 0.0849, source_ndcg@10 = 0.0455, target_hit@10 = 0.0836, target_ndcg@10 = 0.0422

2024-08-04 12:58:11.111711: step 13720/27440 (epoch 40/80), loss = 0.986978 (129.499 sec/epoch), lr: 0.002053
Evaluating on dev set...
..................................................................
source: 	 mrr: 0.056004	 ndcg_5: 0.0474	 ndcg_10: 0.0603	 hit@1:0.023764	 hit@5:0.0707	 hit@10: 0.1112
target: 	 mrr: 0.040588	 ndcg_5: 0.0318	 ndcg_10: 0.0437	 hit@1:0.013653	 hit@5:0.0496	 hit@10: 0.0872
source best!
..............................
source: 	 mrr: 0.050659	 ndcg_5: 0.0421	 ndcg_10: 0.0543	 hit@1:0.019449	 hit@5:0.0652	 hit@10: 0.1028
epoch 40: train_loss = 0.986978, source_hit@10 = 0.1028, source_ndcg@10 = 0.0543, target_hit@10 = 0.0872, target_ndcg@10 = 0.0437
shift to transfer learning mode

2024-08-04 13:00:25.073690: step 14063/27440 (epoch 41/80), loss = 0.986499 (132.028 sec/epoch), lr: 0.002053
Evaluating on dev set...
..................................................................
source: 	 mrr: 0.056423	 ndcg_5: 0.0467	 ndcg_10: 0.0608	 hit@1:0.023764	 hit@5:0.0694	 hit@10: 0.1131
target: 	 mrr: 0.045618	 ndcg_5: 0.0373	 ndcg_10: 0.0481	 hit@1:0.015325	 hit@5:0.0580	 hit@10: 0.0914
source best!
..............................
source: 	 mrr: 0.056455	 ndcg_5: 0.0480	 ndcg_10: 0.0604	 hit@1:0.024959	 hit@5:0.0713	 hit@10: 0.1099
epoch 41: train_loss = 0.986499, source_hit@10 = 0.1099, source_ndcg@10 = 0.0604, target_hit@10 = 0.0914, target_ndcg@10 = 0.0481
new best model saved.

2024-08-04 13:02:39.061642: step 14406/27440 (epoch 42/80), loss = 0.982743 (131.697 sec/epoch), lr: 0.002053
Evaluating on dev set...
..................................................................
source: 	 mrr: 0.049558	 ndcg_5: 0.0405	 ndcg_10: 0.0519	 hit@1:0.020279	 hit@5:0.0608	 hit@10: 0.0963
target: 	 mrr: 0.045798	 ndcg_5: 0.0366	 ndcg_10: 0.0483	 hit@1:0.015882	 hit@5:0.0568	 hit@10: 0.0939
epoch 42: train_loss = 0.982743, source_hit@10 = 0.0963, source_ndcg@10 = 0.0519, target_hit@10 = 0.0939, target_ndcg@10 = 0.0483

2024-08-04 13:04:52.817801: step 14749/27440 (epoch 43/80), loss = 0.977918 (132.412 sec/epoch), lr: 0.001951
Evaluating on dev set...
..................................................................
source: 	 mrr: 0.048487	 ndcg_5: 0.0384	 ndcg_10: 0.0503	 hit@1:0.019962	 hit@5:0.0574	 hit@10: 0.0941
target: 	 mrr: 0.036107	 ndcg_5: 0.0277	 ndcg_10: 0.0379	 hit@1:0.011981	 hit@5:0.0440	 hit@10: 0.0758
epoch 43: train_loss = 0.977918, source_hit@10 = 0.0941, source_ndcg@10 = 0.0503, target_hit@10 = 0.0758, target_ndcg@10 = 0.0379

2024-08-04 13:07:03.964707: step 15092/27440 (epoch 44/80), loss = 0.972481 (129.753 sec/epoch), lr: 0.001853
Evaluating on dev set...
..................................................................
source: 	 mrr: 0.045431	 ndcg_5: 0.0370	 ndcg_10: 0.0487	 hit@1:0.016793	 hit@5:0.0570	 hit@10: 0.0935
target: 	 mrr: 0.047227	 ndcg_5: 0.0389	 ndcg_10: 0.0513	 hit@1:0.015325	 hit@5:0.0632	 hit@10: 0.1017
target best!
...................................target: 	 mrr: 0.047600	 ndcg_5: 0.0392	 ndcg_10: 0.0527	 hit@1:0.017202	 hit@5:0.0620	 hit@10: 0.1046
epoch 44: train_loss = 0.972481, source_hit@10 = 0.0935, source_ndcg@10 = 0.0487, target_hit@10 = 0.1046, target_ndcg@10 = 0.0527

2024-08-04 13:09:17.433383: step 15435/27440 (epoch 45/80), loss = 0.974607 (131.418 sec/epoch), lr: 0.001853
Evaluating on dev set...
..................................................................
source: 	 mrr: 0.045869	 ndcg_5: 0.0366	 ndcg_10: 0.0478	 hit@1:0.020279	 hit@5:0.0532	 hit@10: 0.0887
target: 	 mrr: 0.045631	 ndcg_5: 0.0369	 ndcg_10: 0.0493	 hit@1:0.016439	 hit@5:0.0582	 hit@10: 0.0967
epoch 45: train_loss = 0.974607, source_hit@10 = 0.0887, source_ndcg@10 = 0.0478, target_hit@10 = 0.0967, target_ndcg@10 = 0.0493

2024-08-04 13:11:30.244957: step 15778/27440 (epoch 46/80), loss = 0.969366 (131.454 sec/epoch), lr: 0.001761
Evaluating on dev set...
..................................................................
source: 	 mrr: 0.051240	 ndcg_5: 0.0433	 ndcg_10: 0.0546	 hit@1:0.019645	 hit@5:0.0675	 hit@10: 0.1023
target: 	 mrr: 0.042559	 ndcg_5: 0.0335	 ndcg_10: 0.0453	 hit@1:0.013653	 hit@5:0.0532	 hit@10: 0.0900
epoch 46: train_loss = 0.969366, source_hit@10 = 0.1023, source_ndcg@10 = 0.0546, target_hit@10 = 0.0900, target_ndcg@10 = 0.0453

2024-08-04 13:13:38.754605: step 16121/27440 (epoch 47/80), loss = 0.966727 (127.031 sec/epoch), lr: 0.001761
Evaluating on dev set...
..................................................................
source: 	 mrr: 0.059155	 ndcg_5: 0.0493	 ndcg_10: 0.0633	 hit@1:0.027250	 hit@5:0.0729	 hit@10: 0.1163
target: 	 mrr: 0.043615	 ndcg_5: 0.0347	 ndcg_10: 0.0476	 hit@1:0.013096	 hit@5:0.0568	 hit@10: 0.0970
source best!
..............................
source: 	 mrr: 0.055737	 ndcg_5: 0.0474	 ndcg_10: 0.0598	 hit@1:0.023339	 hit@5:0.0716	 hit@10: 0.1109
epoch 47: train_loss = 0.966727, source_hit@10 = 0.1109, source_ndcg@10 = 0.0598, target_hit@10 = 0.0970, target_ndcg@10 = 0.0476

2024-08-04 13:15:54.269192: step 16464/27440 (epoch 48/80), loss = 0.965857 (133.532 sec/epoch), lr: 0.001761
Evaluating on dev set...
..................................................................
source: 	 mrr: 0.051331	 ndcg_5: 0.0397	 ndcg_10: 0.0541	 hit@1:0.021546	 hit@5:0.0580	 hit@10: 0.1023
target: 	 mrr: 0.043070	 ndcg_5: 0.0336	 ndcg_10: 0.0454	 hit@1:0.014489	 hit@5:0.0532	 hit@10: 0.0900
epoch 48: train_loss = 0.965857, source_hit@10 = 0.1023, source_ndcg@10 = 0.0541, target_hit@10 = 0.0900, target_ndcg@10 = 0.0454

2024-08-04 13:18:09.797576: step 16807/27440 (epoch 49/80), loss = 0.960773 (134.088 sec/epoch), lr: 0.001672
Evaluating on dev set...
..................................................................
source: 	 mrr: 0.045830	 ndcg_5: 0.0380	 ndcg_10: 0.0479	 hit@1:0.016477	 hit@5:0.0596	 hit@10: 0.0903
target: 	 mrr: 0.041923	 ndcg_5: 0.0331	 ndcg_10: 0.0461	 hit@1:0.013096	 hit@5:0.0532	 hit@10: 0.0933
epoch 49: train_loss = 0.960773, source_hit@10 = 0.0903, source_ndcg@10 = 0.0479, target_hit@10 = 0.0933, target_ndcg@10 = 0.0461

2024-08-04 13:20:24.365475: step 17150/27440 (epoch 50/80), loss = 0.958344 (133.233 sec/epoch), lr: 0.001589
Evaluating on dev set...
..................................................................
source: 	 mrr: 0.049190	 ndcg_5: 0.0408	 ndcg_10: 0.0521	 hit@1:0.017427	 hit@5:0.0643	 hit@10: 0.1001
target: 	 mrr: 0.039800	 ndcg_5: 0.0298	 ndcg_10: 0.0418	 hit@1:0.014210	 hit@5:0.0457	 hit@10: 0.0830
epoch 50: train_loss = 0.958344, source_hit@10 = 0.1001, source_ndcg@10 = 0.0521, target_hit@10 = 0.0830, target_ndcg@10 = 0.0418

2024-08-04 13:22:35.150765: step 17493/27440 (epoch 51/80), loss = 0.958132 (129.408 sec/epoch), lr: 0.001589
Evaluating on dev set...
..................................................................
source: 	 mrr: 0.053522	 ndcg_5: 0.0457	 ndcg_10: 0.0555	 hit@1:0.024715	 hit@5:0.0678	 hit@10: 0.0982
target: 	 mrr: 0.042953	 ndcg_5: 0.0332	 ndcg_10: 0.0464	 hit@1:0.013931	 hit@5:0.0524	 hit@10: 0.0939
epoch 51: train_loss = 0.958132, source_hit@10 = 0.0982, source_ndcg@10 = 0.0555, target_hit@10 = 0.0939, target_ndcg@10 = 0.0464

2024-08-04 13:24:42.659611: step 17836/27440 (epoch 52/80), loss = 0.954209 (126.240 sec/epoch), lr: 0.001589
Evaluating on dev set...
..................................................................
source: 	 mrr: 0.054014	 ndcg_5: 0.0443	 ndcg_10: 0.0573	 hit@1:0.023131	 hit@5:0.0665	 hit@10: 0.1068
target: 	 mrr: 0.041872	 ndcg_5: 0.0326	 ndcg_10: 0.0462	 hit@1:0.012538	 hit@5:0.0535	 hit@10: 0.0961
epoch 52: train_loss = 0.954209, source_hit@10 = 0.1068, source_ndcg@10 = 0.0573, target_hit@10 = 0.0961, target_ndcg@10 = 0.0462

2024-08-04 13:26:48.591178: step 18179/27440 (epoch 53/80), loss = 0.949988 (124.564 sec/epoch), lr: 0.001509
Evaluating on dev set...
..................................................................
source: 	 mrr: 0.048553	 ndcg_5: 0.0407	 ndcg_10: 0.0514	 hit@1:0.018378	 hit@5:0.0627	 hit@10: 0.0960
target: 	 mrr: 0.038092	 ndcg_5: 0.0291	 ndcg_10: 0.0413	 hit@1:0.008916	 hit@5:0.0490	 hit@10: 0.0872
epoch 53: train_loss = 0.949988, source_hit@10 = 0.0960, source_ndcg@10 = 0.0514, target_hit@10 = 0.0872, target_ndcg@10 = 0.0413

2024-08-04 13:28:58.143817: step 18522/27440 (epoch 54/80), loss = 0.945642 (128.157 sec/epoch), lr: 0.001434
Evaluating on dev set...
..................................................................
source: 	 mrr: 0.058695	 ndcg_5: 0.0503	 ndcg_10: 0.0630	 hit@1:0.023764	 hit@5:0.0754	 hit@10: 0.1147
target: 	 mrr: 0.041950	 ndcg_5: 0.0332	 ndcg_10: 0.0448	 hit@1:0.014210	 hit@5:0.0513	 hit@10: 0.0878
epoch 54: train_loss = 0.945642, source_hit@10 = 0.1147, source_ndcg@10 = 0.0630, target_hit@10 = 0.0878, target_ndcg@10 = 0.0448

2024-08-04 13:31:06.372491: step 18865/27440 (epoch 55/80), loss = 0.943334 (126.602 sec/epoch), lr: 0.001434
Evaluating on dev set...
..................................................................
source: 	 mrr: 0.053436	 ndcg_5: 0.0426	 ndcg_10: 0.0571	 hit@1:0.024715	 hit@5:0.0618	 hit@10: 0.1074
target: 	 mrr: 0.041400	 ndcg_5: 0.0327	 ndcg_10: 0.0442	 hit@1:0.011424	 hit@5:0.0543	 hit@10: 0.0906
epoch 55: train_loss = 0.943334, source_hit@10 = 0.1074, source_ndcg@10 = 0.0571, target_hit@10 = 0.0906, target_ndcg@10 = 0.0442

2024-08-04 13:33:14.119885: step 19208/27440 (epoch 56/80), loss = 0.940453 (126.436 sec/epoch), lr: 0.001362
Evaluating on dev set...
..................................................................
source: 	 mrr: 0.055399	 ndcg_5: 0.0478	 ndcg_10: 0.0602	 hit@1:0.022814	 hit@5:0.0738	 hit@10: 0.1131
target: 	 mrr: 0.044649	 ndcg_5: 0.0360	 ndcg_10: 0.0492	 hit@1:0.012260	 hit@5:0.0593	 hit@10: 0.1014
epoch 56: train_loss = 0.940453, source_hit@10 = 0.1131, source_ndcg@10 = 0.0602, target_hit@10 = 0.1014, target_ndcg@10 = 0.0492

2024-08-04 13:35:36.058078: step 19551/27440 (epoch 57/80), loss = 0.938031 (140.314 sec/epoch), lr: 0.001362
Evaluating on dev set...
..................................................................
source: 	 mrr: 0.052525	 ndcg_5: 0.0428	 ndcg_10: 0.0554	 hit@1:0.022814	 hit@5:0.0634	 hit@10: 0.1027
target: 	 mrr: 0.034363	 ndcg_5: 0.0261	 ndcg_10: 0.0351	 hit@1:0.009752	 hit@5:0.0432	 hit@10: 0.0711
epoch 57: train_loss = 0.938031, source_hit@10 = 0.1027, source_ndcg@10 = 0.0554, target_hit@10 = 0.0711, target_ndcg@10 = 0.0351

2024-08-04 13:37:41.264146: step 19894/27440 (epoch 58/80), loss = 0.931570 (123.571 sec/epoch), lr: 0.001294
Evaluating on dev set...
..................................................................
source: 	 mrr: 0.049142	 ndcg_5: 0.0391	 ndcg_10: 0.0512	 hit@1:0.020596	 hit@5:0.0580	 hit@10: 0.0957
target: 	 mrr: 0.042442	 ndcg_5: 0.0334	 ndcg_10: 0.0471	 hit@1:0.012817	 hit@5:0.0546	 hit@10: 0.0975
epoch 58: train_loss = 0.931570, source_hit@10 = 0.0957, source_ndcg@10 = 0.0512, target_hit@10 = 0.0975, target_ndcg@10 = 0.0471

2024-08-04 13:39:44.879820: step 20237/27440 (epoch 59/80), loss = 0.930741 (122.294 sec/epoch), lr: 0.001294
Evaluating on dev set...
..................................................................
source: 	 mrr: 0.047396	 ndcg_5: 0.0389	 ndcg_10: 0.0495	 hit@1:0.020279	 hit@5:0.0583	 hit@10: 0.0913
target: 	 mrr: 0.044032	 ndcg_5: 0.0354	 ndcg_10: 0.0491	 hit@1:0.013374	 hit@5:0.0577	 hit@10: 0.1009
epoch 59: train_loss = 0.930741, source_hit@10 = 0.0913, source_ndcg@10 = 0.0495, target_hit@10 = 0.1009, target_ndcg@10 = 0.0491

2024-08-04 13:41:47.763606: step 20580/27440 (epoch 60/80), loss = 0.926455 (121.583 sec/epoch), lr: 0.001229
Evaluating on dev set...
..................................................................
source: 	 mrr: 0.054489	 ndcg_5: 0.0455	 ndcg_10: 0.0572	 hit@1:0.022497	 hit@5:0.0678	 hit@10: 0.1036
target: 	 mrr: 0.045143	 ndcg_5: 0.0369	 ndcg_10: 0.0488	 hit@1:0.013653	 hit@5:0.0599	 hit@10: 0.0964
epoch 60: train_loss = 0.926455, source_hit@10 = 0.1036, source_ndcg@10 = 0.0572, target_hit@10 = 0.0964, target_ndcg@10 = 0.0488

2024-08-04 13:43:50.042533: step 20923/27440 (epoch 61/80), loss = 0.924843 (121.002 sec/epoch), lr: 0.001229
Evaluating on dev set...
..................................................................
source: 	 mrr: 0.048929	 ndcg_5: 0.0401	 ndcg_10: 0.0515	 hit@1:0.019011	 hit@5:0.0615	 hit@10: 0.0973
target: 	 mrr: 0.048342	 ndcg_5: 0.0394	 ndcg_10: 0.0525	 hit@1:0.018111	 hit@5:0.0605	 hit@10: 0.1014
target best!
...................................target: 	 mrr: 0.047404	 ndcg_5: 0.0405	 ndcg_10: 0.0516	 hit@1:0.016356	 hit@5:0.0637	 hit@10: 0.0984
epoch 61: train_loss = 0.924843, source_hit@10 = 0.0973, source_ndcg@10 = 0.0515, target_hit@10 = 0.0984, target_ndcg@10 = 0.0516

2024-08-04 13:45:52.879715: step 21266/27440 (epoch 62/80), loss = 0.921073 (120.957 sec/epoch), lr: 0.001168
Evaluating on dev set...
..................................................................
source: 	 mrr: 0.054879	 ndcg_5: 0.0442	 ndcg_10: 0.0567	 hit@1:0.024398	 hit@5:0.0627	 hit@10: 0.1017
target: 	 mrr: 0.048512	 ndcg_5: 0.0392	 ndcg_10: 0.0537	 hit@1:0.017554	 hit@5:0.0610	 hit@10: 0.1062
target best!
...................................target: 	 mrr: 0.047495	 ndcg_5: 0.0393	 ndcg_10: 0.0511	 hit@1:0.017202	 hit@5:0.0618	 hit@10: 0.0984
epoch 62: train_loss = 0.921073, source_hit@10 = 0.1017, source_ndcg@10 = 0.0567, target_hit@10 = 0.0984, target_ndcg@10 = 0.0511

2024-08-04 13:48:00.712262: step 21609/27440 (epoch 63/80), loss = 0.920201 (126.009 sec/epoch), lr: 0.001168
Evaluating on dev set...
..................................................................
source: 	 mrr: 0.043638	 ndcg_5: 0.0358	 ndcg_10: 0.0455	 hit@1:0.014259	 hit@5:0.0567	 hit@10: 0.0875
target: 	 mrr: 0.034485	 ndcg_5: 0.0273	 ndcg_10: 0.0367	 hit@1:0.010867	 hit@5:0.0446	 hit@10: 0.0738
epoch 63: train_loss = 0.920201, source_hit@10 = 0.0875, source_ndcg@10 = 0.0455, target_hit@10 = 0.0738, target_ndcg@10 = 0.0367

2024-08-04 13:50:06.118653: step 21952/27440 (epoch 64/80), loss = 0.915213 (124.156 sec/epoch), lr: 0.001110
Evaluating on dev set...
..................................................................
source: 	 mrr: 0.050033	 ndcg_5: 0.0410	 ndcg_10: 0.0539	 hit@1:0.020279	 hit@5:0.0624	 hit@10: 0.1027
target: 	 mrr: 0.043510	 ndcg_5: 0.0348	 ndcg_10: 0.0471	 hit@1:0.015603	 hit@5:0.0541	 hit@10: 0.0919
epoch 64: train_loss = 0.915213, source_hit@10 = 0.1027, source_ndcg@10 = 0.0539, target_hit@10 = 0.0919, target_ndcg@10 = 0.0471

2024-08-04 13:52:08.638885: step 22295/27440 (epoch 65/80), loss = 0.912628 (121.266 sec/epoch), lr: 0.001110
Evaluating on dev set...
..................................................................
source: 	 mrr: 0.046709	 ndcg_5: 0.0392	 ndcg_10: 0.0487	 hit@1:0.015843	 hit@5:0.0615	 hit@10: 0.0913
target: 	 mrr: 0.040620	 ndcg_5: 0.0332	 ndcg_10: 0.0434	 hit@1:0.011424	 hit@5:0.0557	 hit@10: 0.0875
epoch 65: train_loss = 0.912628, source_hit@10 = 0.0913, source_ndcg@10 = 0.0487, target_hit@10 = 0.0875, target_ndcg@10 = 0.0434

2024-08-04 13:54:11.264500: step 22638/27440 (epoch 66/80), loss = 0.905639 (121.331 sec/epoch), lr: 0.001054
Evaluating on dev set...
..................................................................
source: 	 mrr: 0.053509	 ndcg_5: 0.0447	 ndcg_10: 0.0557	 hit@1:0.024081	 hit@5:0.0653	 hit@10: 0.0995
target: 	 mrr: 0.043520	 ndcg_5: 0.0341	 ndcg_10: 0.0462	 hit@1:0.013374	 hit@5:0.0552	 hit@10: 0.0928
epoch 66: train_loss = 0.905639, source_hit@10 = 0.0995, source_ndcg@10 = 0.0557, target_hit@10 = 0.0928, target_ndcg@10 = 0.0462

2024-08-04 13:56:13.741128: step 22981/27440 (epoch 67/80), loss = 0.903760 (121.227 sec/epoch), lr: 0.001054
Evaluating on dev set...
..................................................................
source: 	 mrr: 0.046829	 ndcg_5: 0.0391	 ndcg_10: 0.0485	 hit@1:0.018061	 hit@5:0.0599	 hit@10: 0.0897
target: 	 mrr: 0.041263	 ndcg_5: 0.0325	 ndcg_10: 0.0438	 hit@1:0.015325	 hit@5:0.0488	 hit@10: 0.0841
epoch 67: train_loss = 0.903760, source_hit@10 = 0.0897, source_ndcg@10 = 0.0485, target_hit@10 = 0.0841, target_ndcg@10 = 0.0438

2024-08-04 13:58:16.023315: step 23324/27440 (epoch 68/80), loss = 0.897986 (121.020 sec/epoch), lr: 0.001001
Evaluating on dev set...
..................................................................
source: 	 mrr: 0.051294	 ndcg_5: 0.0431	 ndcg_10: 0.0542	 hit@1:0.019328	 hit@5:0.0675	 hit@10: 0.1023
target: 	 mrr: 0.045811	 ndcg_5: 0.0363	 ndcg_10: 0.0497	 hit@1:0.016160	 hit@5:0.0568	 hit@10: 0.0984
epoch 68: train_loss = 0.897986, source_hit@10 = 0.1023, source_ndcg@10 = 0.0542, target_hit@10 = 0.0984, target_ndcg@10 = 0.0497

2024-08-04 14:00:17.746263: step 23667/27440 (epoch 69/80), loss = 0.895215 (120.465 sec/epoch), lr: 0.001001
Evaluating on dev set...
..................................................................
source: 	 mrr: 0.057598	 ndcg_5: 0.0484	 ndcg_10: 0.0628	 hit@1:0.023764	 hit@5:0.0735	 hit@10: 0.1182
target: 	 mrr: 0.046459	 ndcg_5: 0.0381	 ndcg_10: 0.0495	 hit@1:0.018111	 hit@5:0.0588	 hit@10: 0.0947
epoch 69: train_loss = 0.895215, source_hit@10 = 0.1182, source_ndcg@10 = 0.0628, target_hit@10 = 0.0947, target_ndcg@10 = 0.0495

2024-08-04 14:02:19.737759: step 24010/27440 (epoch 70/80), loss = 0.892633 (120.680 sec/epoch), lr: 0.001001
Evaluating on dev set...
..................................................................
source: 	 mrr: 0.054388	 ndcg_5: 0.0465	 ndcg_10: 0.0582	 hit@1:0.022497	 hit@5:0.0703	 hit@10: 0.1068
target: 	 mrr: 0.042947	 ndcg_5: 0.0355	 ndcg_10: 0.0456	 hit@1:0.014489	 hit@5:0.0568	 hit@10: 0.0883
epoch 70: train_loss = 0.892633, source_hit@10 = 0.1068, source_ndcg@10 = 0.0582, target_hit@10 = 0.0883, target_ndcg@10 = 0.0456

2024-08-04 14:04:22.062765: step 24353/27440 (epoch 71/80), loss = 0.888813 (121.051 sec/epoch), lr: 0.000951
Evaluating on dev set...
..................................................................
source: 	 mrr: 0.054744	 ndcg_5: 0.0466	 ndcg_10: 0.0581	 hit@1:0.021863	 hit@5:0.0703	 hit@10: 0.1061
target: 	 mrr: 0.040562	 ndcg_5: 0.0317	 ndcg_10: 0.0425	 hit@1:0.012538	 hit@5:0.0513	 hit@10: 0.0850
epoch 71: train_loss = 0.888813, source_hit@10 = 0.1061, source_ndcg@10 = 0.0581, target_hit@10 = 0.0850, target_ndcg@10 = 0.0425

2024-08-04 14:06:24.760086: step 24696/27440 (epoch 72/80), loss = 0.883309 (121.457 sec/epoch), lr: 0.000904
Evaluating on dev set...
..................................................................
source: 	 mrr: 0.055995	 ndcg_5: 0.0473	 ndcg_10: 0.0604	 hit@1:0.022814	 hit@5:0.0719	 hit@10: 0.1131
target: 	 mrr: 0.044885	 ndcg_5: 0.0353	 ndcg_10: 0.0473	 hit@1:0.017275	 hit@5:0.0535	 hit@10: 0.0906
epoch 72: train_loss = 0.883309, source_hit@10 = 0.1131, source_ndcg@10 = 0.0604, target_hit@10 = 0.0906, target_ndcg@10 = 0.0473
early termination of training
