nohup: ignoring input
using gpu:1 to train the model
using gpu:1 to train the model
cuda:1
Namespace(A_split=False, JK='sum', a_fold=100, aggregate=False, alpha=0.5, batch_size=1024, beta_inter=0.4, conv_layers=4, cuda=True, decay_epoch=10, device=device(type='cuda', index=1), device_id='1', domains='cloth_sport', dropout=0.5, epoch=80, feature_dim=126, hidden_dim=126, inter_tau=0.2, intra_tau=1, lambda_critic=0.3, leakey=0.05, load=False, log='logs.txt', log_epoch=1, lr=0.004, lr_decay=0.95, min_epoch=50, mode='train', model_file=None, model_name='cs', momentum=0.9, num_latent_factors=3, num_negative=100, optim='adam', patience=30, proj_layers=1, projection=1, residual=1, save=False, save_dir='./saved_models', seed=2040, similarity_tau=0.1, test_sample_number=999, transfer_epoch=40, user_batch_size=256, weight_decay=0.0002)
number_user 41829
number_item 17943
/home/hourun/invariantCDR_v2/invariantCDR/utils/GraphMaker.py:45: RuntimeWarning: divide by zero encountered in power
  r_inv = np.power(rowsum, -1).flatten()
real graph loaded!
number_user 27328
number_item 12655
real graph loaded!
graph loaded!
Loading data from cloth_sport with batch size 1024...
unseen test: 0
test length: 3156
unseen test: 0
test length: 3085
unseen test: 0
test length: 3589
unseen test: 0
test length: 3546
source_user_num 41829
target_user_num 27328
source_item_num 17943
target_item_num 12655
shared users id: 7857
test users 990, 982
unseen test: 0
dev length: 1000
unseen test: 0
dev length: 1000
source train data : 187880, target train data: 163291, source test data : 3085, target test data : 3546, source dev data : 1000, target dev data : 1000
2024-08-03 13:19:48.486537: step 343/27440 (epoch 1/80), loss = 1.647462 (50.079 sec/epoch), lr: 0.004000
Evaluating on dev set...
..................................................................
source: 	 mrr: 0.033267	 ndcg_5: 0.0259	 ndcg_10: 0.0339	 hit@1:0.011724	 hit@5:0.0409	 hit@10: 0.0653
target: 	 mrr: 0.024829	 ndcg_5: 0.0157	 ndcg_10: 0.0248	 hit@1:0.005573	 hit@5:0.0267	 hit@10: 0.0552
source best!
..............................
source: 	 mrr: 0.031535	 ndcg_5: 0.0255	 ndcg_10: 0.0322	 hit@1:0.010049	 hit@5:0.0412	 hit@10: 0.0622
target best!
...................................target: 	 mrr: 0.026777	 ndcg_5: 0.0185	 ndcg_10: 0.0265	 hit@1:0.006204	 hit@5:0.0310	 hit@10: 0.0561
epoch 1: train_loss = 1.647462, source_hit@10 = 0.0622, source_ndcg@10 = 0.0322, target_hit@10 = 0.0561, target_ndcg@10 = 0.0265

2024-08-03 13:20:40.340616: step 686/27440 (epoch 2/80), loss = 1.481301 (50.417 sec/epoch), lr: 0.004000
Evaluating on dev set...
..................................................................
source: 	 mrr: 0.044581	 ndcg_5: 0.0373	 ndcg_10: 0.0482	 hit@1:0.016160	 hit@5:0.0589	 hit@10: 0.0932
target: 	 mrr: 0.033299	 ndcg_5: 0.0242	 ndcg_10: 0.0339	 hit@1:0.009752	 hit@5:0.0393	 hit@10: 0.0697
source best!
..............................
source: 	 mrr: 0.038729	 ndcg_5: 0.0304	 ndcg_10: 0.0409	 hit@1:0.012642	 hit@5:0.0483	 hit@10: 0.0814
target best!
...................................target: 	 mrr: 0.036663	 ndcg_5: 0.0281	 ndcg_10: 0.0390	 hit@1:0.011280	 hit@5:0.0454	 hit@10: 0.0792
epoch 2: train_loss = 1.481301, source_hit@10 = 0.0814, source_ndcg@10 = 0.0409, target_hit@10 = 0.0792, target_ndcg@10 = 0.0390
new best model saved.

2024-08-03 13:21:31.940408: step 1029/27440 (epoch 3/80), loss = 1.468560 (49.987 sec/epoch), lr: 0.004000
Evaluating on dev set...
..................................................................
source: 	 mrr: 0.027486	 ndcg_5: 0.0191	 ndcg_10: 0.0275	 hit@1:0.006654	 hit@5:0.0311	 hit@10: 0.0570
target: 	 mrr: 0.028925	 ndcg_5: 0.0203	 ndcg_10: 0.0299	 hit@1:0.008359	 hit@5:0.0329	 hit@10: 0.0632
epoch 3: train_loss = 1.468560, source_hit@10 = 0.0570, source_ndcg@10 = 0.0275, target_hit@10 = 0.0632, target_ndcg@10 = 0.0299

2024-08-03 13:22:22.667808: step 1372/27440 (epoch 4/80), loss = 1.445089 (49.975 sec/epoch), lr: 0.004000
Evaluating on dev set...
..................................................................
source: 	 mrr: 0.038887	 ndcg_5: 0.0302	 ndcg_10: 0.0412	 hit@1:0.010139	 hit@5:0.0497	 hit@10: 0.0840
target: 	 mrr: 0.037658	 ndcg_5: 0.0272	 ndcg_10: 0.0374	 hit@1:0.015046	 hit@5:0.0401	 hit@10: 0.0719
target best!
...................................target: 	 mrr: 0.037825	 ndcg_5: 0.0295	 ndcg_10: 0.0379	 hit@1:0.014100	 hit@5:0.0451	 hit@10: 0.0713
epoch 4: train_loss = 1.445089, source_hit@10 = 0.0840, source_ndcg@10 = 0.0412, target_hit@10 = 0.0713, target_ndcg@10 = 0.0379

2024-08-03 13:23:13.331085: step 1715/27440 (epoch 5/80), loss = 1.420863 (49.561 sec/epoch), lr: 0.004000
Evaluating on dev set...
..................................................................
source: 	 mrr: 0.038240	 ndcg_5: 0.0277	 ndcg_10: 0.0406	 hit@1:0.012674	 hit@5:0.0444	 hit@10: 0.0843
target: 	 mrr: 0.037696	 ndcg_5: 0.0282	 ndcg_10: 0.0399	 hit@1:0.011702	 hit@5:0.0446	 hit@10: 0.0819
target best!
...................................target: 	 mrr: 0.040830	 ndcg_5: 0.0323	 ndcg_10: 0.0435	 hit@1:0.014100	 hit@5:0.0502	 hit@10: 0.0852
epoch 5: train_loss = 1.420863, source_hit@10 = 0.0843, source_ndcg@10 = 0.0406, target_hit@10 = 0.0852, target_ndcg@10 = 0.0435

2024-08-03 13:24:04.294032: step 2058/27440 (epoch 6/80), loss = 1.404088 (49.877 sec/epoch), lr: 0.004000
Evaluating on dev set...
..................................................................
source: 	 mrr: 0.040158	 ndcg_5: 0.0323	 ndcg_10: 0.0428	 hit@1:0.012991	 hit@5:0.0526	 hit@10: 0.0856
target: 	 mrr: 0.031662	 ndcg_5: 0.0250	 ndcg_10: 0.0328	 hit@1:0.010309	 hit@5:0.0404	 hit@10: 0.0649
epoch 6: train_loss = 1.404088, source_hit@10 = 0.0856, source_ndcg@10 = 0.0428, target_hit@10 = 0.0649, target_ndcg@10 = 0.0328

2024-08-03 13:24:54.919527: step 2401/27440 (epoch 7/80), loss = 1.379880 (49.888 sec/epoch), lr: 0.004000
Evaluating on dev set...
..................................................................
source: 	 mrr: 0.047667	 ndcg_5: 0.0393	 ndcg_10: 0.0497	 hit@1:0.019011	 hit@5:0.0593	 hit@10: 0.0916
target: 	 mrr: 0.038634	 ndcg_5: 0.0301	 ndcg_10: 0.0403	 hit@1:0.012817	 hit@5:0.0465	 hit@10: 0.0783
source best!
..............................
source: 	 mrr: 0.040568	 ndcg_5: 0.0336	 ndcg_10: 0.0432	 hit@1:0.012966	 hit@5:0.0548	 hit@10: 0.0849
target best!
...................................target: 	 mrr: 0.039813	 ndcg_5: 0.0315	 ndcg_10: 0.0421	 hit@1:0.014382	 hit@5:0.0482	 hit@10: 0.0815
epoch 7: train_loss = 1.379880, source_hit@10 = 0.0849, source_ndcg@10 = 0.0432, target_hit@10 = 0.0815, target_ndcg@10 = 0.0421
new best model saved.

2024-08-03 13:25:46.474687: step 2744/27440 (epoch 8/80), loss = 1.367799 (49.969 sec/epoch), lr: 0.004000
Evaluating on dev set...
..................................................................
source: 	 mrr: 0.044948	 ndcg_5: 0.0363	 ndcg_10: 0.0483	 hit@1:0.014259	 hit@5:0.0577	 hit@10: 0.0951
target: 	 mrr: 0.038214	 ndcg_5: 0.0306	 ndcg_10: 0.0396	 hit@1:0.012260	 hit@5:0.0488	 hit@10: 0.0763
epoch 8: train_loss = 1.367799, source_hit@10 = 0.0951, source_ndcg@10 = 0.0483, target_hit@10 = 0.0763, target_ndcg@10 = 0.0396

2024-08-03 13:26:37.039860: step 3087/27440 (epoch 9/80), loss = 1.359843 (49.825 sec/epoch), lr: 0.004000
Evaluating on dev set...
..................................................................
source: 	 mrr: 0.041928	 ndcg_5: 0.0350	 ndcg_10: 0.0456	 hit@1:0.011724	 hit@5:0.0586	 hit@10: 0.0919
target: 	 mrr: 0.036778	 ndcg_5: 0.0289	 ndcg_10: 0.0390	 hit@1:0.011145	 hit@5:0.0463	 hit@10: 0.0777
epoch 9: train_loss = 1.359843, source_hit@10 = 0.0919, source_ndcg@10 = 0.0456, target_hit@10 = 0.0777, target_ndcg@10 = 0.0390

2024-08-03 13:27:28.351439: step 3430/27440 (epoch 10/80), loss = 1.353464 (50.577 sec/epoch), lr: 0.004000
Evaluating on dev set...
..................................................................
source: 	 mrr: 0.039855	 ndcg_5: 0.0315	 ndcg_10: 0.0439	 hit@1:0.011090	 hit@5:0.0516	 hit@10: 0.0906
target: 	 mrr: 0.038171	 ndcg_5: 0.0288	 ndcg_10: 0.0410	 hit@1:0.011145	 hit@5:0.0468	 hit@10: 0.0844
epoch 10: train_loss = 1.353464, source_hit@10 = 0.0906, source_ndcg@10 = 0.0439, target_hit@10 = 0.0844, target_ndcg@10 = 0.0410

2024-08-03 13:28:18.954523: step 3773/27440 (epoch 11/80), loss = 1.350018 (49.838 sec/epoch), lr: 0.004000
Evaluating on dev set...
..................................................................
source: 	 mrr: 0.044733	 ndcg_5: 0.0369	 ndcg_10: 0.0473	 hit@1:0.015843	 hit@5:0.0589	 hit@10: 0.0916
target: 	 mrr: 0.040066	 ndcg_5: 0.0323	 ndcg_10: 0.0424	 hit@1:0.012538	 hit@5:0.0521	 hit@10: 0.0839
target best!
...................................target: 	 mrr: 0.040820	 ndcg_5: 0.0321	 ndcg_10: 0.0426	 hit@1:0.014100	 hit@5:0.0496	 hit@10: 0.0818
epoch 11: train_loss = 1.350018, source_hit@10 = 0.0916, source_ndcg@10 = 0.0473, target_hit@10 = 0.0818, target_ndcg@10 = 0.0426

2024-08-03 13:29:10.290155: step 4116/27440 (epoch 12/80), loss = 1.348408 (50.202 sec/epoch), lr: 0.004000
Evaluating on dev set...
..................................................................
source: 	 mrr: 0.042917	 ndcg_5: 0.0341	 ndcg_10: 0.0462	 hit@1:0.012991	 hit@5:0.0551	 hit@10: 0.0928
target: 	 mrr: 0.035163	 ndcg_5: 0.0267	 ndcg_10: 0.0356	 hit@1:0.010309	 hit@5:0.0432	 hit@10: 0.0708
epoch 12: train_loss = 1.348408, source_hit@10 = 0.0928, source_ndcg@10 = 0.0462, target_hit@10 = 0.0708, target_ndcg@10 = 0.0356

2024-08-03 13:30:01.124668: step 4459/27440 (epoch 13/80), loss = 1.340995 (50.100 sec/epoch), lr: 0.003800
Evaluating on dev set...
..................................................................
source: 	 mrr: 0.037044	 ndcg_5: 0.0288	 ndcg_10: 0.0390	 hit@1:0.010456	 hit@5:0.0472	 hit@10: 0.0789
target: 	 mrr: 0.041052	 ndcg_5: 0.0335	 ndcg_10: 0.0416	 hit@1:0.015325	 hit@5:0.0515	 hit@10: 0.0772
target best!
...................................target: 	 mrr: 0.039776	 ndcg_5: 0.0315	 ndcg_10: 0.0414	 hit@1:0.014664	 hit@5:0.0488	 hit@10: 0.0795
epoch 13: train_loss = 1.340995, source_hit@10 = 0.0789, source_ndcg@10 = 0.0390, target_hit@10 = 0.0795, target_ndcg@10 = 0.0414

2024-08-03 13:30:52.400965: step 4802/27440 (epoch 14/80), loss = 1.338279 (50.192 sec/epoch), lr: 0.003800
Evaluating on dev set...
..................................................................
source: 	 mrr: 0.044709	 ndcg_5: 0.0358	 ndcg_10: 0.0491	 hit@1:0.015209	 hit@5:0.0567	 hit@10: 0.0982
target: 	 mrr: 0.037716	 ndcg_5: 0.0280	 ndcg_10: 0.0398	 hit@1:0.012817	 hit@5:0.0440	 hit@10: 0.0808
epoch 14: train_loss = 1.338279, source_hit@10 = 0.0982, source_ndcg@10 = 0.0491, target_hit@10 = 0.0808, target_ndcg@10 = 0.0398

2024-08-03 13:31:43.255761: step 5145/27440 (epoch 15/80), loss = 1.331882 (50.114 sec/epoch), lr: 0.003800
Evaluating on dev set...
..................................................................
source: 	 mrr: 0.045004	 ndcg_5: 0.0367	 ndcg_10: 0.0487	 hit@1:0.015843	 hit@5:0.0580	 hit@10: 0.0957
target: 	 mrr: 0.035056	 ndcg_5: 0.0267	 ndcg_10: 0.0371	 hit@1:0.009473	 hit@5:0.0440	 hit@10: 0.0763
epoch 15: train_loss = 1.331882, source_hit@10 = 0.0957, source_ndcg@10 = 0.0487, target_hit@10 = 0.0763, target_ndcg@10 = 0.0371

2024-08-03 13:32:34.682633: step 5488/27440 (epoch 16/80), loss = 1.327499 (50.696 sec/epoch), lr: 0.003610
Evaluating on dev set...
..................................................................
source: 	 mrr: 0.044511	 ndcg_5: 0.0355	 ndcg_10: 0.0479	 hit@1:0.014892	 hit@5:0.0558	 hit@10: 0.0944
target: 	 mrr: 0.038773	 ndcg_5: 0.0301	 ndcg_10: 0.0386	 hit@1:0.016160	 hit@5:0.0449	 hit@10: 0.0713
epoch 16: train_loss = 1.327499, source_hit@10 = 0.0944, source_ndcg@10 = 0.0479, target_hit@10 = 0.0713, target_ndcg@10 = 0.0386

2024-08-03 13:33:26.399130: step 5831/27440 (epoch 17/80), loss = 1.324261 (50.981 sec/epoch), lr: 0.003610
Evaluating on dev set...
..................................................................
source: 	 mrr: 0.045308	 ndcg_5: 0.0376	 ndcg_10: 0.0484	 hit@1:0.016793	 hit@5:0.0583	 hit@10: 0.0916
target: 	 mrr: 0.039097	 ndcg_5: 0.0299	 ndcg_10: 0.0416	 hit@1:0.014767	 hit@5:0.0451	 hit@10: 0.0819
epoch 17: train_loss = 1.324261, source_hit@10 = 0.0916, source_ndcg@10 = 0.0484, target_hit@10 = 0.0819, target_ndcg@10 = 0.0416

2024-08-03 13:34:17.535330: step 6174/27440 (epoch 18/80), loss = 1.320261 (50.366 sec/epoch), lr: 0.003610
Evaluating on dev set...
..................................................................
source: 	 mrr: 0.041333	 ndcg_5: 0.0335	 ndcg_10: 0.0439	 hit@1:0.014892	 hit@5:0.0529	 hit@10: 0.0852
target: 	 mrr: 0.043101	 ndcg_5: 0.0352	 ndcg_10: 0.0469	 hit@1:0.014489	 hit@5:0.0549	 hit@10: 0.0911
target best!
...................................target: 	 mrr: 0.038624	 ndcg_5: 0.0299	 ndcg_10: 0.0399	 hit@1:0.012690	 hit@5:0.0462	 hit@10: 0.0776
epoch 18: train_loss = 1.320261, source_hit@10 = 0.0852, source_ndcg@10 = 0.0439, target_hit@10 = 0.0776, target_ndcg@10 = 0.0399

2024-08-03 13:35:09.365944: step 6517/27440 (epoch 19/80), loss = 1.316067 (50.733 sec/epoch), lr: 0.003610
Evaluating on dev set...
..................................................................
source: 	 mrr: 0.030002	 ndcg_5: 0.0233	 ndcg_10: 0.0305	 hit@1:0.007921	 hit@5:0.0393	 hit@10: 0.0618
target: 	 mrr: 0.038775	 ndcg_5: 0.0312	 ndcg_10: 0.0403	 hit@1:0.012260	 hit@5:0.0510	 hit@10: 0.0794
epoch 19: train_loss = 1.316067, source_hit@10 = 0.0618, source_ndcg@10 = 0.0305, target_hit@10 = 0.0794, target_ndcg@10 = 0.0403

2024-08-03 13:36:00.410110: step 6860/27440 (epoch 20/80), loss = 1.309721 (50.308 sec/epoch), lr: 0.003429
Evaluating on dev set...
..................................................................
source: 	 mrr: 0.046421	 ndcg_5: 0.0381	 ndcg_10: 0.0502	 hit@1:0.016477	 hit@5:0.0602	 hit@10: 0.0979
target: 	 mrr: 0.041669	 ndcg_5: 0.0322	 ndcg_10: 0.0433	 hit@1:0.015603	 hit@5:0.0499	 hit@10: 0.0844
epoch 20: train_loss = 1.309721, source_hit@10 = 0.0979, source_ndcg@10 = 0.0502, target_hit@10 = 0.0844, target_ndcg@10 = 0.0433

2024-08-03 13:36:51.475271: step 7203/27440 (epoch 21/80), loss = 1.306638 (50.274 sec/epoch), lr: 0.003429
Evaluating on dev set...
..................................................................
source: 	 mrr: 0.049127	 ndcg_5: 0.0404	 ndcg_10: 0.0534	 hit@1:0.018378	 hit@5:0.0621	 hit@10: 0.1023
target: 	 mrr: 0.040383	 ndcg_5: 0.0313	 ndcg_10: 0.0408	 hit@1:0.014210	 hit@5:0.0499	 hit@10: 0.0797
source best!
..............................
source: 	 mrr: 0.044664	 ndcg_5: 0.0350	 ndcg_10: 0.0480	 hit@1:0.015559	 hit@5:0.0551	 hit@10: 0.0959
epoch 21: train_loss = 1.306638, source_hit@10 = 0.0959, source_ndcg@10 = 0.0480, target_hit@10 = 0.0797, target_ndcg@10 = 0.0408

2024-08-03 13:37:42.809927: step 7546/27440 (epoch 22/80), loss = 1.308747 (50.274 sec/epoch), lr: 0.003429
Evaluating on dev set...
..................................................................
source: 	 mrr: 0.048873	 ndcg_5: 0.0409	 ndcg_10: 0.0535	 hit@1:0.016793	 hit@5:0.0650	 hit@10: 0.1042
target: 	 mrr: 0.038248	 ndcg_5: 0.0299	 ndcg_10: 0.0391	 hit@1:0.012817	 hit@5:0.0465	 hit@10: 0.0752
epoch 22: train_loss = 1.308747, source_hit@10 = 0.1042, source_ndcg@10 = 0.0535, target_hit@10 = 0.0752, target_ndcg@10 = 0.0391

2024-08-03 13:38:33.920128: step 7889/27440 (epoch 23/80), loss = 1.301031 (50.370 sec/epoch), lr: 0.003258
Evaluating on dev set...
..................................................................
source: 	 mrr: 0.047406	 ndcg_5: 0.0391	 ndcg_10: 0.0506	 hit@1:0.016793	 hit@5:0.0618	 hit@10: 0.0976
target: 	 mrr: 0.037432	 ndcg_5: 0.0297	 ndcg_10: 0.0399	 hit@1:0.010588	 hit@5:0.0482	 hit@10: 0.0802
epoch 23: train_loss = 1.301031, source_hit@10 = 0.0976, source_ndcg@10 = 0.0506, target_hit@10 = 0.0802, target_ndcg@10 = 0.0399

2024-08-03 13:39:25.079035: step 8232/27440 (epoch 24/80), loss = 1.295518 (50.377 sec/epoch), lr: 0.003095
Evaluating on dev set...
..................................................................
source: 	 mrr: 0.050066	 ndcg_5: 0.0431	 ndcg_10: 0.0526	 hit@1:0.019011	 hit@5:0.0669	 hit@10: 0.0966
target: 	 mrr: 0.039001	 ndcg_5: 0.0316	 ndcg_10: 0.0420	 hit@1:0.011424	 hit@5:0.0521	 hit@10: 0.0847
source best!
..............................
source: 	 mrr: 0.044231	 ndcg_5: 0.0352	 ndcg_10: 0.0459	 hit@1:0.015235	 hit@5:0.0545	 hit@10: 0.0882
epoch 24: train_loss = 1.295518, source_hit@10 = 0.0882, source_ndcg@10 = 0.0459, target_hit@10 = 0.0847, target_ndcg@10 = 0.0420

2024-08-03 13:40:16.650471: step 8575/27440 (epoch 25/80), loss = 1.291585 (50.477 sec/epoch), lr: 0.003095
Evaluating on dev set...
..................................................................
source: 	 mrr: 0.050545	 ndcg_5: 0.0435	 ndcg_10: 0.0557	 hit@1:0.019962	 hit@5:0.0688	 hit@10: 0.1068
target: 	 mrr: 0.046296	 ndcg_5: 0.0364	 ndcg_10: 0.0496	 hit@1:0.018947	 hit@5:0.0541	 hit@10: 0.0953
source best!
..............................
source: 	 mrr: 0.045725	 ndcg_5: 0.0372	 ndcg_10: 0.0491	 hit@1:0.015883	 hit@5:0.0583	 hit@10: 0.0953
target best!
...................................target: 	 mrr: 0.044380	 ndcg_5: 0.0360	 ndcg_10: 0.0478	 hit@1:0.015792	 hit@5:0.0558	 hit@10: 0.0925
epoch 25: train_loss = 1.291585, source_hit@10 = 0.0953, source_ndcg@10 = 0.0491, target_hit@10 = 0.0925, target_ndcg@10 = 0.0478
new best model saved.

2024-08-03 13:41:09.266504: step 8918/27440 (epoch 26/80), loss = 1.289436 (50.998 sec/epoch), lr: 0.003095
Evaluating on dev set...
..................................................................
source: 	 mrr: 0.053585	 ndcg_5: 0.0460	 ndcg_10: 0.0591	 hit@1:0.019645	 hit@5:0.0722	 hit@10: 0.1128
target: 	 mrr: 0.030050	 ndcg_5: 0.0236	 ndcg_10: 0.0293	 hit@1:0.011981	 hit@5:0.0359	 hit@10: 0.0535
source best!
..............................
source: 	 mrr: 0.050048	 ndcg_5: 0.0404	 ndcg_10: 0.0525	 hit@1:0.019449	 hit@5:0.0613	 hit@10: 0.0995
epoch 26: train_loss = 1.289436, source_hit@10 = 0.0995, source_ndcg@10 = 0.0525, target_hit@10 = 0.0535, target_ndcg@10 = 0.0293

2024-08-03 13:42:00.483394: step 9261/27440 (epoch 27/80), loss = 1.284013 (50.109 sec/epoch), lr: 0.002940
Evaluating on dev set...
..................................................................
source: 	 mrr: 0.044904	 ndcg_5: 0.0364	 ndcg_10: 0.0465	 hit@1:0.017110	 hit@5:0.0554	 hit@10: 0.0875
target: 	 mrr: 0.038098	 ndcg_5: 0.0290	 ndcg_10: 0.0393	 hit@1:0.012260	 hit@5:0.0457	 hit@10: 0.0777
epoch 27: train_loss = 1.284013, source_hit@10 = 0.0875, source_ndcg@10 = 0.0465, target_hit@10 = 0.0777, target_ndcg@10 = 0.0393

2024-08-03 13:42:52.004963: step 9604/27440 (epoch 28/80), loss = 1.280524 (50.787 sec/epoch), lr: 0.002793
Evaluating on dev set...
..................................................................
source: 	 mrr: 0.048591	 ndcg_5: 0.0409	 ndcg_10: 0.0519	 hit@1:0.015843	 hit@5:0.0669	 hit@10: 0.1014
target: 	 mrr: 0.036539	 ndcg_5: 0.0290	 ndcg_10: 0.0376	 hit@1:0.013374	 hit@5:0.0449	 hit@10: 0.0719
epoch 28: train_loss = 1.280524, source_hit@10 = 0.1014, source_ndcg@10 = 0.0519, target_hit@10 = 0.0719, target_ndcg@10 = 0.0376

2024-08-03 13:43:42.792845: step 9947/27440 (epoch 29/80), loss = 1.280290 (50.000 sec/epoch), lr: 0.002793
Evaluating on dev set...
..................................................................
source: 	 mrr: 0.058531	 ndcg_5: 0.0493	 ndcg_10: 0.0648	 hit@1:0.024081	 hit@5:0.0738	 hit@10: 0.1214
target: 	 mrr: 0.043877	 ndcg_5: 0.0353	 ndcg_10: 0.0466	 hit@1:0.015046	 hit@5:0.0554	 hit@10: 0.0903
source best!
..............................
source: 	 mrr: 0.052699	 ndcg_5: 0.0435	 ndcg_10: 0.0567	 hit@1:0.021070	 hit@5:0.0668	 hit@10: 0.1076
epoch 29: train_loss = 1.280290, source_hit@10 = 0.1076, source_ndcg@10 = 0.0567, target_hit@10 = 0.0903, target_ndcg@10 = 0.0466
new best model saved.

2024-08-03 13:44:34.890041: step 10290/27440 (epoch 30/80), loss = 1.277049 (50.854 sec/epoch), lr: 0.002793
Evaluating on dev set...
..................................................................
source: 	 mrr: 0.051860	 ndcg_5: 0.0438	 ndcg_10: 0.0567	 hit@1:0.016793	 hit@5:0.0697	 hit@10: 0.1096
target: 	 mrr: 0.044133	 ndcg_5: 0.0346	 ndcg_10: 0.0464	 hit@1:0.017832	 hit@5:0.0513	 hit@10: 0.0880
epoch 30: train_loss = 1.277049, source_hit@10 = 0.1096, source_ndcg@10 = 0.0567, target_hit@10 = 0.0880, target_ndcg@10 = 0.0464

2024-08-03 13:45:26.394504: step 10633/27440 (epoch 31/80), loss = 1.272801 (50.751 sec/epoch), lr: 0.002654
Evaluating on dev set...
..................................................................
source: 	 mrr: 0.049249	 ndcg_5: 0.0425	 ndcg_10: 0.0519	 hit@1:0.017744	 hit@5:0.0672	 hit@10: 0.0963
target: 	 mrr: 0.041575	 ndcg_5: 0.0314	 ndcg_10: 0.0439	 hit@1:0.013653	 hit@5:0.0496	 hit@10: 0.0883
epoch 31: train_loss = 1.272801, source_hit@10 = 0.0963, source_ndcg@10 = 0.0519, target_hit@10 = 0.0883, target_ndcg@10 = 0.0439

2024-08-03 13:46:17.544294: step 10976/27440 (epoch 32/80), loss = 1.268143 (50.407 sec/epoch), lr: 0.002521
Evaluating on dev set...
..................................................................
source: 	 mrr: 0.047979	 ndcg_5: 0.0393	 ndcg_10: 0.0530	 hit@1:0.014575	 hit@5:0.0637	 hit@10: 0.1065
target: 	 mrr: 0.046966	 ndcg_5: 0.0393	 ndcg_10: 0.0496	 hit@1:0.018668	 hit@5:0.0599	 hit@10: 0.0922
target best!
...................................target: 	 mrr: 0.043078	 ndcg_5: 0.0340	 ndcg_10: 0.0459	 hit@1:0.015792	 hit@5:0.0533	 hit@10: 0.0902
epoch 32: train_loss = 1.268143, source_hit@10 = 0.1065, source_ndcg@10 = 0.0530, target_hit@10 = 0.0902, target_ndcg@10 = 0.0459

2024-08-03 13:47:09.107801: step 11319/27440 (epoch 33/80), loss = 1.267838 (49.763 sec/epoch), lr: 0.002521
Evaluating on dev set...
..................................................................
source: 	 mrr: 0.058427	 ndcg_5: 0.0486	 ndcg_10: 0.0639	 hit@1:0.024081	 hit@5:0.0726	 hit@10: 0.1204
target: 	 mrr: 0.033879	 ndcg_5: 0.0270	 ndcg_10: 0.0348	 hit@1:0.012538	 hit@5:0.0412	 hit@10: 0.0658
epoch 33: train_loss = 1.267838, source_hit@10 = 0.1204, source_ndcg@10 = 0.0639, target_hit@10 = 0.0658, target_ndcg@10 = 0.0348

2024-08-03 13:48:00.168424: step 11662/27440 (epoch 34/80), loss = 1.266374 (50.322 sec/epoch), lr: 0.002395
Evaluating on dev set...
..................................................................
source: 	 mrr: 0.054021	 ndcg_5: 0.0453	 ndcg_10: 0.0571	 hit@1:0.022180	 hit@5:0.0684	 hit@10: 0.1052
target: 	 mrr: 0.037670	 ndcg_5: 0.0288	 ndcg_10: 0.0396	 hit@1:0.011702	 hit@5:0.0465	 hit@10: 0.0800
epoch 34: train_loss = 1.266374, source_hit@10 = 0.1052, source_ndcg@10 = 0.0571, target_hit@10 = 0.0800, target_ndcg@10 = 0.0396

2024-08-03 13:48:51.210706: step 12005/27440 (epoch 35/80), loss = 1.259506 (50.291 sec/epoch), lr: 0.002275
Evaluating on dev set...
..................................................................
source: 	 mrr: 0.053456	 ndcg_5: 0.0463	 ndcg_10: 0.0597	 hit@1:0.018695	 hit@5:0.0732	 hit@10: 0.1153
target: 	 mrr: 0.043920	 ndcg_5: 0.0344	 ndcg_10: 0.0467	 hit@1:0.013931	 hit@5:0.0543	 hit@10: 0.0925
epoch 35: train_loss = 1.259506, source_hit@10 = 0.1153, source_ndcg@10 = 0.0597, target_hit@10 = 0.0925, target_ndcg@10 = 0.0467

2024-08-03 13:49:42.544344: step 12348/27440 (epoch 36/80), loss = 1.257925 (50.570 sec/epoch), lr: 0.002275
Evaluating on dev set...
..................................................................
source: 	 mrr: 0.044779	 ndcg_5: 0.0370	 ndcg_10: 0.0476	 hit@1:0.015843	 hit@5:0.0574	 hit@10: 0.0903
target: 	 mrr: 0.041333	 ndcg_5: 0.0314	 ndcg_10: 0.0424	 hit@1:0.016160	 hit@5:0.0465	 hit@10: 0.0808
epoch 36: train_loss = 1.257925, source_hit@10 = 0.0903, source_ndcg@10 = 0.0476, target_hit@10 = 0.0808, target_ndcg@10 = 0.0424

2024-08-03 13:50:34.228108: step 12691/27440 (epoch 37/80), loss = 1.253618 (50.932 sec/epoch), lr: 0.002161
Evaluating on dev set...
..................................................................
source: 	 mrr: 0.052071	 ndcg_5: 0.0436	 ndcg_10: 0.0551	 hit@1:0.020279	 hit@5:0.0659	 hit@10: 0.1017
target: 	 mrr: 0.044193	 ndcg_5: 0.0354	 ndcg_10: 0.0448	 hit@1:0.017554	 hit@5:0.0532	 hit@10: 0.0825
epoch 37: train_loss = 1.253618, source_hit@10 = 0.1017, source_ndcg@10 = 0.0551, target_hit@10 = 0.0825, target_ndcg@10 = 0.0448

2024-08-03 13:51:25.387938: step 13034/27440 (epoch 38/80), loss = 1.253853 (50.422 sec/epoch), lr: 0.002161
Evaluating on dev set...
..................................................................
source: 	 mrr: 0.053847	 ndcg_5: 0.0451	 ndcg_10: 0.0586	 hit@1:0.019962	 hit@5:0.0697	 hit@10: 0.1112
target: 	 mrr: 0.039946	 ndcg_5: 0.0313	 ndcg_10: 0.0416	 hit@1:0.012817	 hit@5:0.0504	 hit@10: 0.0825
epoch 38: train_loss = 1.253853, source_hit@10 = 0.1112, source_ndcg@10 = 0.0586, target_hit@10 = 0.0825, target_ndcg@10 = 0.0416

2024-08-03 13:52:16.802067: step 13377/27440 (epoch 39/80), loss = 1.248588 (50.656 sec/epoch), lr: 0.002053
Evaluating on dev set...
..................................................................
source: 	 mrr: 0.051129	 ndcg_5: 0.0422	 ndcg_10: 0.0569	 hit@1:0.016793	 hit@5:0.0678	 hit@10: 0.1131
target: 	 mrr: 0.044106	 ndcg_5: 0.0365	 ndcg_10: 0.0466	 hit@1:0.014210	 hit@5:0.0591	 hit@10: 0.0906
epoch 39: train_loss = 1.248588, source_hit@10 = 0.1131, source_ndcg@10 = 0.0569, target_hit@10 = 0.0906, target_ndcg@10 = 0.0466

2024-08-03 13:53:08.557160: step 13720/27440 (epoch 40/80), loss = 1.247283 (51.000 sec/epoch), lr: 0.002053
Evaluating on dev set...
..................................................................
source: 	 mrr: 0.047003	 ndcg_5: 0.0384	 ndcg_10: 0.0495	 hit@1:0.016477	 hit@5:0.0589	 hit@10: 0.0938
target: 	 mrr: 0.042903	 ndcg_5: 0.0336	 ndcg_10: 0.0457	 hit@1:0.014489	 hit@5:0.0527	 hit@10: 0.0903
epoch 40: train_loss = 1.247283, source_hit@10 = 0.0938, source_ndcg@10 = 0.0495, target_hit@10 = 0.0903, target_ndcg@10 = 0.0457
shift to transfer learning mode

2024-08-03 13:54:00.914666: step 14063/27440 (epoch 41/80), loss = 1.247095 (51.612 sec/epoch), lr: 0.001951
Evaluating on dev set...
..................................................................
source: 	 mrr: 0.053265	 ndcg_5: 0.0428	 ndcg_10: 0.0571	 hit@1:0.020279	 hit@5:0.0650	 hit@10: 0.1096
target: 	 mrr: 0.048336	 ndcg_5: 0.0386	 ndcg_10: 0.0511	 hit@1:0.017275	 hit@5:0.0585	 hit@10: 0.0972
target best!
...................................target: 	 mrr: 0.049212	 ndcg_5: 0.0405	 ndcg_10: 0.0530	 hit@1:0.018049	 hit@5:0.0632	 hit@10: 0.1021
epoch 41: train_loss = 1.247095, source_hit@10 = 0.1096, source_ndcg@10 = 0.0571, target_hit@10 = 0.1021, target_ndcg@10 = 0.0530

2024-08-03 13:54:54.061967: step 14406/27440 (epoch 42/80), loss = 1.241980 (52.012 sec/epoch), lr: 0.001951
Evaluating on dev set...
..................................................................
source: 	 mrr: 0.051351	 ndcg_5: 0.0430	 ndcg_10: 0.0541	 hit@1:0.020596	 hit@5:0.0656	 hit@10: 0.1001
target: 	 mrr: 0.043027	 ndcg_5: 0.0342	 ndcg_10: 0.0460	 hit@1:0.015046	 hit@5:0.0541	 hit@10: 0.0908
epoch 42: train_loss = 1.241980, source_hit@10 = 0.1001, source_ndcg@10 = 0.0541, target_hit@10 = 0.0908, target_ndcg@10 = 0.0460

2024-08-03 13:55:46.262354: step 14749/27440 (epoch 43/80), loss = 1.242574 (51.459 sec/epoch), lr: 0.001853
Evaluating on dev set...
..................................................................
source: 	 mrr: 0.058358	 ndcg_5: 0.0492	 ndcg_10: 0.0637	 hit@1:0.022497	 hit@5:0.0741	 hit@10: 0.1195
target: 	 mrr: 0.041530	 ndcg_5: 0.0322	 ndcg_10: 0.0431	 hit@1:0.013096	 hit@5:0.0513	 hit@10: 0.0850
epoch 43: train_loss = 1.242574, source_hit@10 = 0.1195, source_ndcg@10 = 0.0637, target_hit@10 = 0.0850, target_ndcg@10 = 0.0431

2024-08-03 13:56:38.848973: step 15092/27440 (epoch 44/80), loss = 1.240718 (51.823 sec/epoch), lr: 0.001853
Evaluating on dev set...
..................................................................
source: 	 mrr: 0.033812	 ndcg_5: 0.0254	 ndcg_10: 0.0358	 hit@1:0.009506	 hit@5:0.0415	 hit@10: 0.0738
target: 	 mrr: 0.046011	 ndcg_5: 0.0366	 ndcg_10: 0.0478	 hit@1:0.018390	 hit@5:0.0543	 hit@10: 0.0894
epoch 44: train_loss = 1.240718, source_hit@10 = 0.0738, source_ndcg@10 = 0.0358, target_hit@10 = 0.0894, target_ndcg@10 = 0.0478

2024-08-03 13:57:31.976853: step 15435/27440 (epoch 45/80), loss = 1.235957 (52.380 sec/epoch), lr: 0.001761
Evaluating on dev set...
..................................................................
source: 	 mrr: 0.056226	 ndcg_5: 0.0464	 ndcg_10: 0.0611	 hit@1:0.022814	 hit@5:0.0697	 hit@10: 0.1157
target: 	 mrr: 0.042786	 ndcg_5: 0.0343	 ndcg_10: 0.0445	 hit@1:0.014767	 hit@5:0.0535	 hit@10: 0.0858
epoch 45: train_loss = 1.235957, source_hit@10 = 0.1157, source_ndcg@10 = 0.0611, target_hit@10 = 0.0858, target_ndcg@10 = 0.0445

2024-08-03 13:58:24.402782: step 15778/27440 (epoch 46/80), loss = 1.234572 (51.688 sec/epoch), lr: 0.001761
Evaluating on dev set...
..................................................................
source: 	 mrr: 0.060647	 ndcg_5: 0.0527	 ndcg_10: 0.0665	 hit@1:0.024398	 hit@5:0.0805	 hit@10: 0.1236
target: 	 mrr: 0.041538	 ndcg_5: 0.0323	 ndcg_10: 0.0438	 hit@1:0.013653	 hit@5:0.0510	 hit@10: 0.0867
source best!
..............................
source: 	 mrr: 0.054424	 ndcg_5: 0.0459	 ndcg_10: 0.0582	 hit@1:0.020421	 hit@5:0.0710	 hit@10: 0.1092
epoch 46: train_loss = 1.234572, source_hit@10 = 0.1092, source_ndcg@10 = 0.0582, target_hit@10 = 0.0867, target_ndcg@10 = 0.0438

2024-08-03 13:59:17.399291: step 16121/27440 (epoch 47/80), loss = 1.234177 (51.947 sec/epoch), lr: 0.001761
Evaluating on dev set...
..................................................................
source: 	 mrr: 0.051354	 ndcg_5: 0.0421	 ndcg_10: 0.0571	 hit@1:0.018378	 hit@5:0.0662	 hit@10: 0.1128
target: 	 mrr: 0.048789	 ndcg_5: 0.0403	 ndcg_10: 0.0515	 hit@1:0.018947	 hit@5:0.0616	 hit@10: 0.0970
target best!
...................................target: 	 mrr: 0.047123	 ndcg_5: 0.0383	 ndcg_10: 0.0498	 hit@1:0.017484	 hit@5:0.0587	 hit@10: 0.0948
epoch 47: train_loss = 1.234177, source_hit@10 = 0.1128, source_ndcg@10 = 0.0571, target_hit@10 = 0.0948, target_ndcg@10 = 0.0498

2024-08-03 14:00:10.071313: step 16464/27440 (epoch 48/80), loss = 1.231915 (51.579 sec/epoch), lr: 0.001672
Evaluating on dev set...
..................................................................
source: 	 mrr: 0.052311	 ndcg_5: 0.0424	 ndcg_10: 0.0567	 hit@1:0.019645	 hit@5:0.0653	 hit@10: 0.1099
target: 	 mrr: 0.042616	 ndcg_5: 0.0356	 ndcg_10: 0.0456	 hit@1:0.014210	 hit@5:0.0571	 hit@10: 0.0883
epoch 48: train_loss = 1.231915, source_hit@10 = 0.1099, source_ndcg@10 = 0.0567, target_hit@10 = 0.0883, target_ndcg@10 = 0.0456

2024-08-03 14:01:01.787519: step 16807/27440 (epoch 49/80), loss = 1.226260 (50.981 sec/epoch), lr: 0.001589
Evaluating on dev set...
..................................................................
source: 	 mrr: 0.052066	 ndcg_5: 0.0431	 ndcg_10: 0.0555	 hit@1:0.019645	 hit@5:0.0665	 hit@10: 0.1052
target: 	 mrr: 0.047480	 ndcg_5: 0.0390	 ndcg_10: 0.0519	 hit@1:0.016439	 hit@5:0.0616	 hit@10: 0.1020
epoch 49: train_loss = 1.226260, source_hit@10 = 0.1052, source_ndcg@10 = 0.0555, target_hit@10 = 0.1020, target_ndcg@10 = 0.0519

2024-08-03 14:01:54.532708: step 17150/27440 (epoch 50/80), loss = 1.224121 (51.970 sec/epoch), lr: 0.001589
Evaluating on dev set...
..................................................................
source: 	 mrr: 0.060761	 ndcg_5: 0.0533	 ndcg_10: 0.0664	 hit@1:0.024398	 hit@5:0.0811	 hit@10: 0.1217
target: 	 mrr: 0.045291	 ndcg_5: 0.0377	 ndcg_10: 0.0481	 hit@1:0.016439	 hit@5:0.0588	 hit@10: 0.0917
source best!
..............................
source: 	 mrr: 0.058104	 ndcg_5: 0.0490	 ndcg_10: 0.0634	 hit@1:0.025284	 hit@5:0.0723	 hit@10: 0.1177
epoch 50: train_loss = 1.224121, source_hit@10 = 0.1177, source_ndcg@10 = 0.0634, target_hit@10 = 0.0917, target_ndcg@10 = 0.0481

2024-08-03 14:02:47.816367: step 17493/27440 (epoch 51/80), loss = 1.225743 (52.240 sec/epoch), lr: 0.001589
Evaluating on dev set...
..................................................................
source: 	 mrr: 0.052105	 ndcg_5: 0.0431	 ndcg_10: 0.0554	 hit@1:0.018695	 hit@5:0.0669	 hit@10: 0.1052
target: 	 mrr: 0.045258	 ndcg_5: 0.0355	 ndcg_10: 0.0477	 hit@1:0.016439	 hit@5:0.0546	 hit@10: 0.0925
epoch 51: train_loss = 1.225743, source_hit@10 = 0.1052, source_ndcg@10 = 0.0554, target_hit@10 = 0.0925, target_ndcg@10 = 0.0477

2024-08-03 14:03:39.782380: step 17836/27440 (epoch 52/80), loss = 1.219945 (51.232 sec/epoch), lr: 0.001509
Evaluating on dev set...
..................................................................
source: 	 mrr: 0.044311	 ndcg_5: 0.0350	 ndcg_10: 0.0463	 hit@1:0.015209	 hit@5:0.0539	 hit@10: 0.0894
target: 	 mrr: 0.041929	 ndcg_5: 0.0345	 ndcg_10: 0.0435	 hit@1:0.013653	 hit@5:0.0560	 hit@10: 0.0841
epoch 52: train_loss = 1.219945, source_hit@10 = 0.0894, source_ndcg@10 = 0.0463, target_hit@10 = 0.0841, target_ndcg@10 = 0.0435

2024-08-03 14:04:31.519049: step 18179/27440 (epoch 53/80), loss = 1.216898 (51.001 sec/epoch), lr: 0.001434
Evaluating on dev set...
..................................................................
source: 	 mrr: 0.054609	 ndcg_5: 0.0459	 ndcg_10: 0.0587	 hit@1:0.023131	 hit@5:0.0700	 hit@10: 0.1099
target: 	 mrr: 0.048238	 ndcg_5: 0.0392	 ndcg_10: 0.0513	 hit@1:0.018390	 hit@5:0.0599	 hit@10: 0.0975
epoch 53: train_loss = 1.216898, source_hit@10 = 0.1099, source_ndcg@10 = 0.0587, target_hit@10 = 0.0975, target_ndcg@10 = 0.0513

2024-08-03 14:05:23.871711: step 18522/27440 (epoch 54/80), loss = 1.217227 (51.592 sec/epoch), lr: 0.001434
Evaluating on dev set...
..................................................................
source: 	 mrr: 0.057180	 ndcg_5: 0.0490	 ndcg_10: 0.0621	 hit@1:0.022497	 hit@5:0.0760	 hit@10: 0.1169
target: 	 mrr: 0.047096	 ndcg_5: 0.0384	 ndcg_10: 0.0501	 hit@1:0.016996	 hit@5:0.0599	 hit@10: 0.0967
epoch 54: train_loss = 1.217227, source_hit@10 = 0.1169, source_ndcg@10 = 0.0621, target_hit@10 = 0.0967, target_ndcg@10 = 0.0501

2024-08-03 14:06:16.158999: step 18865/27440 (epoch 55/80), loss = 1.213868 (51.513 sec/epoch), lr: 0.001434
Evaluating on dev set...
..................................................................
source: 	 mrr: 0.041776	 ndcg_5: 0.0329	 ndcg_10: 0.0436	 hit@1:0.016160	 hit@5:0.0501	 hit@10: 0.0833
target: 	 mrr: 0.049639	 ndcg_5: 0.0412	 ndcg_10: 0.0527	 hit@1:0.019504	 hit@5:0.0627	 hit@10: 0.0984
target best!
...................................target: 	 mrr: 0.050209	 ndcg_5: 0.0423	 ndcg_10: 0.0535	 hit@1:0.021151	 hit@5:0.0635	 hit@10: 0.0987
epoch 55: train_loss = 1.213868, source_hit@10 = 0.0833, source_ndcg@10 = 0.0436, target_hit@10 = 0.0987, target_ndcg@10 = 0.0535

2024-08-03 14:07:09.181586: step 19208/27440 (epoch 56/80), loss = 1.211432 (51.862 sec/epoch), lr: 0.001362
Evaluating on dev set...
..................................................................
source: 	 mrr: 0.057948	 ndcg_5: 0.0488	 ndcg_10: 0.0645	 hit@1:0.021863	 hit@5:0.0751	 hit@10: 0.1239
target: 	 mrr: 0.048007	 ndcg_5: 0.0397	 ndcg_10: 0.0512	 hit@1:0.017275	 hit@5:0.0619	 hit@10: 0.0972
epoch 56: train_loss = 1.211432, source_hit@10 = 0.1239, source_ndcg@10 = 0.0645, target_hit@10 = 0.0972, target_ndcg@10 = 0.0512

2024-08-03 14:08:01.521547: step 19551/27440 (epoch 57/80), loss = 1.209350 (51.598 sec/epoch), lr: 0.001362
Evaluating on dev set...
..................................................................
source: 	 mrr: 0.053260	 ndcg_5: 0.0449	 ndcg_10: 0.0566	 hit@1:0.019328	 hit@5:0.0710	 hit@10: 0.1080
target: 	 mrr: 0.047266	 ndcg_5: 0.0375	 ndcg_10: 0.0516	 hit@1:0.016996	 hit@5:0.0582	 hit@10: 0.1025
epoch 57: train_loss = 1.209350, source_hit@10 = 0.1080, source_ndcg@10 = 0.0566, target_hit@10 = 0.1025, target_ndcg@10 = 0.0516

2024-08-03 14:08:53.963106: step 19894/27440 (epoch 58/80), loss = 1.205204 (51.696 sec/epoch), lr: 0.001294
Evaluating on dev set...
..................................................................
source: 	 mrr: 0.059263	 ndcg_5: 0.0512	 ndcg_10: 0.0645	 hit@1:0.023764	 hit@5:0.0783	 hit@10: 0.1201
target: 	 mrr: 0.050938	 ndcg_5: 0.0420	 ndcg_10: 0.0548	 hit@1:0.020061	 hit@5:0.0638	 hit@10: 0.1039
target best!
...................................target: 	 mrr: 0.049080	 ndcg_5: 0.0406	 ndcg_10: 0.0528	 hit@1:0.017766	 hit@5:0.0632	 hit@10: 0.1010
epoch 58: train_loss = 1.205204, source_hit@10 = 0.1201, source_ndcg@10 = 0.0645, target_hit@10 = 0.1010, target_ndcg@10 = 0.0528

2024-08-03 14:09:46.738759: step 20237/27440 (epoch 59/80), loss = 1.206986 (51.642 sec/epoch), lr: 0.001294
Evaluating on dev set...
..................................................................
source: 	 mrr: 0.059604	 ndcg_5: 0.0500	 ndcg_10: 0.0646	 hit@1:0.023447	 hit@5:0.0748	 hit@10: 0.1201
target: 	 mrr: 0.047718	 ndcg_5: 0.0394	 ndcg_10: 0.0509	 hit@1:0.018947	 hit@5:0.0607	 hit@10: 0.0972
epoch 59: train_loss = 1.206986, source_hit@10 = 0.1201, source_ndcg@10 = 0.0646, target_hit@10 = 0.0972, target_ndcg@10 = 0.0509

2024-08-03 14:10:39.823130: step 20580/27440 (epoch 60/80), loss = 1.200804 (52.317 sec/epoch), lr: 0.001229
Evaluating on dev set...
..................................................................
source: 	 mrr: 0.057787	 ndcg_5: 0.0499	 ndcg_10: 0.0640	 hit@1:0.020596	 hit@5:0.0789	 hit@10: 0.1226
target: 	 mrr: 0.043979	 ndcg_5: 0.0341	 ndcg_10: 0.0472	 hit@1:0.015882	 hit@5:0.0529	 hit@10: 0.0936
epoch 60: train_loss = 1.200804, source_hit@10 = 0.1226, source_ndcg@10 = 0.0640, target_hit@10 = 0.0936, target_ndcg@10 = 0.0472
early termination of training
