nohup: ignoring input
/home1/lhr/anaconda3/envs/torch/lib/python3.8/site-packages/torch_geometric/typing.py:54: UserWarning: An issue occurred while importing 'pyg-lib'. Disabling its usage. Stacktrace: /lib/x86_64-linux-gnu/libm.so.6: version `GLIBC_2.29' not found (required by /home1/lhr/anaconda3/envs/torch/lib/python3.8/site-packages/libpyg.so)
  warnings.warn(f"An issue occurred while importing 'pyg-lib'. "
/home1/lhr/anaconda3/envs/torch/lib/python3.8/site-packages/torch_geometric/typing.py:110: UserWarning: An issue occurred while importing 'torch-sparse'. Disabling its usage. Stacktrace: /lib/x86_64-linux-gnu/libm.so.6: version `GLIBC_2.29' not found (required by /home1/lhr/anaconda3/envs/torch/lib/python3.8/site-packages/libpyg.so)
  warnings.warn(f"An issue occurred while importing 'torch-sparse'. "
using gpu:1 to train the model
using gpu:1 to train the model
cuda:1
Namespace(A_split=False, JK='sum', a_fold=100, aggregate=False, alpha=0.4, batch_size=1024, beta_inter=0.55, conv_layers=4, cuda=True, decay_epoch=10, device=device(type='cuda', index=1), device_id='1', domains='game_video', dropout=0.4, epoch=80, feature_dim=126, hidden_dim=126, inter_tau=0.2, intra_tau=0.8, lambda_critic=0.4, leakey=0.05, load=False, log='logs.txt', log_epoch=1, lr=0.004, lr_decay=0.95, min_epoch=50, mode='train', model_file=None, model_name='gv', momentum=0.98, num_latent_factors=3, num_negative=100, optim='adam', patience=20, proj_layers=1, projection=1, rectify_epoch=30, residual=1, save=False, save_dir='./saved_models', seed=32, similarity_tau=0.1, test_sample_number=999, user_batch_size=256, weight_decay=0.0002)
number_user 25025
number_item 12319
/home1/lhr/invariantCDR/invariantCDR/utils/GraphMaker.py:46: RuntimeWarning: divide by zero encountered in power
  r_inv = np.power(rowsum, -1).flatten()
/home1/lhr/invariantCDR/invariantCDR/utils/GraphMaker.py:72: UserWarning: torch.sparse.SparseTensor(indices, values, shape, *, device=) is deprecated.  Please use torch.sparse_coo_tensor(indices, values, shape, dtype=, device=). (Triggered internally at /opt/conda/conda-bld/pytorch_1711403590347/work/torch/csrc/utils/tensor_new.cpp:618.)
  return torch.sparse.FloatTensor(indices, values, shape)
real graph loaded!
number_user 19457
number_item 8751
real graph loaded!
graph loaded!
Loading data from game_video with batch size 1024...
unseen test: 0
test length: 1381
unseen test: 0
test length: 1304
unseen test: 0
test length: 1435
unseen test: 0
test length: 1458
source_user_num 25025
target_user_num 19457
source_item_num 12319
target_item_num 8751
shared users id: 1737
test users 226, 217
unseen test: 0
dev length: 1000
unseen test: 0
dev length: 1000
source train data : 155036, target train data: 156091, source test data : 1304, target test data : 1458, source dev data : 1000, target dev data : 1000
2024-08-07 12:05:39.630579: step 304/24320 (epoch 1/80), loss = 1.357963 (86.590 sec/epoch), lr: 0.004000
Evaluating on dev set...
...........................
source: 	 mrr: 0.033460	 ndcg_5: 0.0240	 ndcg_10: 0.0325	 hit@1:0.006517	 hit@5:0.0406	 hit@10: 0.0673
target: 	 mrr: 0.033694	 ndcg_5: 0.0251	 ndcg_10: 0.0340	 hit@1:0.009059	 hit@5:0.0411	 hit@10: 0.0690
source best!
.............
source: 	 mrr: 0.036377	 ndcg_5: 0.0261	 ndcg_10: 0.0369	 hit@1:0.009202	 hit@5:0.0429	 hit@10: 0.0767
target best!
..............target: 	 mrr: 0.034325	 ndcg_5: 0.0249	 ndcg_10: 0.0330	 hit@1:0.010288	 hit@5:0.0384	 hit@10: 0.0631
epoch 1: train_loss = 1.357963, source_hit@10 = 0.0767, source_ndcg@10 = 0.0369, target_hit@10 = 0.0631, target_ndcg@10 = 0.0330

2024-08-07 12:07:05.236012: step 608/24320 (epoch 2/80), loss = 1.200423 (84.244 sec/epoch), lr: 0.004000
Evaluating on dev set...
...........................
source: 	 mrr: 0.030465	 ndcg_5: 0.0186	 ndcg_10: 0.0271	 hit@1:0.008689	 hit@5:0.0297	 hit@10: 0.0565
target: 	 mrr: 0.036175	 ndcg_5: 0.0244	 ndcg_10: 0.0355	 hit@1:0.013937	 hit@5:0.0348	 hit@10: 0.0697
target best!
..............target: 	 mrr: 0.032852	 ndcg_5: 0.0222	 ndcg_10: 0.0325	 hit@1:0.010288	 hit@5:0.0350	 hit@10: 0.0679
epoch 2: train_loss = 1.200423, source_hit@10 = 0.0565, source_ndcg@10 = 0.0271, target_hit@10 = 0.0679, target_ndcg@10 = 0.0325
new best model saved.

2024-08-07 12:08:30.571668: step 912/24320 (epoch 3/80), loss = 1.169319 (84.074 sec/epoch), lr: 0.004000
Evaluating on dev set...
...........................
source: 	 mrr: 0.032995	 ndcg_5: 0.0190	 ndcg_10: 0.0328	 hit@1:0.007241	 hit@5:0.0311	 hit@10: 0.0739
target: 	 mrr: 0.035995	 ndcg_5: 0.0271	 ndcg_10: 0.0358	 hit@1:0.011150	 hit@5:0.0432	 hit@10: 0.0704
epoch 3: train_loss = 1.169319, source_hit@10 = 0.0739, source_ndcg@10 = 0.0328, target_hit@10 = 0.0704, target_ndcg@10 = 0.0358

2024-08-07 12:09:54.994767: step 1216/24320 (epoch 4/80), loss = 1.160119 (83.617 sec/epoch), lr: 0.004000
Evaluating on dev set...
...........................
source: 	 mrr: 0.035230	 ndcg_5: 0.0243	 ndcg_10: 0.0346	 hit@1:0.007241	 hit@5:0.0406	 hit@10: 0.0724
target: 	 mrr: 0.039466	 ndcg_5: 0.0300	 ndcg_10: 0.0406	 hit@1:0.013937	 hit@5:0.0474	 hit@10: 0.0808
source best!
.............
source: 	 mrr: 0.033070	 ndcg_5: 0.0220	 ndcg_10: 0.0331	 hit@1:0.005368	 hit@5:0.0383	 hit@10: 0.0729
target best!
..............target: 	 mrr: 0.038576	 ndcg_5: 0.0288	 ndcg_10: 0.0381	 hit@1:0.012346	 hit@5:0.0466	 hit@10: 0.0754
epoch 4: train_loss = 1.160119, source_hit@10 = 0.0729, source_ndcg@10 = 0.0331, target_hit@10 = 0.0754, target_ndcg@10 = 0.0381
new best model saved.

2024-08-07 12:11:18.389948: step 1520/24320 (epoch 5/80), loss = 1.153275 (81.958 sec/epoch), lr: 0.004000
Evaluating on dev set...
...........................
source: 	 mrr: 0.037179	 ndcg_5: 0.0262	 ndcg_10: 0.0375	 hit@1:0.011586	 hit@5:0.0413	 hit@10: 0.0760
target: 	 mrr: 0.036407	 ndcg_5: 0.0264	 ndcg_10: 0.0354	 hit@1:0.013240	 hit@5:0.0404	 hit@10: 0.0683
source best!
.............
source: 	 mrr: 0.034142	 ndcg_5: 0.0239	 ndcg_10: 0.0344	 hit@1:0.006902	 hit@5:0.0414	 hit@10: 0.0744
epoch 5: train_loss = 1.153275, source_hit@10 = 0.0744, source_ndcg@10 = 0.0344, target_hit@10 = 0.0683, target_ndcg@10 = 0.0354
new best model saved.

2024-08-07 12:12:42.996127: step 1824/24320 (epoch 6/80), loss = 1.147469 (83.389 sec/epoch), lr: 0.004000
Evaluating on dev set...
...........................
source: 	 mrr: 0.040188	 ndcg_5: 0.0278	 ndcg_10: 0.0387	 hit@1:0.012310	 hit@5:0.0413	 hit@10: 0.0753
target: 	 mrr: 0.043717	 ndcg_5: 0.0347	 ndcg_10: 0.0484	 hit@1:0.014634	 hit@5:0.0557	 hit@10: 0.0990
source best!
.............
source: 	 mrr: 0.035479	 ndcg_5: 0.0249	 ndcg_10: 0.0343	 hit@1:0.006902	 hit@5:0.0422	 hit@10: 0.0721
target best!
..............target: 	 mrr: 0.040763	 ndcg_5: 0.0301	 ndcg_10: 0.0425	 hit@1:0.010288	 hit@5:0.0494	 hit@10: 0.0885
epoch 6: train_loss = 1.147469, source_hit@10 = 0.0721, source_ndcg@10 = 0.0343, target_hit@10 = 0.0885, target_ndcg@10 = 0.0425
new best model saved.

2024-08-07 12:14:07.061472: step 2128/24320 (epoch 7/80), loss = 1.142694 (82.538 sec/epoch), lr: 0.004000
Evaluating on dev set...
...........................
source: 	 mrr: 0.021041	 ndcg_5: 0.0115	 ndcg_10: 0.0179	 hit@1:0.005069	 hit@5:0.0181	 hit@10: 0.0377
target: 	 mrr: 0.033384	 ndcg_5: 0.0239	 ndcg_10: 0.0324	 hit@1:0.011150	 hit@5:0.0362	 hit@10: 0.0627
epoch 7: train_loss = 1.142694, source_hit@10 = 0.0377, source_ndcg@10 = 0.0179, target_hit@10 = 0.0627, target_ndcg@10 = 0.0324

2024-08-07 12:15:31.560730: step 2432/24320 (epoch 8/80), loss = 1.124642 (83.757 sec/epoch), lr: 0.004000
Evaluating on dev set...
...........................
source: 	 mrr: 0.041023	 ndcg_5: 0.0309	 ndcg_10: 0.0403	 hit@1:0.013034	 hit@5:0.0485	 hit@10: 0.0775
target: 	 mrr: 0.045489	 ndcg_5: 0.0350	 ndcg_10: 0.0513	 hit@1:0.011847	 hit@5:0.0578	 hit@10: 0.1080
source best!
.............
source: 	 mrr: 0.039114	 ndcg_5: 0.0286	 ndcg_10: 0.0398	 hit@1:0.012270	 hit@5:0.0452	 hit@10: 0.0805
target best!
..............target: 	 mrr: 0.046955	 ndcg_5: 0.0375	 ndcg_10: 0.0494	 hit@1:0.016461	 hit@5:0.0576	 hit@10: 0.0947
epoch 8: train_loss = 1.124642, source_hit@10 = 0.0805, source_ndcg@10 = 0.0398, target_hit@10 = 0.0947, target_ndcg@10 = 0.0494
new best model saved.

2024-08-07 12:16:56.301735: step 2736/24320 (epoch 9/80), loss = 1.102137 (83.291 sec/epoch), lr: 0.004000
Evaluating on dev set...
...........................
source: 	 mrr: 0.024945	 ndcg_5: 0.0160	 ndcg_10: 0.0216	 hit@1:0.005793	 hit@5:0.0268	 hit@10: 0.0442
target: 	 mrr: 0.043101	 ndcg_5: 0.0333	 ndcg_10: 0.0475	 hit@1:0.009756	 hit@5:0.0578	 hit@10: 0.1017
epoch 9: train_loss = 1.102137, source_hit@10 = 0.0442, source_ndcg@10 = 0.0216, target_hit@10 = 0.1017, target_ndcg@10 = 0.0475

2024-08-07 12:18:21.090050: step 3040/24320 (epoch 10/80), loss = 1.095067 (84.054 sec/epoch), lr: 0.004000
Evaluating on dev set...
...........................
source: 	 mrr: 0.039256	 ndcg_5: 0.0293	 ndcg_10: 0.0393	 hit@1:0.013034	 hit@5:0.0471	 hit@10: 0.0782
target: 	 mrr: 0.044694	 ndcg_5: 0.0348	 ndcg_10: 0.0470	 hit@1:0.016028	 hit@5:0.0551	 hit@10: 0.0934
epoch 10: train_loss = 1.095067, source_hit@10 = 0.0782, source_ndcg@10 = 0.0393, target_hit@10 = 0.0934, target_ndcg@10 = 0.0470

2024-08-07 12:19:47.326598: step 3344/24320 (epoch 11/80), loss = 1.092664 (85.571 sec/epoch), lr: 0.004000
Evaluating on dev set...
...........................
source: 	 mrr: 0.039371	 ndcg_5: 0.0274	 ndcg_10: 0.0376	 hit@1:0.012310	 hit@5:0.0434	 hit@10: 0.0746
target: 	 mrr: 0.044205	 ndcg_5: 0.0356	 ndcg_10: 0.0505	 hit@1:0.012544	 hit@5:0.0585	 hit@10: 0.1052
epoch 11: train_loss = 1.092664, source_hit@10 = 0.0746, source_ndcg@10 = 0.0376, target_hit@10 = 0.1052, target_ndcg@10 = 0.0505

2024-08-07 12:21:11.343176: step 3648/24320 (epoch 12/80), loss = 1.086156 (83.237 sec/epoch), lr: 0.003800
Evaluating on dev set...
...........................
source: 	 mrr: 0.035726	 ndcg_5: 0.0255	 ndcg_10: 0.0348	 hit@1:0.007241	 hit@5:0.0442	 hit@10: 0.0731
target: 	 mrr: 0.042129	 ndcg_5: 0.0316	 ndcg_10: 0.0465	 hit@1:0.010453	 hit@5:0.0530	 hit@10: 0.1003
epoch 12: train_loss = 1.086156, source_hit@10 = 0.0731, source_ndcg@10 = 0.0348, target_hit@10 = 0.1003, target_ndcg@10 = 0.0465

2024-08-07 12:22:36.645829: step 3952/24320 (epoch 13/80), loss = 1.083539 (84.566 sec/epoch), lr: 0.003610
Evaluating on dev set...
...........................
source: 	 mrr: 0.024763	 ndcg_5: 0.0165	 ndcg_10: 0.0198	 hit@1:0.005793	 hit@5:0.0282	 hit@10: 0.0384
target: 	 mrr: 0.048071	 ndcg_5: 0.0374	 ndcg_10: 0.0504	 hit@1:0.019512	 hit@5:0.0557	 hit@10: 0.0969
target best!
..............target: 	 mrr: 0.047011	 ndcg_5: 0.0372	 ndcg_10: 0.0499	 hit@1:0.015089	 hit@5:0.0604	 hit@10: 0.0995
epoch 13: train_loss = 1.083539, source_hit@10 = 0.0384, source_ndcg@10 = 0.0198, target_hit@10 = 0.0995, target_ndcg@10 = 0.0499
new best model saved.

2024-08-07 12:24:02.391473: step 4256/24320 (epoch 14/80), loss = 1.079271 (84.509 sec/epoch), lr: 0.003429
Evaluating on dev set...
...........................
source: 	 mrr: 0.029220	 ndcg_5: 0.0192	 ndcg_10: 0.0282	 hit@1:0.007241	 hit@5:0.0319	 hit@10: 0.0601
target: 	 mrr: 0.053479	 ndcg_5: 0.0444	 ndcg_10: 0.0601	 hit@1:0.018118	 hit@5:0.0704	 hit@10: 0.1185
target best!
..............target: 	 mrr: 0.056466	 ndcg_5: 0.0487	 ndcg_10: 0.0614	 hit@1:0.020576	 hit@5:0.0768	 hit@10: 0.1166
epoch 14: train_loss = 1.079271, source_hit@10 = 0.0601, source_ndcg@10 = 0.0282, target_hit@10 = 0.1166, target_ndcg@10 = 0.0614
new best model saved.

2024-08-07 12:25:27.835690: step 4560/24320 (epoch 15/80), loss = 1.076250 (84.217 sec/epoch), lr: 0.003429
Evaluating on dev set...
...........................
source: 	 mrr: 0.029856	 ndcg_5: 0.0200	 ndcg_10: 0.0269	 hit@1:0.007965	 hit@5:0.0319	 hit@10: 0.0536
target: 	 mrr: 0.049657	 ndcg_5: 0.0392	 ndcg_10: 0.0533	 hit@1:0.019512	 hit@5:0.0585	 hit@10: 0.1031
epoch 15: train_loss = 1.076250, source_hit@10 = 0.0536, source_ndcg@10 = 0.0269, target_hit@10 = 0.1031, target_ndcg@10 = 0.0533

2024-08-07 12:26:52.830431: step 4864/24320 (epoch 16/80), loss = 1.071284 (84.329 sec/epoch), lr: 0.003258
Evaluating on dev set...
...........................
source: 	 mrr: 0.029177	 ndcg_5: 0.0173	 ndcg_10: 0.0292	 hit@1:0.004345	 hit@5:0.0304	 hit@10: 0.0681
target: 	 mrr: 0.052937	 ndcg_5: 0.0458	 ndcg_10: 0.0585	 hit@1:0.018118	 hit@5:0.0739	 hit@10: 0.1136
epoch 16: train_loss = 1.071284, source_hit@10 = 0.0681, source_ndcg@10 = 0.0292, target_hit@10 = 0.1136, target_ndcg@10 = 0.0585

2024-08-07 12:28:16.208080: step 5168/24320 (epoch 17/80), loss = 1.065871 (82.640 sec/epoch), lr: 0.003258
Evaluating on dev set...
...........................
source: 	 mrr: 0.027181	 ndcg_5: 0.0182	 ndcg_10: 0.0239	 hit@1:0.005793	 hit@5:0.0297	 hit@10: 0.0478
target: 	 mrr: 0.042544	 ndcg_5: 0.0329	 ndcg_10: 0.0453	 hit@1:0.014634	 hit@5:0.0523	 hit@10: 0.0913
epoch 17: train_loss = 1.065871, source_hit@10 = 0.0478, source_ndcg@10 = 0.0239, target_hit@10 = 0.0913, target_ndcg@10 = 0.0453

2024-08-07 12:29:42.238485: step 5472/24320 (epoch 18/80), loss = 1.058842 (85.303 sec/epoch), lr: 0.003095
Evaluating on dev set...
...........................
source: 	 mrr: 0.028547	 ndcg_5: 0.0185	 ndcg_10: 0.0281	 hit@1:0.007965	 hit@5:0.0297	 hit@10: 0.0601
target: 	 mrr: 0.046921	 ndcg_5: 0.0396	 ndcg_10: 0.0486	 hit@1:0.017422	 hit@5:0.0592	 hit@10: 0.0871
epoch 18: train_loss = 1.058842, source_hit@10 = 0.0601, source_ndcg@10 = 0.0281, target_hit@10 = 0.0871, target_ndcg@10 = 0.0486

2024-08-07 12:31:07.223213: step 5776/24320 (epoch 19/80), loss = 1.054955 (84.255 sec/epoch), lr: 0.003095
Evaluating on dev set...
...........................
source: 	 mrr: 0.028828	 ndcg_5: 0.0157	 ndcg_10: 0.0258	 hit@1:0.007241	 hit@5:0.0239	 hit@10: 0.0550
target: 	 mrr: 0.043558	 ndcg_5: 0.0340	 ndcg_10: 0.0460	 hit@1:0.013937	 hit@5:0.0551	 hit@10: 0.0927
epoch 19: train_loss = 1.054955, source_hit@10 = 0.0550, source_ndcg@10 = 0.0258, target_hit@10 = 0.0927, target_ndcg@10 = 0.0460

2024-08-07 12:32:33.198466: step 6080/24320 (epoch 20/80), loss = 1.049313 (85.233 sec/epoch), lr: 0.002940
Evaluating on dev set...
...........................
source: 	 mrr: 0.029255	 ndcg_5: 0.0184	 ndcg_10: 0.0293	 hit@1:0.005069	 hit@5:0.0319	 hit@10: 0.0659
target: 	 mrr: 0.041857	 ndcg_5: 0.0299	 ndcg_10: 0.0462	 hit@1:0.011847	 hit@5:0.0488	 hit@10: 0.0990
epoch 20: train_loss = 1.049313, source_hit@10 = 0.0659, source_ndcg@10 = 0.0293, target_hit@10 = 0.0990, target_ndcg@10 = 0.0462

2024-08-07 12:33:58.359099: step 6384/24320 (epoch 21/80), loss = 1.044589 (84.426 sec/epoch), lr: 0.002793
Evaluating on dev set...
...........................
source: 	 mrr: 0.037240	 ndcg_5: 0.0262	 ndcg_10: 0.0349	 hit@1:0.013034	 hit@5:0.0391	 hit@10: 0.0666
target: 	 mrr: 0.051675	 ndcg_5: 0.0437	 ndcg_10: 0.0563	 hit@1:0.016028	 hit@5:0.0711	 hit@10: 0.1101
epoch 21: train_loss = 1.044589, source_hit@10 = 0.0666, source_ndcg@10 = 0.0349, target_hit@10 = 0.1101, target_ndcg@10 = 0.0563

2024-08-07 12:35:23.907634: step 6688/24320 (epoch 22/80), loss = 1.044099 (84.800 sec/epoch), lr: 0.002793
Evaluating on dev set...
...........................
source: 	 mrr: 0.031913	 ndcg_5: 0.0213	 ndcg_10: 0.0310	 hit@1:0.007965	 hit@5:0.0348	 hit@10: 0.0652
target: 	 mrr: 0.046640	 ndcg_5: 0.0361	 ndcg_10: 0.0479	 hit@1:0.018118	 hit@5:0.0544	 hit@10: 0.0913
epoch 22: train_loss = 1.044099, source_hit@10 = 0.0652, source_ndcg@10 = 0.0310, target_hit@10 = 0.0913, target_ndcg@10 = 0.0479

2024-08-07 12:36:47.933079: step 6992/24320 (epoch 23/80), loss = 1.038989 (83.292 sec/epoch), lr: 0.002654
Evaluating on dev set...
...........................
source: 	 mrr: 0.029349	 ndcg_5: 0.0209	 ndcg_10: 0.0317	 hit@1:0.004345	 hit@5:0.0384	 hit@10: 0.0717
target: 	 mrr: 0.039559	 ndcg_5: 0.0312	 ndcg_10: 0.0436	 hit@1:0.011150	 hit@5:0.0530	 hit@10: 0.0920
epoch 23: train_loss = 1.038989, source_hit@10 = 0.0717, source_ndcg@10 = 0.0317, target_hit@10 = 0.0920, target_ndcg@10 = 0.0436

2024-08-07 12:38:11.312775: step 7296/24320 (epoch 24/80), loss = 1.034677 (82.633 sec/epoch), lr: 0.002521
Evaluating on dev set...
...........................
source: 	 mrr: 0.034199	 ndcg_5: 0.0252	 ndcg_10: 0.0344	 hit@1:0.007241	 hit@5:0.0442	 hit@10: 0.0731
target: 	 mrr: 0.050812	 ndcg_5: 0.0424	 ndcg_10: 0.0548	 hit@1:0.018118	 hit@5:0.0648	 hit@10: 0.1031
epoch 24: train_loss = 1.034677, source_hit@10 = 0.0731, source_ndcg@10 = 0.0344, target_hit@10 = 0.1031, target_ndcg@10 = 0.0548

2024-08-07 12:39:34.476141: step 7600/24320 (epoch 25/80), loss = 1.032252 (82.360 sec/epoch), lr: 0.002521
Evaluating on dev set...
...........................
source: 	 mrr: 0.041700	 ndcg_5: 0.0310	 ndcg_10: 0.0429	 hit@1:0.014482	 hit@5:0.0485	 hit@10: 0.0854
target: 	 mrr: 0.034648	 ndcg_5: 0.0231	 ndcg_10: 0.0358	 hit@1:0.009059	 hit@5:0.0362	 hit@10: 0.0760
source best!
.............
source: 	 mrr: 0.033449	 ndcg_5: 0.0223	 ndcg_10: 0.0325	 hit@1:0.005368	 hit@5:0.0383	 hit@10: 0.0698
epoch 25: train_loss = 1.032252, source_hit@10 = 0.0698, source_ndcg@10 = 0.0325, target_hit@10 = 0.0760, target_ndcg@10 = 0.0358
new best model saved.

2024-08-07 12:40:57.452752: step 7904/24320 (epoch 26/80), loss = 1.028508 (81.816 sec/epoch), lr: 0.002395
Evaluating on dev set...
...........................
source: 	 mrr: 0.036450	 ndcg_5: 0.0251	 ndcg_10: 0.0353	 hit@1:0.010862	 hit@5:0.0384	 hit@10: 0.0702
target: 	 mrr: 0.054839	 ndcg_5: 0.0476	 ndcg_10: 0.0594	 hit@1:0.016725	 hit@5:0.0753	 hit@10: 0.1115
target best!
..............target: 	 mrr: 0.057960	 ndcg_5: 0.0503	 ndcg_10: 0.0627	 hit@1:0.019890	 hit@5:0.0802	 hit@10: 0.1193
epoch 26: train_loss = 1.028508, source_hit@10 = 0.0702, source_ndcg@10 = 0.0353, target_hit@10 = 0.1193, target_ndcg@10 = 0.0627
new best model saved.

2024-08-07 12:42:20.710448: step 8208/24320 (epoch 27/80), loss = 1.030220 (82.043 sec/epoch), lr: 0.002395
Evaluating on dev set...
...........................
source: 	 mrr: 0.036832	 ndcg_5: 0.0247	 ndcg_10: 0.0359	 hit@1:0.008689	 hit@5:0.0398	 hit@10: 0.0746
target: 	 mrr: 0.050946	 ndcg_5: 0.0417	 ndcg_10: 0.0536	 hit@1:0.018815	 hit@5:0.0648	 hit@10: 0.1017
epoch 27: train_loss = 1.030220, source_hit@10 = 0.0746, source_ndcg@10 = 0.0359, target_hit@10 = 0.1017, target_ndcg@10 = 0.0536

2024-08-07 12:43:44.814238: step 8512/24320 (epoch 28/80), loss = 1.024068 (83.379 sec/epoch), lr: 0.002275
Evaluating on dev set...
...........................
source: 	 mrr: 0.037372	 ndcg_5: 0.0254	 ndcg_10: 0.0344	 hit@1:0.011586	 hit@5:0.0398	 hit@10: 0.0681
target: 	 mrr: 0.049566	 ndcg_5: 0.0413	 ndcg_10: 0.0548	 hit@1:0.014634	 hit@5:0.0676	 hit@10: 0.1101
epoch 28: train_loss = 1.024068, source_hit@10 = 0.0681, source_ndcg@10 = 0.0344, target_hit@10 = 0.1101, target_ndcg@10 = 0.0548

2024-08-07 12:45:08.356261: step 8816/24320 (epoch 29/80), loss = 1.023677 (82.833 sec/epoch), lr: 0.002161
Evaluating on dev set...
...........................
source: 	 mrr: 0.033214	 ndcg_5: 0.0216	 ndcg_10: 0.0318	 hit@1:0.009413	 hit@5:0.0348	 hit@10: 0.0666
target: 	 mrr: 0.046597	 ndcg_5: 0.0372	 ndcg_10: 0.0501	 hit@1:0.015331	 hit@5:0.0599	 hit@10: 0.0997
epoch 29: train_loss = 1.023677, source_hit@10 = 0.0666, source_ndcg@10 = 0.0318, target_hit@10 = 0.0997, target_ndcg@10 = 0.0501

2024-08-07 12:46:32.473499: step 9120/24320 (epoch 30/80), loss = 1.020102 (83.399 sec/epoch), lr: 0.002053
Evaluating on dev set...
...........................
source: 	 mrr: 0.038866	 ndcg_5: 0.0280	 ndcg_10: 0.0373	 hit@1:0.013034	 hit@5:0.0427	 hit@10: 0.0717
target: 	 mrr: 0.051577	 ndcg_5: 0.0419	 ndcg_10: 0.0569	 hit@1:0.016028	 hit@5:0.0669	 hit@10: 0.1136
epoch 30: train_loss = 1.020102, source_hit@10 = 0.0717, source_ndcg@10 = 0.0373, target_hit@10 = 0.1136, target_ndcg@10 = 0.0569
shift to transfer learning mode

2024-08-07 12:47:56.516138: step 9424/24320 (epoch 31/80), loss = 1.019803 (83.326 sec/epoch), lr: 0.002053
Evaluating on dev set...
...........................
source: 	 mrr: 0.030458	 ndcg_5: 0.0191	 ndcg_10: 0.0294	 hit@1:0.005793	 hit@5:0.0319	 hit@10: 0.0637
target: 	 mrr: 0.048330	 ndcg_5: 0.0415	 ndcg_10: 0.0526	 hit@1:0.017422	 hit@5:0.0669	 hit@10: 0.1010
epoch 31: train_loss = 1.019803, source_hit@10 = 0.0637, source_ndcg@10 = 0.0294, target_hit@10 = 0.1010, target_ndcg@10 = 0.0526

2024-08-07 12:49:21.656838: step 9728/24320 (epoch 32/80), loss = 1.017202 (84.411 sec/epoch), lr: 0.001951
Evaluating on dev set...
...........................
source: 	 mrr: 0.041315	 ndcg_5: 0.0324	 ndcg_10: 0.0410	 hit@1:0.015206	 hit@5:0.0492	 hit@10: 0.0760
target: 	 mrr: 0.049519	 ndcg_5: 0.0406	 ndcg_10: 0.0558	 hit@1:0.013937	 hit@5:0.0662	 hit@10: 0.1136
epoch 32: train_loss = 1.017202, source_hit@10 = 0.0760, source_ndcg@10 = 0.0410, target_hit@10 = 0.1136, target_ndcg@10 = 0.0558

2024-08-07 12:50:46.269493: step 10032/24320 (epoch 33/80), loss = 1.016096 (83.875 sec/epoch), lr: 0.001951
Evaluating on dev set...
...........................
source: 	 mrr: 0.030010	 ndcg_5: 0.0221	 ndcg_10: 0.0307	 hit@1:0.006517	 hit@5:0.0384	 hit@10: 0.0652
target: 	 mrr: 0.040638	 ndcg_5: 0.0331	 ndcg_10: 0.0452	 hit@1:0.013937	 hit@5:0.0544	 hit@10: 0.0927
epoch 33: train_loss = 1.016096, source_hit@10 = 0.0652, source_ndcg@10 = 0.0307, target_hit@10 = 0.0927, target_ndcg@10 = 0.0452

2024-08-07 12:52:11.028901: step 10336/24320 (epoch 34/80), loss = 1.011472 (84.025 sec/epoch), lr: 0.001853
Evaluating on dev set...
...........................
source: 	 mrr: 0.032916	 ndcg_5: 0.0239	 ndcg_10: 0.0330	 hit@1:0.005793	 hit@5:0.0413	 hit@10: 0.0695
target: 	 mrr: 0.049701	 ndcg_5: 0.0409	 ndcg_10: 0.0565	 hit@1:0.017422	 hit@5:0.0648	 hit@10: 0.1136
epoch 34: train_loss = 1.011472, source_hit@10 = 0.0695, source_ndcg@10 = 0.0330, target_hit@10 = 0.1136, target_ndcg@10 = 0.0565

2024-08-07 12:53:35.685586: step 10640/24320 (epoch 35/80), loss = 1.009909 (83.887 sec/epoch), lr: 0.001853
Evaluating on dev set...
...........................
source: 	 mrr: 0.031627	 ndcg_5: 0.0220	 ndcg_10: 0.0332	 hit@1:0.006517	 hit@5:0.0384	 hit@10: 0.0739
target: 	 mrr: 0.045876	 ndcg_5: 0.0378	 ndcg_10: 0.0495	 hit@1:0.015331	 hit@5:0.0606	 hit@10: 0.0976
epoch 35: train_loss = 1.009909, source_hit@10 = 0.0739, source_ndcg@10 = 0.0332, target_hit@10 = 0.0976, target_ndcg@10 = 0.0495

2024-08-07 12:54:59.492319: step 10944/24320 (epoch 36/80), loss = 1.007932 (83.093 sec/epoch), lr: 0.001761
Evaluating on dev set...
...........................
source: 	 mrr: 0.036231	 ndcg_5: 0.0260	 ndcg_10: 0.0343	 hit@1:0.010138	 hit@5:0.0420	 hit@10: 0.0688
target: 	 mrr: 0.048690	 ndcg_5: 0.0417	 ndcg_10: 0.0541	 hit@1:0.018118	 hit@5:0.0662	 hit@10: 0.1038
epoch 36: train_loss = 1.007932, source_hit@10 = 0.0688, source_ndcg@10 = 0.0343, target_hit@10 = 0.1038, target_ndcg@10 = 0.0541

2024-08-07 12:56:23.334384: step 11248/24320 (epoch 37/80), loss = 1.007409 (83.165 sec/epoch), lr: 0.001761
Evaluating on dev set...
...........................
source: 	 mrr: 0.028612	 ndcg_5: 0.0158	 ndcg_10: 0.0267	 hit@1:0.005793	 hit@5:0.0261	 hit@10: 0.0608
target: 	 mrr: 0.045942	 ndcg_5: 0.0371	 ndcg_10: 0.0477	 hit@1:0.017422	 hit@5:0.0578	 hit@10: 0.0913
epoch 37: train_loss = 1.007409, source_hit@10 = 0.0608, source_ndcg@10 = 0.0267, target_hit@10 = 0.0913, target_ndcg@10 = 0.0477

2024-08-07 12:57:50.275116: step 11552/24320 (epoch 38/80), loss = 1.002621 (86.217 sec/epoch), lr: 0.001672
Evaluating on dev set...
...........................
source: 	 mrr: 0.029385	 ndcg_5: 0.0175	 ndcg_10: 0.0287	 hit@1:0.004345	 hit@5:0.0319	 hit@10: 0.0673
target: 	 mrr: 0.055119	 ndcg_5: 0.0473	 ndcg_10: 0.0624	 hit@1:0.021603	 hit@5:0.0732	 hit@10: 0.1206
target best!
..............target: 	 mrr: 0.057561	 ndcg_5: 0.0524	 ndcg_10: 0.0643	 hit@1:0.019204	 hit@5:0.0844	 hit@10: 0.1214
epoch 38: train_loss = 1.002621, source_hit@10 = 0.0673, source_ndcg@10 = 0.0287, target_hit@10 = 0.1214, target_ndcg@10 = 0.0643
new best model saved.

2024-08-07 12:59:14.410864: step 11856/24320 (epoch 39/80), loss = 1.002225 (82.964 sec/epoch), lr: 0.001672
Evaluating on dev set...
...........................
source: 	 mrr: 0.033076	 ndcg_5: 0.0213	 ndcg_10: 0.0331	 hit@1:0.007241	 hit@5:0.0362	 hit@10: 0.0731
target: 	 mrr: 0.050591	 ndcg_5: 0.0409	 ndcg_10: 0.0561	 hit@1:0.016725	 hit@5:0.0655	 hit@10: 0.1129
epoch 39: train_loss = 1.002225, source_hit@10 = 0.0731, source_ndcg@10 = 0.0331, target_hit@10 = 0.1129, target_ndcg@10 = 0.0561

2024-08-07 13:00:39.133846: step 12160/24320 (epoch 40/80), loss = 1.002531 (84.004 sec/epoch), lr: 0.001589
Evaluating on dev set...
...........................
source: 	 mrr: 0.028240	 ndcg_5: 0.0196	 ndcg_10: 0.0282	 hit@1:0.003621	 hit@5:0.0340	 hit@10: 0.0608
target: 	 mrr: 0.054030	 ndcg_5: 0.0435	 ndcg_10: 0.0588	 hit@1:0.022300	 hit@5:0.0634	 hit@10: 0.1115
epoch 40: train_loss = 1.002531, source_hit@10 = 0.0608, source_ndcg@10 = 0.0282, target_hit@10 = 0.1115, target_ndcg@10 = 0.0588

2024-08-07 13:02:04.228953: step 12464/24320 (epoch 41/80), loss = 0.998423 (84.370 sec/epoch), lr: 0.001509
Evaluating on dev set...
...........................
source: 	 mrr: 0.032342	 ndcg_5: 0.0219	 ndcg_10: 0.0314	 hit@1:0.007965	 hit@5:0.0362	 hit@10: 0.0652
target: 	 mrr: 0.058480	 ndcg_5: 0.0501	 ndcg_10: 0.0629	 hit@1:0.023693	 hit@5:0.0760	 hit@10: 0.1157
target best!
..............target: 	 mrr: 0.058106	 ndcg_5: 0.0512	 ndcg_10: 0.0641	 hit@1:0.021948	 hit@5:0.0809	 hit@10: 0.1214
epoch 41: train_loss = 0.998423, source_hit@10 = 0.0652, source_ndcg@10 = 0.0314, target_hit@10 = 0.1214, target_ndcg@10 = 0.0641
new best model saved.

2024-08-07 13:03:30.176836: step 12768/24320 (epoch 42/80), loss = 0.998349 (84.753 sec/epoch), lr: 0.001509
Evaluating on dev set...
...........................
source: 	 mrr: 0.037274	 ndcg_5: 0.0260	 ndcg_10: 0.0366	 hit@1:0.012310	 hit@5:0.0420	 hit@10: 0.0746
target: 	 mrr: 0.055148	 ndcg_5: 0.0480	 ndcg_10: 0.0610	 hit@1:0.021603	 hit@5:0.0746	 hit@10: 0.1150
epoch 42: train_loss = 0.998349, source_hit@10 = 0.0746, source_ndcg@10 = 0.0366, target_hit@10 = 0.1150, target_ndcg@10 = 0.0610

2024-08-07 13:04:54.027480: step 13072/24320 (epoch 43/80), loss = 0.996440 (83.126 sec/epoch), lr: 0.001509
Evaluating on dev set...
...........................
source: 	 mrr: 0.039198	 ndcg_5: 0.0302	 ndcg_10: 0.0409	 hit@1:0.010862	 hit@5:0.0492	 hit@10: 0.0825
target: 	 mrr: 0.053539	 ndcg_5: 0.0445	 ndcg_10: 0.0604	 hit@1:0.017422	 hit@5:0.0725	 hit@10: 0.1220
epoch 43: train_loss = 0.996440, source_hit@10 = 0.0825, source_ndcg@10 = 0.0409, target_hit@10 = 0.1220, target_ndcg@10 = 0.0604

2024-08-07 13:06:18.924840: step 13376/24320 (epoch 44/80), loss = 0.995178 (84.174 sec/epoch), lr: 0.001509
Evaluating on dev set...
...........................
source: 	 mrr: 0.040747	 ndcg_5: 0.0310	 ndcg_10: 0.0412	 hit@1:0.011586	 hit@5:0.0514	 hit@10: 0.0833
target: 	 mrr: 0.052933	 ndcg_5: 0.0439	 ndcg_10: 0.0589	 hit@1:0.015331	 hit@5:0.0718	 hit@10: 0.1185
epoch 44: train_loss = 0.995178, source_hit@10 = 0.0833, source_ndcg@10 = 0.0412, target_hit@10 = 0.1185, target_ndcg@10 = 0.0589

2024-08-07 13:07:45.613825: step 13680/24320 (epoch 45/80), loss = 0.995483 (85.974 sec/epoch), lr: 0.001509
Evaluating on dev set...
...........................
source: 	 mrr: 0.034442	 ndcg_5: 0.0265	 ndcg_10: 0.0352	 hit@1:0.004345	 hit@5:0.0485	 hit@10: 0.0753
target: 	 mrr: 0.049706	 ndcg_5: 0.0382	 ndcg_10: 0.0560	 hit@1:0.016725	 hit@5:0.0585	 hit@10: 0.1136
epoch 45: train_loss = 0.995483, source_hit@10 = 0.0753, source_ndcg@10 = 0.0352, target_hit@10 = 0.1136, target_ndcg@10 = 0.0560

2024-08-07 13:09:10.342100: step 13984/24320 (epoch 46/80), loss = 0.992209 (84.070 sec/epoch), lr: 0.001434
Evaluating on dev set...
...........................
source: 	 mrr: 0.032212	 ndcg_5: 0.0219	 ndcg_10: 0.0300	 hit@1:0.007965	 hit@5:0.0362	 hit@10: 0.0608
target: 	 mrr: 0.046708	 ndcg_5: 0.0360	 ndcg_10: 0.0500	 hit@1:0.017422	 hit@5:0.0537	 hit@10: 0.0969
epoch 46: train_loss = 0.992209, source_hit@10 = 0.0608, source_ndcg@10 = 0.0300, target_hit@10 = 0.0969, target_ndcg@10 = 0.0500

2024-08-07 13:10:35.718431: step 14288/24320 (epoch 47/80), loss = 0.990745 (84.689 sec/epoch), lr: 0.001362
Evaluating on dev set...
...........................
source: 	 mrr: 0.040417	 ndcg_5: 0.0292	 ndcg_10: 0.0391	 hit@1:0.014482	 hit@5:0.0456	 hit@10: 0.0768
target: 	 mrr: 0.056511	 ndcg_5: 0.0467	 ndcg_10: 0.0638	 hit@1:0.021603	 hit@5:0.0718	 hit@10: 0.1254
epoch 47: train_loss = 0.990745, source_hit@10 = 0.0768, source_ndcg@10 = 0.0391, target_hit@10 = 0.1254, target_ndcg@10 = 0.0638

2024-08-07 13:11:59.865777: step 14592/24320 (epoch 48/80), loss = 0.990785 (83.443 sec/epoch), lr: 0.001362
Evaluating on dev set...
...........................
source: 	 mrr: 0.039993	 ndcg_5: 0.0276	 ndcg_10: 0.0389	 hit@1:0.014482	 hit@5:0.0420	 hit@10: 0.0775
target: 	 mrr: 0.061335	 ndcg_5: 0.0523	 ndcg_10: 0.0664	 hit@1:0.025784	 hit@5:0.0787	 hit@10: 0.1226
target best!
..............target: 	 mrr: 0.059584	 ndcg_5: 0.0506	 ndcg_10: 0.0654	 hit@1:0.024005	 hit@5:0.0796	 hit@10: 0.1248
epoch 48: train_loss = 0.990785, source_hit@10 = 0.0775, source_ndcg@10 = 0.0389, target_hit@10 = 0.1248, target_ndcg@10 = 0.0654
new best model saved.

2024-08-07 13:13:25.830580: step 14896/24320 (epoch 49/80), loss = 0.988416 (84.774 sec/epoch), lr: 0.001362
Evaluating on dev set...
...........................
source: 	 mrr: 0.039397	 ndcg_5: 0.0308	 ndcg_10: 0.0386	 hit@1:0.015206	 hit@5:0.0471	 hit@10: 0.0717
target: 	 mrr: 0.055433	 ndcg_5: 0.0466	 ndcg_10: 0.0612	 hit@1:0.018118	 hit@5:0.0746	 hit@10: 0.1199
epoch 49: train_loss = 0.988416, source_hit@10 = 0.0717, source_ndcg@10 = 0.0386, target_hit@10 = 0.1199, target_ndcg@10 = 0.0612

2024-08-07 13:14:50.958786: step 15200/24320 (epoch 50/80), loss = 0.987569 (84.488 sec/epoch), lr: 0.001294
Evaluating on dev set...
...........................
source: 	 mrr: 0.038975	 ndcg_5: 0.0287	 ndcg_10: 0.0373	 hit@1:0.010862	 hit@5:0.0471	 hit@10: 0.0739
target: 	 mrr: 0.059974	 ndcg_5: 0.0509	 ndcg_10: 0.0650	 hit@1:0.025087	 hit@5:0.0774	 hit@10: 0.1213
epoch 50: train_loss = 0.987569, source_hit@10 = 0.0739, source_ndcg@10 = 0.0373, target_hit@10 = 0.1213, target_ndcg@10 = 0.0650

2024-08-07 13:16:14.984252: step 15504/24320 (epoch 51/80), loss = 0.986196 (83.311 sec/epoch), lr: 0.001294
Evaluating on dev set...
...........................
source: 	 mrr: 0.034556	 ndcg_5: 0.0258	 ndcg_10: 0.0355	 hit@1:0.007965	 hit@5:0.0442	 hit@10: 0.0746
target: 	 mrr: 0.053042	 ndcg_5: 0.0451	 ndcg_10: 0.0580	 hit@1:0.017422	 hit@5:0.0725	 hit@10: 0.1129
epoch 51: train_loss = 0.986196, source_hit@10 = 0.0746, source_ndcg@10 = 0.0355, target_hit@10 = 0.1129, target_ndcg@10 = 0.0580

2024-08-07 13:17:40.530387: step 15808/24320 (epoch 52/80), loss = 0.985470 (84.861 sec/epoch), lr: 0.001229
Evaluating on dev set...
...........................
source: 	 mrr: 0.041148	 ndcg_5: 0.0325	 ndcg_10: 0.0421	 hit@1:0.010138	 hit@5:0.0550	 hit@10: 0.0847
target: 	 mrr: 0.048321	 ndcg_5: 0.0378	 ndcg_10: 0.0506	 hit@1:0.016725	 hit@5:0.0578	 hit@10: 0.0983
epoch 52: train_loss = 0.985470, source_hit@10 = 0.0847, source_ndcg@10 = 0.0421, target_hit@10 = 0.0983, target_ndcg@10 = 0.0506

2024-08-07 13:19:06.470831: step 16112/24320 (epoch 53/80), loss = 0.984167 (85.223 sec/epoch), lr: 0.001229
Evaluating on dev set...
...........................
source: 	 mrr: 0.033629	 ndcg_5: 0.0235	 ndcg_10: 0.0339	 hit@1:0.008689	 hit@5:0.0398	 hit@10: 0.0731
target: 	 mrr: 0.056200	 ndcg_5: 0.0481	 ndcg_10: 0.0620	 hit@1:0.020906	 hit@5:0.0760	 hit@10: 0.1192
epoch 53: train_loss = 0.984167, source_hit@10 = 0.0731, source_ndcg@10 = 0.0339, target_hit@10 = 0.1192, target_ndcg@10 = 0.0620

2024-08-07 13:20:32.540956: step 16416/24320 (epoch 54/80), loss = 0.980897 (85.425 sec/epoch), lr: 0.001229
Evaluating on dev set...
...........................
source: 	 mrr: 0.036319	 ndcg_5: 0.0255	 ndcg_10: 0.0369	 hit@1:0.009413	 hit@5:0.0434	 hit@10: 0.0789
target: 	 mrr: 0.062692	 ndcg_5: 0.0535	 ndcg_10: 0.0677	 hit@1:0.027875	 hit@5:0.0780	 hit@10: 0.1226
target best!
..............target: 	 mrr: 0.055517	 ndcg_5: 0.0487	 ndcg_10: 0.0596	 hit@1:0.017833	 hit@5:0.0782	 hit@10: 0.1125
epoch 54: train_loss = 0.980897, source_hit@10 = 0.0789, source_ndcg@10 = 0.0369, target_hit@10 = 0.1125, target_ndcg@10 = 0.0596
new best model saved.

2024-08-07 13:21:58.882428: step 16720/24320 (epoch 55/80), loss = 0.981590 (85.152 sec/epoch), lr: 0.001229
Evaluating on dev set...
...........................
source: 	 mrr: 0.031452	 ndcg_5: 0.0212	 ndcg_10: 0.0290	 hit@1:0.009413	 hit@5:0.0340	 hit@10: 0.0587
target: 	 mrr: 0.053884	 ndcg_5: 0.0462	 ndcg_10: 0.0583	 hit@1:0.016028	 hit@5:0.0753	 hit@10: 0.1129
epoch 55: train_loss = 0.981590, source_hit@10 = 0.0587, source_ndcg@10 = 0.0290, target_hit@10 = 0.1129, target_ndcg@10 = 0.0583

2024-08-07 13:23:24.009832: step 17024/24320 (epoch 56/80), loss = 0.979367 (84.473 sec/epoch), lr: 0.001168
Evaluating on dev set...
...........................
source: 	 mrr: 0.034656	 ndcg_5: 0.0213	 ndcg_10: 0.0342	 hit@1:0.007965	 hit@5:0.0348	 hit@10: 0.0753
target: 	 mrr: 0.061126	 ndcg_5: 0.0523	 ndcg_10: 0.0680	 hit@1:0.025784	 hit@5:0.0787	 hit@10: 0.1275
epoch 56: train_loss = 0.979367, source_hit@10 = 0.0753, source_ndcg@10 = 0.0342, target_hit@10 = 0.1275, target_ndcg@10 = 0.0680

2024-08-07 13:24:50.550828: step 17328/24320 (epoch 57/80), loss = 0.977698 (85.818 sec/epoch), lr: 0.001168
Evaluating on dev set...
...........................
source: 	 mrr: 0.046242	 ndcg_5: 0.0349	 ndcg_10: 0.0481	 hit@1:0.015206	 hit@5:0.0543	 hit@10: 0.0963
target: 	 mrr: 0.054235	 ndcg_5: 0.0475	 ndcg_10: 0.0595	 hit@1:0.018118	 hit@5:0.0767	 hit@10: 0.1143
source best!
.............
source: 	 mrr: 0.042720	 ndcg_5: 0.0307	 ndcg_10: 0.0415	 hit@1:0.015337	 hit@5:0.0452	 hit@10: 0.0790
epoch 57: train_loss = 0.977698, source_hit@10 = 0.0790, source_ndcg@10 = 0.0415, target_hit@10 = 0.1143, target_ndcg@10 = 0.0595
new best model saved.

2024-08-07 13:26:17.276231: step 17632/24320 (epoch 58/80), loss = 0.978052 (85.548 sec/epoch), lr: 0.001168
Evaluating on dev set...
...........................
source: 	 mrr: 0.043198	 ndcg_5: 0.0334	 ndcg_10: 0.0451	 hit@1:0.010862	 hit@5:0.0565	 hit@10: 0.0934
target: 	 mrr: 0.051972	 ndcg_5: 0.0440	 ndcg_10: 0.0560	 hit@1:0.019512	 hit@5:0.0683	 hit@10: 0.1059
epoch 58: train_loss = 0.978052, source_hit@10 = 0.0934, source_ndcg@10 = 0.0451, target_hit@10 = 0.1059, target_ndcg@10 = 0.0560

2024-08-07 13:27:43.576471: step 17936/24320 (epoch 59/80), loss = 0.976112 (85.565 sec/epoch), lr: 0.001110
Evaluating on dev set...
...........................
source: 	 mrr: 0.043601	 ndcg_5: 0.0321	 ndcg_10: 0.0422	 hit@1:0.013758	 hit@5:0.0500	 hit@10: 0.0811
target: 	 mrr: 0.056577	 ndcg_5: 0.0462	 ndcg_10: 0.0612	 hit@1:0.022300	 hit@5:0.0690	 hit@10: 0.1157
epoch 59: train_loss = 0.976112, source_hit@10 = 0.0811, source_ndcg@10 = 0.0422, target_hit@10 = 0.1157, target_ndcg@10 = 0.0612

2024-08-07 13:29:09.162948: step 18240/24320 (epoch 60/80), loss = 0.975367 (84.868 sec/epoch), lr: 0.001110
Evaluating on dev set...
...........................
source: 	 mrr: 0.042979	 ndcg_5: 0.0319	 ndcg_10: 0.0417	 hit@1:0.013758	 hit@5:0.0492	 hit@10: 0.0804
target: 	 mrr: 0.054429	 ndcg_5: 0.0474	 ndcg_10: 0.0574	 hit@1:0.022997	 hit@5:0.0725	 hit@10: 0.1038
epoch 60: train_loss = 0.975367, source_hit@10 = 0.0804, source_ndcg@10 = 0.0417, target_hit@10 = 0.1038, target_ndcg@10 = 0.0574

2024-08-07 13:30:33.043930: step 18544/24320 (epoch 61/80), loss = 0.971695 (83.163 sec/epoch), lr: 0.001054
Evaluating on dev set...
...........................
source: 	 mrr: 0.043814	 ndcg_5: 0.0324	 ndcg_10: 0.0434	 hit@1:0.014482	 hit@5:0.0492	 hit@10: 0.0833
target: 	 mrr: 0.053623	 ndcg_5: 0.0435	 ndcg_10: 0.0578	 hit@1:0.020209	 hit@5:0.0655	 hit@10: 0.1101
epoch 61: train_loss = 0.971695, source_hit@10 = 0.0833, source_ndcg@10 = 0.0434, target_hit@10 = 0.1101, target_ndcg@10 = 0.0578

2024-08-07 13:31:59.669038: step 18848/24320 (epoch 62/80), loss = 0.971784 (85.949 sec/epoch), lr: 0.001054
Evaluating on dev set...
...........................
source: 	 mrr: 0.042900	 ndcg_5: 0.0315	 ndcg_10: 0.0447	 hit@1:0.014482	 hit@5:0.0478	 hit@10: 0.0891
target: 	 mrr: 0.047957	 ndcg_5: 0.0383	 ndcg_10: 0.0506	 hit@1:0.017422	 hit@5:0.0599	 hit@10: 0.0983
epoch 62: train_loss = 0.971784, source_hit@10 = 0.0891, source_ndcg@10 = 0.0447, target_hit@10 = 0.0983, target_ndcg@10 = 0.0506

2024-08-07 13:33:24.149453: step 19152/24320 (epoch 63/80), loss = 0.968840 (83.756 sec/epoch), lr: 0.001001
Evaluating on dev set...
...........................
source: 	 mrr: 0.041313	 ndcg_5: 0.0303	 ndcg_10: 0.0418	 hit@1:0.013758	 hit@5:0.0485	 hit@10: 0.0847
target: 	 mrr: 0.044538	 ndcg_5: 0.0370	 ndcg_10: 0.0508	 hit@1:0.011847	 hit@5:0.0606	 hit@10: 0.1038
epoch 63: train_loss = 0.968840, source_hit@10 = 0.0847, source_ndcg@10 = 0.0418, target_hit@10 = 0.1038, target_ndcg@10 = 0.0508

2024-08-07 13:34:49.032624: step 19456/24320 (epoch 64/80), loss = 0.966981 (84.174 sec/epoch), lr: 0.000951
Evaluating on dev set...
...........................
source: 	 mrr: 0.043791	 ndcg_5: 0.0350	 ndcg_10: 0.0449	 hit@1:0.012310	 hit@5:0.0572	 hit@10: 0.0883
target: 	 mrr: 0.050410	 ndcg_5: 0.0424	 ndcg_10: 0.0551	 hit@1:0.018118	 hit@5:0.0662	 hit@10: 0.1059
epoch 64: train_loss = 0.966981, source_hit@10 = 0.0883, source_ndcg@10 = 0.0449, target_hit@10 = 0.1059, target_ndcg@10 = 0.0551

2024-08-07 13:36:15.315601: step 19760/24320 (epoch 65/80), loss = 0.966216 (85.644 sec/epoch), lr: 0.000951
Evaluating on dev set...
...........................
source: 	 mrr: 0.048197	 ndcg_5: 0.0367	 ndcg_10: 0.0484	 hit@1:0.018103	 hit@5:0.0543	 hit@10: 0.0912
target: 	 mrr: 0.046760	 ndcg_5: 0.0376	 ndcg_10: 0.0497	 hit@1:0.019512	 hit@5:0.0557	 hit@10: 0.0934
source best!
.............
source: 	 mrr: 0.039689	 ndcg_5: 0.0291	 ndcg_10: 0.0409	 hit@1:0.009969	 hit@5:0.0483	 hit@10: 0.0851
epoch 65: train_loss = 0.966216, source_hit@10 = 0.0851, source_ndcg@10 = 0.0409, target_hit@10 = 0.0934, target_ndcg@10 = 0.0497
new best model saved.

2024-08-07 13:37:40.964496: step 20064/24320 (epoch 66/80), loss = 0.963697 (84.455 sec/epoch), lr: 0.000951
Evaluating on dev set...
...........................
source: 	 mrr: 0.037620	 ndcg_5: 0.0257	 ndcg_10: 0.0375	 hit@1:0.010138	 hit@5:0.0413	 hit@10: 0.0775
target: 	 mrr: 0.053094	 ndcg_5: 0.0461	 ndcg_10: 0.0602	 hit@1:0.018118	 hit@5:0.0753	 hit@10: 0.1192
epoch 66: train_loss = 0.963697, source_hit@10 = 0.0775, source_ndcg@10 = 0.0375, target_hit@10 = 0.1192, target_ndcg@10 = 0.0602

2024-08-07 13:39:07.290794: step 20368/24320 (epoch 67/80), loss = 0.963313 (85.662 sec/epoch), lr: 0.000904
Evaluating on dev set...
...........................
source: 	 mrr: 0.043177	 ndcg_5: 0.0320	 ndcg_10: 0.0448	 hit@1:0.013758	 hit@5:0.0500	 hit@10: 0.0891
target: 	 mrr: 0.045525	 ndcg_5: 0.0369	 ndcg_10: 0.0490	 hit@1:0.015331	 hit@5:0.0578	 hit@10: 0.0962
epoch 67: train_loss = 0.963313, source_hit@10 = 0.0891, source_ndcg@10 = 0.0448, target_hit@10 = 0.0962, target_ndcg@10 = 0.0490

2024-08-07 13:40:31.613602: step 20672/24320 (epoch 68/80), loss = 0.959316 (83.600 sec/epoch), lr: 0.000859
Evaluating on dev set...
...........................
source: 	 mrr: 0.044886	 ndcg_5: 0.0369	 ndcg_10: 0.0460	 hit@1:0.014482	 hit@5:0.0601	 hit@10: 0.0883
target: 	 mrr: 0.042915	 ndcg_5: 0.0331	 ndcg_10: 0.0447	 hit@1:0.013240	 hit@5:0.0516	 hit@10: 0.0878
epoch 68: train_loss = 0.959316, source_hit@10 = 0.0883, source_ndcg@10 = 0.0460, target_hit@10 = 0.0878, target_ndcg@10 = 0.0447

2024-08-07 13:41:58.426789: step 20976/24320 (epoch 69/80), loss = 0.957274 (85.288 sec/epoch), lr: 0.000816
Evaluating on dev set...
...........................
source: 	 mrr: 0.042924	 ndcg_5: 0.0328	 ndcg_10: 0.0428	 hit@1:0.013034	 hit@5:0.0521	 hit@10: 0.0833
target: 	 mrr: 0.056468	 ndcg_5: 0.0478	 ndcg_10: 0.0620	 hit@1:0.020209	 hit@5:0.0746	 hit@10: 0.1185
epoch 69: train_loss = 0.957274, source_hit@10 = 0.0833, source_ndcg@10 = 0.0428, target_hit@10 = 0.1185, target_ndcg@10 = 0.0620

2024-08-07 13:43:24.233667: step 21280/24320 (epoch 70/80), loss = 0.956479 (85.079 sec/epoch), lr: 0.000816
Evaluating on dev set...
...........................
source: 	 mrr: 0.046184	 ndcg_5: 0.0348	 ndcg_10: 0.0483	 hit@1:0.015206	 hit@5:0.0543	 hit@10: 0.0963
target: 	 mrr: 0.055484	 ndcg_5: 0.0491	 ndcg_10: 0.0605	 hit@1:0.020906	 hit@5:0.0780	 hit@10: 0.1136
epoch 70: train_loss = 0.956479, source_hit@10 = 0.0963, source_ndcg@10 = 0.0483, target_hit@10 = 0.1136, target_ndcg@10 = 0.0605

2024-08-07 13:44:49.365330: step 21584/24320 (epoch 71/80), loss = 0.953400 (84.352 sec/epoch), lr: 0.000816
Evaluating on dev set...
...........................
source: 	 mrr: 0.045210	 ndcg_5: 0.0338	 ndcg_10: 0.0455	 hit@1:0.018103	 hit@5:0.0500	 hit@10: 0.0862
target: 	 mrr: 0.058367	 ndcg_5: 0.0502	 ndcg_10: 0.0616	 hit@1:0.022997	 hit@5:0.0753	 hit@10: 0.1108
epoch 71: train_loss = 0.953400, source_hit@10 = 0.0862, source_ndcg@10 = 0.0455, target_hit@10 = 0.1108, target_ndcg@10 = 0.0616

2024-08-07 13:46:14.836401: step 21888/24320 (epoch 72/80), loss = 0.950808 (84.750 sec/epoch), lr: 0.000816
Evaluating on dev set...
...........................
source: 	 mrr: 0.039172	 ndcg_5: 0.0292	 ndcg_10: 0.0404	 hit@1:0.010862	 hit@5:0.0492	 hit@10: 0.0840
target: 	 mrr: 0.050486	 ndcg_5: 0.0429	 ndcg_10: 0.0538	 hit@1:0.016028	 hit@5:0.0676	 hit@10: 0.1017
epoch 72: train_loss = 0.950808, source_hit@10 = 0.0840, source_ndcg@10 = 0.0404, target_hit@10 = 0.1017, target_ndcg@10 = 0.0538

2024-08-07 13:47:40.508048: step 22192/24320 (epoch 73/80), loss = 0.948492 (84.942 sec/epoch), lr: 0.000775
Evaluating on dev set...
...........................
source: 	 mrr: 0.040817	 ndcg_5: 0.0293	 ndcg_10: 0.0420	 hit@1:0.011586	 hit@5:0.0478	 hit@10: 0.0876
target: 	 mrr: 0.061388	 ndcg_5: 0.0544	 ndcg_10: 0.0656	 hit@1:0.025087	 hit@5:0.0822	 hit@10: 0.1171
epoch 73: train_loss = 0.948492, source_hit@10 = 0.0876, source_ndcg@10 = 0.0420, target_hit@10 = 0.1171, target_ndcg@10 = 0.0656

2024-08-07 13:49:05.644787: step 22496/24320 (epoch 74/80), loss = 0.949567 (84.397 sec/epoch), lr: 0.000775
Evaluating on dev set...
...........................
source: 	 mrr: 0.042714	 ndcg_5: 0.0328	 ndcg_10: 0.0425	 hit@1:0.013758	 hit@5:0.0529	 hit@10: 0.0833
target: 	 mrr: 0.048084	 ndcg_5: 0.0396	 ndcg_10: 0.0525	 hit@1:0.015331	 hit@5:0.0648	 hit@10: 0.1045
epoch 74: train_loss = 0.949567, source_hit@10 = 0.0833, source_ndcg@10 = 0.0425, target_hit@10 = 0.1045, target_ndcg@10 = 0.0525

2024-08-07 13:50:31.282992: step 22800/24320 (epoch 75/80), loss = 0.943892 (84.921 sec/epoch), lr: 0.000736
Evaluating on dev set...
...........................
source: 	 mrr: 0.044172	 ndcg_5: 0.0339	 ndcg_10: 0.0454	 hit@1:0.014482	 hit@5:0.0529	 hit@10: 0.0883
target: 	 mrr: 0.053540	 ndcg_5: 0.0453	 ndcg_10: 0.0595	 hit@1:0.020209	 hit@5:0.0711	 hit@10: 0.1157
epoch 75: train_loss = 0.943892, source_hit@10 = 0.0883, source_ndcg@10 = 0.0454, target_hit@10 = 0.1157, target_ndcg@10 = 0.0595

2024-08-07 13:51:55.857255: step 23104/24320 (epoch 76/80), loss = 0.941880 (83.860 sec/epoch), lr: 0.000736
Evaluating on dev set...
...........................
source: 	 mrr: 0.037319	 ndcg_5: 0.0263	 ndcg_10: 0.0369	 hit@1:0.010138	 hit@5:0.0427	 hit@10: 0.0760
target: 	 mrr: 0.039881	 ndcg_5: 0.0308	 ndcg_10: 0.0420	 hit@1:0.011847	 hit@5:0.0488	 hit@10: 0.0843
epoch 76: train_loss = 0.941880, source_hit@10 = 0.0760, source_ndcg@10 = 0.0369, target_hit@10 = 0.0843, target_ndcg@10 = 0.0420

2024-08-07 13:53:21.025837: step 23408/24320 (epoch 77/80), loss = 0.941387 (84.522 sec/epoch), lr: 0.000699
Evaluating on dev set...
...........................
source: 	 mrr: 0.039301	 ndcg_5: 0.0282	 ndcg_10: 0.0402	 hit@1:0.013034	 hit@5:0.0434	 hit@10: 0.0804
target: 	 mrr: 0.053208	 ndcg_5: 0.0462	 ndcg_10: 0.0570	 hit@1:0.020906	 hit@5:0.0732	 hit@10: 0.1066
epoch 77: train_loss = 0.941387, source_hit@10 = 0.0804, source_ndcg@10 = 0.0402, target_hit@10 = 0.1066, target_ndcg@10 = 0.0570

2024-08-07 13:54:47.222013: step 23712/24320 (epoch 78/80), loss = 0.940582 (85.465 sec/epoch), lr: 0.000699
Evaluating on dev set...
...........................
source: 	 mrr: 0.035664	 ndcg_5: 0.0270	 ndcg_10: 0.0357	 hit@1:0.009413	 hit@5:0.0449	 hit@10: 0.0717
target: 	 mrr: 0.057056	 ndcg_5: 0.0504	 ndcg_10: 0.0624	 hit@1:0.022997	 hit@5:0.0760	 hit@10: 0.1136
epoch 78: train_loss = 0.940582, source_hit@10 = 0.0717, source_ndcg@10 = 0.0357, target_hit@10 = 0.1136, target_ndcg@10 = 0.0624

2024-08-07 13:56:07.285085: step 24016/24320 (epoch 79/80), loss = 0.941347 (79.430 sec/epoch), lr: 0.000699
Evaluating on dev set...
...........................
source: 	 mrr: 0.045968	 ndcg_5: 0.0346	 ndcg_10: 0.0457	 hit@1:0.020275	 hit@5:0.0485	 hit@10: 0.0833
target: 	 mrr: 0.055004	 ndcg_5: 0.0464	 ndcg_10: 0.0577	 hit@1:0.022300	 hit@5:0.0690	 hit@10: 0.1045
epoch 79: train_loss = 0.941347, source_hit@10 = 0.0833, source_ndcg@10 = 0.0457, target_hit@10 = 0.1045, target_ndcg@10 = 0.0577

2024-08-07 13:57:27.772663: step 24320/24320 (epoch 80/80), loss = 0.936707 (79.786 sec/epoch), lr: 0.000699
Evaluating on dev set...
...........................
source: 	 mrr: 0.035932	 ndcg_5: 0.0246	 ndcg_10: 0.0342	 hit@1:0.011586	 hit@5:0.0384	 hit@10: 0.0681
target: 	 mrr: 0.050631	 ndcg_5: 0.0418	 ndcg_10: 0.0553	 hit@1:0.018815	 hit@5:0.0641	 hit@10: 0.1059
epoch 80: train_loss = 0.936707, source_hit@10 = 0.0681, source_ndcg@10 = 0.0342, target_hit@10 = 0.1059, target_ndcg@10 = 0.0553

