nohup: ignoring input
/home1/lhr/anaconda3/envs/torch/lib/python3.8/site-packages/torch_geometric/typing.py:54: UserWarning: An issue occurred while importing 'pyg-lib'. Disabling its usage. Stacktrace: /lib/x86_64-linux-gnu/libm.so.6: version `GLIBC_2.29' not found (required by /home1/lhr/anaconda3/envs/torch/lib/python3.8/site-packages/libpyg.so)
  warnings.warn(f"An issue occurred while importing 'pyg-lib'. "
/home1/lhr/anaconda3/envs/torch/lib/python3.8/site-packages/torch_geometric/typing.py:110: UserWarning: An issue occurred while importing 'torch-sparse'. Disabling its usage. Stacktrace: /lib/x86_64-linux-gnu/libm.so.6: version `GLIBC_2.29' not found (required by /home1/lhr/anaconda3/envs/torch/lib/python3.8/site-packages/libpyg.so)
  warnings.warn(f"An issue occurred while importing 'torch-sparse'. "
using gpu:3 to train the model
using gpu:3 to train the model
cuda:3
Namespace(A_split=False, JK='sum', a_fold=100, aggregate=False, alpha=0.5, batch_size=1024, beta_inter=0.5, conv_layers=4, cuda=True, decay_epoch=10, device=device(type='cuda', index=3), device_id='3', domains='game_video', dropout=0.5, epoch=80, feature_dim=126, hidden_dim=126, inter_tau=0.2, intra_tau=1, lambda_critic=0.4, leakey=0.05, load=False, log='logs.txt', log_epoch=1, lr=0.004, lr_decay=0.95, min_epoch=50, mode='train', model_file=None, model_name='gv', momentum=0.98, num_latent_factors=3, num_negative=100, optim='adam', patience=20, proj_layers=1, projection=1, rectify_epoch=30, residual=1, save=False, save_dir='./saved_models', seed=32, similarity_tau=0.1, test_sample_number=999, user_batch_size=256, weight_decay=0.0002)
number_user 25025
number_item 12319
/home1/lhr/invariantCDR/invariantCDR/utils/GraphMaker.py:45: RuntimeWarning: divide by zero encountered in power
  r_inv = np.power(rowsum, -1).flatten()
/home1/lhr/invariantCDR/invariantCDR/utils/GraphMaker.py:68: UserWarning: torch.sparse.SparseTensor(indices, values, shape, *, device=) is deprecated.  Please use torch.sparse_coo_tensor(indices, values, shape, dtype=, device=). (Triggered internally at /opt/conda/conda-bld/pytorch_1711403590347/work/torch/csrc/utils/tensor_new.cpp:618.)
  return torch.sparse.FloatTensor(indices, values, shape)
real graph loaded!
number_user 19457
number_item 8751
real graph loaded!
graph loaded!
Loading data from game_video with batch size 1024...
unseen test: 0
test length: 1381
unseen test: 0
test length: 1304
unseen test: 0
test length: 1435
unseen test: 0
test length: 1458
source_user_num 25025
target_user_num 19457
source_item_num 12319
target_item_num 8751
shared users id: 1737
test users 226, 217
unseen test: 0
dev length: 1000
unseen test: 0
dev length: 1000
source train data : 155036, target train data: 156091, source test data : 1304, target test data : 1458, source dev data : 1000, target dev data : 1000
2024-08-07 00:43:32.696304: step 304/24320 (epoch 1/80), loss = 1.388782 (88.451 sec/epoch), lr: 0.004000
Evaluating on dev set...
...........................
source: 	 mrr: 0.021649	 ndcg_5: 0.0135	 ndcg_10: 0.0193	 hit@1:0.005069	 hit@5:0.0224	 hit@10: 0.0406
target: 	 mrr: 0.032547	 ndcg_5: 0.0241	 ndcg_10: 0.0337	 hit@1:0.010453	 hit@5:0.0383	 hit@10: 0.0683
source best!
.............
source: 	 mrr: 0.024160	 ndcg_5: 0.0186	 ndcg_10: 0.0229	 hit@1:0.006902	 hit@5:0.0314	 hit@10: 0.0445
target best!
..............target: 	 mrr: 0.032817	 ndcg_5: 0.0251	 ndcg_10: 0.0317	 hit@1:0.010974	 hit@5:0.0398	 hit@10: 0.0604
epoch 1: train_loss = 1.388782, source_hit@10 = 0.0445, source_ndcg@10 = 0.0229, target_hit@10 = 0.0604, target_ndcg@10 = 0.0317

2024-08-07 00:44:59.275903: step 608/24320 (epoch 2/80), loss = 1.236715 (84.107 sec/epoch), lr: 0.004000
Evaluating on dev set...
...........................
source: 	 mrr: 0.027744	 ndcg_5: 0.0172	 ndcg_10: 0.0232	 hit@1:0.004345	 hit@5:0.0304	 hit@10: 0.0492
target: 	 mrr: 0.044554	 ndcg_5: 0.0361	 ndcg_10: 0.0463	 hit@1:0.016725	 hit@5:0.0557	 hit@10: 0.0878
source best!
.............
source: 	 mrr: 0.031030	 ndcg_5: 0.0197	 ndcg_10: 0.0300	 hit@1:0.006902	 hit@5:0.0345	 hit@10: 0.0660
target best!
..............target: 	 mrr: 0.048132	 ndcg_5: 0.0413	 ndcg_10: 0.0512	 hit@1:0.018519	 hit@5:0.0638	 hit@10: 0.0947
epoch 2: train_loss = 1.236715, source_hit@10 = 0.0660, source_ndcg@10 = 0.0300, target_hit@10 = 0.0947, target_ndcg@10 = 0.0512
new best model saved.

2024-08-07 00:46:26.591610: step 912/24320 (epoch 3/80), loss = 1.212658 (85.826 sec/epoch), lr: 0.004000
Evaluating on dev set...
...........................
source: 	 mrr: 0.024109	 ndcg_5: 0.0116	 ndcg_10: 0.0219	 hit@1:0.003621	 hit@5:0.0196	 hit@10: 0.0514
target: 	 mrr: 0.030827	 ndcg_5: 0.0183	 ndcg_10: 0.0324	 hit@1:0.004181	 hit@5:0.0321	 hit@10: 0.0767
epoch 3: train_loss = 1.212658, source_hit@10 = 0.0514, source_ndcg@10 = 0.0219, target_hit@10 = 0.0767, target_ndcg@10 = 0.0324

2024-08-07 00:47:55.903520: step 1216/24320 (epoch 4/80), loss = 1.162194 (88.568 sec/epoch), lr: 0.004000
Evaluating on dev set...
...........................
source: 	 mrr: 0.022735	 ndcg_5: 0.0140	 ndcg_10: 0.0199	 hit@1:0.002896	 hit@5:0.0261	 hit@10: 0.0449
target: 	 mrr: 0.036662	 ndcg_5: 0.0269	 ndcg_10: 0.0375	 hit@1:0.008362	 hit@5:0.0460	 hit@10: 0.0787
epoch 4: train_loss = 1.162194, source_hit@10 = 0.0449, source_ndcg@10 = 0.0199, target_hit@10 = 0.0787, target_ndcg@10 = 0.0375

2024-08-07 00:49:22.940498: step 1520/24320 (epoch 5/80), loss = 1.148239 (86.302 sec/epoch), lr: 0.004000
Evaluating on dev set...
...........................
source: 	 mrr: 0.034385	 ndcg_5: 0.0239	 ndcg_10: 0.0325	 hit@1:0.009413	 hit@5:0.0377	 hit@10: 0.0652
target: 	 mrr: 0.042558	 ndcg_5: 0.0344	 ndcg_10: 0.0437	 hit@1:0.013937	 hit@5:0.0551	 hit@10: 0.0843
source best!
.............
source: 	 mrr: 0.032344	 ndcg_5: 0.0200	 ndcg_10: 0.0320	 hit@1:0.006902	 hit@5:0.0337	 hit@10: 0.0706
epoch 5: train_loss = 1.148239, source_hit@10 = 0.0706, source_ndcg@10 = 0.0320, target_hit@10 = 0.0843, target_ndcg@10 = 0.0437
new best model saved.

2024-08-07 00:50:50.905383: step 1824/24320 (epoch 6/80), loss = 1.138531 (86.748 sec/epoch), lr: 0.004000
Evaluating on dev set...
...........................
source: 	 mrr: 0.031498	 ndcg_5: 0.0188	 ndcg_10: 0.0281	 hit@1:0.007241	 hit@5:0.0304	 hit@10: 0.0594
target: 	 mrr: 0.040765	 ndcg_5: 0.0302	 ndcg_10: 0.0430	 hit@1:0.011847	 hit@5:0.0481	 hit@10: 0.0871
epoch 6: train_loss = 1.138531, source_hit@10 = 0.0594, source_ndcg@10 = 0.0281, target_hit@10 = 0.0871, target_ndcg@10 = 0.0430

2024-08-07 00:52:19.618089: step 2128/24320 (epoch 7/80), loss = 1.129172 (87.970 sec/epoch), lr: 0.004000
Evaluating on dev set...
...........................
source: 	 mrr: 0.030331	 ndcg_5: 0.0204	 ndcg_10: 0.0276	 hit@1:0.005793	 hit@5:0.0348	 hit@10: 0.0572
target: 	 mrr: 0.044138	 ndcg_5: 0.0331	 ndcg_10: 0.0427	 hit@1:0.020209	 hit@5:0.0460	 hit@10: 0.0753
epoch 7: train_loss = 1.129172, source_hit@10 = 0.0572, source_ndcg@10 = 0.0276, target_hit@10 = 0.0753, target_ndcg@10 = 0.0427

2024-08-07 00:53:46.005365: step 2432/24320 (epoch 8/80), loss = 1.125471 (85.643 sec/epoch), lr: 0.004000
Evaluating on dev set...
...........................
source: 	 mrr: 0.033251	 ndcg_5: 0.0213	 ndcg_10: 0.0319	 hit@1:0.007241	 hit@5:0.0355	 hit@10: 0.0688
target: 	 mrr: 0.041611	 ndcg_5: 0.0320	 ndcg_10: 0.0422	 hit@1:0.015331	 hit@5:0.0488	 hit@10: 0.0808
epoch 8: train_loss = 1.125471, source_hit@10 = 0.0688, source_ndcg@10 = 0.0319, target_hit@10 = 0.0808, target_ndcg@10 = 0.0422

2024-08-07 00:55:12.342132: step 2736/24320 (epoch 9/80), loss = 1.119548 (85.596 sec/epoch), lr: 0.004000
Evaluating on dev set...
...........................
source: 	 mrr: 0.039398	 ndcg_5: 0.0299	 ndcg_10: 0.0379	 hit@1:0.013034	 hit@5:0.0471	 hit@10: 0.0717
target: 	 mrr: 0.030287	 ndcg_5: 0.0205	 ndcg_10: 0.0286	 hit@1:0.006969	 hit@5:0.0341	 hit@10: 0.0592
source best!
.............
source: 	 mrr: 0.033872	 ndcg_5: 0.0248	 ndcg_10: 0.0327	 hit@1:0.006902	 hit@5:0.0437	 hit@10: 0.0683
epoch 9: train_loss = 1.119548, source_hit@10 = 0.0683, source_ndcg@10 = 0.0327, target_hit@10 = 0.0592, target_ndcg@10 = 0.0286
new best model saved.

2024-08-07 00:56:39.530124: step 3040/24320 (epoch 10/80), loss = 1.111295 (86.003 sec/epoch), lr: 0.004000
Evaluating on dev set...
...........................
source: 	 mrr: 0.026938	 ndcg_5: 0.0174	 ndcg_10: 0.0260	 hit@1:0.006517	 hit@5:0.0282	 hit@10: 0.0550
target: 	 mrr: 0.031334	 ndcg_5: 0.0206	 ndcg_10: 0.0318	 hit@1:0.006969	 hit@5:0.0362	 hit@10: 0.0711
epoch 10: train_loss = 1.111295, source_hit@10 = 0.0550, source_ndcg@10 = 0.0260, target_hit@10 = 0.0711, target_ndcg@10 = 0.0318

2024-08-07 00:58:07.325101: step 3344/24320 (epoch 11/80), loss = 1.108362 (87.030 sec/epoch), lr: 0.004000
Evaluating on dev set...
...........................
source: 	 mrr: 0.027854	 ndcg_5: 0.0173	 ndcg_10: 0.0275	 hit@1:0.004345	 hit@5:0.0311	 hit@10: 0.0630
target: 	 mrr: 0.031380	 ndcg_5: 0.0211	 ndcg_10: 0.0317	 hit@1:0.006272	 hit@5:0.0362	 hit@10: 0.0697
epoch 11: train_loss = 1.108362, source_hit@10 = 0.0630, source_ndcg@10 = 0.0275, target_hit@10 = 0.0697, target_ndcg@10 = 0.0317

2024-08-07 00:59:34.579832: step 3648/24320 (epoch 12/80), loss = 1.104553 (86.454 sec/epoch), lr: 0.004000
Evaluating on dev set...
...........................
source: 	 mrr: 0.035593	 ndcg_5: 0.0239	 ndcg_10: 0.0359	 hit@1:0.009413	 hit@5:0.0362	 hit@10: 0.0739
target: 	 mrr: 0.047208	 ndcg_5: 0.0380	 ndcg_10: 0.0475	 hit@1:0.018815	 hit@5:0.0564	 hit@10: 0.0864
target best!
..............target: 	 mrr: 0.049454	 ndcg_5: 0.0392	 ndcg_10: 0.0531	 hit@1:0.019890	 hit@5:0.0583	 hit@10: 0.1022
epoch 12: train_loss = 1.104553, source_hit@10 = 0.0739, source_ndcg@10 = 0.0359, target_hit@10 = 0.1022, target_ndcg@10 = 0.0531
new best model saved.

2024-08-07 01:01:02.762781: step 3952/24320 (epoch 13/80), loss = 1.103746 (86.971 sec/epoch), lr: 0.004000
Evaluating on dev set...
...........................
source: 	 mrr: 0.027821	 ndcg_5: 0.0187	 ndcg_10: 0.0265	 hit@1:0.007241	 hit@5:0.0304	 hit@10: 0.0550
target: 	 mrr: 0.037795	 ndcg_5: 0.0277	 ndcg_10: 0.0391	 hit@1:0.009756	 hit@5:0.0460	 hit@10: 0.0815
epoch 13: train_loss = 1.103746, source_hit@10 = 0.0550, source_ndcg@10 = 0.0265, target_hit@10 = 0.0815, target_ndcg@10 = 0.0391

2024-08-07 01:02:30.364572: step 4256/24320 (epoch 14/80), loss = 1.099012 (86.870 sec/epoch), lr: 0.003800
Evaluating on dev set...
...........................
source: 	 mrr: 0.026050	 ndcg_5: 0.0186	 ndcg_10: 0.0237	 hit@1:0.005793	 hit@5:0.0304	 hit@10: 0.0456
target: 	 mrr: 0.040574	 ndcg_5: 0.0298	 ndcg_10: 0.0427	 hit@1:0.012544	 hit@5:0.0467	 hit@10: 0.0871
epoch 14: train_loss = 1.099012, source_hit@10 = 0.0456, source_ndcg@10 = 0.0237, target_hit@10 = 0.0871, target_ndcg@10 = 0.0427

2024-08-07 01:03:56.708104: step 4560/24320 (epoch 15/80), loss = 1.095169 (85.600 sec/epoch), lr: 0.003800
Evaluating on dev set...
...........................
source: 	 mrr: 0.038467	 ndcg_5: 0.0278	 ndcg_10: 0.0388	 hit@1:0.012310	 hit@5:0.0434	 hit@10: 0.0775
target: 	 mrr: 0.037977	 ndcg_5: 0.0269	 ndcg_10: 0.0393	 hit@1:0.011847	 hit@5:0.0425	 hit@10: 0.0815
epoch 15: train_loss = 1.095169, source_hit@10 = 0.0775, source_ndcg@10 = 0.0388, target_hit@10 = 0.0815, target_ndcg@10 = 0.0393

2024-08-07 01:05:24.101770: step 4864/24320 (epoch 16/80), loss = 1.091639 (86.619 sec/epoch), lr: 0.003800
Evaluating on dev set...
...........................
source: 	 mrr: 0.028477	 ndcg_5: 0.0196	 ndcg_10: 0.0283	 hit@1:0.005793	 hit@5:0.0333	 hit@10: 0.0608
target: 	 mrr: 0.029855	 ndcg_5: 0.0181	 ndcg_10: 0.0271	 hit@1:0.008362	 hit@5:0.0279	 hit@10: 0.0557
epoch 16: train_loss = 1.091639, source_hit@10 = 0.0608, source_ndcg@10 = 0.0283, target_hit@10 = 0.0557, target_ndcg@10 = 0.0271

2024-08-07 01:06:50.694968: step 5168/24320 (epoch 17/80), loss = 1.082059 (85.889 sec/epoch), lr: 0.003610
Evaluating on dev set...
...........................
source: 	 mrr: 0.025341	 ndcg_5: 0.0163	 ndcg_10: 0.0244	 hit@1:0.006517	 hit@5:0.0268	 hit@10: 0.0521
target: 	 mrr: 0.043603	 ndcg_5: 0.0337	 ndcg_10: 0.0456	 hit@1:0.016725	 hit@5:0.0509	 hit@10: 0.0871
epoch 17: train_loss = 1.082059, source_hit@10 = 0.0521, source_ndcg@10 = 0.0244, target_hit@10 = 0.0871, target_ndcg@10 = 0.0456

2024-08-07 01:08:18.138827: step 5472/24320 (epoch 18/80), loss = 1.078959 (86.722 sec/epoch), lr: 0.003610
Evaluating on dev set...
...........................
source: 	 mrr: 0.034446	 ndcg_5: 0.0244	 ndcg_10: 0.0348	 hit@1:0.010862	 hit@5:0.0398	 hit@10: 0.0724
target: 	 mrr: 0.043484	 ndcg_5: 0.0321	 ndcg_10: 0.0451	 hit@1:0.013937	 hit@5:0.0509	 hit@10: 0.0920
epoch 18: train_loss = 1.078959, source_hit@10 = 0.0724, source_ndcg@10 = 0.0348, target_hit@10 = 0.0920, target_ndcg@10 = 0.0451

2024-08-07 01:09:45.079092: step 5776/24320 (epoch 19/80), loss = 1.074700 (86.199 sec/epoch), lr: 0.003610
Evaluating on dev set...
...........................
source: 	 mrr: 0.039450	 ndcg_5: 0.0293	 ndcg_10: 0.0388	 hit@1:0.012310	 hit@5:0.0463	 hit@10: 0.0760
target: 	 mrr: 0.052018	 ndcg_5: 0.0434	 ndcg_10: 0.0550	 hit@1:0.021603	 hit@5:0.0641	 hit@10: 0.1003
source best!
.............
source: 	 mrr: 0.034964	 ndcg_5: 0.0230	 ndcg_10: 0.0344	 hit@1:0.006902	 hit@5:0.0383	 hit@10: 0.0736
target best!
..............target: 	 mrr: 0.046969	 ndcg_5: 0.0395	 ndcg_10: 0.0519	 hit@1:0.016461	 hit@5:0.0638	 hit@10: 0.1029
epoch 19: train_loss = 1.074700, source_hit@10 = 0.0736, source_ndcg@10 = 0.0344, target_hit@10 = 0.1029, target_ndcg@10 = 0.0519
new best model saved.

2024-08-07 01:11:12.705801: step 6080/24320 (epoch 20/80), loss = 1.070659 (86.065 sec/epoch), lr: 0.003610
Evaluating on dev set...
...........................
source: 	 mrr: 0.037228	 ndcg_5: 0.0272	 ndcg_10: 0.0385	 hit@1:0.010138	 hit@5:0.0456	 hit@10: 0.0804
target: 	 mrr: 0.054058	 ndcg_5: 0.0467	 ndcg_10: 0.0563	 hit@1:0.021603	 hit@5:0.0711	 hit@10: 0.1010
target best!
..............target: 	 mrr: 0.050013	 ndcg_5: 0.0398	 ndcg_10: 0.0525	 hit@1:0.019204	 hit@5:0.0590	 hit@10: 0.0995
epoch 20: train_loss = 1.070659, source_hit@10 = 0.0804, source_ndcg@10 = 0.0385, target_hit@10 = 0.0995, target_ndcg@10 = 0.0525
new best model saved.

2024-08-07 01:12:40.469387: step 6384/24320 (epoch 21/80), loss = 1.065484 (86.575 sec/epoch), lr: 0.003429
Evaluating on dev set...
...........................
source: 	 mrr: 0.034591	 ndcg_5: 0.0211	 ndcg_10: 0.0325	 hit@1:0.009413	 hit@5:0.0326	 hit@10: 0.0681
target: 	 mrr: 0.051131	 ndcg_5: 0.0416	 ndcg_10: 0.0594	 hit@1:0.016028	 hit@5:0.0669	 hit@10: 0.1226
epoch 21: train_loss = 1.065484, source_hit@10 = 0.0681, source_ndcg@10 = 0.0325, target_hit@10 = 0.1226, target_ndcg@10 = 0.0594

2024-08-07 01:14:07.251018: step 6688/24320 (epoch 22/80), loss = 1.062333 (86.057 sec/epoch), lr: 0.003258
Evaluating on dev set...
...........................
source: 	 mrr: 0.028629	 ndcg_5: 0.0199	 ndcg_10: 0.0268	 hit@1:0.009413	 hit@5:0.0319	 hit@10: 0.0536
target: 	 mrr: 0.045595	 ndcg_5: 0.0340	 ndcg_10: 0.0477	 hit@1:0.016028	 hit@5:0.0509	 hit@10: 0.0934
epoch 22: train_loss = 1.062333, source_hit@10 = 0.0536, source_ndcg@10 = 0.0268, target_hit@10 = 0.0934, target_ndcg@10 = 0.0477

2024-08-07 01:15:35.506472: step 6992/24320 (epoch 23/80), loss = 1.057512 (87.509 sec/epoch), lr: 0.003095
Evaluating on dev set...
...........................
source: 	 mrr: 0.025480	 ndcg_5: 0.0168	 ndcg_10: 0.0233	 hit@1:0.007241	 hit@5:0.0261	 hit@10: 0.0463
target: 	 mrr: 0.045952	 ndcg_5: 0.0368	 ndcg_10: 0.0503	 hit@1:0.013240	 hit@5:0.0613	 hit@10: 0.1031
epoch 23: train_loss = 1.057512, source_hit@10 = 0.0463, source_ndcg@10 = 0.0233, target_hit@10 = 0.1031, target_ndcg@10 = 0.0503

2024-08-07 01:17:01.305805: step 7296/24320 (epoch 24/80), loss = 1.054529 (85.019 sec/epoch), lr: 0.002940
Evaluating on dev set...
...........................
source: 	 mrr: 0.024628	 ndcg_5: 0.0165	 ndcg_10: 0.0228	 hit@1:0.005793	 hit@5:0.0275	 hit@10: 0.0471
target: 	 mrr: 0.049603	 ndcg_5: 0.0402	 ndcg_10: 0.0539	 hit@1:0.015331	 hit@5:0.0662	 hit@10: 0.1087
epoch 24: train_loss = 1.054529, source_hit@10 = 0.0471, source_ndcg@10 = 0.0228, target_hit@10 = 0.1087, target_ndcg@10 = 0.0539

2024-08-07 01:18:28.903616: step 7600/24320 (epoch 25/80), loss = 1.054123 (86.931 sec/epoch), lr: 0.002940
Evaluating on dev set...
...........................
source: 	 mrr: 0.041404	 ndcg_5: 0.0314	 ndcg_10: 0.0399	 hit@1:0.015930	 hit@5:0.0478	 hit@10: 0.0746
target: 	 mrr: 0.047281	 ndcg_5: 0.0380	 ndcg_10: 0.0532	 hit@1:0.011847	 hit@5:0.0648	 hit@10: 0.1122
source best!
.............
source: 	 mrr: 0.037267	 ndcg_5: 0.0257	 ndcg_10: 0.0379	 hit@1:0.010736	 hit@5:0.0422	 hit@10: 0.0805
epoch 25: train_loss = 1.054123, source_hit@10 = 0.0805, source_ndcg@10 = 0.0379, target_hit@10 = 0.1122, target_ndcg@10 = 0.0532
new best model saved.

2024-08-07 01:19:56.061868: step 7904/24320 (epoch 26/80), loss = 1.051289 (85.925 sec/epoch), lr: 0.002940
Evaluating on dev set...
...........................
source: 	 mrr: 0.040310	 ndcg_5: 0.0304	 ndcg_10: 0.0388	 hit@1:0.015206	 hit@5:0.0456	 hit@10: 0.0717
target: 	 mrr: 0.047494	 ndcg_5: 0.0407	 ndcg_10: 0.0534	 hit@1:0.012544	 hit@5:0.0690	 hit@10: 0.1087
epoch 26: train_loss = 1.051289, source_hit@10 = 0.0717, source_ndcg@10 = 0.0388, target_hit@10 = 0.1087, target_ndcg@10 = 0.0534

2024-08-07 01:21:23.858291: step 8208/24320 (epoch 27/80), loss = 1.051646 (86.948 sec/epoch), lr: 0.002793
Evaluating on dev set...
...........................
source: 	 mrr: 0.036076	 ndcg_5: 0.0290	 ndcg_10: 0.0372	 hit@1:0.009413	 hit@5:0.0492	 hit@10: 0.0746
target: 	 mrr: 0.054244	 ndcg_5: 0.0470	 ndcg_10: 0.0613	 hit@1:0.017422	 hit@5:0.0760	 hit@10: 0.1206
target best!
..............target: 	 mrr: 0.053593	 ndcg_5: 0.0444	 ndcg_10: 0.0587	 hit@1:0.017833	 hit@5:0.0686	 hit@10: 0.1132
epoch 27: train_loss = 1.051646, source_hit@10 = 0.0746, source_ndcg@10 = 0.0372, target_hit@10 = 0.1132, target_ndcg@10 = 0.0587
new best model saved.

2024-08-07 01:22:50.628696: step 8512/24320 (epoch 28/80), loss = 1.047734 (85.716 sec/epoch), lr: 0.002793
Evaluating on dev set...
...........................
source: 	 mrr: 0.037470	 ndcg_5: 0.0267	 ndcg_10: 0.0368	 hit@1:0.013758	 hit@5:0.0398	 hit@10: 0.0717
target: 	 mrr: 0.048914	 ndcg_5: 0.0416	 ndcg_10: 0.0544	 hit@1:0.013240	 hit@5:0.0704	 hit@10: 0.1101
epoch 28: train_loss = 1.047734, source_hit@10 = 0.0717, source_ndcg@10 = 0.0368, target_hit@10 = 0.1101, target_ndcg@10 = 0.0544

2024-08-07 01:24:17.577860: step 8816/24320 (epoch 29/80), loss = 1.047043 (86.211 sec/epoch), lr: 0.002654
Evaluating on dev set...
...........................
source: 	 mrr: 0.035121	 ndcg_5: 0.0247	 ndcg_10: 0.0355	 hit@1:0.009413	 hit@5:0.0391	 hit@10: 0.0724
target: 	 mrr: 0.050234	 ndcg_5: 0.0425	 ndcg_10: 0.0559	 hit@1:0.013937	 hit@5:0.0704	 hit@10: 0.1115
epoch 29: train_loss = 1.047043, source_hit@10 = 0.0724, source_ndcg@10 = 0.0355, target_hit@10 = 0.1115, target_ndcg@10 = 0.0559

2024-08-07 01:25:43.699370: step 9120/24320 (epoch 30/80), loss = 1.044289 (85.348 sec/epoch), lr: 0.002521
Evaluating on dev set...
...........................
source: 	 mrr: 0.042388	 ndcg_5: 0.0321	 ndcg_10: 0.0420	 hit@1:0.014482	 hit@5:0.0500	 hit@10: 0.0804
target: 	 mrr: 0.056672	 ndcg_5: 0.0496	 ndcg_10: 0.0631	 hit@1:0.018118	 hit@5:0.0808	 hit@10: 0.1226
source best!
.............
source: 	 mrr: 0.041442	 ndcg_5: 0.0308	 ndcg_10: 0.0432	 hit@1:0.012270	 hit@5:0.0506	 hit@10: 0.0890
target best!
..............target: 	 mrr: 0.059152	 ndcg_5: 0.0522	 ndcg_10: 0.0664	 hit@1:0.019890	 hit@5:0.0830	 hit@10: 0.1269
epoch 30: train_loss = 1.044289, source_hit@10 = 0.0890, source_ndcg@10 = 0.0432, target_hit@10 = 0.1269, target_ndcg@10 = 0.0664
new best model saved.
shift to transfer learning mode

2024-08-07 01:27:14.371112: step 9424/24320 (epoch 31/80), loss = 1.042838 (89.214 sec/epoch), lr: 0.002521
Evaluating on dev set...
...........................
source: 	 mrr: 0.040462	 ndcg_5: 0.0280	 ndcg_10: 0.0393	 hit@1:0.013034	 hit@5:0.0427	 hit@10: 0.0775
target: 	 mrr: 0.049166	 ndcg_5: 0.0411	 ndcg_10: 0.0516	 hit@1:0.020906	 hit@5:0.0627	 hit@10: 0.0955
epoch 31: train_loss = 1.042838, source_hit@10 = 0.0775, source_ndcg@10 = 0.0393, target_hit@10 = 0.0955, target_ndcg@10 = 0.0516

2024-08-07 01:28:45.542238: step 9728/24320 (epoch 32/80), loss = 1.042470 (90.485 sec/epoch), lr: 0.002395
Evaluating on dev set...
...........................
source: 	 mrr: 0.042105	 ndcg_5: 0.0320	 ndcg_10: 0.0430	 hit@1:0.013758	 hit@5:0.0492	 hit@10: 0.0840
target: 	 mrr: 0.050965	 ndcg_5: 0.0419	 ndcg_10: 0.0549	 hit@1:0.020906	 hit@5:0.0662	 hit@10: 0.1073
epoch 32: train_loss = 1.042470, source_hit@10 = 0.0840, source_ndcg@10 = 0.0430, target_hit@10 = 0.1073, target_ndcg@10 = 0.0549

2024-08-07 01:30:16.941852: step 10032/24320 (epoch 33/80), loss = 1.040469 (90.657 sec/epoch), lr: 0.002395
Evaluating on dev set...
...........................
source: 	 mrr: 0.031443	 ndcg_5: 0.0230	 ndcg_10: 0.0339	 hit@1:0.007241	 hit@5:0.0398	 hit@10: 0.0739
target: 	 mrr: 0.054795	 ndcg_5: 0.0441	 ndcg_10: 0.0604	 hit@1:0.020209	 hit@5:0.0676	 hit@10: 0.1185
epoch 33: train_loss = 1.040469, source_hit@10 = 0.0739, source_ndcg@10 = 0.0339, target_hit@10 = 0.1185, target_ndcg@10 = 0.0604

2024-08-07 01:31:46.857272: step 10336/24320 (epoch 34/80), loss = 1.035328 (89.177 sec/epoch), lr: 0.002275
Evaluating on dev set...
...........................
source: 	 mrr: 0.031786	 ndcg_5: 0.0218	 ndcg_10: 0.0301	 hit@1:0.006517	 hit@5:0.0377	 hit@10: 0.0637
target: 	 mrr: 0.048707	 ndcg_5: 0.0393	 ndcg_10: 0.0526	 hit@1:0.017422	 hit@5:0.0606	 hit@10: 0.1017
epoch 34: train_loss = 1.035328, source_hit@10 = 0.0637, source_ndcg@10 = 0.0301, target_hit@10 = 0.1017, target_ndcg@10 = 0.0526

2024-08-07 01:33:18.314016: step 10640/24320 (epoch 35/80), loss = 1.032434 (90.700 sec/epoch), lr: 0.002161
Evaluating on dev set...
...........................
source: 	 mrr: 0.037304	 ndcg_5: 0.0249	 ndcg_10: 0.0349	 hit@1:0.013034	 hit@5:0.0369	 hit@10: 0.0681
target: 	 mrr: 0.050378	 ndcg_5: 0.0439	 ndcg_10: 0.0564	 hit@1:0.014634	 hit@5:0.0732	 hit@10: 0.1122
epoch 35: train_loss = 1.032434, source_hit@10 = 0.0681, source_ndcg@10 = 0.0349, target_hit@10 = 0.1122, target_ndcg@10 = 0.0564

2024-08-07 01:34:47.053525: step 10944/24320 (epoch 36/80), loss = 1.033179 (88.063 sec/epoch), lr: 0.002161
Evaluating on dev set...
...........................
source: 	 mrr: 0.040072	 ndcg_5: 0.0270	 ndcg_10: 0.0379	 hit@1:0.013758	 hit@5:0.0398	 hit@10: 0.0731
target: 	 mrr: 0.048790	 ndcg_5: 0.0398	 ndcg_10: 0.0535	 hit@1:0.016028	 hit@5:0.0641	 hit@10: 0.1066
epoch 36: train_loss = 1.033179, source_hit@10 = 0.0731, source_ndcg@10 = 0.0379, target_hit@10 = 0.1066, target_ndcg@10 = 0.0535

2024-08-07 01:36:15.716385: step 11248/24320 (epoch 37/80), loss = 1.032721 (87.975 sec/epoch), lr: 0.002161
Evaluating on dev set...
...........................
source: 	 mrr: 0.037175	 ndcg_5: 0.0278	 ndcg_10: 0.0357	 hit@1:0.013034	 hit@5:0.0442	 hit@10: 0.0688
target: 	 mrr: 0.050797	 ndcg_5: 0.0426	 ndcg_10: 0.0551	 hit@1:0.018118	 hit@5:0.0669	 hit@10: 0.1059
epoch 37: train_loss = 1.032721, source_hit@10 = 0.0688, source_ndcg@10 = 0.0357, target_hit@10 = 0.1059, target_ndcg@10 = 0.0551

2024-08-07 01:37:47.079277: step 11552/24320 (epoch 38/80), loss = 1.028007 (90.611 sec/epoch), lr: 0.002053
Evaluating on dev set...
...........................
source: 	 mrr: 0.037402	 ndcg_5: 0.0267	 ndcg_10: 0.0363	 hit@1:0.009413	 hit@5:0.0434	 hit@10: 0.0731
target: 	 mrr: 0.048194	 ndcg_5: 0.0391	 ndcg_10: 0.0513	 hit@1:0.017422	 hit@5:0.0613	 hit@10: 0.0997
epoch 38: train_loss = 1.028007, source_hit@10 = 0.0731, source_ndcg@10 = 0.0363, target_hit@10 = 0.0997, target_ndcg@10 = 0.0513

2024-08-07 01:39:15.344928: step 11856/24320 (epoch 39/80), loss = 1.025613 (87.518 sec/epoch), lr: 0.001951
Evaluating on dev set...
...........................
source: 	 mrr: 0.038994	 ndcg_5: 0.0282	 ndcg_10: 0.0388	 hit@1:0.013034	 hit@5:0.0449	 hit@10: 0.0789
target: 	 mrr: 0.052341	 ndcg_5: 0.0450	 ndcg_10: 0.0563	 hit@1:0.018815	 hit@5:0.0704	 hit@10: 0.1052
epoch 39: train_loss = 1.025613, source_hit@10 = 0.0789, source_ndcg@10 = 0.0388, target_hit@10 = 0.1052, target_ndcg@10 = 0.0563

2024-08-07 01:40:47.333539: step 12160/24320 (epoch 40/80), loss = 1.027232 (91.249 sec/epoch), lr: 0.001951
Evaluating on dev set...
...........................
source: 	 mrr: 0.038996	 ndcg_5: 0.0293	 ndcg_10: 0.0398	 hit@1:0.010138	 hit@5:0.0492	 hit@10: 0.0825
target: 	 mrr: 0.052446	 ndcg_5: 0.0454	 ndcg_10: 0.0573	 hit@1:0.017422	 hit@5:0.0746	 hit@10: 0.1115
epoch 40: train_loss = 1.027232, source_hit@10 = 0.0825, source_ndcg@10 = 0.0398, target_hit@10 = 0.1115, target_ndcg@10 = 0.0573

2024-08-07 01:42:18.359486: step 12464/24320 (epoch 41/80), loss = 1.025718 (90.212 sec/epoch), lr: 0.001951
Evaluating on dev set...
...........................
source: 	 mrr: 0.041300	 ndcg_5: 0.0321	 ndcg_10: 0.0405	 hit@1:0.012310	 hit@5:0.0514	 hit@10: 0.0775
target: 	 mrr: 0.049503	 ndcg_5: 0.0416	 ndcg_10: 0.0538	 hit@1:0.014634	 hit@5:0.0676	 hit@10: 0.1059
epoch 41: train_loss = 1.025718, source_hit@10 = 0.0775, source_ndcg@10 = 0.0405, target_hit@10 = 0.1059, target_ndcg@10 = 0.0538

2024-08-07 01:43:47.737282: step 12768/24320 (epoch 42/80), loss = 1.024852 (88.634 sec/epoch), lr: 0.001853
Evaluating on dev set...
...........................
source: 	 mrr: 0.020805	 ndcg_5: 0.0140	 ndcg_10: 0.0191	 hit@1:0.005793	 hit@5:0.0224	 hit@10: 0.0384
target: 	 mrr: 0.041591	 ndcg_5: 0.0307	 ndcg_10: 0.0437	 hit@1:0.011150	 hit@5:0.0502	 hit@10: 0.0906
epoch 42: train_loss = 1.024852, source_hit@10 = 0.0384, source_ndcg@10 = 0.0191, target_hit@10 = 0.0906, target_ndcg@10 = 0.0437

2024-08-07 01:45:17.199057: step 13072/24320 (epoch 43/80), loss = 1.020857 (88.785 sec/epoch), lr: 0.001761
Evaluating on dev set...
...........................
source: 	 mrr: 0.035000	 ndcg_5: 0.0226	 ndcg_10: 0.0357	 hit@1:0.006517	 hit@5:0.0384	 hit@10: 0.0789
target: 	 mrr: 0.057560	 ndcg_5: 0.0505	 ndcg_10: 0.0618	 hit@1:0.022300	 hit@5:0.0794	 hit@10: 0.1143
target best!
..............target: 	 mrr: 0.056822	 ndcg_5: 0.0490	 ndcg_10: 0.0641	 hit@1:0.019890	 hit@5:0.0775	 hit@10: 0.1241
epoch 43: train_loss = 1.020857, source_hit@10 = 0.0789, source_ndcg@10 = 0.0357, target_hit@10 = 0.1241, target_ndcg@10 = 0.0641
new best model saved.

2024-08-07 01:46:47.450584: step 13376/24320 (epoch 44/80), loss = 1.020992 (89.032 sec/epoch), lr: 0.001761
Evaluating on dev set...
...........................
source: 	 mrr: 0.036418	 ndcg_5: 0.0259	 ndcg_10: 0.0358	 hit@1:0.012310	 hit@5:0.0406	 hit@10: 0.0710
target: 	 mrr: 0.054812	 ndcg_5: 0.0465	 ndcg_10: 0.0606	 hit@1:0.019512	 hit@5:0.0739	 hit@10: 0.1178
epoch 44: train_loss = 1.020992, source_hit@10 = 0.0710, source_ndcg@10 = 0.0358, target_hit@10 = 0.1178, target_ndcg@10 = 0.0606

2024-08-07 01:48:19.503442: step 13680/24320 (epoch 45/80), loss = 1.018634 (91.337 sec/epoch), lr: 0.001672
Evaluating on dev set...
...........................
source: 	 mrr: 0.036763	 ndcg_5: 0.0270	 ndcg_10: 0.0384	 hit@1:0.008689	 hit@5:0.0463	 hit@10: 0.0825
target: 	 mrr: 0.057245	 ndcg_5: 0.0496	 ndcg_10: 0.0604	 hit@1:0.020209	 hit@5:0.0774	 hit@10: 0.1108
epoch 45: train_loss = 1.018634, source_hit@10 = 0.0825, source_ndcg@10 = 0.0384, target_hit@10 = 0.1108, target_ndcg@10 = 0.0604

2024-08-07 01:49:50.783696: step 13984/24320 (epoch 46/80), loss = 1.018057 (90.526 sec/epoch), lr: 0.001672
Evaluating on dev set...
...........................
source: 	 mrr: 0.039949	 ndcg_5: 0.0289	 ndcg_10: 0.0381	 hit@1:0.012310	 hit@5:0.0456	 hit@10: 0.0746
target: 	 mrr: 0.047260	 ndcg_5: 0.0397	 ndcg_10: 0.0512	 hit@1:0.016028	 hit@5:0.0634	 hit@10: 0.0997
epoch 46: train_loss = 1.018057, source_hit@10 = 0.0746, source_ndcg@10 = 0.0381, target_hit@10 = 0.0997, target_ndcg@10 = 0.0512

2024-08-07 01:51:22.023910: step 14288/24320 (epoch 47/80), loss = 1.015860 (90.383 sec/epoch), lr: 0.001589
Evaluating on dev set...
...........................
source: 	 mrr: 0.025122	 ndcg_5: 0.0167	 ndcg_10: 0.0239	 hit@1:0.005793	 hit@5:0.0290	 hit@10: 0.0514
target: 	 mrr: 0.051993	 ndcg_5: 0.0410	 ndcg_10: 0.0567	 hit@1:0.016028	 hit@5:0.0655	 hit@10: 0.1143
epoch 47: train_loss = 1.015860, source_hit@10 = 0.0514, source_ndcg@10 = 0.0239, target_hit@10 = 0.1143, target_ndcg@10 = 0.0567

2024-08-07 01:52:52.085196: step 14592/24320 (epoch 48/80), loss = 1.013367 (89.347 sec/epoch), lr: 0.001509
Evaluating on dev set...
...........................
source: 	 mrr: 0.029982	 ndcg_5: 0.0217	 ndcg_10: 0.0302	 hit@1:0.007241	 hit@5:0.0362	 hit@10: 0.0623
target: 	 mrr: 0.053511	 ndcg_5: 0.0457	 ndcg_10: 0.0615	 hit@1:0.017422	 hit@5:0.0739	 hit@10: 0.1233
epoch 48: train_loss = 1.013367, source_hit@10 = 0.0623, source_ndcg@10 = 0.0302, target_hit@10 = 0.1233, target_ndcg@10 = 0.0615

2024-08-07 01:54:23.337752: step 14896/24320 (epoch 49/80), loss = 1.011407 (90.558 sec/epoch), lr: 0.001509
Evaluating on dev set...
...........................
source: 	 mrr: 0.046076	 ndcg_5: 0.0358	 ndcg_10: 0.0462	 hit@1:0.016655	 hit@5:0.0558	 hit@10: 0.0876
target: 	 mrr: 0.049958	 ndcg_5: 0.0413	 ndcg_10: 0.0552	 hit@1:0.013937	 hit@5:0.0662	 hit@10: 0.1094
source best!
.............
source: 	 mrr: 0.041040	 ndcg_5: 0.0316	 ndcg_10: 0.0415	 hit@1:0.009202	 hit@5:0.0521	 hit@10: 0.0828
epoch 49: train_loss = 1.011407, source_hit@10 = 0.0828, source_ndcg@10 = 0.0415, target_hit@10 = 0.1094, target_ndcg@10 = 0.0552
new best model saved.

2024-08-07 01:55:52.635471: step 15200/24320 (epoch 50/80), loss = 1.010529 (88.109 sec/epoch), lr: 0.001509
Evaluating on dev set...
...........................
source: 	 mrr: 0.044958	 ndcg_5: 0.0340	 ndcg_10: 0.0440	 hit@1:0.016655	 hit@5:0.0514	 hit@10: 0.0825
target: 	 mrr: 0.052356	 ndcg_5: 0.0462	 ndcg_10: 0.0592	 hit@1:0.016028	 hit@5:0.0767	 hit@10: 0.1164
epoch 50: train_loss = 1.010529, source_hit@10 = 0.0825, source_ndcg@10 = 0.0440, target_hit@10 = 0.1164, target_ndcg@10 = 0.0592

2024-08-07 01:57:22.174025: step 15504/24320 (epoch 51/80), loss = 1.010285 (88.780 sec/epoch), lr: 0.001509
Evaluating on dev set...
...........................
source: 	 mrr: 0.034894	 ndcg_5: 0.0241	 ndcg_10: 0.0352	 hit@1:0.010138	 hit@5:0.0384	 hit@10: 0.0731
target: 	 mrr: 0.053225	 ndcg_5: 0.0459	 ndcg_10: 0.0593	 hit@1:0.017422	 hit@5:0.0746	 hit@10: 0.1164
epoch 51: train_loss = 1.010285, source_hit@10 = 0.0731, source_ndcg@10 = 0.0352, target_hit@10 = 0.1164, target_ndcg@10 = 0.0593

2024-08-07 01:58:49.710691: step 15808/24320 (epoch 52/80), loss = 1.008338 (86.790 sec/epoch), lr: 0.001434
Evaluating on dev set...
...........................
source: 	 mrr: 0.043527	 ndcg_5: 0.0342	 ndcg_10: 0.0440	 hit@1:0.015930	 hit@5:0.0529	 hit@10: 0.0833
target: 	 mrr: 0.057722	 ndcg_5: 0.0483	 ndcg_10: 0.0629	 hit@1:0.024390	 hit@5:0.0732	 hit@10: 0.1185
target best!
..............target: 	 mrr: 0.060509	 ndcg_5: 0.0535	 ndcg_10: 0.0680	 hit@1:0.021948	 hit@5:0.0837	 hit@10: 0.1289
epoch 52: train_loss = 1.008338, source_hit@10 = 0.0833, source_ndcg@10 = 0.0440, target_hit@10 = 0.1289, target_ndcg@10 = 0.0680
new best model saved.

2024-08-07 02:00:19.617623: step 16112/24320 (epoch 53/80), loss = 1.008433 (87.722 sec/epoch), lr: 0.001434
Evaluating on dev set...
...........................
source: 	 mrr: 0.045340	 ndcg_5: 0.0343	 ndcg_10: 0.0456	 hit@1:0.016655	 hit@5:0.0521	 hit@10: 0.0876
target: 	 mrr: 0.056320	 ndcg_5: 0.0454	 ndcg_10: 0.0636	 hit@1:0.020209	 hit@5:0.0697	 hit@10: 0.1268
epoch 53: train_loss = 1.008433, source_hit@10 = 0.0876, source_ndcg@10 = 0.0456, target_hit@10 = 0.1268, target_ndcg@10 = 0.0636

2024-08-07 02:01:47.296045: step 16416/24320 (epoch 54/80), loss = 1.004842 (86.974 sec/epoch), lr: 0.001434
Evaluating on dev set...
...........................
source: 	 mrr: 0.030001	 ndcg_5: 0.0217	 ndcg_10: 0.0288	 hit@1:0.006517	 hit@5:0.0369	 hit@10: 0.0587
target: 	 mrr: 0.059004	 ndcg_5: 0.0505	 ndcg_10: 0.0650	 hit@1:0.022997	 hit@5:0.0774	 hit@10: 0.1226
target best!
..............target: 	 mrr: 0.056127	 ndcg_5: 0.0502	 ndcg_10: 0.0602	 hit@1:0.017833	 hit@5:0.0816	 hit@10: 0.1132
epoch 54: train_loss = 1.004842, source_hit@10 = 0.0587, source_ndcg@10 = 0.0288, target_hit@10 = 0.1132, target_ndcg@10 = 0.0602
new best model saved.

2024-08-07 02:03:16.347622: step 16720/24320 (epoch 55/80), loss = 1.003730 (87.895 sec/epoch), lr: 0.001362
Evaluating on dev set...
...........................
source: 	 mrr: 0.039556	 ndcg_5: 0.0283	 ndcg_10: 0.0391	 hit@1:0.010862	 hit@5:0.0456	 hit@10: 0.0797
target: 	 mrr: 0.050718	 ndcg_5: 0.0406	 ndcg_10: 0.0568	 hit@1:0.015331	 hit@5:0.0655	 hit@10: 0.1157
epoch 55: train_loss = 1.003730, source_hit@10 = 0.0797, source_ndcg@10 = 0.0391, target_hit@10 = 0.1157, target_ndcg@10 = 0.0568

2024-08-07 02:04:43.940135: step 17024/24320 (epoch 56/80), loss = 1.002391 (86.846 sec/epoch), lr: 0.001362
Evaluating on dev set...
...........................
source: 	 mrr: 0.030517	 ndcg_5: 0.0208	 ndcg_10: 0.0303	 hit@1:0.010138	 hit@5:0.0326	 hit@10: 0.0623
target: 	 mrr: 0.053322	 ndcg_5: 0.0472	 ndcg_10: 0.0575	 hit@1:0.018815	 hit@5:0.0774	 hit@10: 0.1094
epoch 56: train_loss = 1.002391, source_hit@10 = 0.0623, source_ndcg@10 = 0.0303, target_hit@10 = 0.1094, target_ndcg@10 = 0.0575

2024-08-07 02:06:10.856642: step 17328/24320 (epoch 57/80), loss = 0.999483 (86.178 sec/epoch), lr: 0.001294
Evaluating on dev set...
...........................
source: 	 mrr: 0.038881	 ndcg_5: 0.0277	 ndcg_10: 0.0371	 hit@1:0.013758	 hit@5:0.0420	 hit@10: 0.0710
target: 	 mrr: 0.051180	 ndcg_5: 0.0435	 ndcg_10: 0.0557	 hit@1:0.014634	 hit@5:0.0725	 hit@10: 0.1101
epoch 57: train_loss = 0.999483, source_hit@10 = 0.0710, source_ndcg@10 = 0.0371, target_hit@10 = 0.1101, target_ndcg@10 = 0.0557

2024-08-07 02:07:38.587392: step 17632/24320 (epoch 58/80), loss = 1.000180 (87.061 sec/epoch), lr: 0.001294
Evaluating on dev set...
...........................
source: 	 mrr: 0.038934	 ndcg_5: 0.0276	 ndcg_10: 0.0368	 hit@1:0.010862	 hit@5:0.0427	 hit@10: 0.0710
target: 	 mrr: 0.058934	 ndcg_5: 0.0494	 ndcg_10: 0.0616	 hit@1:0.025087	 hit@5:0.0725	 hit@10: 0.1108
epoch 58: train_loss = 1.000180, source_hit@10 = 0.0710, source_ndcg@10 = 0.0368, target_hit@10 = 0.1108, target_ndcg@10 = 0.0616

2024-08-07 02:09:07.231403: step 17936/24320 (epoch 59/80), loss = 0.999238 (87.889 sec/epoch), lr: 0.001294
Evaluating on dev set...
...........................
source: 	 mrr: 0.038300	 ndcg_5: 0.0281	 ndcg_10: 0.0388	 hit@1:0.008689	 hit@5:0.0463	 hit@10: 0.0797
target: 	 mrr: 0.053826	 ndcg_5: 0.0448	 ndcg_10: 0.0587	 hit@1:0.018815	 hit@5:0.0697	 hit@10: 0.1129
epoch 59: train_loss = 0.999238, source_hit@10 = 0.0797, source_ndcg@10 = 0.0388, target_hit@10 = 0.1129, target_ndcg@10 = 0.0587

2024-08-07 02:10:34.197461: step 18240/24320 (epoch 60/80), loss = 0.998592 (86.228 sec/epoch), lr: 0.001229
Evaluating on dev set...
...........................
source: 	 mrr: 0.032799	 ndcg_5: 0.0229	 ndcg_10: 0.0339	 hit@1:0.007965	 hit@5:0.0369	 hit@10: 0.0717
target: 	 mrr: 0.054175	 ndcg_5: 0.0447	 ndcg_10: 0.0579	 hit@1:0.019512	 hit@5:0.0676	 hit@10: 0.1094
epoch 60: train_loss = 0.998592, source_hit@10 = 0.0717, source_ndcg@10 = 0.0339, target_hit@10 = 0.1094, target_ndcg@10 = 0.0579

2024-08-07 02:12:01.954286: step 18544/24320 (epoch 61/80), loss = 0.993082 (87.016 sec/epoch), lr: 0.001168
Evaluating on dev set...
...........................
source: 	 mrr: 0.029137	 ndcg_5: 0.0219	 ndcg_10: 0.0294	 hit@1:0.005793	 hit@5:0.0369	 hit@10: 0.0608
target: 	 mrr: 0.053573	 ndcg_5: 0.0472	 ndcg_10: 0.0622	 hit@1:0.013937	 hit@5:0.0794	 hit@10: 0.1268
epoch 61: train_loss = 0.993082, source_hit@10 = 0.0608, source_ndcg@10 = 0.0294, target_hit@10 = 0.1268, target_ndcg@10 = 0.0622

2024-08-07 02:13:29.811238: step 18848/24320 (epoch 62/80), loss = 0.992263 (87.078 sec/epoch), lr: 0.001110
Evaluating on dev set...
...........................
source: 	 mrr: 0.045251	 ndcg_5: 0.0350	 ndcg_10: 0.0452	 hit@1:0.015930	 hit@5:0.0543	 hit@10: 0.0862
target: 	 mrr: 0.057941	 ndcg_5: 0.0498	 ndcg_10: 0.0640	 hit@1:0.020906	 hit@5:0.0774	 hit@10: 0.1213
epoch 62: train_loss = 0.992263, source_hit@10 = 0.0862, source_ndcg@10 = 0.0452, target_hit@10 = 0.1213, target_ndcg@10 = 0.0640

2024-08-07 02:14:57.733012: step 19152/24320 (epoch 63/80), loss = 0.992006 (87.205 sec/epoch), lr: 0.001110
Evaluating on dev set...
...........................
source: 	 mrr: 0.045283	 ndcg_5: 0.0350	 ndcg_10: 0.0461	 hit@1:0.015930	 hit@5:0.0565	 hit@10: 0.0905
target: 	 mrr: 0.048311	 ndcg_5: 0.0423	 ndcg_10: 0.0526	 hit@1:0.015331	 hit@5:0.0690	 hit@10: 0.1017
epoch 63: train_loss = 0.992006, source_hit@10 = 0.0905, source_ndcg@10 = 0.0461, target_hit@10 = 0.1017, target_ndcg@10 = 0.0526

2024-08-07 02:16:26.044222: step 19456/24320 (epoch 64/80), loss = 0.989049 (87.572 sec/epoch), lr: 0.001054
Evaluating on dev set...
...........................
source: 	 mrr: 0.036035	 ndcg_5: 0.0263	 ndcg_10: 0.0376	 hit@1:0.007241	 hit@5:0.0456	 hit@10: 0.0811
target: 	 mrr: 0.055753	 ndcg_5: 0.0472	 ndcg_10: 0.0608	 hit@1:0.020906	 hit@5:0.0753	 hit@10: 0.1171
epoch 64: train_loss = 0.989049, source_hit@10 = 0.0811, source_ndcg@10 = 0.0376, target_hit@10 = 0.1171, target_ndcg@10 = 0.0608

2024-08-07 02:17:52.941595: step 19760/24320 (epoch 65/80), loss = 0.986593 (86.124 sec/epoch), lr: 0.001001
Evaluating on dev set...
...........................
source: 	 mrr: 0.039729	 ndcg_5: 0.0278	 ndcg_10: 0.0390	 hit@1:0.012310	 hit@5:0.0442	 hit@10: 0.0789
target: 	 mrr: 0.055493	 ndcg_5: 0.0457	 ndcg_10: 0.0581	 hit@1:0.021603	 hit@5:0.0697	 hit@10: 0.1080
epoch 65: train_loss = 0.986593, source_hit@10 = 0.0789, source_ndcg@10 = 0.0390, target_hit@10 = 0.1080, target_ndcg@10 = 0.0581

2024-08-07 02:19:23.150741: step 20064/24320 (epoch 66/80), loss = 0.983104 (89.469 sec/epoch), lr: 0.001001
Evaluating on dev set...
...........................
source: 	 mrr: 0.032720	 ndcg_5: 0.0225	 ndcg_10: 0.0326	 hit@1:0.006517	 hit@5:0.0391	 hit@10: 0.0710
target: 	 mrr: 0.051496	 ndcg_5: 0.0452	 ndcg_10: 0.0561	 hit@1:0.014634	 hit@5:0.0760	 hit@10: 0.1094
epoch 66: train_loss = 0.983104, source_hit@10 = 0.0710, source_ndcg@10 = 0.0326, target_hit@10 = 0.1094, target_ndcg@10 = 0.0561

2024-08-07 02:20:49.858323: step 20368/24320 (epoch 67/80), loss = 0.981974 (85.943 sec/epoch), lr: 0.000951
Evaluating on dev set...
...........................
source: 	 mrr: 0.038683	 ndcg_5: 0.0280	 ndcg_10: 0.0382	 hit@1:0.012310	 hit@5:0.0449	 hit@10: 0.0768
target: 	 mrr: 0.055757	 ndcg_5: 0.0494	 ndcg_10: 0.0613	 hit@1:0.020906	 hit@5:0.0780	 hit@10: 0.1150
epoch 67: train_loss = 0.981974, source_hit@10 = 0.0768, source_ndcg@10 = 0.0382, target_hit@10 = 0.1150, target_ndcg@10 = 0.0613

2024-08-07 02:22:15.808240: step 20672/24320 (epoch 68/80), loss = 0.978265 (85.157 sec/epoch), lr: 0.000951
Evaluating on dev set...
...........................
source: 	 mrr: 0.040025	 ndcg_5: 0.0279	 ndcg_10: 0.0385	 hit@1:0.013758	 hit@5:0.0427	 hit@10: 0.0753
target: 	 mrr: 0.054952	 ndcg_5: 0.0478	 ndcg_10: 0.0593	 hit@1:0.020209	 hit@5:0.0746	 hit@10: 0.1108
epoch 68: train_loss = 0.978265, source_hit@10 = 0.0753, source_ndcg@10 = 0.0385, target_hit@10 = 0.1108, target_ndcg@10 = 0.0593

2024-08-07 02:23:42.443655: step 20976/24320 (epoch 69/80), loss = 0.979429 (85.895 sec/epoch), lr: 0.000951
Evaluating on dev set...
...........................
source: 	 mrr: 0.039789	 ndcg_5: 0.0298	 ndcg_10: 0.0406	 hit@1:0.010862	 hit@5:0.0492	 hit@10: 0.0833
target: 	 mrr: 0.050216	 ndcg_5: 0.0403	 ndcg_10: 0.0535	 hit@1:0.019512	 hit@5:0.0613	 hit@10: 0.1024
epoch 69: train_loss = 0.979429, source_hit@10 = 0.0833, source_ndcg@10 = 0.0406, target_hit@10 = 0.1024, target_ndcg@10 = 0.0535

2024-08-07 02:25:08.625241: step 21280/24320 (epoch 70/80), loss = 0.976492 (85.442 sec/epoch), lr: 0.000904
Evaluating on dev set...
...........................
source: 	 mrr: 0.037624	 ndcg_5: 0.0260	 ndcg_10: 0.0362	 hit@1:0.010862	 hit@5:0.0427	 hit@10: 0.0746
target: 	 mrr: 0.044175	 ndcg_5: 0.0357	 ndcg_10: 0.0467	 hit@1:0.015331	 hit@5:0.0564	 hit@10: 0.0906
epoch 70: train_loss = 0.976492, source_hit@10 = 0.0746, source_ndcg@10 = 0.0362, target_hit@10 = 0.0906, target_ndcg@10 = 0.0467

2024-08-07 02:26:33.744775: step 21584/24320 (epoch 71/80), loss = 0.972717 (84.459 sec/epoch), lr: 0.000859
Evaluating on dev set...
...........................
source: 	 mrr: 0.037506	 ndcg_5: 0.0286	 ndcg_10: 0.0385	 hit@1:0.010138	 hit@5:0.0478	 hit@10: 0.0789
target: 	 mrr: 0.050800	 ndcg_5: 0.0408	 ndcg_10: 0.0544	 hit@1:0.018815	 hit@5:0.0620	 hit@10: 0.1045
epoch 71: train_loss = 0.972717, source_hit@10 = 0.0789, source_ndcg@10 = 0.0385, target_hit@10 = 0.1045, target_ndcg@10 = 0.0544

2024-08-07 02:27:59.404129: step 21888/24320 (epoch 72/80), loss = 0.970161 (84.936 sec/epoch), lr: 0.000859
Evaluating on dev set...
...........................
source: 	 mrr: 0.045687	 ndcg_5: 0.0344	 ndcg_10: 0.0459	 hit@1:0.016655	 hit@5:0.0521	 hit@10: 0.0876
target: 	 mrr: 0.057191	 ndcg_5: 0.0481	 ndcg_10: 0.0621	 hit@1:0.022997	 hit@5:0.0725	 hit@10: 0.1157
epoch 72: train_loss = 0.970161, source_hit@10 = 0.0876, source_ndcg@10 = 0.0459, target_hit@10 = 0.1157, target_ndcg@10 = 0.0621

2024-08-07 02:29:24.461648: step 22192/24320 (epoch 73/80), loss = 0.970826 (84.330 sec/epoch), lr: 0.000859
Evaluating on dev set...
...........................
source: 	 mrr: 0.046731	 ndcg_5: 0.0365	 ndcg_10: 0.0487	 hit@1:0.015930	 hit@5:0.0565	 hit@10: 0.0941
target: 	 mrr: 0.052998	 ndcg_5: 0.0437	 ndcg_10: 0.0553	 hit@1:0.018815	 hit@5:0.0669	 hit@10: 0.1024
source best!
.............
source: 	 mrr: 0.043313	 ndcg_5: 0.0340	 ndcg_10: 0.0443	 hit@1:0.011503	 hit@5:0.0544	 hit@10: 0.0867
epoch 73: train_loss = 0.970826, source_hit@10 = 0.0867, source_ndcg@10 = 0.0443, target_hit@10 = 0.1024, target_ndcg@10 = 0.0553
new best model saved.

2024-08-07 02:30:49.920069: step 22496/24320 (epoch 74/80), loss = 0.971626 (84.360 sec/epoch), lr: 0.000816
Evaluating on dev set...
...........................
source: 	 mrr: 0.045786	 ndcg_5: 0.0348	 ndcg_10: 0.0464	 hit@1:0.015930	 hit@5:0.0521	 hit@10: 0.0883
target: 	 mrr: 0.053598	 ndcg_5: 0.0454	 ndcg_10: 0.0579	 hit@1:0.019512	 hit@5:0.0718	 hit@10: 0.1108
epoch 74: train_loss = 0.971626, source_hit@10 = 0.0883, source_ndcg@10 = 0.0464, target_hit@10 = 0.1108, target_ndcg@10 = 0.0579

2024-08-07 02:32:18.574083: step 22800/24320 (epoch 75/80), loss = 0.964025 (87.903 sec/epoch), lr: 0.000775
Evaluating on dev set...
...........................
source: 	 mrr: 0.043078	 ndcg_5: 0.0314	 ndcg_10: 0.0442	 hit@1:0.016655	 hit@5:0.0456	 hit@10: 0.0862
target: 	 mrr: 0.047606	 ndcg_5: 0.0373	 ndcg_10: 0.0501	 hit@1:0.018815	 hit@5:0.0564	 hit@10: 0.0962
epoch 75: train_loss = 0.964025, source_hit@10 = 0.0862, source_ndcg@10 = 0.0442, target_hit@10 = 0.0962, target_ndcg@10 = 0.0501

2024-08-07 02:33:51.945263: step 23104/24320 (epoch 76/80), loss = 0.962915 (92.667 sec/epoch), lr: 0.000736
Evaluating on dev set...
...........................
source: 	 mrr: 0.041111	 ndcg_5: 0.0296	 ndcg_10: 0.0402	 hit@1:0.014482	 hit@5:0.0434	 hit@10: 0.0768
target: 	 mrr: 0.053203	 ndcg_5: 0.0446	 ndcg_10: 0.0557	 hit@1:0.020906	 hit@5:0.0697	 hit@10: 0.1038
epoch 76: train_loss = 0.962915, source_hit@10 = 0.0768, source_ndcg@10 = 0.0402, target_hit@10 = 0.1038, target_ndcg@10 = 0.0557

2024-08-07 02:35:19.747873: step 23408/24320 (epoch 77/80), loss = 0.959841 (87.056 sec/epoch), lr: 0.000736
Evaluating on dev set...
...........................
source: 	 mrr: 0.034845	 ndcg_5: 0.0222	 ndcg_10: 0.0333	 hit@1:0.008689	 hit@5:0.0362	 hit@10: 0.0710
target: 	 mrr: 0.050870	 ndcg_5: 0.0417	 ndcg_10: 0.0516	 hit@1:0.020209	 hit@5:0.0627	 hit@10: 0.0934
epoch 77: train_loss = 0.959841, source_hit@10 = 0.0710, source_ndcg@10 = 0.0333, target_hit@10 = 0.0934, target_ndcg@10 = 0.0516

2024-08-07 02:36:48.172529: step 23712/24320 (epoch 78/80), loss = 0.955688 (87.694 sec/epoch), lr: 0.000699
Evaluating on dev set...
...........................
source: 	 mrr: 0.035077	 ndcg_5: 0.0242	 ndcg_10: 0.0336	 hit@1:0.008689	 hit@5:0.0391	 hit@10: 0.0688
target: 	 mrr: 0.047816	 ndcg_5: 0.0390	 ndcg_10: 0.0512	 hit@1:0.017422	 hit@5:0.0606	 hit@10: 0.0990
epoch 78: train_loss = 0.955688, source_hit@10 = 0.0688, source_ndcg@10 = 0.0336, target_hit@10 = 0.0990, target_ndcg@10 = 0.0512

2024-08-07 02:38:19.996844: step 24016/24320 (epoch 79/80), loss = 0.954197 (91.093 sec/epoch), lr: 0.000664
Evaluating on dev set...
...........................
source: 	 mrr: 0.031701	 ndcg_5: 0.0199	 ndcg_10: 0.0305	 hit@1:0.007241	 hit@5:0.0319	 hit@10: 0.0659
target: 	 mrr: 0.049739	 ndcg_5: 0.0404	 ndcg_10: 0.0549	 hit@1:0.017422	 hit@5:0.0634	 hit@10: 0.1087
epoch 79: train_loss = 0.954197, source_hit@10 = 0.0659, source_ndcg@10 = 0.0305, target_hit@10 = 0.1087, target_ndcg@10 = 0.0549

2024-08-07 02:39:43.396761: step 24320/24320 (epoch 80/80), loss = 0.951056 (82.747 sec/epoch), lr: 0.000631
Evaluating on dev set...
...........................
source: 	 mrr: 0.034238	 ndcg_5: 0.0214	 ndcg_10: 0.0309	 hit@1:0.010138	 hit@5:0.0326	 hit@10: 0.0623
target: 	 mrr: 0.044660	 ndcg_5: 0.0349	 ndcg_10: 0.0489	 hit@1:0.013240	 hit@5:0.0557	 hit@10: 0.0990
epoch 80: train_loss = 0.951056, source_hit@10 = 0.0623, source_ndcg@10 = 0.0309, target_hit@10 = 0.0990, target_ndcg@10 = 0.0489

