nohup: ignoring input
/home1/lhr/anaconda3/envs/torch/lib/python3.8/site-packages/torch_geometric/typing.py:54: UserWarning: An issue occurred while importing 'pyg-lib'. Disabling its usage. Stacktrace: /lib/x86_64-linux-gnu/libm.so.6: version `GLIBC_2.29' not found (required by /home1/lhr/anaconda3/envs/torch/lib/python3.8/site-packages/libpyg.so)
  warnings.warn(f"An issue occurred while importing 'pyg-lib'. "
/home1/lhr/anaconda3/envs/torch/lib/python3.8/site-packages/torch_geometric/typing.py:110: UserWarning: An issue occurred while importing 'torch-sparse'. Disabling its usage. Stacktrace: /lib/x86_64-linux-gnu/libm.so.6: version `GLIBC_2.29' not found (required by /home1/lhr/anaconda3/envs/torch/lib/python3.8/site-packages/libpyg.so)
  warnings.warn(f"An issue occurred while importing 'torch-sparse'. "
using gpu:1 to train the model
using gpu:1 to train the model
cuda:1
Namespace(A_split=False, JK='sum', a_fold=100, aggregate=False, alpha=0.4, batch_size=1024, beta_inter=0.55, conv_layers=4, cuda=True, decay_epoch=10, device=device(type='cuda', index=1), device_id='1', domains='game_video', dropout=0.4, epoch=80, feature_dim=126, hidden_dim=126, inter_tau=0.2, intra_tau=0.9, lambda_critic=0.4, leakey=0.05, load=False, log='logs.txt', log_epoch=1, lr=0.004, lr_decay=0.95, min_epoch=50, mode='train', model_file=None, model_name='gv', momentum=0.98, num_latent_factors=3, num_negative=100, optim='adam', patience=20, proj_layers=1, projection=1, rectify_epoch=30, residual=1, save=False, save_dir='./saved_models', seed=32, similarity_tau=0.1, test_sample_number=999, user_batch_size=256, weight_decay=0.0002)
number_user 25025
number_item 12319
/home1/lhr/invariantCDR/invariantCDR/utils/GraphMaker.py:46: RuntimeWarning: divide by zero encountered in power
  r_inv = np.power(rowsum, -1).flatten()
/home1/lhr/invariantCDR/invariantCDR/utils/GraphMaker.py:72: UserWarning: torch.sparse.SparseTensor(indices, values, shape, *, device=) is deprecated.  Please use torch.sparse_coo_tensor(indices, values, shape, dtype=, device=). (Triggered internally at /opt/conda/conda-bld/pytorch_1711403590347/work/torch/csrc/utils/tensor_new.cpp:618.)
  return torch.sparse.FloatTensor(indices, values, shape)
real graph loaded!
number_user 19457
number_item 8751
real graph loaded!
graph loaded!
Loading data from game_video with batch size 1024...
unseen test: 0
test length: 1381
unseen test: 0
test length: 1304
unseen test: 0
test length: 1435
unseen test: 0
test length: 1458
source_user_num 25025
target_user_num 19457
source_item_num 12319
target_item_num 8751
shared users id: 1737
test users 226, 217
unseen test: 0
dev length: 1000
unseen test: 0
dev length: 1000
source train data : 155036, target train data: 156091, source test data : 1304, target test data : 1458, source dev data : 1000, target dev data : 1000
2024-08-07 15:16:37.949591: step 304/24320 (epoch 1/80), loss = 1.394590 (240.832 sec/epoch), lr: 0.004000
Evaluating on dev set...
...........................
source: 	 mrr: 0.022751	 ndcg_5: 0.0147	 ndcg_10: 0.0201	 hit@1:0.005793	 hit@5:0.0246	 hit@10: 0.0413
target: 	 mrr: 0.026760	 ndcg_5: 0.0176	 ndcg_10: 0.0243	 hit@1:0.006969	 hit@5:0.0286	 hit@10: 0.0495
source best!
.............
source: 	 mrr: 0.025571	 ndcg_5: 0.0184	 ndcg_10: 0.0251	 hit@1:0.006135	 hit@5:0.0307	 hit@10: 0.0514
target best!
..............target: 	 mrr: 0.025856	 ndcg_5: 0.0162	 ndcg_10: 0.0226	 hit@1:0.005487	 hit@5:0.0274	 hit@10: 0.0473
epoch 1: train_loss = 1.394590, source_hit@10 = 0.0514, source_ndcg@10 = 0.0251, target_hit@10 = 0.0473, target_ndcg@10 = 0.0226

2024-08-07 15:21:24.213888: step 608/24320 (epoch 2/80), loss = 1.233239 (284.527 sec/epoch), lr: 0.004000
Evaluating on dev set...
...........................
source: 	 mrr: 0.027175	 ndcg_5: 0.0160	 ndcg_10: 0.0269	 hit@1:0.002172	 hit@5:0.0311	 hit@10: 0.0644
target: 	 mrr: 0.030358	 ndcg_5: 0.0226	 ndcg_10: 0.0313	 hit@1:0.008362	 hit@5:0.0369	 hit@10: 0.0641
source best!
.............
source: 	 mrr: 0.028443	 ndcg_5: 0.0171	 ndcg_10: 0.0249	 hit@1:0.005368	 hit@5:0.0291	 hit@10: 0.0537
target best!
..............target: 	 mrr: 0.030174	 ndcg_5: 0.0216	 ndcg_10: 0.0296	 hit@1:0.010288	 hit@5:0.0329	 hit@10: 0.0576
epoch 2: train_loss = 1.233239, source_hit@10 = 0.0537, source_ndcg@10 = 0.0249, target_hit@10 = 0.0576, target_ndcg@10 = 0.0296
new best model saved.

2024-08-07 15:25:53.503006: step 912/24320 (epoch 3/80), loss = 1.178369 (262.918 sec/epoch), lr: 0.004000
Evaluating on dev set...
...........................
source: 	 mrr: 0.022205	 ndcg_5: 0.0143	 ndcg_10: 0.0229	 hit@1:0.004345	 hit@5:0.0253	 hit@10: 0.0521
target: 	 mrr: 0.035058	 ndcg_5: 0.0254	 ndcg_10: 0.0367	 hit@1:0.009059	 hit@5:0.0425	 hit@10: 0.0780
target best!
..............target: 	 mrr: 0.038675	 ndcg_5: 0.0298	 ndcg_10: 0.0388	 hit@1:0.012346	 hit@5:0.0473	 hit@10: 0.0754
epoch 3: train_loss = 1.178369, source_hit@10 = 0.0521, source_ndcg@10 = 0.0229, target_hit@10 = 0.0754, target_ndcg@10 = 0.0388
new best model saved.

2024-08-07 15:30:14.842076: step 1216/24320 (epoch 4/80), loss = 1.160207 (259.885 sec/epoch), lr: 0.004000
Evaluating on dev set...
...........................
source: 	 mrr: 0.015825	 ndcg_5: 0.0102	 ndcg_10: 0.0140	 hit@1:0.002896	 hit@5:0.0174	 hit@10: 0.0290
target: 	 mrr: 0.039884	 ndcg_5: 0.0315	 ndcg_10: 0.0437	 hit@1:0.009059	 hit@5:0.0557	 hit@10: 0.0934
target best!
..............target: 	 mrr: 0.041686	 ndcg_5: 0.0329	 ndcg_10: 0.0436	 hit@1:0.013717	 hit@5:0.0528	 hit@10: 0.0864
epoch 4: train_loss = 1.160207, source_hit@10 = 0.0290, source_ndcg@10 = 0.0140, target_hit@10 = 0.0864, target_ndcg@10 = 0.0436
new best model saved.

2024-08-07 15:35:09.024372: step 1520/24320 (epoch 5/80), loss = 1.149474 (288.221 sec/epoch), lr: 0.004000
Evaluating on dev set...
...........................
source: 	 mrr: 0.031346	 ndcg_5: 0.0195	 ndcg_10: 0.0307	 hit@1:0.007241	 hit@5:0.0326	 hit@10: 0.0681
target: 	 mrr: 0.042913	 ndcg_5: 0.0342	 ndcg_10: 0.0464	 hit@1:0.013240	 hit@5:0.0557	 hit@10: 0.0934
source best!
.............
source: 	 mrr: 0.031467	 ndcg_5: 0.0196	 ndcg_10: 0.0282	 hit@1:0.006902	 hit@5:0.0322	 hit@10: 0.0598
target best!
..............target: 	 mrr: 0.038827	 ndcg_5: 0.0305	 ndcg_10: 0.0426	 hit@1:0.007545	 hit@5:0.0535	 hit@10: 0.0912
epoch 5: train_loss = 1.149474, source_hit@10 = 0.0598, source_ndcg@10 = 0.0282, target_hit@10 = 0.0912, target_ndcg@10 = 0.0426
new best model saved.

2024-08-07 15:39:05.548667: step 1824/24320 (epoch 6/80), loss = 1.141899 (234.526 sec/epoch), lr: 0.004000
Evaluating on dev set...
...........................
source: 	 mrr: 0.031124	 ndcg_5: 0.0200	 ndcg_10: 0.0282	 hit@1:0.007241	 hit@5:0.0333	 hit@10: 0.0587
target: 	 mrr: 0.041942	 ndcg_5: 0.0343	 ndcg_10: 0.0452	 hit@1:0.011150	 hit@5:0.0571	 hit@10: 0.0906
epoch 6: train_loss = 1.141899, source_hit@10 = 0.0587, source_ndcg@10 = 0.0282, target_hit@10 = 0.0906, target_ndcg@10 = 0.0452

2024-08-07 15:44:23.524734: step 2128/24320 (epoch 7/80), loss = 1.134142 (314.436 sec/epoch), lr: 0.004000
Evaluating on dev set...
...........................
source: 	 mrr: 0.018767	 ndcg_5: 0.0104	 ndcg_10: 0.0167	 hit@1:0.002896	 hit@5:0.0188	 hit@10: 0.0384
target: 	 mrr: 0.047799	 ndcg_5: 0.0404	 ndcg_10: 0.0507	 hit@1:0.016028	 hit@5:0.0641	 hit@10: 0.0969
target best!
..............target: 	 mrr: 0.049145	 ndcg_5: 0.0410	 ndcg_10: 0.0498	 hit@1:0.021948	 hit@5:0.0604	 hit@10: 0.0885
epoch 7: train_loss = 1.134142, source_hit@10 = 0.0384, source_ndcg@10 = 0.0167, target_hit@10 = 0.0885, target_ndcg@10 = 0.0498
new best model saved.

2024-08-07 15:47:44.497265: step 2432/24320 (epoch 8/80), loss = 1.126007 (199.447 sec/epoch), lr: 0.004000
Evaluating on dev set...
...........................
source: 	 mrr: 0.036292	 ndcg_5: 0.0294	 ndcg_10: 0.0365	 hit@1:0.009413	 hit@5:0.0500	 hit@10: 0.0724
target: 	 mrr: 0.044995	 ndcg_5: 0.0348	 ndcg_10: 0.0454	 hit@1:0.018815	 hit@5:0.0502	 hit@10: 0.0829
source best!
.............
source: 	 mrr: 0.035702	 ndcg_5: 0.0257	 ndcg_10: 0.0361	 hit@1:0.009969	 hit@5:0.0422	 hit@10: 0.0752
epoch 8: train_loss = 1.126007, source_hit@10 = 0.0752, source_ndcg@10 = 0.0361, target_hit@10 = 0.0829, target_ndcg@10 = 0.0454
new best model saved.

