nohup: ignoring input
/home1/lhr/anaconda3/envs/torch/lib/python3.8/site-packages/torch_geometric/typing.py:54: UserWarning: An issue occurred while importing 'pyg-lib'. Disabling its usage. Stacktrace: /lib/x86_64-linux-gnu/libm.so.6: version `GLIBC_2.29' not found (required by /home1/lhr/anaconda3/envs/torch/lib/python3.8/site-packages/libpyg.so)
  warnings.warn(f"An issue occurred while importing 'pyg-lib'. "
/home1/lhr/anaconda3/envs/torch/lib/python3.8/site-packages/torch_geometric/typing.py:110: UserWarning: An issue occurred while importing 'torch-sparse'. Disabling its usage. Stacktrace: /lib/x86_64-linux-gnu/libm.so.6: version `GLIBC_2.29' not found (required by /home1/lhr/anaconda3/envs/torch/lib/python3.8/site-packages/libpyg.so)
  warnings.warn(f"An issue occurred while importing 'torch-sparse'. "
using gpu:4 to train the model
using gpu:4 to train the model
cuda:4
Namespace(A_split=False, JK='sum', a_fold=100, aggregate=False, alpha=0.5, batch_size=1024, beta_inter=0.6, conv_layers=4, cuda=True, decay_epoch=10, device=device(type='cuda', index=4), device_id='4', domains='game_video', dropout=0.5, epoch=80, feature_dim=126, hidden_dim=126, inter_tau=0.2, intra_tau=1, lambda_critic=0.4, leakey=0.05, load=False, log='logs.txt', log_epoch=1, lr=0.004, lr_decay=0.95, min_epoch=50, mode='train', model_file=None, model_name='gv', momentum=0.98, num_latent_factors=3, num_negative=100, optim='adam', patience=20, proj_layers=1, projection=1, rectify_epoch=30, residual=1, save=False, save_dir='./saved_models', seed=32, similarity_tau=0.1, test_sample_number=999, user_batch_size=256, weight_decay=0.0002)
number_user 25025
number_item 12319
/home1/lhr/invariantCDR/invariantCDR/utils/GraphMaker.py:45: RuntimeWarning: divide by zero encountered in power
  r_inv = np.power(rowsum, -1).flatten()
/home1/lhr/invariantCDR/invariantCDR/utils/GraphMaker.py:68: UserWarning: torch.sparse.SparseTensor(indices, values, shape, *, device=) is deprecated.  Please use torch.sparse_coo_tensor(indices, values, shape, dtype=, device=). (Triggered internally at /opt/conda/conda-bld/pytorch_1711403590347/work/torch/csrc/utils/tensor_new.cpp:618.)
  return torch.sparse.FloatTensor(indices, values, shape)
real graph loaded!
number_user 19457
number_item 8751
real graph loaded!
graph loaded!
Loading data from game_video with batch size 1024...
unseen test: 0
test length: 1381
unseen test: 0
test length: 1304
unseen test: 0
test length: 1435
unseen test: 0
test length: 1458
source_user_num 25025
target_user_num 19457
source_item_num 12319
target_item_num 8751
shared users id: 1737
test users 226, 217
unseen test: 0
dev length: 1000
unseen test: 0
dev length: 1000
source train data : 155036, target train data: 156091, source test data : 1304, target test data : 1458, source dev data : 1000, target dev data : 1000
2024-08-07 00:44:30.648413: step 304/24320 (epoch 1/80), loss = 1.410136 (86.617 sec/epoch), lr: 0.004000
Evaluating on dev set...
...........................
source: 	 mrr: 0.021280	 ndcg_5: 0.0132	 ndcg_10: 0.0181	 hit@1:0.000724	 hit@5:0.0253	 hit@10: 0.0406
target: 	 mrr: 0.042845	 ndcg_5: 0.0340	 ndcg_10: 0.0452	 hit@1:0.018118	 hit@5:0.0509	 hit@10: 0.0850
source best!
.............
source: 	 mrr: 0.026317	 ndcg_5: 0.0175	 ndcg_10: 0.0209	 hit@1:0.008436	 hit@5:0.0261	 hit@10: 0.0368
target best!
..............target: 	 mrr: 0.044668	 ndcg_5: 0.0378	 ndcg_10: 0.0463	 hit@1:0.017833	 hit@5:0.0569	 hit@10: 0.0837
epoch 1: train_loss = 1.410136, source_hit@10 = 0.0368, source_ndcg@10 = 0.0209, target_hit@10 = 0.0837, target_ndcg@10 = 0.0463

2024-08-07 00:45:56.400043: step 608/24320 (epoch 2/80), loss = 1.234443 (84.420 sec/epoch), lr: 0.004000
Evaluating on dev set...
...........................
source: 	 mrr: 0.030097	 ndcg_5: 0.0196	 ndcg_10: 0.0280	 hit@1:0.007241	 hit@5:0.0319	 hit@10: 0.0572
target: 	 mrr: 0.047756	 ndcg_5: 0.0401	 ndcg_10: 0.0496	 hit@1:0.020906	 hit@5:0.0599	 hit@10: 0.0899
source best!
.............
source: 	 mrr: 0.030429	 ndcg_5: 0.0200	 ndcg_10: 0.0311	 hit@1:0.006902	 hit@5:0.0337	 hit@10: 0.0690
target best!
..............target: 	 mrr: 0.042466	 ndcg_5: 0.0357	 ndcg_10: 0.0466	 hit@1:0.013032	 hit@5:0.0597	 hit@10: 0.0940
epoch 2: train_loss = 1.234443, source_hit@10 = 0.0690, source_ndcg@10 = 0.0311, target_hit@10 = 0.0940, target_ndcg@10 = 0.0466
new best model saved.

2024-08-07 00:47:24.991341: step 912/24320 (epoch 3/80), loss = 1.200937 (87.111 sec/epoch), lr: 0.004000
Evaluating on dev set...
...........................
source: 	 mrr: 0.028532	 ndcg_5: 0.0163	 ndcg_10: 0.0254	 hit@1:0.005069	 hit@5:0.0275	 hit@10: 0.0558
target: 	 mrr: 0.038356	 ndcg_5: 0.0299	 ndcg_10: 0.0407	 hit@1:0.010453	 hit@5:0.0488	 hit@10: 0.0815
epoch 3: train_loss = 1.200937, source_hit@10 = 0.0558, source_ndcg@10 = 0.0254, target_hit@10 = 0.0815, target_ndcg@10 = 0.0407

2024-08-07 00:48:50.613453: step 1216/24320 (epoch 4/80), loss = 1.193777 (84.930 sec/epoch), lr: 0.004000
Evaluating on dev set...
...........................
source: 	 mrr: 0.030940	 ndcg_5: 0.0178	 ndcg_10: 0.0309	 hit@1:0.009413	 hit@5:0.0253	 hit@10: 0.0666
target: 	 mrr: 0.051794	 ndcg_5: 0.0454	 ndcg_10: 0.0569	 hit@1:0.020906	 hit@5:0.0704	 hit@10: 0.1066
source best!
.............
source: 	 mrr: 0.034428	 ndcg_5: 0.0250	 ndcg_10: 0.0343	 hit@1:0.009202	 hit@5:0.0406	 hit@10: 0.0698
target best!
..............target: 	 mrr: 0.046947	 ndcg_5: 0.0378	 ndcg_10: 0.0481	 hit@1:0.017147	 hit@5:0.0576	 hit@10: 0.0898
epoch 4: train_loss = 1.193777, source_hit@10 = 0.0698, source_ndcg@10 = 0.0343, target_hit@10 = 0.0898, target_ndcg@10 = 0.0481
new best model saved.

2024-08-07 00:50:17.272609: step 1520/24320 (epoch 5/80), loss = 1.180873 (85.215 sec/epoch), lr: 0.004000
Evaluating on dev set...
...........................
source: 	 mrr: 0.033627	 ndcg_5: 0.0213	 ndcg_10: 0.0314	 hit@1:0.010862	 hit@5:0.0319	 hit@10: 0.0630
target: 	 mrr: 0.045683	 ndcg_5: 0.0372	 ndcg_10: 0.0499	 hit@1:0.014634	 hit@5:0.0613	 hit@10: 0.1010
source best!
.............
source: 	 mrr: 0.034166	 ndcg_5: 0.0235	 ndcg_10: 0.0335	 hit@1:0.010736	 hit@5:0.0383	 hit@10: 0.0690
epoch 5: train_loss = 1.180873, source_hit@10 = 0.0690, source_ndcg@10 = 0.0335, target_hit@10 = 0.1010, target_ndcg@10 = 0.0499
new best model saved.

2024-08-07 00:51:44.403777: step 1824/24320 (epoch 6/80), loss = 1.160752 (85.938 sec/epoch), lr: 0.004000
Evaluating on dev set...
...........................
source: 	 mrr: 0.027289	 ndcg_5: 0.0183	 ndcg_10: 0.0245	 hit@1:0.009413	 hit@5:0.0282	 hit@10: 0.0478
target: 	 mrr: 0.053651	 ndcg_5: 0.0460	 ndcg_10: 0.0584	 hit@1:0.019512	 hit@5:0.0718	 hit@10: 0.1094
target best!
..............target: 	 mrr: 0.053136	 ndcg_5: 0.0444	 ndcg_10: 0.0588	 hit@1:0.017833	 hit@5:0.0700	 hit@10: 0.1139
epoch 6: train_loss = 1.160752, source_hit@10 = 0.0478, source_ndcg@10 = 0.0245, target_hit@10 = 0.1139, target_ndcg@10 = 0.0588
new best model saved.

2024-08-07 00:53:10.782855: step 2128/24320 (epoch 7/80), loss = 1.154851 (85.222 sec/epoch), lr: 0.004000
Evaluating on dev set...
...........................
source: 	 mrr: 0.025651	 ndcg_5: 0.0181	 ndcg_10: 0.0242	 hit@1:0.005793	 hit@5:0.0304	 hit@10: 0.0492
target: 	 mrr: 0.043812	 ndcg_5: 0.0337	 ndcg_10: 0.0472	 hit@1:0.012544	 hit@5:0.0551	 hit@10: 0.0969
epoch 7: train_loss = 1.154851, source_hit@10 = 0.0492, source_ndcg@10 = 0.0242, target_hit@10 = 0.0969, target_ndcg@10 = 0.0472

2024-08-07 00:54:36.054262: step 2432/24320 (epoch 8/80), loss = 1.153259 (84.514 sec/epoch), lr: 0.004000
Evaluating on dev set...
...........................
source: 	 mrr: 0.022936	 ndcg_5: 0.0142	 ndcg_10: 0.0219	 hit@1:0.004345	 hit@5:0.0246	 hit@10: 0.0492
target: 	 mrr: 0.047455	 ndcg_5: 0.0411	 ndcg_10: 0.0509	 hit@1:0.016028	 hit@5:0.0669	 hit@10: 0.0976
epoch 8: train_loss = 1.153259, source_hit@10 = 0.0492, source_ndcg@10 = 0.0219, target_hit@10 = 0.0976, target_ndcg@10 = 0.0509

2024-08-07 00:56:01.709742: step 2736/24320 (epoch 9/80), loss = 1.140031 (84.925 sec/epoch), lr: 0.004000
Evaluating on dev set...
...........................
source: 	 mrr: 0.037038	 ndcg_5: 0.0254	 ndcg_10: 0.0359	 hit@1:0.015206	 hit@5:0.0362	 hit@10: 0.0688
target: 	 mrr: 0.043476	 ndcg_5: 0.0346	 ndcg_10: 0.0490	 hit@1:0.011847	 hit@5:0.0578	 hit@10: 0.1024
source best!
.............
source: 	 mrr: 0.037364	 ndcg_5: 0.0272	 ndcg_10: 0.0372	 hit@1:0.013037	 hit@5:0.0414	 hit@10: 0.0721
epoch 9: train_loss = 1.140031, source_hit@10 = 0.0721, source_ndcg@10 = 0.0372, target_hit@10 = 0.1024, target_ndcg@10 = 0.0490
new best model saved.

2024-08-07 00:57:28.190620: step 3040/24320 (epoch 10/80), loss = 1.122709 (85.269 sec/epoch), lr: 0.004000
Evaluating on dev set...
...........................
source: 	 mrr: 0.032382	 ndcg_5: 0.0214	 ndcg_10: 0.0316	 hit@1:0.007965	 hit@5:0.0348	 hit@10: 0.0666
target: 	 mrr: 0.040473	 ndcg_5: 0.0318	 ndcg_10: 0.0428	 hit@1:0.013937	 hit@5:0.0495	 hit@10: 0.0836
epoch 10: train_loss = 1.122709, source_hit@10 = 0.0666, source_ndcg@10 = 0.0316, target_hit@10 = 0.0836, target_ndcg@10 = 0.0428

2024-08-07 00:58:54.371587: step 3344/24320 (epoch 11/80), loss = 1.116020 (85.388 sec/epoch), lr: 0.004000
Evaluating on dev set...
...........................
source: 	 mrr: 0.030093	 ndcg_5: 0.0179	 ndcg_10: 0.0270	 hit@1:0.008689	 hit@5:0.0282	 hit@10: 0.0565
target: 	 mrr: 0.040989	 ndcg_5: 0.0310	 ndcg_10: 0.0420	 hit@1:0.013937	 hit@5:0.0495	 hit@10: 0.0836
epoch 11: train_loss = 1.116020, source_hit@10 = 0.0565, source_ndcg@10 = 0.0270, target_hit@10 = 0.0836, target_ndcg@10 = 0.0420

2024-08-07 01:00:20.915443: step 3648/24320 (epoch 12/80), loss = 1.108563 (85.902 sec/epoch), lr: 0.003800
Evaluating on dev set...
...........................
source: 	 mrr: 0.031557	 ndcg_5: 0.0213	 ndcg_10: 0.0316	 hit@1:0.007965	 hit@5:0.0348	 hit@10: 0.0666
target: 	 mrr: 0.042107	 ndcg_5: 0.0323	 ndcg_10: 0.0415	 hit@1:0.013937	 hit@5:0.0502	 hit@10: 0.0794
epoch 12: train_loss = 1.108563, source_hit@10 = 0.0666, source_ndcg@10 = 0.0316, target_hit@10 = 0.0794, target_ndcg@10 = 0.0415

2024-08-07 01:01:47.237346: step 3952/24320 (epoch 13/80), loss = 1.106454 (85.685 sec/epoch), lr: 0.003800
Evaluating on dev set...
...........................
source: 	 mrr: 0.020481	 ndcg_5: 0.0133	 ndcg_10: 0.0191	 hit@1:0.002896	 hit@5:0.0246	 hit@10: 0.0427
target: 	 mrr: 0.045709	 ndcg_5: 0.0374	 ndcg_10: 0.0478	 hit@1:0.016725	 hit@5:0.0592	 hit@10: 0.0920
epoch 13: train_loss = 1.106454, source_hit@10 = 0.0427, source_ndcg@10 = 0.0191, target_hit@10 = 0.0920, target_ndcg@10 = 0.0478

2024-08-07 01:03:13.575221: step 4256/24320 (epoch 14/80), loss = 1.102199 (85.613 sec/epoch), lr: 0.003610
Evaluating on dev set...
...........................
source: 	 mrr: 0.038288	 ndcg_5: 0.0277	 ndcg_10: 0.0387	 hit@1:0.011586	 hit@5:0.0442	 hit@10: 0.0789
target: 	 mrr: 0.041084	 ndcg_5: 0.0337	 ndcg_10: 0.0430	 hit@1:0.009756	 hit@5:0.0578	 hit@10: 0.0864
source best!
.............
source: 	 mrr: 0.034077	 ndcg_5: 0.0243	 ndcg_10: 0.0352	 hit@1:0.008436	 hit@5:0.0399	 hit@10: 0.0744
epoch 14: train_loss = 1.102199, source_hit@10 = 0.0744, source_ndcg@10 = 0.0352, target_hit@10 = 0.0864, target_ndcg@10 = 0.0430
new best model saved.

2024-08-07 01:04:39.176896: step 4560/24320 (epoch 15/80), loss = 1.099266 (84.570 sec/epoch), lr: 0.003610
Evaluating on dev set...
...........................
source: 	 mrr: 0.038976	 ndcg_5: 0.0287	 ndcg_10: 0.0377	 hit@1:0.014482	 hit@5:0.0434	 hit@10: 0.0717
target: 	 mrr: 0.036534	 ndcg_5: 0.0248	 ndcg_10: 0.0369	 hit@1:0.011847	 hit@5:0.0383	 hit@10: 0.0753
source best!
.............
source: 	 mrr: 0.037423	 ndcg_5: 0.0287	 ndcg_10: 0.0375	 hit@1:0.009202	 hit@5:0.0475	 hit@10: 0.0752
epoch 15: train_loss = 1.099266, source_hit@10 = 0.0752, source_ndcg@10 = 0.0375, target_hit@10 = 0.0753, target_ndcg@10 = 0.0369
new best model saved.

2024-08-07 01:06:05.280572: step 4864/24320 (epoch 16/80), loss = 1.095025 (84.958 sec/epoch), lr: 0.003429
Evaluating on dev set...
...........................
source: 	 mrr: 0.033943	 ndcg_5: 0.0211	 ndcg_10: 0.0359	 hit@1:0.004345	 hit@5:0.0369	 hit@10: 0.0833
target: 	 mrr: 0.035003	 ndcg_5: 0.0261	 ndcg_10: 0.0355	 hit@1:0.006969	 hit@5:0.0453	 hit@10: 0.0746
epoch 16: train_loss = 1.095025, source_hit@10 = 0.0833, source_ndcg@10 = 0.0359, target_hit@10 = 0.0746, target_ndcg@10 = 0.0355

2024-08-07 01:07:32.267363: step 5168/24320 (epoch 17/80), loss = 1.089541 (86.259 sec/epoch), lr: 0.003258
Evaluating on dev set...
...........................
source: 	 mrr: 0.032907	 ndcg_5: 0.0211	 ndcg_10: 0.0305	 hit@1:0.009413	 hit@5:0.0333	 hit@10: 0.0623
target: 	 mrr: 0.052564	 ndcg_5: 0.0433	 ndcg_10: 0.0572	 hit@1:0.019512	 hit@5:0.0690	 hit@10: 0.1115
epoch 17: train_loss = 1.089541, source_hit@10 = 0.0623, source_ndcg@10 = 0.0305, target_hit@10 = 0.1115, target_ndcg@10 = 0.0572

2024-08-07 01:08:57.750689: step 5472/24320 (epoch 18/80), loss = 1.085100 (84.633 sec/epoch), lr: 0.003258
Evaluating on dev set...
...........................
source: 	 mrr: 0.038890	 ndcg_5: 0.0282	 ndcg_10: 0.0369	 hit@1:0.013034	 hit@5:0.0442	 hit@10: 0.0717
target: 	 mrr: 0.034978	 ndcg_5: 0.0250	 ndcg_10: 0.0366	 hit@1:0.006272	 hit@5:0.0446	 hit@10: 0.0808
epoch 18: train_loss = 1.085100, source_hit@10 = 0.0717, source_ndcg@10 = 0.0369, target_hit@10 = 0.0808, target_ndcg@10 = 0.0366

2024-08-07 01:10:23.370924: step 5776/24320 (epoch 19/80), loss = 1.075101 (84.861 sec/epoch), lr: 0.003095
Evaluating on dev set...
...........................
source: 	 mrr: 0.030298	 ndcg_5: 0.0189	 ndcg_10: 0.0304	 hit@1:0.007241	 hit@5:0.0311	 hit@10: 0.0673
target: 	 mrr: 0.052858	 ndcg_5: 0.0447	 ndcg_10: 0.0559	 hit@1:0.020906	 hit@5:0.0683	 hit@10: 0.1031
epoch 19: train_loss = 1.075101, source_hit@10 = 0.0673, source_ndcg@10 = 0.0304, target_hit@10 = 0.1031, target_ndcg@10 = 0.0559

2024-08-07 01:11:49.029369: step 6080/24320 (epoch 20/80), loss = 1.067992 (84.925 sec/epoch), lr: 0.003095
Evaluating on dev set...
...........................
source: 	 mrr: 0.039068	 ndcg_5: 0.0274	 ndcg_10: 0.0387	 hit@1:0.012310	 hit@5:0.0406	 hit@10: 0.0760
target: 	 mrr: 0.048104	 ndcg_5: 0.0390	 ndcg_10: 0.0503	 hit@1:0.018118	 hit@5:0.0599	 hit@10: 0.0948
source best!
.............
source: 	 mrr: 0.033217	 ndcg_5: 0.0244	 ndcg_10: 0.0329	 hit@1:0.005368	 hit@5:0.0437	 hit@10: 0.0706
epoch 20: train_loss = 1.067992, source_hit@10 = 0.0706, source_ndcg@10 = 0.0329, target_hit@10 = 0.0948, target_ndcg@10 = 0.0503
new best model saved.

2024-08-07 01:13:15.810505: step 6384/24320 (epoch 21/80), loss = 1.063941 (85.605 sec/epoch), lr: 0.003095
Evaluating on dev set...
...........................
source: 	 mrr: 0.034613	 ndcg_5: 0.0237	 ndcg_10: 0.0321	 hit@1:0.011586	 hit@5:0.0362	 hit@10: 0.0623
target: 	 mrr: 0.049036	 ndcg_5: 0.0410	 ndcg_10: 0.0548	 hit@1:0.013240	 hit@5:0.0690	 hit@10: 0.1115
epoch 21: train_loss = 1.063941, source_hit@10 = 0.0623, source_ndcg@10 = 0.0321, target_hit@10 = 0.1115, target_ndcg@10 = 0.0548

2024-08-07 01:14:41.943515: step 6688/24320 (epoch 22/80), loss = 1.058594 (85.389 sec/epoch), lr: 0.002940
Evaluating on dev set...
...........................
source: 	 mrr: 0.036820	 ndcg_5: 0.0255	 ndcg_10: 0.0364	 hit@1:0.008689	 hit@5:0.0420	 hit@10: 0.0760
target: 	 mrr: 0.045012	 ndcg_5: 0.0350	 ndcg_10: 0.0490	 hit@1:0.013240	 hit@5:0.0564	 hit@10: 0.1003
epoch 22: train_loss = 1.058594, source_hit@10 = 0.0760, source_ndcg@10 = 0.0364, target_hit@10 = 0.1003, target_ndcg@10 = 0.0490

2024-08-07 01:16:08.555285: step 6992/24320 (epoch 23/80), loss = 1.055277 (85.835 sec/epoch), lr: 0.002793
Evaluating on dev set...
...........................
source: 	 mrr: 0.037585	 ndcg_5: 0.0274	 ndcg_10: 0.0370	 hit@1:0.010138	 hit@5:0.0434	 hit@10: 0.0731
target: 	 mrr: 0.047250	 ndcg_5: 0.0363	 ndcg_10: 0.0544	 hit@1:0.012544	 hit@5:0.0599	 hit@10: 0.1157
epoch 23: train_loss = 1.055277, source_hit@10 = 0.0731, source_ndcg@10 = 0.0370, target_hit@10 = 0.1157, target_ndcg@10 = 0.0544

2024-08-07 01:17:35.140483: step 7296/24320 (epoch 24/80), loss = 1.054123 (85.856 sec/epoch), lr: 0.002793
Evaluating on dev set...
...........................
source: 	 mrr: 0.039444	 ndcg_5: 0.0270	 ndcg_10: 0.0375	 hit@1:0.013758	 hit@5:0.0406	 hit@10: 0.0731
target: 	 mrr: 0.054205	 ndcg_5: 0.0464	 ndcg_10: 0.0609	 hit@1:0.017422	 hit@5:0.0746	 hit@10: 0.1206
source best!
.............
source: 	 mrr: 0.043267	 ndcg_5: 0.0342	 ndcg_10: 0.0446	 hit@1:0.013037	 hit@5:0.0552	 hit@10: 0.0882
target best!
..............target: 	 mrr: 0.053754	 ndcg_5: 0.0436	 ndcg_10: 0.0583	 hit@1:0.020576	 hit@5:0.0665	 hit@10: 0.1125
epoch 24: train_loss = 1.054123, source_hit@10 = 0.0882, source_ndcg@10 = 0.0446, target_hit@10 = 0.1125, target_ndcg@10 = 0.0583
new best model saved.

2024-08-07 01:19:02.833225: step 7600/24320 (epoch 25/80), loss = 1.051417 (86.193 sec/epoch), lr: 0.002793
Evaluating on dev set...
...........................
source: 	 mrr: 0.037040	 ndcg_5: 0.0262	 ndcg_10: 0.0363	 hit@1:0.010862	 hit@5:0.0413	 hit@10: 0.0724
target: 	 mrr: 0.043886	 ndcg_5: 0.0339	 ndcg_10: 0.0473	 hit@1:0.012544	 hit@5:0.0544	 hit@10: 0.0962
epoch 25: train_loss = 1.051417, source_hit@10 = 0.0724, source_ndcg@10 = 0.0363, target_hit@10 = 0.0962, target_ndcg@10 = 0.0473

2024-08-07 01:20:29.323838: step 7904/24320 (epoch 26/80), loss = 1.046945 (85.827 sec/epoch), lr: 0.002654
Evaluating on dev set...
...........................
source: 	 mrr: 0.037935	 ndcg_5: 0.0257	 ndcg_10: 0.0373	 hit@1:0.010862	 hit@5:0.0391	 hit@10: 0.0753
target: 	 mrr: 0.049799	 ndcg_5: 0.0382	 ndcg_10: 0.0547	 hit@1:0.020209	 hit@5:0.0578	 hit@10: 0.1094
epoch 26: train_loss = 1.046945, source_hit@10 = 0.0753, source_ndcg@10 = 0.0373, target_hit@10 = 0.1094, target_ndcg@10 = 0.0547

2024-08-07 01:21:55.780172: step 8208/24320 (epoch 27/80), loss = 1.049751 (85.735 sec/epoch), lr: 0.002654
Evaluating on dev set...
...........................
source: 	 mrr: 0.025937	 ndcg_5: 0.0159	 ndcg_10: 0.0250	 hit@1:0.004345	 hit@5:0.0275	 hit@10: 0.0558
target: 	 mrr: 0.052097	 ndcg_5: 0.0431	 ndcg_10: 0.0556	 hit@1:0.021603	 hit@5:0.0648	 hit@10: 0.1038
epoch 27: train_loss = 1.049751, source_hit@10 = 0.0558, source_ndcg@10 = 0.0250, target_hit@10 = 0.1038, target_ndcg@10 = 0.0556

2024-08-07 01:23:22.025073: step 8512/24320 (epoch 28/80), loss = 1.042332 (85.601 sec/epoch), lr: 0.002521
Evaluating on dev set...
...........................
source: 	 mrr: 0.035710	 ndcg_5: 0.0260	 ndcg_10: 0.0346	 hit@1:0.010138	 hit@5:0.0420	 hit@10: 0.0688
target: 	 mrr: 0.052289	 ndcg_5: 0.0449	 ndcg_10: 0.0565	 hit@1:0.018118	 hit@5:0.0711	 hit@10: 0.1073
epoch 28: train_loss = 1.042332, source_hit@10 = 0.0688, source_ndcg@10 = 0.0346, target_hit@10 = 0.1073, target_ndcg@10 = 0.0565

2024-08-07 01:24:47.641032: step 8816/24320 (epoch 29/80), loss = 1.043588 (84.890 sec/epoch), lr: 0.002521
Evaluating on dev set...
...........................
source: 	 mrr: 0.035183	 ndcg_5: 0.0232	 ndcg_10: 0.0329	 hit@1:0.012310	 hit@5:0.0348	 hit@10: 0.0644
target: 	 mrr: 0.050600	 ndcg_5: 0.0435	 ndcg_10: 0.0560	 hit@1:0.016725	 hit@5:0.0704	 hit@10: 0.1101
epoch 29: train_loss = 1.043588, source_hit@10 = 0.0644, source_ndcg@10 = 0.0329, target_hit@10 = 0.1101, target_ndcg@10 = 0.0560

2024-08-07 01:26:13.556310: step 9120/24320 (epoch 30/80), loss = 1.040804 (85.184 sec/epoch), lr: 0.002395
Evaluating on dev set...
...........................
source: 	 mrr: 0.039367	 ndcg_5: 0.0279	 ndcg_10: 0.0373	 hit@1:0.009413	 hit@5:0.0463	 hit@10: 0.0753
target: 	 mrr: 0.044060	 ndcg_5: 0.0360	 ndcg_10: 0.0481	 hit@1:0.010453	 hit@5:0.0613	 hit@10: 0.0990
epoch 30: train_loss = 1.040804, source_hit@10 = 0.0753, source_ndcg@10 = 0.0373, target_hit@10 = 0.0990, target_ndcg@10 = 0.0481
shift to transfer learning mode

2024-08-07 01:27:44.001292: step 9424/24320 (epoch 31/80), loss = 1.037988 (89.682 sec/epoch), lr: 0.002275
Evaluating on dev set...
...........................
source: 	 mrr: 0.041351	 ndcg_5: 0.0298	 ndcg_10: 0.0404	 hit@1:0.015930	 hit@5:0.0449	 hit@10: 0.0782
target: 	 mrr: 0.052026	 ndcg_5: 0.0430	 ndcg_10: 0.0566	 hit@1:0.017422	 hit@5:0.0683	 hit@10: 0.1108
source best!
.............
source: 	 mrr: 0.037355	 ndcg_5: 0.0257	 ndcg_10: 0.0374	 hit@1:0.011503	 hit@5:0.0391	 hit@10: 0.0767
epoch 31: train_loss = 1.037988, source_hit@10 = 0.0767, source_ndcg@10 = 0.0374, target_hit@10 = 0.1108, target_ndcg@10 = 0.0566
new best model saved.

2024-08-07 01:29:12.707514: step 9728/24320 (epoch 32/80), loss = 1.037891 (87.498 sec/epoch), lr: 0.002275
Evaluating on dev set...
...........................
source: 	 mrr: 0.039731	 ndcg_5: 0.0289	 ndcg_10: 0.0417	 hit@1:0.009413	 hit@5:0.0485	 hit@10: 0.0883
target: 	 mrr: 0.045958	 ndcg_5: 0.0347	 ndcg_10: 0.0491	 hit@1:0.015331	 hit@5:0.0551	 hit@10: 0.1010
epoch 32: train_loss = 1.037891, source_hit@10 = 0.0883, source_ndcg@10 = 0.0417, target_hit@10 = 0.1010, target_ndcg@10 = 0.0491

2024-08-07 01:30:43.374563: step 10032/24320 (epoch 33/80), loss = 1.034510 (90.015 sec/epoch), lr: 0.002161
Evaluating on dev set...
...........................
source: 	 mrr: 0.038035	 ndcg_5: 0.0297	 ndcg_10: 0.0402	 hit@1:0.011586	 hit@5:0.0492	 hit@10: 0.0818
target: 	 mrr: 0.046681	 ndcg_5: 0.0384	 ndcg_10: 0.0529	 hit@1:0.012544	 hit@5:0.0655	 hit@10: 0.1108
epoch 33: train_loss = 1.034510, source_hit@10 = 0.0818, source_ndcg@10 = 0.0402, target_hit@10 = 0.1108, target_ndcg@10 = 0.0529

2024-08-07 01:32:12.884729: step 10336/24320 (epoch 34/80), loss = 1.030975 (88.756 sec/epoch), lr: 0.002053
Evaluating on dev set...
...........................
source: 	 mrr: 0.042129	 ndcg_5: 0.0307	 ndcg_10: 0.0432	 hit@1:0.013034	 hit@5:0.0492	 hit@10: 0.0883
target: 	 mrr: 0.047029	 ndcg_5: 0.0395	 ndcg_10: 0.0541	 hit@1:0.012544	 hit@5:0.0690	 hit@10: 0.1143
source best!
.............
source: 	 mrr: 0.039587	 ndcg_5: 0.0275	 ndcg_10: 0.0406	 hit@1:0.010736	 hit@5:0.0445	 hit@10: 0.0851
epoch 34: train_loss = 1.030975, source_hit@10 = 0.0851, source_ndcg@10 = 0.0406, target_hit@10 = 0.1143, target_ndcg@10 = 0.0541
new best model saved.

2024-08-07 01:33:41.869091: step 10640/24320 (epoch 35/80), loss = 1.028709 (87.787 sec/epoch), lr: 0.002053
Evaluating on dev set...
...........................
source: 	 mrr: 0.037772	 ndcg_5: 0.0281	 ndcg_10: 0.0384	 hit@1:0.010138	 hit@5:0.0456	 hit@10: 0.0782
target: 	 mrr: 0.041416	 ndcg_5: 0.0317	 ndcg_10: 0.0476	 hit@1:0.008362	 hit@5:0.0564	 hit@10: 0.1059
epoch 35: train_loss = 1.028709, source_hit@10 = 0.0782, source_ndcg@10 = 0.0384, target_hit@10 = 0.1059, target_ndcg@10 = 0.0476

2024-08-07 01:35:10.966417: step 10944/24320 (epoch 36/80), loss = 1.026793 (88.331 sec/epoch), lr: 0.001951
Evaluating on dev set...
...........................
source: 	 mrr: 0.032571	 ndcg_5: 0.0230	 ndcg_10: 0.0319	 hit@1:0.006517	 hit@5:0.0384	 hit@10: 0.0659
target: 	 mrr: 0.045887	 ndcg_5: 0.0362	 ndcg_10: 0.0513	 hit@1:0.013937	 hit@5:0.0599	 hit@10: 0.1066
epoch 36: train_loss = 1.026793, source_hit@10 = 0.0659, source_ndcg@10 = 0.0319, target_hit@10 = 0.1066, target_ndcg@10 = 0.0513

2024-08-07 01:36:38.684086: step 11248/24320 (epoch 37/80), loss = 1.024954 (86.964 sec/epoch), lr: 0.001853
Evaluating on dev set...
...........................
source: 	 mrr: 0.042873	 ndcg_5: 0.0316	 ndcg_10: 0.0438	 hit@1:0.013034	 hit@5:0.0500	 hit@10: 0.0876
target: 	 mrr: 0.046833	 ndcg_5: 0.0386	 ndcg_10: 0.0518	 hit@1:0.015331	 hit@5:0.0648	 hit@10: 0.1066
source best!
.............
source: 	 mrr: 0.041836	 ndcg_5: 0.0321	 ndcg_10: 0.0435	 hit@1:0.011503	 hit@5:0.0521	 hit@10: 0.0874
epoch 37: train_loss = 1.024954, source_hit@10 = 0.0874, source_ndcg@10 = 0.0435, target_hit@10 = 0.1066, target_ndcg@10 = 0.0518
new best model saved.

2024-08-07 01:38:09.773569: step 11552/24320 (epoch 38/80), loss = 1.022875 (90.075 sec/epoch), lr: 0.001853
Evaluating on dev set...
...........................
source: 	 mrr: 0.036070	 ndcg_5: 0.0256	 ndcg_10: 0.0363	 hit@1:0.008689	 hit@5:0.0427	 hit@10: 0.0768
target: 	 mrr: 0.046068	 ndcg_5: 0.0366	 ndcg_10: 0.0496	 hit@1:0.011847	 hit@5:0.0606	 hit@10: 0.1003
epoch 38: train_loss = 1.022875, source_hit@10 = 0.0768, source_ndcg@10 = 0.0363, target_hit@10 = 0.1003, target_ndcg@10 = 0.0496

2024-08-07 01:39:36.318469: step 11856/24320 (epoch 39/80), loss = 1.020264 (85.806 sec/epoch), lr: 0.001761
Evaluating on dev set...
...........................
source: 	 mrr: 0.041217	 ndcg_5: 0.0304	 ndcg_10: 0.0412	 hit@1:0.011586	 hit@5:0.0500	 hit@10: 0.0833
target: 	 mrr: 0.041017	 ndcg_5: 0.0313	 ndcg_10: 0.0448	 hit@1:0.009756	 hit@5:0.0537	 hit@10: 0.0955
epoch 39: train_loss = 1.020264, source_hit@10 = 0.0833, source_ndcg@10 = 0.0412, target_hit@10 = 0.0955, target_ndcg@10 = 0.0448

2024-08-07 01:41:07.891691: step 12160/24320 (epoch 40/80), loss = 1.021177 (90.797 sec/epoch), lr: 0.001761
Evaluating on dev set...
...........................
source: 	 mrr: 0.031844	 ndcg_5: 0.0225	 ndcg_10: 0.0312	 hit@1:0.005069	 hit@5:0.0406	 hit@10: 0.0681
target: 	 mrr: 0.051985	 ndcg_5: 0.0434	 ndcg_10: 0.0573	 hit@1:0.016028	 hit@5:0.0690	 hit@10: 0.1122
epoch 40: train_loss = 1.021177, source_hit@10 = 0.0681, source_ndcg@10 = 0.0312, target_hit@10 = 0.1122, target_ndcg@10 = 0.0573

2024-08-07 01:42:38.683649: step 12464/24320 (epoch 41/80), loss = 1.020095 (90.108 sec/epoch), lr: 0.001761
Evaluating on dev set...
...........................
source: 	 mrr: 0.037097	 ndcg_5: 0.0272	 ndcg_10: 0.0359	 hit@1:0.011586	 hit@5:0.0420	 hit@10: 0.0688
target: 	 mrr: 0.053042	 ndcg_5: 0.0464	 ndcg_10: 0.0569	 hit@1:0.017422	 hit@5:0.0753	 hit@10: 0.1080
epoch 41: train_loss = 1.020095, source_hit@10 = 0.0688, source_ndcg@10 = 0.0359, target_hit@10 = 0.1080, target_ndcg@10 = 0.0569

2024-08-07 01:44:07.594827: step 12768/24320 (epoch 42/80), loss = 1.020400 (88.258 sec/epoch), lr: 0.001761
Evaluating on dev set...
...........................
source: 	 mrr: 0.042416	 ndcg_5: 0.0314	 ndcg_10: 0.0425	 hit@1:0.015206	 hit@5:0.0485	 hit@10: 0.0833
target: 	 mrr: 0.043505	 ndcg_5: 0.0339	 ndcg_10: 0.0462	 hit@1:0.013240	 hit@5:0.0537	 hit@10: 0.0927
epoch 42: train_loss = 1.020400, source_hit@10 = 0.0833, source_ndcg@10 = 0.0425, target_hit@10 = 0.0927, target_ndcg@10 = 0.0462

2024-08-07 01:45:36.324111: step 13072/24320 (epoch 43/80), loss = 1.017301 (87.972 sec/epoch), lr: 0.001672
Evaluating on dev set...
...........................
source: 	 mrr: 0.036298	 ndcg_5: 0.0262	 ndcg_10: 0.0360	 hit@1:0.011586	 hit@5:0.0420	 hit@10: 0.0724
target: 	 mrr: 0.053508	 ndcg_5: 0.0461	 ndcg_10: 0.0611	 hit@1:0.016725	 hit@5:0.0753	 hit@10: 0.1220
epoch 43: train_loss = 1.017301, source_hit@10 = 0.0724, source_ndcg@10 = 0.0360, target_hit@10 = 0.1220, target_ndcg@10 = 0.0611

2024-08-07 01:47:06.471844: step 13376/24320 (epoch 44/80), loss = 1.015859 (89.440 sec/epoch), lr: 0.001672
Evaluating on dev set...
...........................
source: 	 mrr: 0.030455	 ndcg_5: 0.0193	 ndcg_10: 0.0269	 hit@1:0.007965	 hit@5:0.0311	 hit@10: 0.0550
target: 	 mrr: 0.053914	 ndcg_5: 0.0462	 ndcg_10: 0.0593	 hit@1:0.020209	 hit@5:0.0725	 hit@10: 0.1136
epoch 44: train_loss = 1.015859, source_hit@10 = 0.0550, source_ndcg@10 = 0.0269, target_hit@10 = 0.1136, target_ndcg@10 = 0.0593

2024-08-07 01:48:39.140198: step 13680/24320 (epoch 45/80), loss = 1.014321 (91.917 sec/epoch), lr: 0.001589
Evaluating on dev set...
...........................
source: 	 mrr: 0.040294	 ndcg_5: 0.0295	 ndcg_10: 0.0411	 hit@1:0.012310	 hit@5:0.0471	 hit@10: 0.0825
target: 	 mrr: 0.058291	 ndcg_5: 0.0497	 ndcg_10: 0.0629	 hit@1:0.024390	 hit@5:0.0746	 hit@10: 0.1150
target best!
..............target: 	 mrr: 0.058076	 ndcg_5: 0.0503	 ndcg_10: 0.0664	 hit@1:0.019890	 hit@5:0.0802	 hit@10: 0.1296
epoch 45: train_loss = 1.014321, source_hit@10 = 0.0825, source_ndcg@10 = 0.0411, target_hit@10 = 0.1296, target_ndcg@10 = 0.0664
new best model saved.

2024-08-07 01:50:09.715282: step 13984/24320 (epoch 46/80), loss = 1.013694 (89.325 sec/epoch), lr: 0.001589
Evaluating on dev set...
...........................
source: 	 mrr: 0.039430	 ndcg_5: 0.0260	 ndcg_10: 0.0382	 hit@1:0.011586	 hit@5:0.0398	 hit@10: 0.0782
target: 	 mrr: 0.043399	 ndcg_5: 0.0349	 ndcg_10: 0.0460	 hit@1:0.012544	 hit@5:0.0571	 hit@10: 0.0913
epoch 46: train_loss = 1.013694, source_hit@10 = 0.0782, source_ndcg@10 = 0.0382, target_hit@10 = 0.0913, target_ndcg@10 = 0.0460

2024-08-07 01:51:39.495097: step 14288/24320 (epoch 47/80), loss = 1.011822 (89.036 sec/epoch), lr: 0.001509
Evaluating on dev set...
...........................
source: 	 mrr: 0.042801	 ndcg_5: 0.0324	 ndcg_10: 0.0441	 hit@1:0.013034	 hit@5:0.0529	 hit@10: 0.0898
target: 	 mrr: 0.054712	 ndcg_5: 0.0466	 ndcg_10: 0.0605	 hit@1:0.021603	 hit@5:0.0718	 hit@10: 0.1157
epoch 47: train_loss = 1.011822, source_hit@10 = 0.0898, source_ndcg@10 = 0.0441, target_hit@10 = 0.1157, target_ndcg@10 = 0.0605

2024-08-07 01:53:09.258412: step 14592/24320 (epoch 48/80), loss = 1.011815 (89.107 sec/epoch), lr: 0.001509
Evaluating on dev set...
...........................
source: 	 mrr: 0.036913	 ndcg_5: 0.0253	 ndcg_10: 0.0370	 hit@1:0.009413	 hit@5:0.0434	 hit@10: 0.0804
target: 	 mrr: 0.047433	 ndcg_5: 0.0390	 ndcg_10: 0.0499	 hit@1:0.018815	 hit@5:0.0599	 hit@10: 0.0941
epoch 48: train_loss = 1.011815, source_hit@10 = 0.0804, source_ndcg@10 = 0.0370, target_hit@10 = 0.0941, target_ndcg@10 = 0.0499

2024-08-07 01:54:38.541758: step 14896/24320 (epoch 49/80), loss = 1.008036 (88.609 sec/epoch), lr: 0.001434
Evaluating on dev set...
...........................
source: 	 mrr: 0.038314	 ndcg_5: 0.0286	 ndcg_10: 0.0395	 hit@1:0.007241	 hit@5:0.0514	 hit@10: 0.0854
target: 	 mrr: 0.052996	 ndcg_5: 0.0445	 ndcg_10: 0.0575	 hit@1:0.020906	 hit@5:0.0704	 hit@10: 0.1108
epoch 49: train_loss = 1.008036, source_hit@10 = 0.0854, source_ndcg@10 = 0.0395, target_hit@10 = 0.1108, target_ndcg@10 = 0.0575

2024-08-07 01:56:06.620781: step 15200/24320 (epoch 50/80), loss = 1.007972 (87.422 sec/epoch), lr: 0.001434
Evaluating on dev set...
...........................
source: 	 mrr: 0.034465	 ndcg_5: 0.0244	 ndcg_10: 0.0330	 hit@1:0.009413	 hit@5:0.0406	 hit@10: 0.0673
target: 	 mrr: 0.048657	 ndcg_5: 0.0408	 ndcg_10: 0.0521	 hit@1:0.020906	 hit@5:0.0620	 hit@10: 0.0976
epoch 50: train_loss = 1.007972, source_hit@10 = 0.0673, source_ndcg@10 = 0.0330, target_hit@10 = 0.0976, target_ndcg@10 = 0.0521

2024-08-07 01:57:33.888160: step 15504/24320 (epoch 51/80), loss = 1.005246 (86.532 sec/epoch), lr: 0.001362
Evaluating on dev set...
...........................
source: 	 mrr: 0.040855	 ndcg_5: 0.0297	 ndcg_10: 0.0421	 hit@1:0.012310	 hit@5:0.0478	 hit@10: 0.0869
target: 	 mrr: 0.039668	 ndcg_5: 0.0308	 ndcg_10: 0.0415	 hit@1:0.011847	 hit@5:0.0502	 hit@10: 0.0829
epoch 51: train_loss = 1.005246, source_hit@10 = 0.0869, source_ndcg@10 = 0.0421, target_hit@10 = 0.0829, target_ndcg@10 = 0.0415

2024-08-07 01:59:00.864175: step 15808/24320 (epoch 52/80), loss = 1.003185 (86.314 sec/epoch), lr: 0.001294
Evaluating on dev set...
...........................
source: 	 mrr: 0.041203	 ndcg_5: 0.0327	 ndcg_10: 0.0424	 hit@1:0.008689	 hit@5:0.0565	 hit@10: 0.0869
target: 	 mrr: 0.054781	 ndcg_5: 0.0467	 ndcg_10: 0.0580	 hit@1:0.022997	 hit@5:0.0711	 hit@10: 0.1059
epoch 52: train_loss = 1.003185, source_hit@10 = 0.0869, source_ndcg@10 = 0.0424, target_hit@10 = 0.1059, target_ndcg@10 = 0.0580

2024-08-07 02:00:29.649768: step 16112/24320 (epoch 53/80), loss = 1.003038 (88.131 sec/epoch), lr: 0.001294
Evaluating on dev set...
...........................
source: 	 mrr: 0.033336	 ndcg_5: 0.0218	 ndcg_10: 0.0353	 hit@1:0.007965	 hit@5:0.0362	 hit@10: 0.0782
target: 	 mrr: 0.057318	 ndcg_5: 0.0517	 ndcg_10: 0.0638	 hit@1:0.018815	 hit@5:0.0843	 hit@10: 0.1226
epoch 53: train_loss = 1.003038, source_hit@10 = 0.0782, source_ndcg@10 = 0.0353, target_hit@10 = 0.1226, target_ndcg@10 = 0.0638

2024-08-07 02:01:55.381142: step 16416/24320 (epoch 54/80), loss = 0.999431 (85.087 sec/epoch), lr: 0.001229
Evaluating on dev set...
...........................
source: 	 mrr: 0.039262	 ndcg_5: 0.0254	 ndcg_10: 0.0418	 hit@1:0.012310	 hit@5:0.0398	 hit@10: 0.0912
target: 	 mrr: 0.058893	 ndcg_5: 0.0494	 ndcg_10: 0.0621	 hit@1:0.025087	 hit@5:0.0732	 hit@10: 0.1122
target best!
..............target: 	 mrr: 0.061367	 ndcg_5: 0.0534	 ndcg_10: 0.0668	 hit@1:0.022634	 hit@5:0.0823	 hit@10: 0.1235
epoch 54: train_loss = 0.999431, source_hit@10 = 0.0912, source_ndcg@10 = 0.0418, target_hit@10 = 0.1235, target_ndcg@10 = 0.0668
new best model saved.

2024-08-07 02:03:23.205354: step 16720/24320 (epoch 55/80), loss = 0.999288 (85.863 sec/epoch), lr: 0.001229
Evaluating on dev set...
...........................
source: 	 mrr: 0.037269	 ndcg_5: 0.0259	 ndcg_10: 0.0355	 hit@1:0.010138	 hit@5:0.0420	 hit@10: 0.0724
target: 	 mrr: 0.060544	 ndcg_5: 0.0511	 ndcg_10: 0.0642	 hit@1:0.027178	 hit@5:0.0746	 hit@10: 0.1157
target best!
..............target: 	 mrr: 0.062210	 ndcg_5: 0.0557	 ndcg_10: 0.0716	 hit@1:0.020576	 hit@5:0.0898	 hit@10: 0.1392
epoch 55: train_loss = 0.999288, source_hit@10 = 0.0724, source_ndcg@10 = 0.0355, target_hit@10 = 0.1392, target_ndcg@10 = 0.0716
new best model saved.

2024-08-07 02:04:50.054618: step 17024/24320 (epoch 56/80), loss = 0.996879 (85.648 sec/epoch), lr: 0.001168
Evaluating on dev set...
...........................
source: 	 mrr: 0.040037	 ndcg_5: 0.0281	 ndcg_10: 0.0414	 hit@1:0.011586	 hit@5:0.0442	 hit@10: 0.0862
target: 	 mrr: 0.061432	 ndcg_5: 0.0525	 ndcg_10: 0.0651	 hit@1:0.028571	 hit@5:0.0760	 hit@10: 0.1150
target best!
..............target: 	 mrr: 0.061419	 ndcg_5: 0.0545	 ndcg_10: 0.0644	 hit@1:0.026749	 hit@5:0.0823	 hit@10: 0.1125
epoch 56: train_loss = 0.996879, source_hit@10 = 0.0862, source_ndcg@10 = 0.0414, target_hit@10 = 0.1125, target_ndcg@10 = 0.0644
new best model saved.

2024-08-07 02:06:16.367834: step 17328/24320 (epoch 57/80), loss = 0.995075 (85.238 sec/epoch), lr: 0.001168
Evaluating on dev set...
...........................
source: 	 mrr: 0.038907	 ndcg_5: 0.0271	 ndcg_10: 0.0377	 hit@1:0.010862	 hit@5:0.0442	 hit@10: 0.0775
target: 	 mrr: 0.052867	 ndcg_5: 0.0462	 ndcg_10: 0.0572	 hit@1:0.017422	 hit@5:0.0746	 hit@10: 0.1087
epoch 57: train_loss = 0.995075, source_hit@10 = 0.0775, source_ndcg@10 = 0.0377, target_hit@10 = 0.1087, target_ndcg@10 = 0.0572

2024-08-07 02:07:43.145288: step 17632/24320 (epoch 58/80), loss = 0.994702 (86.123 sec/epoch), lr: 0.001110
Evaluating on dev set...
...........................
source: 	 mrr: 0.036861	 ndcg_5: 0.0246	 ndcg_10: 0.0380	 hit@1:0.010862	 hit@5:0.0398	 hit@10: 0.0811
target: 	 mrr: 0.058724	 ndcg_5: 0.0512	 ndcg_10: 0.0642	 hit@1:0.021603	 hit@5:0.0808	 hit@10: 0.1213
epoch 58: train_loss = 0.994702, source_hit@10 = 0.0811, source_ndcg@10 = 0.0380, target_hit@10 = 0.1213, target_ndcg@10 = 0.0642

2024-08-07 02:09:11.280239: step 17936/24320 (epoch 59/80), loss = 0.993672 (87.315 sec/epoch), lr: 0.001110
Evaluating on dev set...
...........................
source: 	 mrr: 0.037185	 ndcg_5: 0.0243	 ndcg_10: 0.0357	 hit@1:0.010862	 hit@5:0.0384	 hit@10: 0.0739
target: 	 mrr: 0.057592	 ndcg_5: 0.0472	 ndcg_10: 0.0644	 hit@1:0.021603	 hit@5:0.0732	 hit@10: 0.1268
epoch 59: train_loss = 0.993672, source_hit@10 = 0.0739, source_ndcg@10 = 0.0357, target_hit@10 = 0.1268, target_ndcg@10 = 0.0644

2024-08-07 02:10:38.482785: step 18240/24320 (epoch 60/80), loss = 0.991035 (86.543 sec/epoch), lr: 0.001054
Evaluating on dev set...
...........................
source: 	 mrr: 0.037046	 ndcg_5: 0.0240	 ndcg_10: 0.0376	 hit@1:0.010862	 hit@5:0.0377	 hit@10: 0.0804
target: 	 mrr: 0.049471	 ndcg_5: 0.0422	 ndcg_10: 0.0543	 hit@1:0.016725	 hit@5:0.0697	 hit@10: 0.1073
epoch 60: train_loss = 0.991035, source_hit@10 = 0.0804, source_ndcg@10 = 0.0376, target_hit@10 = 0.1073, target_ndcg@10 = 0.0543

2024-08-07 02:12:05.386748: step 18544/24320 (epoch 61/80), loss = 0.986902 (86.251 sec/epoch), lr: 0.001001
Evaluating on dev set...
...........................
source: 	 mrr: 0.038993	 ndcg_5: 0.0273	 ndcg_10: 0.0376	 hit@1:0.013034	 hit@5:0.0406	 hit@10: 0.0724
target: 	 mrr: 0.054280	 ndcg_5: 0.0451	 ndcg_10: 0.0610	 hit@1:0.020209	 hit@5:0.0711	 hit@10: 0.1206
epoch 61: train_loss = 0.986902, source_hit@10 = 0.0724, source_ndcg@10 = 0.0376, target_hit@10 = 0.1206, target_ndcg@10 = 0.0610

2024-08-07 02:13:31.894846: step 18848/24320 (epoch 62/80), loss = 0.987174 (85.786 sec/epoch), lr: 0.001001
Evaluating on dev set...
...........................
source: 	 mrr: 0.040001	 ndcg_5: 0.0287	 ndcg_10: 0.0404	 hit@1:0.011586	 hit@5:0.0456	 hit@10: 0.0825
target: 	 mrr: 0.045884	 ndcg_5: 0.0371	 ndcg_10: 0.0506	 hit@1:0.015331	 hit@5:0.0599	 hit@10: 0.1017
epoch 62: train_loss = 0.987174, source_hit@10 = 0.0825, source_ndcg@10 = 0.0404, target_hit@10 = 0.1017, target_ndcg@10 = 0.0506

2024-08-07 02:14:59.334511: step 19152/24320 (epoch 63/80), loss = 0.984228 (86.797 sec/epoch), lr: 0.000951
Evaluating on dev set...
...........................
source: 	 mrr: 0.039027	 ndcg_5: 0.0270	 ndcg_10: 0.0385	 hit@1:0.011586	 hit@5:0.0427	 hit@10: 0.0789
target: 	 mrr: 0.052165	 ndcg_5: 0.0445	 ndcg_10: 0.0557	 hit@1:0.022300	 hit@5:0.0683	 hit@10: 0.1031
epoch 63: train_loss = 0.984228, source_hit@10 = 0.0789, source_ndcg@10 = 0.0385, target_hit@10 = 0.1031, target_ndcg@10 = 0.0557

2024-08-07 02:16:27.841345: step 19456/24320 (epoch 64/80), loss = 0.982623 (87.711 sec/epoch), lr: 0.000951
Evaluating on dev set...
...........................
source: 	 mrr: 0.041665	 ndcg_5: 0.0312	 ndcg_10: 0.0419	 hit@1:0.012310	 hit@5:0.0507	 hit@10: 0.0840
target: 	 mrr: 0.048444	 ndcg_5: 0.0401	 ndcg_10: 0.0509	 hit@1:0.020209	 hit@5:0.0606	 hit@10: 0.0941
epoch 64: train_loss = 0.982623, source_hit@10 = 0.0840, source_ndcg@10 = 0.0419, target_hit@10 = 0.0941, target_ndcg@10 = 0.0509

2024-08-07 02:17:54.215243: step 19760/24320 (epoch 65/80), loss = 0.979607 (85.628 sec/epoch), lr: 0.000904
Evaluating on dev set...
...........................
source: 	 mrr: 0.040679	 ndcg_5: 0.0300	 ndcg_10: 0.0399	 hit@1:0.010862	 hit@5:0.0485	 hit@10: 0.0797
target: 	 mrr: 0.045898	 ndcg_5: 0.0377	 ndcg_10: 0.0482	 hit@1:0.016725	 hit@5:0.0592	 hit@10: 0.0920
epoch 65: train_loss = 0.979607, source_hit@10 = 0.0797, source_ndcg@10 = 0.0399, target_hit@10 = 0.0920, target_ndcg@10 = 0.0482

2024-08-07 02:19:23.694726: step 20064/24320 (epoch 66/80), loss = 0.975238 (88.752 sec/epoch), lr: 0.000859
Evaluating on dev set...
...........................
source: 	 mrr: 0.033565	 ndcg_5: 0.0226	 ndcg_10: 0.0330	 hit@1:0.005793	 hit@5:0.0406	 hit@10: 0.0731
target: 	 mrr: 0.058746	 ndcg_5: 0.0496	 ndcg_10: 0.0642	 hit@1:0.025784	 hit@5:0.0739	 hit@10: 0.1192
epoch 66: train_loss = 0.975238, source_hit@10 = 0.0731, source_ndcg@10 = 0.0330, target_hit@10 = 0.1192, target_ndcg@10 = 0.0642

2024-08-07 02:20:49.559762: step 20368/24320 (epoch 67/80), loss = 0.975678 (85.145 sec/epoch), lr: 0.000859
Evaluating on dev set...
...........................
source: 	 mrr: 0.039624	 ndcg_5: 0.0289	 ndcg_10: 0.0387	 hit@1:0.013034	 hit@5:0.0456	 hit@10: 0.0760
target: 	 mrr: 0.048708	 ndcg_5: 0.0408	 ndcg_10: 0.0517	 hit@1:0.020209	 hit@5:0.0613	 hit@10: 0.0955
epoch 67: train_loss = 0.975678, source_hit@10 = 0.0760, source_ndcg@10 = 0.0387, target_hit@10 = 0.0955, target_ndcg@10 = 0.0517

2024-08-07 02:22:15.588051: step 20672/24320 (epoch 68/80), loss = 0.971422 (85.265 sec/epoch), lr: 0.000816
Evaluating on dev set...
...........................
source: 	 mrr: 0.036896	 ndcg_5: 0.0271	 ndcg_10: 0.0355	 hit@1:0.010862	 hit@5:0.0442	 hit@10: 0.0702
target: 	 mrr: 0.049866	 ndcg_5: 0.0402	 ndcg_10: 0.0551	 hit@1:0.017422	 hit@5:0.0627	 hit@10: 0.1094
epoch 68: train_loss = 0.971422, source_hit@10 = 0.0702, source_ndcg@10 = 0.0355, target_hit@10 = 0.1094, target_ndcg@10 = 0.0551

2024-08-07 02:23:40.676298: step 20976/24320 (epoch 69/80), loss = 0.970237 (84.370 sec/epoch), lr: 0.000775
Evaluating on dev set...
...........................
source: 	 mrr: 0.039236	 ndcg_5: 0.0277	 ndcg_10: 0.0396	 hit@1:0.011586	 hit@5:0.0442	 hit@10: 0.0811
target: 	 mrr: 0.053335	 ndcg_5: 0.0428	 ndcg_10: 0.0569	 hit@1:0.025087	 hit@5:0.0620	 hit@10: 0.1059
epoch 69: train_loss = 0.970237, source_hit@10 = 0.0811, source_ndcg@10 = 0.0396, target_hit@10 = 0.1059, target_ndcg@10 = 0.0569

2024-08-07 02:25:05.155833: step 21280/24320 (epoch 70/80), loss = 0.968242 (83.740 sec/epoch), lr: 0.000775
Evaluating on dev set...
...........................
source: 	 mrr: 0.037828	 ndcg_5: 0.0260	 ndcg_10: 0.0374	 hit@1:0.010138	 hit@5:0.0427	 hit@10: 0.0782
target: 	 mrr: 0.053946	 ndcg_5: 0.0460	 ndcg_10: 0.0591	 hit@1:0.022300	 hit@5:0.0704	 hit@10: 0.1108
epoch 70: train_loss = 0.968242, source_hit@10 = 0.0782, source_ndcg@10 = 0.0374, target_hit@10 = 0.1108, target_ndcg@10 = 0.0591

2024-08-07 02:26:28.882930: step 21584/24320 (epoch 71/80), loss = 0.963575 (83.002 sec/epoch), lr: 0.000736
Evaluating on dev set...
...........................
source: 	 mrr: 0.041245	 ndcg_5: 0.0280	 ndcg_10: 0.0426	 hit@1:0.012310	 hit@5:0.0420	 hit@10: 0.0869
target: 	 mrr: 0.053304	 ndcg_5: 0.0471	 ndcg_10: 0.0605	 hit@1:0.016725	 hit@5:0.0780	 hit@10: 0.1199
epoch 71: train_loss = 0.963575, source_hit@10 = 0.0869, source_ndcg@10 = 0.0426, target_hit@10 = 0.1199, target_ndcg@10 = 0.0605

2024-08-07 02:27:52.990702: step 21888/24320 (epoch 72/80), loss = 0.963709 (83.346 sec/epoch), lr: 0.000736
Evaluating on dev set...
...........................
source: 	 mrr: 0.036899	 ndcg_5: 0.0264	 ndcg_10: 0.0369	 hit@1:0.010138	 hit@5:0.0442	 hit@10: 0.0768
target: 	 mrr: 0.062223	 ndcg_5: 0.0528	 ndcg_10: 0.0674	 hit@1:0.027875	 hit@5:0.0760	 hit@10: 0.1220
target best!
..............target: 	 mrr: 0.059579	 ndcg_5: 0.0514	 ndcg_10: 0.0671	 hit@1:0.021948	 hit@5:0.0802	 hit@10: 0.1289
epoch 72: train_loss = 0.963709, source_hit@10 = 0.0768, source_ndcg@10 = 0.0369, target_hit@10 = 0.1289, target_ndcg@10 = 0.0671
new best model saved.

2024-08-07 02:29:17.918593: step 22192/24320 (epoch 73/80), loss = 0.965005 (83.760 sec/epoch), lr: 0.000736
Evaluating on dev set...
...........................
source: 	 mrr: 0.036620	 ndcg_5: 0.0253	 ndcg_10: 0.0369	 hit@1:0.010862	 hit@5:0.0406	 hit@10: 0.0768
target: 	 mrr: 0.058180	 ndcg_5: 0.0506	 ndcg_10: 0.0611	 hit@1:0.025087	 hit@5:0.0760	 hit@10: 0.1087
epoch 73: train_loss = 0.965005, source_hit@10 = 0.0768, source_ndcg@10 = 0.0369, target_hit@10 = 0.1087, target_ndcg@10 = 0.0611

2024-08-07 02:30:41.548946: step 22496/24320 (epoch 74/80), loss = 0.962675 (82.944 sec/epoch), lr: 0.000699
Evaluating on dev set...
...........................
source: 	 mrr: 0.031783	 ndcg_5: 0.0186	 ndcg_10: 0.0321	 hit@1:0.007241	 hit@5:0.0304	 hit@10: 0.0739
target: 	 mrr: 0.054444	 ndcg_5: 0.0461	 ndcg_10: 0.0613	 hit@1:0.018815	 hit@5:0.0718	 hit@10: 0.1185
epoch 74: train_loss = 0.962675, source_hit@10 = 0.0739, source_ndcg@10 = 0.0321, target_hit@10 = 0.1185, target_ndcg@10 = 0.0613

2024-08-07 02:32:07.131423: step 22800/24320 (epoch 75/80), loss = 0.954510 (84.869 sec/epoch), lr: 0.000664
Evaluating on dev set...
...........................
source: 	 mrr: 0.040352	 ndcg_5: 0.0274	 ndcg_10: 0.0391	 hit@1:0.013758	 hit@5:0.0420	 hit@10: 0.0789
target: 	 mrr: 0.053286	 ndcg_5: 0.0448	 ndcg_10: 0.0574	 hit@1:0.019512	 hit@5:0.0683	 hit@10: 0.1073
epoch 75: train_loss = 0.954510, source_hit@10 = 0.0789, source_ndcg@10 = 0.0391, target_hit@10 = 0.1073, target_ndcg@10 = 0.0574

2024-08-07 02:33:42.507414: step 23104/24320 (epoch 76/80), loss = 0.953591 (94.651 sec/epoch), lr: 0.000664
Evaluating on dev set...
...........................
source: 	 mrr: 0.036738	 ndcg_5: 0.0244	 ndcg_10: 0.0365	 hit@1:0.010138	 hit@5:0.0384	 hit@10: 0.0753
target: 	 mrr: 0.055514	 ndcg_5: 0.0470	 ndcg_10: 0.0598	 hit@1:0.023693	 hit@5:0.0704	 hit@10: 0.1101
epoch 76: train_loss = 0.953591, source_hit@10 = 0.0753, source_ndcg@10 = 0.0365, target_hit@10 = 0.1101, target_ndcg@10 = 0.0598

2024-08-07 02:35:10.276790: step 23408/24320 (epoch 77/80), loss = 0.950280 (86.999 sec/epoch), lr: 0.000631
Evaluating on dev set...
...........................
source: 	 mrr: 0.032908	 ndcg_5: 0.0223	 ndcg_10: 0.0329	 hit@1:0.007241	 hit@5:0.0377	 hit@10: 0.0710
target: 	 mrr: 0.056528	 ndcg_5: 0.0468	 ndcg_10: 0.0596	 hit@1:0.025784	 hit@5:0.0683	 hit@10: 0.1073
epoch 77: train_loss = 0.950280, source_hit@10 = 0.0710, source_ndcg@10 = 0.0329, target_hit@10 = 0.1073, target_ndcg@10 = 0.0596

2024-08-07 02:36:37.893695: step 23712/24320 (epoch 78/80), loss = 0.945267 (86.974 sec/epoch), lr: 0.000600
Evaluating on dev set...
...........................
source: 	 mrr: 0.034332	 ndcg_5: 0.0222	 ndcg_10: 0.0331	 hit@1:0.009413	 hit@5:0.0355	 hit@10: 0.0688
target: 	 mrr: 0.054371	 ndcg_5: 0.0439	 ndcg_10: 0.0571	 hit@1:0.026481	 hit@5:0.0613	 hit@10: 0.1024
epoch 78: train_loss = 0.945267, source_hit@10 = 0.0688, source_ndcg@10 = 0.0331, target_hit@10 = 0.1024, target_ndcg@10 = 0.0571

2024-08-07 02:38:07.810825: step 24016/24320 (epoch 79/80), loss = 0.945218 (89.180 sec/epoch), lr: 0.000570
Evaluating on dev set...
...........................
source: 	 mrr: 0.035233	 ndcg_5: 0.0249	 ndcg_10: 0.0326	 hit@1:0.010862	 hit@5:0.0406	 hit@10: 0.0644
target: 	 mrr: 0.058209	 ndcg_5: 0.0491	 ndcg_10: 0.0633	 hit@1:0.022300	 hit@5:0.0746	 hit@10: 0.1185
epoch 79: train_loss = 0.945218, source_hit@10 = 0.0644, source_ndcg@10 = 0.0326, target_hit@10 = 0.1185, target_ndcg@10 = 0.0633

2024-08-07 02:39:32.906063: step 24320/24320 (epoch 80/80), loss = 0.941261 (84.438 sec/epoch), lr: 0.000570
Evaluating on dev set...
...........................
source: 	 mrr: 0.036637	 ndcg_5: 0.0250	 ndcg_10: 0.0350	 hit@1:0.010138	 hit@5:0.0398	 hit@10: 0.0710
target: 	 mrr: 0.054680	 ndcg_5: 0.0463	 ndcg_10: 0.0579	 hit@1:0.022997	 hit@5:0.0683	 hit@10: 0.1045
epoch 80: train_loss = 0.941261, source_hit@10 = 0.0710, source_ndcg@10 = 0.0350, target_hit@10 = 0.1045, target_ndcg@10 = 0.0579

