nohup: ignoring input
using gpu:0 to train the model
using gpu:0 to train the model
cuda:0
Namespace(A_split=False, JK='sum', a_fold=100, aggregate=False, alpha=0.5, batch_size=1024, batch_tau=0.2, beta_inter=0.6, conv_layers=4, cuda=True, decay_epoch=10, device=device(type='cuda', index=0), device_id='0', domains='game_video', dropout=0.3, epoch=80, feature_dim=126, hidden_dim=126, k_tau=1.0, lambda_critic=0.4, leakey=0.05, load=False, log='logs.txt', log_epoch=1, lr=0.004, lr_decay=0.95, min_epoch=50, mode='train', model_file=None, model_name='gv', momentum=0.98, num_latent_factors=3, num_negative=100, optim='adam', patience=20, proj_layers=1, projection=1, rectify_epoch=30, residual=1, save=False, save_dir='./saved_models', seed=32, similarity_tau=0.1, test_sample_number=999, user_batch_size=256, weight_decay=0.0002)
number_user 25025
number_item 12319
/home/hourun/invariantCDR_v2/invariantCDR/utils/GraphMaker.py:46: RuntimeWarning: divide by zero encountered in power
  r_inv = np.power(rowsum, -1).flatten()
real graph loaded!
number_user 19457
number_item 8751
real graph loaded!
graph loaded!
Loading data from game_video with batch size 1024...
unseen test: 0
test length: 1381
unseen test: 0
test length: 1304
unseen test: 0
test length: 1435
unseen test: 0
test length: 1458
source_user_num 25025
target_user_num 19457
source_item_num 12319
target_item_num 8751
shared users id: 1737
test users 226, 217
unseen test: 0
dev length: 1000
unseen test: 0
dev length: 1000
source train data : 155036, target train data: 156091, source test data : 1304, target test data : 1458, source dev data : 1000, target dev data : 1000
2024-08-09 15:09:16.853417: step 304/24320 (epoch 1/80), loss = 2.734343 (33.363 sec/epoch), lr: 0.004000
Evaluating on dev set...
...........................
source: 	 mrr: 0.017353	 ndcg_5: 0.0087	 ndcg_10: 0.0154	 hit@1:0.002896	 hit@5:0.0152	 hit@10: 0.0362
target: 	 mrr: 0.020611	 ndcg_5: 0.0147	 ndcg_10: 0.0211	 hit@1:0.004878	 hit@5:0.0265	 hit@10: 0.0467
source best!
.............
source: 	 mrr: 0.021458	 ndcg_5: 0.0135	 ndcg_10: 0.0184	 hit@1:0.007669	 hit@5:0.0199	 hit@10: 0.0353
target best!
..............target: 	 mrr: 0.025655	 ndcg_5: 0.0195	 ndcg_10: 0.0272	 hit@1:0.006859	 hit@5:0.0316	 hit@10: 0.0556
epoch 1: train_loss = 2.734343, source_hit@10 = 0.0353, source_ndcg@10 = 0.0184, target_hit@10 = 0.0556, target_ndcg@10 = 0.0272

2024-08-09 15:09:51.369521: step 608/24320 (epoch 2/80), loss = 2.217860 (33.984 sec/epoch), lr: 0.004000
Evaluating on dev set...
...........................
source: 	 mrr: 0.020401	 ndcg_5: 0.0120	 ndcg_10: 0.0183	 hit@1:0.004345	 hit@5:0.0196	 hit@10: 0.0398
target: 	 mrr: 0.033478	 ndcg_5: 0.0269	 ndcg_10: 0.0355	 hit@1:0.010453	 hit@5:0.0439	 hit@10: 0.0704
source best!
.............
source: 	 mrr: 0.020661	 ndcg_5: 0.0120	 ndcg_10: 0.0207	 hit@1:0.002301	 hit@5:0.0215	 hit@10: 0.0483
target best!
..............target: 	 mrr: 0.032728	 ndcg_5: 0.0246	 ndcg_10: 0.0347	 hit@1:0.010288	 hit@5:0.0391	 hit@10: 0.0706
epoch 2: train_loss = 2.217860, source_hit@10 = 0.0483, source_ndcg@10 = 0.0207, target_hit@10 = 0.0706, target_ndcg@10 = 0.0347
new best model saved.

2024-08-09 15:10:26.790131: step 912/24320 (epoch 3/80), loss = 2.090220 (34.772 sec/epoch), lr: 0.004000
Evaluating on dev set...
...........................
source: 	 mrr: 0.027565	 ndcg_5: 0.0194	 ndcg_10: 0.0265	 hit@1:0.007965	 hit@5:0.0319	 hit@10: 0.0536
target: 	 mrr: 0.024836	 ndcg_5: 0.0184	 ndcg_10: 0.0239	 hit@1:0.006969	 hit@5:0.0300	 hit@10: 0.0474
source best!
.............
source: 	 mrr: 0.028089	 ndcg_5: 0.0182	 ndcg_10: 0.0279	 hit@1:0.009202	 hit@5:0.0268	 hit@10: 0.0567
epoch 3: train_loss = 2.090220, source_hit@10 = 0.0567, source_ndcg@10 = 0.0279, target_hit@10 = 0.0474, target_ndcg@10 = 0.0239
new best model saved.

2024-08-09 15:11:03.244463: step 1216/24320 (epoch 4/80), loss = 2.028407 (35.914 sec/epoch), lr: 0.004000
Evaluating on dev set...
...........................
source: 	 mrr: 0.029897	 ndcg_5: 0.0212	 ndcg_10: 0.0294	 hit@1:0.009413	 hit@5:0.0333	 hit@10: 0.0594
target: 	 mrr: 0.031422	 ndcg_5: 0.0231	 ndcg_10: 0.0335	 hit@1:0.007666	 hit@5:0.0369	 hit@10: 0.0697
source best!
.............
source: 	 mrr: 0.025238	 ndcg_5: 0.0157	 ndcg_10: 0.0226	 hit@1:0.005368	 hit@5:0.0261	 hit@10: 0.0475
epoch 4: train_loss = 2.028407, source_hit@10 = 0.0475, source_ndcg@10 = 0.0226, target_hit@10 = 0.0697, target_ndcg@10 = 0.0335
new best model saved.

2024-08-09 15:11:39.794557: step 1520/24320 (epoch 5/80), loss = 1.983426 (35.999 sec/epoch), lr: 0.004000
Evaluating on dev set...
...........................
source: 	 mrr: 0.019699	 ndcg_5: 0.0112	 ndcg_10: 0.0165	 hit@1:0.004345	 hit@5:0.0181	 hit@10: 0.0355
target: 	 mrr: 0.028267	 ndcg_5: 0.0215	 ndcg_10: 0.0296	 hit@1:0.007666	 hit@5:0.0362	 hit@10: 0.0613
epoch 5: train_loss = 1.983426, source_hit@10 = 0.0355, source_ndcg@10 = 0.0165, target_hit@10 = 0.0613, target_ndcg@10 = 0.0296

2024-08-09 15:12:16.140794: step 1824/24320 (epoch 6/80), loss = 1.943106 (36.053 sec/epoch), lr: 0.004000
Evaluating on dev set...
...........................
source: 	 mrr: 0.027285	 ndcg_5: 0.0182	 ndcg_10: 0.0267	 hit@1:0.006517	 hit@5:0.0282	 hit@10: 0.0550
target: 	 mrr: 0.025357	 ndcg_5: 0.0178	 ndcg_10: 0.0233	 hit@1:0.007666	 hit@5:0.0272	 hit@10: 0.0446
epoch 6: train_loss = 1.943106, source_hit@10 = 0.0550, source_ndcg@10 = 0.0267, target_hit@10 = 0.0446, target_ndcg@10 = 0.0233

2024-08-09 15:12:52.608677: step 2128/24320 (epoch 7/80), loss = 1.917038 (36.176 sec/epoch), lr: 0.004000
Evaluating on dev set...
...........................
source: 	 mrr: 0.021186	 ndcg_5: 0.0127	 ndcg_10: 0.0173	 hit@1:0.006517	 hit@5:0.0188	 hit@10: 0.0333
target: 	 mrr: 0.020635	 ndcg_5: 0.0122	 ndcg_10: 0.0178	 hit@1:0.007666	 hit@5:0.0167	 hit@10: 0.0341
epoch 7: train_loss = 1.917038, source_hit@10 = 0.0333, source_ndcg@10 = 0.0173, target_hit@10 = 0.0341, target_ndcg@10 = 0.0178

2024-08-09 15:13:28.993959: step 2432/24320 (epoch 8/80), loss = 1.892327 (36.092 sec/epoch), lr: 0.004000
Evaluating on dev set...
...........................
source: 	 mrr: 0.014859	 ndcg_5: 0.0100	 ndcg_10: 0.0130	 hit@1:0.002896	 hit@5:0.0174	 hit@10: 0.0268
target: 	 mrr: 0.022081	 ndcg_5: 0.0158	 ndcg_10: 0.0208	 hit@1:0.005575	 hit@5:0.0265	 hit@10: 0.0418
epoch 8: train_loss = 1.892327, source_hit@10 = 0.0268, source_ndcg@10 = 0.0130, target_hit@10 = 0.0418, target_ndcg@10 = 0.0208

2024-08-09 15:14:05.418188: step 2736/24320 (epoch 9/80), loss = 1.866026 (36.119 sec/epoch), lr: 0.004000
Evaluating on dev set...
...........................
source: 	 mrr: 0.019400	 ndcg_5: 0.0112	 ndcg_10: 0.0174	 hit@1:0.004345	 hit@5:0.0181	 hit@10: 0.0377
target: 	 mrr: 0.039639	 ndcg_5: 0.0324	 ndcg_10: 0.0427	 hit@1:0.011847	 hit@5:0.0530	 hit@10: 0.0850
target best!
..............target: 	 mrr: 0.042313	 ndcg_5: 0.0327	 ndcg_10: 0.0458	 hit@1:0.015775	 hit@5:0.0501	 hit@10: 0.0905
epoch 9: train_loss = 1.866026, source_hit@10 = 0.0377, source_ndcg@10 = 0.0174, target_hit@10 = 0.0905, target_ndcg@10 = 0.0458
new best model saved.

2024-08-09 15:14:42.444434: step 3040/24320 (epoch 10/80), loss = 1.852333 (36.490 sec/epoch), lr: 0.004000
Evaluating on dev set...
...........................
source: 	 mrr: 0.012308	 ndcg_5: 0.0079	 ndcg_10: 0.0107	 hit@1:0.002172	 hit@5:0.0138	 hit@10: 0.0224
target: 	 mrr: 0.043634	 ndcg_5: 0.0346	 ndcg_10: 0.0454	 hit@1:0.014634	 hit@5:0.0537	 hit@10: 0.0878
target best!
..............target: 	 mrr: 0.042042	 ndcg_5: 0.0329	 ndcg_10: 0.0441	 hit@1:0.013717	 hit@5:0.0528	 hit@10: 0.0878
epoch 10: train_loss = 1.852333, source_hit@10 = 0.0224, source_ndcg@10 = 0.0107, target_hit@10 = 0.0878, target_ndcg@10 = 0.0441
new best model saved.

2024-08-09 15:15:19.165510: step 3344/24320 (epoch 11/80), loss = 1.840797 (36.180 sec/epoch), lr: 0.004000
Evaluating on dev set...
...........................
source: 	 mrr: 0.016717	 ndcg_5: 0.0117	 ndcg_10: 0.0139	 hit@1:0.006517	 hit@5:0.0159	 hit@10: 0.0224
target: 	 mrr: 0.021035	 ndcg_5: 0.0129	 ndcg_10: 0.0198	 hit@1:0.005575	 hit@5:0.0209	 hit@10: 0.0425
epoch 11: train_loss = 1.840797, source_hit@10 = 0.0224, source_ndcg@10 = 0.0139, target_hit@10 = 0.0425, target_ndcg@10 = 0.0198

2024-08-09 15:15:55.762846: step 3648/24320 (epoch 12/80), loss = 1.825257 (36.295 sec/epoch), lr: 0.003800
Evaluating on dev set...
...........................
source: 	 mrr: 0.017542	 ndcg_5: 0.0118	 ndcg_10: 0.0153	 hit@1:0.004345	 hit@5:0.0203	 hit@10: 0.0311
target: 	 mrr: 0.041565	 ndcg_5: 0.0332	 ndcg_10: 0.0414	 hit@1:0.017422	 hit@5:0.0481	 hit@10: 0.0739
epoch 12: train_loss = 1.825257, source_hit@10 = 0.0311, source_ndcg@10 = 0.0153, target_hit@10 = 0.0739, target_ndcg@10 = 0.0414

2024-08-09 15:16:32.289503: step 3952/24320 (epoch 13/80), loss = 1.813451 (36.219 sec/epoch), lr: 0.003800
Evaluating on dev set...
...........................
source: 	 mrr: 0.011683	 ndcg_5: 0.0046	 ndcg_10: 0.0084	 hit@1:0.002172	 hit@5:0.0072	 hit@10: 0.0196
target: 	 mrr: 0.040490	 ndcg_5: 0.0305	 ndcg_10: 0.0411	 hit@1:0.016028	 hit@5:0.0453	 hit@10: 0.0787
epoch 13: train_loss = 1.813451, source_hit@10 = 0.0196, source_ndcg@10 = 0.0084, target_hit@10 = 0.0787, target_ndcg@10 = 0.0411

2024-08-09 15:17:08.487538: step 4256/24320 (epoch 14/80), loss = 1.803737 (35.901 sec/epoch), lr: 0.003610
Evaluating on dev set...
...........................
source: 	 mrr: 0.015262	 ndcg_5: 0.0085	 ndcg_10: 0.0128	 hit@1:0.002896	 hit@5:0.0145	 hit@10: 0.0282
target: 	 mrr: 0.039000	 ndcg_5: 0.0307	 ndcg_10: 0.0383	 hit@1:0.016725	 hit@5:0.0446	 hit@10: 0.0683
epoch 14: train_loss = 1.803737, source_hit@10 = 0.0282, source_ndcg@10 = 0.0128, target_hit@10 = 0.0683, target_ndcg@10 = 0.0383

2024-08-09 15:17:44.736829: step 4560/24320 (epoch 15/80), loss = 1.794747 (35.950 sec/epoch), lr: 0.003610
Evaluating on dev set...
...........................
source: 	 mrr: 0.013035	 ndcg_5: 0.0074	 ndcg_10: 0.0099	 hit@1:0.002896	 hit@5:0.0123	 hit@10: 0.0203
target: 	 mrr: 0.038241	 ndcg_5: 0.0306	 ndcg_10: 0.0390	 hit@1:0.013240	 hit@5:0.0467	 hit@10: 0.0732
epoch 15: train_loss = 1.794747, source_hit@10 = 0.0203, source_ndcg@10 = 0.0099, target_hit@10 = 0.0732, target_ndcg@10 = 0.0390

2024-08-09 15:18:21.061279: step 4864/24320 (epoch 16/80), loss = 1.786676 (36.031 sec/epoch), lr: 0.003429
Evaluating on dev set...
...........................
source: 	 mrr: 0.019711	 ndcg_5: 0.0115	 ndcg_10: 0.0162	 hit@1:0.006517	 hit@5:0.0159	 hit@10: 0.0304
target: 	 mrr: 0.044239	 ndcg_5: 0.0361	 ndcg_10: 0.0476	 hit@1:0.014634	 hit@5:0.0585	 hit@10: 0.0941
target best!
..............target: 	 mrr: 0.043259	 ndcg_5: 0.0326	 ndcg_10: 0.0440	 hit@1:0.015775	 hit@5:0.0501	 hit@10: 0.0850
epoch 16: train_loss = 1.786676, source_hit@10 = 0.0304, source_ndcg@10 = 0.0162, target_hit@10 = 0.0850, target_ndcg@10 = 0.0440
new best model saved.

2024-08-09 15:18:57.699956: step 5168/24320 (epoch 17/80), loss = 1.776516 (36.109 sec/epoch), lr: 0.003429
Evaluating on dev set...
...........................
source: 	 mrr: 0.010646	 ndcg_5: 0.0049	 ndcg_10: 0.0079	 hit@1:0.001448	 hit@5:0.0080	 hit@10: 0.0174
target: 	 mrr: 0.040738	 ndcg_5: 0.0322	 ndcg_10: 0.0405	 hit@1:0.015331	 hit@5:0.0488	 hit@10: 0.0746
epoch 17: train_loss = 1.776516, source_hit@10 = 0.0174, source_ndcg@10 = 0.0079, target_hit@10 = 0.0746, target_ndcg@10 = 0.0405

2024-08-09 15:19:34.074314: step 5472/24320 (epoch 18/80), loss = 1.763824 (36.080 sec/epoch), lr: 0.003258
Evaluating on dev set...
...........................
source: 	 mrr: 0.017735	 ndcg_5: 0.0099	 ndcg_10: 0.0133	 hit@1:0.004345	 hit@5:0.0152	 hit@10: 0.0253
target: 	 mrr: 0.039775	 ndcg_5: 0.0323	 ndcg_10: 0.0414	 hit@1:0.011150	 hit@5:0.0523	 hit@10: 0.0808
epoch 18: train_loss = 1.763824, source_hit@10 = 0.0253, source_ndcg@10 = 0.0133, target_hit@10 = 0.0808, target_ndcg@10 = 0.0414

2024-08-09 15:20:10.658978: step 5776/24320 (epoch 19/80), loss = 1.760072 (36.276 sec/epoch), lr: 0.003258
Evaluating on dev set...
...........................
source: 	 mrr: 0.018962	 ndcg_5: 0.0134	 ndcg_10: 0.0184	 hit@1:0.005069	 hit@5:0.0203	 hit@10: 0.0362
target: 	 mrr: 0.027577	 ndcg_5: 0.0198	 ndcg_10: 0.0281	 hit@1:0.007666	 hit@5:0.0314	 hit@10: 0.0571
epoch 19: train_loss = 1.760072, source_hit@10 = 0.0362, source_ndcg@10 = 0.0184, target_hit@10 = 0.0571, target_ndcg@10 = 0.0281

2024-08-09 15:20:47.024664: step 6080/24320 (epoch 20/80), loss = 1.748099 (36.070 sec/epoch), lr: 0.003095
Evaluating on dev set...
...........................
source: 	 mrr: 0.014977	 ndcg_5: 0.0098	 ndcg_10: 0.0136	 hit@1:0.004345	 hit@5:0.0159	 hit@10: 0.0275
target: 	 mrr: 0.039442	 ndcg_5: 0.0289	 ndcg_10: 0.0418	 hit@1:0.013240	 hit@5:0.0446	 hit@10: 0.0843
epoch 20: train_loss = 1.748099, source_hit@10 = 0.0275, source_ndcg@10 = 0.0136, target_hit@10 = 0.0843, target_ndcg@10 = 0.0418

2024-08-09 15:21:23.450246: step 6384/24320 (epoch 21/80), loss = 1.741594 (36.125 sec/epoch), lr: 0.003095
Evaluating on dev set...
...........................
source: 	 mrr: 0.016459	 ndcg_5: 0.0096	 ndcg_10: 0.0142	 hit@1:0.003621	 hit@5:0.0167	 hit@10: 0.0311
target: 	 mrr: 0.026928	 ndcg_5: 0.0186	 ndcg_10: 0.0256	 hit@1:0.009059	 hit@5:0.0293	 hit@10: 0.0509
epoch 21: train_loss = 1.741594, source_hit@10 = 0.0311, source_ndcg@10 = 0.0142, target_hit@10 = 0.0509, target_ndcg@10 = 0.0256

2024-08-09 15:21:59.380557: step 6688/24320 (epoch 22/80), loss = 1.728521 (35.633 sec/epoch), lr: 0.002940
Evaluating on dev set...
...........................
source: 	 mrr: 0.015419	 ndcg_5: 0.0079	 ndcg_10: 0.0143	 hit@1:0.002172	 hit@5:0.0138	 hit@10: 0.0333
target: 	 mrr: 0.034420	 ndcg_5: 0.0280	 ndcg_10: 0.0366	 hit@1:0.010453	 hit@5:0.0453	 hit@10: 0.0718
epoch 22: train_loss = 1.728521, source_hit@10 = 0.0333, source_ndcg@10 = 0.0143, target_hit@10 = 0.0718, target_ndcg@10 = 0.0366

2024-08-09 15:22:36.062189: step 6992/24320 (epoch 23/80), loss = 1.727449 (36.384 sec/epoch), lr: 0.002940
Evaluating on dev set...
...........................
source: 	 mrr: 0.016011	 ndcg_5: 0.0091	 ndcg_10: 0.0135	 hit@1:0.005793	 hit@5:0.0130	 hit@10: 0.0268
target: 	 mrr: 0.017845	 ndcg_5: 0.0102	 ndcg_10: 0.0147	 hit@1:0.004878	 hit@5:0.0167	 hit@10: 0.0307
epoch 23: train_loss = 1.727449, source_hit@10 = 0.0268, source_ndcg@10 = 0.0135, target_hit@10 = 0.0307, target_ndcg@10 = 0.0147

2024-08-09 15:23:12.213507: step 7296/24320 (epoch 24/80), loss = 1.713740 (35.847 sec/epoch), lr: 0.002793
Evaluating on dev set...
...........................
source: 	 mrr: 0.017178	 ndcg_5: 0.0103	 ndcg_10: 0.0140	 hit@1:0.004345	 hit@5:0.0159	 hit@10: 0.0275
target: 	 mrr: 0.030276	 ndcg_5: 0.0217	 ndcg_10: 0.0308	 hit@1:0.006969	 hit@5:0.0355	 hit@10: 0.0641
epoch 24: train_loss = 1.713740, source_hit@10 = 0.0275, source_ndcg@10 = 0.0140, target_hit@10 = 0.0641, target_ndcg@10 = 0.0308

2024-08-09 15:23:48.645019: step 7600/24320 (epoch 25/80), loss = 1.711010 (36.136 sec/epoch), lr: 0.002793
Evaluating on dev set...
...........................
source: 	 mrr: 0.015406	 ndcg_5: 0.0095	 ndcg_10: 0.0147	 hit@1:0.003621	 hit@5:0.0159	 hit@10: 0.0326
target: 	 mrr: 0.040345	 ndcg_5: 0.0329	 ndcg_10: 0.0432	 hit@1:0.012544	 hit@5:0.0516	 hit@10: 0.0843
epoch 25: train_loss = 1.711010, source_hit@10 = 0.0326, source_ndcg@10 = 0.0147, target_hit@10 = 0.0843, target_ndcg@10 = 0.0432

2024-08-09 15:24:25.017359: step 7904/24320 (epoch 26/80), loss = 1.706308 (36.075 sec/epoch), lr: 0.002793
Evaluating on dev set...
...........................
source: 	 mrr: 0.017549	 ndcg_5: 0.0109	 ndcg_10: 0.0153	 hit@1:0.004345	 hit@5:0.0181	 hit@10: 0.0319
target: 	 mrr: 0.024913	 ndcg_5: 0.0176	 ndcg_10: 0.0234	 hit@1:0.007666	 hit@5:0.0286	 hit@10: 0.0460
epoch 26: train_loss = 1.706308, source_hit@10 = 0.0319, source_ndcg@10 = 0.0153, target_hit@10 = 0.0460, target_ndcg@10 = 0.0234

2024-08-09 15:25:01.328023: step 8208/24320 (epoch 27/80), loss = 1.698811 (36.002 sec/epoch), lr: 0.002654
Evaluating on dev set...
...........................
source: 	 mrr: 0.016192	 ndcg_5: 0.0098	 ndcg_10: 0.0137	 hit@1:0.004345	 hit@5:0.0152	 hit@10: 0.0275
target: 	 mrr: 0.036957	 ndcg_5: 0.0287	 ndcg_10: 0.0359	 hit@1:0.014634	 hit@5:0.0418	 hit@10: 0.0641
epoch 27: train_loss = 1.698811, source_hit@10 = 0.0275, source_ndcg@10 = 0.0137, target_hit@10 = 0.0641, target_ndcg@10 = 0.0359

2024-08-09 15:25:37.361437: step 8512/24320 (epoch 28/80), loss = 1.688758 (35.740 sec/epoch), lr: 0.002654
Evaluating on dev set...
...........................
source: 	 mrr: 0.011317	 ndcg_5: 0.0035	 ndcg_10: 0.0076	 hit@1:0.001448	 hit@5:0.0058	 hit@10: 0.0188
target: 	 mrr: 0.034955	 ndcg_5: 0.0261	 ndcg_10: 0.0376	 hit@1:0.011847	 hit@5:0.0404	 hit@10: 0.0767
epoch 28: train_loss = 1.688758, source_hit@10 = 0.0188, source_ndcg@10 = 0.0076, target_hit@10 = 0.0767, target_ndcg@10 = 0.0376

2024-08-09 15:26:13.621602: step 8816/24320 (epoch 29/80), loss = 1.679742 (35.966 sec/epoch), lr: 0.002521
Evaluating on dev set...
...........................
source: 	 mrr: 0.020817	 ndcg_5: 0.0122	 ndcg_10: 0.0184	 hit@1:0.005069	 hit@5:0.0196	 hit@10: 0.0391
target: 	 mrr: 0.031545	 ndcg_5: 0.0230	 ndcg_10: 0.0334	 hit@1:0.008362	 hit@5:0.0355	 hit@10: 0.0683
epoch 29: train_loss = 1.679742, source_hit@10 = 0.0391, source_ndcg@10 = 0.0184, target_hit@10 = 0.0683, target_ndcg@10 = 0.0334

2024-08-09 15:26:49.928686: step 9120/24320 (epoch 30/80), loss = 1.678538 (36.012 sec/epoch), lr: 0.002521
Evaluating on dev set...
...........................
source: 	 mrr: 0.022760	 ndcg_5: 0.0174	 ndcg_10: 0.0214	 hit@1:0.007241	 hit@5:0.0282	 hit@10: 0.0406
target: 	 mrr: 0.026703	 ndcg_5: 0.0188	 ndcg_10: 0.0253	 hit@1:0.006969	 hit@5:0.0300	 hit@10: 0.0502
epoch 30: train_loss = 1.678538, source_hit@10 = 0.0406, source_ndcg@10 = 0.0214, target_hit@10 = 0.0502, target_ndcg@10 = 0.0253
shift to transfer learning mode

2024-08-09 15:27:26.828991: step 9424/24320 (epoch 31/80), loss = 1.864310 (36.605 sec/epoch), lr: 0.002395
Evaluating on dev set...
...........................
source: 	 mrr: 0.024763	 ndcg_5: 0.0181	 ndcg_10: 0.0244	 hit@1:0.007965	 hit@5:0.0290	 hit@10: 0.0485
target: 	 mrr: 0.040349	 ndcg_5: 0.0337	 ndcg_10: 0.0429	 hit@1:0.013240	 hit@5:0.0544	 hit@10: 0.0829
epoch 31: train_loss = 1.864310, source_hit@10 = 0.0485, source_ndcg@10 = 0.0244, target_hit@10 = 0.0829, target_ndcg@10 = 0.0429

2024-08-09 15:28:04.607739: step 9728/24320 (epoch 32/80), loss = 1.867145 (37.481 sec/epoch), lr: 0.002395
Evaluating on dev set...
...........................
source: 	 mrr: 0.018827	 ndcg_5: 0.0119	 ndcg_10: 0.0153	 hit@1:0.005793	 hit@5:0.0181	 hit@10: 0.0290
target: 	 mrr: 0.026219	 ndcg_5: 0.0180	 ndcg_10: 0.0235	 hit@1:0.011150	 hit@5:0.0251	 hit@10: 0.0418
epoch 32: train_loss = 1.867145, source_hit@10 = 0.0290, source_ndcg@10 = 0.0153, target_hit@10 = 0.0418, target_ndcg@10 = 0.0235

2024-08-09 15:28:41.466005: step 10032/24320 (epoch 33/80), loss = 1.862228 (36.539 sec/epoch), lr: 0.002275
Evaluating on dev set...
...........................
source: 	 mrr: 0.020194	 ndcg_5: 0.0119	 ndcg_10: 0.0183	 hit@1:0.005793	 hit@5:0.0181	 hit@10: 0.0384
target: 	 mrr: 0.039918	 ndcg_5: 0.0309	 ndcg_10: 0.0403	 hit@1:0.016725	 hit@5:0.0453	 hit@10: 0.0746
epoch 33: train_loss = 1.862228, source_hit@10 = 0.0384, source_ndcg@10 = 0.0183, target_hit@10 = 0.0746, target_ndcg@10 = 0.0403

2024-08-09 15:29:18.408667: step 10336/24320 (epoch 34/80), loss = 1.860078 (36.648 sec/epoch), lr: 0.002275
Evaluating on dev set...
...........................
source: 	 mrr: 0.021602	 ndcg_5: 0.0133	 ndcg_10: 0.0196	 hit@1:0.005069	 hit@5:0.0203	 hit@10: 0.0398
target: 	 mrr: 0.035728	 ndcg_5: 0.0276	 ndcg_10: 0.0348	 hit@1:0.012544	 hit@5:0.0432	 hit@10: 0.0655
epoch 34: train_loss = 1.860078, source_hit@10 = 0.0398, source_ndcg@10 = 0.0196, target_hit@10 = 0.0655, target_ndcg@10 = 0.0348

2024-08-09 15:29:56.494425: step 10640/24320 (epoch 35/80), loss = 1.851778 (37.791 sec/epoch), lr: 0.002161
Evaluating on dev set...
...........................
source: 	 mrr: 0.014341	 ndcg_5: 0.0081	 ndcg_10: 0.0111	 hit@1:0.003621	 hit@5:0.0130	 hit@10: 0.0224
target: 	 mrr: 0.030078	 ndcg_5: 0.0227	 ndcg_10: 0.0295	 hit@1:0.009059	 hit@5:0.0355	 hit@10: 0.0564
epoch 35: train_loss = 1.851778, source_hit@10 = 0.0224, source_ndcg@10 = 0.0111, target_hit@10 = 0.0564, target_ndcg@10 = 0.0295

2024-08-09 15:30:33.846181: step 10944/24320 (epoch 36/80), loss = 1.847299 (37.047 sec/epoch), lr: 0.002053
Evaluating on dev set...
...........................
source: 	 mrr: 0.015510	 ndcg_5: 0.0088	 ndcg_10: 0.0113	 hit@1:0.003621	 hit@5:0.0145	 hit@10: 0.0224
target: 	 mrr: 0.025330	 ndcg_5: 0.0187	 ndcg_10: 0.0245	 hit@1:0.006969	 hit@5:0.0300	 hit@10: 0.0481
epoch 36: train_loss = 1.847299, source_hit@10 = 0.0224, source_ndcg@10 = 0.0113, target_hit@10 = 0.0481, target_ndcg@10 = 0.0245

2024-08-09 15:31:10.808608: step 11248/24320 (epoch 37/80), loss = 1.835745 (36.664 sec/epoch), lr: 0.001951
Evaluating on dev set...
...........................
source: 	 mrr: 0.022955	 ndcg_5: 0.0160	 ndcg_10: 0.0206	 hit@1:0.007965	 hit@5:0.0239	 hit@10: 0.0377
target: 	 mrr: 0.030096	 ndcg_5: 0.0240	 ndcg_10: 0.0309	 hit@1:0.010453	 hit@5:0.0355	 hit@10: 0.0571
epoch 37: train_loss = 1.835745, source_hit@10 = 0.0377, source_ndcg@10 = 0.0206, target_hit@10 = 0.0571, target_ndcg@10 = 0.0309

2024-08-09 15:31:48.485768: step 11552/24320 (epoch 38/80), loss = 1.834520 (37.385 sec/epoch), lr: 0.001951
Evaluating on dev set...
...........................
source: 	 mrr: 0.014707	 ndcg_5: 0.0073	 ndcg_10: 0.0106	 hit@1:0.002896	 hit@5:0.0123	 hit@10: 0.0224
target: 	 mrr: 0.035268	 ndcg_5: 0.0298	 ndcg_10: 0.0350	 hit@1:0.011150	 hit@5:0.0481	 hit@10: 0.0641
epoch 38: train_loss = 1.834520, source_hit@10 = 0.0224, source_ndcg@10 = 0.0106, target_hit@10 = 0.0641, target_ndcg@10 = 0.0350

2024-08-09 15:32:25.607382: step 11856/24320 (epoch 39/80), loss = 1.824976 (36.823 sec/epoch), lr: 0.001853
Evaluating on dev set...
...........................
source: 	 mrr: 0.017075	 ndcg_5: 0.0094	 ndcg_10: 0.0129	 hit@1:0.004345	 hit@5:0.0152	 hit@10: 0.0261
target: 	 mrr: 0.032228	 ndcg_5: 0.0252	 ndcg_10: 0.0324	 hit@1:0.012544	 hit@5:0.0376	 hit@10: 0.0599
epoch 39: train_loss = 1.824976, source_hit@10 = 0.0261, source_ndcg@10 = 0.0129, target_hit@10 = 0.0599, target_ndcg@10 = 0.0324

2024-08-09 15:33:02.152416: step 12160/24320 (epoch 40/80), loss = 1.823030 (36.247 sec/epoch), lr: 0.001761
Evaluating on dev set...
...........................
source: 	 mrr: 0.013614	 ndcg_5: 0.0068	 ndcg_10: 0.0109	 hit@1:0.002896	 hit@5:0.0109	 hit@10: 0.0239
target: 	 mrr: 0.032352	 ndcg_5: 0.0240	 ndcg_10: 0.0349	 hit@1:0.010453	 hit@5:0.0369	 hit@10: 0.0704
epoch 40: train_loss = 1.823030, source_hit@10 = 0.0239, source_ndcg@10 = 0.0109, target_hit@10 = 0.0704, target_ndcg@10 = 0.0349

2024-08-09 15:33:39.224781: step 12464/24320 (epoch 41/80), loss = 1.812800 (36.773 sec/epoch), lr: 0.001672
Evaluating on dev set...
...........................
source: 	 mrr: 0.014774	 ndcg_5: 0.0072	 ndcg_10: 0.0125	 hit@1:0.002896	 hit@5:0.0130	 hit@10: 0.0297
target: 	 mrr: 0.027222	 ndcg_5: 0.0200	 ndcg_10: 0.0255	 hit@1:0.009059	 hit@5:0.0314	 hit@10: 0.0488
epoch 41: train_loss = 1.812800, source_hit@10 = 0.0297, source_ndcg@10 = 0.0125, target_hit@10 = 0.0488, target_ndcg@10 = 0.0255

2024-08-09 15:34:16.463514: step 12768/24320 (epoch 42/80), loss = 1.805059 (36.945 sec/epoch), lr: 0.001589
Evaluating on dev set...
...........................
source: 	 mrr: 0.020583	 ndcg_5: 0.0138	 ndcg_10: 0.0182	 hit@1:0.007241	 hit@5:0.0210	 hit@10: 0.0348
target: 	 mrr: 0.034446	 ndcg_5: 0.0263	 ndcg_10: 0.0370	 hit@1:0.011847	 hit@5:0.0411	 hit@10: 0.0746
epoch 42: train_loss = 1.805059, source_hit@10 = 0.0348, source_ndcg@10 = 0.0182, target_hit@10 = 0.0746, target_ndcg@10 = 0.0370

2024-08-09 15:34:54.369198: step 13072/24320 (epoch 43/80), loss = 1.799489 (37.611 sec/epoch), lr: 0.001589
Evaluating on dev set...
...........................
source: 	 mrr: 0.011935	 ndcg_5: 0.0064	 ndcg_10: 0.0082	 hit@1:0.002896	 hit@5:0.0109	 hit@10: 0.0167
target: 	 mrr: 0.030567	 ndcg_5: 0.0227	 ndcg_10: 0.0297	 hit@1:0.009059	 hit@5:0.0348	 hit@10: 0.0564
epoch 43: train_loss = 1.799489, source_hit@10 = 0.0167, source_ndcg@10 = 0.0082, target_hit@10 = 0.0564, target_ndcg@10 = 0.0297

2024-08-09 15:35:31.558610: step 13376/24320 (epoch 44/80), loss = 1.792688 (36.875 sec/epoch), lr: 0.001509
Evaluating on dev set...
...........................
source: 	 mrr: 0.018687	 ndcg_5: 0.0110	 ndcg_10: 0.0139	 hit@1:0.005069	 hit@5:0.0167	 hit@10: 0.0253
target: 	 mrr: 0.034659	 ndcg_5: 0.0272	 ndcg_10: 0.0338	 hit@1:0.014634	 hit@5:0.0404	 hit@10: 0.0613
epoch 44: train_loss = 1.792688, source_hit@10 = 0.0253, source_ndcg@10 = 0.0139, target_hit@10 = 0.0613, target_ndcg@10 = 0.0338

2024-08-09 15:36:08.760911: step 13680/24320 (epoch 45/80), loss = 1.786509 (36.893 sec/epoch), lr: 0.001509
Evaluating on dev set...
...........................
source: 	 mrr: 0.014675	 ndcg_5: 0.0076	 ndcg_10: 0.0108	 hit@1:0.002896	 hit@5:0.0123	 hit@10: 0.0224
target: 	 mrr: 0.028485	 ndcg_5: 0.0216	 ndcg_10: 0.0287	 hit@1:0.009059	 hit@5:0.0334	 hit@10: 0.0557
epoch 45: train_loss = 1.786509, source_hit@10 = 0.0224, source_ndcg@10 = 0.0108, target_hit@10 = 0.0557, target_ndcg@10 = 0.0287

2024-08-09 15:36:45.745157: step 13984/24320 (epoch 46/80), loss = 1.781166 (36.685 sec/epoch), lr: 0.001434
Evaluating on dev set...
...........................
source: 	 mrr: 0.016582	 ndcg_5: 0.0088	 ndcg_10: 0.0130	 hit@1:0.004345	 hit@5:0.0130	 hit@10: 0.0261
target: 	 mrr: 0.030587	 ndcg_5: 0.0240	 ndcg_10: 0.0292	 hit@1:0.011847	 hit@5:0.0355	 hit@10: 0.0516
epoch 46: train_loss = 1.781166, source_hit@10 = 0.0261, source_ndcg@10 = 0.0130, target_hit@10 = 0.0516, target_ndcg@10 = 0.0292

2024-08-09 15:37:22.634814: step 14288/24320 (epoch 47/80), loss = 1.780979 (36.590 sec/epoch), lr: 0.001434
Evaluating on dev set...
...........................
source: 	 mrr: 0.016524	 ndcg_5: 0.0080	 ndcg_10: 0.0124	 hit@1:0.004345	 hit@5:0.0123	 hit@10: 0.0261
target: 	 mrr: 0.025165	 ndcg_5: 0.0177	 ndcg_10: 0.0226	 hit@1:0.009059	 hit@5:0.0258	 hit@10: 0.0411
epoch 47: train_loss = 1.780979, source_hit@10 = 0.0261, source_ndcg@10 = 0.0124, target_hit@10 = 0.0411, target_ndcg@10 = 0.0226

2024-08-09 15:37:59.835677: step 14592/24320 (epoch 48/80), loss = 1.773533 (36.908 sec/epoch), lr: 0.001362
Evaluating on dev set...
...........................
source: 	 mrr: 0.017324	 ndcg_5: 0.0101	 ndcg_10: 0.0144	 hit@1:0.003621	 hit@5:0.0174	 hit@10: 0.0311
target: 	 mrr: 0.030206	 ndcg_5: 0.0229	 ndcg_10: 0.0316	 hit@1:0.008362	 hit@5:0.0369	 hit@10: 0.0641
epoch 48: train_loss = 1.773533, source_hit@10 = 0.0311, source_ndcg@10 = 0.0144, target_hit@10 = 0.0641, target_ndcg@10 = 0.0316

2024-08-09 15:38:36.628646: step 14896/24320 (epoch 49/80), loss = 1.763198 (36.480 sec/epoch), lr: 0.001362
Evaluating on dev set...
...........................
source: 	 mrr: 0.018045	 ndcg_5: 0.0097	 ndcg_10: 0.0145	 hit@1:0.004345	 hit@5:0.0145	 hit@10: 0.0297
target: 	 mrr: 0.013835	 ndcg_5: 0.0080	 ndcg_10: 0.0109	 hit@1:0.003484	 hit@5:0.0132	 hit@10: 0.0223
epoch 49: train_loss = 1.763198, source_hit@10 = 0.0297, source_ndcg@10 = 0.0145, target_hit@10 = 0.0223, target_ndcg@10 = 0.0109

2024-08-09 15:39:13.619622: step 15200/24320 (epoch 50/80), loss = 1.756452 (36.698 sec/epoch), lr: 0.001294
Evaluating on dev set...
...........................
source: 	 mrr: 0.016018	 ndcg_5: 0.0100	 ndcg_10: 0.0130	 hit@1:0.002172	 hit@5:0.0181	 hit@10: 0.0275
target: 	 mrr: 0.028933	 ndcg_5: 0.0213	 ndcg_10: 0.0289	 hit@1:0.009756	 hit@5:0.0328	 hit@10: 0.0571
epoch 50: train_loss = 1.756452, source_hit@10 = 0.0275, source_ndcg@10 = 0.0130, target_hit@10 = 0.0571, target_ndcg@10 = 0.0289

2024-08-09 15:39:50.711703: step 15504/24320 (epoch 51/80), loss = 1.756101 (36.801 sec/epoch), lr: 0.001294
Evaluating on dev set...
...........................
source: 	 mrr: 0.017164	 ndcg_5: 0.0111	 ndcg_10: 0.0136	 hit@1:0.002896	 hit@5:0.0196	 hit@10: 0.0275
target: 	 mrr: 0.036728	 ndcg_5: 0.0272	 ndcg_10: 0.0384	 hit@1:0.015331	 hit@5:0.0397	 hit@10: 0.0746
epoch 51: train_loss = 1.756101, source_hit@10 = 0.0275, source_ndcg@10 = 0.0136, target_hit@10 = 0.0746, target_ndcg@10 = 0.0384
early termination of training
