nohup: ignoring input
/home1/lhr/anaconda3/envs/torch/lib/python3.8/site-packages/torch_geometric/typing.py:54: UserWarning: An issue occurred while importing 'pyg-lib'. Disabling its usage. Stacktrace: /lib/x86_64-linux-gnu/libm.so.6: version `GLIBC_2.29' not found (required by /home1/lhr/anaconda3/envs/torch/lib/python3.8/site-packages/libpyg.so)
  warnings.warn(f"An issue occurred while importing 'pyg-lib'. "
/home1/lhr/anaconda3/envs/torch/lib/python3.8/site-packages/torch_geometric/typing.py:110: UserWarning: An issue occurred while importing 'torch-sparse'. Disabling its usage. Stacktrace: /lib/x86_64-linux-gnu/libm.so.6: version `GLIBC_2.29' not found (required by /home1/lhr/anaconda3/envs/torch/lib/python3.8/site-packages/libpyg.so)
  warnings.warn(f"An issue occurred while importing 'torch-sparse'. "
using gpu:7 to train the model
using gpu:7 to train the model
cuda:7
Namespace(A_split=False, JK='sum', a_fold=100, aggregate=False, alpha=0.5, batch_size=1024, beta_inter=0.6, conv_layers=4, cuda=True, decay_epoch=10, device=device(type='cuda', index=7), device_id='7', domains='game_video', dropout=0.5, epoch=80, feature_dim=126, hidden_dim=126, inter_tau=0.2, intra_tau=1, lambda_critic=0.5, leakey=0.05, load=False, log='logs.txt', log_epoch=1, lr=0.004, lr_decay=0.95, min_epoch=50, mode='train', model_file=None, model_name='gv', momentum=0.98, num_latent_factors=3, num_negative=100, optim='adam', patience=20, proj_layers=1, projection=1, rectify_epoch=30, residual=1, save=False, save_dir='./saved_models', seed=32, similarity_tau=0.1, test_sample_number=999, user_batch_size=256, weight_decay=0.0002)
number_user 25025
number_item 12319
/home1/lhr/invariantCDR/invariantCDR/utils/GraphMaker.py:45: RuntimeWarning: divide by zero encountered in power
  r_inv = np.power(rowsum, -1).flatten()
/home1/lhr/invariantCDR/invariantCDR/utils/GraphMaker.py:68: UserWarning: torch.sparse.SparseTensor(indices, values, shape, *, device=) is deprecated.  Please use torch.sparse_coo_tensor(indices, values, shape, dtype=, device=). (Triggered internally at /opt/conda/conda-bld/pytorch_1711403590347/work/torch/csrc/utils/tensor_new.cpp:618.)
  return torch.sparse.FloatTensor(indices, values, shape)
real graph loaded!
number_user 19457
number_item 8751
real graph loaded!
graph loaded!
Loading data from game_video with batch size 1024...
unseen test: 0
test length: 1381
unseen test: 0
test length: 1304
unseen test: 0
test length: 1435
unseen test: 0
test length: 1458
source_user_num 25025
target_user_num 19457
source_item_num 12319
target_item_num 8751
shared users id: 1737
test users 226, 217
unseen test: 0
dev length: 1000
unseen test: 0
dev length: 1000
source train data : 155036, target train data: 156091, source test data : 1304, target test data : 1458, source dev data : 1000, target dev data : 1000
2024-08-07 00:47:21.300789: step 304/24320 (epoch 1/80), loss = 1.172642 (88.806 sec/epoch), lr: 0.004000
Evaluating on dev set...
...........................
source: 	 mrr: 0.015744	 ndcg_5: 0.0087	 ndcg_10: 0.0149	 hit@1:0.002896	 hit@5:0.0145	 hit@10: 0.0340
target: 	 mrr: 0.031806	 ndcg_5: 0.0232	 ndcg_10: 0.0316	 hit@1:0.009756	 hit@5:0.0369	 hit@10: 0.0634
source best!
.............
source: 	 mrr: 0.026629	 ndcg_5: 0.0211	 ndcg_10: 0.0267	 hit@1:0.010736	 hit@5:0.0322	 hit@10: 0.0498
target best!
..............target: 	 mrr: 0.031135	 ndcg_5: 0.0230	 ndcg_10: 0.0311	 hit@1:0.008230	 hit@5:0.0377	 hit@10: 0.0631
epoch 1: train_loss = 1.172642, source_hit@10 = 0.0498, source_ndcg@10 = 0.0267, target_hit@10 = 0.0631, target_ndcg@10 = 0.0311

2024-08-07 00:48:47.757008: step 608/24320 (epoch 2/80), loss = 1.028903 (85.135 sec/epoch), lr: 0.004000
Evaluating on dev set...
...........................
source: 	 mrr: 0.017390	 ndcg_5: 0.0108	 ndcg_10: 0.0147	 hit@1:0.002172	 hit@5:0.0188	 hit@10: 0.0311
target: 	 mrr: 0.031798	 ndcg_5: 0.0222	 ndcg_10: 0.0335	 hit@1:0.007666	 hit@5:0.0369	 hit@10: 0.0725
source best!
.............
source: 	 mrr: 0.027548	 ndcg_5: 0.0199	 ndcg_10: 0.0272	 hit@1:0.012270	 hit@5:0.0291	 hit@10: 0.0521
epoch 2: train_loss = 1.028903, source_hit@10 = 0.0521, source_ndcg@10 = 0.0272, target_hit@10 = 0.0725, target_ndcg@10 = 0.0335
new best model saved.

2024-08-07 00:50:14.555522: step 912/24320 (epoch 3/80), loss = 0.998556 (85.611 sec/epoch), lr: 0.004000
Evaluating on dev set...
...........................
source: 	 mrr: 0.019890	 ndcg_5: 0.0113	 ndcg_10: 0.0172	 hit@1:0.003621	 hit@5:0.0203	 hit@10: 0.0384
target: 	 mrr: 0.030992	 ndcg_5: 0.0217	 ndcg_10: 0.0328	 hit@1:0.007666	 hit@5:0.0362	 hit@10: 0.0704
source best!
.............
source: 	 mrr: 0.025270	 ndcg_5: 0.0179	 ndcg_10: 0.0249	 hit@1:0.005368	 hit@5:0.0307	 hit@10: 0.0529
epoch 3: train_loss = 0.998556, source_hit@10 = 0.0529, source_ndcg@10 = 0.0249, target_hit@10 = 0.0704, target_ndcg@10 = 0.0328
new best model saved.

2024-08-07 00:51:42.389305: step 1216/24320 (epoch 4/80), loss = 0.989391 (86.659 sec/epoch), lr: 0.004000
Evaluating on dev set...
...........................
source: 	 mrr: 0.028713	 ndcg_5: 0.0211	 ndcg_10: 0.0269	 hit@1:0.010138	 hit@5:0.0326	 hit@10: 0.0507
target: 	 mrr: 0.038901	 ndcg_5: 0.0310	 ndcg_10: 0.0412	 hit@1:0.011150	 hit@5:0.0509	 hit@10: 0.0829
source best!
.............
source: 	 mrr: 0.028583	 ndcg_5: 0.0214	 ndcg_10: 0.0285	 hit@1:0.008436	 hit@5:0.0353	 hit@10: 0.0575
target best!
..............target: 	 mrr: 0.035471	 ndcg_5: 0.0249	 ndcg_10: 0.0352	 hit@1:0.009602	 hit@5:0.0412	 hit@10: 0.0734
epoch 4: train_loss = 0.989391, source_hit@10 = 0.0575, source_ndcg@10 = 0.0285, target_hit@10 = 0.0734, target_ndcg@10 = 0.0352
new best model saved.

2024-08-07 00:53:09.766155: step 1520/24320 (epoch 5/80), loss = 0.965902 (85.773 sec/epoch), lr: 0.004000
Evaluating on dev set...
...........................
source: 	 mrr: 0.025005	 ndcg_5: 0.0134	 ndcg_10: 0.0224	 hit@1:0.002172	 hit@5:0.0261	 hit@10: 0.0543
target: 	 mrr: 0.039280	 ndcg_5: 0.0303	 ndcg_10: 0.0409	 hit@1:0.014634	 hit@5:0.0467	 hit@10: 0.0794
target best!
..............target: 	 mrr: 0.041462	 ndcg_5: 0.0341	 ndcg_10: 0.0422	 hit@1:0.013717	 hit@5:0.0535	 hit@10: 0.0789
epoch 5: train_loss = 0.965902, source_hit@10 = 0.0543, source_ndcg@10 = 0.0224, target_hit@10 = 0.0789, target_ndcg@10 = 0.0422
new best model saved.

2024-08-07 00:54:35.657110: step 1824/24320 (epoch 6/80), loss = 0.954806 (84.694 sec/epoch), lr: 0.004000
Evaluating on dev set...
...........................
source: 	 mrr: 0.019828	 ndcg_5: 0.0115	 ndcg_10: 0.0171	 hit@1:0.001448	 hit@5:0.0224	 hit@10: 0.0398
target: 	 mrr: 0.032967	 ndcg_5: 0.0259	 ndcg_10: 0.0344	 hit@1:0.007666	 hit@5:0.0453	 hit@10: 0.0718
epoch 6: train_loss = 0.954806, source_hit@10 = 0.0398, source_ndcg@10 = 0.0171, target_hit@10 = 0.0718, target_ndcg@10 = 0.0344

2024-08-07 00:56:01.170669: step 2128/24320 (epoch 7/80), loss = 0.950637 (84.777 sec/epoch), lr: 0.004000
Evaluating on dev set...
...........................
source: 	 mrr: 0.029038	 ndcg_5: 0.0203	 ndcg_10: 0.0280	 hit@1:0.007965	 hit@5:0.0326	 hit@10: 0.0565
target: 	 mrr: 0.033447	 ndcg_5: 0.0265	 ndcg_10: 0.0331	 hit@1:0.010453	 hit@5:0.0418	 hit@10: 0.0627
source best!
.............
source: 	 mrr: 0.025755	 ndcg_5: 0.0169	 ndcg_10: 0.0247	 hit@1:0.006135	 hit@5:0.0276	 hit@10: 0.0521
epoch 7: train_loss = 0.950637, source_hit@10 = 0.0521, source_ndcg@10 = 0.0247, target_hit@10 = 0.0627, target_ndcg@10 = 0.0331
new best model saved.

2024-08-07 00:57:28.631794: step 2432/24320 (epoch 8/80), loss = 0.943864 (86.263 sec/epoch), lr: 0.004000
Evaluating on dev set...
...........................
source: 	 mrr: 0.033775	 ndcg_5: 0.0215	 ndcg_10: 0.0326	 hit@1:0.010138	 hit@5:0.0340	 hit@10: 0.0688
target: 	 mrr: 0.042715	 ndcg_5: 0.0337	 ndcg_10: 0.0432	 hit@1:0.018118	 hit@5:0.0502	 hit@10: 0.0801
source best!
.............
source: 	 mrr: 0.037070	 ndcg_5: 0.0259	 ndcg_10: 0.0366	 hit@1:0.011503	 hit@5:0.0399	 hit@10: 0.0736
target best!
..............target: 	 mrr: 0.040200	 ndcg_5: 0.0305	 ndcg_10: 0.0438	 hit@1:0.010974	 hit@5:0.0487	 hit@10: 0.0898
epoch 8: train_loss = 0.943864, source_hit@10 = 0.0736, source_ndcg@10 = 0.0366, target_hit@10 = 0.0898, target_ndcg@10 = 0.0438
new best model saved.

2024-08-07 00:58:55.510878: step 2736/24320 (epoch 9/80), loss = 0.939993 (85.444 sec/epoch), lr: 0.004000
Evaluating on dev set...
...........................
source: 	 mrr: 0.033807	 ndcg_5: 0.0227	 ndcg_10: 0.0328	 hit@1:0.009413	 hit@5:0.0377	 hit@10: 0.0688
target: 	 mrr: 0.038710	 ndcg_5: 0.0298	 ndcg_10: 0.0426	 hit@1:0.009059	 hit@5:0.0516	 hit@10: 0.0920
source best!
.............
source: 	 mrr: 0.034565	 ndcg_5: 0.0252	 ndcg_10: 0.0354	 hit@1:0.009202	 hit@5:0.0414	 hit@10: 0.0736
epoch 9: train_loss = 0.939993, source_hit@10 = 0.0736, source_ndcg@10 = 0.0354, target_hit@10 = 0.0920, target_ndcg@10 = 0.0426
new best model saved.

2024-08-07 01:00:21.946395: step 3040/24320 (epoch 10/80), loss = 0.935508 (85.263 sec/epoch), lr: 0.004000
Evaluating on dev set...
...........................
source: 	 mrr: 0.034011	 ndcg_5: 0.0237	 ndcg_10: 0.0336	 hit@1:0.005069	 hit@5:0.0413	 hit@10: 0.0724
target: 	 mrr: 0.035265	 ndcg_5: 0.0251	 ndcg_10: 0.0345	 hit@1:0.009059	 hit@5:0.0411	 hit@10: 0.0704
source best!
.............
source: 	 mrr: 0.033348	 ndcg_5: 0.0236	 ndcg_10: 0.0334	 hit@1:0.004601	 hit@5:0.0429	 hit@10: 0.0729
epoch 10: train_loss = 0.935508, source_hit@10 = 0.0729, source_ndcg@10 = 0.0334, target_hit@10 = 0.0704, target_ndcg@10 = 0.0345
new best model saved.

2024-08-07 01:01:48.978964: step 3344/24320 (epoch 11/80), loss = 0.933721 (85.916 sec/epoch), lr: 0.004000
Evaluating on dev set...
...........................
source: 	 mrr: 0.026151	 ndcg_5: 0.0150	 ndcg_10: 0.0234	 hit@1:0.002896	 hit@5:0.0282	 hit@10: 0.0543
target: 	 mrr: 0.039272	 ndcg_5: 0.0285	 ndcg_10: 0.0392	 hit@1:0.013937	 hit@5:0.0418	 hit@10: 0.0753
epoch 11: train_loss = 0.933721, source_hit@10 = 0.0543, source_ndcg@10 = 0.0234, target_hit@10 = 0.0753, target_ndcg@10 = 0.0392

2024-08-07 01:03:15.486343: step 3648/24320 (epoch 12/80), loss = 0.928772 (85.824 sec/epoch), lr: 0.003800
Evaluating on dev set...
...........................
source: 	 mrr: 0.036256	 ndcg_5: 0.0259	 ndcg_10: 0.0351	 hit@1:0.011586	 hit@5:0.0391	 hit@10: 0.0681
target: 	 mrr: 0.042937	 ndcg_5: 0.0339	 ndcg_10: 0.0437	 hit@1:0.018815	 hit@5:0.0502	 hit@10: 0.0808
source best!
.............
source: 	 mrr: 0.032721	 ndcg_5: 0.0235	 ndcg_10: 0.0324	 hit@1:0.007669	 hit@5:0.0406	 hit@10: 0.0683
target best!
..............target: 	 mrr: 0.040256	 ndcg_5: 0.0300	 ndcg_10: 0.0410	 hit@1:0.013717	 hit@5:0.0453	 hit@10: 0.0789
epoch 12: train_loss = 0.928772, source_hit@10 = 0.0683, source_ndcg@10 = 0.0324, target_hit@10 = 0.0789, target_ndcg@10 = 0.0410
new best model saved.

2024-08-07 01:04:41.147707: step 3952/24320 (epoch 13/80), loss = 0.924871 (84.315 sec/epoch), lr: 0.003800
Evaluating on dev set...
...........................
source: 	 mrr: 0.032310	 ndcg_5: 0.0239	 ndcg_10: 0.0315	 hit@1:0.008689	 hit@5:0.0384	 hit@10: 0.0615
target: 	 mrr: 0.043476	 ndcg_5: 0.0334	 ndcg_10: 0.0442	 hit@1:0.017422	 hit@5:0.0481	 hit@10: 0.0815
target best!
..............target: 	 mrr: 0.042191	 ndcg_5: 0.0296	 ndcg_10: 0.0425	 hit@1:0.014403	 hit@5:0.0439	 hit@10: 0.0837
epoch 13: train_loss = 0.924871, source_hit@10 = 0.0615, source_ndcg@10 = 0.0315, target_hit@10 = 0.0837, target_ndcg@10 = 0.0425
new best model saved.

2024-08-07 01:06:08.026378: step 4256/24320 (epoch 14/80), loss = 0.921571 (85.688 sec/epoch), lr: 0.003610
Evaluating on dev set...
...........................
source: 	 mrr: 0.033706	 ndcg_5: 0.0236	 ndcg_10: 0.0329	 hit@1:0.006517	 hit@5:0.0406	 hit@10: 0.0702
target: 	 mrr: 0.039467	 ndcg_5: 0.0284	 ndcg_10: 0.0411	 hit@1:0.011847	 hit@5:0.0432	 hit@10: 0.0829
epoch 14: train_loss = 0.921571, source_hit@10 = 0.0702, source_ndcg@10 = 0.0329, target_hit@10 = 0.0829, target_ndcg@10 = 0.0411

2024-08-07 01:07:34.523140: step 4560/24320 (epoch 15/80), loss = 0.917507 (85.715 sec/epoch), lr: 0.003429
Evaluating on dev set...
...........................
source: 	 mrr: 0.031603	 ndcg_5: 0.0217	 ndcg_10: 0.0293	 hit@1:0.008689	 hit@5:0.0355	 hit@10: 0.0594
target: 	 mrr: 0.040115	 ndcg_5: 0.0289	 ndcg_10: 0.0398	 hit@1:0.011150	 hit@5:0.0453	 hit@10: 0.0801
epoch 15: train_loss = 0.917507, source_hit@10 = 0.0594, source_ndcg@10 = 0.0293, target_hit@10 = 0.0801, target_ndcg@10 = 0.0398

2024-08-07 01:09:00.384133: step 4864/24320 (epoch 16/80), loss = 0.914845 (85.117 sec/epoch), lr: 0.003258
Evaluating on dev set...
...........................
source: 	 mrr: 0.034011	 ndcg_5: 0.0219	 ndcg_10: 0.0304	 hit@1:0.010138	 hit@5:0.0348	 hit@10: 0.0615
target: 	 mrr: 0.034379	 ndcg_5: 0.0244	 ndcg_10: 0.0355	 hit@1:0.007666	 hit@5:0.0418	 hit@10: 0.0767
epoch 16: train_loss = 0.914845, source_hit@10 = 0.0615, source_ndcg@10 = 0.0304, target_hit@10 = 0.0767, target_ndcg@10 = 0.0355

2024-08-07 01:10:26.688541: step 5168/24320 (epoch 17/80), loss = 0.910997 (85.612 sec/epoch), lr: 0.003095
Evaluating on dev set...
...........................
source: 	 mrr: 0.028249	 ndcg_5: 0.0170	 ndcg_10: 0.0258	 hit@1:0.005793	 hit@5:0.0290	 hit@10: 0.0565
target: 	 mrr: 0.038256	 ndcg_5: 0.0293	 ndcg_10: 0.0405	 hit@1:0.011847	 hit@5:0.0474	 hit@10: 0.0822
epoch 17: train_loss = 0.910997, source_hit@10 = 0.0565, source_ndcg@10 = 0.0258, target_hit@10 = 0.0822, target_ndcg@10 = 0.0405

2024-08-07 01:11:52.192776: step 5472/24320 (epoch 18/80), loss = 0.908408 (84.749 sec/epoch), lr: 0.002940
Evaluating on dev set...
...........................
source: 	 mrr: 0.037843	 ndcg_5: 0.0264	 ndcg_10: 0.0359	 hit@1:0.012310	 hit@5:0.0406	 hit@10: 0.0695
target: 	 mrr: 0.031669	 ndcg_5: 0.0235	 ndcg_10: 0.0329	 hit@1:0.005575	 hit@5:0.0418	 hit@10: 0.0711
source best!
.............
source: 	 mrr: 0.035125	 ndcg_5: 0.0255	 ndcg_10: 0.0354	 hit@1:0.007669	 hit@5:0.0445	 hit@10: 0.0752
epoch 18: train_loss = 0.908408, source_hit@10 = 0.0752, source_ndcg@10 = 0.0354, target_hit@10 = 0.0711, target_ndcg@10 = 0.0329
new best model saved.

2024-08-07 01:13:19.006663: step 5776/24320 (epoch 19/80), loss = 0.906453 (85.623 sec/epoch), lr: 0.002940
Evaluating on dev set...
...........................
source: 	 mrr: 0.023300	 ndcg_5: 0.0105	 ndcg_10: 0.0167	 hit@1:0.002896	 hit@5:0.0174	 hit@10: 0.0369
target: 	 mrr: 0.037585	 ndcg_5: 0.0266	 ndcg_10: 0.0423	 hit@1:0.010453	 hit@5:0.0446	 hit@10: 0.0934
epoch 19: train_loss = 0.906453, source_hit@10 = 0.0369, source_ndcg@10 = 0.0167, target_hit@10 = 0.0934, target_ndcg@10 = 0.0423

2024-08-07 01:14:46.362178: step 6080/24320 (epoch 20/80), loss = 0.902154 (86.635 sec/epoch), lr: 0.002793
Evaluating on dev set...
...........................
source: 	 mrr: 0.038103	 ndcg_5: 0.0254	 ndcg_10: 0.0384	 hit@1:0.010862	 hit@5:0.0413	 hit@10: 0.0818
target: 	 mrr: 0.037917	 ndcg_5: 0.0271	 ndcg_10: 0.0393	 hit@1:0.012544	 hit@5:0.0446	 hit@10: 0.0815
source best!
.............
source: 	 mrr: 0.036990	 ndcg_5: 0.0247	 ndcg_10: 0.0366	 hit@1:0.009969	 hit@5:0.0399	 hit@10: 0.0767
epoch 20: train_loss = 0.902154, source_hit@10 = 0.0767, source_ndcg@10 = 0.0366, target_hit@10 = 0.0815, target_ndcg@10 = 0.0393
new best model saved.

2024-08-07 01:16:12.965273: step 6384/24320 (epoch 21/80), loss = 0.900984 (85.540 sec/epoch), lr: 0.002793
Evaluating on dev set...
...........................
source: 	 mrr: 0.037997	 ndcg_5: 0.0270	 ndcg_10: 0.0380	 hit@1:0.012310	 hit@5:0.0427	 hit@10: 0.0775
target: 	 mrr: 0.037550	 ndcg_5: 0.0281	 ndcg_10: 0.0393	 hit@1:0.007666	 hit@5:0.0488	 hit@10: 0.0836
epoch 21: train_loss = 0.900984, source_hit@10 = 0.0775, source_ndcg@10 = 0.0380, target_hit@10 = 0.0836, target_ndcg@10 = 0.0393

2024-08-07 01:17:38.845443: step 6688/24320 (epoch 22/80), loss = 0.898815 (85.113 sec/epoch), lr: 0.002654
Evaluating on dev set...
...........................
source: 	 mrr: 0.038810	 ndcg_5: 0.0286	 ndcg_10: 0.0382	 hit@1:0.010138	 hit@5:0.0478	 hit@10: 0.0782
target: 	 mrr: 0.037117	 ndcg_5: 0.0276	 ndcg_10: 0.0394	 hit@1:0.009756	 hit@5:0.0467	 hit@10: 0.0843
source best!
.............
source: 	 mrr: 0.036810	 ndcg_5: 0.0231	 ndcg_10: 0.0366	 hit@1:0.007669	 hit@5:0.0383	 hit@10: 0.0805
epoch 22: train_loss = 0.898815, source_hit@10 = 0.0805, source_ndcg@10 = 0.0366, target_hit@10 = 0.0843, target_ndcg@10 = 0.0394
new best model saved.

2024-08-07 01:19:05.656670: step 6992/24320 (epoch 23/80), loss = 0.897546 (85.648 sec/epoch), lr: 0.002654
Evaluating on dev set...
...........................
source: 	 mrr: 0.036824	 ndcg_5: 0.0245	 ndcg_10: 0.0367	 hit@1:0.009413	 hit@5:0.0406	 hit@10: 0.0789
target: 	 mrr: 0.025599	 ndcg_5: 0.0159	 ndcg_10: 0.0240	 hit@1:0.005575	 hit@5:0.0272	 hit@10: 0.0516
epoch 23: train_loss = 0.897546, source_hit@10 = 0.0789, source_ndcg@10 = 0.0367, target_hit@10 = 0.0516, target_ndcg@10 = 0.0240

2024-08-07 01:20:32.296191: step 7296/24320 (epoch 24/80), loss = 0.895295 (85.841 sec/epoch), lr: 0.002521
Evaluating on dev set...
...........................
source: 	 mrr: 0.023308	 ndcg_5: 0.0161	 ndcg_10: 0.0220	 hit@1:0.004345	 hit@5:0.0282	 hit@10: 0.0463
target: 	 mrr: 0.050703	 ndcg_5: 0.0438	 ndcg_10: 0.0542	 hit@1:0.022300	 hit@5:0.0662	 hit@10: 0.0990
target best!
..............target: 	 mrr: 0.042552	 ndcg_5: 0.0330	 ndcg_10: 0.0440	 hit@1:0.013717	 hit@5:0.0535	 hit@10: 0.0871
epoch 24: train_loss = 0.895295, source_hit@10 = 0.0463, source_ndcg@10 = 0.0220, target_hit@10 = 0.0871, target_ndcg@10 = 0.0440
new best model saved.

2024-08-07 01:21:59.116538: step 7600/24320 (epoch 25/80), loss = 0.893115 (85.612 sec/epoch), lr: 0.002521
Evaluating on dev set...
...........................
source: 	 mrr: 0.035165	 ndcg_5: 0.0231	 ndcg_10: 0.0352	 hit@1:0.010138	 hit@5:0.0369	 hit@10: 0.0739
target: 	 mrr: 0.038408	 ndcg_5: 0.0283	 ndcg_10: 0.0404	 hit@1:0.009756	 hit@5:0.0474	 hit@10: 0.0850
epoch 25: train_loss = 0.893115, source_hit@10 = 0.0739, source_ndcg@10 = 0.0352, target_hit@10 = 0.0850, target_ndcg@10 = 0.0404

2024-08-07 01:23:26.226759: step 7904/24320 (epoch 26/80), loss = 0.890878 (86.381 sec/epoch), lr: 0.002395
Evaluating on dev set...
...........................
source: 	 mrr: 0.029959	 ndcg_5: 0.0205	 ndcg_10: 0.0277	 hit@1:0.007241	 hit@5:0.0333	 hit@10: 0.0565
target: 	 mrr: 0.039148	 ndcg_5: 0.0276	 ndcg_10: 0.0421	 hit@1:0.009756	 hit@5:0.0460	 hit@10: 0.0920
epoch 26: train_loss = 0.890878, source_hit@10 = 0.0565, source_ndcg@10 = 0.0277, target_hit@10 = 0.0920, target_ndcg@10 = 0.0421

2024-08-07 01:24:51.533821: step 8208/24320 (epoch 27/80), loss = 0.890147 (84.662 sec/epoch), lr: 0.002275
Evaluating on dev set...
...........................
source: 	 mrr: 0.019073	 ndcg_5: 0.0123	 ndcg_10: 0.0178	 hit@1:0.002172	 hit@5:0.0224	 hit@10: 0.0398
target: 	 mrr: 0.044328	 ndcg_5: 0.0339	 ndcg_10: 0.0470	 hit@1:0.016028	 hit@5:0.0516	 hit@10: 0.0927
epoch 27: train_loss = 0.890147, source_hit@10 = 0.0398, source_ndcg@10 = 0.0178, target_hit@10 = 0.0927, target_ndcg@10 = 0.0470

2024-08-07 01:26:18.053384: step 8512/24320 (epoch 28/80), loss = 0.884732 (85.747 sec/epoch), lr: 0.002161
Evaluating on dev set...
...........................
source: 	 mrr: 0.041317	 ndcg_5: 0.0295	 ndcg_10: 0.0417	 hit@1:0.013758	 hit@5:0.0456	 hit@10: 0.0840
target: 	 mrr: 0.039130	 ndcg_5: 0.0300	 ndcg_10: 0.0417	 hit@1:0.009756	 hit@5:0.0530	 hit@10: 0.0892
source best!
.............
source: 	 mrr: 0.032764	 ndcg_5: 0.0194	 ndcg_10: 0.0308	 hit@1:0.006902	 hit@5:0.0322	 hit@10: 0.0683
epoch 28: train_loss = 0.884732, source_hit@10 = 0.0683, source_ndcg@10 = 0.0308, target_hit@10 = 0.0892, target_ndcg@10 = 0.0417
new best model saved.

2024-08-07 01:27:46.964175: step 8816/24320 (epoch 29/80), loss = 0.885688 (87.789 sec/epoch), lr: 0.002161
Evaluating on dev set...
...........................
source: 	 mrr: 0.039704	 ndcg_5: 0.0297	 ndcg_10: 0.0373	 hit@1:0.015206	 hit@5:0.0434	 hit@10: 0.0673
target: 	 mrr: 0.046174	 ndcg_5: 0.0381	 ndcg_10: 0.0488	 hit@1:0.012544	 hit@5:0.0627	 hit@10: 0.0962
epoch 29: train_loss = 0.885688, source_hit@10 = 0.0673, source_ndcg@10 = 0.0373, target_hit@10 = 0.0962, target_ndcg@10 = 0.0488

2024-08-07 01:29:13.846315: step 9120/24320 (epoch 30/80), loss = 0.884515 (86.125 sec/epoch), lr: 0.002161
Evaluating on dev set...
...........................
source: 	 mrr: 0.037720	 ndcg_5: 0.0269	 ndcg_10: 0.0382	 hit@1:0.010862	 hit@5:0.0449	 hit@10: 0.0804
target: 	 mrr: 0.045035	 ndcg_5: 0.0346	 ndcg_10: 0.0489	 hit@1:0.014634	 hit@5:0.0557	 hit@10: 0.1003
epoch 30: train_loss = 0.884515, source_hit@10 = 0.0804, source_ndcg@10 = 0.0382, target_hit@10 = 0.1003, target_ndcg@10 = 0.0489
shift to transfer learning mode

2024-08-07 01:30:45.895640: step 9424/24320 (epoch 31/80), loss = 0.881433 (91.264 sec/epoch), lr: 0.002053
Evaluating on dev set...
...........................
source: 	 mrr: 0.032505	 ndcg_5: 0.0210	 ndcg_10: 0.0326	 hit@1:0.007965	 hit@5:0.0340	 hit@10: 0.0695
target: 	 mrr: 0.043116	 ndcg_5: 0.0333	 ndcg_10: 0.0462	 hit@1:0.013240	 hit@5:0.0537	 hit@10: 0.0934
epoch 31: train_loss = 0.881433, source_hit@10 = 0.0695, source_ndcg@10 = 0.0326, target_hit@10 = 0.0934, target_ndcg@10 = 0.0462

2024-08-07 01:32:14.856633: step 9728/24320 (epoch 32/80), loss = 0.880148 (88.158 sec/epoch), lr: 0.001951
Evaluating on dev set...
...........................
source: 	 mrr: 0.030885	 ndcg_5: 0.0206	 ndcg_10: 0.0282	 hit@1:0.006517	 hit@5:0.0348	 hit@10: 0.0587
target: 	 mrr: 0.043331	 ndcg_5: 0.0331	 ndcg_10: 0.0479	 hit@1:0.011847	 hit@5:0.0551	 hit@10: 0.1010
epoch 32: train_loss = 0.880148, source_hit@10 = 0.0587, source_ndcg@10 = 0.0282, target_hit@10 = 0.1010, target_ndcg@10 = 0.0479

2024-08-07 01:33:43.553261: step 10032/24320 (epoch 33/80), loss = 0.876762 (87.979 sec/epoch), lr: 0.001853
Evaluating on dev set...
...........................
source: 	 mrr: 0.030356	 ndcg_5: 0.0196	 ndcg_10: 0.0273	 hit@1:0.005793	 hit@5:0.0333	 hit@10: 0.0572
target: 	 mrr: 0.048551	 ndcg_5: 0.0401	 ndcg_10: 0.0539	 hit@1:0.016028	 hit@5:0.0648	 hit@10: 0.1080
epoch 33: train_loss = 0.876762, source_hit@10 = 0.0572, source_ndcg@10 = 0.0273, target_hit@10 = 0.1080, target_ndcg@10 = 0.0539

2024-08-07 01:35:12.225958: step 10336/24320 (epoch 34/80), loss = 0.873823 (87.950 sec/epoch), lr: 0.001853
Evaluating on dev set...
...........................
source: 	 mrr: 0.040244	 ndcg_5: 0.0306	 ndcg_10: 0.0419	 hit@1:0.010862	 hit@5:0.0529	 hit@10: 0.0883
target: 	 mrr: 0.054770	 ndcg_5: 0.0438	 ndcg_10: 0.0548	 hit@1:0.027178	 hit@5:0.0585	 hit@10: 0.0927
target best!
..............target: 	 mrr: 0.049733	 ndcg_5: 0.0404	 ndcg_10: 0.0534	 hit@1:0.016461	 hit@5:0.0631	 hit@10: 0.1036
epoch 34: train_loss = 0.873823, source_hit@10 = 0.0883, source_ndcg@10 = 0.0419, target_hit@10 = 0.1036, target_ndcg@10 = 0.0534
new best model saved.

2024-08-07 01:36:38.843658: step 10640/24320 (epoch 35/80), loss = 0.872492 (85.364 sec/epoch), lr: 0.001853
Evaluating on dev set...
...........................
source: 	 mrr: 0.030005	 ndcg_5: 0.0209	 ndcg_10: 0.0273	 hit@1:0.007241	 hit@5:0.0355	 hit@10: 0.0550
target: 	 mrr: 0.045846	 ndcg_5: 0.0369	 ndcg_10: 0.0471	 hit@1:0.018815	 hit@5:0.0564	 hit@10: 0.0885
epoch 35: train_loss = 0.872492, source_hit@10 = 0.0550, source_ndcg@10 = 0.0273, target_hit@10 = 0.0885, target_ndcg@10 = 0.0471

2024-08-07 01:38:11.034936: step 10944/24320 (epoch 36/80), loss = 0.870855 (91.464 sec/epoch), lr: 0.001761
Evaluating on dev set...
...........................
source: 	 mrr: 0.036953	 ndcg_5: 0.0279	 ndcg_10: 0.0373	 hit@1:0.007965	 hit@5:0.0485	 hit@10: 0.0782
target: 	 mrr: 0.041361	 ndcg_5: 0.0316	 ndcg_10: 0.0429	 hit@1:0.013240	 hit@5:0.0509	 hit@10: 0.0857
epoch 36: train_loss = 0.870855, source_hit@10 = 0.0782, source_ndcg@10 = 0.0373, target_hit@10 = 0.0857, target_ndcg@10 = 0.0429

2024-08-07 01:39:37.995808: step 11248/24320 (epoch 37/80), loss = 0.869264 (86.218 sec/epoch), lr: 0.001761
Evaluating on dev set...
...........................
source: 	 mrr: 0.038411	 ndcg_5: 0.0278	 ndcg_10: 0.0373	 hit@1:0.013758	 hit@5:0.0427	 hit@10: 0.0724
target: 	 mrr: 0.048747	 ndcg_5: 0.0402	 ndcg_10: 0.0502	 hit@1:0.016725	 hit@5:0.0641	 hit@10: 0.0948
epoch 37: train_loss = 0.869264, source_hit@10 = 0.0724, source_ndcg@10 = 0.0373, target_hit@10 = 0.0948, target_ndcg@10 = 0.0502

2024-08-07 01:41:08.536179: step 11552/24320 (epoch 38/80), loss = 0.866294 (89.772 sec/epoch), lr: 0.001761
Evaluating on dev set...
...........................
source: 	 mrr: 0.039559	 ndcg_5: 0.0276	 ndcg_10: 0.0392	 hit@1:0.012310	 hit@5:0.0434	 hit@10: 0.0804
target: 	 mrr: 0.048040	 ndcg_5: 0.0398	 ndcg_10: 0.0537	 hit@1:0.015331	 hit@5:0.0641	 hit@10: 0.1073
epoch 38: train_loss = 0.866294, source_hit@10 = 0.0804, source_ndcg@10 = 0.0392, target_hit@10 = 0.1073, target_ndcg@10 = 0.0537

2024-08-07 01:42:38.885492: step 11856/24320 (epoch 39/80), loss = 0.865020 (89.586 sec/epoch), lr: 0.001761
Evaluating on dev set...
...........................
source: 	 mrr: 0.039953	 ndcg_5: 0.0301	 ndcg_10: 0.0399	 hit@1:0.010862	 hit@5:0.0507	 hit@10: 0.0811
target: 	 mrr: 0.049065	 ndcg_5: 0.0416	 ndcg_10: 0.0557	 hit@1:0.014634	 hit@5:0.0697	 hit@10: 0.1136
epoch 39: train_loss = 0.865020, source_hit@10 = 0.0811, source_ndcg@10 = 0.0399, target_hit@10 = 0.1136, target_ndcg@10 = 0.0557

2024-08-07 01:44:06.540326: step 12160/24320 (epoch 40/80), loss = 0.865968 (86.863 sec/epoch), lr: 0.001761
Evaluating on dev set...
...........................
source: 	 mrr: 0.039044	 ndcg_5: 0.0292	 ndcg_10: 0.0386	 hit@1:0.010138	 hit@5:0.0471	 hit@10: 0.0760
target: 	 mrr: 0.048442	 ndcg_5: 0.0411	 ndcg_10: 0.0562	 hit@1:0.011150	 hit@5:0.0718	 hit@10: 0.1192
epoch 40: train_loss = 0.865968, source_hit@10 = 0.0760, source_ndcg@10 = 0.0386, target_hit@10 = 0.1192, target_ndcg@10 = 0.0562

2024-08-07 01:45:35.813379: step 12464/24320 (epoch 41/80), loss = 0.862625 (88.516 sec/epoch), lr: 0.001672
Evaluating on dev set...
...........................
source: 	 mrr: 0.013411	 ndcg_5: 0.0067	 ndcg_10: 0.0105	 hit@1:0.002172	 hit@5:0.0116	 hit@10: 0.0239
target: 	 mrr: 0.052670	 ndcg_5: 0.0436	 ndcg_10: 0.0581	 hit@1:0.016028	 hit@5:0.0697	 hit@10: 0.1143
epoch 41: train_loss = 0.862625, source_hit@10 = 0.0239, source_ndcg@10 = 0.0105, target_hit@10 = 0.1143, target_ndcg@10 = 0.0581

2024-08-07 01:47:06.121278: step 12768/24320 (epoch 42/80), loss = 0.861287 (89.575 sec/epoch), lr: 0.001589
Evaluating on dev set...
...........................
source: 	 mrr: 0.042561	 ndcg_5: 0.0326	 ndcg_10: 0.0431	 hit@1:0.013758	 hit@5:0.0514	 hit@10: 0.0840
target: 	 mrr: 0.053199	 ndcg_5: 0.0461	 ndcg_10: 0.0596	 hit@1:0.018118	 hit@5:0.0753	 hit@10: 0.1171
source best!
.............
source: 	 mrr: 0.039179	 ndcg_5: 0.0294	 ndcg_10: 0.0375	 hit@1:0.013804	 hit@5:0.0445	 hit@10: 0.0698
epoch 42: train_loss = 0.861287, source_hit@10 = 0.0698, source_ndcg@10 = 0.0375, target_hit@10 = 0.1171, target_ndcg@10 = 0.0596
new best model saved.

2024-08-07 01:48:37.583310: step 13072/24320 (epoch 43/80), loss = 0.859602 (90.398 sec/epoch), lr: 0.001589
Evaluating on dev set...
...........................
source: 	 mrr: 0.045800	 ndcg_5: 0.0369	 ndcg_10: 0.0467	 hit@1:0.020999	 hit@5:0.0536	 hit@10: 0.0833
target: 	 mrr: 0.049757	 ndcg_5: 0.0443	 ndcg_10: 0.0547	 hit@1:0.014634	 hit@5:0.0760	 hit@10: 0.1087
source best!
.............
source: 	 mrr: 0.035002	 ndcg_5: 0.0242	 ndcg_10: 0.0329	 hit@1:0.012270	 hit@5:0.0360	 hit@10: 0.0637
epoch 43: train_loss = 0.859602, source_hit@10 = 0.0637, source_ndcg@10 = 0.0329, target_hit@10 = 0.1087, target_ndcg@10 = 0.0547
new best model saved.

2024-08-07 01:50:07.417033: step 13376/24320 (epoch 44/80), loss = 0.857549 (88.692 sec/epoch), lr: 0.001509
Evaluating on dev set...
...........................
source: 	 mrr: 0.046804	 ndcg_5: 0.0355	 ndcg_10: 0.0491	 hit@1:0.017379	 hit@5:0.0529	 hit@10: 0.0956
target: 	 mrr: 0.052322	 ndcg_5: 0.0432	 ndcg_10: 0.0573	 hit@1:0.016028	 hit@5:0.0690	 hit@10: 0.1129
source best!
.............
source: 	 mrr: 0.038906	 ndcg_5: 0.0277	 ndcg_10: 0.0382	 hit@1:0.011503	 hit@5:0.0452	 hit@10: 0.0782
epoch 44: train_loss = 0.857549, source_hit@10 = 0.0782, source_ndcg@10 = 0.0382, target_hit@10 = 0.1129, target_ndcg@10 = 0.0573
new best model saved.

2024-08-07 01:51:36.996052: step 13680/24320 (epoch 45/80), loss = 0.856988 (88.189 sec/epoch), lr: 0.001509
Evaluating on dev set...
...........................
source: 	 mrr: 0.037597	 ndcg_5: 0.0279	 ndcg_10: 0.0371	 hit@1:0.012310	 hit@5:0.0427	 hit@10: 0.0710
target: 	 mrr: 0.049558	 ndcg_5: 0.0419	 ndcg_10: 0.0557	 hit@1:0.012544	 hit@5:0.0690	 hit@10: 0.1115
epoch 45: train_loss = 0.856988, source_hit@10 = 0.0710, source_ndcg@10 = 0.0371, target_hit@10 = 0.1115, target_ndcg@10 = 0.0557

2024-08-07 01:53:06.151445: step 13984/24320 (epoch 46/80), loss = 0.854689 (88.403 sec/epoch), lr: 0.001434
Evaluating on dev set...
...........................
source: 	 mrr: 0.041080	 ndcg_5: 0.0294	 ndcg_10: 0.0416	 hit@1:0.011586	 hit@5:0.0471	 hit@10: 0.0847
target: 	 mrr: 0.056132	 ndcg_5: 0.0486	 ndcg_10: 0.0612	 hit@1:0.021603	 hit@5:0.0753	 hit@10: 0.1143
target best!
..............target: 	 mrr: 0.054769	 ndcg_5: 0.0460	 ndcg_10: 0.0590	 hit@1:0.019890	 hit@5:0.0706	 hit@10: 0.1104
epoch 46: train_loss = 0.854689, source_hit@10 = 0.0847, source_ndcg@10 = 0.0416, target_hit@10 = 0.1104, target_ndcg@10 = 0.0590
new best model saved.

2024-08-07 01:54:37.570245: step 14288/24320 (epoch 47/80), loss = 0.854512 (89.321 sec/epoch), lr: 0.001434
Evaluating on dev set...
...........................
source: 	 mrr: 0.038878	 ndcg_5: 0.0283	 ndcg_10: 0.0391	 hit@1:0.013034	 hit@5:0.0449	 hit@10: 0.0789
target: 	 mrr: 0.051032	 ndcg_5: 0.0424	 ndcg_10: 0.0569	 hit@1:0.015331	 hit@5:0.0697	 hit@10: 0.1143
epoch 47: train_loss = 0.854512, source_hit@10 = 0.0789, source_ndcg@10 = 0.0391, target_hit@10 = 0.1143, target_ndcg@10 = 0.0569

2024-08-07 01:56:05.522512: step 14592/24320 (epoch 48/80), loss = 0.852403 (87.200 sec/epoch), lr: 0.001362
Evaluating on dev set...
...........................
source: 	 mrr: 0.045067	 ndcg_5: 0.0329	 ndcg_10: 0.0457	 hit@1:0.014482	 hit@5:0.0507	 hit@10: 0.0912
target: 	 mrr: 0.050939	 ndcg_5: 0.0445	 ndcg_10: 0.0564	 hit@1:0.014634	 hit@5:0.0739	 hit@10: 0.1108
epoch 48: train_loss = 0.852403, source_hit@10 = 0.0912, source_ndcg@10 = 0.0457, target_hit@10 = 0.1108, target_ndcg@10 = 0.0564

2024-08-07 01:57:33.098143: step 14896/24320 (epoch 49/80), loss = 0.850326 (86.904 sec/epoch), lr: 0.001362
Evaluating on dev set...
...........................
source: 	 mrr: 0.042544	 ndcg_5: 0.0308	 ndcg_10: 0.0409	 hit@1:0.015930	 hit@5:0.0449	 hit@10: 0.0768
target: 	 mrr: 0.051729	 ndcg_5: 0.0430	 ndcg_10: 0.0572	 hit@1:0.016028	 hit@5:0.0690	 hit@10: 0.1129
epoch 49: train_loss = 0.850326, source_hit@10 = 0.0768, source_ndcg@10 = 0.0409, target_hit@10 = 0.1129, target_ndcg@10 = 0.0572

2024-08-07 01:59:01.696098: step 15200/24320 (epoch 50/80), loss = 0.849594 (87.877 sec/epoch), lr: 0.001294
Evaluating on dev set...
...........................
source: 	 mrr: 0.039142	 ndcg_5: 0.0271	 ndcg_10: 0.0400	 hit@1:0.008689	 hit@5:0.0471	 hit@10: 0.0876
target: 	 mrr: 0.053410	 ndcg_5: 0.0463	 ndcg_10: 0.0593	 hit@1:0.018118	 hit@5:0.0739	 hit@10: 0.1150
epoch 50: train_loss = 0.849594, source_hit@10 = 0.0876, source_ndcg@10 = 0.0400, target_hit@10 = 0.1150, target_ndcg@10 = 0.0593

2024-08-07 02:00:32.766989: step 15504/24320 (epoch 51/80), loss = 0.845815 (90.296 sec/epoch), lr: 0.001229
Evaluating on dev set...
...........................
source: 	 mrr: 0.040270	 ndcg_5: 0.0258	 ndcg_10: 0.0414	 hit@1:0.010862	 hit@5:0.0406	 hit@10: 0.0891
target: 	 mrr: 0.047987	 ndcg_5: 0.0406	 ndcg_10: 0.0534	 hit@1:0.012544	 hit@5:0.0704	 hit@10: 0.1101
epoch 51: train_loss = 0.845815, source_hit@10 = 0.0891, source_ndcg@10 = 0.0414, target_hit@10 = 0.1101, target_ndcg@10 = 0.0534

2024-08-07 02:02:01.641890: step 15808/24320 (epoch 52/80), loss = 0.844125 (87.990 sec/epoch), lr: 0.001168
Evaluating on dev set...
...........................
source: 	 mrr: 0.032528	 ndcg_5: 0.0204	 ndcg_10: 0.0317	 hit@1:0.005069	 hit@5:0.0348	 hit@10: 0.0702
target: 	 mrr: 0.054484	 ndcg_5: 0.0460	 ndcg_10: 0.0591	 hit@1:0.018118	 hit@5:0.0739	 hit@10: 0.1143
epoch 52: train_loss = 0.844125, source_hit@10 = 0.0702, source_ndcg@10 = 0.0317, target_hit@10 = 0.1143, target_ndcg@10 = 0.0591

2024-08-07 02:03:32.658865: step 16112/24320 (epoch 53/80), loss = 0.841997 (90.308 sec/epoch), lr: 0.001110
Evaluating on dev set...
...........................
source: 	 mrr: 0.040463	 ndcg_5: 0.0293	 ndcg_10: 0.0407	 hit@1:0.011586	 hit@5:0.0463	 hit@10: 0.0818
target: 	 mrr: 0.049049	 ndcg_5: 0.0393	 ndcg_10: 0.0528	 hit@1:0.018815	 hit@5:0.0613	 hit@10: 0.1038
epoch 53: train_loss = 0.841997, source_hit@10 = 0.0818, source_ndcg@10 = 0.0407, target_hit@10 = 0.1038, target_ndcg@10 = 0.0528

2024-08-07 02:05:00.898483: step 16416/24320 (epoch 54/80), loss = 0.838684 (87.444 sec/epoch), lr: 0.001110
Evaluating on dev set...
...........................
source: 	 mrr: 0.042766	 ndcg_5: 0.0295	 ndcg_10: 0.0426	 hit@1:0.015206	 hit@5:0.0456	 hit@10: 0.0862
target: 	 mrr: 0.055845	 ndcg_5: 0.0465	 ndcg_10: 0.0647	 hit@1:0.018815	 hit@5:0.0732	 hit@10: 0.1303
epoch 54: train_loss = 0.838684, source_hit@10 = 0.0862, source_ndcg@10 = 0.0426, target_hit@10 = 0.1303, target_ndcg@10 = 0.0647

2024-08-07 02:06:29.780843: step 16720/24320 (epoch 55/80), loss = 0.839067 (88.104 sec/epoch), lr: 0.001110
Evaluating on dev set...
...........................
source: 	 mrr: 0.036717	 ndcg_5: 0.0250	 ndcg_10: 0.0369	 hit@1:0.008689	 hit@5:0.0427	 hit@10: 0.0797
target: 	 mrr: 0.047250	 ndcg_5: 0.0392	 ndcg_10: 0.0513	 hit@1:0.015331	 hit@5:0.0641	 hit@10: 0.1024
epoch 55: train_loss = 0.839067, source_hit@10 = 0.0797, source_ndcg@10 = 0.0369, target_hit@10 = 0.1024, target_ndcg@10 = 0.0513

2024-08-07 02:07:59.557470: step 17024/24320 (epoch 56/80), loss = 0.836922 (89.074 sec/epoch), lr: 0.001054
Evaluating on dev set...
...........................
source: 	 mrr: 0.039404	 ndcg_5: 0.0263	 ndcg_10: 0.0381	 hit@1:0.008689	 hit@5:0.0434	 hit@10: 0.0804
target: 	 mrr: 0.049894	 ndcg_5: 0.0403	 ndcg_10: 0.0526	 hit@1:0.017422	 hit@5:0.0620	 hit@10: 0.0997
epoch 56: train_loss = 0.836922, source_hit@10 = 0.0804, source_ndcg@10 = 0.0381, target_hit@10 = 0.0997, target_ndcg@10 = 0.0526

2024-08-07 02:09:27.711220: step 17328/24320 (epoch 57/80), loss = 0.834739 (87.261 sec/epoch), lr: 0.001054
Evaluating on dev set...
...........................
source: 	 mrr: 0.044915	 ndcg_5: 0.0334	 ndcg_10: 0.0467	 hit@1:0.014482	 hit@5:0.0529	 hit@10: 0.0949
target: 	 mrr: 0.055642	 ndcg_5: 0.0490	 ndcg_10: 0.0596	 hit@1:0.020906	 hit@5:0.0753	 hit@10: 0.1080
epoch 57: train_loss = 0.834739, source_hit@10 = 0.0949, source_ndcg@10 = 0.0467, target_hit@10 = 0.1080, target_ndcg@10 = 0.0596

2024-08-07 02:10:56.300153: step 17632/24320 (epoch 58/80), loss = 0.835437 (87.798 sec/epoch), lr: 0.001054
Evaluating on dev set...
...........................
source: 	 mrr: 0.039246	 ndcg_5: 0.0279	 ndcg_10: 0.0384	 hit@1:0.010138	 hit@5:0.0463	 hit@10: 0.0789
target: 	 mrr: 0.049526	 ndcg_5: 0.0399	 ndcg_10: 0.0541	 hit@1:0.018815	 hit@5:0.0606	 hit@10: 0.1045
epoch 58: train_loss = 0.835437, source_hit@10 = 0.0789, source_ndcg@10 = 0.0384, target_hit@10 = 0.1045, target_ndcg@10 = 0.0541

2024-08-07 02:12:24.501208: step 17936/24320 (epoch 59/80), loss = 0.832345 (87.432 sec/epoch), lr: 0.001001
Evaluating on dev set...
...........................
source: 	 mrr: 0.037836	 ndcg_5: 0.0271	 ndcg_10: 0.0368	 hit@1:0.014482	 hit@5:0.0413	 hit@10: 0.0717
target: 	 mrr: 0.051906	 ndcg_5: 0.0404	 ndcg_10: 0.0578	 hit@1:0.020209	 hit@5:0.0613	 hit@10: 0.1143
epoch 59: train_loss = 0.832345, source_hit@10 = 0.0717, source_ndcg@10 = 0.0368, target_hit@10 = 0.1143, target_ndcg@10 = 0.0578

2024-08-07 02:13:53.580320: step 18240/24320 (epoch 60/80), loss = 0.832138 (88.268 sec/epoch), lr: 0.001001
Evaluating on dev set...
...........................
source: 	 mrr: 0.038224	 ndcg_5: 0.0289	 ndcg_10: 0.0385	 hit@1:0.011586	 hit@5:0.0463	 hit@10: 0.0760
target: 	 mrr: 0.053394	 ndcg_5: 0.0433	 ndcg_10: 0.0595	 hit@1:0.020209	 hit@5:0.0669	 hit@10: 0.1171
epoch 60: train_loss = 0.832138, source_hit@10 = 0.0760, source_ndcg@10 = 0.0385, target_hit@10 = 0.1171, target_ndcg@10 = 0.0595

2024-08-07 02:15:22.618352: step 18544/24320 (epoch 61/80), loss = 0.831027 (88.259 sec/epoch), lr: 0.001001
Evaluating on dev set...
...........................
source: 	 mrr: 0.036781	 ndcg_5: 0.0246	 ndcg_10: 0.0342	 hit@1:0.012310	 hit@5:0.0377	 hit@10: 0.0681
target: 	 mrr: 0.048340	 ndcg_5: 0.0401	 ndcg_10: 0.0510	 hit@1:0.016028	 hit@5:0.0627	 hit@10: 0.0962
epoch 61: train_loss = 0.831027, source_hit@10 = 0.0681, source_ndcg@10 = 0.0342, target_hit@10 = 0.0962, target_ndcg@10 = 0.0510

2024-08-07 02:16:51.000306: step 18848/24320 (epoch 62/80), loss = 0.828717 (87.669 sec/epoch), lr: 0.000951
Evaluating on dev set...
...........................
source: 	 mrr: 0.042207	 ndcg_5: 0.0309	 ndcg_10: 0.0421	 hit@1:0.014482	 hit@5:0.0485	 hit@10: 0.0833
target: 	 mrr: 0.050208	 ndcg_5: 0.0419	 ndcg_10: 0.0560	 hit@1:0.018815	 hit@5:0.0641	 hit@10: 0.1073
epoch 62: train_loss = 0.828717, source_hit@10 = 0.0833, source_ndcg@10 = 0.0421, target_hit@10 = 0.1073, target_ndcg@10 = 0.0560

2024-08-07 02:18:20.946897: step 19152/24320 (epoch 63/80), loss = 0.828851 (89.189 sec/epoch), lr: 0.000951
Evaluating on dev set...
...........................
source: 	 mrr: 0.044041	 ndcg_5: 0.0330	 ndcg_10: 0.0436	 hit@1:0.012310	 hit@5:0.0529	 hit@10: 0.0854
target: 	 mrr: 0.051892	 ndcg_5: 0.0438	 ndcg_10: 0.0560	 hit@1:0.020906	 hit@5:0.0683	 hit@10: 0.1059
epoch 63: train_loss = 0.828851, source_hit@10 = 0.0854, source_ndcg@10 = 0.0436, target_hit@10 = 0.1059, target_ndcg@10 = 0.0560

2024-08-07 02:19:51.114446: step 19456/24320 (epoch 64/80), loss = 0.828424 (89.397 sec/epoch), lr: 0.000951
Evaluating on dev set...
...........................
source: 	 mrr: 0.037655	 ndcg_5: 0.0268	 ndcg_10: 0.0377	 hit@1:0.011586	 hit@5:0.0442	 hit@10: 0.0782
target: 	 mrr: 0.053485	 ndcg_5: 0.0457	 ndcg_10: 0.0588	 hit@1:0.020906	 hit@5:0.0718	 hit@10: 0.1122
epoch 64: train_loss = 0.828424, source_hit@10 = 0.0782, source_ndcg@10 = 0.0377, target_hit@10 = 0.1122, target_ndcg@10 = 0.0588

2024-08-07 02:21:18.908447: step 19760/24320 (epoch 65/80), loss = 0.825327 (87.000 sec/epoch), lr: 0.000904
Evaluating on dev set...
...........................
source: 	 mrr: 0.039786	 ndcg_5: 0.0279	 ndcg_10: 0.0394	 hit@1:0.011586	 hit@5:0.0463	 hit@10: 0.0818
target: 	 mrr: 0.050070	 ndcg_5: 0.0412	 ndcg_10: 0.0535	 hit@1:0.016028	 hit@5:0.0655	 hit@10: 0.1038
epoch 65: train_loss = 0.825327, source_hit@10 = 0.0818, source_ndcg@10 = 0.0394, target_hit@10 = 0.1038, target_ndcg@10 = 0.0535

2024-08-07 02:22:45.419588: step 20064/24320 (epoch 66/80), loss = 0.821441 (85.753 sec/epoch), lr: 0.000859
Evaluating on dev set...
...........................
source: 	 mrr: 0.036840	 ndcg_5: 0.0253	 ndcg_10: 0.0362	 hit@1:0.010138	 hit@5:0.0413	 hit@10: 0.0753
target: 	 mrr: 0.048776	 ndcg_5: 0.0407	 ndcg_10: 0.0543	 hit@1:0.014634	 hit@5:0.0669	 hit@10: 0.1094
epoch 66: train_loss = 0.821441, source_hit@10 = 0.0753, source_ndcg@10 = 0.0362, target_hit@10 = 0.1094, target_ndcg@10 = 0.0543

2024-08-07 02:24:11.951311: step 20368/24320 (epoch 67/80), loss = 0.820682 (85.766 sec/epoch), lr: 0.000816
Evaluating on dev set...
...........................
source: 	 mrr: 0.038927	 ndcg_5: 0.0278	 ndcg_10: 0.0385	 hit@1:0.012310	 hit@5:0.0449	 hit@10: 0.0797
target: 	 mrr: 0.047594	 ndcg_5: 0.0386	 ndcg_10: 0.0521	 hit@1:0.013240	 hit@5:0.0620	 hit@10: 0.1038
epoch 67: train_loss = 0.820682, source_hit@10 = 0.0797, source_ndcg@10 = 0.0385, target_hit@10 = 0.1038, target_ndcg@10 = 0.0521
early termination of training
