nohup: ignoring input
/home1/lhr/anaconda3/envs/torch/lib/python3.8/site-packages/torch_geometric/typing.py:54: UserWarning: An issue occurred while importing 'pyg-lib'. Disabling its usage. Stacktrace: /lib/x86_64-linux-gnu/libm.so.6: version `GLIBC_2.29' not found (required by /home1/lhr/anaconda3/envs/torch/lib/python3.8/site-packages/libpyg.so)
  warnings.warn(f"An issue occurred while importing 'pyg-lib'. "
/home1/lhr/anaconda3/envs/torch/lib/python3.8/site-packages/torch_geometric/typing.py:110: UserWarning: An issue occurred while importing 'torch-sparse'. Disabling its usage. Stacktrace: /lib/x86_64-linux-gnu/libm.so.6: version `GLIBC_2.29' not found (required by /home1/lhr/anaconda3/envs/torch/lib/python3.8/site-packages/libpyg.so)
  warnings.warn(f"An issue occurred while importing 'torch-sparse'. "
using gpu:0 to train the model
using gpu:0 to train the model
cuda:0
Namespace(A_split=False, JK='sum', a_fold=100, aggregate=False, alpha=0.3, batch_size=1024, beta_inter=0.55, conv_layers=4, cuda=True, decay_epoch=10, device=device(type='cuda', index=0), device_id='0', domains='game_video', dropout=0.4, epoch=80, feature_dim=126, hidden_dim=126, inter_tau=0.2, intra_tau=1, lambda_critic=0.4, leakey=0.05, load=False, log='logs.txt', log_epoch=1, lr=0.004, lr_decay=0.95, min_epoch=50, mode='train', model_file=None, model_name='gv', momentum=0.98, num_latent_factors=3, num_negative=100, optim='adam', patience=20, proj_layers=1, projection=1, rectify_epoch=30, residual=1, save=False, save_dir='./saved_models', seed=32, similarity_tau=0.1, test_sample_number=999, user_batch_size=256, weight_decay=0.0002)
number_user 25025
number_item 12319
/home1/lhr/invariantCDR/invariantCDR/utils/GraphMaker.py:46: RuntimeWarning: divide by zero encountered in power
  r_inv = np.power(rowsum, -1).flatten()
/home1/lhr/invariantCDR/invariantCDR/utils/GraphMaker.py:72: UserWarning: torch.sparse.SparseTensor(indices, values, shape, *, device=) is deprecated.  Please use torch.sparse_coo_tensor(indices, values, shape, dtype=, device=). (Triggered internally at /opt/conda/conda-bld/pytorch_1711403590347/work/torch/csrc/utils/tensor_new.cpp:618.)
  return torch.sparse.FloatTensor(indices, values, shape)
real graph loaded!
number_user 19457
number_item 8751
real graph loaded!
graph loaded!
Loading data from game_video with batch size 1024...
unseen test: 0
test length: 1381
unseen test: 0
test length: 1304
unseen test: 0
test length: 1435
unseen test: 0
test length: 1458
source_user_num 25025
target_user_num 19457
source_item_num 12319
target_item_num 8751
shared users id: 1737
test users 226, 217
unseen test: 0
dev length: 1000
unseen test: 0
dev length: 1000
source train data : 155036, target train data: 156091, source test data : 1304, target test data : 1458, source dev data : 1000, target dev data : 1000
2024-08-07 12:01:43.766646: step 304/24320 (epoch 1/80), loss = 1.373428 (84.344 sec/epoch), lr: 0.004000
Evaluating on dev set...
...........................
source: 	 mrr: 0.027968	 ndcg_5: 0.0182	 ndcg_10: 0.0263	 hit@1:0.005069	 hit@5:0.0319	 hit@10: 0.0572
target: 	 mrr: 0.042120	 ndcg_5: 0.0358	 ndcg_10: 0.0443	 hit@1:0.018118	 hit@5:0.0551	 hit@10: 0.0808
source best!
.............
source: 	 mrr: 0.029412	 ndcg_5: 0.0189	 ndcg_10: 0.0284	 hit@1:0.008436	 hit@5:0.0299	 hit@10: 0.0598
target best!
..............target: 	 mrr: 0.033204	 ndcg_5: 0.0260	 ndcg_10: 0.0338	 hit@1:0.008230	 hit@5:0.0439	 hit@10: 0.0679
epoch 1: train_loss = 1.373428, source_hit@10 = 0.0598, source_ndcg@10 = 0.0284, target_hit@10 = 0.0679, target_ndcg@10 = 0.0338

2024-08-07 12:03:06.578874: step 608/24320 (epoch 2/80), loss = 1.216124 (80.413 sec/epoch), lr: 0.004000
Evaluating on dev set...
...........................
source: 	 mrr: 0.037059	 ndcg_5: 0.0257	 ndcg_10: 0.0334	 hit@1:0.013758	 hit@5:0.0377	 hit@10: 0.0623
target: 	 mrr: 0.027468	 ndcg_5: 0.0189	 ndcg_10: 0.0253	 hit@1:0.006272	 hit@5:0.0328	 hit@10: 0.0530
source best!
.............
source: 	 mrr: 0.036058	 ndcg_5: 0.0251	 ndcg_10: 0.0340	 hit@1:0.009202	 hit@5:0.0406	 hit@10: 0.0683
epoch 2: train_loss = 1.216124, source_hit@10 = 0.0683, source_ndcg@10 = 0.0340, target_hit@10 = 0.0530, target_ndcg@10 = 0.0253
new best model saved.

2024-08-07 12:04:32.840803: step 912/24320 (epoch 3/80), loss = 1.173312 (85.249 sec/epoch), lr: 0.004000
Evaluating on dev set...
...........................
source: 	 mrr: 0.028800	 ndcg_5: 0.0177	 ndcg_10: 0.0276	 hit@1:0.005069	 hit@5:0.0304	 hit@10: 0.0608
target: 	 mrr: 0.037174	 ndcg_5: 0.0291	 ndcg_10: 0.0399	 hit@1:0.011150	 hit@5:0.0474	 hit@10: 0.0808
epoch 3: train_loss = 1.173312, source_hit@10 = 0.0608, source_ndcg@10 = 0.0276, target_hit@10 = 0.0808, target_ndcg@10 = 0.0399

2024-08-07 12:05:57.255227: step 1216/24320 (epoch 4/80), loss = 1.146977 (83.681 sec/epoch), lr: 0.004000
Evaluating on dev set...
...........................
source: 	 mrr: 0.031621	 ndcg_5: 0.0232	 ndcg_10: 0.0301	 hit@1:0.009413	 hit@5:0.0377	 hit@10: 0.0594
target: 	 mrr: 0.039185	 ndcg_5: 0.0323	 ndcg_10: 0.0418	 hit@1:0.008362	 hit@5:0.0551	 hit@10: 0.0850
epoch 4: train_loss = 1.146977, source_hit@10 = 0.0594, source_ndcg@10 = 0.0301, target_hit@10 = 0.0850, target_ndcg@10 = 0.0418

2024-08-07 12:07:21.756339: step 1520/24320 (epoch 5/80), loss = 1.135202 (83.783 sec/epoch), lr: 0.004000
Evaluating on dev set...
...........................
source: 	 mrr: 0.023901	 ndcg_5: 0.0132	 ndcg_10: 0.0207	 hit@1:0.003621	 hit@5:0.0232	 hit@10: 0.0471
target: 	 mrr: 0.036830	 ndcg_5: 0.0272	 ndcg_10: 0.0369	 hit@1:0.013937	 hit@5:0.0404	 hit@10: 0.0711
epoch 5: train_loss = 1.135202, source_hit@10 = 0.0471, source_ndcg@10 = 0.0207, target_hit@10 = 0.0711, target_ndcg@10 = 0.0369

2024-08-07 12:08:47.349140: step 1824/24320 (epoch 6/80), loss = 1.123754 (84.880 sec/epoch), lr: 0.004000
Evaluating on dev set...
...........................
source: 	 mrr: 0.034152	 ndcg_5: 0.0237	 ndcg_10: 0.0359	 hit@1:0.006517	 hit@5:0.0413	 hit@10: 0.0797
target: 	 mrr: 0.034889	 ndcg_5: 0.0274	 ndcg_10: 0.0365	 hit@1:0.008362	 hit@5:0.0460	 hit@10: 0.0746
epoch 6: train_loss = 1.123754, source_hit@10 = 0.0797, source_ndcg@10 = 0.0359, target_hit@10 = 0.0746, target_ndcg@10 = 0.0365

2024-08-07 12:10:11.087653: step 2128/24320 (epoch 7/80), loss = 1.117274 (83.074 sec/epoch), lr: 0.004000
Evaluating on dev set...
...........................
source: 	 mrr: 0.022217	 ndcg_5: 0.0142	 ndcg_10: 0.0176	 hit@1:0.007241	 hit@5:0.0210	 hit@10: 0.0319
target: 	 mrr: 0.038774	 ndcg_5: 0.0295	 ndcg_10: 0.0406	 hit@1:0.009756	 hit@5:0.0481	 hit@10: 0.0829
epoch 7: train_loss = 1.117274, source_hit@10 = 0.0319, source_ndcg@10 = 0.0176, target_hit@10 = 0.0829, target_ndcg@10 = 0.0406

2024-08-07 12:11:34.090066: step 2432/24320 (epoch 8/80), loss = 1.113289 (82.214 sec/epoch), lr: 0.004000
Evaluating on dev set...
...........................
source: 	 mrr: 0.029248	 ndcg_5: 0.0211	 ndcg_10: 0.0285	 hit@1:0.005793	 hit@5:0.0384	 hit@10: 0.0615
target: 	 mrr: 0.043308	 ndcg_5: 0.0361	 ndcg_10: 0.0458	 hit@1:0.016725	 hit@5:0.0557	 hit@10: 0.0857
target best!
..............target: 	 mrr: 0.036774	 ndcg_5: 0.0288	 ndcg_10: 0.0401	 hit@1:0.007545	 hit@5:0.0508	 hit@10: 0.0857
epoch 8: train_loss = 1.113289, source_hit@10 = 0.0615, source_ndcg@10 = 0.0285, target_hit@10 = 0.0857, target_ndcg@10 = 0.0401
new best model saved.

2024-08-07 12:12:58.297725: step 2736/24320 (epoch 9/80), loss = 1.108466 (83.116 sec/epoch), lr: 0.004000
Evaluating on dev set...
...........................
source: 	 mrr: 0.034070	 ndcg_5: 0.0235	 ndcg_10: 0.0351	 hit@1:0.007965	 hit@5:0.0391	 hit@10: 0.0753
target: 	 mrr: 0.039898	 ndcg_5: 0.0295	 ndcg_10: 0.0424	 hit@1:0.006969	 hit@5:0.0502	 hit@10: 0.0899
epoch 9: train_loss = 1.108466, source_hit@10 = 0.0753, source_ndcg@10 = 0.0351, target_hit@10 = 0.0899, target_ndcg@10 = 0.0424

2024-08-07 12:14:22.632323: step 3040/24320 (epoch 10/80), loss = 1.101683 (83.597 sec/epoch), lr: 0.004000
Evaluating on dev set...
...........................
source: 	 mrr: 0.034819	 ndcg_5: 0.0250	 ndcg_10: 0.0328	 hit@1:0.010862	 hit@5:0.0398	 hit@10: 0.0637
target: 	 mrr: 0.041465	 ndcg_5: 0.0328	 ndcg_10: 0.0419	 hit@1:0.013240	 hit@5:0.0516	 hit@10: 0.0801
epoch 10: train_loss = 1.101683, source_hit@10 = 0.0637, source_ndcg@10 = 0.0328, target_hit@10 = 0.0801, target_ndcg@10 = 0.0419

2024-08-07 12:15:46.961635: step 3344/24320 (epoch 11/80), loss = 1.099194 (83.562 sec/epoch), lr: 0.004000
Evaluating on dev set...
...........................
source: 	 mrr: 0.032880	 ndcg_5: 0.0221	 ndcg_10: 0.0347	 hit@1:0.005793	 hit@5:0.0406	 hit@10: 0.0804
target: 	 mrr: 0.034387	 ndcg_5: 0.0263	 ndcg_10: 0.0351	 hit@1:0.009756	 hit@5:0.0425	 hit@10: 0.0697
epoch 11: train_loss = 1.099194, source_hit@10 = 0.0804, source_ndcg@10 = 0.0347, target_hit@10 = 0.0697, target_ndcg@10 = 0.0351

2024-08-07 12:17:11.503780: step 3648/24320 (epoch 12/80), loss = 1.093717 (83.692 sec/epoch), lr: 0.003800
Evaluating on dev set...
...........................
source: 	 mrr: 0.024539	 ndcg_5: 0.0158	 ndcg_10: 0.0241	 hit@1:0.005793	 hit@5:0.0268	 hit@10: 0.0529
target: 	 mrr: 0.038725	 ndcg_5: 0.0300	 ndcg_10: 0.0394	 hit@1:0.009756	 hit@5:0.0502	 hit@10: 0.0801
epoch 12: train_loss = 1.093717, source_hit@10 = 0.0529, source_ndcg@10 = 0.0241, target_hit@10 = 0.0801, target_ndcg@10 = 0.0394

2024-08-07 12:18:35.813359: step 3952/24320 (epoch 13/80), loss = 1.089532 (83.578 sec/epoch), lr: 0.003610
Evaluating on dev set...
...........................
source: 	 mrr: 0.033497	 ndcg_5: 0.0267	 ndcg_10: 0.0341	 hit@1:0.007241	 hit@5:0.0478	 hit@10: 0.0710
target: 	 mrr: 0.039556	 ndcg_5: 0.0299	 ndcg_10: 0.0403	 hit@1:0.013937	 hit@5:0.0467	 hit@10: 0.0787
epoch 13: train_loss = 1.089532, source_hit@10 = 0.0710, source_ndcg@10 = 0.0341, target_hit@10 = 0.0787, target_ndcg@10 = 0.0403

2024-08-07 12:20:00.194463: step 4256/24320 (epoch 14/80), loss = 1.088137 (83.661 sec/epoch), lr: 0.003610
Evaluating on dev set...
...........................
source: 	 mrr: 0.031682	 ndcg_5: 0.0201	 ndcg_10: 0.0291	 hit@1:0.009413	 hit@5:0.0326	 hit@10: 0.0608
target: 	 mrr: 0.043403	 ndcg_5: 0.0318	 ndcg_10: 0.0469	 hit@1:0.013240	 hit@5:0.0495	 hit@10: 0.0962
target best!
..............target: 	 mrr: 0.037729	 ndcg_5: 0.0261	 ndcg_10: 0.0401	 hit@1:0.009602	 hit@5:0.0432	 hit@10: 0.0864
epoch 14: train_loss = 1.088137, source_hit@10 = 0.0608, source_ndcg@10 = 0.0291, target_hit@10 = 0.0864, target_ndcg@10 = 0.0401
new best model saved.

2024-08-07 12:21:24.403241: step 4560/24320 (epoch 15/80), loss = 1.085952 (82.963 sec/epoch), lr: 0.003610
Evaluating on dev set...
...........................
source: 	 mrr: 0.035798	 ndcg_5: 0.0243	 ndcg_10: 0.0324	 hit@1:0.011586	 hit@5:0.0369	 hit@10: 0.0623
target: 	 mrr: 0.040146	 ndcg_5: 0.0306	 ndcg_10: 0.0437	 hit@1:0.009059	 hit@5:0.0530	 hit@10: 0.0941
epoch 15: train_loss = 1.085952, source_hit@10 = 0.0623, source_ndcg@10 = 0.0324, target_hit@10 = 0.0941, target_ndcg@10 = 0.0437

2024-08-07 12:22:48.737472: step 4864/24320 (epoch 16/80), loss = 1.084851 (83.676 sec/epoch), lr: 0.003610
Evaluating on dev set...
...........................
source: 	 mrr: 0.034011	 ndcg_5: 0.0234	 ndcg_10: 0.0352	 hit@1:0.006517	 hit@5:0.0406	 hit@10: 0.0768
target: 	 mrr: 0.040283	 ndcg_5: 0.0305	 ndcg_10: 0.0420	 hit@1:0.011150	 hit@5:0.0509	 hit@10: 0.0864
epoch 16: train_loss = 1.084851, source_hit@10 = 0.0768, source_ndcg@10 = 0.0352, target_hit@10 = 0.0864, target_ndcg@10 = 0.0420

2024-08-07 12:24:13.234391: step 5168/24320 (epoch 17/80), loss = 1.080451 (83.765 sec/epoch), lr: 0.003429
Evaluating on dev set...
...........................
source: 	 mrr: 0.029369	 ndcg_5: 0.0194	 ndcg_10: 0.0291	 hit@1:0.005793	 hit@5:0.0333	 hit@10: 0.0637
target: 	 mrr: 0.036631	 ndcg_5: 0.0250	 ndcg_10: 0.0363	 hit@1:0.008362	 hit@5:0.0404	 hit@10: 0.0760
epoch 17: train_loss = 1.080451, source_hit@10 = 0.0637, source_ndcg@10 = 0.0291, target_hit@10 = 0.0760, target_ndcg@10 = 0.0363

2024-08-07 12:25:37.736575: step 5472/24320 (epoch 18/80), loss = 1.078591 (83.771 sec/epoch), lr: 0.003258
Evaluating on dev set...
...........................
source: 	 mrr: 0.035696	 ndcg_5: 0.0279	 ndcg_10: 0.0348	 hit@1:0.010862	 hit@5:0.0463	 hit@10: 0.0681
target: 	 mrr: 0.037458	 ndcg_5: 0.0267	 ndcg_10: 0.0391	 hit@1:0.009756	 hit@5:0.0446	 hit@10: 0.0836
epoch 18: train_loss = 1.078591, source_hit@10 = 0.0681, source_ndcg@10 = 0.0348, target_hit@10 = 0.0836, target_ndcg@10 = 0.0391

2024-08-07 12:27:01.977285: step 5776/24320 (epoch 19/80), loss = 1.076040 (83.512 sec/epoch), lr: 0.003258
Evaluating on dev set...
...........................
source: 	 mrr: 0.032249	 ndcg_5: 0.0205	 ndcg_10: 0.0304	 hit@1:0.009413	 hit@5:0.0319	 hit@10: 0.0630
target: 	 mrr: 0.025226	 ndcg_5: 0.0159	 ndcg_10: 0.0220	 hit@1:0.009756	 hit@5:0.0223	 hit@10: 0.0411
epoch 19: train_loss = 1.076040, source_hit@10 = 0.0630, source_ndcg@10 = 0.0304, target_hit@10 = 0.0411, target_ndcg@10 = 0.0220

2024-08-07 12:28:26.869435: step 6080/24320 (epoch 20/80), loss = 1.073549 (84.165 sec/epoch), lr: 0.003095
Evaluating on dev set...
...........................
source: 	 mrr: 0.033639	 ndcg_5: 0.0244	 ndcg_10: 0.0300	 hit@1:0.009413	 hit@5:0.0406	 hit@10: 0.0579
target: 	 mrr: 0.042350	 ndcg_5: 0.0303	 ndcg_10: 0.0453	 hit@1:0.015331	 hit@5:0.0446	 hit@10: 0.0913
epoch 20: train_loss = 1.073549, source_hit@10 = 0.0579, source_ndcg@10 = 0.0300, target_hit@10 = 0.0913, target_ndcg@10 = 0.0453

2024-08-07 12:29:52.602344: step 6384/24320 (epoch 21/80), loss = 1.071107 (84.988 sec/epoch), lr: 0.003095
Evaluating on dev set...
...........................
source: 	 mrr: 0.035251	 ndcg_5: 0.0256	 ndcg_10: 0.0327	 hit@1:0.010862	 hit@5:0.0398	 hit@10: 0.0623
target: 	 mrr: 0.047552	 ndcg_5: 0.0396	 ndcg_10: 0.0509	 hit@1:0.015331	 hit@5:0.0634	 hit@10: 0.0983
target best!
..............target: 	 mrr: 0.045788	 ndcg_5: 0.0356	 ndcg_10: 0.0511	 hit@1:0.014403	 hit@5:0.0576	 hit@10: 0.1056
epoch 21: train_loss = 1.071107, source_hit@10 = 0.0623, source_ndcg@10 = 0.0327, target_hit@10 = 0.1056, target_ndcg@10 = 0.0511
new best model saved.

2024-08-07 12:31:17.596306: step 6688/24320 (epoch 22/80), loss = 1.070636 (83.780 sec/epoch), lr: 0.003095
Evaluating on dev set...
...........................
source: 	 mrr: 0.037246	 ndcg_5: 0.0271	 ndcg_10: 0.0361	 hit@1:0.010138	 hit@5:0.0427	 hit@10: 0.0710
target: 	 mrr: 0.031677	 ndcg_5: 0.0210	 ndcg_10: 0.0293	 hit@1:0.011150	 hit@5:0.0307	 hit@10: 0.0571
source best!
.............
source: 	 mrr: 0.033911	 ndcg_5: 0.0226	 ndcg_10: 0.0331	 hit@1:0.008436	 hit@5:0.0368	 hit@10: 0.0698
epoch 22: train_loss = 1.070636, source_hit@10 = 0.0698, source_ndcg@10 = 0.0331, target_hit@10 = 0.0571, target_ndcg@10 = 0.0293
new best model saved.

2024-08-07 12:32:42.951321: step 6992/24320 (epoch 23/80), loss = 1.066496 (84.168 sec/epoch), lr: 0.002940
Evaluating on dev set...
...........................
source: 	 mrr: 0.033743	 ndcg_5: 0.0246	 ndcg_10: 0.0315	 hit@1:0.009413	 hit@5:0.0398	 hit@10: 0.0615
target: 	 mrr: 0.041651	 ndcg_5: 0.0333	 ndcg_10: 0.0461	 hit@1:0.008362	 hit@5:0.0571	 hit@10: 0.0969
epoch 23: train_loss = 1.066496, source_hit@10 = 0.0615, source_ndcg@10 = 0.0315, target_hit@10 = 0.0969, target_ndcg@10 = 0.0461

2024-08-07 12:34:07.557396: step 7296/24320 (epoch 24/80), loss = 1.066335 (83.881 sec/epoch), lr: 0.002940
Evaluating on dev set...
...........................
source: 	 mrr: 0.019542	 ndcg_5: 0.0152	 ndcg_10: 0.0168	 hit@1:0.005069	 hit@5:0.0246	 hit@10: 0.0297
target: 	 mrr: 0.037069	 ndcg_5: 0.0286	 ndcg_10: 0.0385	 hit@1:0.009756	 hit@5:0.0495	 hit@10: 0.0801
epoch 24: train_loss = 1.066335, source_hit@10 = 0.0297, source_ndcg@10 = 0.0168, target_hit@10 = 0.0801, target_ndcg@10 = 0.0385

2024-08-07 12:35:32.047821: step 7600/24320 (epoch 25/80), loss = 1.062490 (83.765 sec/epoch), lr: 0.002793
Evaluating on dev set...
...........................
source: 	 mrr: 0.029958	 ndcg_5: 0.0194	 ndcg_10: 0.0311	 hit@1:0.005793	 hit@5:0.0333	 hit@10: 0.0702
target: 	 mrr: 0.044306	 ndcg_5: 0.0345	 ndcg_10: 0.0450	 hit@1:0.015331	 hit@5:0.0530	 hit@10: 0.0850
epoch 25: train_loss = 1.062490, source_hit@10 = 0.0702, source_ndcg@10 = 0.0311, target_hit@10 = 0.0850, target_ndcg@10 = 0.0450

2024-08-07 12:36:56.218992: step 7904/24320 (epoch 26/80), loss = 1.060166 (83.431 sec/epoch), lr: 0.002793
Evaluating on dev set...
...........................
source: 	 mrr: 0.035186	 ndcg_5: 0.0239	 ndcg_10: 0.0347	 hit@1:0.012310	 hit@5:0.0355	 hit@10: 0.0695
target: 	 mrr: 0.045266	 ndcg_5: 0.0366	 ndcg_10: 0.0480	 hit@1:0.014634	 hit@5:0.0585	 hit@10: 0.0941
epoch 26: train_loss = 1.060166, source_hit@10 = 0.0695, source_ndcg@10 = 0.0347, target_hit@10 = 0.0941, target_ndcg@10 = 0.0480

2024-08-07 12:38:20.058843: step 8208/24320 (epoch 27/80), loss = 1.061008 (83.174 sec/epoch), lr: 0.002793
Evaluating on dev set...
...........................
source: 	 mrr: 0.030980	 ndcg_5: 0.0230	 ndcg_10: 0.0289	 hit@1:0.010138	 hit@5:0.0369	 hit@10: 0.0550
target: 	 mrr: 0.042833	 ndcg_5: 0.0347	 ndcg_10: 0.0468	 hit@1:0.013240	 hit@5:0.0564	 hit@10: 0.0941
epoch 27: train_loss = 1.061008, source_hit@10 = 0.0550, source_ndcg@10 = 0.0289, target_hit@10 = 0.0941, target_ndcg@10 = 0.0468

2024-08-07 12:39:44.582714: step 8512/24320 (epoch 28/80), loss = 1.052707 (83.819 sec/epoch), lr: 0.002654
Evaluating on dev set...
...........................
source: 	 mrr: 0.024945	 ndcg_5: 0.0154	 ndcg_10: 0.0237	 hit@1:0.005793	 hit@5:0.0246	 hit@10: 0.0507
target: 	 mrr: 0.046759	 ndcg_5: 0.0374	 ndcg_10: 0.0498	 hit@1:0.015331	 hit@5:0.0599	 hit@10: 0.0983
epoch 28: train_loss = 1.052707, source_hit@10 = 0.0507, source_ndcg@10 = 0.0237, target_hit@10 = 0.0983, target_ndcg@10 = 0.0498

2024-08-07 12:41:08.465999: step 8816/24320 (epoch 29/80), loss = 1.047525 (83.167 sec/epoch), lr: 0.002521
Evaluating on dev set...
...........................
source: 	 mrr: 0.034958	 ndcg_5: 0.0280	 ndcg_10: 0.0349	 hit@1:0.008689	 hit@5:0.0456	 hit@10: 0.0673
target: 	 mrr: 0.040654	 ndcg_5: 0.0295	 ndcg_10: 0.0422	 hit@1:0.011150	 hit@5:0.0474	 hit@10: 0.0864
epoch 29: train_loss = 1.047525, source_hit@10 = 0.0673, source_ndcg@10 = 0.0349, target_hit@10 = 0.0864, target_ndcg@10 = 0.0422

2024-08-07 12:42:32.566867: step 9120/24320 (epoch 30/80), loss = 1.044293 (83.372 sec/epoch), lr: 0.002521
Evaluating on dev set...
...........................
source: 	 mrr: 0.042451	 ndcg_5: 0.0313	 ndcg_10: 0.0415	 hit@1:0.015930	 hit@5:0.0471	 hit@10: 0.0789
target: 	 mrr: 0.046374	 ndcg_5: 0.0376	 ndcg_10: 0.0484	 hit@1:0.017422	 hit@5:0.0592	 hit@10: 0.0927
source best!
.............
source: 	 mrr: 0.043853	 ndcg_5: 0.0321	 ndcg_10: 0.0448	 hit@1:0.016104	 hit@5:0.0491	 hit@10: 0.0874
epoch 30: train_loss = 1.044293, source_hit@10 = 0.0874, source_ndcg@10 = 0.0448, target_hit@10 = 0.0927, target_ndcg@10 = 0.0484
new best model saved.
shift to transfer learning mode

2024-08-07 12:43:57.554953: step 9424/24320 (epoch 31/80), loss = 1.043216 (83.795 sec/epoch), lr: 0.002521
Evaluating on dev set...
...........................
source: 	 mrr: 0.033593	 ndcg_5: 0.0243	 ndcg_10: 0.0322	 hit@1:0.013034	 hit@5:0.0348	 hit@10: 0.0594
target: 	 mrr: 0.046590	 ndcg_5: 0.0372	 ndcg_10: 0.0491	 hit@1:0.013937	 hit@5:0.0606	 hit@10: 0.0983
epoch 31: train_loss = 1.043216, source_hit@10 = 0.0594, source_ndcg@10 = 0.0322, target_hit@10 = 0.0983, target_ndcg@10 = 0.0491

2024-08-07 12:45:23.098845: step 9728/24320 (epoch 32/80), loss = 1.040372 (84.795 sec/epoch), lr: 0.002395
Evaluating on dev set...
...........................
source: 	 mrr: 0.023351	 ndcg_5: 0.0160	 ndcg_10: 0.0234	 hit@1:0.007241	 hit@5:0.0253	 hit@10: 0.0485
target: 	 mrr: 0.048468	 ndcg_5: 0.0413	 ndcg_10: 0.0516	 hit@1:0.014634	 hit@5:0.0683	 hit@10: 0.1003
target best!
..............target: 	 mrr: 0.056239	 ndcg_5: 0.0463	 ndcg_10: 0.0603	 hit@1:0.023320	 hit@5:0.0713	 hit@10: 0.1145
epoch 32: train_loss = 1.040372, source_hit@10 = 0.0485, source_ndcg@10 = 0.0234, target_hit@10 = 0.1145, target_ndcg@10 = 0.0603
new best model saved.

2024-08-07 12:46:48.801558: step 10032/24320 (epoch 33/80), loss = 1.037597 (84.557 sec/epoch), lr: 0.002275
Evaluating on dev set...
...........................
source: 	 mrr: 0.038127	 ndcg_5: 0.0270	 ndcg_10: 0.0378	 hit@1:0.011586	 hit@5:0.0420	 hit@10: 0.0760
target: 	 mrr: 0.052440	 ndcg_5: 0.0446	 ndcg_10: 0.0581	 hit@1:0.018118	 hit@5:0.0725	 hit@10: 0.1136
target best!
..............target: 	 mrr: 0.052235	 ndcg_5: 0.0437	 ndcg_10: 0.0552	 hit@1:0.015775	 hit@5:0.0686	 hit@10: 0.1043
epoch 33: train_loss = 1.037597, source_hit@10 = 0.0760, source_ndcg@10 = 0.0378, target_hit@10 = 0.1043, target_ndcg@10 = 0.0552
new best model saved.

2024-08-07 12:48:14.618926: step 10336/24320 (epoch 34/80), loss = 1.034346 (84.623 sec/epoch), lr: 0.002275
Evaluating on dev set...
...........................
source: 	 mrr: 0.035278	 ndcg_5: 0.0242	 ndcg_10: 0.0365	 hit@1:0.007965	 hit@5:0.0406	 hit@10: 0.0789
target: 	 mrr: 0.048858	 ndcg_5: 0.0406	 ndcg_10: 0.0530	 hit@1:0.018815	 hit@5:0.0641	 hit@10: 0.1031
epoch 34: train_loss = 1.034346, source_hit@10 = 0.0789, source_ndcg@10 = 0.0365, target_hit@10 = 0.1031, target_ndcg@10 = 0.0530

2024-08-07 12:49:39.864898: step 10640/24320 (epoch 35/80), loss = 1.029564 (84.495 sec/epoch), lr: 0.002161
Evaluating on dev set...
...........................
source: 	 mrr: 0.032260	 ndcg_5: 0.0221	 ndcg_10: 0.0311	 hit@1:0.003621	 hit@5:0.0434	 hit@10: 0.0710
target: 	 mrr: 0.050417	 ndcg_5: 0.0429	 ndcg_10: 0.0516	 hit@1:0.018815	 hit@5:0.0655	 hit@10: 0.0927
epoch 35: train_loss = 1.029564, source_hit@10 = 0.0710, source_ndcg@10 = 0.0311, target_hit@10 = 0.0927, target_ndcg@10 = 0.0516

2024-08-07 12:51:05.711206: step 10944/24320 (epoch 36/80), loss = 1.028180 (85.114 sec/epoch), lr: 0.002053
Evaluating on dev set...
...........................
source: 	 mrr: 0.037004	 ndcg_5: 0.0264	 ndcg_10: 0.0373	 hit@1:0.012310	 hit@5:0.0413	 hit@10: 0.0753
target: 	 mrr: 0.047673	 ndcg_5: 0.0391	 ndcg_10: 0.0510	 hit@1:0.016028	 hit@5:0.0620	 hit@10: 0.0990
epoch 36: train_loss = 1.028180, source_hit@10 = 0.0753, source_ndcg@10 = 0.0373, target_hit@10 = 0.0990, target_ndcg@10 = 0.0510

2024-08-07 12:52:32.140870: step 11248/24320 (epoch 37/80), loss = 1.027459 (85.777 sec/epoch), lr: 0.002053
Evaluating on dev set...
...........................
source: 	 mrr: 0.039588	 ndcg_5: 0.0282	 ndcg_10: 0.0382	 hit@1:0.014482	 hit@5:0.0420	 hit@10: 0.0739
target: 	 mrr: 0.054092	 ndcg_5: 0.0442	 ndcg_10: 0.0561	 hit@1:0.024390	 hit@5:0.0641	 hit@10: 0.1010
target best!
..............target: 	 mrr: 0.051027	 ndcg_5: 0.0413	 ndcg_10: 0.0538	 hit@1:0.017147	 hit@5:0.0652	 hit@10: 0.1043
epoch 37: train_loss = 1.027459, source_hit@10 = 0.0739, source_ndcg@10 = 0.0382, target_hit@10 = 0.1043, target_ndcg@10 = 0.0538
new best model saved.

2024-08-07 12:53:58.677625: step 11552/24320 (epoch 38/80), loss = 1.024924 (85.343 sec/epoch), lr: 0.002053
Evaluating on dev set...
...........................
source: 	 mrr: 0.029240	 ndcg_5: 0.0202	 ndcg_10: 0.0274	 hit@1:0.007965	 hit@5:0.0326	 hit@10: 0.0550
target: 	 mrr: 0.049956	 ndcg_5: 0.0400	 ndcg_10: 0.0532	 hit@1:0.019512	 hit@5:0.0599	 hit@10: 0.1010
epoch 38: train_loss = 1.024924, source_hit@10 = 0.0550, source_ndcg@10 = 0.0274, target_hit@10 = 0.1010, target_ndcg@10 = 0.0532

2024-08-07 12:55:25.473632: step 11856/24320 (epoch 39/80), loss = 1.021335 (86.072 sec/epoch), lr: 0.001951
Evaluating on dev set...
...........................
source: 	 mrr: 0.033728	 ndcg_5: 0.0234	 ndcg_10: 0.0321	 hit@1:0.008689	 hit@5:0.0391	 hit@10: 0.0666
target: 	 mrr: 0.045764	 ndcg_5: 0.0401	 ndcg_10: 0.0507	 hit@1:0.016028	 hit@5:0.0669	 hit@10: 0.1003
epoch 39: train_loss = 1.021335, source_hit@10 = 0.0666, source_ndcg@10 = 0.0321, target_hit@10 = 0.1003, target_ndcg@10 = 0.0507

2024-08-07 12:56:52.475261: step 12160/24320 (epoch 40/80), loss = 1.022671 (86.320 sec/epoch), lr: 0.001951
Evaluating on dev set...
...........................
source: 	 mrr: 0.032297	 ndcg_5: 0.0238	 ndcg_10: 0.0322	 hit@1:0.007965	 hit@5:0.0398	 hit@10: 0.0659
target: 	 mrr: 0.042856	 ndcg_5: 0.0328	 ndcg_10: 0.0437	 hit@1:0.017422	 hit@5:0.0502	 hit@10: 0.0836
epoch 40: train_loss = 1.022671, source_hit@10 = 0.0659, source_ndcg@10 = 0.0322, target_hit@10 = 0.0836, target_ndcg@10 = 0.0437

2024-08-07 12:58:19.684005: step 12464/24320 (epoch 41/80), loss = 1.019404 (86.528 sec/epoch), lr: 0.001853
Evaluating on dev set...
...........................
source: 	 mrr: 0.032933	 ndcg_5: 0.0230	 ndcg_10: 0.0328	 hit@1:0.006517	 hit@5:0.0406	 hit@10: 0.0710
target: 	 mrr: 0.051523	 ndcg_5: 0.0425	 ndcg_10: 0.0575	 hit@1:0.021603	 hit@5:0.0648	 hit@10: 0.1122
epoch 41: train_loss = 1.019404, source_hit@10 = 0.0710, source_ndcg@10 = 0.0328, target_hit@10 = 0.1122, target_ndcg@10 = 0.0575

2024-08-07 12:59:45.878916: step 12768/24320 (epoch 42/80), loss = 1.019200 (85.437 sec/epoch), lr: 0.001853
Evaluating on dev set...
...........................
source: 	 mrr: 0.042428	 ndcg_5: 0.0306	 ndcg_10: 0.0431	 hit@1:0.015206	 hit@5:0.0463	 hit@10: 0.0854
target: 	 mrr: 0.053246	 ndcg_5: 0.0454	 ndcg_10: 0.0605	 hit@1:0.018815	 hit@5:0.0725	 hit@10: 0.1192
epoch 42: train_loss = 1.019200, source_hit@10 = 0.0854, source_ndcg@10 = 0.0431, target_hit@10 = 0.1192, target_ndcg@10 = 0.0605

2024-08-07 13:01:12.836530: step 13072/24320 (epoch 43/80), loss = 1.018261 (86.222 sec/epoch), lr: 0.001853
Evaluating on dev set...
...........................
source: 	 mrr: 0.029851	 ndcg_5: 0.0201	 ndcg_10: 0.0291	 hit@1:0.008689	 hit@5:0.0304	 hit@10: 0.0579
target: 	 mrr: 0.049999	 ndcg_5: 0.0426	 ndcg_10: 0.0528	 hit@1:0.016028	 hit@5:0.0697	 hit@10: 0.1017
epoch 43: train_loss = 1.018261, source_hit@10 = 0.0579, source_ndcg@10 = 0.0291, target_hit@10 = 0.1017, target_ndcg@10 = 0.0528

2024-08-07 13:02:37.973414: step 13376/24320 (epoch 44/80), loss = 1.014838 (84.488 sec/epoch), lr: 0.001761
Evaluating on dev set...
...........................
source: 	 mrr: 0.040272	 ndcg_5: 0.0283	 ndcg_10: 0.0388	 hit@1:0.012310	 hit@5:0.0442	 hit@10: 0.0768
target: 	 mrr: 0.047463	 ndcg_5: 0.0396	 ndcg_10: 0.0499	 hit@1:0.013240	 hit@5:0.0648	 hit@10: 0.0969
epoch 44: train_loss = 1.014838, source_hit@10 = 0.0768, source_ndcg@10 = 0.0388, target_hit@10 = 0.0969, target_ndcg@10 = 0.0499

2024-08-07 13:04:05.433600: step 13680/24320 (epoch 45/80), loss = 1.015577 (86.731 sec/epoch), lr: 0.001761
Evaluating on dev set...
...........................
source: 	 mrr: 0.037423	 ndcg_5: 0.0279	 ndcg_10: 0.0379	 hit@1:0.010138	 hit@5:0.0463	 hit@10: 0.0775
target: 	 mrr: 0.053335	 ndcg_5: 0.0447	 ndcg_10: 0.0588	 hit@1:0.018815	 hit@5:0.0697	 hit@10: 0.1136
epoch 45: train_loss = 1.015577, source_hit@10 = 0.0775, source_ndcg@10 = 0.0379, target_hit@10 = 0.1136, target_ndcg@10 = 0.0588

2024-08-07 13:05:32.281737: step 13984/24320 (epoch 46/80), loss = 1.015612 (86.115 sec/epoch), lr: 0.001761
Evaluating on dev set...
...........................
source: 	 mrr: 0.029381	 ndcg_5: 0.0207	 ndcg_10: 0.0280	 hit@1:0.005793	 hit@5:0.0362	 hit@10: 0.0594
target: 	 mrr: 0.054969	 ndcg_5: 0.0443	 ndcg_10: 0.0581	 hit@1:0.023693	 hit@5:0.0634	 hit@10: 0.1066
target best!
..............target: 	 mrr: 0.053918	 ndcg_5: 0.0454	 ndcg_10: 0.0599	 hit@1:0.017833	 hit@5:0.0727	 hit@10: 0.1180
epoch 46: train_loss = 1.015612, source_hit@10 = 0.0594, source_ndcg@10 = 0.0280, target_hit@10 = 0.1180, target_ndcg@10 = 0.0599
new best model saved.

2024-08-07 13:06:59.584564: step 14288/24320 (epoch 47/80), loss = 1.014443 (86.117 sec/epoch), lr: 0.001672
Evaluating on dev set...
...........................
source: 	 mrr: 0.035009	 ndcg_5: 0.0230	 ndcg_10: 0.0371	 hit@1:0.007241	 hit@5:0.0398	 hit@10: 0.0847
target: 	 mrr: 0.049436	 ndcg_5: 0.0393	 ndcg_10: 0.0526	 hit@1:0.018118	 hit@5:0.0599	 hit@10: 0.1010
epoch 47: train_loss = 1.014443, source_hit@10 = 0.0847, source_ndcg@10 = 0.0371, target_hit@10 = 0.1010, target_ndcg@10 = 0.0526

2024-08-07 13:08:28.970955: step 14592/24320 (epoch 48/80), loss = 1.012870 (88.651 sec/epoch), lr: 0.001672
Evaluating on dev set...
...........................
source: 	 mrr: 0.033672	 ndcg_5: 0.0241	 ndcg_10: 0.0340	 hit@1:0.006517	 hit@5:0.0427	 hit@10: 0.0731
target: 	 mrr: 0.054027	 ndcg_5: 0.0468	 ndcg_10: 0.0582	 hit@1:0.019512	 hit@5:0.0739	 hit@10: 0.1094
epoch 48: train_loss = 1.012870, source_hit@10 = 0.0731, source_ndcg@10 = 0.0340, target_hit@10 = 0.1094, target_ndcg@10 = 0.0582

2024-08-07 13:09:55.646835: step 14896/24320 (epoch 49/80), loss = 1.011549 (85.942 sec/epoch), lr: 0.001672
Evaluating on dev set...
...........................
source: 	 mrr: 0.032480	 ndcg_5: 0.0204	 ndcg_10: 0.0327	 hit@1:0.006517	 hit@5:0.0362	 hit@10: 0.0746
target: 	 mrr: 0.054464	 ndcg_5: 0.0461	 ndcg_10: 0.0599	 hit@1:0.020906	 hit@5:0.0704	 hit@10: 0.1129
epoch 49: train_loss = 1.011549, source_hit@10 = 0.0746, source_ndcg@10 = 0.0327, target_hit@10 = 0.1129, target_ndcg@10 = 0.0599

2024-08-07 13:11:22.214122: step 15200/24320 (epoch 50/80), loss = 1.010933 (85.759 sec/epoch), lr: 0.001589
Evaluating on dev set...
...........................
source: 	 mrr: 0.039343	 ndcg_5: 0.0293	 ndcg_10: 0.0384	 hit@1:0.010862	 hit@5:0.0492	 hit@10: 0.0775
target: 	 mrr: 0.044977	 ndcg_5: 0.0357	 ndcg_10: 0.0481	 hit@1:0.014634	 hit@5:0.0557	 hit@10: 0.0941
epoch 50: train_loss = 1.010933, source_hit@10 = 0.0775, source_ndcg@10 = 0.0384, target_hit@10 = 0.0941, target_ndcg@10 = 0.0481

2024-08-07 13:12:49.400360: step 15504/24320 (epoch 51/80), loss = 1.007575 (86.461 sec/epoch), lr: 0.001509
Evaluating on dev set...
...........................
source: 	 mrr: 0.041145	 ndcg_5: 0.0298	 ndcg_10: 0.0411	 hit@1:0.013034	 hit@5:0.0449	 hit@10: 0.0804
target: 	 mrr: 0.052106	 ndcg_5: 0.0426	 ndcg_10: 0.0551	 hit@1:0.020209	 hit@5:0.0662	 hit@10: 0.1059
epoch 51: train_loss = 1.007575, source_hit@10 = 0.0804, source_ndcg@10 = 0.0411, target_hit@10 = 0.1059, target_ndcg@10 = 0.0551

2024-08-07 13:14:16.435619: step 15808/24320 (epoch 52/80), loss = 1.008623 (86.258 sec/epoch), lr: 0.001509
Evaluating on dev set...
...........................
source: 	 mrr: 0.038010	 ndcg_5: 0.0298	 ndcg_10: 0.0374	 hit@1:0.013758	 hit@5:0.0463	 hit@10: 0.0702
target: 	 mrr: 0.057049	 ndcg_5: 0.0481	 ndcg_10: 0.0582	 hit@1:0.026481	 hit@5:0.0690	 hit@10: 0.1010
target best!
..............target: 	 mrr: 0.053587	 ndcg_5: 0.0442	 ndcg_10: 0.0601	 hit@1:0.016461	 hit@5:0.0700	 hit@10: 0.1200
epoch 52: train_loss = 1.008623, source_hit@10 = 0.0702, source_ndcg@10 = 0.0374, target_hit@10 = 0.1200, target_ndcg@10 = 0.0601
new best model saved.

2024-08-07 13:15:42.593102: step 16112/24320 (epoch 53/80), loss = 1.007129 (84.930 sec/epoch), lr: 0.001509
Evaluating on dev set...
...........................
source: 	 mrr: 0.040223	 ndcg_5: 0.0272	 ndcg_10: 0.0403	 hit@1:0.013034	 hit@5:0.0427	 hit@10: 0.0833
target: 	 mrr: 0.055378	 ndcg_5: 0.0467	 ndcg_10: 0.0608	 hit@1:0.021603	 hit@5:0.0711	 hit@10: 0.1150
epoch 53: train_loss = 1.007129, source_hit@10 = 0.0833, source_ndcg@10 = 0.0403, target_hit@10 = 0.1150, target_ndcg@10 = 0.0608

2024-08-07 13:17:09.164219: step 16416/24320 (epoch 54/80), loss = 1.006176 (85.839 sec/epoch), lr: 0.001509
Evaluating on dev set...
...........................
source: 	 mrr: 0.043111	 ndcg_5: 0.0329	 ndcg_10: 0.0442	 hit@1:0.013758	 hit@5:0.0521	 hit@10: 0.0876
target: 	 mrr: 0.047236	 ndcg_5: 0.0391	 ndcg_10: 0.0522	 hit@1:0.015331	 hit@5:0.0634	 hit@10: 0.1045
source best!
.............
source: 	 mrr: 0.037580	 ndcg_5: 0.0279	 ndcg_10: 0.0398	 hit@1:0.008436	 hit@5:0.0483	 hit@10: 0.0859
epoch 54: train_loss = 1.006176, source_hit@10 = 0.0859, source_ndcg@10 = 0.0398, target_hit@10 = 0.1045, target_ndcg@10 = 0.0522
new best model saved.

2024-08-07 13:18:34.065947: step 16720/24320 (epoch 55/80), loss = 1.004694 (83.699 sec/epoch), lr: 0.001434
Evaluating on dev set...
...........................
source: 	 mrr: 0.038831	 ndcg_5: 0.0262	 ndcg_10: 0.0365	 hit@1:0.012310	 hit@5:0.0406	 hit@10: 0.0731
target: 	 mrr: 0.049521	 ndcg_5: 0.0407	 ndcg_10: 0.0545	 hit@1:0.018815	 hit@5:0.0641	 hit@10: 0.1073
epoch 55: train_loss = 1.004694, source_hit@10 = 0.0731, source_ndcg@10 = 0.0365, target_hit@10 = 0.1073, target_ndcg@10 = 0.0545

2024-08-07 13:20:01.800073: step 17024/24320 (epoch 56/80), loss = 1.001512 (86.997 sec/epoch), lr: 0.001362
Evaluating on dev set...
...........................
source: 	 mrr: 0.038051	 ndcg_5: 0.0257	 ndcg_10: 0.0363	 hit@1:0.011586	 hit@5:0.0406	 hit@10: 0.0739
target: 	 mrr: 0.049000	 ndcg_5: 0.0382	 ndcg_10: 0.0510	 hit@1:0.020209	 hit@5:0.0557	 hit@10: 0.0955
epoch 56: train_loss = 1.001512, source_hit@10 = 0.0739, source_ndcg@10 = 0.0363, target_hit@10 = 0.0955, target_ndcg@10 = 0.0510

2024-08-07 13:21:28.489361: step 17328/24320 (epoch 57/80), loss = 0.998891 (85.968 sec/epoch), lr: 0.001294
Evaluating on dev set...
...........................
source: 	 mrr: 0.040005	 ndcg_5: 0.0295	 ndcg_10: 0.0395	 hit@1:0.013034	 hit@5:0.0456	 hit@10: 0.0768
target: 	 mrr: 0.048667	 ndcg_5: 0.0422	 ndcg_10: 0.0510	 hit@1:0.017422	 hit@5:0.0662	 hit@10: 0.0941
epoch 57: train_loss = 0.998891, source_hit@10 = 0.0768, source_ndcg@10 = 0.0395, target_hit@10 = 0.0941, target_ndcg@10 = 0.0510

2024-08-07 13:22:54.377618: step 17632/24320 (epoch 58/80), loss = 0.999910 (85.142 sec/epoch), lr: 0.001294
Evaluating on dev set...
...........................
source: 	 mrr: 0.037226	 ndcg_5: 0.0265	 ndcg_10: 0.0382	 hit@1:0.009413	 hit@5:0.0442	 hit@10: 0.0818
target: 	 mrr: 0.043691	 ndcg_5: 0.0339	 ndcg_10: 0.0428	 hit@1:0.017422	 hit@5:0.0495	 hit@10: 0.0767
epoch 58: train_loss = 0.999910, source_hit@10 = 0.0818, source_ndcg@10 = 0.0382, target_hit@10 = 0.0767, target_ndcg@10 = 0.0428

2024-08-07 13:24:22.746038: step 17936/24320 (epoch 59/80), loss = 0.997504 (86.581 sec/epoch), lr: 0.001229
Evaluating on dev set...
...........................
source: 	 mrr: 0.041904	 ndcg_5: 0.0277	 ndcg_10: 0.0413	 hit@1:0.015206	 hit@5:0.0406	 hit@10: 0.0840
target: 	 mrr: 0.047873	 ndcg_5: 0.0377	 ndcg_10: 0.0489	 hit@1:0.018815	 hit@5:0.0551	 hit@10: 0.0899
epoch 59: train_loss = 0.997504, source_hit@10 = 0.0840, source_ndcg@10 = 0.0413, target_hit@10 = 0.0899, target_ndcg@10 = 0.0489

2024-08-07 13:25:50.632276: step 18240/24320 (epoch 60/80), loss = 0.996690 (87.150 sec/epoch), lr: 0.001229
Evaluating on dev set...
...........................
source: 	 mrr: 0.043116	 ndcg_5: 0.0326	 ndcg_10: 0.0437	 hit@1:0.012310	 hit@5:0.0507	 hit@10: 0.0847
target: 	 mrr: 0.050994	 ndcg_5: 0.0421	 ndcg_10: 0.0557	 hit@1:0.017422	 hit@5:0.0655	 hit@10: 0.1073
source best!
.............
source: 	 mrr: 0.040216	 ndcg_5: 0.0299	 ndcg_10: 0.0402	 hit@1:0.013804	 hit@5:0.0468	 hit@10: 0.0782
epoch 60: train_loss = 0.996690, source_hit@10 = 0.0782, source_ndcg@10 = 0.0402, target_hit@10 = 0.1073, target_ndcg@10 = 0.0557
new best model saved.

2024-08-07 13:27:19.176039: step 18544/24320 (epoch 61/80), loss = 0.994400 (87.346 sec/epoch), lr: 0.001229
Evaluating on dev set...
...........................
source: 	 mrr: 0.035608	 ndcg_5: 0.0237	 ndcg_10: 0.0340	 hit@1:0.010862	 hit@5:0.0377	 hit@10: 0.0695
target: 	 mrr: 0.054656	 ndcg_5: 0.0455	 ndcg_10: 0.0599	 hit@1:0.021603	 hit@5:0.0697	 hit@10: 0.1143
epoch 61: train_loss = 0.994400, source_hit@10 = 0.0695, source_ndcg@10 = 0.0340, target_hit@10 = 0.1143, target_ndcg@10 = 0.0599

2024-08-07 13:28:45.618854: step 18848/24320 (epoch 62/80), loss = 0.993449 (85.704 sec/epoch), lr: 0.001168
Evaluating on dev set...
...........................
source: 	 mrr: 0.036829	 ndcg_5: 0.0263	 ndcg_10: 0.0363	 hit@1:0.010862	 hit@5:0.0413	 hit@10: 0.0724
target: 	 mrr: 0.047785	 ndcg_5: 0.0385	 ndcg_10: 0.0522	 hit@1:0.013937	 hit@5:0.0627	 hit@10: 0.1059
epoch 62: train_loss = 0.993449, source_hit@10 = 0.0724, source_ndcg@10 = 0.0363, target_hit@10 = 0.1059, target_ndcg@10 = 0.0522

2024-08-07 13:30:11.356298: step 19152/24320 (epoch 63/80), loss = 0.992170 (85.010 sec/epoch), lr: 0.001110
Evaluating on dev set...
...........................
source: 	 mrr: 0.037914	 ndcg_5: 0.0278	 ndcg_10: 0.0380	 hit@1:0.010862	 hit@5:0.0449	 hit@10: 0.0768
target: 	 mrr: 0.049490	 ndcg_5: 0.0401	 ndcg_10: 0.0555	 hit@1:0.018815	 hit@5:0.0613	 hit@10: 0.1087
epoch 63: train_loss = 0.992170, source_hit@10 = 0.0768, source_ndcg@10 = 0.0380, target_hit@10 = 0.1087, target_ndcg@10 = 0.0555

2024-08-07 13:31:39.230179: step 19456/24320 (epoch 64/80), loss = 0.990912 (87.148 sec/epoch), lr: 0.001110
Evaluating on dev set...
...........................
source: 	 mrr: 0.038610	 ndcg_5: 0.0259	 ndcg_10: 0.0385	 hit@1:0.011586	 hit@5:0.0398	 hit@10: 0.0797
target: 	 mrr: 0.052948	 ndcg_5: 0.0436	 ndcg_10: 0.0563	 hit@1:0.022300	 hit@5:0.0648	 hit@10: 0.1052
epoch 64: train_loss = 0.990912, source_hit@10 = 0.0797, source_ndcg@10 = 0.0385, target_hit@10 = 0.1052, target_ndcg@10 = 0.0563

2024-08-07 13:33:05.645905: step 19760/24320 (epoch 65/80), loss = 0.988543 (85.677 sec/epoch), lr: 0.001110
Evaluating on dev set...
...........................
source: 	 mrr: 0.042172	 ndcg_5: 0.0320	 ndcg_10: 0.0410	 hit@1:0.014482	 hit@5:0.0514	 hit@10: 0.0789
target: 	 mrr: 0.051894	 ndcg_5: 0.0439	 ndcg_10: 0.0545	 hit@1:0.021603	 hit@5:0.0676	 hit@10: 0.1003
epoch 65: train_loss = 0.988543, source_hit@10 = 0.0789, source_ndcg@10 = 0.0410, target_hit@10 = 0.1003, target_ndcg@10 = 0.0545

2024-08-07 13:34:32.539791: step 20064/24320 (epoch 66/80), loss = 0.986974 (86.144 sec/epoch), lr: 0.001110
Evaluating on dev set...
...........................
source: 	 mrr: 0.041772	 ndcg_5: 0.0297	 ndcg_10: 0.0414	 hit@1:0.015206	 hit@5:0.0449	 hit@10: 0.0811
target: 	 mrr: 0.042941	 ndcg_5: 0.0339	 ndcg_10: 0.0427	 hit@1:0.013937	 hit@5:0.0551	 hit@10: 0.0822
epoch 66: train_loss = 0.986974, source_hit@10 = 0.0811, source_ndcg@10 = 0.0414, target_hit@10 = 0.0822, target_ndcg@10 = 0.0427

2024-08-07 13:36:00.349877: step 20368/24320 (epoch 67/80), loss = 0.986771 (87.078 sec/epoch), lr: 0.001054
Evaluating on dev set...
...........................
source: 	 mrr: 0.040759	 ndcg_5: 0.0294	 ndcg_10: 0.0427	 hit@1:0.012310	 hit@5:0.0478	 hit@10: 0.0891
target: 	 mrr: 0.050162	 ndcg_5: 0.0433	 ndcg_10: 0.0547	 hit@1:0.017422	 hit@5:0.0697	 hit@10: 0.1052
epoch 67: train_loss = 0.986771, source_hit@10 = 0.0891, source_ndcg@10 = 0.0427, target_hit@10 = 0.1052, target_ndcg@10 = 0.0547

2024-08-07 13:37:25.793201: step 20672/24320 (epoch 68/80), loss = 0.983818 (84.710 sec/epoch), lr: 0.001054
Evaluating on dev set...
...........................
source: 	 mrr: 0.038454	 ndcg_5: 0.0278	 ndcg_10: 0.0390	 hit@1:0.010138	 hit@5:0.0442	 hit@10: 0.0789
target: 	 mrr: 0.050808	 ndcg_5: 0.0424	 ndcg_10: 0.0534	 hit@1:0.020209	 hit@5:0.0648	 hit@10: 0.0997
epoch 68: train_loss = 0.983818, source_hit@10 = 0.0789, source_ndcg@10 = 0.0390, target_hit@10 = 0.0997, target_ndcg@10 = 0.0534

2024-08-07 13:38:52.097399: step 20976/24320 (epoch 69/80), loss = 0.981254 (85.552 sec/epoch), lr: 0.001001
Evaluating on dev set...
...........................
source: 	 mrr: 0.035313	 ndcg_5: 0.0226	 ndcg_10: 0.0336	 hit@1:0.010138	 hit@5:0.0355	 hit@10: 0.0695
target: 	 mrr: 0.052885	 ndcg_5: 0.0451	 ndcg_10: 0.0577	 hit@1:0.021603	 hit@5:0.0697	 hit@10: 0.1094
epoch 69: train_loss = 0.981254, source_hit@10 = 0.0695, source_ndcg@10 = 0.0336, target_hit@10 = 0.1094, target_ndcg@10 = 0.0577

2024-08-07 13:40:16.574186: step 21280/24320 (epoch 70/80), loss = 0.978678 (83.723 sec/epoch), lr: 0.000951
Evaluating on dev set...
...........................
source: 	 mrr: 0.036815	 ndcg_5: 0.0261	 ndcg_10: 0.0392	 hit@1:0.009413	 hit@5:0.0434	 hit@10: 0.0840
target: 	 mrr: 0.050544	 ndcg_5: 0.0413	 ndcg_10: 0.0551	 hit@1:0.021603	 hit@5:0.0627	 hit@10: 0.1052
epoch 70: train_loss = 0.978678, source_hit@10 = 0.0840, source_ndcg@10 = 0.0392, target_hit@10 = 0.1052, target_ndcg@10 = 0.0551

2024-08-07 13:41:41.807692: step 21584/24320 (epoch 71/80), loss = 0.974402 (84.577 sec/epoch), lr: 0.000904
Evaluating on dev set...
...........................
source: 	 mrr: 0.026607	 ndcg_5: 0.0169	 ndcg_10: 0.0260	 hit@1:0.006517	 hit@5:0.0290	 hit@10: 0.0579
target: 	 mrr: 0.050798	 ndcg_5: 0.0436	 ndcg_10: 0.0541	 hit@1:0.020209	 hit@5:0.0669	 hit@10: 0.0997
epoch 71: train_loss = 0.974402, source_hit@10 = 0.0579, source_ndcg@10 = 0.0260, target_hit@10 = 0.0997, target_ndcg@10 = 0.0541

2024-08-07 13:43:07.962191: step 21888/24320 (epoch 72/80), loss = 0.971299 (85.482 sec/epoch), lr: 0.000859
Evaluating on dev set...
...........................
source: 	 mrr: 0.040169	 ndcg_5: 0.0303	 ndcg_10: 0.0396	 hit@1:0.013758	 hit@5:0.0463	 hit@10: 0.0753
target: 	 mrr: 0.050544	 ndcg_5: 0.0440	 ndcg_10: 0.0559	 hit@1:0.017422	 hit@5:0.0697	 hit@10: 0.1066
epoch 72: train_loss = 0.971299, source_hit@10 = 0.0753, source_ndcg@10 = 0.0396, target_hit@10 = 0.1066, target_ndcg@10 = 0.0559

2024-08-07 13:44:34.458771: step 22192/24320 (epoch 73/80), loss = 0.968981 (85.786 sec/epoch), lr: 0.000859
Evaluating on dev set...
...........................
source: 	 mrr: 0.036752	 ndcg_5: 0.0266	 ndcg_10: 0.0373	 hit@1:0.010862	 hit@5:0.0420	 hit@10: 0.0753
target: 	 mrr: 0.056666	 ndcg_5: 0.0478	 ndcg_10: 0.0588	 hit@1:0.027875	 hit@5:0.0690	 hit@10: 0.1031
epoch 73: train_loss = 0.968981, source_hit@10 = 0.0753, source_ndcg@10 = 0.0373, target_hit@10 = 0.1031, target_ndcg@10 = 0.0588

2024-08-07 13:45:59.452514: step 22496/24320 (epoch 74/80), loss = 0.969293 (84.271 sec/epoch), lr: 0.000859
Evaluating on dev set...
...........................
source: 	 mrr: 0.033153	 ndcg_5: 0.0235	 ndcg_10: 0.0334	 hit@1:0.007965	 hit@5:0.0391	 hit@10: 0.0702
target: 	 mrr: 0.044327	 ndcg_5: 0.0350	 ndcg_10: 0.0480	 hit@1:0.014634	 hit@5:0.0544	 hit@10: 0.0955
epoch 74: train_loss = 0.969293, source_hit@10 = 0.0702, source_ndcg@10 = 0.0334, target_hit@10 = 0.0955, target_ndcg@10 = 0.0480

2024-08-07 13:47:25.867328: step 22800/24320 (epoch 75/80), loss = 0.965808 (85.669 sec/epoch), lr: 0.000816
Evaluating on dev set...
...........................
source: 	 mrr: 0.035024	 ndcg_5: 0.0245	 ndcg_10: 0.0353	 hit@1:0.008689	 hit@5:0.0398	 hit@10: 0.0739
target: 	 mrr: 0.051151	 ndcg_5: 0.0435	 ndcg_10: 0.0553	 hit@1:0.019512	 hit@5:0.0676	 hit@10: 0.1038
epoch 75: train_loss = 0.965808, source_hit@10 = 0.0739, source_ndcg@10 = 0.0353, target_hit@10 = 0.1038, target_ndcg@10 = 0.0553

2024-08-07 13:48:52.884713: step 23104/24320 (epoch 76/80), loss = 0.963640 (86.301 sec/epoch), lr: 0.000816
Evaluating on dev set...
...........................
source: 	 mrr: 0.043071	 ndcg_5: 0.0337	 ndcg_10: 0.0442	 hit@1:0.015930	 hit@5:0.0529	 hit@10: 0.0854
target: 	 mrr: 0.051000	 ndcg_5: 0.0425	 ndcg_10: 0.0528	 hit@1:0.019512	 hit@5:0.0648	 hit@10: 0.0969
epoch 76: train_loss = 0.963640, source_hit@10 = 0.0854, source_ndcg@10 = 0.0442, target_hit@10 = 0.0969, target_ndcg@10 = 0.0528

2024-08-07 13:50:19.275005: step 23408/24320 (epoch 77/80), loss = 0.963982 (85.665 sec/epoch), lr: 0.000816
Evaluating on dev set...
...........................
source: 	 mrr: 0.039511	 ndcg_5: 0.0325	 ndcg_10: 0.0392	 hit@1:0.014482	 hit@5:0.0514	 hit@10: 0.0717
target: 	 mrr: 0.047203	 ndcg_5: 0.0381	 ndcg_10: 0.0488	 hit@1:0.018815	 hit@5:0.0571	 hit@10: 0.0913
epoch 77: train_loss = 0.963982, source_hit@10 = 0.0717, source_ndcg@10 = 0.0392, target_hit@10 = 0.0913, target_ndcg@10 = 0.0488

2024-08-07 13:51:44.590925: step 23712/24320 (epoch 78/80), loss = 0.958841 (84.586 sec/epoch), lr: 0.000775
Evaluating on dev set...
...........................
source: 	 mrr: 0.038060	 ndcg_5: 0.0291	 ndcg_10: 0.0381	 hit@1:0.013758	 hit@5:0.0449	 hit@10: 0.0731
target: 	 mrr: 0.049608	 ndcg_5: 0.0398	 ndcg_10: 0.0551	 hit@1:0.020209	 hit@5:0.0599	 hit@10: 0.1080
epoch 78: train_loss = 0.958841, source_hit@10 = 0.0731, source_ndcg@10 = 0.0381, target_hit@10 = 0.1080, target_ndcg@10 = 0.0551

2024-08-07 13:53:12.150611: step 24016/24320 (epoch 79/80), loss = 0.959097 (86.908 sec/epoch), lr: 0.000775
Evaluating on dev set...
...........................
source: 	 mrr: 0.039605	 ndcg_5: 0.0302	 ndcg_10: 0.0414	 hit@1:0.012310	 hit@5:0.0478	 hit@10: 0.0833
target: 	 mrr: 0.047840	 ndcg_5: 0.0396	 ndcg_10: 0.0515	 hit@1:0.015331	 hit@5:0.0627	 hit@10: 0.0997
epoch 79: train_loss = 0.959097, source_hit@10 = 0.0833, source_ndcg@10 = 0.0414, target_hit@10 = 0.0997, target_ndcg@10 = 0.0515

2024-08-07 13:54:40.083721: step 24320/24320 (epoch 80/80), loss = 0.954997 (87.209 sec/epoch), lr: 0.000736
Evaluating on dev set...
...........................
source: 	 mrr: 0.040910	 ndcg_5: 0.0305	 ndcg_10: 0.0415	 hit@1:0.013034	 hit@5:0.0471	 hit@10: 0.0811
target: 	 mrr: 0.045737	 ndcg_5: 0.0364	 ndcg_10: 0.0481	 hit@1:0.016725	 hit@5:0.0571	 hit@10: 0.0941
epoch 80: train_loss = 0.954997, source_hit@10 = 0.0811, source_ndcg@10 = 0.0415, target_hit@10 = 0.0941, target_ndcg@10 = 0.0481

