nohup: ignoring input
/home1/lhr/anaconda3/envs/torch/lib/python3.8/site-packages/torch_geometric/typing.py:54: UserWarning: An issue occurred while importing 'pyg-lib'. Disabling its usage. Stacktrace: /lib/x86_64-linux-gnu/libm.so.6: version `GLIBC_2.29' not found (required by /home1/lhr/anaconda3/envs/torch/lib/python3.8/site-packages/libpyg.so)
  warnings.warn(f"An issue occurred while importing 'pyg-lib'. "
/home1/lhr/anaconda3/envs/torch/lib/python3.8/site-packages/torch_geometric/typing.py:110: UserWarning: An issue occurred while importing 'torch-sparse'. Disabling its usage. Stacktrace: /lib/x86_64-linux-gnu/libm.so.6: version `GLIBC_2.29' not found (required by /home1/lhr/anaconda3/envs/torch/lib/python3.8/site-packages/libpyg.so)
  warnings.warn(f"An issue occurred while importing 'torch-sparse'. "
using gpu:1 to train the model
using gpu:1 to train the model
cuda:1
Namespace(A_split=False, JK='sum', a_fold=100, aggregate=False, alpha=0.5, batch_size=1024, beta_inter=0.55, conv_layers=4, cuda=True, decay_epoch=10, device=device(type='cuda', index=1), device_id='1', domains='game_video', dropout=0.5, epoch=80, feature_dim=126, hidden_dim=126, inter_tau=0.2, intra_tau=1, lambda_critic=0.4, leakey=0.05, load=False, log='logs.txt', log_epoch=1, lr=0.005, lr_decay=0.95, min_epoch=50, mode='train', model_file=None, model_name='gv', momentum=0.98, num_latent_factors=3, num_negative=100, optim='adam', patience=20, proj_layers=1, projection=1, rectify_epoch=30, residual=1, save=False, save_dir='./saved_models', seed=32, similarity_tau=0.1, test_sample_number=999, user_batch_size=256, weight_decay=0.0002)
number_user 25025
number_item 12319
/home1/lhr/invariantCDR/invariantCDR/utils/GraphMaker.py:46: RuntimeWarning: divide by zero encountered in power
  r_inv = np.power(rowsum, -1).flatten()
/home1/lhr/invariantCDR/invariantCDR/utils/GraphMaker.py:72: UserWarning: torch.sparse.SparseTensor(indices, values, shape, *, device=) is deprecated.  Please use torch.sparse_coo_tensor(indices, values, shape, dtype=, device=). (Triggered internally at /opt/conda/conda-bld/pytorch_1711403590347/work/torch/csrc/utils/tensor_new.cpp:618.)
  return torch.sparse.FloatTensor(indices, values, shape)
real graph loaded!
number_user 19457
number_item 8751
real graph loaded!
graph loaded!
Loading data from game_video with batch size 1024...
unseen test: 0
test length: 1381
unseen test: 0
test length: 1304
unseen test: 0
test length: 1435
unseen test: 0
test length: 1458
source_user_num 25025
target_user_num 19457
source_item_num 12319
target_item_num 8751
shared users id: 1737
test users 226, 217
unseen test: 0
dev length: 1000
unseen test: 0
dev length: 1000
source train data : 155036, target train data: 156091, source test data : 1304, target test data : 1458, source dev data : 1000, target dev data : 1000
2024-08-07 09:40:48.851866: step 304/24320 (epoch 1/80), loss = 1.372813 (85.583 sec/epoch), lr: 0.005000
Evaluating on dev set...
...........................
source: 	 mrr: 0.015362	 ndcg_5: 0.0070	 ndcg_10: 0.0122	 hit@1:0.000724	 hit@5:0.0138	 hit@10: 0.0297
target: 	 mrr: 0.027359	 ndcg_5: 0.0190	 ndcg_10: 0.0290	 hit@1:0.006272	 hit@5:0.0321	 hit@10: 0.0634
source best!
.............
source: 	 mrr: 0.017968	 ndcg_5: 0.0074	 ndcg_10: 0.0139	 hit@1:0.003067	 hit@5:0.0123	 hit@10: 0.0322
target best!
..............target: 	 mrr: 0.032843	 ndcg_5: 0.0247	 ndcg_10: 0.0339	 hit@1:0.010974	 hit@5:0.0377	 hit@10: 0.0665
epoch 1: train_loss = 1.372813, source_hit@10 = 0.0322, source_ndcg@10 = 0.0139, target_hit@10 = 0.0665, target_ndcg@10 = 0.0339

2024-08-07 09:42:14.971291: step 608/24320 (epoch 2/80), loss = 1.234159 (84.413 sec/epoch), lr: 0.005000
Evaluating on dev set...
...........................
source: 	 mrr: 0.020156	 ndcg_5: 0.0097	 ndcg_10: 0.0152	 hit@1:0.002896	 hit@5:0.0167	 hit@10: 0.0340
target: 	 mrr: 0.034127	 ndcg_5: 0.0253	 ndcg_10: 0.0353	 hit@1:0.011847	 hit@5:0.0397	 hit@10: 0.0711
source best!
.............
source: 	 mrr: 0.025299	 ndcg_5: 0.0152	 ndcg_10: 0.0205	 hit@1:0.006135	 hit@5:0.0238	 hit@10: 0.0399
target best!
..............target: 	 mrr: 0.028659	 ndcg_5: 0.0185	 ndcg_10: 0.0290	 hit@1:0.005487	 hit@5:0.0316	 hit@10: 0.0638
epoch 2: train_loss = 1.234159, source_hit@10 = 0.0399, source_ndcg@10 = 0.0205, target_hit@10 = 0.0638, target_ndcg@10 = 0.0290
new best model saved.

2024-08-07 09:43:40.194755: step 912/24320 (epoch 3/80), loss = 1.206000 (83.731 sec/epoch), lr: 0.005000
Evaluating on dev set...
...........................
source: 	 mrr: 0.026721	 ndcg_5: 0.0166	 ndcg_10: 0.0232	 hit@1:0.002896	 hit@5:0.0304	 hit@10: 0.0514
target: 	 mrr: 0.025259	 ndcg_5: 0.0145	 ndcg_10: 0.0241	 hit@1:0.005575	 hit@5:0.0230	 hit@10: 0.0530
source best!
.............
source: 	 mrr: 0.028640	 ndcg_5: 0.0183	 ndcg_10: 0.0268	 hit@1:0.003834	 hit@5:0.0330	 hit@10: 0.0598
epoch 3: train_loss = 1.206000, source_hit@10 = 0.0598, source_ndcg@10 = 0.0268, target_hit@10 = 0.0530, target_ndcg@10 = 0.0241
new best model saved.

2024-08-07 09:45:04.616050: step 1216/24320 (epoch 4/80), loss = 1.176179 (83.279 sec/epoch), lr: 0.005000
Evaluating on dev set...
...........................
source: 	 mrr: 0.033357	 ndcg_5: 0.0252	 ndcg_10: 0.0343	 hit@1:0.008689	 hit@5:0.0420	 hit@10: 0.0702
target: 	 mrr: 0.031807	 ndcg_5: 0.0228	 ndcg_10: 0.0314	 hit@1:0.010453	 hit@5:0.0348	 hit@10: 0.0620
source best!
.............
source: 	 mrr: 0.025313	 ndcg_5: 0.0161	 ndcg_10: 0.0232	 hit@1:0.003834	 hit@5:0.0284	 hit@10: 0.0506
epoch 4: train_loss = 1.176179, source_hit@10 = 0.0506, source_ndcg@10 = 0.0232, target_hit@10 = 0.0620, target_ndcg@10 = 0.0314
new best model saved.

2024-08-07 09:46:32.361268: step 1520/24320 (epoch 5/80), loss = 1.164457 (86.701 sec/epoch), lr: 0.005000
Evaluating on dev set...
...........................
source: 	 mrr: 0.032604	 ndcg_5: 0.0231	 ndcg_10: 0.0324	 hit@1:0.007965	 hit@5:0.0391	 hit@10: 0.0681
target: 	 mrr: 0.028057	 ndcg_5: 0.0195	 ndcg_10: 0.0252	 hit@1:0.010453	 hit@5:0.0300	 hit@10: 0.0474
epoch 5: train_loss = 1.164457, source_hit@10 = 0.0681, source_ndcg@10 = 0.0324, target_hit@10 = 0.0474, target_ndcg@10 = 0.0252

2024-08-07 09:47:59.474610: step 1824/24320 (epoch 6/80), loss = 1.156511 (86.377 sec/epoch), lr: 0.005000
Evaluating on dev set...
...........................
source: 	 mrr: 0.034381	 ndcg_5: 0.0244	 ndcg_10: 0.0339	 hit@1:0.008689	 hit@5:0.0413	 hit@10: 0.0702
target: 	 mrr: 0.035359	 ndcg_5: 0.0265	 ndcg_10: 0.0357	 hit@1:0.012544	 hit@5:0.0404	 hit@10: 0.0690
source best!
.............
source: 	 mrr: 0.036246	 ndcg_5: 0.0263	 ndcg_10: 0.0344	 hit@1:0.010736	 hit@5:0.0414	 hit@10: 0.0667
target best!
..............target: 	 mrr: 0.032803	 ndcg_5: 0.0250	 ndcg_10: 0.0334	 hit@1:0.008230	 hit@5:0.0418	 hit@10: 0.0686
epoch 6: train_loss = 1.156511, source_hit@10 = 0.0667, source_ndcg@10 = 0.0344, target_hit@10 = 0.0686, target_ndcg@10 = 0.0334
new best model saved.

2024-08-07 09:49:28.727255: step 2128/24320 (epoch 7/80), loss = 1.152721 (87.610 sec/epoch), lr: 0.005000
Evaluating on dev set...
...........................
source: 	 mrr: 0.030812	 ndcg_5: 0.0213	 ndcg_10: 0.0304	 hit@1:0.006517	 hit@5:0.0362	 hit@10: 0.0644
target: 	 mrr: 0.034355	 ndcg_5: 0.0260	 ndcg_10: 0.0351	 hit@1:0.009059	 hit@5:0.0432	 hit@10: 0.0718
epoch 7: train_loss = 1.152721, source_hit@10 = 0.0644, source_ndcg@10 = 0.0304, target_hit@10 = 0.0718, target_ndcg@10 = 0.0351

2024-08-07 09:50:56.037516: step 2432/24320 (epoch 8/80), loss = 1.141210 (86.576 sec/epoch), lr: 0.005000
Evaluating on dev set...
...........................
source: 	 mrr: 0.029544	 ndcg_5: 0.0195	 ndcg_10: 0.0293	 hit@1:0.006517	 hit@5:0.0311	 hit@10: 0.0615
target: 	 mrr: 0.021438	 ndcg_5: 0.0122	 ndcg_10: 0.0190	 hit@1:0.006272	 hit@5:0.0188	 hit@10: 0.0397
epoch 8: train_loss = 1.141210, source_hit@10 = 0.0615, source_ndcg@10 = 0.0293, target_hit@10 = 0.0397, target_ndcg@10 = 0.0190

2024-08-07 09:52:25.651963: step 2736/24320 (epoch 9/80), loss = 1.112898 (88.875 sec/epoch), lr: 0.005000
Evaluating on dev set...
...........................
source: 	 mrr: 0.034397	 ndcg_5: 0.0247	 ndcg_10: 0.0339	 hit@1:0.010862	 hit@5:0.0384	 hit@10: 0.0681
target: 	 mrr: 0.028615	 ndcg_5: 0.0210	 ndcg_10: 0.0291	 hit@1:0.005575	 hit@5:0.0369	 hit@10: 0.0620
source best!
.............
source: 	 mrr: 0.032143	 ndcg_5: 0.0229	 ndcg_10: 0.0327	 hit@1:0.008436	 hit@5:0.0391	 hit@10: 0.0698
epoch 9: train_loss = 1.112898, source_hit@10 = 0.0698, source_ndcg@10 = 0.0327, target_hit@10 = 0.0620, target_ndcg@10 = 0.0291
new best model saved.

2024-08-07 09:53:53.415481: step 3040/24320 (epoch 10/80), loss = 1.104399 (86.719 sec/epoch), lr: 0.005000
Evaluating on dev set...
...........................
source: 	 mrr: 0.032879	 ndcg_5: 0.0229	 ndcg_10: 0.0318	 hit@1:0.007241	 hit@5:0.0406	 hit@10: 0.0681
target: 	 mrr: 0.037936	 ndcg_5: 0.0290	 ndcg_10: 0.0397	 hit@1:0.011150	 hit@5:0.0474	 hit@10: 0.0808
target best!
..............target: 	 mrr: 0.039011	 ndcg_5: 0.0286	 ndcg_10: 0.0402	 hit@1:0.010974	 hit@5:0.0460	 hit@10: 0.0823
epoch 10: train_loss = 1.104399, source_hit@10 = 0.0681, source_ndcg@10 = 0.0318, target_hit@10 = 0.0823, target_ndcg@10 = 0.0402
new best model saved.

2024-08-07 09:55:21.909017: step 3344/24320 (epoch 11/80), loss = 1.100954 (87.346 sec/epoch), lr: 0.005000
Evaluating on dev set...
...........................
source: 	 mrr: 0.033459	 ndcg_5: 0.0247	 ndcg_10: 0.0353	 hit@1:0.005793	 hit@5:0.0456	 hit@10: 0.0782
target: 	 mrr: 0.039605	 ndcg_5: 0.0321	 ndcg_10: 0.0422	 hit@1:0.011150	 hit@5:0.0537	 hit@10: 0.0850
target best!
..............target: 	 mrr: 0.038283	 ndcg_5: 0.0288	 ndcg_10: 0.0412	 hit@1:0.008916	 hit@5:0.0487	 hit@10: 0.0871
epoch 11: train_loss = 1.100954, source_hit@10 = 0.0782, source_ndcg@10 = 0.0353, target_hit@10 = 0.0871, target_ndcg@10 = 0.0412
new best model saved.

2024-08-07 09:56:52.518196: step 3648/24320 (epoch 12/80), loss = 1.098004 (89.310 sec/epoch), lr: 0.005000
Evaluating on dev set...
...........................
source: 	 mrr: 0.039700	 ndcg_5: 0.0287	 ndcg_10: 0.0409	 hit@1:0.011586	 hit@5:0.0449	 hit@10: 0.0833
target: 	 mrr: 0.042603	 ndcg_5: 0.0339	 ndcg_10: 0.0455	 hit@1:0.012544	 hit@5:0.0551	 hit@10: 0.0913
source best!
.............
source: 	 mrr: 0.035671	 ndcg_5: 0.0248	 ndcg_10: 0.0351	 hit@1:0.009969	 hit@5:0.0391	 hit@10: 0.0713
target best!
..............target: 	 mrr: 0.042309	 ndcg_5: 0.0323	 ndcg_10: 0.0424	 hit@1:0.013717	 hit@5:0.0508	 hit@10: 0.0823
epoch 12: train_loss = 1.098004, source_hit@10 = 0.0713, source_ndcg@10 = 0.0351, target_hit@10 = 0.0823, target_ndcg@10 = 0.0424
new best model saved.

2024-08-07 09:58:21.842319: step 3952/24320 (epoch 13/80), loss = 1.097453 (87.841 sec/epoch), lr: 0.005000
Evaluating on dev set...
...........................
source: 	 mrr: 0.043579	 ndcg_5: 0.0324	 ndcg_10: 0.0435	 hit@1:0.018827	 hit@5:0.0449	 hit@10: 0.0797
target: 	 mrr: 0.051645	 ndcg_5: 0.0427	 ndcg_10: 0.0534	 hit@1:0.020209	 hit@5:0.0634	 hit@10: 0.0969
source best!
.............
source: 	 mrr: 0.036928	 ndcg_5: 0.0254	 ndcg_10: 0.0375	 hit@1:0.011503	 hit@5:0.0391	 hit@10: 0.0775
target best!
..............target: 	 mrr: 0.047365	 ndcg_5: 0.0376	 ndcg_10: 0.0524	 hit@1:0.015089	 hit@5:0.0610	 hit@10: 0.1084
epoch 13: train_loss = 1.097453, source_hit@10 = 0.0775, source_ndcg@10 = 0.0375, target_hit@10 = 0.1084, target_ndcg@10 = 0.0524
new best model saved.

2024-08-07 09:59:50.848476: step 4256/24320 (epoch 14/80), loss = 1.094868 (87.506 sec/epoch), lr: 0.005000
Evaluating on dev set...
...........................
source: 	 mrr: 0.029636	 ndcg_5: 0.0199	 ndcg_10: 0.0294	 hit@1:0.005793	 hit@5:0.0348	 hit@10: 0.0644
target: 	 mrr: 0.048524	 ndcg_5: 0.0379	 ndcg_10: 0.0524	 hit@1:0.019512	 hit@5:0.0557	 hit@10: 0.1010
epoch 14: train_loss = 1.094868, source_hit@10 = 0.0644, source_ndcg@10 = 0.0294, target_hit@10 = 0.1010, target_ndcg@10 = 0.0524

2024-08-07 10:01:18.880246: step 4560/24320 (epoch 15/80), loss = 1.089381 (87.290 sec/epoch), lr: 0.004750
Evaluating on dev set...
...........................
source: 	 mrr: 0.038184	 ndcg_5: 0.0264	 ndcg_10: 0.0382	 hit@1:0.010862	 hit@5:0.0420	 hit@10: 0.0782
target: 	 mrr: 0.045677	 ndcg_5: 0.0356	 ndcg_10: 0.0481	 hit@1:0.013937	 hit@5:0.0557	 hit@10: 0.0941
epoch 15: train_loss = 1.089381, source_hit@10 = 0.0782, source_ndcg@10 = 0.0382, target_hit@10 = 0.0941, target_ndcg@10 = 0.0481

2024-08-07 10:02:46.904870: step 4864/24320 (epoch 16/80), loss = 1.089601 (87.280 sec/epoch), lr: 0.004750
Evaluating on dev set...
...........................
source: 	 mrr: 0.036169	 ndcg_5: 0.0256	 ndcg_10: 0.0342	 hit@1:0.010862	 hit@5:0.0391	 hit@10: 0.0659
target: 	 mrr: 0.045277	 ndcg_5: 0.0362	 ndcg_10: 0.0503	 hit@1:0.011150	 hit@5:0.0620	 hit@10: 0.1059
epoch 16: train_loss = 1.089601, source_hit@10 = 0.0659, source_ndcg@10 = 0.0342, target_hit@10 = 0.1059, target_ndcg@10 = 0.0503

2024-08-07 10:04:14.267840: step 5168/24320 (epoch 17/80), loss = 1.084951 (86.601 sec/epoch), lr: 0.004513
Evaluating on dev set...
...........................
source: 	 mrr: 0.030729	 ndcg_5: 0.0219	 ndcg_10: 0.0280	 hit@1:0.007241	 hit@5:0.0377	 hit@10: 0.0565
target: 	 mrr: 0.053322	 ndcg_5: 0.0422	 ndcg_10: 0.0598	 hit@1:0.019512	 hit@5:0.0655	 hit@10: 0.1199
target best!
..............target: 	 mrr: 0.047749	 ndcg_5: 0.0373	 ndcg_10: 0.0528	 hit@1:0.012346	 hit@5:0.0624	 hit@10: 0.1104
epoch 17: train_loss = 1.084951, source_hit@10 = 0.0565, source_ndcg@10 = 0.0280, target_hit@10 = 0.1104, target_ndcg@10 = 0.0528
new best model saved.

2024-08-07 10:05:42.735099: step 5472/24320 (epoch 18/80), loss = 1.084298 (87.263 sec/epoch), lr: 0.004513
Evaluating on dev set...
...........................
source: 	 mrr: 0.030547	 ndcg_5: 0.0228	 ndcg_10: 0.0283	 hit@1:0.008689	 hit@5:0.0369	 hit@10: 0.0543
target: 	 mrr: 0.052634	 ndcg_5: 0.0435	 ndcg_10: 0.0570	 hit@1:0.020906	 hit@5:0.0662	 hit@10: 0.1080
epoch 18: train_loss = 1.084298, source_hit@10 = 0.0543, source_ndcg@10 = 0.0283, target_hit@10 = 0.1080, target_ndcg@10 = 0.0570

2024-08-07 10:07:10.300577: step 5776/24320 (epoch 19/80), loss = 1.080266 (86.818 sec/epoch), lr: 0.004287
Evaluating on dev set...
...........................
source: 	 mrr: 0.038831	 ndcg_5: 0.0269	 ndcg_10: 0.0396	 hit@1:0.009413	 hit@5:0.0442	 hit@10: 0.0833
target: 	 mrr: 0.043888	 ndcg_5: 0.0380	 ndcg_10: 0.0481	 hit@1:0.013937	 hit@5:0.0634	 hit@10: 0.0948
epoch 19: train_loss = 1.080266, source_hit@10 = 0.0833, source_ndcg@10 = 0.0396, target_hit@10 = 0.0948, target_ndcg@10 = 0.0481

2024-08-07 10:08:38.503073: step 6080/24320 (epoch 20/80), loss = 1.077144 (87.464 sec/epoch), lr: 0.004073
Evaluating on dev set...
...........................
source: 	 mrr: 0.042257	 ndcg_5: 0.0315	 ndcg_10: 0.0408	 hit@1:0.014482	 hit@5:0.0478	 hit@10: 0.0768
target: 	 mrr: 0.051165	 ndcg_5: 0.0421	 ndcg_10: 0.0552	 hit@1:0.018815	 hit@5:0.0641	 hit@10: 0.1045
epoch 20: train_loss = 1.077144, source_hit@10 = 0.0768, source_ndcg@10 = 0.0408, target_hit@10 = 0.1045, target_ndcg@10 = 0.0552

2024-08-07 10:10:07.111458: step 6384/24320 (epoch 21/80), loss = 1.073879 (87.854 sec/epoch), lr: 0.004073
Evaluating on dev set...
...........................
source: 	 mrr: 0.028796	 ndcg_5: 0.0190	 ndcg_10: 0.0269	 hit@1:0.004345	 hit@5:0.0333	 hit@10: 0.0579
target: 	 mrr: 0.059905	 ndcg_5: 0.0520	 ndcg_10: 0.0672	 hit@1:0.022997	 hit@5:0.0815	 hit@10: 0.1289
target best!
..............target: 	 mrr: 0.057883	 ndcg_5: 0.0499	 ndcg_10: 0.0643	 hit@1:0.020576	 hit@5:0.0796	 hit@10: 0.1248
epoch 21: train_loss = 1.073879, source_hit@10 = 0.0579, source_ndcg@10 = 0.0269, target_hit@10 = 0.1248, target_ndcg@10 = 0.0643
new best model saved.

2024-08-07 10:11:34.539608: step 6688/24320 (epoch 22/80), loss = 1.071148 (86.185 sec/epoch), lr: 0.003869
Evaluating on dev set...
...........................
source: 	 mrr: 0.040069	 ndcg_5: 0.0276	 ndcg_10: 0.0406	 hit@1:0.013034	 hit@5:0.0420	 hit@10: 0.0825
target: 	 mrr: 0.053623	 ndcg_5: 0.0453	 ndcg_10: 0.0584	 hit@1:0.022300	 hit@5:0.0697	 hit@10: 0.1108
epoch 22: train_loss = 1.071148, source_hit@10 = 0.0825, source_ndcg@10 = 0.0406, target_hit@10 = 0.1108, target_ndcg@10 = 0.0584

2024-08-07 10:13:01.605129: step 6992/24320 (epoch 23/80), loss = 1.068895 (86.344 sec/epoch), lr: 0.003869
Evaluating on dev set...
...........................
source: 	 mrr: 0.029076	 ndcg_5: 0.0182	 ndcg_10: 0.0271	 hit@1:0.005793	 hit@5:0.0319	 hit@10: 0.0601
target: 	 mrr: 0.045164	 ndcg_5: 0.0358	 ndcg_10: 0.0519	 hit@1:0.011150	 hit@5:0.0620	 hit@10: 0.1122
epoch 23: train_loss = 1.068895, source_hit@10 = 0.0601, source_ndcg@10 = 0.0271, target_hit@10 = 0.1122, target_ndcg@10 = 0.0519

2024-08-07 10:14:27.490568: step 7296/24320 (epoch 24/80), loss = 1.065773 (85.155 sec/epoch), lr: 0.003675
Evaluating on dev set...
...........................
source: 	 mrr: 0.035659	 ndcg_5: 0.0233	 ndcg_10: 0.0343	 hit@1:0.009413	 hit@5:0.0369	 hit@10: 0.0710
target: 	 mrr: 0.046600	 ndcg_5: 0.0379	 ndcg_10: 0.0494	 hit@1:0.013937	 hit@5:0.0606	 hit@10: 0.0969
epoch 24: train_loss = 1.065773, source_hit@10 = 0.0710, source_ndcg@10 = 0.0343, target_hit@10 = 0.0969, target_ndcg@10 = 0.0494

2024-08-07 10:15:55.605794: step 7600/24320 (epoch 25/80), loss = 1.064170 (87.365 sec/epoch), lr: 0.003675
Evaluating on dev set...
...........................
source: 	 mrr: 0.040722	 ndcg_5: 0.0295	 ndcg_10: 0.0419	 hit@1:0.010138	 hit@5:0.0478	 hit@10: 0.0869
target: 	 mrr: 0.046706	 ndcg_5: 0.0382	 ndcg_10: 0.0520	 hit@1:0.013240	 hit@5:0.0641	 hit@10: 0.1073
epoch 25: train_loss = 1.064170, source_hit@10 = 0.0869, source_ndcg@10 = 0.0419, target_hit@10 = 0.1073, target_ndcg@10 = 0.0520

2024-08-07 10:17:23.461439: step 7904/24320 (epoch 26/80), loss = 1.062668 (87.121 sec/epoch), lr: 0.003675
Evaluating on dev set...
...........................
source: 	 mrr: 0.040036	 ndcg_5: 0.0289	 ndcg_10: 0.0412	 hit@1:0.012310	 hit@5:0.0456	 hit@10: 0.0847
target: 	 mrr: 0.053305	 ndcg_5: 0.0456	 ndcg_10: 0.0607	 hit@1:0.017422	 hit@5:0.0739	 hit@10: 0.1213
epoch 26: train_loss = 1.062668, source_hit@10 = 0.0847, source_ndcg@10 = 0.0412, target_hit@10 = 0.1213, target_ndcg@10 = 0.0607

2024-08-07 10:18:51.700536: step 8208/24320 (epoch 27/80), loss = 1.064706 (87.429 sec/epoch), lr: 0.003675
Evaluating on dev set...
...........................
source: 	 mrr: 0.035139	 ndcg_5: 0.0250	 ndcg_10: 0.0342	 hit@1:0.011586	 hit@5:0.0391	 hit@10: 0.0681
target: 	 mrr: 0.047822	 ndcg_5: 0.0399	 ndcg_10: 0.0527	 hit@1:0.014634	 hit@5:0.0655	 hit@10: 0.1052
epoch 27: train_loss = 1.064706, source_hit@10 = 0.0681, source_ndcg@10 = 0.0342, target_hit@10 = 0.1052, target_ndcg@10 = 0.0527

2024-08-07 10:20:19.458898: step 8512/24320 (epoch 28/80), loss = 1.058098 (86.990 sec/epoch), lr: 0.003492
Evaluating on dev set...
...........................
source: 	 mrr: 0.044790	 ndcg_5: 0.0339	 ndcg_10: 0.0435	 hit@1:0.016655	 hit@5:0.0507	 hit@10: 0.0804
target: 	 mrr: 0.045850	 ndcg_5: 0.0379	 ndcg_10: 0.0502	 hit@1:0.013240	 hit@5:0.0627	 hit@10: 0.1010
source best!
.............
source: 	 mrr: 0.040203	 ndcg_5: 0.0285	 ndcg_10: 0.0403	 hit@1:0.011503	 hit@5:0.0452	 hit@10: 0.0821
epoch 28: train_loss = 1.058098, source_hit@10 = 0.0821, source_ndcg@10 = 0.0403, target_hit@10 = 0.1010, target_ndcg@10 = 0.0502
new best model saved.

2024-08-07 10:21:48.507575: step 8816/24320 (epoch 29/80), loss = 1.059937 (87.813 sec/epoch), lr: 0.003492
Evaluating on dev set...
...........................
source: 	 mrr: 0.036550	 ndcg_5: 0.0261	 ndcg_10: 0.0365	 hit@1:0.009413	 hit@5:0.0413	 hit@10: 0.0739
target: 	 mrr: 0.051643	 ndcg_5: 0.0452	 ndcg_10: 0.0584	 hit@1:0.017422	 hit@5:0.0746	 hit@10: 0.1157
epoch 29: train_loss = 1.059937, source_hit@10 = 0.0739, source_ndcg@10 = 0.0365, target_hit@10 = 0.1157, target_ndcg@10 = 0.0584

2024-08-07 10:23:16.752057: step 9120/24320 (epoch 30/80), loss = 1.056888 (87.510 sec/epoch), lr: 0.003317
Evaluating on dev set...
...........................
source: 	 mrr: 0.029136	 ndcg_5: 0.0202	 ndcg_10: 0.0272	 hit@1:0.007965	 hit@5:0.0333	 hit@10: 0.0558
target: 	 mrr: 0.056380	 ndcg_5: 0.0479	 ndcg_10: 0.0622	 hit@1:0.023693	 hit@5:0.0725	 hit@10: 0.1171
epoch 30: train_loss = 1.056888, source_hit@10 = 0.0558, source_ndcg@10 = 0.0272, target_hit@10 = 0.1171, target_ndcg@10 = 0.0622
shift to transfer learning mode

2024-08-07 10:24:46.918173: step 9424/24320 (epoch 31/80), loss = 1.054556 (89.419 sec/epoch), lr: 0.003151
Evaluating on dev set...
...........................
source: 	 mrr: 0.043780	 ndcg_5: 0.0324	 ndcg_10: 0.0433	 hit@1:0.011586	 hit@5:0.0514	 hit@10: 0.0854
target: 	 mrr: 0.058836	 ndcg_5: 0.0511	 ndcg_10: 0.0643	 hit@1:0.020906	 hit@5:0.0787	 hit@10: 0.1199
epoch 31: train_loss = 1.054556, source_hit@10 = 0.0854, source_ndcg@10 = 0.0433, target_hit@10 = 0.1199, target_ndcg@10 = 0.0643

2024-08-07 10:26:18.483983: step 9728/24320 (epoch 32/80), loss = 1.055008 (90.834 sec/epoch), lr: 0.003151
Evaluating on dev set...
...........................
source: 	 mrr: 0.045525	 ndcg_5: 0.0335	 ndcg_10: 0.0457	 hit@1:0.014482	 hit@5:0.0500	 hit@10: 0.0883
target: 	 mrr: 0.052251	 ndcg_5: 0.0474	 ndcg_10: 0.0588	 hit@1:0.016028	 hit@5:0.0794	 hit@10: 0.1150
source best!
.............
source: 	 mrr: 0.038163	 ndcg_5: 0.0263	 ndcg_10: 0.0379	 hit@1:0.009969	 hit@5:0.0429	 hit@10: 0.0790
epoch 32: train_loss = 1.055008, source_hit@10 = 0.0790, source_ndcg@10 = 0.0379, target_hit@10 = 0.1150, target_ndcg@10 = 0.0588
new best model saved.

2024-08-07 10:27:48.246980: step 10032/24320 (epoch 33/80), loss = 1.052382 (88.695 sec/epoch), lr: 0.002994
Evaluating on dev set...
...........................
source: 	 mrr: 0.041754	 ndcg_5: 0.0317	 ndcg_10: 0.0414	 hit@1:0.013034	 hit@5:0.0500	 hit@10: 0.0804
target: 	 mrr: 0.047830	 ndcg_5: 0.0383	 ndcg_10: 0.0539	 hit@1:0.013240	 hit@5:0.0634	 hit@10: 0.1122
epoch 33: train_loss = 1.052382, source_hit@10 = 0.0804, source_ndcg@10 = 0.0414, target_hit@10 = 0.1122, target_ndcg@10 = 0.0539

2024-08-07 10:29:19.157501: step 10336/24320 (epoch 34/80), loss = 1.048218 (90.238 sec/epoch), lr: 0.002844
Evaluating on dev set...
...........................
source: 	 mrr: 0.045959	 ndcg_5: 0.0339	 ndcg_10: 0.0452	 hit@1:0.018827	 hit@5:0.0507	 hit@10: 0.0862
target: 	 mrr: 0.045040	 ndcg_5: 0.0379	 ndcg_10: 0.0501	 hit@1:0.015331	 hit@5:0.0627	 hit@10: 0.1010
source best!
.............
source: 	 mrr: 0.043923	 ndcg_5: 0.0333	 ndcg_10: 0.0457	 hit@1:0.012270	 hit@5:0.0552	 hit@10: 0.0943
epoch 34: train_loss = 1.048218, source_hit@10 = 0.0943, source_ndcg@10 = 0.0457, target_hit@10 = 0.1010, target_ndcg@10 = 0.0501
new best model saved.

2024-08-07 10:30:52.912923: step 10640/24320 (epoch 35/80), loss = 1.046339 (92.531 sec/epoch), lr: 0.002844
Evaluating on dev set...
...........................
source: 	 mrr: 0.035709	 ndcg_5: 0.0243	 ndcg_10: 0.0337	 hit@1:0.009413	 hit@5:0.0398	 hit@10: 0.0695
target: 	 mrr: 0.057457	 ndcg_5: 0.0484	 ndcg_10: 0.0609	 hit@1:0.022300	 hit@5:0.0746	 hit@10: 0.1136
epoch 35: train_loss = 1.046339, source_hit@10 = 0.0695, source_ndcg@10 = 0.0337, target_hit@10 = 0.1136, target_ndcg@10 = 0.0609

2024-08-07 10:32:29.361822: step 10944/24320 (epoch 36/80), loss = 1.046537 (95.729 sec/epoch), lr: 0.002844
Evaluating on dev set...
...........................
source: 	 mrr: 0.038650	 ndcg_5: 0.0280	 ndcg_10: 0.0390	 hit@1:0.010862	 hit@5:0.0463	 hit@10: 0.0804
target: 	 mrr: 0.052401	 ndcg_5: 0.0449	 ndcg_10: 0.0571	 hit@1:0.019512	 hit@5:0.0704	 hit@10: 0.1080
epoch 36: train_loss = 1.046537, source_hit@10 = 0.0804, source_ndcg@10 = 0.0390, target_hit@10 = 0.1080, target_ndcg@10 = 0.0571

2024-08-07 10:34:08.197733: step 11248/24320 (epoch 37/80), loss = 1.044800 (98.099 sec/epoch), lr: 0.002702
Evaluating on dev set...
...........................
source: 	 mrr: 0.029574	 ndcg_5: 0.0206	 ndcg_10: 0.0298	 hit@1:0.007965	 hit@5:0.0340	 hit@10: 0.0630
target: 	 mrr: 0.046727	 ndcg_5: 0.0369	 ndcg_10: 0.0544	 hit@1:0.014634	 hit@5:0.0599	 hit@10: 0.1150
epoch 37: train_loss = 1.044800, source_hit@10 = 0.0630, source_ndcg@10 = 0.0298, target_hit@10 = 0.1150, target_ndcg@10 = 0.0544

2024-08-07 10:35:43.602614: step 11552/24320 (epoch 38/80), loss = 1.040148 (94.677 sec/epoch), lr: 0.002567
Evaluating on dev set...
...........................
source: 	 mrr: 0.041399	 ndcg_5: 0.0280	 ndcg_10: 0.0406	 hit@1:0.014482	 hit@5:0.0427	 hit@10: 0.0833
target: 	 mrr: 0.053367	 ndcg_5: 0.0471	 ndcg_10: 0.0608	 hit@1:0.014634	 hit@5:0.0794	 hit@10: 0.1226
epoch 38: train_loss = 1.040148, source_hit@10 = 0.0833, source_ndcg@10 = 0.0406, target_hit@10 = 0.1226, target_ndcg@10 = 0.0608

2024-08-07 10:37:23.096518: step 11856/24320 (epoch 39/80), loss = 1.040761 (98.738 sec/epoch), lr: 0.002567
Evaluating on dev set...
...........................
source: 	 mrr: 0.037826	 ndcg_5: 0.0255	 ndcg_10: 0.0383	 hit@1:0.010138	 hit@5:0.0413	 hit@10: 0.0811
target: 	 mrr: 0.056368	 ndcg_5: 0.0470	 ndcg_10: 0.0621	 hit@1:0.022300	 hit@5:0.0718	 hit@10: 0.1192
epoch 39: train_loss = 1.040761, source_hit@10 = 0.0811, source_ndcg@10 = 0.0383, target_hit@10 = 0.1192, target_ndcg@10 = 0.0621

2024-08-07 10:38:58.437813: step 12160/24320 (epoch 40/80), loss = 1.040052 (94.609 sec/epoch), lr: 0.002438
Evaluating on dev set...
...........................
source: 	 mrr: 0.039883	 ndcg_5: 0.0287	 ndcg_10: 0.0383	 hit@1:0.010862	 hit@5:0.0471	 hit@10: 0.0775
target: 	 mrr: 0.058854	 ndcg_5: 0.0506	 ndcg_10: 0.0653	 hit@1:0.021603	 hit@5:0.0780	 hit@10: 0.1233
epoch 40: train_loss = 1.040052, source_hit@10 = 0.0775, source_ndcg@10 = 0.0383, target_hit@10 = 0.1233, target_ndcg@10 = 0.0653

2024-08-07 10:40:32.197421: step 12464/24320 (epoch 41/80), loss = 1.038832 (93.023 sec/epoch), lr: 0.002438
Evaluating on dev set...
...........................
source: 	 mrr: 0.037628	 ndcg_5: 0.0242	 ndcg_10: 0.0362	 hit@1:0.011586	 hit@5:0.0355	 hit@10: 0.0724
target: 	 mrr: 0.057499	 ndcg_5: 0.0503	 ndcg_10: 0.0651	 hit@1:0.019512	 hit@5:0.0801	 hit@10: 0.1254
epoch 41: train_loss = 1.038832, source_hit@10 = 0.0724, source_ndcg@10 = 0.0362, target_hit@10 = 0.1254, target_ndcg@10 = 0.0651

2024-08-07 10:42:13.086184: step 12768/24320 (epoch 42/80), loss = 1.037021 (100.166 sec/epoch), lr: 0.002316
Evaluating on dev set...
...........................
source: 	 mrr: 0.040763	 ndcg_5: 0.0298	 ndcg_10: 0.0429	 hit@1:0.013034	 hit@5:0.0485	 hit@10: 0.0891
target: 	 mrr: 0.052833	 ndcg_5: 0.0452	 ndcg_10: 0.0620	 hit@1:0.016725	 hit@5:0.0746	 hit@10: 0.1275
epoch 42: train_loss = 1.037021, source_hit@10 = 0.0891, source_ndcg@10 = 0.0429, target_hit@10 = 0.1275, target_ndcg@10 = 0.0620

2024-08-07 10:43:50.169373: step 13072/24320 (epoch 43/80), loss = 1.033805 (96.388 sec/epoch), lr: 0.002201
Evaluating on dev set...
...........................
source: 	 mrr: 0.042395	 ndcg_5: 0.0332	 ndcg_10: 0.0422	 hit@1:0.015206	 hit@5:0.0500	 hit@10: 0.0782
target: 	 mrr: 0.051467	 ndcg_5: 0.0426	 ndcg_10: 0.0586	 hit@1:0.015331	 hit@5:0.0697	 hit@10: 0.1206
epoch 43: train_loss = 1.033805, source_hit@10 = 0.0782, source_ndcg@10 = 0.0422, target_hit@10 = 0.1206, target_ndcg@10 = 0.0586

2024-08-07 10:45:23.404744: step 13376/24320 (epoch 44/80), loss = 1.032588 (92.493 sec/epoch), lr: 0.002201
Evaluating on dev set...
...........................
source: 	 mrr: 0.039999	 ndcg_5: 0.0265	 ndcg_10: 0.0394	 hit@1:0.010862	 hit@5:0.0406	 hit@10: 0.0811
target: 	 mrr: 0.056707	 ndcg_5: 0.0508	 ndcg_10: 0.0638	 hit@1:0.020906	 hit@5:0.0808	 hit@10: 0.1213
epoch 44: train_loss = 1.032588, source_hit@10 = 0.0811, source_ndcg@10 = 0.0394, target_hit@10 = 0.1213, target_ndcg@10 = 0.0638

2024-08-07 10:46:57.417074: step 13680/24320 (epoch 45/80), loss = 1.032259 (93.260 sec/epoch), lr: 0.002201
Evaluating on dev set...
...........................
source: 	 mrr: 0.045380	 ndcg_5: 0.0329	 ndcg_10: 0.0448	 hit@1:0.016655	 hit@5:0.0492	 hit@10: 0.0862
target: 	 mrr: 0.052968	 ndcg_5: 0.0461	 ndcg_10: 0.0594	 hit@1:0.016028	 hit@5:0.0739	 hit@10: 0.1157
epoch 45: train_loss = 1.032259, source_hit@10 = 0.0862, source_ndcg@10 = 0.0448, target_hit@10 = 0.1157, target_ndcg@10 = 0.0594

2024-08-07 10:48:31.152619: step 13984/24320 (epoch 46/80), loss = 1.031152 (92.927 sec/epoch), lr: 0.002201
Evaluating on dev set...
...........................
source: 	 mrr: 0.030964	 ndcg_5: 0.0195	 ndcg_10: 0.0287	 hit@1:0.007241	 hit@5:0.0326	 hit@10: 0.0608
target: 	 mrr: 0.058411	 ndcg_5: 0.0494	 ndcg_10: 0.0646	 hit@1:0.024390	 hit@5:0.0739	 hit@10: 0.1213
epoch 46: train_loss = 1.031152, source_hit@10 = 0.0608, source_ndcg@10 = 0.0287, target_hit@10 = 0.1213, target_ndcg@10 = 0.0646

2024-08-07 10:50:08.293177: step 14288/24320 (epoch 47/80), loss = 1.029311 (96.340 sec/epoch), lr: 0.002091
Evaluating on dev set...
...........................
source: 	 mrr: 0.045692	 ndcg_5: 0.0334	 ndcg_10: 0.0444	 hit@1:0.015930	 hit@5:0.0521	 hit@10: 0.0869
target: 	 mrr: 0.055759	 ndcg_5: 0.0486	 ndcg_10: 0.0633	 hit@1:0.019512	 hit@5:0.0787	 hit@10: 0.1247
epoch 47: train_loss = 1.029311, source_hit@10 = 0.0869, source_ndcg@10 = 0.0444, target_hit@10 = 0.1247, target_ndcg@10 = 0.0633

2024-08-07 10:51:42.240283: step 14592/24320 (epoch 48/80), loss = 1.028757 (93.170 sec/epoch), lr: 0.002091
Evaluating on dev set...
...........................
source: 	 mrr: 0.035405	 ndcg_5: 0.0238	 ndcg_10: 0.0344	 hit@1:0.007241	 hit@5:0.0420	 hit@10: 0.0746
target: 	 mrr: 0.054146	 ndcg_5: 0.0463	 ndcg_10: 0.0603	 hit@1:0.018118	 hit@5:0.0739	 hit@10: 0.1178
epoch 48: train_loss = 1.028757, source_hit@10 = 0.0746, source_ndcg@10 = 0.0344, target_hit@10 = 0.1178, target_ndcg@10 = 0.0603

2024-08-07 10:53:15.825737: step 14896/24320 (epoch 49/80), loss = 1.024629 (92.826 sec/epoch), lr: 0.001986
Evaluating on dev set...
...........................
source: 	 mrr: 0.041256	 ndcg_5: 0.0284	 ndcg_10: 0.0407	 hit@1:0.013758	 hit@5:0.0434	 hit@10: 0.0818
target: 	 mrr: 0.052394	 ndcg_5: 0.0422	 ndcg_10: 0.0586	 hit@1:0.018815	 hit@5:0.0655	 hit@10: 0.1164
epoch 49: train_loss = 1.024629, source_hit@10 = 0.0818, source_ndcg@10 = 0.0407, target_hit@10 = 0.1164, target_ndcg@10 = 0.0586

2024-08-07 10:54:46.993118: step 15200/24320 (epoch 50/80), loss = 1.026042 (90.455 sec/epoch), lr: 0.001986
Evaluating on dev set...
...........................
source: 	 mrr: 0.040615	 ndcg_5: 0.0301	 ndcg_10: 0.0418	 hit@1:0.013034	 hit@5:0.0485	 hit@10: 0.0862
target: 	 mrr: 0.055669	 ndcg_5: 0.0472	 ndcg_10: 0.0627	 hit@1:0.019512	 hit@5:0.0739	 hit@10: 0.1213
epoch 50: train_loss = 1.026042, source_hit@10 = 0.0862, source_ndcg@10 = 0.0418, target_hit@10 = 0.1213, target_ndcg@10 = 0.0627

2024-08-07 10:56:19.605363: step 15504/24320 (epoch 51/80), loss = 1.024548 (91.950 sec/epoch), lr: 0.001986
Evaluating on dev set...
...........................
source: 	 mrr: 0.041663	 ndcg_5: 0.0305	 ndcg_10: 0.0424	 hit@1:0.008689	 hit@5:0.0514	 hit@10: 0.0883
target: 	 mrr: 0.057463	 ndcg_5: 0.0493	 ndcg_10: 0.0633	 hit@1:0.018118	 hit@5:0.0780	 hit@10: 0.1213
epoch 51: train_loss = 1.024548, source_hit@10 = 0.0883, source_ndcg@10 = 0.0424, target_hit@10 = 0.1213, target_ndcg@10 = 0.0633

2024-08-07 10:57:53.443128: step 15808/24320 (epoch 52/80), loss = 1.025684 (93.096 sec/epoch), lr: 0.001986
Evaluating on dev set...
...........................
source: 	 mrr: 0.042293	 ndcg_5: 0.0331	 ndcg_10: 0.0417	 hit@1:0.011586	 hit@5:0.0558	 hit@10: 0.0825
target: 	 mrr: 0.051394	 ndcg_5: 0.0437	 ndcg_10: 0.0588	 hit@1:0.014634	 hit@5:0.0732	 hit@10: 0.1206
epoch 52: train_loss = 1.025684, source_hit@10 = 0.0825, source_ndcg@10 = 0.0417, target_hit@10 = 0.1206, target_ndcg@10 = 0.0588

2024-08-07 10:59:28.558373: step 16112/24320 (epoch 53/80), loss = 1.022635 (94.321 sec/epoch), lr: 0.001887
Evaluating on dev set...
...........................
source: 	 mrr: 0.044838	 ndcg_5: 0.0356	 ndcg_10: 0.0443	 hit@1:0.013034	 hit@5:0.0579	 hit@10: 0.0847
target: 	 mrr: 0.060249	 ndcg_5: 0.0527	 ndcg_10: 0.0661	 hit@1:0.025087	 hit@5:0.0794	 hit@10: 0.1213
target best!
..............target: 	 mrr: 0.055383	 ndcg_5: 0.0447	 ndcg_10: 0.0598	 hit@1:0.020576	 hit@5:0.0679	 hit@10: 0.1152
epoch 53: train_loss = 1.022635, source_hit@10 = 0.0847, source_ndcg@10 = 0.0443, target_hit@10 = 0.1152, target_ndcg@10 = 0.0598
new best model saved.

2024-08-07 11:01:05.481856: step 16416/24320 (epoch 54/80), loss = 1.020831 (94.791 sec/epoch), lr: 0.001887
Evaluating on dev set...
...........................
source: 	 mrr: 0.041813	 ndcg_5: 0.0297	 ndcg_10: 0.0404	 hit@1:0.013034	 hit@5:0.0463	 hit@10: 0.0804
target: 	 mrr: 0.053948	 ndcg_5: 0.0434	 ndcg_10: 0.0599	 hit@1:0.018815	 hit@5:0.0683	 hit@10: 0.1192
epoch 54: train_loss = 1.020831, source_hit@10 = 0.0804, source_ndcg@10 = 0.0404, target_hit@10 = 0.1192, target_ndcg@10 = 0.0599

2024-08-07 11:02:40.796309: step 16720/24320 (epoch 55/80), loss = 1.019868 (94.525 sec/epoch), lr: 0.001792
Evaluating on dev set...
...........................
source: 	 mrr: 0.039256	 ndcg_5: 0.0278	 ndcg_10: 0.0356	 hit@1:0.011586	 hit@5:0.0449	 hit@10: 0.0695
target: 	 mrr: 0.054057	 ndcg_5: 0.0454	 ndcg_10: 0.0592	 hit@1:0.018118	 hit@5:0.0725	 hit@10: 0.1157
epoch 55: train_loss = 1.019868, source_hit@10 = 0.0695, source_ndcg@10 = 0.0356, target_hit@10 = 0.1157, target_ndcg@10 = 0.0592

2024-08-07 11:04:17.806181: step 17024/24320 (epoch 56/80), loss = 1.018624 (96.324 sec/epoch), lr: 0.001703
Evaluating on dev set...
...........................
source: 	 mrr: 0.038736	 ndcg_5: 0.0255	 ndcg_10: 0.0364	 hit@1:0.009413	 hit@5:0.0398	 hit@10: 0.0739
target: 	 mrr: 0.058690	 ndcg_5: 0.0480	 ndcg_10: 0.0662	 hit@1:0.023693	 hit@5:0.0718	 hit@10: 0.1282
epoch 56: train_loss = 1.018624, source_hit@10 = 0.0739, source_ndcg@10 = 0.0364, target_hit@10 = 0.1282, target_ndcg@10 = 0.0662

2024-08-07 11:05:52.315282: step 17328/24320 (epoch 57/80), loss = 1.016114 (93.813 sec/epoch), lr: 0.001703
Evaluating on dev set...
...........................
source: 	 mrr: 0.038980	 ndcg_5: 0.0273	 ndcg_10: 0.0386	 hit@1:0.012310	 hit@5:0.0434	 hit@10: 0.0789
target: 	 mrr: 0.055453	 ndcg_5: 0.0484	 ndcg_10: 0.0611	 hit@1:0.018118	 hit@5:0.0780	 hit@10: 0.1171
epoch 57: train_loss = 1.016114, source_hit@10 = 0.0789, source_ndcg@10 = 0.0386, target_hit@10 = 0.1171, target_ndcg@10 = 0.0611

2024-08-07 11:07:25.823268: step 17632/24320 (epoch 58/80), loss = 1.015607 (92.771 sec/epoch), lr: 0.001618
Evaluating on dev set...
...........................
source: 	 mrr: 0.041307	 ndcg_5: 0.0301	 ndcg_10: 0.0389	 hit@1:0.013034	 hit@5:0.0478	 hit@10: 0.0753
target: 	 mrr: 0.053798	 ndcg_5: 0.0449	 ndcg_10: 0.0614	 hit@1:0.020906	 hit@5:0.0697	 hit@10: 0.1213
epoch 58: train_loss = 1.015607, source_hit@10 = 0.0753, source_ndcg@10 = 0.0389, target_hit@10 = 0.1213, target_ndcg@10 = 0.0614

2024-08-07 11:08:58.607488: step 17936/24320 (epoch 59/80), loss = 1.014349 (91.980 sec/epoch), lr: 0.001618
Evaluating on dev set...
...........................
source: 	 mrr: 0.041026	 ndcg_5: 0.0306	 ndcg_10: 0.0390	 hit@1:0.010138	 hit@5:0.0507	 hit@10: 0.0775
target: 	 mrr: 0.059204	 ndcg_5: 0.0511	 ndcg_10: 0.0683	 hit@1:0.023693	 hit@5:0.0808	 hit@10: 0.1345
epoch 59: train_loss = 1.014349, source_hit@10 = 0.0775, source_ndcg@10 = 0.0390, target_hit@10 = 0.1345, target_ndcg@10 = 0.0683

2024-08-07 11:10:32.446656: step 18240/24320 (epoch 60/80), loss = 1.015057 (93.032 sec/epoch), lr: 0.001618
Evaluating on dev set...
...........................
source: 	 mrr: 0.043236	 ndcg_5: 0.0311	 ndcg_10: 0.0419	 hit@1:0.013758	 hit@5:0.0478	 hit@10: 0.0818
target: 	 mrr: 0.057666	 ndcg_5: 0.0481	 ndcg_10: 0.0635	 hit@1:0.024390	 hit@5:0.0739	 hit@10: 0.1213
epoch 60: train_loss = 1.015057, source_hit@10 = 0.0818, source_ndcg@10 = 0.0419, target_hit@10 = 0.1213, target_ndcg@10 = 0.0635

2024-08-07 11:12:03.595763: step 18544/24320 (epoch 61/80), loss = 1.012970 (90.497 sec/epoch), lr: 0.001618
Evaluating on dev set...
...........................
source: 	 mrr: 0.034059	 ndcg_5: 0.0246	 ndcg_10: 0.0333	 hit@1:0.007965	 hit@5:0.0434	 hit@10: 0.0710
target: 	 mrr: 0.049165	 ndcg_5: 0.0422	 ndcg_10: 0.0559	 hit@1:0.017422	 hit@5:0.0683	 hit@10: 0.1108
epoch 61: train_loss = 1.012970, source_hit@10 = 0.0710, source_ndcg@10 = 0.0333, target_hit@10 = 0.1108, target_ndcg@10 = 0.0559

2024-08-07 11:13:38.075403: step 18848/24320 (epoch 62/80), loss = 1.011354 (93.810 sec/epoch), lr: 0.001537
Evaluating on dev set...
...........................
source: 	 mrr: 0.042825	 ndcg_5: 0.0329	 ndcg_10: 0.0449	 hit@1:0.010138	 hit@5:0.0565	 hit@10: 0.0941
target: 	 mrr: 0.043668	 ndcg_5: 0.0359	 ndcg_10: 0.0475	 hit@1:0.015331	 hit@5:0.0571	 hit@10: 0.0934
epoch 62: train_loss = 1.011354, source_hit@10 = 0.0941, source_ndcg@10 = 0.0449, target_hit@10 = 0.0934, target_ndcg@10 = 0.0475

2024-08-07 11:15:12.732430: step 19152/24320 (epoch 63/80), loss = 1.011649 (93.879 sec/epoch), lr: 0.001537
Evaluating on dev set...
...........................
source: 	 mrr: 0.043972	 ndcg_5: 0.0329	 ndcg_10: 0.0428	 hit@1:0.011586	 hit@5:0.0543	 hit@10: 0.0854
target: 	 mrr: 0.056104	 ndcg_5: 0.0477	 ndcg_10: 0.0636	 hit@1:0.017422	 hit@5:0.0767	 hit@10: 0.1261
epoch 63: train_loss = 1.011649, source_hit@10 = 0.0854, source_ndcg@10 = 0.0428, target_hit@10 = 0.1261, target_ndcg@10 = 0.0636

2024-08-07 11:16:51.849927: step 19456/24320 (epoch 64/80), loss = 1.010769 (98.374 sec/epoch), lr: 0.001537
Evaluating on dev set...
...........................
source: 	 mrr: 0.034787	 ndcg_5: 0.0247	 ndcg_10: 0.0336	 hit@1:0.010862	 hit@5:0.0398	 hit@10: 0.0673
target: 	 mrr: 0.059078	 ndcg_5: 0.0505	 ndcg_10: 0.0680	 hit@1:0.019512	 hit@5:0.0801	 hit@10: 0.1345
epoch 64: train_loss = 1.010769, source_hit@10 = 0.0673, source_ndcg@10 = 0.0336, target_hit@10 = 0.1345, target_ndcg@10 = 0.0680

2024-08-07 11:18:26.985114: step 19760/24320 (epoch 65/80), loss = 1.008134 (94.351 sec/epoch), lr: 0.001460
Evaluating on dev set...
...........................
source: 	 mrr: 0.040682	 ndcg_5: 0.0305	 ndcg_10: 0.0419	 hit@1:0.009413	 hit@5:0.0529	 hit@10: 0.0876
target: 	 mrr: 0.056846	 ndcg_5: 0.0502	 ndcg_10: 0.0646	 hit@1:0.016725	 hit@5:0.0829	 hit@10: 0.1282
epoch 65: train_loss = 1.008134, source_hit@10 = 0.0876, source_ndcg@10 = 0.0419, target_hit@10 = 0.1282, target_ndcg@10 = 0.0646

2024-08-07 11:20:02.925971: step 20064/24320 (epoch 66/80), loss = 1.005320 (95.197 sec/epoch), lr: 0.001460
Evaluating on dev set...
...........................
source: 	 mrr: 0.032507	 ndcg_5: 0.0229	 ndcg_10: 0.0326	 hit@1:0.007241	 hit@5:0.0406	 hit@10: 0.0702
target: 	 mrr: 0.057573	 ndcg_5: 0.0488	 ndcg_10: 0.0641	 hit@1:0.020209	 hit@5:0.0767	 hit@10: 0.1247
epoch 66: train_loss = 1.005320, source_hit@10 = 0.0702, source_ndcg@10 = 0.0326, target_hit@10 = 0.1247, target_ndcg@10 = 0.0641

2024-08-07 11:21:41.457898: step 20368/24320 (epoch 67/80), loss = 1.005981 (97.781 sec/epoch), lr: 0.001387
Evaluating on dev set...
...........................
source: 	 mrr: 0.033975	 ndcg_5: 0.0242	 ndcg_10: 0.0339	 hit@1:0.007241	 hit@5:0.0420	 hit@10: 0.0717
target: 	 mrr: 0.053652	 ndcg_5: 0.0436	 ndcg_10: 0.0583	 hit@1:0.020209	 hit@5:0.0655	 hit@10: 0.1115
epoch 67: train_loss = 1.005981, source_hit@10 = 0.0717, source_ndcg@10 = 0.0339, target_hit@10 = 0.1115, target_ndcg@10 = 0.0583

2024-08-07 11:23:14.038496: step 20672/24320 (epoch 68/80), loss = 1.001775 (91.836 sec/epoch), lr: 0.001318
Evaluating on dev set...
...........................
source: 	 mrr: 0.040831	 ndcg_5: 0.0295	 ndcg_10: 0.0416	 hit@1:0.008689	 hit@5:0.0507	 hit@10: 0.0883
target: 	 mrr: 0.052530	 ndcg_5: 0.0449	 ndcg_10: 0.0595	 hit@1:0.017422	 hit@5:0.0725	 hit@10: 0.1178
epoch 68: train_loss = 1.001775, source_hit@10 = 0.0883, source_ndcg@10 = 0.0416, target_hit@10 = 0.1178, target_ndcg@10 = 0.0595

2024-08-07 11:24:50.970313: step 20976/24320 (epoch 69/80), loss = 1.002156 (96.190 sec/epoch), lr: 0.001318
Evaluating on dev set...
...........................
source: 	 mrr: 0.046707	 ndcg_5: 0.0352	 ndcg_10: 0.0469	 hit@1:0.015930	 hit@5:0.0550	 hit@10: 0.0920
target: 	 mrr: 0.059072	 ndcg_5: 0.0513	 ndcg_10: 0.0656	 hit@1:0.023693	 hit@5:0.0808	 hit@10: 0.1254
source best!
.............
source: 	 mrr: 0.042571	 ndcg_5: 0.0308	 ndcg_10: 0.0443	 hit@1:0.009969	 hit@5:0.0506	 hit@10: 0.0928
epoch 69: train_loss = 1.002156, source_hit@10 = 0.0928, source_ndcg@10 = 0.0443, target_hit@10 = 0.1254, target_ndcg@10 = 0.0656
new best model saved.

2024-08-07 11:26:29.253819: step 21280/24320 (epoch 70/80), loss = 1.002180 (97.159 sec/epoch), lr: 0.001318
Evaluating on dev set...
...........................
source: 	 mrr: 0.041890	 ndcg_5: 0.0313	 ndcg_10: 0.0415	 hit@1:0.013758	 hit@5:0.0507	 hit@10: 0.0825
target: 	 mrr: 0.053514	 ndcg_5: 0.0435	 ndcg_10: 0.0570	 hit@1:0.022997	 hit@5:0.0634	 hit@10: 0.1052
epoch 70: train_loss = 1.002180, source_hit@10 = 0.0825, source_ndcg@10 = 0.0415, target_hit@10 = 0.1052, target_ndcg@10 = 0.0570

2024-08-07 11:28:02.758659: step 21584/24320 (epoch 71/80), loss = 0.999411 (92.804 sec/epoch), lr: 0.001252
Evaluating on dev set...
...........................
source: 	 mrr: 0.041758	 ndcg_5: 0.0307	 ndcg_10: 0.0402	 hit@1:0.012310	 hit@5:0.0485	 hit@10: 0.0782
target: 	 mrr: 0.054876	 ndcg_5: 0.0465	 ndcg_10: 0.0610	 hit@1:0.018815	 hit@5:0.0732	 hit@10: 0.1185
epoch 71: train_loss = 0.999411, source_hit@10 = 0.0782, source_ndcg@10 = 0.0402, target_hit@10 = 0.1185, target_ndcg@10 = 0.0610

2024-08-07 11:32:00.338040: step 21888/24320 (epoch 72/80), loss = 0.997827 (236.913 sec/epoch), lr: 0.001252
Evaluating on dev set...
...........................
source: 	 mrr: 0.042532	 ndcg_5: 0.0302	 ndcg_10: 0.0404	 hit@1:0.014482	 hit@5:0.0478	 hit@10: 0.0797
target: 	 mrr: 0.055150	 ndcg_5: 0.0489	 ndcg_10: 0.0627	 hit@1:0.015331	 hit@5:0.0822	 hit@10: 0.1254
epoch 72: train_loss = 0.997827, source_hit@10 = 0.0797, source_ndcg@10 = 0.0404, target_hit@10 = 0.1254, target_ndcg@10 = 0.0627

2024-08-07 11:36:23.539982: step 22192/24320 (epoch 73/80), loss = 0.997049 (260.424 sec/epoch), lr: 0.001252
Evaluating on dev set...
...........................
source: 	 mrr: 0.040126	 ndcg_5: 0.0281	 ndcg_10: 0.0385	 hit@1:0.008689	 hit@5:0.0471	 hit@10: 0.0797
target: 	 mrr: 0.054515	 ndcg_5: 0.0448	 ndcg_10: 0.0605	 hit@1:0.016028	 hit@5:0.0718	 hit@10: 0.1206
epoch 73: train_loss = 0.997049, source_hit@10 = 0.0797, source_ndcg@10 = 0.0385, target_hit@10 = 0.1206, target_ndcg@10 = 0.0605

2024-08-07 11:40:49.535863: step 22496/24320 (epoch 74/80), loss = 0.996482 (263.127 sec/epoch), lr: 0.001189
Evaluating on dev set...
...........................
source: 	 mrr: 0.042144	 ndcg_5: 0.0297	 ndcg_10: 0.0412	 hit@1:0.013758	 hit@5:0.0456	 hit@10: 0.0818
target: 	 mrr: 0.050953	 ndcg_5: 0.0445	 ndcg_10: 0.0564	 hit@1:0.016725	 hit@5:0.0739	 hit@10: 0.1108
epoch 74: train_loss = 0.996482, source_hit@10 = 0.0818, source_ndcg@10 = 0.0412, target_hit@10 = 0.1108, target_ndcg@10 = 0.0564

2024-08-07 11:45:05.647821: step 22800/24320 (epoch 75/80), loss = 0.991192 (253.156 sec/epoch), lr: 0.001130
Evaluating on dev set...
...........................
source: 	 mrr: 0.039399	 ndcg_5: 0.0261	 ndcg_10: 0.0371	 hit@1:0.011586	 hit@5:0.0398	 hit@10: 0.0739
target: 	 mrr: 0.057245	 ndcg_5: 0.0490	 ndcg_10: 0.0638	 hit@1:0.020906	 hit@5:0.0760	 hit@10: 0.1226
epoch 75: train_loss = 0.991192, source_hit@10 = 0.0739, source_ndcg@10 = 0.0371, target_hit@10 = 0.1226, target_ndcg@10 = 0.0638

2024-08-07 11:47:10.931159: step 23104/24320 (epoch 76/80), loss = 0.992760 (121.697 sec/epoch), lr: 0.001130
Evaluating on dev set...
...........................
source: 	 mrr: 0.040016	 ndcg_5: 0.0281	 ndcg_10: 0.0402	 hit@1:0.009413	 hit@5:0.0478	 hit@10: 0.0862
target: 	 mrr: 0.059036	 ndcg_5: 0.0530	 ndcg_10: 0.0655	 hit@1:0.018815	 hit@5:0.0864	 hit@10: 0.1254
epoch 76: train_loss = 0.992760, source_hit@10 = 0.0862, source_ndcg@10 = 0.0402, target_hit@10 = 0.1254, target_ndcg@10 = 0.0655

2024-08-07 11:48:32.781355: step 23408/24320 (epoch 77/80), loss = 0.992953 (81.121 sec/epoch), lr: 0.001130
Evaluating on dev set...
...........................
source: 	 mrr: 0.041931	 ndcg_5: 0.0305	 ndcg_10: 0.0420	 hit@1:0.012310	 hit@5:0.0507	 hit@10: 0.0862
target: 	 mrr: 0.059797	 ndcg_5: 0.0516	 ndcg_10: 0.0655	 hit@1:0.021603	 hit@5:0.0801	 hit@10: 0.1233
epoch 77: train_loss = 0.992953, source_hit@10 = 0.0862, source_ndcg@10 = 0.0420, target_hit@10 = 0.1233, target_ndcg@10 = 0.0655

2024-08-07 11:49:55.968544: step 23712/24320 (epoch 78/80), loss = 0.989421 (82.551 sec/epoch), lr: 0.001130
Evaluating on dev set...
...........................
source: 	 mrr: 0.040506	 ndcg_5: 0.0271	 ndcg_10: 0.0423	 hit@1:0.010862	 hit@5:0.0434	 hit@10: 0.0912
target: 	 mrr: 0.064346	 ndcg_5: 0.0582	 ndcg_10: 0.0696	 hit@1:0.026481	 hit@5:0.0892	 hit@10: 0.1240
target best!
..............target: 	 mrr: 0.061524	 ndcg_5: 0.0540	 ndcg_10: 0.0672	 hit@1:0.025377	 hit@5:0.0816	 hit@10: 0.1228
epoch 78: train_loss = 0.989421, source_hit@10 = 0.0912, source_ndcg@10 = 0.0423, target_hit@10 = 0.1228, target_ndcg@10 = 0.0672
new best model saved.

2024-08-07 11:51:20.024195: step 24016/24320 (epoch 79/80), loss = 0.991090 (82.935 sec/epoch), lr: 0.001130
Evaluating on dev set...
...........................
source: 	 mrr: 0.031271	 ndcg_5: 0.0209	 ndcg_10: 0.0325	 hit@1:0.005793	 hit@5:0.0369	 hit@10: 0.0731
target: 	 mrr: 0.055165	 ndcg_5: 0.0464	 ndcg_10: 0.0603	 hit@1:0.016725	 hit@5:0.0753	 hit@10: 0.1185
epoch 79: train_loss = 0.991090, source_hit@10 = 0.0731, source_ndcg@10 = 0.0325, target_hit@10 = 0.1185, target_ndcg@10 = 0.0603

2024-08-07 11:52:52.956494: step 24320/24320 (epoch 80/80), loss = 0.988813 (92.195 sec/epoch), lr: 0.001073
Evaluating on dev set...
...........................
source: 	 mrr: 0.042266	 ndcg_5: 0.0309	 ndcg_10: 0.0441	 hit@1:0.011586	 hit@5:0.0507	 hit@10: 0.0927
target: 	 mrr: 0.056135	 ndcg_5: 0.0473	 ndcg_10: 0.0612	 hit@1:0.020209	 hit@5:0.0739	 hit@10: 0.1178
epoch 80: train_loss = 0.988813, source_hit@10 = 0.0927, source_ndcg@10 = 0.0441, target_hit@10 = 0.1178, target_ndcg@10 = 0.0612

