nohup: ignoring input
using gpu:1 to train the model
using gpu:1 to train the model
cuda:1
Namespace(A_split=False, JK='sum', a_fold=100, aggregate=False, alpha=0.5, batch_size=1024, beta_inter=0.55, conv_layers=4, cuda=True, decay_epoch=10, device=device(type='cuda', index=1), device_id='1', domains='game_video', dropout=0.4, epoch=80, feature_dim=126, hidden_dim=126, inter_tau=0.2, intra_tau=1, lambda_critic=0.4, leakey=0.05, load=False, log='logs.txt', log_epoch=1, lr=0.004, lr_decay=0.95, min_epoch=50, mode='train', model_file=None, model_name='gv', momentum=0.98, num_latent_factors=3, num_negative=100, optim='adam', patience=20, proj_layers=1, projection=1, rectify_epoch=30, residual=1, save=False, save_dir='./saved_models', seed=32, similarity_tau=0.1, test_sample_number=999, user_batch_size=256, weight_decay=0.0002)
number_user 25025
number_item 12319
/home/hourun/invariantCDR_v2/invariantCDR/utils/GraphMaker.py:46: RuntimeWarning: divide by zero encountered in power
  r_inv = np.power(rowsum, -1).flatten()
real graph loaded!
number_user 19457
number_item 8751
real graph loaded!
graph loaded!
Loading data from game_video with batch size 1024...
unseen test: 0
test length: 1381
unseen test: 0
test length: 1304
unseen test: 0
test length: 1435
unseen test: 0
test length: 1458
source_user_num 25025
target_user_num 19457
source_item_num 12319
target_item_num 8751
shared users id: 1737
test users 226, 217
unseen test: 0
dev length: 1000
unseen test: 0
dev length: 1000
source train data : 155036, target train data: 156091, source test data : 1304, target test data : 1458, source dev data : 1000, target dev data : 1000
2024-08-08 16:31:56.498750: step 304/24320 (epoch 1/80), loss = 1.301492 (74.783 sec/epoch), lr: 0.004000
Evaluating on dev set...
...........................
source: 	 mrr: 0.021322	 ndcg_5: 0.0149	 ndcg_10: 0.0198	 hit@1:0.004345	 hit@5:0.0261	 hit@10: 0.0413
target: 	 mrr: 0.032456	 ndcg_5: 0.0240	 ndcg_10: 0.0321	 hit@1:0.008362	 hit@5:0.0418	 hit@10: 0.0676
source best!
.............
source: 	 mrr: 0.027809	 ndcg_5: 0.0218	 ndcg_10: 0.0278	 hit@1:0.008436	 hit@5:0.0353	 hit@10: 0.0544
target best!
..............target: 	 mrr: 0.036858	 ndcg_5: 0.0254	 ndcg_10: 0.0376	 hit@1:0.010288	 hit@5:0.0398	 hit@10: 0.0775
epoch 1: train_loss = 1.301492, source_hit@10 = 0.0544, source_ndcg@10 = 0.0278, target_hit@10 = 0.0775, target_ndcg@10 = 0.0376

2024-08-08 16:33:13.261707: step 608/24320 (epoch 2/80), loss = 1.070998 (75.636 sec/epoch), lr: 0.004000
Evaluating on dev set...
...........................
source: 	 mrr: 0.009167	 ndcg_5: 0.0047	 ndcg_10: 0.0056	 hit@1:0.002172	 hit@5:0.0072	 hit@10: 0.0101
target: 	 mrr: 0.037484	 ndcg_5: 0.0276	 ndcg_10: 0.0399	 hit@1:0.013937	 hit@5:0.0425	 hit@10: 0.0808
target best!
..............target: 	 mrr: 0.038922	 ndcg_5: 0.0312	 ndcg_10: 0.0388	 hit@1:0.015089	 hit@5:0.0487	 hit@10: 0.0727
epoch 2: train_loss = 1.070998, source_hit@10 = 0.0101, source_ndcg@10 = 0.0056, target_hit@10 = 0.0727, target_ndcg@10 = 0.0388
new best model saved.

2024-08-08 16:34:29.212184: step 912/24320 (epoch 3/80), loss = 0.993336 (74.947 sec/epoch), lr: 0.004000
Evaluating on dev set...
...........................
source: 	 mrr: 0.026494	 ndcg_5: 0.0160	 ndcg_10: 0.0240	 hit@1:0.006517	 hit@5:0.0253	 hit@10: 0.0500
target: 	 mrr: 0.022456	 ndcg_5: 0.0159	 ndcg_10: 0.0216	 hit@1:0.005575	 hit@5:0.0265	 hit@10: 0.0446
source best!
.............
source: 	 mrr: 0.029429	 ndcg_5: 0.0214	 ndcg_10: 0.0286	 hit@1:0.006902	 hit@5:0.0360	 hit@10: 0.0583
epoch 3: train_loss = 0.993336, source_hit@10 = 0.0583, source_ndcg@10 = 0.0286, target_hit@10 = 0.0446, target_ndcg@10 = 0.0216
new best model saved.

2024-08-08 16:35:46.134939: step 1216/24320 (epoch 4/80), loss = 0.958112 (75.944 sec/epoch), lr: 0.004000
Evaluating on dev set...
...........................
source: 	 mrr: 0.038502	 ndcg_5: 0.0305	 ndcg_10: 0.0381	 hit@1:0.012310	 hit@5:0.0500	 hit@10: 0.0739
target: 	 mrr: 0.026220	 ndcg_5: 0.0192	 ndcg_10: 0.0265	 hit@1:0.008362	 hit@5:0.0293	 hit@10: 0.0523
source best!
.............
source: 	 mrr: 0.033506	 ndcg_5: 0.0213	 ndcg_10: 0.0313	 hit@1:0.009969	 hit@5:0.0337	 hit@10: 0.0652
epoch 4: train_loss = 0.958112, source_hit@10 = 0.0652, source_ndcg@10 = 0.0313, target_hit@10 = 0.0523, target_ndcg@10 = 0.0265
new best model saved.

2024-08-08 16:37:02.971739: step 1520/24320 (epoch 5/80), loss = 0.931468 (75.831 sec/epoch), lr: 0.004000
Evaluating on dev set...
...........................
source: 	 mrr: 0.033460	 ndcg_5: 0.0231	 ndcg_10: 0.0329	 hit@1:0.009413	 hit@5:0.0369	 hit@10: 0.0673
target: 	 mrr: 0.035613	 ndcg_5: 0.0274	 ndcg_10: 0.0344	 hit@1:0.013937	 hit@5:0.0418	 hit@10: 0.0634
epoch 5: train_loss = 0.931468, source_hit@10 = 0.0673, source_ndcg@10 = 0.0329, target_hit@10 = 0.0634, target_ndcg@10 = 0.0344

2024-08-08 16:38:19.506561: step 1824/24320 (epoch 6/80), loss = 0.900384 (75.934 sec/epoch), lr: 0.004000
Evaluating on dev set...
...........................
source: 	 mrr: 0.020037	 ndcg_5: 0.0130	 ndcg_10: 0.0197	 hit@1:0.005069	 hit@5:0.0203	 hit@10: 0.0420
target: 	 mrr: 0.007849	 ndcg_5: 0.0035	 ndcg_10: 0.0047	 hit@1:0.000000	 hit@5:0.0070	 hit@10: 0.0105
epoch 6: train_loss = 0.900384, source_hit@10 = 0.0420, source_ndcg@10 = 0.0197, target_hit@10 = 0.0105, target_ndcg@10 = 0.0047

2024-08-08 16:39:36.433019: step 2128/24320 (epoch 7/80), loss = 0.881879 (76.312 sec/epoch), lr: 0.004000
Evaluating on dev set...
...........................
source: 	 mrr: 0.024944	 ndcg_5: 0.0157	 ndcg_10: 0.0230	 hit@1:0.005793	 hit@5:0.0261	 hit@10: 0.0492
target: 	 mrr: 0.036365	 ndcg_5: 0.0274	 ndcg_10: 0.0368	 hit@1:0.015331	 hit@5:0.0397	 hit@10: 0.0690
epoch 7: train_loss = 0.881879, source_hit@10 = 0.0492, source_ndcg@10 = 0.0230, target_hit@10 = 0.0690, target_ndcg@10 = 0.0368

2024-08-08 16:40:52.616448: step 2432/24320 (epoch 8/80), loss = 0.865705 (75.567 sec/epoch), lr: 0.004000
Evaluating on dev set...
...........................
source: 	 mrr: 0.025728	 ndcg_5: 0.0180	 ndcg_10: 0.0252	 hit@1:0.008689	 hit@5:0.0275	 hit@10: 0.0500
target: 	 mrr: 0.038205	 ndcg_5: 0.0297	 ndcg_10: 0.0370	 hit@1:0.014634	 hit@5:0.0446	 hit@10: 0.0669
target best!
..............target: 	 mrr: 0.036403	 ndcg_5: 0.0284	 ndcg_10: 0.0372	 hit@1:0.010974	 hit@5:0.0460	 hit@10: 0.0741
epoch 8: train_loss = 0.865705, source_hit@10 = 0.0500, source_ndcg@10 = 0.0252, target_hit@10 = 0.0741, target_ndcg@10 = 0.0372
new best model saved.

2024-08-08 16:42:09.511465: step 2736/24320 (epoch 9/80), loss = 0.853413 (75.888 sec/epoch), lr: 0.004000
Evaluating on dev set...
...........................
source: 	 mrr: 0.023337	 ndcg_5: 0.0133	 ndcg_10: 0.0201	 hit@1:0.005793	 hit@5:0.0203	 hit@10: 0.0413
target: 	 mrr: 0.036267	 ndcg_5: 0.0255	 ndcg_10: 0.0377	 hit@1:0.011847	 hit@5:0.0397	 hit@10: 0.0780
epoch 9: train_loss = 0.853413, source_hit@10 = 0.0413, source_ndcg@10 = 0.0201, target_hit@10 = 0.0780, target_ndcg@10 = 0.0377

2024-08-08 16:43:26.296414: step 3040/24320 (epoch 10/80), loss = 0.846827 (76.188 sec/epoch), lr: 0.004000
Evaluating on dev set...
...........................
source: 	 mrr: 0.032195	 ndcg_5: 0.0221	 ndcg_10: 0.0293	 hit@1:0.010862	 hit@5:0.0326	 hit@10: 0.0550
target: 	 mrr: 0.043584	 ndcg_5: 0.0354	 ndcg_10: 0.0458	 hit@1:0.017422	 hit@5:0.0537	 hit@10: 0.0864
target best!
..............target: 	 mrr: 0.040184	 ndcg_5: 0.0339	 ndcg_10: 0.0423	 hit@1:0.010974	 hit@5:0.0576	 hit@10: 0.0837
epoch 10: train_loss = 0.846827, source_hit@10 = 0.0550, source_ndcg@10 = 0.0293, target_hit@10 = 0.0837, target_ndcg@10 = 0.0423
new best model saved.

2024-08-08 16:44:42.694813: step 3344/24320 (epoch 11/80), loss = 0.838926 (75.380 sec/epoch), lr: 0.004000
Evaluating on dev set...
...........................
source: 	 mrr: 0.028557	 ndcg_5: 0.0185	 ndcg_10: 0.0284	 hit@1:0.009413	 hit@5:0.0282	 hit@10: 0.0587
target: 	 mrr: 0.034708	 ndcg_5: 0.0260	 ndcg_10: 0.0362	 hit@1:0.008362	 hit@5:0.0446	 hit@10: 0.0767
epoch 11: train_loss = 0.838926, source_hit@10 = 0.0587, source_ndcg@10 = 0.0284, target_hit@10 = 0.0767, target_ndcg@10 = 0.0362

2024-08-08 16:45:58.646367: step 3648/24320 (epoch 12/80), loss = 0.830546 (75.322 sec/epoch), lr: 0.003800
Evaluating on dev set...
...........................
source: 	 mrr: 0.021220	 ndcg_5: 0.0135	 ndcg_10: 0.0191	 hit@1:0.003621	 hit@5:0.0232	 hit@10: 0.0406
target: 	 mrr: 0.043786	 ndcg_5: 0.0352	 ndcg_10: 0.0447	 hit@1:0.018118	 hit@5:0.0530	 hit@10: 0.0829
target best!
..............target: 	 mrr: 0.042405	 ndcg_5: 0.0326	 ndcg_10: 0.0432	 hit@1:0.015089	 hit@5:0.0487	 hit@10: 0.0816
epoch 12: train_loss = 0.830546, source_hit@10 = 0.0406, source_ndcg@10 = 0.0191, target_hit@10 = 0.0816, target_ndcg@10 = 0.0432
new best model saved.

2024-08-08 16:47:15.115575: step 3952/24320 (epoch 13/80), loss = 0.825200 (75.467 sec/epoch), lr: 0.003800
Evaluating on dev set...
...........................
source: 	 mrr: 0.025881	 ndcg_5: 0.0182	 ndcg_10: 0.0253	 hit@1:0.009413	 hit@5:0.0268	 hit@10: 0.0485
target: 	 mrr: 0.042021	 ndcg_5: 0.0345	 ndcg_10: 0.0435	 hit@1:0.015331	 hit@5:0.0537	 hit@10: 0.0815
epoch 13: train_loss = 0.825200, source_hit@10 = 0.0485, source_ndcg@10 = 0.0253, target_hit@10 = 0.0815, target_ndcg@10 = 0.0435

2024-08-08 16:48:31.090022: step 4256/24320 (epoch 14/80), loss = 0.821638 (75.379 sec/epoch), lr: 0.003800
Evaluating on dev set...
...........................
source: 	 mrr: 0.024290	 ndcg_5: 0.0166	 ndcg_10: 0.0244	 hit@1:0.007241	 hit@5:0.0261	 hit@10: 0.0507
target: 	 mrr: 0.039687	 ndcg_5: 0.0301	 ndcg_10: 0.0415	 hit@1:0.011150	 hit@5:0.0488	 hit@10: 0.0843
epoch 14: train_loss = 0.821638, source_hit@10 = 0.0507, source_ndcg@10 = 0.0244, target_hit@10 = 0.0843, target_ndcg@10 = 0.0415

2024-08-08 16:49:47.638942: step 4560/24320 (epoch 15/80), loss = 0.813090 (75.949 sec/epoch), lr: 0.003610
Evaluating on dev set...
...........................
source: 	 mrr: 0.031911	 ndcg_5: 0.0232	 ndcg_10: 0.0298	 hit@1:0.011586	 hit@5:0.0355	 hit@10: 0.0558
target: 	 mrr: 0.037285	 ndcg_5: 0.0264	 ndcg_10: 0.0404	 hit@1:0.009756	 hit@5:0.0425	 hit@10: 0.0864
epoch 15: train_loss = 0.813090, source_hit@10 = 0.0558, source_ndcg@10 = 0.0298, target_hit@10 = 0.0864, target_ndcg@10 = 0.0404

2024-08-08 16:51:04.556570: step 4864/24320 (epoch 16/80), loss = 0.810744 (76.283 sec/epoch), lr: 0.003610
Evaluating on dev set...
...........................
source: 	 mrr: 0.028495	 ndcg_5: 0.0214	 ndcg_10: 0.0275	 hit@1:0.009413	 hit@5:0.0333	 hit@10: 0.0521
target: 	 mrr: 0.037868	 ndcg_5: 0.0282	 ndcg_10: 0.0374	 hit@1:0.011847	 hit@5:0.0446	 hit@10: 0.0732
epoch 16: train_loss = 0.810744, source_hit@10 = 0.0521, source_ndcg@10 = 0.0275, target_hit@10 = 0.0732, target_ndcg@10 = 0.0374

2024-08-08 16:52:20.660138: step 5168/24320 (epoch 17/80), loss = 0.800608 (75.478 sec/epoch), lr: 0.003429
Evaluating on dev set...
...........................
source: 	 mrr: 0.029891	 ndcg_5: 0.0231	 ndcg_10: 0.0301	 hit@1:0.009413	 hit@5:0.0362	 hit@10: 0.0587
target: 	 mrr: 0.047904	 ndcg_5: 0.0398	 ndcg_10: 0.0526	 hit@1:0.016028	 hit@5:0.0641	 hit@10: 0.1038
target best!
..............target: 	 mrr: 0.050180	 ndcg_5: 0.0425	 ndcg_10: 0.0542	 hit@1:0.020576	 hit@5:0.0658	 hit@10: 0.1029
epoch 17: train_loss = 0.800608, source_hit@10 = 0.0587, source_ndcg@10 = 0.0301, target_hit@10 = 0.1029, target_ndcg@10 = 0.0542
new best model saved.

2024-08-08 16:53:36.478326: step 5472/24320 (epoch 18/80), loss = 0.802839 (74.819 sec/epoch), lr: 0.003429
Evaluating on dev set...
...........................
source: 	 mrr: 0.033174	 ndcg_5: 0.0238	 ndcg_10: 0.0324	 hit@1:0.013034	 hit@5:0.0348	 hit@10: 0.0615
target: 	 mrr: 0.034208	 ndcg_5: 0.0294	 ndcg_10: 0.0349	 hit@1:0.013240	 hit@5:0.0467	 hit@10: 0.0641
epoch 18: train_loss = 0.802839, source_hit@10 = 0.0615, source_ndcg@10 = 0.0324, target_hit@10 = 0.0641, target_ndcg@10 = 0.0349

2024-08-08 16:54:52.604588: step 5776/24320 (epoch 19/80), loss = 0.793644 (75.527 sec/epoch), lr: 0.003258
Evaluating on dev set...
...........................
source: 	 mrr: 0.023008	 ndcg_5: 0.0133	 ndcg_10: 0.0223	 hit@1:0.005069	 hit@5:0.0224	 hit@10: 0.0507
target: 	 mrr: 0.045234	 ndcg_5: 0.0357	 ndcg_10: 0.0497	 hit@1:0.014634	 hit@5:0.0578	 hit@10: 0.1010
epoch 19: train_loss = 0.793644, source_hit@10 = 0.0507, source_ndcg@10 = 0.0223, target_hit@10 = 0.1010, target_ndcg@10 = 0.0497

2024-08-08 16:56:08.086986: step 6080/24320 (epoch 20/80), loss = 0.795966 (74.894 sec/epoch), lr: 0.003258
Evaluating on dev set...
...........................
source: 	 mrr: 0.032021	 ndcg_5: 0.0246	 ndcg_10: 0.0299	 hit@1:0.012310	 hit@5:0.0362	 hit@10: 0.0529
target: 	 mrr: 0.039776	 ndcg_5: 0.0298	 ndcg_10: 0.0407	 hit@1:0.013937	 hit@5:0.0453	 hit@10: 0.0801
epoch 20: train_loss = 0.795966, source_hit@10 = 0.0529, source_ndcg@10 = 0.0299, target_hit@10 = 0.0801, target_ndcg@10 = 0.0407

2024-08-08 16:57:23.827616: step 6384/24320 (epoch 21/80), loss = 0.788578 (75.129 sec/epoch), lr: 0.003258
Evaluating on dev set...
...........................
source: 	 mrr: 0.023541	 ndcg_5: 0.0163	 ndcg_10: 0.0228	 hit@1:0.006517	 hit@5:0.0268	 hit@10: 0.0471
target: 	 mrr: 0.048232	 ndcg_5: 0.0402	 ndcg_10: 0.0518	 hit@1:0.017422	 hit@5:0.0641	 hit@10: 0.1003
target best!
..............target: 	 mrr: 0.047888	 ndcg_5: 0.0378	 ndcg_10: 0.0487	 hit@1:0.017147	 hit@5:0.0576	 hit@10: 0.0912
epoch 21: train_loss = 0.788578, source_hit@10 = 0.0471, source_ndcg@10 = 0.0228, target_hit@10 = 0.0912, target_ndcg@10 = 0.0487
new best model saved.

2024-08-08 16:58:40.121722: step 6688/24320 (epoch 22/80), loss = 0.783263 (75.294 sec/epoch), lr: 0.003095
Evaluating on dev set...
...........................
source: 	 mrr: 0.025683	 ndcg_5: 0.0173	 ndcg_10: 0.0248	 hit@1:0.007965	 hit@5:0.0268	 hit@10: 0.0500
target: 	 mrr: 0.051969	 ndcg_5: 0.0431	 ndcg_10: 0.0517	 hit@1:0.021603	 hit@5:0.0634	 hit@10: 0.0899
target best!
..............target: 	 mrr: 0.049206	 ndcg_5: 0.0407	 ndcg_10: 0.0534	 hit@1:0.017147	 hit@5:0.0658	 hit@10: 0.1056
epoch 22: train_loss = 0.783263, source_hit@10 = 0.0500, source_ndcg@10 = 0.0248, target_hit@10 = 0.1056, target_ndcg@10 = 0.0534
new best model saved.

2024-08-08 16:59:56.043117: step 6992/24320 (epoch 23/80), loss = 0.781989 (74.914 sec/epoch), lr: 0.003095
Evaluating on dev set...
...........................
source: 	 mrr: 0.021013	 ndcg_5: 0.0141	 ndcg_10: 0.0188	 hit@1:0.005069	 hit@5:0.0232	 hit@10: 0.0377
target: 	 mrr: 0.042356	 ndcg_5: 0.0349	 ndcg_10: 0.0451	 hit@1:0.013937	 hit@5:0.0557	 hit@10: 0.0878
epoch 23: train_loss = 0.781989, source_hit@10 = 0.0377, source_ndcg@10 = 0.0188, target_hit@10 = 0.0878, target_ndcg@10 = 0.0451

2024-08-08 17:01:12.007355: step 7296/24320 (epoch 24/80), loss = 0.774515 (75.365 sec/epoch), lr: 0.002940
Evaluating on dev set...
...........................
source: 	 mrr: 0.029316	 ndcg_5: 0.0221	 ndcg_10: 0.0286	 hit@1:0.008689	 hit@5:0.0362	 hit@10: 0.0565
target: 	 mrr: 0.043342	 ndcg_5: 0.0360	 ndcg_10: 0.0445	 hit@1:0.016028	 hit@5:0.0551	 hit@10: 0.0815
epoch 24: train_loss = 0.774515, source_hit@10 = 0.0565, source_ndcg@10 = 0.0286, target_hit@10 = 0.0815, target_ndcg@10 = 0.0445

2024-08-08 17:02:28.074996: step 7600/24320 (epoch 25/80), loss = 0.772297 (75.471 sec/epoch), lr: 0.002940
Evaluating on dev set...
...........................
source: 	 mrr: 0.028925	 ndcg_5: 0.0217	 ndcg_10: 0.0283	 hit@1:0.010862	 hit@5:0.0319	 hit@10: 0.0529
target: 	 mrr: 0.045988	 ndcg_5: 0.0369	 ndcg_10: 0.0482	 hit@1:0.017422	 hit@5:0.0564	 hit@10: 0.0920
epoch 25: train_loss = 0.772297, source_hit@10 = 0.0529, source_ndcg@10 = 0.0283, target_hit@10 = 0.0920, target_ndcg@10 = 0.0482

2024-08-08 17:03:43.838554: step 7904/24320 (epoch 26/80), loss = 0.770788 (75.129 sec/epoch), lr: 0.002940
Evaluating on dev set...
...........................
source: 	 mrr: 0.031841	 ndcg_5: 0.0232	 ndcg_10: 0.0316	 hit@1:0.007965	 hit@5:0.0384	 hit@10: 0.0652
target: 	 mrr: 0.043208	 ndcg_5: 0.0333	 ndcg_10: 0.0477	 hit@1:0.014634	 hit@5:0.0509	 hit@10: 0.0962
epoch 26: train_loss = 0.770788, source_hit@10 = 0.0652, source_ndcg@10 = 0.0316, target_hit@10 = 0.0962, target_ndcg@10 = 0.0477

2024-08-08 17:04:59.851017: step 8208/24320 (epoch 27/80), loss = 0.771651 (75.421 sec/epoch), lr: 0.002940
Evaluating on dev set...
...........................
source: 	 mrr: 0.023361	 ndcg_5: 0.0153	 ndcg_10: 0.0223	 hit@1:0.006517	 hit@5:0.0246	 hit@10: 0.0463
target: 	 mrr: 0.037108	 ndcg_5: 0.0296	 ndcg_10: 0.0388	 hit@1:0.010453	 hit@5:0.0488	 hit@10: 0.0774
epoch 27: train_loss = 0.771651, source_hit@10 = 0.0463, source_ndcg@10 = 0.0223, target_hit@10 = 0.0774, target_ndcg@10 = 0.0388

2024-08-08 17:06:15.545825: step 8512/24320 (epoch 28/80), loss = 0.762741 (75.106 sec/epoch), lr: 0.002793
Evaluating on dev set...
...........................
source: 	 mrr: 0.034532	 ndcg_5: 0.0258	 ndcg_10: 0.0337	 hit@1:0.011586	 hit@5:0.0406	 hit@10: 0.0652
target: 	 mrr: 0.043309	 ndcg_5: 0.0328	 ndcg_10: 0.0442	 hit@1:0.017422	 hit@5:0.0488	 hit@10: 0.0836
epoch 28: train_loss = 0.762741, source_hit@10 = 0.0652, source_ndcg@10 = 0.0337, target_hit@10 = 0.0836, target_ndcg@10 = 0.0442

2024-08-08 17:07:31.709556: step 8816/24320 (epoch 29/80), loss = 0.762317 (75.570 sec/epoch), lr: 0.002793
Evaluating on dev set...
...........................
source: 	 mrr: 0.031875	 ndcg_5: 0.0218	 ndcg_10: 0.0295	 hit@1:0.010138	 hit@5:0.0333	 hit@10: 0.0572
target: 	 mrr: 0.045709	 ndcg_5: 0.0352	 ndcg_10: 0.0465	 hit@1:0.020209	 hit@5:0.0502	 hit@10: 0.0850
epoch 29: train_loss = 0.762317, source_hit@10 = 0.0572, source_ndcg@10 = 0.0295, target_hit@10 = 0.0850, target_ndcg@10 = 0.0465

2024-08-08 17:08:47.462659: step 9120/24320 (epoch 30/80), loss = 0.756591 (75.156 sec/epoch), lr: 0.002654
Evaluating on dev set...
...........................
source: 	 mrr: 0.032263	 ndcg_5: 0.0226	 ndcg_10: 0.0313	 hit@1:0.007965	 hit@5:0.0362	 hit@10: 0.0630
target: 	 mrr: 0.044824	 ndcg_5: 0.0352	 ndcg_10: 0.0478	 hit@1:0.015331	 hit@5:0.0557	 hit@10: 0.0955
epoch 30: train_loss = 0.756591, source_hit@10 = 0.0630, source_ndcg@10 = 0.0313, target_hit@10 = 0.0955, target_ndcg@10 = 0.0478
shift to transfer learning mode

2024-08-08 17:10:04.682801: step 9424/24320 (epoch 31/80), loss = 0.866623 (76.601 sec/epoch), lr: 0.002521
Evaluating on dev set...
...........................
source: 	 mrr: 0.036045	 ndcg_5: 0.0266	 ndcg_10: 0.0372	 hit@1:0.011586	 hit@5:0.0406	 hit@10: 0.0739
target: 	 mrr: 0.046455	 ndcg_5: 0.0371	 ndcg_10: 0.0483	 hit@1:0.013937	 hit@5:0.0578	 hit@10: 0.0927
epoch 31: train_loss = 0.866623, source_hit@10 = 0.0739, source_ndcg@10 = 0.0372, target_hit@10 = 0.0927, target_ndcg@10 = 0.0483

2024-08-08 17:11:21.279795: step 9728/24320 (epoch 32/80), loss = 0.860858 (75.996 sec/epoch), lr: 0.002521
Evaluating on dev set...
...........................
source: 	 mrr: 0.029674	 ndcg_5: 0.0229	 ndcg_10: 0.0282	 hit@1:0.010862	 hit@5:0.0355	 hit@10: 0.0521
target: 	 mrr: 0.046594	 ndcg_5: 0.0386	 ndcg_10: 0.0516	 hit@1:0.014634	 hit@5:0.0627	 hit@10: 0.1031
epoch 32: train_loss = 0.860858, source_hit@10 = 0.0521, source_ndcg@10 = 0.0282, target_hit@10 = 0.1031, target_ndcg@10 = 0.0516

2024-08-08 17:12:38.413426: step 10032/24320 (epoch 33/80), loss = 0.851456 (76.529 sec/epoch), lr: 0.002395
Evaluating on dev set...
...........................
source: 	 mrr: 0.030388	 ndcg_5: 0.0219	 ndcg_10: 0.0305	 hit@1:0.007241	 hit@5:0.0362	 hit@10: 0.0630
target: 	 mrr: 0.043606	 ndcg_5: 0.0337	 ndcg_10: 0.0464	 hit@1:0.016725	 hit@5:0.0523	 hit@10: 0.0920
epoch 33: train_loss = 0.851456, source_hit@10 = 0.0630, source_ndcg@10 = 0.0305, target_hit@10 = 0.0920, target_ndcg@10 = 0.0464

2024-08-08 17:13:52.323142: step 10336/24320 (epoch 34/80), loss = 0.842452 (73.321 sec/epoch), lr: 0.002275
Evaluating on dev set...
...........................
source: 	 mrr: 0.034744	 ndcg_5: 0.0269	 ndcg_10: 0.0353	 hit@1:0.011586	 hit@5:0.0427	 hit@10: 0.0688
target: 	 mrr: 0.047150	 ndcg_5: 0.0376	 ndcg_10: 0.0504	 hit@1:0.016725	 hit@5:0.0578	 hit@10: 0.0976
epoch 34: train_loss = 0.842452, source_hit@10 = 0.0688, source_ndcg@10 = 0.0353, target_hit@10 = 0.0976, target_ndcg@10 = 0.0504

2024-08-08 17:15:05.856406: step 10640/24320 (epoch 35/80), loss = 0.834530 (72.944 sec/epoch), lr: 0.002275
Evaluating on dev set...
...........................
source: 	 mrr: 0.032860	 ndcg_5: 0.0240	 ndcg_10: 0.0319	 hit@1:0.010138	 hit@5:0.0377	 hit@10: 0.0623
target: 	 mrr: 0.051158	 ndcg_5: 0.0428	 ndcg_10: 0.0552	 hit@1:0.019512	 hit@5:0.0662	 hit@10: 0.1052
epoch 35: train_loss = 0.834530, source_hit@10 = 0.0623, source_ndcg@10 = 0.0319, target_hit@10 = 0.1052, target_ndcg@10 = 0.0552

2024-08-08 17:16:20.103327: step 10944/24320 (epoch 36/80), loss = 0.835518 (73.666 sec/epoch), lr: 0.002275
Evaluating on dev set...
...........................
source: 	 mrr: 0.035049	 ndcg_5: 0.0261	 ndcg_10: 0.0352	 hit@1:0.010138	 hit@5:0.0420	 hit@10: 0.0702
target: 	 mrr: 0.040216	 ndcg_5: 0.0323	 ndcg_10: 0.0418	 hit@1:0.014634	 hit@5:0.0495	 hit@10: 0.0794
epoch 36: train_loss = 0.835518, source_hit@10 = 0.0702, source_ndcg@10 = 0.0352, target_hit@10 = 0.0794, target_ndcg@10 = 0.0418

2024-08-08 17:17:33.984442: step 11248/24320 (epoch 37/80), loss = 0.830564 (73.301 sec/epoch), lr: 0.002161
Evaluating on dev set...
...........................
source: 	 mrr: 0.037667	 ndcg_5: 0.0280	 ndcg_10: 0.0373	 hit@1:0.015206	 hit@5:0.0413	 hit@10: 0.0702
target: 	 mrr: 0.043690	 ndcg_5: 0.0352	 ndcg_10: 0.0473	 hit@1:0.013240	 hit@5:0.0557	 hit@10: 0.0934
epoch 37: train_loss = 0.830564, source_hit@10 = 0.0702, source_ndcg@10 = 0.0373, target_hit@10 = 0.0934, target_ndcg@10 = 0.0473

2024-08-08 17:18:47.979719: step 11552/24320 (epoch 38/80), loss = 0.825487 (73.401 sec/epoch), lr: 0.002161
Evaluating on dev set...
...........................
source: 	 mrr: 0.023805	 ndcg_5: 0.0163	 ndcg_10: 0.0213	 hit@1:0.007241	 hit@5:0.0253	 hit@10: 0.0406
target: 	 mrr: 0.045247	 ndcg_5: 0.0367	 ndcg_10: 0.0473	 hit@1:0.016028	 hit@5:0.0578	 hit@10: 0.0906
epoch 38: train_loss = 0.825487, source_hit@10 = 0.0406, source_ndcg@10 = 0.0213, target_hit@10 = 0.0906, target_ndcg@10 = 0.0473

2024-08-08 17:20:02.408264: step 11856/24320 (epoch 39/80), loss = 0.821313 (73.835 sec/epoch), lr: 0.002053
Evaluating on dev set...
...........................
source: 	 mrr: 0.037079	 ndcg_5: 0.0287	 ndcg_10: 0.0385	 hit@1:0.011586	 hit@5:0.0463	 hit@10: 0.0768
target: 	 mrr: 0.046317	 ndcg_5: 0.0378	 ndcg_10: 0.0502	 hit@1:0.018118	 hit@5:0.0578	 hit@10: 0.0969
epoch 39: train_loss = 0.821313, source_hit@10 = 0.0768, source_ndcg@10 = 0.0385, target_hit@10 = 0.0969, target_ndcg@10 = 0.0502

2024-08-08 17:21:16.889921: step 12160/24320 (epoch 40/80), loss = 0.817944 (73.896 sec/epoch), lr: 0.002053
Evaluating on dev set...
...........................
source: 	 mrr: 0.036423	 ndcg_5: 0.0278	 ndcg_10: 0.0360	 hit@1:0.012310	 hit@5:0.0449	 hit@10: 0.0702
target: 	 mrr: 0.045611	 ndcg_5: 0.0370	 ndcg_10: 0.0497	 hit@1:0.016028	 hit@5:0.0592	 hit@10: 0.0990
epoch 40: train_loss = 0.817944, source_hit@10 = 0.0702, source_ndcg@10 = 0.0360, target_hit@10 = 0.0990, target_ndcg@10 = 0.0497

2024-08-08 17:22:30.928011: step 12464/24320 (epoch 41/80), loss = 0.810482 (73.450 sec/epoch), lr: 0.001951
Evaluating on dev set...
...........................
source: 	 mrr: 0.030187	 ndcg_5: 0.0226	 ndcg_10: 0.0294	 hit@1:0.007965	 hit@5:0.0377	 hit@10: 0.0594
target: 	 mrr: 0.043458	 ndcg_5: 0.0353	 ndcg_10: 0.0465	 hit@1:0.015331	 hit@5:0.0564	 hit@10: 0.0913
epoch 41: train_loss = 0.810482, source_hit@10 = 0.0594, source_ndcg@10 = 0.0294, target_hit@10 = 0.0913, target_ndcg@10 = 0.0465

2024-08-08 17:23:45.068926: step 12768/24320 (epoch 42/80), loss = 0.807790 (73.547 sec/epoch), lr: 0.001853
Evaluating on dev set...
...........................
source: 	 mrr: 0.021918	 ndcg_5: 0.0138	 ndcg_10: 0.0203	 hit@1:0.006517	 hit@5:0.0217	 hit@10: 0.0420
target: 	 mrr: 0.046707	 ndcg_5: 0.0382	 ndcg_10: 0.0498	 hit@1:0.017422	 hit@5:0.0599	 hit@10: 0.0962
epoch 42: train_loss = 0.807790, source_hit@10 = 0.0420, source_ndcg@10 = 0.0203, target_hit@10 = 0.0962, target_ndcg@10 = 0.0498

2024-08-08 17:25:02.460762: step 13072/24320 (epoch 43/80), loss = 0.800403 (76.805 sec/epoch), lr: 0.001761
Evaluating on dev set...
...........................
source: 	 mrr: 0.027208	 ndcg_5: 0.0197	 ndcg_10: 0.0248	 hit@1:0.008689	 hit@5:0.0311	 hit@10: 0.0471
target: 	 mrr: 0.048728	 ndcg_5: 0.0388	 ndcg_10: 0.0531	 hit@1:0.020906	 hit@5:0.0585	 hit@10: 0.1024
epoch 43: train_loss = 0.800403, source_hit@10 = 0.0471, source_ndcg@10 = 0.0248, target_hit@10 = 0.1024, target_ndcg@10 = 0.0531

2024-08-08 17:26:19.126202: step 13376/24320 (epoch 44/80), loss = 0.799578 (76.068 sec/epoch), lr: 0.001761
Evaluating on dev set...
...........................
source: 	 mrr: 0.038413	 ndcg_5: 0.0270	 ndcg_10: 0.0393	 hit@1:0.014482	 hit@5:0.0391	 hit@10: 0.0775
target: 	 mrr: 0.043336	 ndcg_5: 0.0344	 ndcg_10: 0.0449	 hit@1:0.016028	 hit@5:0.0516	 hit@10: 0.0836
epoch 44: train_loss = 0.799578, source_hit@10 = 0.0775, source_ndcg@10 = 0.0393, target_hit@10 = 0.0836, target_ndcg@10 = 0.0449

2024-08-08 17:27:36.584500: step 13680/24320 (epoch 45/80), loss = 0.795365 (76.854 sec/epoch), lr: 0.001761
Evaluating on dev set...
...........................
source: 	 mrr: 0.040939	 ndcg_5: 0.0312	 ndcg_10: 0.0408	 hit@1:0.015930	 hit@5:0.0471	 hit@10: 0.0768
target: 	 mrr: 0.042850	 ndcg_5: 0.0351	 ndcg_10: 0.0449	 hit@1:0.015331	 hit@5:0.0544	 hit@10: 0.0850
source best!
.............
source: 	 mrr: 0.033939	 ndcg_5: 0.0233	 ndcg_10: 0.0324	 hit@1:0.009969	 hit@5:0.0360	 hit@10: 0.0644
epoch 45: train_loss = 0.795365, source_hit@10 = 0.0644, source_ndcg@10 = 0.0324, target_hit@10 = 0.0850, target_ndcg@10 = 0.0449
new best model saved.

2024-08-08 17:28:53.540604: step 13984/24320 (epoch 46/80), loss = 0.793303 (75.986 sec/epoch), lr: 0.001761
Evaluating on dev set...
...........................
source: 	 mrr: 0.041856	 ndcg_5: 0.0330	 ndcg_10: 0.0418	 hit@1:0.015930	 hit@5:0.0492	 hit@10: 0.0768
target: 	 mrr: 0.046820	 ndcg_5: 0.0376	 ndcg_10: 0.0520	 hit@1:0.017422	 hit@5:0.0585	 hit@10: 0.1031
source best!
.............
source: 	 mrr: 0.032679	 ndcg_5: 0.0218	 ndcg_10: 0.0322	 hit@1:0.009202	 hit@5:0.0345	 hit@10: 0.0675
epoch 46: train_loss = 0.793303, source_hit@10 = 0.0675, source_ndcg@10 = 0.0322, target_hit@10 = 0.1031, target_ndcg@10 = 0.0520
new best model saved.

2024-08-08 17:30:07.083889: step 14288/24320 (epoch 47/80), loss = 0.791410 (72.546 sec/epoch), lr: 0.001761
Evaluating on dev set...
...........................
source: 	 mrr: 0.042065	 ndcg_5: 0.0302	 ndcg_10: 0.0424	 hit@1:0.015930	 hit@5:0.0442	 hit@10: 0.0818
target: 	 mrr: 0.042272	 ndcg_5: 0.0372	 ndcg_10: 0.0463	 hit@1:0.011847	 hit@5:0.0627	 hit@10: 0.0906
source best!
.............
source: 	 mrr: 0.034120	 ndcg_5: 0.0243	 ndcg_10: 0.0314	 hit@1:0.010736	 hit@5:0.0391	 hit@10: 0.0613
epoch 47: train_loss = 0.791410, source_hit@10 = 0.0613, source_ndcg@10 = 0.0314, target_hit@10 = 0.0906, target_ndcg@10 = 0.0463
new best model saved.

2024-08-08 17:31:20.402408: step 14592/24320 (epoch 48/80), loss = 0.785293 (72.370 sec/epoch), lr: 0.001672
Evaluating on dev set...
...........................
source: 	 mrr: 0.039641	 ndcg_5: 0.0290	 ndcg_10: 0.0366	 hit@1:0.016655	 hit@5:0.0413	 hit@10: 0.0652
target: 	 mrr: 0.043131	 ndcg_5: 0.0342	 ndcg_10: 0.0455	 hit@1:0.015331	 hit@5:0.0523	 hit@10: 0.0878
epoch 48: train_loss = 0.785293, source_hit@10 = 0.0652, source_ndcg@10 = 0.0366, target_hit@10 = 0.0878, target_ndcg@10 = 0.0455

2024-08-08 17:32:36.828961: step 14896/24320 (epoch 49/80), loss = 0.780522 (75.837 sec/epoch), lr: 0.001589
Evaluating on dev set...
...........................
source: 	 mrr: 0.030981	 ndcg_5: 0.0236	 ndcg_10: 0.0313	 hit@1:0.009413	 hit@5:0.0377	 hit@10: 0.0615
target: 	 mrr: 0.040228	 ndcg_5: 0.0330	 ndcg_10: 0.0420	 hit@1:0.013937	 hit@5:0.0516	 hit@10: 0.0794
epoch 49: train_loss = 0.780522, source_hit@10 = 0.0615, source_ndcg@10 = 0.0313, target_hit@10 = 0.0794, target_ndcg@10 = 0.0420

2024-08-08 17:33:53.590517: step 15200/24320 (epoch 50/80), loss = 0.774870 (76.161 sec/epoch), lr: 0.001509
Evaluating on dev set...
...........................
source: 	 mrr: 0.034629	 ndcg_5: 0.0264	 ndcg_10: 0.0345	 hit@1:0.012310	 hit@5:0.0406	 hit@10: 0.0659
target: 	 mrr: 0.040622	 ndcg_5: 0.0330	 ndcg_10: 0.0403	 hit@1:0.015331	 hit@5:0.0509	 hit@10: 0.0732
epoch 50: train_loss = 0.774870, source_hit@10 = 0.0659, source_ndcg@10 = 0.0345, target_hit@10 = 0.0732, target_ndcg@10 = 0.0403

2024-08-08 17:35:10.456566: step 15504/24320 (epoch 51/80), loss = 0.774052 (76.266 sec/epoch), lr: 0.001509
Evaluating on dev set...
...........................
source: 	 mrr: 0.038790	 ndcg_5: 0.0293	 ndcg_10: 0.0395	 hit@1:0.013758	 hit@5:0.0449	 hit@10: 0.0768
target: 	 mrr: 0.046072	 ndcg_5: 0.0376	 ndcg_10: 0.0505	 hit@1:0.016725	 hit@5:0.0571	 hit@10: 0.0976
epoch 51: train_loss = 0.774052, source_hit@10 = 0.0768, source_ndcg@10 = 0.0395, target_hit@10 = 0.0976, target_ndcg@10 = 0.0505

2024-08-08 17:36:27.576253: step 15808/24320 (epoch 52/80), loss = 0.769544 (76.504 sec/epoch), lr: 0.001509
Evaluating on dev set...
...........................
source: 	 mrr: 0.032161	 ndcg_5: 0.0237	 ndcg_10: 0.0317	 hit@1:0.011586	 hit@5:0.0355	 hit@10: 0.0608
target: 	 mrr: 0.042952	 ndcg_5: 0.0337	 ndcg_10: 0.0457	 hit@1:0.014634	 hit@5:0.0523	 hit@10: 0.0892
epoch 52: train_loss = 0.769544, source_hit@10 = 0.0608, source_ndcg@10 = 0.0317, target_hit@10 = 0.0892, target_ndcg@10 = 0.0457

2024-08-08 17:37:44.573239: step 16112/24320 (epoch 53/80), loss = 0.768452 (76.387 sec/epoch), lr: 0.001434
Evaluating on dev set...
...........................
source: 	 mrr: 0.027542	 ndcg_5: 0.0192	 ndcg_10: 0.0262	 hit@1:0.009413	 hit@5:0.0290	 hit@10: 0.0507
target: 	 mrr: 0.044849	 ndcg_5: 0.0363	 ndcg_10: 0.0478	 hit@1:0.016725	 hit@5:0.0557	 hit@10: 0.0920
epoch 53: train_loss = 0.768452, source_hit@10 = 0.0507, source_ndcg@10 = 0.0262, target_hit@10 = 0.0920, target_ndcg@10 = 0.0478

2024-08-08 17:39:00.069487: step 16416/24320 (epoch 54/80), loss = 0.757946 (74.891 sec/epoch), lr: 0.001362
Evaluating on dev set...
...........................
source: 	 mrr: 0.026092	 ndcg_5: 0.0186	 ndcg_10: 0.0252	 hit@1:0.007965	 hit@5:0.0282	 hit@10: 0.0492
target: 	 mrr: 0.049049	 ndcg_5: 0.0401	 ndcg_10: 0.0532	 hit@1:0.018815	 hit@5:0.0606	 hit@10: 0.1017
epoch 54: train_loss = 0.757946, source_hit@10 = 0.0492, source_ndcg@10 = 0.0252, target_hit@10 = 0.1017, target_ndcg@10 = 0.0532

2024-08-08 17:40:14.620448: step 16720/24320 (epoch 55/80), loss = 0.759113 (73.970 sec/epoch), lr: 0.001362
Evaluating on dev set...
...........................
source: 	 mrr: 0.035571	 ndcg_5: 0.0274	 ndcg_10: 0.0356	 hit@1:0.012310	 hit@5:0.0442	 hit@10: 0.0695
target: 	 mrr: 0.043849	 ndcg_5: 0.0369	 ndcg_10: 0.0463	 hit@1:0.017422	 hit@5:0.0564	 hit@10: 0.0857
epoch 55: train_loss = 0.759113, source_hit@10 = 0.0695, source_ndcg@10 = 0.0356, target_hit@10 = 0.0857, target_ndcg@10 = 0.0463

2024-08-08 17:41:31.903735: step 17024/24320 (epoch 56/80), loss = 0.756992 (76.673 sec/epoch), lr: 0.001362
Evaluating on dev set...
...........................
source: 	 mrr: 0.023605	 ndcg_5: 0.0159	 ndcg_10: 0.0235	 hit@1:0.005069	 hit@5:0.0268	 hit@10: 0.0507
target: 	 mrr: 0.042908	 ndcg_5: 0.0343	 ndcg_10: 0.0430	 hit@1:0.016028	 hit@5:0.0523	 hit@10: 0.0794
epoch 56: train_loss = 0.756992, source_hit@10 = 0.0507, source_ndcg@10 = 0.0235, target_hit@10 = 0.0794, target_ndcg@10 = 0.0430

2024-08-08 17:42:49.251512: step 17328/24320 (epoch 57/80), loss = 0.750242 (76.729 sec/epoch), lr: 0.001294
Evaluating on dev set...
...........................
source: 	 mrr: 0.033456	 ndcg_5: 0.0246	 ndcg_10: 0.0349	 hit@1:0.009413	 hit@5:0.0398	 hit@10: 0.0724
target: 	 mrr: 0.042247	 ndcg_5: 0.0340	 ndcg_10: 0.0439	 hit@1:0.016028	 hit@5:0.0537	 hit@10: 0.0850
epoch 57: train_loss = 0.750242, source_hit@10 = 0.0724, source_ndcg@10 = 0.0349, target_hit@10 = 0.0850, target_ndcg@10 = 0.0439

2024-08-08 17:44:06.560855: step 17632/24320 (epoch 58/80), loss = 0.752591 (76.712 sec/epoch), lr: 0.001294
Evaluating on dev set...
...........................
source: 	 mrr: 0.029254	 ndcg_5: 0.0214	 ndcg_10: 0.0273	 hit@1:0.010862	 hit@5:0.0319	 hit@10: 0.0500
target: 	 mrr: 0.039007	 ndcg_5: 0.0302	 ndcg_10: 0.0424	 hit@1:0.013240	 hit@5:0.0481	 hit@10: 0.0864
epoch 58: train_loss = 0.752591, source_hit@10 = 0.0500, source_ndcg@10 = 0.0273, target_hit@10 = 0.0864, target_ndcg@10 = 0.0424

2024-08-08 17:45:22.615172: step 17936/24320 (epoch 59/80), loss = 0.746978 (75.453 sec/epoch), lr: 0.001229
Evaluating on dev set...
...........................
source: 	 mrr: 0.032789	 ndcg_5: 0.0239	 ndcg_10: 0.0323	 hit@1:0.010862	 hit@5:0.0369	 hit@10: 0.0630
target: 	 mrr: 0.045274	 ndcg_5: 0.0368	 ndcg_10: 0.0496	 hit@1:0.016725	 hit@5:0.0571	 hit@10: 0.0976
epoch 59: train_loss = 0.746978, source_hit@10 = 0.0630, source_ndcg@10 = 0.0323, target_hit@10 = 0.0976, target_ndcg@10 = 0.0496

2024-08-08 17:46:39.865809: step 18240/24320 (epoch 60/80), loss = 0.743546 (76.625 sec/epoch), lr: 0.001229
Evaluating on dev set...
...........................
source: 	 mrr: 0.039758	 ndcg_5: 0.0313	 ndcg_10: 0.0397	 hit@1:0.013758	 hit@5:0.0492	 hit@10: 0.0753
target: 	 mrr: 0.044781	 ndcg_5: 0.0370	 ndcg_10: 0.0448	 hit@1:0.017422	 hit@5:0.0564	 hit@10: 0.0808
epoch 60: train_loss = 0.743546, source_hit@10 = 0.0753, source_ndcg@10 = 0.0397, target_hit@10 = 0.0808, target_ndcg@10 = 0.0448

2024-08-08 17:47:56.955017: step 18544/24320 (epoch 61/80), loss = 0.739254 (76.489 sec/epoch), lr: 0.001229
Evaluating on dev set...
...........................
source: 	 mrr: 0.033710	 ndcg_5: 0.0245	 ndcg_10: 0.0326	 hit@1:0.013758	 hit@5:0.0362	 hit@10: 0.0615
target: 	 mrr: 0.044600	 ndcg_5: 0.0377	 ndcg_10: 0.0464	 hit@1:0.017422	 hit@5:0.0585	 hit@10: 0.0864
epoch 61: train_loss = 0.739254, source_hit@10 = 0.0615, source_ndcg@10 = 0.0326, target_hit@10 = 0.0864, target_ndcg@10 = 0.0464

2024-08-08 17:49:14.196329: step 18848/24320 (epoch 62/80), loss = 0.736807 (76.631 sec/epoch), lr: 0.001168
Evaluating on dev set...
...........................
source: 	 mrr: 0.035113	 ndcg_5: 0.0263	 ndcg_10: 0.0331	 hit@1:0.015206	 hit@5:0.0369	 hit@10: 0.0587
target: 	 mrr: 0.041759	 ndcg_5: 0.0346	 ndcg_10: 0.0448	 hit@1:0.013937	 hit@5:0.0557	 hit@10: 0.0885
epoch 62: train_loss = 0.736807, source_hit@10 = 0.0587, source_ndcg@10 = 0.0331, target_hit@10 = 0.0885, target_ndcg@10 = 0.0448

2024-08-08 17:50:30.941494: step 19152/24320 (epoch 63/80), loss = 0.735302 (76.155 sec/epoch), lr: 0.001110
Evaluating on dev set...
...........................
source: 	 mrr: 0.025788	 ndcg_5: 0.0184	 ndcg_10: 0.0237	 hit@1:0.010138	 hit@5:0.0268	 hit@10: 0.0434
target: 	 mrr: 0.042910	 ndcg_5: 0.0348	 ndcg_10: 0.0448	 hit@1:0.015331	 hit@5:0.0551	 hit@10: 0.0864
epoch 63: train_loss = 0.735302, source_hit@10 = 0.0434, source_ndcg@10 = 0.0237, target_hit@10 = 0.0864, target_ndcg@10 = 0.0448

2024-08-08 17:51:47.968270: step 19456/24320 (epoch 64/80), loss = 0.729357 (76.426 sec/epoch), lr: 0.001054
Evaluating on dev set...
...........................
source: 	 mrr: 0.035415	 ndcg_5: 0.0260	 ndcg_10: 0.0342	 hit@1:0.013034	 hit@5:0.0384	 hit@10: 0.0637
target: 	 mrr: 0.039274	 ndcg_5: 0.0287	 ndcg_10: 0.0407	 hit@1:0.013240	 hit@5:0.0446	 hit@10: 0.0822
epoch 64: train_loss = 0.729357, source_hit@10 = 0.0637, source_ndcg@10 = 0.0342, target_hit@10 = 0.0822, target_ndcg@10 = 0.0407

2024-08-08 17:53:01.124360: step 19760/24320 (epoch 65/80), loss = 0.726400 (72.557 sec/epoch), lr: 0.001054
Evaluating on dev set...
...........................
source: 	 mrr: 0.041578	 ndcg_5: 0.0337	 ndcg_10: 0.0409	 hit@1:0.016655	 hit@5:0.0507	 hit@10: 0.0731
target: 	 mrr: 0.038847	 ndcg_5: 0.0298	 ndcg_10: 0.0380	 hit@1:0.013240	 hit@5:0.0446	 hit@10: 0.0704
epoch 65: train_loss = 0.726400, source_hit@10 = 0.0731, source_ndcg@10 = 0.0409, target_hit@10 = 0.0704, target_ndcg@10 = 0.0380

2024-08-08 17:54:15.843410: step 20064/24320 (epoch 66/80), loss = 0.724079 (74.131 sec/epoch), lr: 0.001054
Evaluating on dev set...
...........................
source: 	 mrr: 0.039645	 ndcg_5: 0.0316	 ndcg_10: 0.0403	 hit@1:0.015206	 hit@5:0.0478	 hit@10: 0.0753
target: 	 mrr: 0.043199	 ndcg_5: 0.0339	 ndcg_10: 0.0449	 hit@1:0.016028	 hit@5:0.0516	 hit@10: 0.0864
epoch 66: train_loss = 0.724079, source_hit@10 = 0.0753, source_ndcg@10 = 0.0403, target_hit@10 = 0.0864, target_ndcg@10 = 0.0449

2024-08-08 17:55:28.539996: step 20368/24320 (epoch 67/80), loss = 0.723684 (72.111 sec/epoch), lr: 0.001054
Evaluating on dev set...
...........................
source: 	 mrr: 0.037269	 ndcg_5: 0.0306	 ndcg_10: 0.0383	 hit@1:0.011586	 hit@5:0.0492	 hit@10: 0.0731
target: 	 mrr: 0.045216	 ndcg_5: 0.0367	 ndcg_10: 0.0469	 hit@1:0.018118	 hit@5:0.0557	 hit@10: 0.0878
epoch 67: train_loss = 0.723684, source_hit@10 = 0.0731, source_ndcg@10 = 0.0383, target_hit@10 = 0.0878, target_ndcg@10 = 0.0469

2024-08-08 17:56:41.805503: step 20672/24320 (epoch 68/80), loss = 0.721364 (72.682 sec/epoch), lr: 0.001001
Evaluating on dev set...
...........................
source: 	 mrr: 0.019730	 ndcg_5: 0.0133	 ndcg_10: 0.0176	 hit@1:0.005793	 hit@5:0.0210	 hit@10: 0.0340
target: 	 mrr: 0.045948	 ndcg_5: 0.0380	 ndcg_10: 0.0478	 hit@1:0.019512	 hit@5:0.0571	 hit@10: 0.0878
epoch 68: train_loss = 0.721364, source_hit@10 = 0.0340, source_ndcg@10 = 0.0176, target_hit@10 = 0.0878, target_ndcg@10 = 0.0478
early termination of training
