nohup: ignoring input
/home1/lhr/anaconda3/envs/torch/lib/python3.8/site-packages/torch_geometric/typing.py:54: UserWarning: An issue occurred while importing 'pyg-lib'. Disabling its usage. Stacktrace: /lib/x86_64-linux-gnu/libm.so.6: version `GLIBC_2.29' not found (required by /home1/lhr/anaconda3/envs/torch/lib/python3.8/site-packages/libpyg.so)
  warnings.warn(f"An issue occurred while importing 'pyg-lib'. "
/home1/lhr/anaconda3/envs/torch/lib/python3.8/site-packages/torch_geometric/typing.py:110: UserWarning: An issue occurred while importing 'torch-sparse'. Disabling its usage. Stacktrace: /lib/x86_64-linux-gnu/libm.so.6: version `GLIBC_2.29' not found (required by /home1/lhr/anaconda3/envs/torch/lib/python3.8/site-packages/libpyg.so)
  warnings.warn(f"An issue occurred while importing 'torch-sparse'. "
using gpu:2 to train the model
using gpu:2 to train the model
cuda:2
Namespace(A_split=False, JK='sum', a_fold=100, aggregate=False, alpha=0.4, batch_size=1024, beta_inter=0.55, conv_layers=4, cuda=True, decay_epoch=10, device=device(type='cuda', index=2), device_id='2', domains='game_video', dropout=0.4, epoch=80, feature_dim=126, hidden_dim=126, inter_tau=0.2, intra_tau=1.2, lambda_critic=0.4, leakey=0.05, load=False, log='logs.txt', log_epoch=1, lr=0.004, lr_decay=0.95, min_epoch=50, mode='train', model_file=None, model_name='gv', momentum=0.98, num_latent_factors=3, num_negative=100, optim='adam', patience=20, proj_layers=1, projection=1, rectify_epoch=30, residual=1, save=False, save_dir='./saved_models', seed=32, similarity_tau=0.1, test_sample_number=999, user_batch_size=256, weight_decay=0.0002)
number_user 25025
number_item 12319
/home1/lhr/invariantCDR/invariantCDR/utils/GraphMaker.py:46: RuntimeWarning: divide by zero encountered in power
  r_inv = np.power(rowsum, -1).flatten()
/home1/lhr/invariantCDR/invariantCDR/utils/GraphMaker.py:72: UserWarning: torch.sparse.SparseTensor(indices, values, shape, *, device=) is deprecated.  Please use torch.sparse_coo_tensor(indices, values, shape, dtype=, device=). (Triggered internally at /opt/conda/conda-bld/pytorch_1711403590347/work/torch/csrc/utils/tensor_new.cpp:618.)
  return torch.sparse.FloatTensor(indices, values, shape)
real graph loaded!
number_user 19457
number_item 8751
real graph loaded!
graph loaded!
Loading data from game_video with batch size 1024...
unseen test: 0
test length: 1381
unseen test: 0
test length: 1304
unseen test: 0
test length: 1435
unseen test: 0
test length: 1458
source_user_num 25025
target_user_num 19457
source_item_num 12319
target_item_num 8751
shared users id: 1737
test users 226, 217
unseen test: 0
dev length: 1000
unseen test: 0
dev length: 1000
source train data : 155036, target train data: 156091, source test data : 1304, target test data : 1458, source dev data : 1000, target dev data : 1000
2024-08-07 12:06:00.220733: step 304/24320 (epoch 1/80), loss = 1.382527 (86.593 sec/epoch), lr: 0.004000
Evaluating on dev set...
...........................
source: 	 mrr: 0.018459	 ndcg_5: 0.0131	 ndcg_10: 0.0170	 hit@1:0.003621	 hit@5:0.0232	 hit@10: 0.0355
target: 	 mrr: 0.036231	 ndcg_5: 0.0286	 ndcg_10: 0.0344	 hit@1:0.013240	 hit@5:0.0425	 hit@10: 0.0613
source best!
.............
source: 	 mrr: 0.026091	 ndcg_5: 0.0206	 ndcg_10: 0.0243	 hit@1:0.009969	 hit@5:0.0307	 hit@10: 0.0422
target best!
..............target: 	 mrr: 0.031468	 ndcg_5: 0.0217	 ndcg_10: 0.0308	 hit@1:0.009602	 hit@5:0.0336	 hit@10: 0.0624
epoch 1: train_loss = 1.382527, source_hit@10 = 0.0422, source_ndcg@10 = 0.0243, target_hit@10 = 0.0624, target_ndcg@10 = 0.0308

2024-08-07 12:07:25.666784: step 608/24320 (epoch 2/80), loss = 1.237141 (83.471 sec/epoch), lr: 0.004000
Evaluating on dev set...
...........................
source: 	 mrr: 0.027586	 ndcg_5: 0.0174	 ndcg_10: 0.0252	 hit@1:0.005069	 hit@5:0.0297	 hit@10: 0.0543
target: 	 mrr: 0.031619	 ndcg_5: 0.0225	 ndcg_10: 0.0285	 hit@1:0.009059	 hit@5:0.0341	 hit@10: 0.0530
source best!
.............
source: 	 mrr: 0.028330	 ndcg_5: 0.0173	 ndcg_10: 0.0266	 hit@1:0.004601	 hit@5:0.0299	 hit@10: 0.0590
epoch 2: train_loss = 1.237141, source_hit@10 = 0.0590, source_ndcg@10 = 0.0266, target_hit@10 = 0.0530, target_ndcg@10 = 0.0285
new best model saved.

2024-08-07 12:08:49.571231: step 912/24320 (epoch 3/80), loss = 1.222475 (82.747 sec/epoch), lr: 0.004000
Evaluating on dev set...
...........................
source: 	 mrr: 0.018513	 ndcg_5: 0.0090	 ndcg_10: 0.0140	 hit@1:0.002896	 hit@5:0.0159	 hit@10: 0.0319
target: 	 mrr: 0.034830	 ndcg_5: 0.0247	 ndcg_10: 0.0360	 hit@1:0.008362	 hit@5:0.0404	 hit@10: 0.0760
epoch 3: train_loss = 1.222475, source_hit@10 = 0.0319, source_ndcg@10 = 0.0140, target_hit@10 = 0.0760, target_ndcg@10 = 0.0360

2024-08-07 12:10:12.005173: step 1216/24320 (epoch 4/80), loss = 1.187162 (81.707 sec/epoch), lr: 0.004000
Evaluating on dev set...
...........................
source: 	 mrr: 0.025439	 ndcg_5: 0.0143	 ndcg_10: 0.0220	 hit@1:0.002172	 hit@5:0.0268	 hit@10: 0.0514
target: 	 mrr: 0.026494	 ndcg_5: 0.0174	 ndcg_10: 0.0249	 hit@1:0.004181	 hit@5:0.0314	 hit@10: 0.0551
epoch 4: train_loss = 1.187162, source_hit@10 = 0.0514, source_ndcg@10 = 0.0220, target_hit@10 = 0.0551, target_ndcg@10 = 0.0249

2024-08-07 12:11:34.332958: step 1520/24320 (epoch 5/80), loss = 1.155036 (81.607 sec/epoch), lr: 0.004000
Evaluating on dev set...
...........................
source: 	 mrr: 0.026286	 ndcg_5: 0.0132	 ndcg_10: 0.0234	 hit@1:0.006517	 hit@5:0.0203	 hit@10: 0.0521
target: 	 mrr: 0.039173	 ndcg_5: 0.0301	 ndcg_10: 0.0389	 hit@1:0.017422	 hit@5:0.0439	 hit@10: 0.0718
target best!
..............target: 	 mrr: 0.030118	 ndcg_5: 0.0212	 ndcg_10: 0.0308	 hit@1:0.007545	 hit@5:0.0384	 hit@10: 0.0686
epoch 5: train_loss = 1.155036, source_hit@10 = 0.0521, source_ndcg@10 = 0.0234, target_hit@10 = 0.0686, target_ndcg@10 = 0.0308
new best model saved.

2024-08-07 12:12:57.932100: step 1824/24320 (epoch 6/80), loss = 1.136076 (82.413 sec/epoch), lr: 0.004000
Evaluating on dev set...
...........................
source: 	 mrr: 0.024636	 ndcg_5: 0.0159	 ndcg_10: 0.0219	 hit@1:0.007965	 hit@5:0.0232	 hit@10: 0.0420
target: 	 mrr: 0.029076	 ndcg_5: 0.0193	 ndcg_10: 0.0283	 hit@1:0.005575	 hit@5:0.0328	 hit@10: 0.0606
epoch 6: train_loss = 1.136076, source_hit@10 = 0.0420, source_ndcg@10 = 0.0219, target_hit@10 = 0.0606, target_ndcg@10 = 0.0283

2024-08-07 12:14:21.922194: step 2128/24320 (epoch 7/80), loss = 1.128546 (83.315 sec/epoch), lr: 0.004000
Evaluating on dev set...
...........................
source: 	 mrr: 0.026034	 ndcg_5: 0.0169	 ndcg_10: 0.0253	 hit@1:0.007241	 hit@5:0.0282	 hit@10: 0.0543
target: 	 mrr: 0.034111	 ndcg_5: 0.0243	 ndcg_10: 0.0336	 hit@1:0.013240	 hit@5:0.0355	 hit@10: 0.0655
epoch 7: train_loss = 1.128546, source_hit@10 = 0.0543, source_ndcg@10 = 0.0253, target_hit@10 = 0.0655, target_ndcg@10 = 0.0336

2024-08-07 12:15:44.384006: step 2432/24320 (epoch 8/80), loss = 1.117377 (81.755 sec/epoch), lr: 0.004000
Evaluating on dev set...
...........................
source: 	 mrr: 0.030888	 ndcg_5: 0.0189	 ndcg_10: 0.0309	 hit@1:0.007241	 hit@5:0.0311	 hit@10: 0.0688
target: 	 mrr: 0.046422	 ndcg_5: 0.0363	 ndcg_10: 0.0475	 hit@1:0.017422	 hit@5:0.0537	 hit@10: 0.0885
source best!
.............
source: 	 mrr: 0.031954	 ndcg_5: 0.0204	 ndcg_10: 0.0324	 hit@1:0.006902	 hit@5:0.0345	 hit@10: 0.0721
target best!
..............target: 	 mrr: 0.040189	 ndcg_5: 0.0299	 ndcg_10: 0.0425	 hit@1:0.010974	 hit@5:0.0487	 hit@10: 0.0878
epoch 8: train_loss = 1.117377, source_hit@10 = 0.0721, source_ndcg@10 = 0.0324, target_hit@10 = 0.0878, target_ndcg@10 = 0.0425
new best model saved.

2024-08-07 12:17:07.197302: step 2736/24320 (epoch 9/80), loss = 1.108878 (81.346 sec/epoch), lr: 0.004000
Evaluating on dev set...
...........................
source: 	 mrr: 0.026086	 ndcg_5: 0.0158	 ndcg_10: 0.0240	 hit@1:0.004345	 hit@5:0.0282	 hit@10: 0.0543
target: 	 mrr: 0.040077	 ndcg_5: 0.0289	 ndcg_10: 0.0416	 hit@1:0.009059	 hit@5:0.0474	 hit@10: 0.0871
epoch 9: train_loss = 1.108878, source_hit@10 = 0.0543, source_ndcg@10 = 0.0240, target_hit@10 = 0.0871, target_ndcg@10 = 0.0416

2024-08-07 12:18:30.386678: step 3040/24320 (epoch 10/80), loss = 1.103636 (82.556 sec/epoch), lr: 0.004000
Evaluating on dev set...
...........................
source: 	 mrr: 0.031811	 ndcg_5: 0.0202	 ndcg_10: 0.0306	 hit@1:0.007241	 hit@5:0.0333	 hit@10: 0.0652
target: 	 mrr: 0.044902	 ndcg_5: 0.0353	 ndcg_10: 0.0489	 hit@1:0.014634	 hit@5:0.0557	 hit@10: 0.0976
source best!
.............
source: 	 mrr: 0.032697	 ndcg_5: 0.0215	 ndcg_10: 0.0334	 hit@1:0.006902	 hit@5:0.0353	 hit@10: 0.0721
epoch 10: train_loss = 1.103636, source_hit@10 = 0.0721, source_ndcg@10 = 0.0334, target_hit@10 = 0.0976, target_ndcg@10 = 0.0489
new best model saved.

2024-08-07 12:19:55.523291: step 3344/24320 (epoch 11/80), loss = 1.101458 (83.977 sec/epoch), lr: 0.004000
Evaluating on dev set...
...........................
source: 	 mrr: 0.033330	 ndcg_5: 0.0217	 ndcg_10: 0.0324	 hit@1:0.012310	 hit@5:0.0311	 hit@10: 0.0644
target: 	 mrr: 0.043579	 ndcg_5: 0.0343	 ndcg_10: 0.0445	 hit@1:0.017422	 hit@5:0.0509	 hit@10: 0.0829
source best!
.............
source: 	 mrr: 0.034132	 ndcg_5: 0.0257	 ndcg_10: 0.0350	 hit@1:0.010736	 hit@5:0.0422	 hit@10: 0.0713
epoch 11: train_loss = 1.101458, source_hit@10 = 0.0713, source_ndcg@10 = 0.0350, target_hit@10 = 0.0829, target_ndcg@10 = 0.0445
new best model saved.

2024-08-07 12:21:19.142303: step 3648/24320 (epoch 12/80), loss = 1.098078 (82.473 sec/epoch), lr: 0.004000
Evaluating on dev set...
...........................
source: 	 mrr: 0.038803	 ndcg_5: 0.0273	 ndcg_10: 0.0383	 hit@1:0.011586	 hit@5:0.0420	 hit@10: 0.0768
target: 	 mrr: 0.028606	 ndcg_5: 0.0199	 ndcg_10: 0.0260	 hit@1:0.009059	 hit@5:0.0321	 hit@10: 0.0509
source best!
.............
source: 	 mrr: 0.043752	 ndcg_5: 0.0325	 ndcg_10: 0.0429	 hit@1:0.017638	 hit@5:0.0475	 hit@10: 0.0798
epoch 12: train_loss = 1.098078, source_hit@10 = 0.0798, source_ndcg@10 = 0.0429, target_hit@10 = 0.0509, target_ndcg@10 = 0.0260
new best model saved.

2024-08-07 12:22:42.403526: step 3952/24320 (epoch 13/80), loss = 1.094626 (82.085 sec/epoch), lr: 0.003800
Evaluating on dev set...
...........................
source: 	 mrr: 0.033628	 ndcg_5: 0.0205	 ndcg_10: 0.0323	 hit@1:0.013034	 hit@5:0.0290	 hit@10: 0.0659
target: 	 mrr: 0.035413	 ndcg_5: 0.0263	 ndcg_10: 0.0371	 hit@1:0.010453	 hit@5:0.0425	 hit@10: 0.0760
epoch 13: train_loss = 1.094626, source_hit@10 = 0.0659, source_ndcg@10 = 0.0323, target_hit@10 = 0.0760, target_ndcg@10 = 0.0371

2024-08-07 12:24:05.929121: step 4256/24320 (epoch 14/80), loss = 1.092769 (82.804 sec/epoch), lr: 0.003800
Evaluating on dev set...
...........................
source: 	 mrr: 0.033695	 ndcg_5: 0.0245	 ndcg_10: 0.0317	 hit@1:0.006517	 hit@5:0.0413	 hit@10: 0.0637
target: 	 mrr: 0.041195	 ndcg_5: 0.0317	 ndcg_10: 0.0428	 hit@1:0.011150	 hit@5:0.0523	 hit@10: 0.0871
epoch 14: train_loss = 1.092769, source_hit@10 = 0.0637, source_ndcg@10 = 0.0317, target_hit@10 = 0.0871, target_ndcg@10 = 0.0428

2024-08-07 12:25:28.926373: step 4560/24320 (epoch 15/80), loss = 1.090479 (82.285 sec/epoch), lr: 0.003800
Evaluating on dev set...
...........................
source: 	 mrr: 0.037162	 ndcg_5: 0.0238	 ndcg_10: 0.0339	 hit@1:0.013034	 hit@5:0.0355	 hit@10: 0.0666
target: 	 mrr: 0.037060	 ndcg_5: 0.0277	 ndcg_10: 0.0396	 hit@1:0.008362	 hit@5:0.0481	 hit@10: 0.0843
epoch 15: train_loss = 1.090479, source_hit@10 = 0.0666, source_ndcg@10 = 0.0339, target_hit@10 = 0.0843, target_ndcg@10 = 0.0396

2024-08-07 12:26:52.306526: step 4864/24320 (epoch 16/80), loss = 1.081785 (82.662 sec/epoch), lr: 0.003610
Evaluating on dev set...
...........................
source: 	 mrr: 0.034695	 ndcg_5: 0.0243	 ndcg_10: 0.0334	 hit@1:0.010138	 hit@5:0.0398	 hit@10: 0.0688
target: 	 mrr: 0.048168	 ndcg_5: 0.0375	 ndcg_10: 0.0523	 hit@1:0.019512	 hit@5:0.0564	 hit@10: 0.1017
target best!
..............target: 	 mrr: 0.049570	 ndcg_5: 0.0414	 ndcg_10: 0.0544	 hit@1:0.015775	 hit@5:0.0658	 hit@10: 0.1056
epoch 16: train_loss = 1.081785, source_hit@10 = 0.0688, source_ndcg@10 = 0.0334, target_hit@10 = 0.1056, target_ndcg@10 = 0.0544
new best model saved.

2024-08-07 12:28:15.328572: step 5168/24320 (epoch 17/80), loss = 1.076324 (81.851 sec/epoch), lr: 0.003610
Evaluating on dev set...
...........................
source: 	 mrr: 0.030740	 ndcg_5: 0.0189	 ndcg_10: 0.0285	 hit@1:0.007965	 hit@5:0.0311	 hit@10: 0.0608
target: 	 mrr: 0.047630	 ndcg_5: 0.0399	 ndcg_10: 0.0494	 hit@1:0.018118	 hit@5:0.0634	 hit@10: 0.0934
epoch 17: train_loss = 1.076324, source_hit@10 = 0.0608, source_ndcg@10 = 0.0285, target_hit@10 = 0.0934, target_ndcg@10 = 0.0494

2024-08-07 12:29:38.449990: step 5472/24320 (epoch 18/80), loss = 1.071757 (82.388 sec/epoch), lr: 0.003429
Evaluating on dev set...
...........................
source: 	 mrr: 0.042096	 ndcg_5: 0.0307	 ndcg_10: 0.0431	 hit@1:0.011586	 hit@5:0.0500	 hit@10: 0.0883
target: 	 mrr: 0.043413	 ndcg_5: 0.0353	 ndcg_10: 0.0474	 hit@1:0.011150	 hit@5:0.0613	 hit@10: 0.0990
source best!
.............
source: 	 mrr: 0.040546	 ndcg_5: 0.0296	 ndcg_10: 0.0424	 hit@1:0.009202	 hit@5:0.0498	 hit@10: 0.0905
epoch 18: train_loss = 1.071757, source_hit@10 = 0.0905, source_ndcg@10 = 0.0424, target_hit@10 = 0.0990, target_ndcg@10 = 0.0474
new best model saved.

2024-08-07 12:31:01.851134: step 5776/24320 (epoch 19/80), loss = 1.067648 (82.254 sec/epoch), lr: 0.003429
Evaluating on dev set...
...........................
source: 	 mrr: 0.030215	 ndcg_5: 0.0183	 ndcg_10: 0.0310	 hit@1:0.004345	 hit@5:0.0333	 hit@10: 0.0724
target: 	 mrr: 0.052420	 ndcg_5: 0.0427	 ndcg_10: 0.0575	 hit@1:0.018815	 hit@5:0.0676	 hit@10: 0.1129
target best!
..............target: 	 mrr: 0.053912	 ndcg_5: 0.0442	 ndcg_10: 0.0598	 hit@1:0.017833	 hit@5:0.0686	 hit@10: 0.1173
epoch 19: train_loss = 1.067648, source_hit@10 = 0.0724, source_ndcg@10 = 0.0310, target_hit@10 = 0.1173, target_ndcg@10 = 0.0598
new best model saved.

2024-08-07 12:32:25.323141: step 6080/24320 (epoch 20/80), loss = 1.062812 (82.295 sec/epoch), lr: 0.003258
Evaluating on dev set...
...........................
source: 	 mrr: 0.022882	 ndcg_5: 0.0117	 ndcg_10: 0.0193	 hit@1:0.002172	 hit@5:0.0224	 hit@10: 0.0456
target: 	 mrr: 0.044309	 ndcg_5: 0.0379	 ndcg_10: 0.0506	 hit@1:0.012544	 hit@5:0.0641	 hit@10: 0.1038
epoch 20: train_loss = 1.062812, source_hit@10 = 0.0456, source_ndcg@10 = 0.0193, target_hit@10 = 0.1038, target_ndcg@10 = 0.0506

2024-08-07 12:33:47.749151: step 6384/24320 (epoch 21/80), loss = 1.057068 (81.714 sec/epoch), lr: 0.003095
Evaluating on dev set...
...........................
source: 	 mrr: 0.019006	 ndcg_5: 0.0085	 ndcg_10: 0.0142	 hit@1:0.001448	 hit@5:0.0167	 hit@10: 0.0348
target: 	 mrr: 0.051296	 ndcg_5: 0.0421	 ndcg_10: 0.0577	 hit@1:0.018815	 hit@5:0.0662	 hit@10: 0.1150
epoch 21: train_loss = 1.057068, source_hit@10 = 0.0348, source_ndcg@10 = 0.0142, target_hit@10 = 0.1150, target_ndcg@10 = 0.0577

2024-08-07 12:35:10.241467: step 6688/24320 (epoch 22/80), loss = 1.053311 (81.791 sec/epoch), lr: 0.003095
Evaluating on dev set...
...........................
source: 	 mrr: 0.036343	 ndcg_5: 0.0246	 ndcg_10: 0.0344	 hit@1:0.007965	 hit@5:0.0398	 hit@10: 0.0702
target: 	 mrr: 0.044603	 ndcg_5: 0.0342	 ndcg_10: 0.0460	 hit@1:0.014634	 hit@5:0.0544	 hit@10: 0.0906
epoch 22: train_loss = 1.053311, source_hit@10 = 0.0702, source_ndcg@10 = 0.0344, target_hit@10 = 0.0906, target_ndcg@10 = 0.0460

2024-08-07 12:36:33.343946: step 6992/24320 (epoch 23/80), loss = 1.048626 (82.387 sec/epoch), lr: 0.003095
Evaluating on dev set...
...........................
source: 	 mrr: 0.036298	 ndcg_5: 0.0241	 ndcg_10: 0.0353	 hit@1:0.007241	 hit@5:0.0406	 hit@10: 0.0753
target: 	 mrr: 0.035589	 ndcg_5: 0.0251	 ndcg_10: 0.0375	 hit@1:0.010453	 hit@5:0.0404	 hit@10: 0.0794
epoch 23: train_loss = 1.048626, source_hit@10 = 0.0753, source_ndcg@10 = 0.0353, target_hit@10 = 0.0794, target_ndcg@10 = 0.0375

2024-08-07 12:37:57.085161: step 7296/24320 (epoch 24/80), loss = 1.044231 (83.014 sec/epoch), lr: 0.002940
Evaluating on dev set...
...........................
source: 	 mrr: 0.031645	 ndcg_5: 0.0212	 ndcg_10: 0.0300	 hit@1:0.005793	 hit@5:0.0369	 hit@10: 0.0644
target: 	 mrr: 0.046172	 ndcg_5: 0.0361	 ndcg_10: 0.0490	 hit@1:0.016028	 hit@5:0.0571	 hit@10: 0.0969
epoch 24: train_loss = 1.044231, source_hit@10 = 0.0644, source_ndcg@10 = 0.0300, target_hit@10 = 0.0969, target_ndcg@10 = 0.0490

2024-08-07 12:39:21.219256: step 7600/24320 (epoch 25/80), loss = 1.041815 (83.404 sec/epoch), lr: 0.002940
Evaluating on dev set...
...........................
source: 	 mrr: 0.039816	 ndcg_5: 0.0283	 ndcg_10: 0.0389	 hit@1:0.011586	 hit@5:0.0456	 hit@10: 0.0789
target: 	 mrr: 0.042968	 ndcg_5: 0.0348	 ndcg_10: 0.0471	 hit@1:0.013240	 hit@5:0.0564	 hit@10: 0.0941
epoch 25: train_loss = 1.041815, source_hit@10 = 0.0789, source_ndcg@10 = 0.0389, target_hit@10 = 0.0941, target_ndcg@10 = 0.0471

2024-08-07 12:40:43.871800: step 7904/24320 (epoch 26/80), loss = 1.040323 (81.929 sec/epoch), lr: 0.002940
Evaluating on dev set...
...........................
source: 	 mrr: 0.040753	 ndcg_5: 0.0280	 ndcg_10: 0.0378	 hit@1:0.012310	 hit@5:0.0427	 hit@10: 0.0739
target: 	 mrr: 0.042688	 ndcg_5: 0.0358	 ndcg_10: 0.0450	 hit@1:0.013240	 hit@5:0.0571	 hit@10: 0.0857
epoch 26: train_loss = 1.040323, source_hit@10 = 0.0739, source_ndcg@10 = 0.0378, target_hit@10 = 0.0857, target_ndcg@10 = 0.0450

2024-08-07 12:42:07.638250: step 8208/24320 (epoch 27/80), loss = 1.042004 (83.035 sec/epoch), lr: 0.002940
Evaluating on dev set...
...........................
source: 	 mrr: 0.032230	 ndcg_5: 0.0219	 ndcg_10: 0.0308	 hit@1:0.007965	 hit@5:0.0362	 hit@10: 0.0637
target: 	 mrr: 0.052554	 ndcg_5: 0.0454	 ndcg_10: 0.0585	 hit@1:0.020209	 hit@5:0.0711	 hit@10: 0.1122
target best!
..............target: 	 mrr: 0.055643	 ndcg_5: 0.0468	 ndcg_10: 0.0601	 hit@1:0.021948	 hit@5:0.0706	 hit@10: 0.1125
epoch 27: train_loss = 1.042004, source_hit@10 = 0.0637, source_ndcg@10 = 0.0308, target_hit@10 = 0.1125, target_ndcg@10 = 0.0601
new best model saved.

2024-08-07 12:43:31.344115: step 8512/24320 (epoch 28/80), loss = 1.038290 (82.519 sec/epoch), lr: 0.002940
Evaluating on dev set...
...........................
source: 	 mrr: 0.044431	 ndcg_5: 0.0339	 ndcg_10: 0.0437	 hit@1:0.015206	 hit@5:0.0529	 hit@10: 0.0833
target: 	 mrr: 0.047669	 ndcg_5: 0.0418	 ndcg_10: 0.0536	 hit@1:0.012544	 hit@5:0.0704	 hit@10: 0.1066
source best!
.............
source: 	 mrr: 0.036246	 ndcg_5: 0.0254	 ndcg_10: 0.0337	 hit@1:0.007669	 hit@5:0.0437	 hit@10: 0.0698
epoch 28: train_loss = 1.038290, source_hit@10 = 0.0698, source_ndcg@10 = 0.0337, target_hit@10 = 0.1066, target_ndcg@10 = 0.0536
new best model saved.

2024-08-07 12:44:55.370509: step 8816/24320 (epoch 29/80), loss = 1.039497 (82.990 sec/epoch), lr: 0.002940
Evaluating on dev set...
...........................
source: 	 mrr: 0.036795	 ndcg_5: 0.0255	 ndcg_10: 0.0370	 hit@1:0.011586	 hit@5:0.0413	 hit@10: 0.0768
target: 	 mrr: 0.044065	 ndcg_5: 0.0337	 ndcg_10: 0.0461	 hit@1:0.013240	 hit@5:0.0530	 hit@10: 0.0920
epoch 29: train_loss = 1.039497, source_hit@10 = 0.0768, source_ndcg@10 = 0.0370, target_hit@10 = 0.0920, target_ndcg@10 = 0.0461

2024-08-07 12:46:19.759522: step 9120/24320 (epoch 30/80), loss = 1.035450 (83.660 sec/epoch), lr: 0.002793
Evaluating on dev set...
...........................
source: 	 mrr: 0.035218	 ndcg_5: 0.0236	 ndcg_10: 0.0339	 hit@1:0.007965	 hit@5:0.0406	 hit@10: 0.0724
target: 	 mrr: 0.042836	 ndcg_5: 0.0339	 ndcg_10: 0.0476	 hit@1:0.009756	 hit@5:0.0571	 hit@10: 0.0997
epoch 30: train_loss = 1.035450, source_hit@10 = 0.0724, source_ndcg@10 = 0.0339, target_hit@10 = 0.0997, target_ndcg@10 = 0.0476
shift to transfer learning mode

2024-08-07 12:47:43.505652: step 9424/24320 (epoch 31/80), loss = 1.033330 (83.009 sec/epoch), lr: 0.002654
Evaluating on dev set...
...........................
source: 	 mrr: 0.039077	 ndcg_5: 0.0296	 ndcg_10: 0.0393	 hit@1:0.012310	 hit@5:0.0485	 hit@10: 0.0782
target: 	 mrr: 0.044966	 ndcg_5: 0.0358	 ndcg_10: 0.0496	 hit@1:0.010453	 hit@5:0.0606	 hit@10: 0.1031
epoch 31: train_loss = 1.033330, source_hit@10 = 0.0782, source_ndcg@10 = 0.0393, target_hit@10 = 0.1031, target_ndcg@10 = 0.0496

2024-08-07 12:49:07.902363: step 9728/24320 (epoch 32/80), loss = 1.033106 (83.647 sec/epoch), lr: 0.002654
Evaluating on dev set...
...........................
source: 	 mrr: 0.037564	 ndcg_5: 0.0243	 ndcg_10: 0.0365	 hit@1:0.010138	 hit@5:0.0384	 hit@10: 0.0760
target: 	 mrr: 0.037318	 ndcg_5: 0.0270	 ndcg_10: 0.0383	 hit@1:0.009059	 hit@5:0.0453	 hit@10: 0.0801
epoch 32: train_loss = 1.033106, source_hit@10 = 0.0760, source_ndcg@10 = 0.0365, target_hit@10 = 0.0801, target_ndcg@10 = 0.0383

2024-08-07 12:50:33.365585: step 10032/24320 (epoch 33/80), loss = 1.030039 (84.724 sec/epoch), lr: 0.002521
Evaluating on dev set...
...........................
source: 	 mrr: 0.037292	 ndcg_5: 0.0263	 ndcg_10: 0.0359	 hit@1:0.012310	 hit@5:0.0406	 hit@10: 0.0702
target: 	 mrr: 0.048087	 ndcg_5: 0.0398	 ndcg_10: 0.0509	 hit@1:0.016725	 hit@5:0.0641	 hit@10: 0.0990
epoch 33: train_loss = 1.030039, source_hit@10 = 0.0702, source_ndcg@10 = 0.0359, target_hit@10 = 0.0990, target_ndcg@10 = 0.0509

2024-08-07 12:51:58.423675: step 10336/24320 (epoch 34/80), loss = 1.028084 (84.336 sec/epoch), lr: 0.002521
Evaluating on dev set...
...........................
source: 	 mrr: 0.034565	 ndcg_5: 0.0241	 ndcg_10: 0.0339	 hit@1:0.007241	 hit@5:0.0420	 hit@10: 0.0724
target: 	 mrr: 0.039605	 ndcg_5: 0.0309	 ndcg_10: 0.0421	 hit@1:0.013240	 hit@5:0.0502	 hit@10: 0.0850
epoch 34: train_loss = 1.028084, source_hit@10 = 0.0724, source_ndcg@10 = 0.0339, target_hit@10 = 0.0850, target_ndcg@10 = 0.0421

2024-08-07 12:53:23.401661: step 10640/24320 (epoch 35/80), loss = 1.022199 (84.258 sec/epoch), lr: 0.002395
Evaluating on dev set...
...........................
source: 	 mrr: 0.040859	 ndcg_5: 0.0299	 ndcg_10: 0.0412	 hit@1:0.012310	 hit@5:0.0485	 hit@10: 0.0840
target: 	 mrr: 0.032163	 ndcg_5: 0.0215	 ndcg_10: 0.0302	 hit@1:0.008362	 hit@5:0.0348	 hit@10: 0.0620
epoch 35: train_loss = 1.022199, source_hit@10 = 0.0840, source_ndcg@10 = 0.0412, target_hit@10 = 0.0620, target_ndcg@10 = 0.0302

2024-08-07 12:54:47.509561: step 10944/24320 (epoch 36/80), loss = 1.022863 (83.389 sec/epoch), lr: 0.002275
Evaluating on dev set...
...........................
source: 	 mrr: 0.035505	 ndcg_5: 0.0228	 ndcg_10: 0.0363	 hit@1:0.011586	 hit@5:0.0355	 hit@10: 0.0768
target: 	 mrr: 0.043275	 ndcg_5: 0.0350	 ndcg_10: 0.0481	 hit@1:0.011150	 hit@5:0.0606	 hit@10: 0.1017
epoch 36: train_loss = 1.022863, source_hit@10 = 0.0768, source_ndcg@10 = 0.0363, target_hit@10 = 0.1017, target_ndcg@10 = 0.0481

2024-08-07 12:56:11.536582: step 11248/24320 (epoch 37/80), loss = 1.021257 (83.358 sec/epoch), lr: 0.002275
Evaluating on dev set...
...........................
source: 	 mrr: 0.041445	 ndcg_5: 0.0328	 ndcg_10: 0.0440	 hit@1:0.011586	 hit@5:0.0543	 hit@10: 0.0891
target: 	 mrr: 0.045275	 ndcg_5: 0.0381	 ndcg_10: 0.0465	 hit@1:0.016028	 hit@5:0.0599	 hit@10: 0.0864
epoch 37: train_loss = 1.021257, source_hit@10 = 0.0891, source_ndcg@10 = 0.0440, target_hit@10 = 0.0864, target_ndcg@10 = 0.0465

2024-08-07 12:57:37.416165: step 11552/24320 (epoch 38/80), loss = 1.018733 (85.238 sec/epoch), lr: 0.002275
Evaluating on dev set...
...........................
source: 	 mrr: 0.036631	 ndcg_5: 0.0253	 ndcg_10: 0.0357	 hit@1:0.011586	 hit@5:0.0398	 hit@10: 0.0724
target: 	 mrr: 0.048387	 ndcg_5: 0.0405	 ndcg_10: 0.0526	 hit@1:0.013240	 hit@5:0.0683	 hit@10: 0.1059
epoch 38: train_loss = 1.018733, source_hit@10 = 0.0724, source_ndcg@10 = 0.0357, target_hit@10 = 0.1059, target_ndcg@10 = 0.0526

2024-08-07 12:59:01.808726: step 11856/24320 (epoch 39/80), loss = 1.017251 (83.674 sec/epoch), lr: 0.002161
Evaluating on dev set...
...........................
source: 	 mrr: 0.039536	 ndcg_5: 0.0306	 ndcg_10: 0.0404	 hit@1:0.009413	 hit@5:0.0514	 hit@10: 0.0818
target: 	 mrr: 0.048021	 ndcg_5: 0.0410	 ndcg_10: 0.0524	 hit@1:0.016028	 hit@5:0.0676	 hit@10: 0.1031
epoch 39: train_loss = 1.017251, source_hit@10 = 0.0818, source_ndcg@10 = 0.0404, target_hit@10 = 0.1031, target_ndcg@10 = 0.0524

2024-08-07 13:00:25.532940: step 12160/24320 (epoch 40/80), loss = 1.018006 (83.081 sec/epoch), lr: 0.002161
Evaluating on dev set...
...........................
source: 	 mrr: 0.033484	 ndcg_5: 0.0222	 ndcg_10: 0.0299	 hit@1:0.009413	 hit@5:0.0348	 hit@10: 0.0594
target: 	 mrr: 0.039886	 ndcg_5: 0.0323	 ndcg_10: 0.0412	 hit@1:0.009756	 hit@5:0.0544	 hit@10: 0.0822
epoch 40: train_loss = 1.018006, source_hit@10 = 0.0594, source_ndcg@10 = 0.0299, target_hit@10 = 0.0822, target_ndcg@10 = 0.0412

2024-08-07 13:01:48.971366: step 12464/24320 (epoch 41/80), loss = 1.014132 (82.696 sec/epoch), lr: 0.002053
Evaluating on dev set...
...........................
source: 	 mrr: 0.037056	 ndcg_5: 0.0236	 ndcg_10: 0.0367	 hit@1:0.008689	 hit@5:0.0384	 hit@10: 0.0789
target: 	 mrr: 0.042147	 ndcg_5: 0.0334	 ndcg_10: 0.0470	 hit@1:0.009756	 hit@5:0.0578	 hit@10: 0.0997
epoch 41: train_loss = 1.014132, source_hit@10 = 0.0789, source_ndcg@10 = 0.0367, target_hit@10 = 0.0997, target_ndcg@10 = 0.0470

2024-08-07 13:03:13.885693: step 12768/24320 (epoch 42/80), loss = 1.015213 (84.275 sec/epoch), lr: 0.002053
Evaluating on dev set...
...........................
source: 	 mrr: 0.037406	 ndcg_5: 0.0270	 ndcg_10: 0.0370	 hit@1:0.009413	 hit@5:0.0449	 hit@10: 0.0760
target: 	 mrr: 0.040957	 ndcg_5: 0.0319	 ndcg_10: 0.0419	 hit@1:0.013937	 hit@5:0.0502	 hit@10: 0.0815
epoch 42: train_loss = 1.015213, source_hit@10 = 0.0760, source_ndcg@10 = 0.0370, target_hit@10 = 0.0815, target_ndcg@10 = 0.0419

2024-08-07 13:04:38.719503: step 13072/24320 (epoch 43/80), loss = 1.011648 (84.125 sec/epoch), lr: 0.001951
Evaluating on dev set...
...........................
source: 	 mrr: 0.043830	 ndcg_5: 0.0291	 ndcg_10: 0.0432	 hit@1:0.015930	 hit@5:0.0420	 hit@10: 0.0854
target: 	 mrr: 0.048044	 ndcg_5: 0.0414	 ndcg_10: 0.0525	 hit@1:0.013240	 hit@5:0.0697	 hit@10: 0.1038
epoch 43: train_loss = 1.011648, source_hit@10 = 0.0854, source_ndcg@10 = 0.0432, target_hit@10 = 0.1038, target_ndcg@10 = 0.0525

2024-08-07 13:06:02.362727: step 13376/24320 (epoch 44/80), loss = 1.010957 (82.928 sec/epoch), lr: 0.001951
Evaluating on dev set...
...........................
source: 	 mrr: 0.044277	 ndcg_5: 0.0338	 ndcg_10: 0.0438	 hit@1:0.015930	 hit@5:0.0536	 hit@10: 0.0847
target: 	 mrr: 0.044166	 ndcg_5: 0.0338	 ndcg_10: 0.0443	 hit@1:0.013937	 hit@5:0.0544	 hit@10: 0.0871
epoch 44: train_loss = 1.010957, source_hit@10 = 0.0847, source_ndcg@10 = 0.0438, target_hit@10 = 0.0871, target_ndcg@10 = 0.0443

2024-08-07 13:07:27.264597: step 13680/24320 (epoch 45/80), loss = 1.009859 (84.215 sec/epoch), lr: 0.001853
Evaluating on dev set...
...........................
source: 	 mrr: 0.040467	 ndcg_5: 0.0291	 ndcg_10: 0.0436	 hit@1:0.011586	 hit@5:0.0485	 hit@10: 0.0934
target: 	 mrr: 0.046206	 ndcg_5: 0.0369	 ndcg_10: 0.0475	 hit@1:0.015331	 hit@5:0.0571	 hit@10: 0.0906
epoch 45: train_loss = 1.009859, source_hit@10 = 0.0934, source_ndcg@10 = 0.0436, target_hit@10 = 0.0906, target_ndcg@10 = 0.0475

2024-08-07 13:08:52.538815: step 13984/24320 (epoch 46/80), loss = 1.008169 (84.542 sec/epoch), lr: 0.001761
Evaluating on dev set...
...........................
source: 	 mrr: 0.042363	 ndcg_5: 0.0316	 ndcg_10: 0.0418	 hit@1:0.013758	 hit@5:0.0485	 hit@10: 0.0804
target: 	 mrr: 0.045798	 ndcg_5: 0.0366	 ndcg_10: 0.0477	 hit@1:0.017422	 hit@5:0.0571	 hit@10: 0.0920
epoch 46: train_loss = 1.008169, source_hit@10 = 0.0804, source_ndcg@10 = 0.0418, target_hit@10 = 0.0920, target_ndcg@10 = 0.0477

2024-08-07 13:10:17.595910: step 14288/24320 (epoch 47/80), loss = 1.007914 (84.313 sec/epoch), lr: 0.001761
Evaluating on dev set...
...........................
source: 	 mrr: 0.038639	 ndcg_5: 0.0301	 ndcg_10: 0.0402	 hit@1:0.008689	 hit@5:0.0536	 hit@10: 0.0854
target: 	 mrr: 0.048929	 ndcg_5: 0.0388	 ndcg_10: 0.0521	 hit@1:0.015331	 hit@5:0.0606	 hit@10: 0.1024
epoch 47: train_loss = 1.007914, source_hit@10 = 0.0854, source_ndcg@10 = 0.0402, target_hit@10 = 0.1024, target_ndcg@10 = 0.0521

2024-08-07 13:11:41.905208: step 14592/24320 (epoch 48/80), loss = 1.006221 (83.589 sec/epoch), lr: 0.001672
Evaluating on dev set...
...........................
source: 	 mrr: 0.040983	 ndcg_5: 0.0310	 ndcg_10: 0.0439	 hit@1:0.010138	 hit@5:0.0529	 hit@10: 0.0934
target: 	 mrr: 0.041812	 ndcg_5: 0.0319	 ndcg_10: 0.0440	 hit@1:0.013240	 hit@5:0.0502	 hit@10: 0.0878
epoch 48: train_loss = 1.006221, source_hit@10 = 0.0934, source_ndcg@10 = 0.0439, target_hit@10 = 0.0878, target_ndcg@10 = 0.0440

2024-08-07 13:13:05.620116: step 14896/24320 (epoch 49/80), loss = 1.003039 (82.973 sec/epoch), lr: 0.001589
Evaluating on dev set...
...........................
source: 	 mrr: 0.044938	 ndcg_5: 0.0337	 ndcg_10: 0.0476	 hit@1:0.016655	 hit@5:0.0507	 hit@10: 0.0934
target: 	 mrr: 0.041155	 ndcg_5: 0.0311	 ndcg_10: 0.0425	 hit@1:0.012544	 hit@5:0.0502	 hit@10: 0.0857
source best!
.............
source: 	 mrr: 0.039073	 ndcg_5: 0.0311	 ndcg_10: 0.0399	 hit@1:0.011503	 hit@5:0.0514	 hit@10: 0.0790
epoch 49: train_loss = 1.003039, source_hit@10 = 0.0790, source_ndcg@10 = 0.0399, target_hit@10 = 0.0857, target_ndcg@10 = 0.0425
new best model saved.

2024-08-07 13:14:30.262953: step 15200/24320 (epoch 50/80), loss = 1.004184 (83.553 sec/epoch), lr: 0.001589
Evaluating on dev set...
...........................
source: 	 mrr: 0.032175	 ndcg_5: 0.0255	 ndcg_10: 0.0319	 hit@1:0.008689	 hit@5:0.0413	 hit@10: 0.0608
target: 	 mrr: 0.043161	 ndcg_5: 0.0338	 ndcg_10: 0.0459	 hit@1:0.012544	 hit@5:0.0551	 hit@10: 0.0927
epoch 50: train_loss = 1.004184, source_hit@10 = 0.0608, source_ndcg@10 = 0.0319, target_hit@10 = 0.0927, target_ndcg@10 = 0.0459

2024-08-07 13:15:56.055958: step 15504/24320 (epoch 51/80), loss = 1.000881 (85.077 sec/epoch), lr: 0.001509
Evaluating on dev set...
...........................
source: 	 mrr: 0.041986	 ndcg_5: 0.0317	 ndcg_10: 0.0440	 hit@1:0.015206	 hit@5:0.0485	 hit@10: 0.0869
target: 	 mrr: 0.046574	 ndcg_5: 0.0396	 ndcg_10: 0.0511	 hit@1:0.010453	 hit@5:0.0683	 hit@10: 0.1038
epoch 51: train_loss = 1.000881, source_hit@10 = 0.0869, source_ndcg@10 = 0.0440, target_hit@10 = 0.1038, target_ndcg@10 = 0.0511

2024-08-07 13:17:20.336052: step 15808/24320 (epoch 52/80), loss = 1.001004 (83.586 sec/epoch), lr: 0.001509
Evaluating on dev set...
...........................
source: 	 mrr: 0.038094	 ndcg_5: 0.0255	 ndcg_10: 0.0393	 hit@1:0.011586	 hit@5:0.0406	 hit@10: 0.0840
target: 	 mrr: 0.047480	 ndcg_5: 0.0359	 ndcg_10: 0.0510	 hit@1:0.013937	 hit@5:0.0557	 hit@10: 0.1031
epoch 52: train_loss = 1.001004, source_hit@10 = 0.0840, source_ndcg@10 = 0.0393, target_hit@10 = 0.1031, target_ndcg@10 = 0.0510

2024-08-07 13:18:44.020290: step 16112/24320 (epoch 53/80), loss = 0.999074 (82.997 sec/epoch), lr: 0.001434
Evaluating on dev set...
...........................
source: 	 mrr: 0.038740	 ndcg_5: 0.0259	 ndcg_10: 0.0387	 hit@1:0.011586	 hit@5:0.0406	 hit@10: 0.0811
target: 	 mrr: 0.054356	 ndcg_5: 0.0444	 ndcg_10: 0.0602	 hit@1:0.020209	 hit@5:0.0690	 hit@10: 0.1185
target best!
..............target: 	 mrr: 0.056053	 ndcg_5: 0.0489	 ndcg_10: 0.0625	 hit@1:0.019204	 hit@5:0.0802	 hit@10: 0.1228
epoch 53: train_loss = 0.999074, source_hit@10 = 0.0811, source_ndcg@10 = 0.0387, target_hit@10 = 0.1228, target_ndcg@10 = 0.0625
new best model saved.

2024-08-07 13:20:10.966317: step 16416/24320 (epoch 54/80), loss = 0.996623 (85.659 sec/epoch), lr: 0.001434
Evaluating on dev set...
...........................
source: 	 mrr: 0.041101	 ndcg_5: 0.0309	 ndcg_10: 0.0424	 hit@1:0.010862	 hit@5:0.0500	 hit@10: 0.0862
target: 	 mrr: 0.052644	 ndcg_5: 0.0435	 ndcg_10: 0.0576	 hit@1:0.019512	 hit@5:0.0676	 hit@10: 0.1108
epoch 54: train_loss = 0.996623, source_hit@10 = 0.0862, source_ndcg@10 = 0.0424, target_hit@10 = 0.1108, target_ndcg@10 = 0.0576

2024-08-07 13:21:35.119167: step 16720/24320 (epoch 55/80), loss = 0.997640 (83.507 sec/epoch), lr: 0.001434
Evaluating on dev set...
...........................
source: 	 mrr: 0.038566	 ndcg_5: 0.0276	 ndcg_10: 0.0391	 hit@1:0.011586	 hit@5:0.0434	 hit@10: 0.0789
target: 	 mrr: 0.044946	 ndcg_5: 0.0343	 ndcg_10: 0.0480	 hit@1:0.014634	 hit@5:0.0544	 hit@10: 0.0969
epoch 55: train_loss = 0.997640, source_hit@10 = 0.0789, source_ndcg@10 = 0.0391, target_hit@10 = 0.0969, target_ndcg@10 = 0.0480

2024-08-07 13:22:58.977255: step 17024/24320 (epoch 56/80), loss = 0.994920 (83.211 sec/epoch), lr: 0.001362
Evaluating on dev set...
...........................
source: 	 mrr: 0.032597	 ndcg_5: 0.0218	 ndcg_10: 0.0307	 hit@1:0.009413	 hit@5:0.0348	 hit@10: 0.0630
target: 	 mrr: 0.048555	 ndcg_5: 0.0409	 ndcg_10: 0.0543	 hit@1:0.012544	 hit@5:0.0690	 hit@10: 0.1108
epoch 56: train_loss = 0.994920, source_hit@10 = 0.0630, source_ndcg@10 = 0.0307, target_hit@10 = 0.1108, target_ndcg@10 = 0.0543

2024-08-07 13:24:24.344363: step 17328/24320 (epoch 57/80), loss = 0.992514 (84.616 sec/epoch), lr: 0.001294
Evaluating on dev set...
...........................
source: 	 mrr: 0.041956	 ndcg_5: 0.0318	 ndcg_10: 0.0440	 hit@1:0.013034	 hit@5:0.0514	 hit@10: 0.0891
target: 	 mrr: 0.056673	 ndcg_5: 0.0476	 ndcg_10: 0.0608	 hit@1:0.022300	 hit@5:0.0718	 hit@10: 0.1129
target best!
..............target: 	 mrr: 0.058203	 ndcg_5: 0.0487	 ndcg_10: 0.0651	 hit@1:0.020576	 hit@5:0.0775	 hit@10: 0.1283
epoch 57: train_loss = 0.992514, source_hit@10 = 0.0891, source_ndcg@10 = 0.0440, target_hit@10 = 0.1283, target_ndcg@10 = 0.0651
new best model saved.

2024-08-07 13:25:50.651117: step 17632/24320 (epoch 58/80), loss = 0.992529 (85.123 sec/epoch), lr: 0.001294
Evaluating on dev set...
...........................
source: 	 mrr: 0.035092	 ndcg_5: 0.0235	 ndcg_10: 0.0319	 hit@1:0.010862	 hit@5:0.0369	 hit@10: 0.0623
target: 	 mrr: 0.043413	 ndcg_5: 0.0346	 ndcg_10: 0.0437	 hit@1:0.016028	 hit@5:0.0523	 hit@10: 0.0801
epoch 58: train_loss = 0.992529, source_hit@10 = 0.0623, source_ndcg@10 = 0.0319, target_hit@10 = 0.0801, target_ndcg@10 = 0.0437

2024-08-07 13:27:15.645206: step 17936/24320 (epoch 59/80), loss = 0.991292 (84.267 sec/epoch), lr: 0.001229
Evaluating on dev set...
...........................
source: 	 mrr: 0.042513	 ndcg_5: 0.0338	 ndcg_10: 0.0421	 hit@1:0.015206	 hit@5:0.0536	 hit@10: 0.0789
target: 	 mrr: 0.045270	 ndcg_5: 0.0367	 ndcg_10: 0.0474	 hit@1:0.012544	 hit@5:0.0613	 hit@10: 0.0948
epoch 59: train_loss = 0.991292, source_hit@10 = 0.0789, source_ndcg@10 = 0.0421, target_hit@10 = 0.0948, target_ndcg@10 = 0.0474

2024-08-07 13:28:41.492869: step 18240/24320 (epoch 60/80), loss = 0.990562 (84.300 sec/epoch), lr: 0.001229
Evaluating on dev set...
...........................
source: 	 mrr: 0.037995	 ndcg_5: 0.0277	 ndcg_10: 0.0391	 hit@1:0.010138	 hit@5:0.0463	 hit@10: 0.0818
target: 	 mrr: 0.048834	 ndcg_5: 0.0401	 ndcg_10: 0.0522	 hit@1:0.018118	 hit@5:0.0627	 hit@10: 0.1003
epoch 60: train_loss = 0.990562, source_hit@10 = 0.0818, source_ndcg@10 = 0.0391, target_hit@10 = 0.1003, target_ndcg@10 = 0.0522

2024-08-07 13:30:05.947192: step 18544/24320 (epoch 61/80), loss = 0.986778 (83.732 sec/epoch), lr: 0.001168
Evaluating on dev set...
...........................
source: 	 mrr: 0.035705	 ndcg_5: 0.0279	 ndcg_10: 0.0340	 hit@1:0.013034	 hit@5:0.0427	 hit@10: 0.0615
target: 	 mrr: 0.050953	 ndcg_5: 0.0438	 ndcg_10: 0.0549	 hit@1:0.017422	 hit@5:0.0690	 hit@10: 0.1031
epoch 61: train_loss = 0.986778, source_hit@10 = 0.0615, source_ndcg@10 = 0.0340, target_hit@10 = 0.1031, target_ndcg@10 = 0.0549

2024-08-07 13:31:30.644327: step 18848/24320 (epoch 62/80), loss = 0.986560 (83.979 sec/epoch), lr: 0.001110
Evaluating on dev set...
...........................
source: 	 mrr: 0.042026	 ndcg_5: 0.0309	 ndcg_10: 0.0438	 hit@1:0.013758	 hit@5:0.0485	 hit@10: 0.0891
target: 	 mrr: 0.042256	 ndcg_5: 0.0338	 ndcg_10: 0.0442	 hit@1:0.014634	 hit@5:0.0530	 hit@10: 0.0850
epoch 62: train_loss = 0.986560, source_hit@10 = 0.0891, source_ndcg@10 = 0.0438, target_hit@10 = 0.0850, target_ndcg@10 = 0.0442

2024-08-07 13:32:54.138008: step 19152/24320 (epoch 63/80), loss = 0.984130 (82.790 sec/epoch), lr: 0.001054
Evaluating on dev set...
...........................
source: 	 mrr: 0.043082	 ndcg_5: 0.0316	 ndcg_10: 0.0451	 hit@1:0.015930	 hit@5:0.0478	 hit@10: 0.0905
target: 	 mrr: 0.046842	 ndcg_5: 0.0386	 ndcg_10: 0.0516	 hit@1:0.014634	 hit@5:0.0634	 hit@10: 0.1045
epoch 63: train_loss = 0.984130, source_hit@10 = 0.0905, source_ndcg@10 = 0.0451, target_hit@10 = 0.1045, target_ndcg@10 = 0.0516

2024-08-07 13:34:19.197715: step 19456/24320 (epoch 64/80), loss = 0.983719 (84.413 sec/epoch), lr: 0.001054
Evaluating on dev set...
...........................
source: 	 mrr: 0.042114	 ndcg_5: 0.0311	 ndcg_10: 0.0409	 hit@1:0.013034	 hit@5:0.0478	 hit@10: 0.0782
target: 	 mrr: 0.049917	 ndcg_5: 0.0399	 ndcg_10: 0.0531	 hit@1:0.018118	 hit@5:0.0613	 hit@10: 0.1024
epoch 64: train_loss = 0.983719, source_hit@10 = 0.0782, source_ndcg@10 = 0.0409, target_hit@10 = 0.1024, target_ndcg@10 = 0.0531

2024-08-07 13:35:44.481568: step 19760/24320 (epoch 65/80), loss = 0.982609 (84.565 sec/epoch), lr: 0.001054
Evaluating on dev set...
...........................
source: 	 mrr: 0.037282	 ndcg_5: 0.0284	 ndcg_10: 0.0401	 hit@1:0.008689	 hit@5:0.0485	 hit@10: 0.0854
target: 	 mrr: 0.051313	 ndcg_5: 0.0430	 ndcg_10: 0.0537	 hit@1:0.018118	 hit@5:0.0669	 hit@10: 0.1003
epoch 65: train_loss = 0.982609, source_hit@10 = 0.0854, source_ndcg@10 = 0.0401, target_hit@10 = 0.1003, target_ndcg@10 = 0.0537

2024-08-07 13:37:08.687247: step 20064/24320 (epoch 66/80), loss = 0.978142 (83.493 sec/epoch), lr: 0.001001
Evaluating on dev set...
...........................
source: 	 mrr: 0.042061	 ndcg_5: 0.0315	 ndcg_10: 0.0436	 hit@1:0.013758	 hit@5:0.0492	 hit@10: 0.0869
target: 	 mrr: 0.052591	 ndcg_5: 0.0432	 ndcg_10: 0.0575	 hit@1:0.020906	 hit@5:0.0669	 hit@10: 0.1108
epoch 66: train_loss = 0.978142, source_hit@10 = 0.0869, source_ndcg@10 = 0.0436, target_hit@10 = 0.1108, target_ndcg@10 = 0.0575

2024-08-07 13:38:34.595089: step 20368/24320 (epoch 67/80), loss = 0.978517 (85.192 sec/epoch), lr: 0.001001
Evaluating on dev set...
...........................
source: 	 mrr: 0.043880	 ndcg_5: 0.0349	 ndcg_10: 0.0474	 hit@1:0.012310	 hit@5:0.0594	 hit@10: 0.0978
target: 	 mrr: 0.049449	 ndcg_5: 0.0401	 ndcg_10: 0.0535	 hit@1:0.017422	 hit@5:0.0627	 hit@10: 0.1045
epoch 67: train_loss = 0.978517, source_hit@10 = 0.0978, source_ndcg@10 = 0.0474, target_hit@10 = 0.1045, target_ndcg@10 = 0.0535

2024-08-07 13:39:58.540755: step 20672/24320 (epoch 68/80), loss = 0.975976 (83.225 sec/epoch), lr: 0.000951
Evaluating on dev set...
...........................
source: 	 mrr: 0.037528	 ndcg_5: 0.0273	 ndcg_10: 0.0388	 hit@1:0.009413	 hit@5:0.0485	 hit@10: 0.0840
target: 	 mrr: 0.049611	 ndcg_5: 0.0382	 ndcg_10: 0.0531	 hit@1:0.018118	 hit@5:0.0571	 hit@10: 0.1031
epoch 68: train_loss = 0.975976, source_hit@10 = 0.0840, source_ndcg@10 = 0.0388, target_hit@10 = 0.1031, target_ndcg@10 = 0.0531

2024-08-07 13:41:22.284425: step 20976/24320 (epoch 69/80), loss = 0.972884 (83.022 sec/epoch), lr: 0.000904
Evaluating on dev set...
...........................
source: 	 mrr: 0.039958	 ndcg_5: 0.0301	 ndcg_10: 0.0407	 hit@1:0.010138	 hit@5:0.0507	 hit@10: 0.0833
target: 	 mrr: 0.048516	 ndcg_5: 0.0409	 ndcg_10: 0.0528	 hit@1:0.016725	 hit@5:0.0655	 hit@10: 0.1031
epoch 69: train_loss = 0.972884, source_hit@10 = 0.0833, source_ndcg@10 = 0.0407, target_hit@10 = 0.1031, target_ndcg@10 = 0.0528

2024-08-07 13:42:45.987397: step 21280/24320 (epoch 70/80), loss = 0.971918 (83.047 sec/epoch), lr: 0.000904
Evaluating on dev set...
...........................
source: 	 mrr: 0.040379	 ndcg_5: 0.0312	 ndcg_10: 0.0437	 hit@1:0.010862	 hit@5:0.0529	 hit@10: 0.0920
target: 	 mrr: 0.053012	 ndcg_5: 0.0453	 ndcg_10: 0.0563	 hit@1:0.019512	 hit@5:0.0704	 hit@10: 0.1045
epoch 70: train_loss = 0.971918, source_hit@10 = 0.0920, source_ndcg@10 = 0.0437, target_hit@10 = 0.1045, target_ndcg@10 = 0.0563

2024-08-07 13:44:12.051513: step 21584/24320 (epoch 71/80), loss = 0.968706 (85.355 sec/epoch), lr: 0.000904
Evaluating on dev set...
...........................
source: 	 mrr: 0.040199	 ndcg_5: 0.0305	 ndcg_10: 0.0394	 hit@1:0.015930	 hit@5:0.0456	 hit@10: 0.0739
target: 	 mrr: 0.045833	 ndcg_5: 0.0366	 ndcg_10: 0.0490	 hit@1:0.013937	 hit@5:0.0585	 hit@10: 0.0976
epoch 71: train_loss = 0.968706, source_hit@10 = 0.0739, source_ndcg@10 = 0.0394, target_hit@10 = 0.0976, target_ndcg@10 = 0.0490

2024-08-07 13:45:36.116154: step 21888/24320 (epoch 72/80), loss = 0.965135 (83.353 sec/epoch), lr: 0.000859
Evaluating on dev set...
...........................
source: 	 mrr: 0.039034	 ndcg_5: 0.0281	 ndcg_10: 0.0396	 hit@1:0.010138	 hit@5:0.0449	 hit@10: 0.0811
target: 	 mrr: 0.048011	 ndcg_5: 0.0379	 ndcg_10: 0.0517	 hit@1:0.013937	 hit@5:0.0599	 hit@10: 0.1031
epoch 72: train_loss = 0.965135, source_hit@10 = 0.0811, source_ndcg@10 = 0.0396, target_hit@10 = 0.1031, target_ndcg@10 = 0.0517

2024-08-07 13:47:01.545180: step 22192/24320 (epoch 73/80), loss = 0.963173 (84.686 sec/epoch), lr: 0.000859
Evaluating on dev set...
...........................
source: 	 mrr: 0.034984	 ndcg_5: 0.0268	 ndcg_10: 0.0364	 hit@1:0.009413	 hit@5:0.0449	 hit@10: 0.0753
target: 	 mrr: 0.042155	 ndcg_5: 0.0351	 ndcg_10: 0.0461	 hit@1:0.012544	 hit@5:0.0585	 hit@10: 0.0927
epoch 73: train_loss = 0.963173, source_hit@10 = 0.0753, source_ndcg@10 = 0.0364, target_hit@10 = 0.0927, target_ndcg@10 = 0.0461

2024-08-07 13:48:26.713496: step 22496/24320 (epoch 74/80), loss = 0.962717 (84.515 sec/epoch), lr: 0.000816
Evaluating on dev set...
...........................
source: 	 mrr: 0.037447	 ndcg_5: 0.0289	 ndcg_10: 0.0372	 hit@1:0.014482	 hit@5:0.0434	 hit@10: 0.0688
target: 	 mrr: 0.043117	 ndcg_5: 0.0326	 ndcg_10: 0.0456	 hit@1:0.013937	 hit@5:0.0495	 hit@10: 0.0899
epoch 74: train_loss = 0.962717, source_hit@10 = 0.0688, source_ndcg@10 = 0.0372, target_hit@10 = 0.0899, target_ndcg@10 = 0.0456

2024-08-07 13:49:50.580959: step 22800/24320 (epoch 75/80), loss = 0.958550 (83.139 sec/epoch), lr: 0.000816
Evaluating on dev set...
...........................
source: 	 mrr: 0.027292	 ndcg_5: 0.0200	 ndcg_10: 0.0249	 hit@1:0.005793	 hit@5:0.0326	 hit@10: 0.0478
target: 	 mrr: 0.040890	 ndcg_5: 0.0326	 ndcg_10: 0.0426	 hit@1:0.013937	 hit@5:0.0523	 hit@10: 0.0843
epoch 75: train_loss = 0.958550, source_hit@10 = 0.0478, source_ndcg@10 = 0.0249, target_hit@10 = 0.0843, target_ndcg@10 = 0.0426

2024-08-07 13:51:15.391481: step 23104/24320 (epoch 76/80), loss = 0.957830 (84.045 sec/epoch), lr: 0.000775
Evaluating on dev set...
...........................
source: 	 mrr: 0.035694	 ndcg_5: 0.0249	 ndcg_10: 0.0337	 hit@1:0.008689	 hit@5:0.0398	 hit@10: 0.0666
target: 	 mrr: 0.046141	 ndcg_5: 0.0375	 ndcg_10: 0.0515	 hit@1:0.016028	 hit@5:0.0606	 hit@10: 0.1045
epoch 76: train_loss = 0.957830, source_hit@10 = 0.0666, source_ndcg@10 = 0.0337, target_hit@10 = 0.1045, target_ndcg@10 = 0.0515

2024-08-07 13:52:40.372941: step 23408/24320 (epoch 77/80), loss = 0.956206 (84.259 sec/epoch), lr: 0.000775
Evaluating on dev set...
...........................
source: 	 mrr: 0.039585	 ndcg_5: 0.0288	 ndcg_10: 0.0399	 hit@1:0.015206	 hit@5:0.0442	 hit@10: 0.0782
target: 	 mrr: 0.036641	 ndcg_5: 0.0277	 ndcg_10: 0.0384	 hit@1:0.011847	 hit@5:0.0446	 hit@10: 0.0780
epoch 77: train_loss = 0.956206, source_hit@10 = 0.0782, source_ndcg@10 = 0.0399, target_hit@10 = 0.0780, target_ndcg@10 = 0.0384

2024-08-07 13:54:05.633344: step 23712/24320 (epoch 78/80), loss = 0.950148 (84.538 sec/epoch), lr: 0.000736
Evaluating on dev set...
...........................
source: 	 mrr: 0.040627	 ndcg_5: 0.0315	 ndcg_10: 0.0434	 hit@1:0.011586	 hit@5:0.0514	 hit@10: 0.0876
target: 	 mrr: 0.042765	 ndcg_5: 0.0342	 ndcg_10: 0.0425	 hit@1:0.016028	 hit@5:0.0523	 hit@10: 0.0787
epoch 78: train_loss = 0.950148, source_hit@10 = 0.0876, source_ndcg@10 = 0.0434, target_hit@10 = 0.0787, target_ndcg@10 = 0.0425
early termination of training
