nohup: ignoring input
using gpu:0 to train the model
using gpu:0 to train the model
cuda:0
Namespace(A_split=False, JK='sum', a_fold=100, aggregate=False, alpha=0.5, batch_size=1024, beta_inter=0.5, conv_layers=4, cuda=True, decay_epoch=10, device=device(type='cuda', index=0), device_id='0', domains='game_video', dropout=0.5, epoch=80, feature_dim=126, hidden_dim=126, inter_tau=0.3, intra_tau=0.9, lambda_critic=0.4, leakey=0.01, load=False, log='logs.txt', log_epoch=1, lr=0.004, lr_decay=0.95, min_epoch=50, mode='train', model_file=None, model_name='gv', momentum=0.98, num_latent_factors=3, num_negative=100, optim='adam', patience=50, proj_layers=1, projection=1, residual=1, save=True, save_dir='./saved_models', seed=32, similarity_tau=0.2, test_sample_number=999, transfer_epoch=50, user_batch_size=256, weight_decay=0.0002)
number_user 25025
number_item 12319
/home/hourun/invariantCDR_v2/invariantCDR/utils/GraphMaker.py:46: RuntimeWarning: divide by zero encountered in power
  r_inv = np.power(rowsum, -1).flatten()
real graph loaded!
number_user 19457
number_item 8751
real graph loaded!
graph loaded!
Loading data from game_video with batch size 1024...
unseen test: 0
test length: 1381
unseen test: 0
test length: 1304
unseen test: 0
test length: 1435
unseen test: 0
test length: 1458
source_user_num 25025
target_user_num 19457
source_item_num 12319
target_item_num 8751
shared users id: 1737
test users 226, 217
unseen test: 0
dev length: 1000
unseen test: 0
dev length: 1000
source train data : 155036, target train data: 156091, source test data : 1304, target test data : 1458, source dev data : 1000, target dev data : 1000
2024-08-01 00:18:02.034269: step 304/24320 (epoch 1/80), loss = 1.389726 (36.961 sec/epoch), lr: 0.004000
Evaluating on dev set...
...........................
source: 	 mrr: 0.032460	 ndcg_5: 0.0219	 ndcg_10: 0.0305	 hit@1:0.010138	 hit@5:0.0333	 hit@10: 0.0601
target: 	 mrr: 0.037233	 ndcg_5: 0.0290	 ndcg_10: 0.0384	 hit@1:0.013240	 hit@5:0.0439	 hit@10: 0.0732
source best!
.............
source: 	 mrr: 0.028458	 ndcg_5: 0.0169	 ndcg_10: 0.0270	 hit@1:0.006135	 hit@5:0.0284	 hit@10: 0.0590
target best!
..............target: 	 mrr: 0.037791	 ndcg_5: 0.0301	 ndcg_10: 0.0377	 hit@1:0.013717	 hit@5:0.0473	 hit@10: 0.0713
epoch 1: train_loss = 1.389726, source_hit@10 = 0.0590, source_ndcg@10 = 0.0270, target_hit@10 = 0.0713, target_ndcg@10 = 0.0377

2024-08-01 00:18:39.214727: step 608/24320 (epoch 2/80), loss = 1.230645 (36.641 sec/epoch), lr: 0.004000
Evaluating on dev set...
...........................
source: 	 mrr: 0.029559	 ndcg_5: 0.0177	 ndcg_10: 0.0278	 hit@1:0.005793	 hit@5:0.0304	 hit@10: 0.0615
target: 	 mrr: 0.027508	 ndcg_5: 0.0181	 ndcg_10: 0.0263	 hit@1:0.009756	 hit@5:0.0265	 hit@10: 0.0523
epoch 2: train_loss = 1.230645, source_hit@10 = 0.0615, source_ndcg@10 = 0.0278, target_hit@10 = 0.0523, target_ndcg@10 = 0.0263

2024-08-01 00:19:16.140965: step 912/24320 (epoch 3/80), loss = 1.193119 (36.629 sec/epoch), lr: 0.004000
Evaluating on dev set...
...........................
source: 	 mrr: 0.026609	 ndcg_5: 0.0155	 ndcg_10: 0.0266	 hit@1:0.002896	 hit@5:0.0290	 hit@10: 0.0644
target: 	 mrr: 0.045124	 ndcg_5: 0.0391	 ndcg_10: 0.0510	 hit@1:0.010453	 hit@5:0.0683	 hit@10: 0.1052
target best!
..............target: 	 mrr: 0.051152	 ndcg_5: 0.0428	 ndcg_10: 0.0560	 hit@1:0.017833	 hit@5:0.0679	 hit@10: 0.1091
epoch 3: train_loss = 1.193119, source_hit@10 = 0.0644, source_ndcg@10 = 0.0266, target_hit@10 = 0.1091, target_ndcg@10 = 0.0560
new best model saved.

2024-08-01 00:19:53.210292: step 1216/24320 (epoch 4/80), loss = 1.186389 (36.539 sec/epoch), lr: 0.004000
Evaluating on dev set...
...........................
source: 	 mrr: 0.036738	 ndcg_5: 0.0253	 ndcg_10: 0.0349	 hit@1:0.013758	 hit@5:0.0362	 hit@10: 0.0666
target: 	 mrr: 0.042563	 ndcg_5: 0.0332	 ndcg_10: 0.0443	 hit@1:0.013937	 hit@5:0.0530	 hit@10: 0.0878
source best!
.............
source: 	 mrr: 0.032228	 ndcg_5: 0.0214	 ndcg_10: 0.0292	 hit@1:0.006902	 hit@5:0.0353	 hit@10: 0.0590
epoch 4: train_loss = 1.186389, source_hit@10 = 0.0590, source_ndcg@10 = 0.0292, target_hit@10 = 0.0878, target_ndcg@10 = 0.0443
new best model saved.

2024-08-01 00:20:30.610139: step 1520/24320 (epoch 5/80), loss = 1.179528 (36.885 sec/epoch), lr: 0.004000
Evaluating on dev set...
...........................
source: 	 mrr: 0.032575	 ndcg_5: 0.0213	 ndcg_10: 0.0305	 hit@1:0.007965	 hit@5:0.0348	 hit@10: 0.0637
target: 	 mrr: 0.039509	 ndcg_5: 0.0287	 ndcg_10: 0.0404	 hit@1:0.013240	 hit@5:0.0446	 hit@10: 0.0808
epoch 5: train_loss = 1.179528, source_hit@10 = 0.0637, source_ndcg@10 = 0.0305, target_hit@10 = 0.0808, target_ndcg@10 = 0.0404

2024-08-01 00:21:07.944027: step 1824/24320 (epoch 6/80), loss = 1.174432 (37.034 sec/epoch), lr: 0.004000
Evaluating on dev set...
...........................
source: 	 mrr: 0.033743	 ndcg_5: 0.0221	 ndcg_10: 0.0335	 hit@1:0.006517	 hit@5:0.0369	 hit@10: 0.0724
target: 	 mrr: 0.048886	 ndcg_5: 0.0425	 ndcg_10: 0.0527	 hit@1:0.016725	 hit@5:0.0676	 hit@10: 0.0997
target best!
..............target: 	 mrr: 0.049917	 ndcg_5: 0.0412	 ndcg_10: 0.0546	 hit@1:0.019204	 hit@5:0.0631	 hit@10: 0.1043
epoch 6: train_loss = 1.174432, source_hit@10 = 0.0724, source_ndcg@10 = 0.0335, target_hit@10 = 0.1043, target_ndcg@10 = 0.0546
new best model saved.

2024-08-01 00:21:45.155363: step 2128/24320 (epoch 7/80), loss = 1.165185 (36.663 sec/epoch), lr: 0.004000
Evaluating on dev set...
...........................
source: 	 mrr: 0.029934	 ndcg_5: 0.0186	 ndcg_10: 0.0305	 hit@1:0.004345	 hit@5:0.0348	 hit@10: 0.0717
target: 	 mrr: 0.045821	 ndcg_5: 0.0346	 ndcg_10: 0.0460	 hit@1:0.019512	 hit@5:0.0509	 hit@10: 0.0864
epoch 7: train_loss = 1.165185, source_hit@10 = 0.0717, source_ndcg@10 = 0.0305, target_hit@10 = 0.0864, target_ndcg@10 = 0.0460

2024-08-01 00:22:21.878582: step 2432/24320 (epoch 8/80), loss = 1.157530 (36.430 sec/epoch), lr: 0.004000
Evaluating on dev set...
...........................
source: 	 mrr: 0.027939	 ndcg_5: 0.0176	 ndcg_10: 0.0268	 hit@1:0.006517	 hit@5:0.0304	 hit@10: 0.0594
target: 	 mrr: 0.039173	 ndcg_5: 0.0294	 ndcg_10: 0.0410	 hit@1:0.011150	 hit@5:0.0481	 hit@10: 0.0843
epoch 8: train_loss = 1.157530, source_hit@10 = 0.0594, source_ndcg@10 = 0.0268, target_hit@10 = 0.0843, target_ndcg@10 = 0.0410

2024-08-01 00:22:58.927833: step 2736/24320 (epoch 9/80), loss = 1.151422 (36.754 sec/epoch), lr: 0.004000
Evaluating on dev set...
...........................
source: 	 mrr: 0.030380	 ndcg_5: 0.0193	 ndcg_10: 0.0289	 hit@1:0.005793	 hit@5:0.0326	 hit@10: 0.0630
target: 	 mrr: 0.043776	 ndcg_5: 0.0356	 ndcg_10: 0.0491	 hit@1:0.009756	 hit@5:0.0606	 hit@10: 0.1024
epoch 9: train_loss = 1.151422, source_hit@10 = 0.0630, source_ndcg@10 = 0.0289, target_hit@10 = 0.1024, target_ndcg@10 = 0.0491

2024-08-01 00:23:35.545297: step 3040/24320 (epoch 10/80), loss = 1.146340 (36.309 sec/epoch), lr: 0.004000
Evaluating on dev set...
...........................
source: 	 mrr: 0.035698	 ndcg_5: 0.0242	 ndcg_10: 0.0345	 hit@1:0.012310	 hit@5:0.0362	 hit@10: 0.0681
target: 	 mrr: 0.042623	 ndcg_5: 0.0342	 ndcg_10: 0.0467	 hit@1:0.011847	 hit@5:0.0564	 hit@10: 0.0955
epoch 10: train_loss = 1.146340, source_hit@10 = 0.0681, source_ndcg@10 = 0.0345, target_hit@10 = 0.0955, target_ndcg@10 = 0.0467

2024-08-01 00:24:11.991095: step 3344/24320 (epoch 11/80), loss = 1.144696 (36.152 sec/epoch), lr: 0.004000
Evaluating on dev set...
...........................
source: 	 mrr: 0.017930	 ndcg_5: 0.0085	 ndcg_10: 0.0130	 hit@1:0.001448	 hit@5:0.0159	 hit@10: 0.0304
target: 	 mrr: 0.026593	 ndcg_5: 0.0184	 ndcg_10: 0.0254	 hit@1:0.004878	 hit@5:0.0334	 hit@10: 0.0557
epoch 11: train_loss = 1.144696, source_hit@10 = 0.0304, source_ndcg@10 = 0.0130, target_hit@10 = 0.0557, target_ndcg@10 = 0.0254

2024-08-01 00:24:49.133762: step 3648/24320 (epoch 12/80), loss = 1.140471 (36.845 sec/epoch), lr: 0.003800
Evaluating on dev set...
...........................
source: 	 mrr: 0.038901	 ndcg_5: 0.0305	 ndcg_10: 0.0382	 hit@1:0.011586	 hit@5:0.0492	 hit@10: 0.0739
target: 	 mrr: 0.037413	 ndcg_5: 0.0262	 ndcg_10: 0.0403	 hit@1:0.009059	 hit@5:0.0439	 hit@10: 0.0878
source best!
.............
source: 	 mrr: 0.034753	 ndcg_5: 0.0252	 ndcg_10: 0.0361	 hit@1:0.006902	 hit@5:0.0452	 hit@10: 0.0790
epoch 12: train_loss = 1.140471, source_hit@10 = 0.0790, source_ndcg@10 = 0.0361, target_hit@10 = 0.0878, target_ndcg@10 = 0.0403

2024-08-01 00:25:26.115325: step 3952/24320 (epoch 13/80), loss = 1.140544 (36.576 sec/epoch), lr: 0.003800
Evaluating on dev set...
...........................
source: 	 mrr: 0.021778	 ndcg_5: 0.0110	 ndcg_10: 0.0207	 hit@1:0.001448	 hit@5:0.0217	 hit@10: 0.0521
target: 	 mrr: 0.047499	 ndcg_5: 0.0387	 ndcg_10: 0.0498	 hit@1:0.020209	 hit@5:0.0592	 hit@10: 0.0941
epoch 13: train_loss = 1.140544, source_hit@10 = 0.0521, source_ndcg@10 = 0.0207, target_hit@10 = 0.0941, target_ndcg@10 = 0.0498

2024-08-01 00:26:02.979775: step 4256/24320 (epoch 14/80), loss = 1.137016 (36.571 sec/epoch), lr: 0.003610
Evaluating on dev set...
...........................
source: 	 mrr: 0.037219	 ndcg_5: 0.0277	 ndcg_10: 0.0366	 hit@1:0.010138	 hit@5:0.0456	 hit@10: 0.0739
target: 	 mrr: 0.048468	 ndcg_5: 0.0403	 ndcg_10: 0.0534	 hit@1:0.014634	 hit@5:0.0648	 hit@10: 0.1052
epoch 14: train_loss = 1.137016, source_hit@10 = 0.0739, source_ndcg@10 = 0.0366, target_hit@10 = 0.1052, target_ndcg@10 = 0.0534

2024-08-01 00:26:40.379341: step 4560/24320 (epoch 15/80), loss = 1.134103 (37.107 sec/epoch), lr: 0.003610
Evaluating on dev set...
...........................
source: 	 mrr: 0.024395	 ndcg_5: 0.0125	 ndcg_10: 0.0240	 hit@1:0.002172	 hit@5:0.0239	 hit@10: 0.0594
target: 	 mrr: 0.049237	 ndcg_5: 0.0398	 ndcg_10: 0.0526	 hit@1:0.019512	 hit@5:0.0606	 hit@10: 0.1003
target best!
..............target: 	 mrr: 0.051189	 ndcg_5: 0.0422	 ndcg_10: 0.0549	 hit@1:0.019204	 hit@5:0.0624	 hit@10: 0.1022
epoch 15: train_loss = 1.134103, source_hit@10 = 0.0594, source_ndcg@10 = 0.0240, target_hit@10 = 0.1022, target_ndcg@10 = 0.0549

2024-08-01 00:27:17.177121: step 4864/24320 (epoch 16/80), loss = 1.132234 (36.358 sec/epoch), lr: 0.003429
Evaluating on dev set...
...........................
source: 	 mrr: 0.032278	 ndcg_5: 0.0190	 ndcg_10: 0.0338	 hit@1:0.004345	 hit@5:0.0333	 hit@10: 0.0804
target: 	 mrr: 0.045642	 ndcg_5: 0.0343	 ndcg_10: 0.0470	 hit@1:0.016725	 hit@5:0.0516	 hit@10: 0.0913
epoch 16: train_loss = 1.132234, source_hit@10 = 0.0804, source_ndcg@10 = 0.0338, target_hit@10 = 0.0913, target_ndcg@10 = 0.0470

2024-08-01 00:27:53.906897: step 5168/24320 (epoch 17/80), loss = 1.130585 (36.437 sec/epoch), lr: 0.003429
Evaluating on dev set...
...........................
source: 	 mrr: 0.031774	 ndcg_5: 0.0210	 ndcg_10: 0.0298	 hit@1:0.007965	 hit@5:0.0348	 hit@10: 0.0623
target: 	 mrr: 0.042152	 ndcg_5: 0.0316	 ndcg_10: 0.0479	 hit@1:0.009756	 hit@5:0.0551	 hit@10: 0.1059
epoch 17: train_loss = 1.130585, source_hit@10 = 0.0623, source_ndcg@10 = 0.0298, target_hit@10 = 0.1059, target_ndcg@10 = 0.0479

2024-08-01 00:28:30.857465: step 5472/24320 (epoch 18/80), loss = 1.126270 (36.656 sec/epoch), lr: 0.003258
Evaluating on dev set...
...........................
source: 	 mrr: 0.030686	 ndcg_5: 0.0204	 ndcg_10: 0.0296	 hit@1:0.007241	 hit@5:0.0340	 hit@10: 0.0630
target: 	 mrr: 0.045784	 ndcg_5: 0.0385	 ndcg_10: 0.0487	 hit@1:0.016725	 hit@5:0.0613	 hit@10: 0.0927
epoch 18: train_loss = 1.126270, source_hit@10 = 0.0630, source_ndcg@10 = 0.0296, target_hit@10 = 0.0927, target_ndcg@10 = 0.0487

2024-08-01 00:29:07.438629: step 5776/24320 (epoch 19/80), loss = 1.120037 (36.287 sec/epoch), lr: 0.003258
Evaluating on dev set...
...........................
source: 	 mrr: 0.034367	 ndcg_5: 0.0241	 ndcg_10: 0.0340	 hit@1:0.007241	 hit@5:0.0413	 hit@10: 0.0724
target: 	 mrr: 0.049179	 ndcg_5: 0.0394	 ndcg_10: 0.0524	 hit@1:0.020209	 hit@5:0.0585	 hit@10: 0.0990
epoch 19: train_loss = 1.120037, source_hit@10 = 0.0724, source_ndcg@10 = 0.0340, target_hit@10 = 0.0990, target_ndcg@10 = 0.0524

2024-08-01 00:29:44.652884: step 6080/24320 (epoch 20/80), loss = 1.108521 (36.923 sec/epoch), lr: 0.003258
Evaluating on dev set...
...........................
source: 	 mrr: 0.036183	 ndcg_5: 0.0245	 ndcg_10: 0.0358	 hit@1:0.012310	 hit@5:0.0384	 hit@10: 0.0739
target: 	 mrr: 0.046169	 ndcg_5: 0.0389	 ndcg_10: 0.0509	 hit@1:0.014634	 hit@5:0.0620	 hit@10: 0.0990
epoch 20: train_loss = 1.108521, source_hit@10 = 0.0739, source_ndcg@10 = 0.0358, target_hit@10 = 0.0990, target_ndcg@10 = 0.0509

2024-08-01 00:30:22.131155: step 6384/24320 (epoch 21/80), loss = 1.098299 (37.179 sec/epoch), lr: 0.003095
Evaluating on dev set...
...........................
source: 	 mrr: 0.035939	 ndcg_5: 0.0257	 ndcg_10: 0.0337	 hit@1:0.011586	 hit@5:0.0398	 hit@10: 0.0644
target: 	 mrr: 0.052324	 ndcg_5: 0.0452	 ndcg_10: 0.0581	 hit@1:0.016725	 hit@5:0.0739	 hit@10: 0.1136
target best!
..............target: 	 mrr: 0.055229	 ndcg_5: 0.0467	 ndcg_10: 0.0621	 hit@1:0.018519	 hit@5:0.0734	 hit@10: 0.1214
epoch 21: train_loss = 1.098299, source_hit@10 = 0.0644, source_ndcg@10 = 0.0337, target_hit@10 = 0.1214, target_ndcg@10 = 0.0621
new best model saved.

2024-08-01 00:30:59.343119: step 6688/24320 (epoch 22/80), loss = 1.089685 (36.658 sec/epoch), lr: 0.003095
Evaluating on dev set...
...........................
source: 	 mrr: 0.034758	 ndcg_5: 0.0234	 ndcg_10: 0.0338	 hit@1:0.012310	 hit@5:0.0348	 hit@10: 0.0666
target: 	 mrr: 0.050959	 ndcg_5: 0.0412	 ndcg_10: 0.0525	 hit@1:0.023693	 hit@5:0.0585	 hit@10: 0.0934
epoch 22: train_loss = 1.089685, source_hit@10 = 0.0666, source_ndcg@10 = 0.0338, target_hit@10 = 0.0934, target_ndcg@10 = 0.0525

2024-08-01 00:31:35.692582: step 6992/24320 (epoch 23/80), loss = 1.080268 (36.051 sec/epoch), lr: 0.002940
Evaluating on dev set...
...........................
source: 	 mrr: 0.029924	 ndcg_5: 0.0192	 ndcg_10: 0.0284	 hit@1:0.006517	 hit@5:0.0326	 hit@10: 0.0615
target: 	 mrr: 0.043587	 ndcg_5: 0.0359	 ndcg_10: 0.0446	 hit@1:0.016725	 hit@5:0.0557	 hit@10: 0.0829
epoch 23: train_loss = 1.080268, source_hit@10 = 0.0615, source_ndcg@10 = 0.0284, target_hit@10 = 0.0829, target_ndcg@10 = 0.0446

2024-08-01 00:32:13.011722: step 7296/24320 (epoch 24/80), loss = 1.073083 (37.026 sec/epoch), lr: 0.002793
Evaluating on dev set...
...........................
source: 	 mrr: 0.018626	 ndcg_5: 0.0101	 ndcg_10: 0.0143	 hit@1:0.002896	 hit@5:0.0174	 hit@10: 0.0304
target: 	 mrr: 0.051628	 ndcg_5: 0.0444	 ndcg_10: 0.0556	 hit@1:0.017422	 hit@5:0.0718	 hit@10: 0.1059
epoch 24: train_loss = 1.073083, source_hit@10 = 0.0304, source_ndcg@10 = 0.0143, target_hit@10 = 0.1059, target_ndcg@10 = 0.0556

2024-08-01 00:32:49.747853: step 7600/24320 (epoch 25/80), loss = 1.065672 (36.439 sec/epoch), lr: 0.002654
Evaluating on dev set...
...........................
source: 	 mrr: 0.023549	 ndcg_5: 0.0139	 ndcg_10: 0.0216	 hit@1:0.005069	 hit@5:0.0232	 hit@10: 0.0471
target: 	 mrr: 0.047151	 ndcg_5: 0.0396	 ndcg_10: 0.0501	 hit@1:0.016028	 hit@5:0.0641	 hit@10: 0.0969
epoch 25: train_loss = 1.065672, source_hit@10 = 0.0471, source_ndcg@10 = 0.0216, target_hit@10 = 0.0969, target_ndcg@10 = 0.0501

2024-08-01 00:33:26.682804: step 7904/24320 (epoch 26/80), loss = 1.060858 (36.622 sec/epoch), lr: 0.002654
Evaluating on dev set...
...........................
source: 	 mrr: 0.036838	 ndcg_5: 0.0260	 ndcg_10: 0.0351	 hit@1:0.008689	 hit@5:0.0434	 hit@10: 0.0717
target: 	 mrr: 0.048328	 ndcg_5: 0.0395	 ndcg_10: 0.0522	 hit@1:0.016028	 hit@5:0.0627	 hit@10: 0.1024
epoch 26: train_loss = 1.060858, source_hit@10 = 0.0717, source_ndcg@10 = 0.0351, target_hit@10 = 0.1024, target_ndcg@10 = 0.0522

2024-08-01 00:34:03.803938: step 8208/24320 (epoch 27/80), loss = 1.062354 (36.826 sec/epoch), lr: 0.002654
Evaluating on dev set...
...........................
source: 	 mrr: 0.032581	 ndcg_5: 0.0212	 ndcg_10: 0.0319	 hit@1:0.007241	 hit@5:0.0355	 hit@10: 0.0688
target: 	 mrr: 0.048467	 ndcg_5: 0.0384	 ndcg_10: 0.0493	 hit@1:0.020209	 hit@5:0.0571	 hit@10: 0.0906
epoch 27: train_loss = 1.062354, source_hit@10 = 0.0688, source_ndcg@10 = 0.0319, target_hit@10 = 0.0906, target_ndcg@10 = 0.0493

2024-08-01 00:34:40.395363: step 8512/24320 (epoch 28/80), loss = 1.055528 (36.297 sec/epoch), lr: 0.002521
Evaluating on dev set...
...........................
source: 	 mrr: 0.034673	 ndcg_5: 0.0255	 ndcg_10: 0.0350	 hit@1:0.010862	 hit@5:0.0427	 hit@10: 0.0724
target: 	 mrr: 0.052252	 ndcg_5: 0.0430	 ndcg_10: 0.0531	 hit@1:0.023693	 hit@5:0.0627	 hit@10: 0.0941
epoch 28: train_loss = 1.055528, source_hit@10 = 0.0724, source_ndcg@10 = 0.0350, target_hit@10 = 0.0941, target_ndcg@10 = 0.0531

2024-08-01 00:35:16.643572: step 8816/24320 (epoch 29/80), loss = 1.056166 (35.946 sec/epoch), lr: 0.002521
Evaluating on dev set...
...........................
source: 	 mrr: 0.037591	 ndcg_5: 0.0253	 ndcg_10: 0.0349	 hit@1:0.013034	 hit@5:0.0384	 hit@10: 0.0681
target: 	 mrr: 0.047986	 ndcg_5: 0.0385	 ndcg_10: 0.0522	 hit@1:0.018815	 hit@5:0.0571	 hit@10: 0.0997
epoch 29: train_loss = 1.056166, source_hit@10 = 0.0681, source_ndcg@10 = 0.0349, target_hit@10 = 0.0997, target_ndcg@10 = 0.0522

2024-08-01 00:35:53.701854: step 9120/24320 (epoch 30/80), loss = 1.052865 (36.767 sec/epoch), lr: 0.002395
Evaluating on dev set...
...........................
source: 	 mrr: 0.039331	 ndcg_5: 0.0278	 ndcg_10: 0.0391	 hit@1:0.010138	 hit@5:0.0449	 hit@10: 0.0797
target: 	 mrr: 0.047788	 ndcg_5: 0.0394	 ndcg_10: 0.0533	 hit@1:0.013937	 hit@5:0.0641	 hit@10: 0.1073
source best!
.............
source: 	 mrr: 0.040450	 ndcg_5: 0.0289	 ndcg_10: 0.0427	 hit@1:0.009969	 hit@5:0.0483	 hit@10: 0.0913
epoch 30: train_loss = 1.052865, source_hit@10 = 0.0913, source_ndcg@10 = 0.0427, target_hit@10 = 0.1073, target_ndcg@10 = 0.0533

2024-08-01 00:36:30.418274: step 9424/24320 (epoch 31/80), loss = 1.050987 (36.287 sec/epoch), lr: 0.002395
Evaluating on dev set...
...........................
source: 	 mrr: 0.034105	 ndcg_5: 0.0240	 ndcg_10: 0.0322	 hit@1:0.007241	 hit@5:0.0413	 hit@10: 0.0666
target: 	 mrr: 0.044390	 ndcg_5: 0.0367	 ndcg_10: 0.0488	 hit@1:0.013240	 hit@5:0.0599	 hit@10: 0.0976
epoch 31: train_loss = 1.050987, source_hit@10 = 0.0666, source_ndcg@10 = 0.0322, target_hit@10 = 0.0976, target_ndcg@10 = 0.0488

2024-08-01 00:37:06.894608: step 9728/24320 (epoch 32/80), loss = 1.048964 (36.182 sec/epoch), lr: 0.002275
Evaluating on dev set...
...........................
source: 	 mrr: 0.031389	 ndcg_5: 0.0215	 ndcg_10: 0.0301	 hit@1:0.007965	 hit@5:0.0362	 hit@10: 0.0630
target: 	 mrr: 0.043368	 ndcg_5: 0.0346	 ndcg_10: 0.0481	 hit@1:0.009756	 hit@5:0.0578	 hit@10: 0.0997
epoch 32: train_loss = 1.048964, source_hit@10 = 0.0630, source_ndcg@10 = 0.0301, target_hit@10 = 0.0997, target_ndcg@10 = 0.0481

2024-08-01 00:37:43.062572: step 10032/24320 (epoch 33/80), loss = 1.044964 (35.874 sec/epoch), lr: 0.002161
Evaluating on dev set...
...........................
source: 	 mrr: 0.030517	 ndcg_5: 0.0182	 ndcg_10: 0.0285	 hit@1:0.007965	 hit@5:0.0297	 hit@10: 0.0615
target: 	 mrr: 0.048128	 ndcg_5: 0.0392	 ndcg_10: 0.0502	 hit@1:0.016028	 hit@5:0.0620	 hit@10: 0.0962
epoch 33: train_loss = 1.044964, source_hit@10 = 0.0615, source_ndcg@10 = 0.0285, target_hit@10 = 0.0962, target_ndcg@10 = 0.0502

2024-08-01 00:38:19.894029: step 10336/24320 (epoch 34/80), loss = 1.043513 (36.537 sec/epoch), lr: 0.002161
Evaluating on dev set...
...........................
source: 	 mrr: 0.034822	 ndcg_5: 0.0260	 ndcg_10: 0.0350	 hit@1:0.006517	 hit@5:0.0485	 hit@10: 0.0768
target: 	 mrr: 0.040948	 ndcg_5: 0.0346	 ndcg_10: 0.0439	 hit@1:0.014634	 hit@5:0.0557	 hit@10: 0.0857
epoch 34: train_loss = 1.043513, source_hit@10 = 0.0768, source_ndcg@10 = 0.0350, target_hit@10 = 0.0857, target_ndcg@10 = 0.0439

2024-08-01 00:38:56.757435: step 10640/24320 (epoch 35/80), loss = 1.039077 (36.568 sec/epoch), lr: 0.002053
Evaluating on dev set...
...........................
source: 	 mrr: 0.036855	 ndcg_5: 0.0258	 ndcg_10: 0.0374	 hit@1:0.010862	 hit@5:0.0420	 hit@10: 0.0782
target: 	 mrr: 0.049400	 ndcg_5: 0.0403	 ndcg_10: 0.0557	 hit@1:0.016028	 hit@5:0.0641	 hit@10: 0.1122
epoch 35: train_loss = 1.039077, source_hit@10 = 0.0782, source_ndcg@10 = 0.0374, target_hit@10 = 0.1122, target_ndcg@10 = 0.0557

2024-08-01 00:39:33.714414: step 10944/24320 (epoch 36/80), loss = 1.040167 (36.654 sec/epoch), lr: 0.002053
Evaluating on dev set...
...........................
source: 	 mrr: 0.028440	 ndcg_5: 0.0170	 ndcg_10: 0.0260	 hit@1:0.006517	 hit@5:0.0275	 hit@10: 0.0558
target: 	 mrr: 0.049984	 ndcg_5: 0.0416	 ndcg_10: 0.0553	 hit@1:0.017422	 hit@5:0.0662	 hit@10: 0.1087
epoch 36: train_loss = 1.040167, source_hit@10 = 0.0558, source_ndcg@10 = 0.0260, target_hit@10 = 0.1087, target_ndcg@10 = 0.0553

2024-08-01 00:40:10.615111: step 11248/24320 (epoch 37/80), loss = 1.036403 (36.583 sec/epoch), lr: 0.001951
Evaluating on dev set...
...........................
source: 	 mrr: 0.031374	 ndcg_5: 0.0207	 ndcg_10: 0.0294	 hit@1:0.007965	 hit@5:0.0333	 hit@10: 0.0608
target: 	 mrr: 0.053386	 ndcg_5: 0.0429	 ndcg_10: 0.0573	 hit@1:0.023693	 hit@5:0.0627	 hit@10: 0.1073
target best!
..............target: 	 mrr: 0.052678	 ndcg_5: 0.0445	 ndcg_10: 0.0589	 hit@1:0.019204	 hit@5:0.0713	 hit@10: 0.1159
epoch 37: train_loss = 1.036403, source_hit@10 = 0.0608, source_ndcg@10 = 0.0294, target_hit@10 = 0.1159, target_ndcg@10 = 0.0589

2024-08-01 00:40:47.371377: step 11552/24320 (epoch 38/80), loss = 1.034022 (36.337 sec/epoch), lr: 0.001951
Evaluating on dev set...
...........................
source: 	 mrr: 0.038537	 ndcg_5: 0.0274	 ndcg_10: 0.0368	 hit@1:0.012310	 hit@5:0.0427	 hit@10: 0.0717
target: 	 mrr: 0.048026	 ndcg_5: 0.0401	 ndcg_10: 0.0516	 hit@1:0.014634	 hit@5:0.0662	 hit@10: 0.1017
epoch 38: train_loss = 1.034022, source_hit@10 = 0.0717, source_ndcg@10 = 0.0368, target_hit@10 = 0.1017, target_ndcg@10 = 0.0516

2024-08-01 00:41:23.893571: step 11856/24320 (epoch 39/80), loss = 1.033981 (36.226 sec/epoch), lr: 0.001951
Evaluating on dev set...
...........................
source: 	 mrr: 0.034801	 ndcg_5: 0.0205	 ndcg_10: 0.0352	 hit@1:0.007965	 hit@5:0.0326	 hit@10: 0.0789
target: 	 mrr: 0.051507	 ndcg_5: 0.0416	 ndcg_10: 0.0539	 hit@1:0.019512	 hit@5:0.0627	 hit@10: 0.1010
epoch 39: train_loss = 1.033981, source_hit@10 = 0.0789, source_ndcg@10 = 0.0352, target_hit@10 = 0.1010, target_ndcg@10 = 0.0539

2024-08-01 00:42:00.822164: step 12160/24320 (epoch 40/80), loss = 1.032326 (36.635 sec/epoch), lr: 0.001853
Evaluating on dev set...
...........................
source: 	 mrr: 0.037559	 ndcg_5: 0.0262	 ndcg_10: 0.0384	 hit@1:0.010138	 hit@5:0.0427	 hit@10: 0.0804
target: 	 mrr: 0.047515	 ndcg_5: 0.0386	 ndcg_10: 0.0544	 hit@1:0.014634	 hit@5:0.0634	 hit@10: 0.1129
epoch 40: train_loss = 1.032326, source_hit@10 = 0.0804, source_ndcg@10 = 0.0384, target_hit@10 = 0.1129, target_ndcg@10 = 0.0544

2024-08-01 00:42:37.751619: step 12464/24320 (epoch 41/80), loss = 1.028196 (36.611 sec/epoch), lr: 0.001761
Evaluating on dev set...
...........................
source: 	 mrr: 0.036973	 ndcg_5: 0.0252	 ndcg_10: 0.0371	 hit@1:0.010138	 hit@5:0.0406	 hit@10: 0.0775
target: 	 mrr: 0.047862	 ndcg_5: 0.0375	 ndcg_10: 0.0517	 hit@1:0.017422	 hit@5:0.0578	 hit@10: 0.1017
epoch 41: train_loss = 1.028196, source_hit@10 = 0.0775, source_ndcg@10 = 0.0371, target_hit@10 = 0.1017, target_ndcg@10 = 0.0517

2024-08-01 00:43:14.099343: step 12768/24320 (epoch 42/80), loss = 1.026965 (36.051 sec/epoch), lr: 0.001672
Evaluating on dev set...
...........................
source: 	 mrr: 0.034354	 ndcg_5: 0.0220	 ndcg_10: 0.0343	 hit@1:0.010138	 hit@5:0.0348	 hit@10: 0.0731
target: 	 mrr: 0.051911	 ndcg_5: 0.0435	 ndcg_10: 0.0567	 hit@1:0.020906	 hit@5:0.0676	 hit@10: 0.1094
epoch 42: train_loss = 1.026965, source_hit@10 = 0.0731, source_ndcg@10 = 0.0343, target_hit@10 = 0.1094, target_ndcg@10 = 0.0567

2024-08-01 00:43:50.658187: step 13072/24320 (epoch 43/80), loss = 1.025371 (36.265 sec/epoch), lr: 0.001672
Evaluating on dev set...
...........................
source: 	 mrr: 0.040754	 ndcg_5: 0.0306	 ndcg_10: 0.0419	 hit@1:0.010138	 hit@5:0.0500	 hit@10: 0.0847
target: 	 mrr: 0.048856	 ndcg_5: 0.0402	 ndcg_10: 0.0540	 hit@1:0.015331	 hit@5:0.0655	 hit@10: 0.1080
source best!
.............
source: 	 mrr: 0.038418	 ndcg_5: 0.0271	 ndcg_10: 0.0379	 hit@1:0.013037	 hit@5:0.0429	 hit@10: 0.0767
epoch 43: train_loss = 1.025371, source_hit@10 = 0.0767, source_ndcg@10 = 0.0379, target_hit@10 = 0.1080, target_ndcg@10 = 0.0540

2024-08-01 00:44:28.069891: step 13376/24320 (epoch 44/80), loss = 1.022325 (36.985 sec/epoch), lr: 0.001672
Evaluating on dev set...
...........................
source: 	 mrr: 0.036631	 ndcg_5: 0.0257	 ndcg_10: 0.0366	 hit@1:0.009413	 hit@5:0.0427	 hit@10: 0.0768
target: 	 mrr: 0.053670	 ndcg_5: 0.0447	 ndcg_10: 0.0574	 hit@1:0.020209	 hit@5:0.0683	 hit@10: 0.1073
target best!
..............target: 	 mrr: 0.049700	 ndcg_5: 0.0406	 ndcg_10: 0.0536	 hit@1:0.015775	 hit@5:0.0658	 hit@10: 0.1063
epoch 44: train_loss = 1.022325, source_hit@10 = 0.0768, source_ndcg@10 = 0.0366, target_hit@10 = 0.1063, target_ndcg@10 = 0.0536

2024-08-01 00:45:04.756225: step 13680/24320 (epoch 45/80), loss = 1.020603 (36.267 sec/epoch), lr: 0.001672
Evaluating on dev set...
...........................
source: 	 mrr: 0.039730	 ndcg_5: 0.0290	 ndcg_10: 0.0428	 hit@1:0.013034	 hit@5:0.0471	 hit@10: 0.0905
target: 	 mrr: 0.056226	 ndcg_5: 0.0493	 ndcg_10: 0.0597	 hit@1:0.022300	 hit@5:0.0753	 hit@10: 0.1080
target best!
..............target: 	 mrr: 0.054022	 ndcg_5: 0.0464	 ndcg_10: 0.0598	 hit@1:0.016461	 hit@5:0.0748	 hit@10: 0.1166
epoch 45: train_loss = 1.020603, source_hit@10 = 0.0905, source_ndcg@10 = 0.0428, target_hit@10 = 0.1166, target_ndcg@10 = 0.0598
new best model saved.

2024-08-01 00:45:41.435276: step 13984/24320 (epoch 46/80), loss = 1.018041 (36.140 sec/epoch), lr: 0.001672
Evaluating on dev set...
...........................
source: 	 mrr: 0.036093	 ndcg_5: 0.0237	 ndcg_10: 0.0349	 hit@1:0.009413	 hit@5:0.0391	 hit@10: 0.0739
target: 	 mrr: 0.051745	 ndcg_5: 0.0418	 ndcg_10: 0.0556	 hit@1:0.020906	 hit@5:0.0627	 hit@10: 0.1059
epoch 46: train_loss = 1.018041, source_hit@10 = 0.0739, source_ndcg@10 = 0.0349, target_hit@10 = 0.1059, target_ndcg@10 = 0.0556

2024-08-01 00:46:18.164162: step 14288/24320 (epoch 47/80), loss = 1.016211 (36.423 sec/epoch), lr: 0.001589
Evaluating on dev set...
...........................
source: 	 mrr: 0.041563	 ndcg_5: 0.0306	 ndcg_10: 0.0420	 hit@1:0.011586	 hit@5:0.0492	 hit@10: 0.0854
target: 	 mrr: 0.042652	 ndcg_5: 0.0331	 ndcg_10: 0.0473	 hit@1:0.010453	 hit@5:0.0551	 hit@10: 0.0990
source best!
.............
source: 	 mrr: 0.039600	 ndcg_5: 0.0319	 ndcg_10: 0.0408	 hit@1:0.010736	 hit@5:0.0544	 hit@10: 0.0821
epoch 47: train_loss = 1.016211, source_hit@10 = 0.0821, source_ndcg@10 = 0.0408, target_hit@10 = 0.0990, target_ndcg@10 = 0.0473

2024-08-01 00:46:55.033656: step 14592/24320 (epoch 48/80), loss = 1.013798 (36.461 sec/epoch), lr: 0.001509
Evaluating on dev set...
...........................
source: 	 mrr: 0.039045	 ndcg_5: 0.0251	 ndcg_10: 0.0372	 hit@1:0.011586	 hit@5:0.0377	 hit@10: 0.0760
target: 	 mrr: 0.050438	 ndcg_5: 0.0428	 ndcg_10: 0.0565	 hit@1:0.016725	 hit@5:0.0683	 hit@10: 0.1108
epoch 48: train_loss = 1.013798, source_hit@10 = 0.0760, source_ndcg@10 = 0.0372, target_hit@10 = 0.1108, target_ndcg@10 = 0.0565

2024-08-01 00:47:31.262512: step 14896/24320 (epoch 49/80), loss = 1.011142 (35.932 sec/epoch), lr: 0.001509
Evaluating on dev set...
...........................
source: 	 mrr: 0.038806	 ndcg_5: 0.0265	 ndcg_10: 0.0376	 hit@1:0.010862	 hit@5:0.0420	 hit@10: 0.0768
target: 	 mrr: 0.050254	 ndcg_5: 0.0400	 ndcg_10: 0.0555	 hit@1:0.018815	 hit@5:0.0613	 hit@10: 0.1094
epoch 49: train_loss = 1.011142, source_hit@10 = 0.0768, source_ndcg@10 = 0.0376, target_hit@10 = 0.1094, target_ndcg@10 = 0.0555

2024-08-01 00:48:08.061738: step 15200/24320 (epoch 50/80), loss = 1.009696 (36.505 sec/epoch), lr: 0.001434
Evaluating on dev set...
...........................
source: 	 mrr: 0.035579	 ndcg_5: 0.0248	 ndcg_10: 0.0356	 hit@1:0.008689	 hit@5:0.0427	 hit@10: 0.0768
target: 	 mrr: 0.050225	 ndcg_5: 0.0414	 ndcg_10: 0.0559	 hit@1:0.017422	 hit@5:0.0648	 hit@10: 0.1094
epoch 50: train_loss = 1.009696, source_hit@10 = 0.0768, source_ndcg@10 = 0.0356, target_hit@10 = 0.1094, target_ndcg@10 = 0.0559
shift to transfer learning mode

2024-08-01 00:48:44.978977: step 15504/24320 (epoch 51/80), loss = 1.006310 (36.603 sec/epoch), lr: 0.001362
Evaluating on dev set...
...........................
source: 	 mrr: 0.039430	 ndcg_5: 0.0267	 ndcg_10: 0.0402	 hit@1:0.011586	 hit@5:0.0427	 hit@10: 0.0847
target: 	 mrr: 0.048278	 ndcg_5: 0.0394	 ndcg_10: 0.0520	 hit@1:0.013937	 hit@5:0.0634	 hit@10: 0.1031
epoch 51: train_loss = 1.006310, source_hit@10 = 0.0847, source_ndcg@10 = 0.0402, target_hit@10 = 0.1031, target_ndcg@10 = 0.0520

2024-08-01 00:49:22.343570: step 15808/24320 (epoch 52/80), loss = 1.007392 (37.068 sec/epoch), lr: 0.001362
Evaluating on dev set...
...........................
source: 	 mrr: 0.035700	 ndcg_5: 0.0226	 ndcg_10: 0.0374	 hit@1:0.007241	 hit@5:0.0384	 hit@10: 0.0854
target: 	 mrr: 0.053068	 ndcg_5: 0.0432	 ndcg_10: 0.0563	 hit@1:0.020906	 hit@5:0.0662	 hit@10: 0.1066
epoch 52: train_loss = 1.007392, source_hit@10 = 0.0854, source_ndcg@10 = 0.0374, target_hit@10 = 0.1066, target_ndcg@10 = 0.0563

2024-08-01 00:49:59.396081: step 16112/24320 (epoch 53/80), loss = 1.005903 (36.741 sec/epoch), lr: 0.001362
Evaluating on dev set...
...........................
source: 	 mrr: 0.036073	 ndcg_5: 0.0232	 ndcg_10: 0.0369	 hit@1:0.008689	 hit@5:0.0398	 hit@10: 0.0825
target: 	 mrr: 0.044761	 ndcg_5: 0.0357	 ndcg_10: 0.0483	 hit@1:0.018118	 hit@5:0.0551	 hit@10: 0.0941
epoch 53: train_loss = 1.005903, source_hit@10 = 0.0825, source_ndcg@10 = 0.0369, target_hit@10 = 0.0941, target_ndcg@10 = 0.0483

2024-08-01 00:50:36.403803: step 16416/24320 (epoch 54/80), loss = 1.001586 (36.713 sec/epoch), lr: 0.001294
Evaluating on dev set...
...........................
source: 	 mrr: 0.041867	 ndcg_5: 0.0300	 ndcg_10: 0.0400	 hit@1:0.011586	 hit@5:0.0471	 hit@10: 0.0782
target: 	 mrr: 0.045001	 ndcg_5: 0.0349	 ndcg_10: 0.0473	 hit@1:0.017422	 hit@5:0.0516	 hit@10: 0.0899
source best!
.............
source: 	 mrr: 0.041847	 ndcg_5: 0.0317	 ndcg_10: 0.0419	 hit@1:0.013804	 hit@5:0.0506	 hit@10: 0.0828
epoch 54: train_loss = 1.001586, source_hit@10 = 0.0828, source_ndcg@10 = 0.0419, target_hit@10 = 0.0899, target_ndcg@10 = 0.0473

2024-08-01 00:51:13.826236: step 16720/24320 (epoch 55/80), loss = 1.002195 (37.003 sec/epoch), lr: 0.001294
Evaluating on dev set...
...........................
source: 	 mrr: 0.038262	 ndcg_5: 0.0262	 ndcg_10: 0.0385	 hit@1:0.009413	 hit@5:0.0427	 hit@10: 0.0811
target: 	 mrr: 0.046853	 ndcg_5: 0.0375	 ndcg_10: 0.0537	 hit@1:0.013937	 hit@5:0.0634	 hit@10: 0.1136
epoch 55: train_loss = 1.002195, source_hit@10 = 0.0811, source_ndcg@10 = 0.0385, target_hit@10 = 0.1136, target_ndcg@10 = 0.0537

2024-08-01 00:51:50.857385: step 17024/24320 (epoch 56/80), loss = 0.999556 (36.737 sec/epoch), lr: 0.001229
Evaluating on dev set...
...........................
source: 	 mrr: 0.033255	 ndcg_5: 0.0192	 ndcg_10: 0.0319	 hit@1:0.007241	 hit@5:0.0326	 hit@10: 0.0724
target: 	 mrr: 0.049492	 ndcg_5: 0.0397	 ndcg_10: 0.0528	 hit@1:0.018815	 hit@5:0.0599	 hit@10: 0.1010
epoch 56: train_loss = 0.999556, source_hit@10 = 0.0724, source_ndcg@10 = 0.0319, target_hit@10 = 0.1010, target_ndcg@10 = 0.0528

2024-08-01 00:52:28.212652: step 17328/24320 (epoch 57/80), loss = 0.994689 (37.059 sec/epoch), lr: 0.001168
Evaluating on dev set...
...........................
source: 	 mrr: 0.040300	 ndcg_5: 0.0284	 ndcg_10: 0.0416	 hit@1:0.009413	 hit@5:0.0478	 hit@10: 0.0891
target: 	 mrr: 0.042391	 ndcg_5: 0.0335	 ndcg_10: 0.0457	 hit@1:0.015331	 hit@5:0.0537	 hit@10: 0.0920
epoch 57: train_loss = 0.994689, source_hit@10 = 0.0891, source_ndcg@10 = 0.0416, target_hit@10 = 0.0920, target_ndcg@10 = 0.0457

2024-08-01 00:53:05.575136: step 17632/24320 (epoch 58/80), loss = 0.994909 (37.064 sec/epoch), lr: 0.001110
Evaluating on dev set...
...........................
source: 	 mrr: 0.039184	 ndcg_5: 0.0274	 ndcg_10: 0.0388	 hit@1:0.012310	 hit@5:0.0420	 hit@10: 0.0775
target: 	 mrr: 0.046291	 ndcg_5: 0.0366	 ndcg_10: 0.0488	 hit@1:0.019512	 hit@5:0.0551	 hit@10: 0.0927
epoch 58: train_loss = 0.994909, source_hit@10 = 0.0775, source_ndcg@10 = 0.0388, target_hit@10 = 0.0927, target_ndcg@10 = 0.0488

2024-08-01 00:53:43.993429: step 17936/24320 (epoch 59/80), loss = 0.992687 (38.084 sec/epoch), lr: 0.001110
Evaluating on dev set...
...........................
source: 	 mrr: 0.036196	 ndcg_5: 0.0264	 ndcg_10: 0.0359	 hit@1:0.008689	 hit@5:0.0471	 hit@10: 0.0775
target: 	 mrr: 0.048126	 ndcg_5: 0.0347	 ndcg_10: 0.0515	 hit@1:0.018815	 hit@5:0.0495	 hit@10: 0.1010
epoch 59: train_loss = 0.992687, source_hit@10 = 0.0775, source_ndcg@10 = 0.0359, target_hit@10 = 0.1010, target_ndcg@10 = 0.0515

2024-08-01 00:54:21.206824: step 18240/24320 (epoch 60/80), loss = 0.990759 (36.916 sec/epoch), lr: 0.001054
Evaluating on dev set...
...........................
source: 	 mrr: 0.038621	 ndcg_5: 0.0275	 ndcg_10: 0.0389	 hit@1:0.010138	 hit@5:0.0463	 hit@10: 0.0818
target: 	 mrr: 0.053542	 ndcg_5: 0.0425	 ndcg_10: 0.0573	 hit@1:0.022997	 hit@5:0.0620	 hit@10: 0.1080
epoch 60: train_loss = 0.990759, source_hit@10 = 0.0818, source_ndcg@10 = 0.0389, target_hit@10 = 0.1080, target_ndcg@10 = 0.0573

2024-08-01 00:54:58.958843: step 18544/24320 (epoch 61/80), loss = 0.987685 (37.446 sec/epoch), lr: 0.001054
Evaluating on dev set...
...........................
source: 	 mrr: 0.039462	 ndcg_5: 0.0287	 ndcg_10: 0.0383	 hit@1:0.009413	 hit@5:0.0478	 hit@10: 0.0775
target: 	 mrr: 0.052485	 ndcg_5: 0.0435	 ndcg_10: 0.0568	 hit@1:0.020906	 hit@5:0.0669	 hit@10: 0.1087
epoch 61: train_loss = 0.987685, source_hit@10 = 0.0775, source_ndcg@10 = 0.0383, target_hit@10 = 0.1087, target_ndcg@10 = 0.0568

2024-08-01 00:55:36.436407: step 18848/24320 (epoch 62/80), loss = 0.985511 (37.185 sec/epoch), lr: 0.001001
Evaluating on dev set...
...........................
source: 	 mrr: 0.043513	 ndcg_5: 0.0330	 ndcg_10: 0.0418	 hit@1:0.014482	 hit@5:0.0521	 hit@10: 0.0797
target: 	 mrr: 0.044825	 ndcg_5: 0.0370	 ndcg_10: 0.0509	 hit@1:0.011150	 hit@5:0.0627	 hit@10: 0.1059
source best!
.............
source: 	 mrr: 0.042730	 ndcg_5: 0.0313	 ndcg_10: 0.0416	 hit@1:0.013037	 hit@5:0.0483	 hit@10: 0.0805
epoch 62: train_loss = 0.985511, source_hit@10 = 0.0805, source_ndcg@10 = 0.0416, target_hit@10 = 0.1059, target_ndcg@10 = 0.0509

2024-08-01 00:56:14.328760: step 19152/24320 (epoch 63/80), loss = 0.984093 (37.488 sec/epoch), lr: 0.000951
Evaluating on dev set...
...........................
source: 	 mrr: 0.038223	 ndcg_5: 0.0244	 ndcg_10: 0.0372	 hit@1:0.012310	 hit@5:0.0369	 hit@10: 0.0775
target: 	 mrr: 0.049660	 ndcg_5: 0.0410	 ndcg_10: 0.0531	 hit@1:0.018815	 hit@5:0.0627	 hit@10: 0.1003
epoch 63: train_loss = 0.984093, source_hit@10 = 0.0775, source_ndcg@10 = 0.0372, target_hit@10 = 0.1003, target_ndcg@10 = 0.0531

2024-08-01 00:56:51.970749: step 19456/24320 (epoch 64/80), loss = 0.980217 (37.343 sec/epoch), lr: 0.000904
Evaluating on dev set...
...........................
source: 	 mrr: 0.039044	 ndcg_5: 0.0284	 ndcg_10: 0.0384	 hit@1:0.008689	 hit@5:0.0478	 hit@10: 0.0797
target: 	 mrr: 0.050634	 ndcg_5: 0.0425	 ndcg_10: 0.0540	 hit@1:0.019512	 hit@5:0.0662	 hit@10: 0.1017
epoch 64: train_loss = 0.980217, source_hit@10 = 0.0797, source_ndcg@10 = 0.0384, target_hit@10 = 0.1017, target_ndcg@10 = 0.0540

2024-08-01 00:57:30.164929: step 19760/24320 (epoch 65/80), loss = 0.978942 (37.891 sec/epoch), lr: 0.000904
Evaluating on dev set...
...........................
source: 	 mrr: 0.038472	 ndcg_5: 0.0265	 ndcg_10: 0.0375	 hit@1:0.010138	 hit@5:0.0434	 hit@10: 0.0782
target: 	 mrr: 0.046521	 ndcg_5: 0.0392	 ndcg_10: 0.0528	 hit@1:0.014634	 hit@5:0.0662	 hit@10: 0.1073
epoch 65: train_loss = 0.978942, source_hit@10 = 0.0782, source_ndcg@10 = 0.0375, target_hit@10 = 0.1073, target_ndcg@10 = 0.0528

2024-08-01 00:58:07.715557: step 20064/24320 (epoch 66/80), loss = 0.972512 (37.258 sec/epoch), lr: 0.000859
Evaluating on dev set...
...........................
source: 	 mrr: 0.034401	 ndcg_5: 0.0223	 ndcg_10: 0.0320	 hit@1:0.007965	 hit@5:0.0377	 hit@10: 0.0681
target: 	 mrr: 0.046092	 ndcg_5: 0.0384	 ndcg_10: 0.0483	 hit@1:0.017422	 hit@5:0.0613	 hit@10: 0.0920
epoch 66: train_loss = 0.972512, source_hit@10 = 0.0681, source_ndcg@10 = 0.0320, target_hit@10 = 0.0920, target_ndcg@10 = 0.0483

2024-08-01 00:58:45.077155: step 20368/24320 (epoch 67/80), loss = 0.970849 (37.068 sec/epoch), lr: 0.000816
Evaluating on dev set...
...........................
source: 	 mrr: 0.037715	 ndcg_5: 0.0254	 ndcg_10: 0.0385	 hit@1:0.010862	 hit@5:0.0398	 hit@10: 0.0811
target: 	 mrr: 0.044721	 ndcg_5: 0.0341	 ndcg_10: 0.0464	 hit@1:0.016028	 hit@5:0.0516	 hit@10: 0.0899
epoch 67: train_loss = 0.970849, source_hit@10 = 0.0811, source_ndcg@10 = 0.0385, target_hit@10 = 0.0899, target_ndcg@10 = 0.0464

2024-08-01 00:59:23.129057: step 20672/24320 (epoch 68/80), loss = 0.965721 (37.758 sec/epoch), lr: 0.000816
Evaluating on dev set...
...........................
source: 	 mrr: 0.037517	 ndcg_5: 0.0258	 ndcg_10: 0.0378	 hit@1:0.009413	 hit@5:0.0434	 hit@10: 0.0811
target: 	 mrr: 0.044238	 ndcg_5: 0.0344	 ndcg_10: 0.0472	 hit@1:0.014634	 hit@5:0.0537	 hit@10: 0.0934
epoch 68: train_loss = 0.965721, source_hit@10 = 0.0811, source_ndcg@10 = 0.0378, target_hit@10 = 0.0934, target_ndcg@10 = 0.0472

2024-08-01 01:00:00.398265: step 20976/24320 (epoch 69/80), loss = 0.964739 (36.968 sec/epoch), lr: 0.000775
Evaluating on dev set...
...........................
source: 	 mrr: 0.033560	 ndcg_5: 0.0216	 ndcg_10: 0.0335	 hit@1:0.005793	 hit@5:0.0398	 hit@10: 0.0768
target: 	 mrr: 0.046276	 ndcg_5: 0.0359	 ndcg_10: 0.0514	 hit@1:0.016028	 hit@5:0.0564	 hit@10: 0.1059
epoch 69: train_loss = 0.964739, source_hit@10 = 0.0768, source_ndcg@10 = 0.0335, target_hit@10 = 0.1059, target_ndcg@10 = 0.0514

2024-08-01 01:00:37.608405: step 21280/24320 (epoch 70/80), loss = 0.959741 (36.912 sec/epoch), lr: 0.000736
Evaluating on dev set...
...........................
source: 	 mrr: 0.035243	 ndcg_5: 0.0222	 ndcg_10: 0.0338	 hit@1:0.006517	 hit@5:0.0377	 hit@10: 0.0739
target: 	 mrr: 0.049106	 ndcg_5: 0.0397	 ndcg_10: 0.0554	 hit@1:0.016028	 hit@5:0.0634	 hit@10: 0.1122
epoch 70: train_loss = 0.959741, source_hit@10 = 0.0739, source_ndcg@10 = 0.0338, target_hit@10 = 0.1122, target_ndcg@10 = 0.0554

2024-08-01 01:01:15.469709: step 21584/24320 (epoch 71/80), loss = 0.956262 (37.568 sec/epoch), lr: 0.000736
Evaluating on dev set...
...........................
source: 	 mrr: 0.036875	 ndcg_5: 0.0249	 ndcg_10: 0.0338	 hit@1:0.011586	 hit@5:0.0398	 hit@10: 0.0673
target: 	 mrr: 0.052909	 ndcg_5: 0.0443	 ndcg_10: 0.0575	 hit@1:0.020906	 hit@5:0.0683	 hit@10: 0.1094
epoch 71: train_loss = 0.956262, source_hit@10 = 0.0673, source_ndcg@10 = 0.0338, target_hit@10 = 0.1094, target_ndcg@10 = 0.0575

2024-08-01 01:01:52.989787: step 21888/24320 (epoch 72/80), loss = 0.953385 (37.220 sec/epoch), lr: 0.000736
Evaluating on dev set...
...........................
source: 	 mrr: 0.040042	 ndcg_5: 0.0297	 ndcg_10: 0.0397	 hit@1:0.013034	 hit@5:0.0478	 hit@10: 0.0797
target: 	 mrr: 0.052501	 ndcg_5: 0.0435	 ndcg_10: 0.0585	 hit@1:0.020209	 hit@5:0.0683	 hit@10: 0.1157
epoch 72: train_loss = 0.953385, source_hit@10 = 0.0797, source_ndcg@10 = 0.0397, target_hit@10 = 0.1157, target_ndcg@10 = 0.0585

2024-08-01 01:02:28.727461: step 22192/24320 (epoch 73/80), loss = 0.952783 (35.442 sec/epoch), lr: 0.000736
Evaluating on dev set...
...........................
source: 	 mrr: 0.040715	 ndcg_5: 0.0293	 ndcg_10: 0.0399	 hit@1:0.011586	 hit@5:0.0485	 hit@10: 0.0811
target: 	 mrr: 0.049491	 ndcg_5: 0.0396	 ndcg_10: 0.0522	 hit@1:0.020209	 hit@5:0.0578	 hit@10: 0.0976
epoch 73: train_loss = 0.952783, source_hit@10 = 0.0811, source_ndcg@10 = 0.0399, target_hit@10 = 0.0976, target_ndcg@10 = 0.0522

2024-08-01 01:03:03.285801: step 22496/24320 (epoch 74/80), loss = 0.950855 (34.268 sec/epoch), lr: 0.000699
Evaluating on dev set...
...........................
source: 	 mrr: 0.042210	 ndcg_5: 0.0293	 ndcg_10: 0.0432	 hit@1:0.012310	 hit@5:0.0456	 hit@10: 0.0898
target: 	 mrr: 0.044860	 ndcg_5: 0.0364	 ndcg_10: 0.0501	 hit@1:0.013240	 hit@5:0.0606	 hit@10: 0.1024
epoch 74: train_loss = 0.950855, source_hit@10 = 0.0898, source_ndcg@10 = 0.0432, target_hit@10 = 0.1024, target_ndcg@10 = 0.0501

2024-08-01 01:03:37.767247: step 22800/24320 (epoch 75/80), loss = 0.945046 (34.189 sec/epoch), lr: 0.000664
Evaluating on dev set...
...........................
source: 	 mrr: 0.035918	 ndcg_5: 0.0246	 ndcg_10: 0.0360	 hit@1:0.005793	 hit@5:0.0442	 hit@10: 0.0804
target: 	 mrr: 0.051537	 ndcg_5: 0.0432	 ndcg_10: 0.0557	 hit@1:0.019512	 hit@5:0.0669	 hit@10: 0.1059
epoch 75: train_loss = 0.945046, source_hit@10 = 0.0804, source_ndcg@10 = 0.0360, target_hit@10 = 0.1059, target_ndcg@10 = 0.0557

2024-08-01 01:04:12.401929: step 23104/24320 (epoch 76/80), loss = 0.943273 (34.343 sec/epoch), lr: 0.000664
Evaluating on dev set...
...........................
source: 	 mrr: 0.040393	 ndcg_5: 0.0297	 ndcg_10: 0.0427	 hit@1:0.010138	 hit@5:0.0514	 hit@10: 0.0920
target: 	 mrr: 0.048291	 ndcg_5: 0.0415	 ndcg_10: 0.0505	 hit@1:0.017422	 hit@5:0.0655	 hit@10: 0.0934
epoch 76: train_loss = 0.943273, source_hit@10 = 0.0920, source_ndcg@10 = 0.0427, target_hit@10 = 0.0934, target_ndcg@10 = 0.0505

2024-08-01 01:04:47.733606: step 23408/24320 (epoch 77/80), loss = 0.941575 (35.039 sec/epoch), lr: 0.000664
Evaluating on dev set...
...........................
source: 	 mrr: 0.037867	 ndcg_5: 0.0265	 ndcg_10: 0.0392	 hit@1:0.007241	 hit@5:0.0456	 hit@10: 0.0847
target: 	 mrr: 0.051942	 ndcg_5: 0.0411	 ndcg_10: 0.0581	 hit@1:0.021603	 hit@5:0.0606	 hit@10: 0.1143
epoch 77: train_loss = 0.941575, source_hit@10 = 0.0847, source_ndcg@10 = 0.0392, target_hit@10 = 0.1143, target_ndcg@10 = 0.0581

2024-08-01 01:05:22.445299: step 23712/24320 (epoch 78/80), loss = 0.939003 (34.422 sec/epoch), lr: 0.000664
Evaluating on dev set...
...........................
source: 	 mrr: 0.038892	 ndcg_5: 0.0278	 ndcg_10: 0.0373	 hit@1:0.011586	 hit@5:0.0456	 hit@10: 0.0753
target: 	 mrr: 0.048111	 ndcg_5: 0.0422	 ndcg_10: 0.0512	 hit@1:0.017422	 hit@5:0.0662	 hit@10: 0.0941
epoch 78: train_loss = 0.939003, source_hit@10 = 0.0753, source_ndcg@10 = 0.0373, target_hit@10 = 0.0941, target_ndcg@10 = 0.0512

2024-08-01 01:05:56.831449: step 24016/24320 (epoch 79/80), loss = 0.939110 (34.094 sec/epoch), lr: 0.000631
Evaluating on dev set...
...........................
source: 	 mrr: 0.039292	 ndcg_5: 0.0271	 ndcg_10: 0.0398	 hit@1:0.010138	 hit@5:0.0434	 hit@10: 0.0825
target: 	 mrr: 0.054725	 ndcg_5: 0.0467	 ndcg_10: 0.0564	 hit@1:0.023693	 hit@5:0.0711	 hit@10: 0.1017
epoch 79: train_loss = 0.939110, source_hit@10 = 0.0825, source_ndcg@10 = 0.0398, target_hit@10 = 0.1017, target_ndcg@10 = 0.0564

2024-08-01 01:06:31.293361: step 24320/24320 (epoch 80/80), loss = 0.936949 (34.172 sec/epoch), lr: 0.000631
Evaluating on dev set...
...........................
source: 	 mrr: 0.042221	 ndcg_5: 0.0314	 ndcg_10: 0.0443	 hit@1:0.011586	 hit@5:0.0507	 hit@10: 0.0912
target: 	 mrr: 0.051581	 ndcg_5: 0.0423	 ndcg_10: 0.0560	 hit@1:0.020906	 hit@5:0.0634	 hit@10: 0.1066
epoch 80: train_loss = 0.936949, source_hit@10 = 0.0912, source_ndcg@10 = 0.0443, target_hit@10 = 0.1066, target_ndcg@10 = 0.0560

