nohup: ignoring input
using gpu:0 to train the model
using gpu:0 to train the model
cuda:0
Namespace(A_split=False, JK='sum', a_fold=100, aggregate=False, batch_size=1024, beta=1.5, conv_layers=4, cuda=True, decay_epoch=10, device=device(type='cuda', index=0), device_id='0', domains='game_video', dropout=0.5, epoch=80, feature_dim=126, hidden_dim=126, inter_tau=0.2, intra_tau=1, lambda_constra=0.3, lambda_critic=0.7, leakey=0.01, load=False, log='logs.txt', log_epoch=1, lr=0.004, lr_decay=0.95, min_epoch=50, mode='train', model_file=None, model_name='gv', momentum=0.98, num_latent_factors=3, num_negative=100, optim='adam', patience=50, proj_layers=1, projection=1, residual=1, save=True, save_dir='./saved_models', seed=32, similarity_tau=0.1, test_sample_number=999, transfer_epoch=50, user_batch_size=256, weight_decay=0.0002)
number_user 25025
number_item 12319
/home/hourun/invariantCDR_v2/invariantCDR/utils/GraphMaker.py:46: RuntimeWarning: divide by zero encountered in power
  r_inv = np.power(rowsum, -1).flatten()
real graph loaded!
number_user 19457
number_item 8751
real graph loaded!
graph loaded!
Loading data from game_video with batch size 1024...
unseen test: 0
test length: 1381
unseen test: 0
test length: 1304
unseen test: 0
test length: 1435
unseen test: 0
test length: 1458
source_user_num 25025
target_user_num 19457
source_item_num 12319
target_item_num 8751
shared users id: 1737
test users 226, 217
unseen test: 0
dev length: 1000
unseen test: 0
dev length: 1000
source train data : 155036, target train data: 156091, source test data : 1304, target test data : 1458, source dev data : 1000, target dev data : 1000
2024-07-31 16:39:44.824142: step 304/24320 (epoch 1/80), loss = 0.727580 (36.247 sec/epoch), lr: 0.004000
Evaluating on dev set...
...........................
source: 	 mrr: 0.022745	 ndcg_5: 0.0121	 ndcg_10: 0.0192	 hit@1:0.004345	 hit@5:0.0203	 hit@10: 0.0420
target: 	 mrr: 0.022267	 ndcg_5: 0.0141	 ndcg_10: 0.0198	 hit@1:0.005575	 hit@5:0.0237	 hit@10: 0.0418
source best!
.............
source: 	 mrr: 0.026299	 ndcg_5: 0.0155	 ndcg_10: 0.0250	 hit@1:0.007669	 hit@5:0.0238	 hit@10: 0.0529
target best!
..............target: 	 mrr: 0.028445	 ndcg_5: 0.0201	 ndcg_10: 0.0270	 hit@1:0.009602	 hit@5:0.0295	 hit@10: 0.0514
epoch 1: train_loss = 0.727580, source_hit@10 = 0.0529, source_ndcg@10 = 0.0250, target_hit@10 = 0.0514, target_ndcg@10 = 0.0270

2024-07-31 16:40:22.124233: step 608/24320 (epoch 2/80), loss = 0.638429 (36.775 sec/epoch), lr: 0.004000
Evaluating on dev set...
...........................
source: 	 mrr: 0.020444	 ndcg_5: 0.0115	 ndcg_10: 0.0157	 hit@1:0.004345	 hit@5:0.0188	 hit@10: 0.0319
target: 	 mrr: 0.041863	 ndcg_5: 0.0346	 ndcg_10: 0.0433	 hit@1:0.014634	 hit@5:0.0557	 hit@10: 0.0829
target best!
..............target: 	 mrr: 0.040949	 ndcg_5: 0.0337	 ndcg_10: 0.0419	 hit@1:0.013032	 hit@5:0.0549	 hit@10: 0.0809
epoch 2: train_loss = 0.638429, source_hit@10 = 0.0319, source_ndcg@10 = 0.0157, target_hit@10 = 0.0809, target_ndcg@10 = 0.0419
new best model saved.

2024-07-31 16:40:58.869831: step 912/24320 (epoch 3/80), loss = 0.633699 (36.209 sec/epoch), lr: 0.004000
Evaluating on dev set...
...........................
source: 	 mrr: 0.028749	 ndcg_5: 0.0187	 ndcg_10: 0.0269	 hit@1:0.005069	 hit@5:0.0311	 hit@10: 0.0572
target: 	 mrr: 0.035671	 ndcg_5: 0.0282	 ndcg_10: 0.0382	 hit@1:0.011150	 hit@5:0.0446	 hit@10: 0.0760
source best!
.............
source: 	 mrr: 0.032974	 ndcg_5: 0.0228	 ndcg_10: 0.0320	 hit@1:0.009202	 hit@5:0.0368	 hit@10: 0.0652
epoch 3: train_loss = 0.633699, source_hit@10 = 0.0652, source_ndcg@10 = 0.0320, target_hit@10 = 0.0760, target_ndcg@10 = 0.0382

2024-07-31 16:41:35.830847: step 1216/24320 (epoch 4/80), loss = 0.631178 (36.564 sec/epoch), lr: 0.004000
Evaluating on dev set...
...........................
source: 	 mrr: 0.027007	 ndcg_5: 0.0181	 ndcg_10: 0.0253	 hit@1:0.005793	 hit@5:0.0319	 hit@10: 0.0543
target: 	 mrr: 0.040381	 ndcg_5: 0.0304	 ndcg_10: 0.0403	 hit@1:0.014634	 hit@5:0.0453	 hit@10: 0.0767
epoch 4: train_loss = 0.631178, source_hit@10 = 0.0543, source_ndcg@10 = 0.0253, target_hit@10 = 0.0767, target_ndcg@10 = 0.0403

2024-07-31 16:42:13.114634: step 1520/24320 (epoch 5/80), loss = 0.629707 (36.984 sec/epoch), lr: 0.004000
Evaluating on dev set...
...........................
source: 	 mrr: 0.028172	 ndcg_5: 0.0182	 ndcg_10: 0.0266	 hit@1:0.005793	 hit@5:0.0304	 hit@10: 0.0565
target: 	 mrr: 0.031808	 ndcg_5: 0.0247	 ndcg_10: 0.0293	 hit@1:0.013937	 hit@5:0.0362	 hit@10: 0.0509
epoch 5: train_loss = 0.629707, source_hit@10 = 0.0565, source_ndcg@10 = 0.0266, target_hit@10 = 0.0509, target_ndcg@10 = 0.0293

2024-07-31 16:42:50.108675: step 1824/24320 (epoch 6/80), loss = 0.628395 (36.706 sec/epoch), lr: 0.004000
Evaluating on dev set...
...........................
source: 	 mrr: 0.026832	 ndcg_5: 0.0173	 ndcg_10: 0.0255	 hit@1:0.004345	 hit@5:0.0319	 hit@10: 0.0572
target: 	 mrr: 0.045272	 ndcg_5: 0.0371	 ndcg_10: 0.0475	 hit@1:0.016725	 hit@5:0.0571	 hit@10: 0.0899
target best!
..............target: 	 mrr: 0.048924	 ndcg_5: 0.0422	 ndcg_10: 0.0537	 hit@1:0.016461	 hit@5:0.0672	 hit@10: 0.1029
epoch 6: train_loss = 0.628395, source_hit@10 = 0.0572, source_ndcg@10 = 0.0255, target_hit@10 = 0.1029, target_ndcg@10 = 0.0537
new best model saved.

2024-07-31 16:43:27.163460: step 2128/24320 (epoch 7/80), loss = 0.626938 (36.493 sec/epoch), lr: 0.004000
Evaluating on dev set...
...........................
source: 	 mrr: 0.027445	 ndcg_5: 0.0185	 ndcg_10: 0.0264	 hit@1:0.004345	 hit@5:0.0326	 hit@10: 0.0572
target: 	 mrr: 0.035481	 ndcg_5: 0.0263	 ndcg_10: 0.0351	 hit@1:0.012544	 hit@5:0.0397	 hit@10: 0.0669
epoch 7: train_loss = 0.626938, source_hit@10 = 0.0572, source_ndcg@10 = 0.0264, target_hit@10 = 0.0669, target_ndcg@10 = 0.0351

2024-07-31 16:44:04.075513: step 2432/24320 (epoch 8/80), loss = 0.626770 (36.626 sec/epoch), lr: 0.004000
Evaluating on dev set...
...........................
source: 	 mrr: 0.025555	 ndcg_5: 0.0125	 ndcg_10: 0.0204	 hit@1:0.006517	 hit@5:0.0174	 hit@10: 0.0420
target: 	 mrr: 0.031191	 ndcg_5: 0.0232	 ndcg_10: 0.0307	 hit@1:0.011150	 hit@5:0.0362	 hit@10: 0.0599
epoch 8: train_loss = 0.626770, source_hit@10 = 0.0420, source_ndcg@10 = 0.0204, target_hit@10 = 0.0599, target_ndcg@10 = 0.0307

2024-07-31 16:44:40.753797: step 2736/24320 (epoch 9/80), loss = 0.625913 (36.390 sec/epoch), lr: 0.004000
Evaluating on dev set...
...........................
source: 	 mrr: 0.027838	 ndcg_5: 0.0187	 ndcg_10: 0.0268	 hit@1:0.005793	 hit@5:0.0319	 hit@10: 0.0579
target: 	 mrr: 0.039954	 ndcg_5: 0.0280	 ndcg_10: 0.0429	 hit@1:0.012544	 hit@5:0.0439	 hit@10: 0.0899
epoch 9: train_loss = 0.625913, source_hit@10 = 0.0579, source_ndcg@10 = 0.0268, target_hit@10 = 0.0899, target_ndcg@10 = 0.0429

2024-07-31 16:45:17.767271: step 3040/24320 (epoch 10/80), loss = 0.625183 (36.727 sec/epoch), lr: 0.004000
Evaluating on dev set...
...........................
source: 	 mrr: 0.025361	 ndcg_5: 0.0159	 ndcg_10: 0.0244	 hit@1:0.003621	 hit@5:0.0290	 hit@10: 0.0558
target: 	 mrr: 0.040442	 ndcg_5: 0.0315	 ndcg_10: 0.0428	 hit@1:0.010453	 hit@5:0.0530	 hit@10: 0.0878
epoch 10: train_loss = 0.625183, source_hit@10 = 0.0558, source_ndcg@10 = 0.0244, target_hit@10 = 0.0878, target_ndcg@10 = 0.0428

2024-07-31 16:45:54.667489: step 3344/24320 (epoch 11/80), loss = 0.619374 (36.612 sec/epoch), lr: 0.004000
Evaluating on dev set...
...........................
source: 	 mrr: 0.027940	 ndcg_5: 0.0182	 ndcg_10: 0.0252	 hit@1:0.005069	 hit@5:0.0319	 hit@10: 0.0536
target: 	 mrr: 0.029412	 ndcg_5: 0.0200	 ndcg_10: 0.0262	 hit@1:0.011847	 hit@5:0.0293	 hit@10: 0.0481
epoch 11: train_loss = 0.619374, source_hit@10 = 0.0536, source_ndcg@10 = 0.0252, target_hit@10 = 0.0481, target_ndcg@10 = 0.0262

2024-07-31 16:46:30.909938: step 3648/24320 (epoch 12/80), loss = 0.613176 (35.943 sec/epoch), lr: 0.003800
Evaluating on dev set...
...........................
source: 	 mrr: 0.035795	 ndcg_5: 0.0266	 ndcg_10: 0.0349	 hit@1:0.010862	 hit@5:0.0420	 hit@10: 0.0681
target: 	 mrr: 0.047068	 ndcg_5: 0.0400	 ndcg_10: 0.0518	 hit@1:0.016725	 hit@5:0.0641	 hit@10: 0.1003
source best!
.............
source: 	 mrr: 0.034041	 ndcg_5: 0.0229	 ndcg_10: 0.0328	 hit@1:0.011503	 hit@5:0.0353	 hit@10: 0.0660
target best!
..............target: 	 mrr: 0.048942	 ndcg_5: 0.0425	 ndcg_10: 0.0533	 hit@1:0.019890	 hit@5:0.0665	 hit@10: 0.1001
epoch 12: train_loss = 0.613176, source_hit@10 = 0.0660, source_ndcg@10 = 0.0328, target_hit@10 = 0.1001, target_ndcg@10 = 0.0533
new best model saved.

2024-07-31 16:47:07.840358: step 3952/24320 (epoch 13/80), loss = 0.610521 (36.308 sec/epoch), lr: 0.003800
Evaluating on dev set...
...........................
source: 	 mrr: 0.029338	 ndcg_5: 0.0187	 ndcg_10: 0.0263	 hit@1:0.007965	 hit@5:0.0297	 hit@10: 0.0536
target: 	 mrr: 0.044217	 ndcg_5: 0.0368	 ndcg_10: 0.0475	 hit@1:0.013240	 hit@5:0.0592	 hit@10: 0.0920
epoch 13: train_loss = 0.610521, source_hit@10 = 0.0536, source_ndcg@10 = 0.0263, target_hit@10 = 0.0920, target_ndcg@10 = 0.0475

2024-07-31 16:47:44.935413: step 4256/24320 (epoch 14/80), loss = 0.606358 (36.801 sec/epoch), lr: 0.003610
Evaluating on dev set...
...........................
source: 	 mrr: 0.029389	 ndcg_5: 0.0182	 ndcg_10: 0.0278	 hit@1:0.007241	 hit@5:0.0304	 hit@10: 0.0601
target: 	 mrr: 0.036517	 ndcg_5: 0.0283	 ndcg_10: 0.0381	 hit@1:0.010453	 hit@5:0.0481	 hit@10: 0.0787
epoch 14: train_loss = 0.606358, source_hit@10 = 0.0601, source_ndcg@10 = 0.0278, target_hit@10 = 0.0787, target_ndcg@10 = 0.0381

2024-07-31 16:48:22.226342: step 4560/24320 (epoch 15/80), loss = 0.596816 (37.003 sec/epoch), lr: 0.003429
Evaluating on dev set...
...........................
source: 	 mrr: 0.028634	 ndcg_5: 0.0177	 ndcg_10: 0.0254	 hit@1:0.005069	 hit@5:0.0311	 hit@10: 0.0543
target: 	 mrr: 0.041918	 ndcg_5: 0.0326	 ndcg_10: 0.0423	 hit@1:0.016725	 hit@5:0.0467	 hit@10: 0.0774
epoch 15: train_loss = 0.596816, source_hit@10 = 0.0543, source_ndcg@10 = 0.0254, target_hit@10 = 0.0774, target_ndcg@10 = 0.0423

2024-07-31 16:48:59.053074: step 4864/24320 (epoch 16/80), loss = 0.594619 (36.540 sec/epoch), lr: 0.003429
Evaluating on dev set...
...........................
source: 	 mrr: 0.033536	 ndcg_5: 0.0226	 ndcg_10: 0.0319	 hit@1:0.007241	 hit@5:0.0369	 hit@10: 0.0659
target: 	 mrr: 0.034732	 ndcg_5: 0.0274	 ndcg_10: 0.0339	 hit@1:0.009059	 hit@5:0.0467	 hit@10: 0.0662
epoch 16: train_loss = 0.594619, source_hit@10 = 0.0659, source_ndcg@10 = 0.0319, target_hit@10 = 0.0662, target_ndcg@10 = 0.0339

2024-07-31 16:49:36.099071: step 5168/24320 (epoch 17/80), loss = 0.590421 (36.760 sec/epoch), lr: 0.003258
Evaluating on dev set...
...........................
source: 	 mrr: 0.030738	 ndcg_5: 0.0197	 ndcg_10: 0.0286	 hit@1:0.007965	 hit@5:0.0326	 hit@10: 0.0608
target: 	 mrr: 0.031301	 ndcg_5: 0.0229	 ndcg_10: 0.0313	 hit@1:0.008362	 hit@5:0.0390	 hit@10: 0.0648
epoch 17: train_loss = 0.590421, source_hit@10 = 0.0608, source_ndcg@10 = 0.0286, target_hit@10 = 0.0648, target_ndcg@10 = 0.0313

2024-07-31 16:50:12.614360: step 5472/24320 (epoch 18/80), loss = 0.586532 (36.205 sec/epoch), lr: 0.003095
Evaluating on dev set...
...........................
source: 	 mrr: 0.034932	 ndcg_5: 0.0243	 ndcg_10: 0.0330	 hit@1:0.010862	 hit@5:0.0384	 hit@10: 0.0659
target: 	 mrr: 0.037051	 ndcg_5: 0.0273	 ndcg_10: 0.0357	 hit@1:0.011847	 hit@5:0.0425	 hit@10: 0.0683
epoch 18: train_loss = 0.586532, source_hit@10 = 0.0659, source_ndcg@10 = 0.0330, target_hit@10 = 0.0683, target_ndcg@10 = 0.0357

2024-07-31 16:50:49.382292: step 5776/24320 (epoch 19/80), loss = 0.584119 (36.478 sec/epoch), lr: 0.003095
Evaluating on dev set...
...........................
source: 	 mrr: 0.033115	 ndcg_5: 0.0232	 ndcg_10: 0.0307	 hit@1:0.006517	 hit@5:0.0398	 hit@10: 0.0630
target: 	 mrr: 0.039107	 ndcg_5: 0.0295	 ndcg_10: 0.0438	 hit@1:0.011150	 hit@5:0.0488	 hit@10: 0.0941
epoch 19: train_loss = 0.584119, source_hit@10 = 0.0630, source_ndcg@10 = 0.0307, target_hit@10 = 0.0941, target_ndcg@10 = 0.0438

2024-07-31 16:51:26.260459: step 6080/24320 (epoch 20/80), loss = 0.582869 (36.589 sec/epoch), lr: 0.003095
Evaluating on dev set...
...........................
source: 	 mrr: 0.027096	 ndcg_5: 0.0165	 ndcg_10: 0.0244	 hit@1:0.004345	 hit@5:0.0297	 hit@10: 0.0550
target: 	 mrr: 0.040472	 ndcg_5: 0.0325	 ndcg_10: 0.0434	 hit@1:0.012544	 hit@5:0.0544	 hit@10: 0.0878
epoch 20: train_loss = 0.582869, source_hit@10 = 0.0550, source_ndcg@10 = 0.0244, target_hit@10 = 0.0878, target_ndcg@10 = 0.0434

2024-07-31 16:52:03.221011: step 6384/24320 (epoch 21/80), loss = 0.580475 (36.655 sec/epoch), lr: 0.002940
Evaluating on dev set...
...........................
source: 	 mrr: 0.031327	 ndcg_5: 0.0210	 ndcg_10: 0.0298	 hit@1:0.005793	 hit@5:0.0369	 hit@10: 0.0644
target: 	 mrr: 0.038414	 ndcg_5: 0.0306	 ndcg_10: 0.0404	 hit@1:0.012544	 hit@5:0.0502	 hit@10: 0.0808
epoch 21: train_loss = 0.580475, source_hit@10 = 0.0644, source_ndcg@10 = 0.0298, target_hit@10 = 0.0808, target_ndcg@10 = 0.0404

2024-07-31 16:52:39.738223: step 6688/24320 (epoch 22/80), loss = 0.575735 (36.225 sec/epoch), lr: 0.002940
Evaluating on dev set...
...........................
source: 	 mrr: 0.033301	 ndcg_5: 0.0235	 ndcg_10: 0.0357	 hit@1:0.006517	 hit@5:0.0398	 hit@10: 0.0775
target: 	 mrr: 0.043622	 ndcg_5: 0.0384	 ndcg_10: 0.0460	 hit@1:0.015331	 hit@5:0.0634	 hit@10: 0.0871
epoch 22: train_loss = 0.575735, source_hit@10 = 0.0775, source_ndcg@10 = 0.0357, target_hit@10 = 0.0871, target_ndcg@10 = 0.0460

2024-07-31 16:53:16.669004: step 6992/24320 (epoch 23/80), loss = 0.571570 (36.639 sec/epoch), lr: 0.002940
Evaluating on dev set...
...........................
source: 	 mrr: 0.032145	 ndcg_5: 0.0211	 ndcg_10: 0.0306	 hit@1:0.009413	 hit@5:0.0340	 hit@10: 0.0637
target: 	 mrr: 0.046120	 ndcg_5: 0.0386	 ndcg_10: 0.0521	 hit@1:0.013240	 hit@5:0.0662	 hit@10: 0.1080
epoch 23: train_loss = 0.571570, source_hit@10 = 0.0637, source_ndcg@10 = 0.0306, target_hit@10 = 0.1080, target_ndcg@10 = 0.0521

2024-07-31 16:53:53.295732: step 7296/24320 (epoch 24/80), loss = 0.570390 (36.330 sec/epoch), lr: 0.002940
Evaluating on dev set...
...........................
source: 	 mrr: 0.032672	 ndcg_5: 0.0213	 ndcg_10: 0.0314	 hit@1:0.009413	 hit@5:0.0348	 hit@10: 0.0666
target: 	 mrr: 0.044984	 ndcg_5: 0.0350	 ndcg_10: 0.0486	 hit@1:0.015331	 hit@5:0.0551	 hit@10: 0.0969
epoch 24: train_loss = 0.570390, source_hit@10 = 0.0666, source_ndcg@10 = 0.0314, target_hit@10 = 0.0969, target_ndcg@10 = 0.0486

2024-07-31 16:54:30.530438: step 7600/24320 (epoch 25/80), loss = 0.567775 (36.947 sec/epoch), lr: 0.002793
Evaluating on dev set...
...........................
source: 	 mrr: 0.023600	 ndcg_5: 0.0131	 ndcg_10: 0.0221	 hit@1:0.003621	 hit@5:0.0239	 hit@10: 0.0529
target: 	 mrr: 0.045466	 ndcg_5: 0.0346	 ndcg_10: 0.0504	 hit@1:0.012544	 hit@5:0.0551	 hit@10: 0.1045
epoch 25: train_loss = 0.567775, source_hit@10 = 0.0529, source_ndcg@10 = 0.0221, target_hit@10 = 0.1045, target_ndcg@10 = 0.0504

2024-07-31 16:55:07.840360: step 7904/24320 (epoch 26/80), loss = 0.565304 (37.015 sec/epoch), lr: 0.002654
Evaluating on dev set...
...........................
source: 	 mrr: 0.036296	 ndcg_5: 0.0263	 ndcg_10: 0.0348	 hit@1:0.012310	 hit@5:0.0413	 hit@10: 0.0673
target: 	 mrr: 0.050459	 ndcg_5: 0.0414	 ndcg_10: 0.0529	 hit@1:0.018815	 hit@5:0.0620	 hit@10: 0.0983
source best!
.............
source: 	 mrr: 0.034589	 ndcg_5: 0.0265	 ndcg_10: 0.0354	 hit@1:0.006902	 hit@5:0.0468	 hit@10: 0.0744
target best!
..............target: 	 mrr: 0.046470	 ndcg_5: 0.0361	 ndcg_10: 0.0497	 hit@1:0.015775	 hit@5:0.0562	 hit@10: 0.0981
epoch 26: train_loss = 0.565304, source_hit@10 = 0.0744, source_ndcg@10 = 0.0354, target_hit@10 = 0.0981, target_ndcg@10 = 0.0497
new best model saved.

2024-07-31 16:55:45.030848: step 8208/24320 (epoch 27/80), loss = 0.566184 (36.564 sec/epoch), lr: 0.002654
Evaluating on dev set...
...........................
source: 	 mrr: 0.037677	 ndcg_5: 0.0240	 ndcg_10: 0.0369	 hit@1:0.011586	 hit@5:0.0362	 hit@10: 0.0768
target: 	 mrr: 0.044181	 ndcg_5: 0.0351	 ndcg_10: 0.0451	 hit@1:0.013240	 hit@5:0.0551	 hit@10: 0.0864
source best!
.............
source: 	 mrr: 0.038180	 ndcg_5: 0.0267	 ndcg_10: 0.0383	 hit@1:0.009202	 hit@5:0.0437	 hit@10: 0.0798
epoch 27: train_loss = 0.566184, source_hit@10 = 0.0798, source_ndcg@10 = 0.0383, target_hit@10 = 0.0864, target_ndcg@10 = 0.0451

2024-07-31 16:56:21.821724: step 8512/24320 (epoch 28/80), loss = 0.562902 (36.391 sec/epoch), lr: 0.002521
Evaluating on dev set...
...........................
source: 	 mrr: 0.039695	 ndcg_5: 0.0297	 ndcg_10: 0.0392	 hit@1:0.013758	 hit@5:0.0463	 hit@10: 0.0760
target: 	 mrr: 0.041951	 ndcg_5: 0.0314	 ndcg_10: 0.0462	 hit@1:0.011150	 hit@5:0.0544	 hit@10: 0.1003
source best!
.............
source: 	 mrr: 0.034965	 ndcg_5: 0.0225	 ndcg_10: 0.0328	 hit@1:0.011503	 hit@5:0.0345	 hit@10: 0.0667
epoch 28: train_loss = 0.562902, source_hit@10 = 0.0667, source_ndcg@10 = 0.0328, target_hit@10 = 0.1003, target_ndcg@10 = 0.0462

2024-07-31 16:56:59.006111: step 8816/24320 (epoch 29/80), loss = 0.561719 (36.755 sec/epoch), lr: 0.002395
Evaluating on dev set...
...........................
source: 	 mrr: 0.037717	 ndcg_5: 0.0253	 ndcg_10: 0.0367	 hit@1:0.011586	 hit@5:0.0391	 hit@10: 0.0746
target: 	 mrr: 0.047335	 ndcg_5: 0.0391	 ndcg_10: 0.0513	 hit@1:0.017422	 hit@5:0.0613	 hit@10: 0.0990
epoch 29: train_loss = 0.561719, source_hit@10 = 0.0746, source_ndcg@10 = 0.0367, target_hit@10 = 0.0990, target_ndcg@10 = 0.0513

2024-07-31 16:57:36.013362: step 9120/24320 (epoch 30/80), loss = 0.561103 (36.719 sec/epoch), lr: 0.002395
Evaluating on dev set...
...........................
source: 	 mrr: 0.029485	 ndcg_5: 0.0166	 ndcg_10: 0.0262	 hit@1:0.007241	 hit@5:0.0268	 hit@10: 0.0572
target: 	 mrr: 0.047757	 ndcg_5: 0.0385	 ndcg_10: 0.0518	 hit@1:0.018815	 hit@5:0.0585	 hit@10: 0.1003
epoch 30: train_loss = 0.561103, source_hit@10 = 0.0572, source_ndcg@10 = 0.0262, target_hit@10 = 0.1003, target_ndcg@10 = 0.0518

2024-07-31 16:58:12.494698: step 9424/24320 (epoch 31/80), loss = 0.559524 (36.191 sec/epoch), lr: 0.002275
Evaluating on dev set...
...........................
source: 	 mrr: 0.035379	 ndcg_5: 0.0223	 ndcg_10: 0.0330	 hit@1:0.010138	 hit@5:0.0348	 hit@10: 0.0681
target: 	 mrr: 0.037556	 ndcg_5: 0.0266	 ndcg_10: 0.0412	 hit@1:0.010453	 hit@5:0.0425	 hit@10: 0.0885
epoch 31: train_loss = 0.559524, source_hit@10 = 0.0681, source_ndcg@10 = 0.0330, target_hit@10 = 0.0885, target_ndcg@10 = 0.0412

2024-07-31 16:58:49.679791: step 9728/24320 (epoch 32/80), loss = 0.558235 (36.870 sec/epoch), lr: 0.002161
Evaluating on dev set...
...........................
source: 	 mrr: 0.029188	 ndcg_5: 0.0182	 ndcg_10: 0.0270	 hit@1:0.005793	 hit@5:0.0326	 hit@10: 0.0601
target: 	 mrr: 0.042697	 ndcg_5: 0.0334	 ndcg_10: 0.0465	 hit@1:0.011150	 hit@5:0.0551	 hit@10: 0.0955
epoch 32: train_loss = 0.558235, source_hit@10 = 0.0601, source_ndcg@10 = 0.0270, target_hit@10 = 0.0955, target_ndcg@10 = 0.0465

2024-07-31 16:59:27.125303: step 10032/24320 (epoch 33/80), loss = 0.556105 (37.156 sec/epoch), lr: 0.002053
Evaluating on dev set...
...........................
source: 	 mrr: 0.035707	 ndcg_5: 0.0259	 ndcg_10: 0.0361	 hit@1:0.010138	 hit@5:0.0420	 hit@10: 0.0739
target: 	 mrr: 0.047226	 ndcg_5: 0.0389	 ndcg_10: 0.0513	 hit@1:0.015331	 hit@5:0.0648	 hit@10: 0.1031
epoch 33: train_loss = 0.556105, source_hit@10 = 0.0739, source_ndcg@10 = 0.0361, target_hit@10 = 0.1031, target_ndcg@10 = 0.0513

2024-07-31 17:00:03.657644: step 10336/24320 (epoch 34/80), loss = 0.553248 (36.236 sec/epoch), lr: 0.002053
Evaluating on dev set...
...........................
source: 	 mrr: 0.036925	 ndcg_5: 0.0245	 ndcg_10: 0.0366	 hit@1:0.011586	 hit@5:0.0369	 hit@10: 0.0739
target: 	 mrr: 0.046132	 ndcg_5: 0.0381	 ndcg_10: 0.0477	 hit@1:0.016725	 hit@5:0.0578	 hit@10: 0.0878
epoch 34: train_loss = 0.553248, source_hit@10 = 0.0739, source_ndcg@10 = 0.0366, target_hit@10 = 0.0878, target_ndcg@10 = 0.0477

2024-07-31 17:00:40.771027: step 10640/24320 (epoch 35/80), loss = 0.550763 (36.814 sec/epoch), lr: 0.002053
Evaluating on dev set...
...........................
source: 	 mrr: 0.036868	 ndcg_5: 0.0247	 ndcg_10: 0.0354	 hit@1:0.012310	 hit@5:0.0384	 hit@10: 0.0724
target: 	 mrr: 0.024664	 ndcg_5: 0.0163	 ndcg_10: 0.0217	 hit@1:0.006272	 hit@5:0.0251	 hit@10: 0.0425
epoch 35: train_loss = 0.550763, source_hit@10 = 0.0724, source_ndcg@10 = 0.0354, target_hit@10 = 0.0425, target_ndcg@10 = 0.0217

2024-07-31 17:01:17.119034: step 10944/24320 (epoch 36/80), loss = 0.549052 (36.056 sec/epoch), lr: 0.001951
Evaluating on dev set...
...........................
source: 	 mrr: 0.031586	 ndcg_5: 0.0193	 ndcg_10: 0.0307	 hit@1:0.005069	 hit@5:0.0340	 hit@10: 0.0695
target: 	 mrr: 0.052967	 ndcg_5: 0.0448	 ndcg_10: 0.0566	 hit@1:0.020209	 hit@5:0.0683	 hit@10: 0.1045
target best!
..............target: 	 mrr: 0.052084	 ndcg_5: 0.0428	 ndcg_10: 0.0554	 hit@1:0.018519	 hit@5:0.0658	 hit@10: 0.1056
epoch 36: train_loss = 0.549052, source_hit@10 = 0.0695, source_ndcg@10 = 0.0307, target_hit@10 = 0.1056, target_ndcg@10 = 0.0554

2024-07-31 17:01:54.016596: step 11248/24320 (epoch 37/80), loss = 0.548917 (36.477 sec/epoch), lr: 0.001951
Evaluating on dev set...
...........................
source: 	 mrr: 0.030535	 ndcg_5: 0.0186	 ndcg_10: 0.0275	 hit@1:0.007241	 hit@5:0.0304	 hit@10: 0.0587
target: 	 mrr: 0.041705	 ndcg_5: 0.0331	 ndcg_10: 0.0448	 hit@1:0.013240	 hit@5:0.0551	 hit@10: 0.0920
epoch 37: train_loss = 0.548917, source_hit@10 = 0.0587, source_ndcg@10 = 0.0275, target_hit@10 = 0.0920, target_ndcg@10 = 0.0448

2024-07-31 17:02:30.309369: step 11552/24320 (epoch 38/80), loss = 0.546280 (36.005 sec/epoch), lr: 0.001853
Evaluating on dev set...
...........................
source: 	 mrr: 0.028834	 ndcg_5: 0.0189	 ndcg_10: 0.0281	 hit@1:0.005069	 hit@5:0.0333	 hit@10: 0.0623
target: 	 mrr: 0.046211	 ndcg_5: 0.0377	 ndcg_10: 0.0520	 hit@1:0.010453	 hit@5:0.0627	 hit@10: 0.1073
epoch 38: train_loss = 0.546280, source_hit@10 = 0.0623, source_ndcg@10 = 0.0281, target_hit@10 = 0.1073, target_ndcg@10 = 0.0520

2024-07-31 17:03:06.740761: step 11856/24320 (epoch 39/80), loss = 0.545634 (36.144 sec/epoch), lr: 0.001853
Evaluating on dev set...
...........................
source: 	 mrr: 0.040509	 ndcg_5: 0.0280	 ndcg_10: 0.0379	 hit@1:0.015206	 hit@5:0.0406	 hit@10: 0.0717
target: 	 mrr: 0.055470	 ndcg_5: 0.0468	 ndcg_10: 0.0584	 hit@1:0.024390	 hit@5:0.0697	 hit@10: 0.1059
source best!
.............
source: 	 mrr: 0.042643	 ndcg_5: 0.0318	 ndcg_10: 0.0421	 hit@1:0.017638	 hit@5:0.0483	 hit@10: 0.0805
target best!
..............target: 	 mrr: 0.060478	 ndcg_5: 0.0540	 ndcg_10: 0.0663	 hit@1:0.025377	 hit@5:0.0830	 hit@10: 0.1214
epoch 39: train_loss = 0.545634, source_hit@10 = 0.0805, source_ndcg@10 = 0.0421, target_hit@10 = 0.1214, target_ndcg@10 = 0.0663
new best model saved.

2024-07-31 17:03:43.780996: step 12160/24320 (epoch 40/80), loss = 0.545862 (36.414 sec/epoch), lr: 0.001853
Evaluating on dev set...
...........................
source: 	 mrr: 0.026234	 ndcg_5: 0.0161	 ndcg_10: 0.0245	 hit@1:0.003621	 hit@5:0.0297	 hit@10: 0.0558
target: 	 mrr: 0.051872	 ndcg_5: 0.0423	 ndcg_10: 0.0564	 hit@1:0.018118	 hit@5:0.0662	 hit@10: 0.1101
epoch 40: train_loss = 0.545862, source_hit@10 = 0.0558, source_ndcg@10 = 0.0245, target_hit@10 = 0.1101, target_ndcg@10 = 0.0564

2024-07-31 17:04:20.817809: step 12464/24320 (epoch 41/80), loss = 0.544120 (36.751 sec/epoch), lr: 0.001761
Evaluating on dev set...
...........................
source: 	 mrr: 0.039747	 ndcg_5: 0.0282	 ndcg_10: 0.0385	 hit@1:0.013758	 hit@5:0.0434	 hit@10: 0.0753
target: 	 mrr: 0.057286	 ndcg_5: 0.0497	 ndcg_10: 0.0620	 hit@1:0.020906	 hit@5:0.0780	 hit@10: 0.1171
target best!
..............target: 	 mrr: 0.058367	 ndcg_5: 0.0500	 ndcg_10: 0.0634	 hit@1:0.021262	 hit@5:0.0761	 hit@10: 0.1166
epoch 41: train_loss = 0.544120, source_hit@10 = 0.0753, source_ndcg@10 = 0.0385, target_hit@10 = 0.1166, target_ndcg@10 = 0.0634
new best model saved.

2024-07-31 17:04:57.642048: step 12768/24320 (epoch 42/80), loss = 0.543814 (36.309 sec/epoch), lr: 0.001761
Evaluating on dev set...
...........................
source: 	 mrr: 0.034405	 ndcg_5: 0.0238	 ndcg_10: 0.0326	 hit@1:0.010138	 hit@5:0.0377	 hit@10: 0.0652
target: 	 mrr: 0.051783	 ndcg_5: 0.0435	 ndcg_10: 0.0570	 hit@1:0.014634	 hit@5:0.0683	 hit@10: 0.1108
epoch 42: train_loss = 0.543814, source_hit@10 = 0.0652, source_ndcg@10 = 0.0326, target_hit@10 = 0.1108, target_ndcg@10 = 0.0570

2024-07-31 17:05:34.221948: step 13072/24320 (epoch 43/80), loss = 0.542258 (36.289 sec/epoch), lr: 0.001672
Evaluating on dev set...
...........................
source: 	 mrr: 0.036029	 ndcg_5: 0.0253	 ndcg_10: 0.0354	 hit@1:0.008689	 hit@5:0.0420	 hit@10: 0.0739
target: 	 mrr: 0.058193	 ndcg_5: 0.0527	 ndcg_10: 0.0631	 hit@1:0.020906	 hit@5:0.0850	 hit@10: 0.1171
target best!
..............target: 	 mrr: 0.058589	 ndcg_5: 0.0479	 ndcg_10: 0.0640	 hit@1:0.026063	 hit@5:0.0713	 hit@10: 0.1207
epoch 43: train_loss = 0.542258, source_hit@10 = 0.0739, source_ndcg@10 = 0.0354, target_hit@10 = 0.1207, target_ndcg@10 = 0.0640

2024-07-31 17:06:11.108378: step 13376/24320 (epoch 44/80), loss = 0.541829 (36.468 sec/epoch), lr: 0.001672
Evaluating on dev set...
...........................
source: 	 mrr: 0.036280	 ndcg_5: 0.0254	 ndcg_10: 0.0345	 hit@1:0.010138	 hit@5:0.0398	 hit@10: 0.0681
target: 	 mrr: 0.051253	 ndcg_5: 0.0432	 ndcg_10: 0.0588	 hit@1:0.016028	 hit@5:0.0690	 hit@10: 0.1171
epoch 44: train_loss = 0.541829, source_hit@10 = 0.0681, source_ndcg@10 = 0.0345, target_hit@10 = 0.1171, target_ndcg@10 = 0.0588

2024-07-31 17:06:47.838559: step 13680/24320 (epoch 45/80), loss = 0.540408 (36.441 sec/epoch), lr: 0.001589
Evaluating on dev set...
...........................
source: 	 mrr: 0.033248	 ndcg_5: 0.0209	 ndcg_10: 0.0306	 hit@1:0.007965	 hit@5:0.0333	 hit@10: 0.0637
target: 	 mrr: 0.052348	 ndcg_5: 0.0422	 ndcg_10: 0.0560	 hit@1:0.020209	 hit@5:0.0641	 hit@10: 0.1066
epoch 45: train_loss = 0.540408, source_hit@10 = 0.0637, source_ndcg@10 = 0.0306, target_hit@10 = 0.1066, target_ndcg@10 = 0.0560

2024-07-31 17:07:24.663088: step 13984/24320 (epoch 46/80), loss = 0.538314 (36.531 sec/epoch), lr: 0.001509
Evaluating on dev set...
...........................
source: 	 mrr: 0.034120	 ndcg_5: 0.0217	 ndcg_10: 0.0317	 hit@1:0.009413	 hit@5:0.0348	 hit@10: 0.0666
target: 	 mrr: 0.046435	 ndcg_5: 0.0394	 ndcg_10: 0.0512	 hit@1:0.013937	 hit@5:0.0655	 hit@10: 0.1024
epoch 46: train_loss = 0.538314, source_hit@10 = 0.0666, source_ndcg@10 = 0.0317, target_hit@10 = 0.1024, target_ndcg@10 = 0.0512

2024-07-31 17:08:01.794002: step 14288/24320 (epoch 47/80), loss = 0.537133 (36.841 sec/epoch), lr: 0.001434
Evaluating on dev set...
...........................
source: 	 mrr: 0.033285	 ndcg_5: 0.0224	 ndcg_10: 0.0322	 hit@1:0.010862	 hit@5:0.0348	 hit@10: 0.0652
target: 	 mrr: 0.051203	 ndcg_5: 0.0429	 ndcg_10: 0.0566	 hit@1:0.016725	 hit@5:0.0676	 hit@10: 0.1101
epoch 47: train_loss = 0.537133, source_hit@10 = 0.0652, source_ndcg@10 = 0.0322, target_hit@10 = 0.1101, target_ndcg@10 = 0.0566

2024-07-31 17:08:38.034197: step 14592/24320 (epoch 48/80), loss = 0.536868 (35.949 sec/epoch), lr: 0.001434
Evaluating on dev set...
...........................
source: 	 mrr: 0.031664	 ndcg_5: 0.0208	 ndcg_10: 0.0313	 hit@1:0.007241	 hit@5:0.0348	 hit@10: 0.0673
target: 	 mrr: 0.049237	 ndcg_5: 0.0380	 ndcg_10: 0.0508	 hit@1:0.018118	 hit@5:0.0564	 hit@10: 0.0962
epoch 48: train_loss = 0.536868, source_hit@10 = 0.0673, source_ndcg@10 = 0.0313, target_hit@10 = 0.0962, target_ndcg@10 = 0.0508

2024-07-31 17:09:15.098907: step 14896/24320 (epoch 49/80), loss = 0.535125 (36.770 sec/epoch), lr: 0.001362
Evaluating on dev set...
...........................
source: 	 mrr: 0.031554	 ndcg_5: 0.0212	 ndcg_10: 0.0293	 hit@1:0.010138	 hit@5:0.0326	 hit@10: 0.0579
target: 	 mrr: 0.056492	 ndcg_5: 0.0471	 ndcg_10: 0.0610	 hit@1:0.022997	 hit@5:0.0704	 hit@10: 0.1136
epoch 49: train_loss = 0.535125, source_hit@10 = 0.0579, source_ndcg@10 = 0.0293, target_hit@10 = 0.1136, target_ndcg@10 = 0.0610

2024-07-31 17:09:51.360860: step 15200/24320 (epoch 50/80), loss = 0.534391 (35.972 sec/epoch), lr: 0.001362
Evaluating on dev set...
...........................
source: 	 mrr: 0.025907	 ndcg_5: 0.0150	 ndcg_10: 0.0250	 hit@1:0.005069	 hit@5:0.0253	 hit@10: 0.0565
target: 	 mrr: 0.057357	 ndcg_5: 0.0495	 ndcg_10: 0.0626	 hit@1:0.022300	 hit@5:0.0760	 hit@10: 0.1171
epoch 50: train_loss = 0.534391, source_hit@10 = 0.0565, source_ndcg@10 = 0.0250, target_hit@10 = 0.1171, target_ndcg@10 = 0.0626
shift to transfer learning mode

2024-07-31 17:10:28.603980: step 15504/24320 (epoch 51/80), loss = 0.532443 (36.956 sec/epoch), lr: 0.001294
Evaluating on dev set...
...........................
source: 	 mrr: 0.030863	 ndcg_5: 0.0200	 ndcg_10: 0.0298	 hit@1:0.007965	 hit@5:0.0319	 hit@10: 0.0623
target: 	 mrr: 0.053141	 ndcg_5: 0.0456	 ndcg_10: 0.0592	 hit@1:0.015331	 hit@5:0.0746	 hit@10: 0.1178
epoch 51: train_loss = 0.532443, source_hit@10 = 0.0623, source_ndcg@10 = 0.0298, target_hit@10 = 0.1178, target_ndcg@10 = 0.0592

2024-07-31 17:11:06.014663: step 15808/24320 (epoch 52/80), loss = 0.533214 (37.116 sec/epoch), lr: 0.001294
Evaluating on dev set...
...........................
source: 	 mrr: 0.030106	 ndcg_5: 0.0204	 ndcg_10: 0.0298	 hit@1:0.007241	 hit@5:0.0340	 hit@10: 0.0637
target: 	 mrr: 0.055280	 ndcg_5: 0.0460	 ndcg_10: 0.0606	 hit@1:0.019512	 hit@5:0.0718	 hit@10: 0.1171
epoch 52: train_loss = 0.533214, source_hit@10 = 0.0637, source_ndcg@10 = 0.0298, target_hit@10 = 0.1171, target_ndcg@10 = 0.0606

2024-07-31 17:11:43.526481: step 16112/24320 (epoch 53/80), loss = 0.531325 (37.219 sec/epoch), lr: 0.001294
Evaluating on dev set...
...........................
source: 	 mrr: 0.031146	 ndcg_5: 0.0207	 ndcg_10: 0.0289	 hit@1:0.005793	 hit@5:0.0355	 hit@10: 0.0615
target: 	 mrr: 0.054772	 ndcg_5: 0.0457	 ndcg_10: 0.0612	 hit@1:0.019512	 hit@5:0.0718	 hit@10: 0.1199
epoch 53: train_loss = 0.531325, source_hit@10 = 0.0615, source_ndcg@10 = 0.0289, target_hit@10 = 0.1199, target_ndcg@10 = 0.0612

2024-07-31 17:12:20.971751: step 16416/24320 (epoch 54/80), loss = 0.529063 (37.145 sec/epoch), lr: 0.001294
Evaluating on dev set...
...........................
source: 	 mrr: 0.029743	 ndcg_5: 0.0178	 ndcg_10: 0.0267	 hit@1:0.007241	 hit@5:0.0282	 hit@10: 0.0558
target: 	 mrr: 0.057095	 ndcg_5: 0.0497	 ndcg_10: 0.0617	 hit@1:0.022997	 hit@5:0.0774	 hit@10: 0.1143
epoch 54: train_loss = 0.529063, source_hit@10 = 0.0558, source_ndcg@10 = 0.0267, target_hit@10 = 0.1143, target_ndcg@10 = 0.0617

2024-07-31 17:12:58.308592: step 16720/24320 (epoch 55/80), loss = 0.529274 (37.046 sec/epoch), lr: 0.001294
Evaluating on dev set...
...........................
source: 	 mrr: 0.030629	 ndcg_5: 0.0182	 ndcg_10: 0.0281	 hit@1:0.007241	 hit@5:0.0290	 hit@10: 0.0601
target: 	 mrr: 0.054747	 ndcg_5: 0.0462	 ndcg_10: 0.0589	 hit@1:0.021603	 hit@5:0.0711	 hit@10: 0.1108
epoch 55: train_loss = 0.529274, source_hit@10 = 0.0601, source_ndcg@10 = 0.0281, target_hit@10 = 0.1108, target_ndcg@10 = 0.0589

2024-07-31 17:13:35.776580: step 17024/24320 (epoch 56/80), loss = 0.527374 (37.174 sec/epoch), lr: 0.001229
Evaluating on dev set...
...........................
source: 	 mrr: 0.034200	 ndcg_5: 0.0235	 ndcg_10: 0.0322	 hit@1:0.008689	 hit@5:0.0384	 hit@10: 0.0659
target: 	 mrr: 0.053823	 ndcg_5: 0.0458	 ndcg_10: 0.0595	 hit@1:0.022300	 hit@5:0.0711	 hit@10: 0.1129
epoch 56: train_loss = 0.527374, source_hit@10 = 0.0659, source_ndcg@10 = 0.0322, target_hit@10 = 0.1129, target_ndcg@10 = 0.0595

2024-07-31 17:14:13.300801: step 17328/24320 (epoch 57/80), loss = 0.526404 (37.234 sec/epoch), lr: 0.001229
Evaluating on dev set...
...........................
source: 	 mrr: 0.035670	 ndcg_5: 0.0233	 ndcg_10: 0.0346	 hit@1:0.009413	 hit@5:0.0369	 hit@10: 0.0724
target: 	 mrr: 0.043462	 ndcg_5: 0.0348	 ndcg_10: 0.0477	 hit@1:0.013937	 hit@5:0.0564	 hit@10: 0.0962
epoch 57: train_loss = 0.526404, source_hit@10 = 0.0724, source_ndcg@10 = 0.0346, target_hit@10 = 0.0962, target_ndcg@10 = 0.0477

2024-07-31 17:14:50.883698: step 17632/24320 (epoch 58/80), loss = 0.525691 (37.290 sec/epoch), lr: 0.001168
Evaluating on dev set...
...........................
source: 	 mrr: 0.032457	 ndcg_5: 0.0196	 ndcg_10: 0.0320	 hit@1:0.007241	 hit@5:0.0333	 hit@10: 0.0724
target: 	 mrr: 0.043261	 ndcg_5: 0.0348	 ndcg_10: 0.0460	 hit@1:0.013937	 hit@5:0.0564	 hit@10: 0.0920
epoch 58: train_loss = 0.525691, source_hit@10 = 0.0724, source_ndcg@10 = 0.0320, target_hit@10 = 0.0920, target_ndcg@10 = 0.0460

2024-07-31 17:15:28.943180: step 17936/24320 (epoch 59/80), loss = 0.524032 (37.772 sec/epoch), lr: 0.001110
Evaluating on dev set...
...........................
source: 	 mrr: 0.031445	 ndcg_5: 0.0183	 ndcg_10: 0.0296	 hit@1:0.005069	 hit@5:0.0319	 hit@10: 0.0673
target: 	 mrr: 0.052933	 ndcg_5: 0.0440	 ndcg_10: 0.0555	 hit@1:0.022997	 hit@5:0.0662	 hit@10: 0.1017
epoch 59: train_loss = 0.524032, source_hit@10 = 0.0673, source_ndcg@10 = 0.0296, target_hit@10 = 0.1017, target_ndcg@10 = 0.0555

2024-07-31 17:16:06.131947: step 18240/24320 (epoch 60/80), loss = 0.524110 (36.903 sec/epoch), lr: 0.001110
Evaluating on dev set...
...........................
source: 	 mrr: 0.036165	 ndcg_5: 0.0247	 ndcg_10: 0.0352	 hit@1:0.008689	 hit@5:0.0420	 hit@10: 0.0746
target: 	 mrr: 0.046225	 ndcg_5: 0.0393	 ndcg_10: 0.0478	 hit@1:0.016725	 hit@5:0.0620	 hit@10: 0.0892
epoch 60: train_loss = 0.524110, source_hit@10 = 0.0746, source_ndcg@10 = 0.0352, target_hit@10 = 0.0892, target_ndcg@10 = 0.0478

2024-07-31 17:16:43.578270: step 18544/24320 (epoch 61/80), loss = 0.522099 (37.153 sec/epoch), lr: 0.001054
Evaluating on dev set...
...........................
source: 	 mrr: 0.035449	 ndcg_5: 0.0258	 ndcg_10: 0.0332	 hit@1:0.010862	 hit@5:0.0413	 hit@10: 0.0644
target: 	 mrr: 0.048623	 ndcg_5: 0.0393	 ndcg_10: 0.0535	 hit@1:0.014634	 hit@5:0.0634	 hit@10: 0.1073
epoch 61: train_loss = 0.522099, source_hit@10 = 0.0644, source_ndcg@10 = 0.0332, target_hit@10 = 0.1073, target_ndcg@10 = 0.0535

2024-07-31 17:17:21.113730: step 18848/24320 (epoch 62/80), loss = 0.522061 (37.247 sec/epoch), lr: 0.001054
Evaluating on dev set...
...........................
source: 	 mrr: 0.034770	 ndcg_5: 0.0226	 ndcg_10: 0.0344	 hit@1:0.007965	 hit@5:0.0369	 hit@10: 0.0731
target: 	 mrr: 0.045384	 ndcg_5: 0.0353	 ndcg_10: 0.0487	 hit@1:0.015331	 hit@5:0.0544	 hit@10: 0.0955
epoch 62: train_loss = 0.522061, source_hit@10 = 0.0731, source_ndcg@10 = 0.0344, target_hit@10 = 0.0955, target_ndcg@10 = 0.0487

2024-07-31 17:17:58.894653: step 19152/24320 (epoch 63/80), loss = 0.520857 (37.453 sec/epoch), lr: 0.001001
Evaluating on dev set...
...........................
source: 	 mrr: 0.035752	 ndcg_5: 0.0242	 ndcg_10: 0.0354	 hit@1:0.009413	 hit@5:0.0398	 hit@10: 0.0746
target: 	 mrr: 0.054071	 ndcg_5: 0.0452	 ndcg_10: 0.0583	 hit@1:0.023693	 hit@5:0.0669	 hit@10: 0.1073
epoch 63: train_loss = 0.520857, source_hit@10 = 0.0746, source_ndcg@10 = 0.0354, target_hit@10 = 0.1073, target_ndcg@10 = 0.0583

2024-07-31 17:18:36.401748: step 19456/24320 (epoch 64/80), loss = 0.520113 (37.149 sec/epoch), lr: 0.001001
Evaluating on dev set...
...........................
source: 	 mrr: 0.033412	 ndcg_5: 0.0223	 ndcg_10: 0.0319	 hit@1:0.007241	 hit@5:0.0377	 hit@10: 0.0681
target: 	 mrr: 0.048815	 ndcg_5: 0.0399	 ndcg_10: 0.0507	 hit@1:0.016725	 hit@5:0.0627	 hit@10: 0.0962
epoch 64: train_loss = 0.520113, source_hit@10 = 0.0681, source_ndcg@10 = 0.0319, target_hit@10 = 0.0962, target_ndcg@10 = 0.0507

2024-07-31 17:19:13.673737: step 19760/24320 (epoch 65/80), loss = 0.518868 (36.983 sec/epoch), lr: 0.000951
Evaluating on dev set...
...........................
source: 	 mrr: 0.035883	 ndcg_5: 0.0242	 ndcg_10: 0.0356	 hit@1:0.008689	 hit@5:0.0406	 hit@10: 0.0760
target: 	 mrr: 0.051966	 ndcg_5: 0.0443	 ndcg_10: 0.0566	 hit@1:0.016028	 hit@5:0.0697	 hit@10: 0.1087
epoch 65: train_loss = 0.518868, source_hit@10 = 0.0760, source_ndcg@10 = 0.0356, target_hit@10 = 0.1087, target_ndcg@10 = 0.0566

2024-07-31 17:19:49.360852: step 20064/24320 (epoch 66/80), loss = 0.517509 (35.396 sec/epoch), lr: 0.000951
Evaluating on dev set...
...........................
source: 	 mrr: 0.034478	 ndcg_5: 0.0238	 ndcg_10: 0.0341	 hit@1:0.007965	 hit@5:0.0398	 hit@10: 0.0717
target: 	 mrr: 0.045181	 ndcg_5: 0.0353	 ndcg_10: 0.0495	 hit@1:0.015331	 hit@5:0.0557	 hit@10: 0.0997
epoch 66: train_loss = 0.517509, source_hit@10 = 0.0717, source_ndcg@10 = 0.0341, target_hit@10 = 0.0997, target_ndcg@10 = 0.0495

2024-07-31 17:20:23.618330: step 20368/24320 (epoch 67/80), loss = 0.516820 (33.969 sec/epoch), lr: 0.000904
Evaluating on dev set...
...........................
source: 	 mrr: 0.033811	 ndcg_5: 0.0229	 ndcg_10: 0.0324	 hit@1:0.010138	 hit@5:0.0362	 hit@10: 0.0659
target: 	 mrr: 0.046078	 ndcg_5: 0.0354	 ndcg_10: 0.0479	 hit@1:0.017422	 hit@5:0.0530	 hit@10: 0.0913
epoch 67: train_loss = 0.516820, source_hit@10 = 0.0659, source_ndcg@10 = 0.0324, target_hit@10 = 0.0913, target_ndcg@10 = 0.0479

2024-07-31 17:20:57.949368: step 20672/24320 (epoch 68/80), loss = 0.515553 (34.041 sec/epoch), lr: 0.000904
Evaluating on dev set...
...........................
source: 	 mrr: 0.031472	 ndcg_5: 0.0206	 ndcg_10: 0.0288	 hit@1:0.009413	 hit@5:0.0333	 hit@10: 0.0587
target: 	 mrr: 0.045392	 ndcg_5: 0.0370	 ndcg_10: 0.0465	 hit@1:0.013937	 hit@5:0.0599	 hit@10: 0.0892
epoch 68: train_loss = 0.515553, source_hit@10 = 0.0587, source_ndcg@10 = 0.0288, target_hit@10 = 0.0892, target_ndcg@10 = 0.0465

2024-07-31 17:21:33.016834: step 20976/24320 (epoch 69/80), loss = 0.514639 (34.778 sec/epoch), lr: 0.000859
Evaluating on dev set...
...........................
source: 	 mrr: 0.035204	 ndcg_5: 0.0238	 ndcg_10: 0.0345	 hit@1:0.010862	 hit@5:0.0377	 hit@10: 0.0717
target: 	 mrr: 0.050526	 ndcg_5: 0.0415	 ndcg_10: 0.0558	 hit@1:0.018118	 hit@5:0.0641	 hit@10: 0.1087
epoch 69: train_loss = 0.514639, source_hit@10 = 0.0717, source_ndcg@10 = 0.0345, target_hit@10 = 0.1087, target_ndcg@10 = 0.0558

2024-07-31 17:22:07.230149: step 21280/24320 (epoch 70/80), loss = 0.513914 (33.925 sec/epoch), lr: 0.000859
Evaluating on dev set...
...........................
source: 	 mrr: 0.027710	 ndcg_5: 0.0176	 ndcg_10: 0.0257	 hit@1:0.006517	 hit@5:0.0282	 hit@10: 0.0536
target: 	 mrr: 0.044271	 ndcg_5: 0.0353	 ndcg_10: 0.0447	 hit@1:0.019512	 hit@5:0.0523	 hit@10: 0.0815
epoch 70: train_loss = 0.513914, source_hit@10 = 0.0536, source_ndcg@10 = 0.0257, target_hit@10 = 0.0815, target_ndcg@10 = 0.0447

2024-07-31 17:22:41.961916: step 21584/24320 (epoch 71/80), loss = 0.512381 (34.443 sec/epoch), lr: 0.000816
Evaluating on dev set...
...........................
source: 	 mrr: 0.030575	 ndcg_5: 0.0206	 ndcg_10: 0.0311	 hit@1:0.005793	 hit@5:0.0362	 hit@10: 0.0688
target: 	 mrr: 0.056099	 ndcg_5: 0.0473	 ndcg_10: 0.0601	 hit@1:0.022300	 hit@5:0.0725	 hit@10: 0.1122
epoch 71: train_loss = 0.512381, source_hit@10 = 0.0688, source_ndcg@10 = 0.0311, target_hit@10 = 0.1122, target_ndcg@10 = 0.0601

