nohup: ignoring input
using gpu:1 to train the model
using gpu:1 to train the model
cuda:1
Namespace(A_split=False, JK='sum', a_fold=100, aggregate=False, alpha=0.5, batch_size=1024, beta_inter=0.5, conv_layers=4, cuda=True, decay_epoch=10, device=device(type='cuda', index=1), device_id='1', domains='game_video', dropout=0.5, epoch=80, feature_dim=126, hidden_dim=126, inter_tau=0.2, intra_tau=1.1, lambda_critic=0.4, leakey=0.01, load=False, log='logs.txt', log_epoch=1, lr=0.004, lr_decay=0.95, min_epoch=50, mode='train', model_file=None, model_name='gv', momentum=0.98, num_latent_factors=3, num_negative=100, optim='adam', patience=50, proj_layers=1, projection=1, residual=1, save=True, save_dir='./saved_models', seed=32, similarity_tau=0.1, test_sample_number=999, transfer_epoch=50, user_batch_size=256, weight_decay=0.0002)
number_user 25025
number_item 12319
/home/hourun/invariantCDR_v2/invariantCDR/utils/GraphMaker.py:46: RuntimeWarning: divide by zero encountered in power
  r_inv = np.power(rowsum, -1).flatten()
real graph loaded!
number_user 19457
number_item 8751
real graph loaded!
graph loaded!
Loading data from game_video with batch size 1024...
unseen test: 0
test length: 1381
unseen test: 0
test length: 1304
unseen test: 0
test length: 1435
unseen test: 0
test length: 1458
source_user_num 25025
target_user_num 19457
source_item_num 12319
target_item_num 8751
shared users id: 1737
test users 226, 217
unseen test: 0
dev length: 1000
unseen test: 0
dev length: 1000
source train data : 155036, target train data: 156091, source test data : 1304, target test data : 1458, source dev data : 1000, target dev data : 1000
2024-07-31 19:32:17.507012: step 304/24320 (epoch 1/80), loss = 1.403357 (36.862 sec/epoch), lr: 0.004000
Evaluating on dev set...
...........................
source: 	 mrr: 0.030767	 ndcg_5: 0.0205	 ndcg_10: 0.0318	 hit@1:0.007241	 hit@5:0.0348	 hit@10: 0.0695
target: 	 mrr: 0.030498	 ndcg_5: 0.0220	 ndcg_10: 0.0285	 hit@1:0.011150	 hit@5:0.0334	 hit@10: 0.0537
source best!
.............
source: 	 mrr: 0.026786	 ndcg_5: 0.0158	 ndcg_10: 0.0250	 hit@1:0.006902	 hit@5:0.0261	 hit@10: 0.0552
target best!
..............target: 	 mrr: 0.029215	 ndcg_5: 0.0212	 ndcg_10: 0.0267	 hit@1:0.008916	 hit@5:0.0329	 hit@10: 0.0501
epoch 1: train_loss = 1.403357, source_hit@10 = 0.0552, source_ndcg@10 = 0.0250, target_hit@10 = 0.0501, target_ndcg@10 = 0.0267

2024-07-31 19:32:57.086434: step 608/24320 (epoch 2/80), loss = 1.235645 (38.960 sec/epoch), lr: 0.004000
Evaluating on dev set...
...........................
source: 	 mrr: 0.036699	 ndcg_5: 0.0270	 ndcg_10: 0.0360	 hit@1:0.013034	 hit@5:0.0406	 hit@10: 0.0688
target: 	 mrr: 0.019964	 ndcg_5: 0.0112	 ndcg_10: 0.0186	 hit@1:0.002787	 hit@5:0.0209	 hit@10: 0.0439
source best!
.............
source: 	 mrr: 0.037460	 ndcg_5: 0.0278	 ndcg_10: 0.0375	 hit@1:0.011503	 hit@5:0.0445	 hit@10: 0.0744
epoch 2: train_loss = 1.235645, source_hit@10 = 0.0744, source_ndcg@10 = 0.0375, target_hit@10 = 0.0439, target_ndcg@10 = 0.0186

2024-07-31 19:33:36.583816: step 912/24320 (epoch 3/80), loss = 1.178812 (39.027 sec/epoch), lr: 0.004000
Evaluating on dev set...
...........................
source: 	 mrr: 0.028757	 ndcg_5: 0.0155	 ndcg_10: 0.0271	 hit@1:0.005069	 hit@5:0.0268	 hit@10: 0.0630
target: 	 mrr: 0.033682	 ndcg_5: 0.0253	 ndcg_10: 0.0337	 hit@1:0.008362	 hit@5:0.0418	 hit@10: 0.0683
target best!
..............target: 	 mrr: 0.034675	 ndcg_5: 0.0266	 ndcg_10: 0.0351	 hit@1:0.010974	 hit@5:0.0439	 hit@10: 0.0706
epoch 3: train_loss = 1.178812, source_hit@10 = 0.0630, source_ndcg@10 = 0.0271, target_hit@10 = 0.0706, target_ndcg@10 = 0.0351

2024-07-31 19:34:16.595338: step 1216/24320 (epoch 4/80), loss = 1.137959 (39.525 sec/epoch), lr: 0.004000
Evaluating on dev set...
...........................
source: 	 mrr: 0.032864	 ndcg_5: 0.0203	 ndcg_10: 0.0306	 hit@1:0.009413	 hit@5:0.0326	 hit@10: 0.0644
target: 	 mrr: 0.050171	 ndcg_5: 0.0431	 ndcg_10: 0.0546	 hit@1:0.020209	 hit@5:0.0662	 hit@10: 0.1024
target best!
..............target: 	 mrr: 0.045760	 ndcg_5: 0.0352	 ndcg_10: 0.0493	 hit@1:0.016461	 hit@5:0.0542	 hit@10: 0.0981
epoch 4: train_loss = 1.137959, source_hit@10 = 0.0644, source_ndcg@10 = 0.0306, target_hit@10 = 0.0981, target_ndcg@10 = 0.0493
new best model saved.

2024-07-31 19:34:55.917339: step 1520/24320 (epoch 5/80), loss = 1.121781 (38.647 sec/epoch), lr: 0.004000
Evaluating on dev set...
...........................
source: 	 mrr: 0.039118	 ndcg_5: 0.0303	 ndcg_10: 0.0367	 hit@1:0.013758	 hit@5:0.0463	 hit@10: 0.0666
target: 	 mrr: 0.043782	 ndcg_5: 0.0358	 ndcg_10: 0.0449	 hit@1:0.014634	 hit@5:0.0578	 hit@10: 0.0857
source best!
.............
source: 	 mrr: 0.032717	 ndcg_5: 0.0210	 ndcg_10: 0.0298	 hit@1:0.009202	 hit@5:0.0330	 hit@10: 0.0606
epoch 5: train_loss = 1.121781, source_hit@10 = 0.0606, source_ndcg@10 = 0.0298, target_hit@10 = 0.0857, target_ndcg@10 = 0.0449

2024-07-31 19:35:35.587745: step 1824/24320 (epoch 6/80), loss = 1.113818 (39.201 sec/epoch), lr: 0.004000
Evaluating on dev set...
...........................
source: 	 mrr: 0.035783	 ndcg_5: 0.0243	 ndcg_10: 0.0339	 hit@1:0.010862	 hit@5:0.0391	 hit@10: 0.0688
target: 	 mrr: 0.050251	 ndcg_5: 0.0401	 ndcg_10: 0.0536	 hit@1:0.021603	 hit@5:0.0585	 hit@10: 0.1010
target best!
..............target: 	 mrr: 0.051283	 ndcg_5: 0.0428	 ndcg_10: 0.0523	 hit@1:0.020576	 hit@5:0.0645	 hit@10: 0.0940
epoch 6: train_loss = 1.113818, source_hit@10 = 0.0688, source_ndcg@10 = 0.0339, target_hit@10 = 0.0940, target_ndcg@10 = 0.0523

2024-07-31 19:36:14.662179: step 2128/24320 (epoch 7/80), loss = 1.111161 (38.593 sec/epoch), lr: 0.004000
Evaluating on dev set...
...........................
source: 	 mrr: 0.039206	 ndcg_5: 0.0289	 ndcg_10: 0.0383	 hit@1:0.013758	 hit@5:0.0442	 hit@10: 0.0731
target: 	 mrr: 0.047808	 ndcg_5: 0.0389	 ndcg_10: 0.0515	 hit@1:0.015331	 hit@5:0.0620	 hit@10: 0.1010
source best!
.............
source: 	 mrr: 0.034534	 ndcg_5: 0.0216	 ndcg_10: 0.0334	 hit@1:0.009969	 hit@5:0.0345	 hit@10: 0.0706
epoch 7: train_loss = 1.111161, source_hit@10 = 0.0706, source_ndcg@10 = 0.0334, target_hit@10 = 0.1010, target_ndcg@10 = 0.0515

2024-07-31 19:36:54.344255: step 2432/24320 (epoch 8/80), loss = 1.108135 (39.215 sec/epoch), lr: 0.004000
Evaluating on dev set...
...........................
source: 	 mrr: 0.027983	 ndcg_5: 0.0171	 ndcg_10: 0.0252	 hit@1:0.006517	 hit@5:0.0282	 hit@10: 0.0536
target: 	 mrr: 0.048851	 ndcg_5: 0.0414	 ndcg_10: 0.0524	 hit@1:0.016725	 hit@5:0.0662	 hit@10: 0.1010
epoch 8: train_loss = 1.108135, source_hit@10 = 0.0536, source_ndcg@10 = 0.0252, target_hit@10 = 0.1010, target_ndcg@10 = 0.0524

2024-07-31 19:37:33.016928: step 2736/24320 (epoch 9/80), loss = 1.104865 (38.335 sec/epoch), lr: 0.004000
Evaluating on dev set...
...........................
source: 	 mrr: 0.039652	 ndcg_5: 0.0291	 ndcg_10: 0.0390	 hit@1:0.012310	 hit@5:0.0449	 hit@10: 0.0760
target: 	 mrr: 0.042270	 ndcg_5: 0.0312	 ndcg_10: 0.0445	 hit@1:0.014634	 hit@5:0.0474	 hit@10: 0.0892
source best!
.............
source: 	 mrr: 0.037860	 ndcg_5: 0.0240	 ndcg_10: 0.0363	 hit@1:0.011503	 hit@5:0.0360	 hit@10: 0.0736
epoch 9: train_loss = 1.104865, source_hit@10 = 0.0736, source_ndcg@10 = 0.0363, target_hit@10 = 0.0892, target_ndcg@10 = 0.0445

2024-07-31 19:38:12.251414: step 3040/24320 (epoch 10/80), loss = 1.102243 (38.768 sec/epoch), lr: 0.004000
Evaluating on dev set...
...........................
source: 	 mrr: 0.036078	 ndcg_5: 0.0244	 ndcg_10: 0.0342	 hit@1:0.011586	 hit@5:0.0369	 hit@10: 0.0681
target: 	 mrr: 0.041172	 ndcg_5: 0.0292	 ndcg_10: 0.0433	 hit@1:0.011847	 hit@5:0.0460	 hit@10: 0.0899
epoch 10: train_loss = 1.102243, source_hit@10 = 0.0681, source_ndcg@10 = 0.0342, target_hit@10 = 0.0899, target_ndcg@10 = 0.0433

2024-07-31 19:38:51.654930: step 3344/24320 (epoch 11/80), loss = 1.097961 (39.066 sec/epoch), lr: 0.004000
Evaluating on dev set...
...........................
source: 	 mrr: 0.029355	 ndcg_5: 0.0198	 ndcg_10: 0.0290	 hit@1:0.007965	 hit@5:0.0311	 hit@10: 0.0601
target: 	 mrr: 0.043574	 ndcg_5: 0.0322	 ndcg_10: 0.0458	 hit@1:0.013937	 hit@5:0.0516	 hit@10: 0.0941
epoch 11: train_loss = 1.097961, source_hit@10 = 0.0601, source_ndcg@10 = 0.0290, target_hit@10 = 0.0941, target_ndcg@10 = 0.0458

2024-07-31 19:39:31.006708: step 3648/24320 (epoch 12/80), loss = 1.090882 (38.992 sec/epoch), lr: 0.003800
Evaluating on dev set...
...........................
source: 	 mrr: 0.030880	 ndcg_5: 0.0205	 ndcg_10: 0.0293	 hit@1:0.005793	 hit@5:0.0340	 hit@10: 0.0615
target: 	 mrr: 0.038244	 ndcg_5: 0.0282	 ndcg_10: 0.0408	 hit@1:0.008362	 hit@5:0.0481	 hit@10: 0.0871
epoch 12: train_loss = 1.090882, source_hit@10 = 0.0615, source_ndcg@10 = 0.0293, target_hit@10 = 0.0871, target_ndcg@10 = 0.0408

2024-07-31 19:40:10.016311: step 3952/24320 (epoch 13/80), loss = 1.088698 (38.662 sec/epoch), lr: 0.003610
Evaluating on dev set...
...........................
source: 	 mrr: 0.032104	 ndcg_5: 0.0237	 ndcg_10: 0.0300	 hit@1:0.008689	 hit@5:0.0391	 hit@10: 0.0587
target: 	 mrr: 0.046514	 ndcg_5: 0.0401	 ndcg_10: 0.0491	 hit@1:0.013240	 hit@5:0.0655	 hit@10: 0.0934
epoch 13: train_loss = 1.088698, source_hit@10 = 0.0587, source_ndcg@10 = 0.0300, target_hit@10 = 0.0934, target_ndcg@10 = 0.0491

2024-07-31 19:40:49.522648: step 4256/24320 (epoch 14/80), loss = 1.085732 (39.169 sec/epoch), lr: 0.003610
Evaluating on dev set...
...........................
source: 	 mrr: 0.036665	 ndcg_5: 0.0255	 ndcg_10: 0.0356	 hit@1:0.013758	 hit@5:0.0377	 hit@10: 0.0695
target: 	 mrr: 0.049263	 ndcg_5: 0.0405	 ndcg_10: 0.0514	 hit@1:0.018815	 hit@5:0.0620	 hit@10: 0.0962
epoch 14: train_loss = 1.085732, source_hit@10 = 0.0695, source_ndcg@10 = 0.0356, target_hit@10 = 0.0962, target_ndcg@10 = 0.0514

2024-07-31 19:41:29.566906: step 4560/24320 (epoch 15/80), loss = 1.083726 (39.676 sec/epoch), lr: 0.003610
Evaluating on dev set...
...........................
source: 	 mrr: 0.034345	 ndcg_5: 0.0227	 ndcg_10: 0.0329	 hit@1:0.008689	 hit@5:0.0377	 hit@10: 0.0695
target: 	 mrr: 0.042150	 ndcg_5: 0.0318	 ndcg_10: 0.0445	 hit@1:0.014634	 hit@5:0.0502	 hit@10: 0.0899
epoch 15: train_loss = 1.083726, source_hit@10 = 0.0695, source_ndcg@10 = 0.0329, target_hit@10 = 0.0899, target_ndcg@10 = 0.0445

2024-07-31 19:42:08.271837: step 4864/24320 (epoch 16/80), loss = 1.080535 (38.368 sec/epoch), lr: 0.003429
Evaluating on dev set...
...........................
source: 	 mrr: 0.034655	 ndcg_5: 0.0251	 ndcg_10: 0.0337	 hit@1:0.008689	 hit@5:0.0420	 hit@10: 0.0688
target: 	 mrr: 0.052703	 ndcg_5: 0.0439	 ndcg_10: 0.0577	 hit@1:0.020906	 hit@5:0.0683	 hit@10: 0.1108
target best!
..............target: 	 mrr: 0.052562	 ndcg_5: 0.0420	 ndcg_10: 0.0576	 hit@1:0.020576	 hit@5:0.0638	 hit@10: 0.1125
epoch 16: train_loss = 1.080535, source_hit@10 = 0.0688, source_ndcg@10 = 0.0337, target_hit@10 = 0.1125, target_ndcg@10 = 0.0576

2024-07-31 19:42:47.404931: step 5168/24320 (epoch 17/80), loss = 1.074902 (38.623 sec/epoch), lr: 0.003429
Evaluating on dev set...
...........................
source: 	 mrr: 0.029574	 ndcg_5: 0.0195	 ndcg_10: 0.0295	 hit@1:0.005793	 hit@5:0.0355	 hit@10: 0.0673
target: 	 mrr: 0.045349	 ndcg_5: 0.0367	 ndcg_10: 0.0511	 hit@1:0.011847	 hit@5:0.0627	 hit@10: 0.1080
epoch 17: train_loss = 1.074902, source_hit@10 = 0.0673, source_ndcg@10 = 0.0295, target_hit@10 = 0.1080, target_ndcg@10 = 0.0511

2024-07-31 19:43:26.827000: step 5472/24320 (epoch 18/80), loss = 1.071857 (39.086 sec/epoch), lr: 0.003258
Evaluating on dev set...
...........................
source: 	 mrr: 0.037640	 ndcg_5: 0.0276	 ndcg_10: 0.0376	 hit@1:0.009413	 hit@5:0.0456	 hit@10: 0.0768
target: 	 mrr: 0.041334	 ndcg_5: 0.0292	 ndcg_10: 0.0440	 hit@1:0.012544	 hit@5:0.0460	 hit@10: 0.0927
epoch 18: train_loss = 1.071857, source_hit@10 = 0.0768, source_ndcg@10 = 0.0376, target_hit@10 = 0.0927, target_ndcg@10 = 0.0440

2024-07-31 19:44:06.082286: step 5776/24320 (epoch 19/80), loss = 1.068125 (38.899 sec/epoch), lr: 0.003258
Evaluating on dev set...
...........................
source: 	 mrr: 0.042255	 ndcg_5: 0.0345	 ndcg_10: 0.0422	 hit@1:0.015930	 hit@5:0.0536	 hit@10: 0.0775
target: 	 mrr: 0.051723	 ndcg_5: 0.0420	 ndcg_10: 0.0561	 hit@1:0.018118	 hit@5:0.0648	 hit@10: 0.1087
source best!
.............
source: 	 mrr: 0.040360	 ndcg_5: 0.0290	 ndcg_10: 0.0382	 hit@1:0.016104	 hit@5:0.0422	 hit@10: 0.0706
epoch 19: train_loss = 1.068125, source_hit@10 = 0.0706, source_ndcg@10 = 0.0382, target_hit@10 = 0.1087, target_ndcg@10 = 0.0561
new best model saved.

2024-07-31 19:44:45.275581: step 6080/24320 (epoch 20/80), loss = 1.066620 (38.562 sec/epoch), lr: 0.003258
Evaluating on dev set...
...........................
source: 	 mrr: 0.033117	 ndcg_5: 0.0229	 ndcg_10: 0.0308	 hit@1:0.008689	 hit@5:0.0369	 hit@10: 0.0615
target: 	 mrr: 0.044928	 ndcg_5: 0.0364	 ndcg_10: 0.0476	 hit@1:0.016725	 hit@5:0.0571	 hit@10: 0.0927
epoch 20: train_loss = 1.066620, source_hit@10 = 0.0615, source_ndcg@10 = 0.0308, target_hit@10 = 0.0927, target_ndcg@10 = 0.0476

2024-07-31 19:45:24.305366: step 6384/24320 (epoch 21/80), loss = 1.062213 (38.693 sec/epoch), lr: 0.003095
Evaluating on dev set...
...........................
source: 	 mrr: 0.039439	 ndcg_5: 0.0297	 ndcg_10: 0.0394	 hit@1:0.010862	 hit@5:0.0478	 hit@10: 0.0782
target: 	 mrr: 0.051440	 ndcg_5: 0.0432	 ndcg_10: 0.0539	 hit@1:0.018815	 hit@5:0.0669	 hit@10: 0.1003
epoch 21: train_loss = 1.062213, source_hit@10 = 0.0782, source_ndcg@10 = 0.0394, target_hit@10 = 0.1003, target_ndcg@10 = 0.0539

2024-07-31 19:46:03.595767: step 6688/24320 (epoch 22/80), loss = 1.060742 (38.954 sec/epoch), lr: 0.003095
Evaluating on dev set...
...........................
source: 	 mrr: 0.038380	 ndcg_5: 0.0291	 ndcg_10: 0.0382	 hit@1:0.014482	 hit@5:0.0434	 hit@10: 0.0717
target: 	 mrr: 0.045054	 ndcg_5: 0.0341	 ndcg_10: 0.0480	 hit@1:0.016028	 hit@5:0.0523	 hit@10: 0.0962
epoch 22: train_loss = 1.060742, source_hit@10 = 0.0717, source_ndcg@10 = 0.0382, target_hit@10 = 0.0962, target_ndcg@10 = 0.0480

2024-07-31 19:46:42.802387: step 6992/24320 (epoch 23/80), loss = 1.056865 (38.871 sec/epoch), lr: 0.002940
Evaluating on dev set...
...........................
source: 	 mrr: 0.038491	 ndcg_5: 0.0263	 ndcg_10: 0.0404	 hit@1:0.012310	 hit@5:0.0406	 hit@10: 0.0854
target: 	 mrr: 0.044703	 ndcg_5: 0.0366	 ndcg_10: 0.0485	 hit@1:0.014634	 hit@5:0.0585	 hit@10: 0.0955
epoch 23: train_loss = 1.056865, source_hit@10 = 0.0854, source_ndcg@10 = 0.0404, target_hit@10 = 0.0955, target_ndcg@10 = 0.0485

2024-07-31 19:47:22.350407: step 7296/24320 (epoch 24/80), loss = 1.054089 (39.194 sec/epoch), lr: 0.002793
Evaluating on dev set...
...........................
source: 	 mrr: 0.035558	 ndcg_5: 0.0248	 ndcg_10: 0.0345	 hit@1:0.009413	 hit@5:0.0406	 hit@10: 0.0710
target: 	 mrr: 0.049987	 ndcg_5: 0.0410	 ndcg_10: 0.0543	 hit@1:0.015331	 hit@5:0.0648	 hit@10: 0.1059
epoch 24: train_loss = 1.054089, source_hit@10 = 0.0710, source_ndcg@10 = 0.0345, target_hit@10 = 0.1059, target_ndcg@10 = 0.0543

2024-07-31 19:48:01.019005: step 7600/24320 (epoch 25/80), loss = 1.052980 (38.333 sec/epoch), lr: 0.002793
Evaluating on dev set...
...........................
source: 	 mrr: 0.025363	 ndcg_5: 0.0170	 ndcg_10: 0.0255	 hit@1:0.003621	 hit@5:0.0304	 hit@10: 0.0565
target: 	 mrr: 0.046188	 ndcg_5: 0.0353	 ndcg_10: 0.0478	 hit@1:0.014634	 hit@5:0.0544	 hit@10: 0.0934
epoch 25: train_loss = 1.052980, source_hit@10 = 0.0565, source_ndcg@10 = 0.0255, target_hit@10 = 0.0934, target_ndcg@10 = 0.0478

2024-07-31 19:48:40.233772: step 7904/24320 (epoch 26/80), loss = 1.048710 (38.881 sec/epoch), lr: 0.002654
Evaluating on dev set...
...........................
source: 	 mrr: 0.036249	 ndcg_5: 0.0264	 ndcg_10: 0.0359	 hit@1:0.011586	 hit@5:0.0420	 hit@10: 0.0724
target: 	 mrr: 0.047700	 ndcg_5: 0.0408	 ndcg_10: 0.0517	 hit@1:0.013240	 hit@5:0.0676	 hit@10: 0.1017
epoch 26: train_loss = 1.048710, source_hit@10 = 0.0724, source_ndcg@10 = 0.0359, target_hit@10 = 0.1017, target_ndcg@10 = 0.0517

2024-07-31 19:49:18.743244: step 8208/24320 (epoch 27/80), loss = 1.050351 (38.171 sec/epoch), lr: 0.002654
Evaluating on dev set...
...........................
source: 	 mrr: 0.021441	 ndcg_5: 0.0119	 ndcg_10: 0.0180	 hit@1:0.002896	 hit@5:0.0217	 hit@10: 0.0406
target: 	 mrr: 0.056158	 ndcg_5: 0.0482	 ndcg_10: 0.0631	 hit@1:0.020906	 hit@5:0.0774	 hit@10: 0.1240
target best!
..............target: 	 mrr: 0.056526	 ndcg_5: 0.0463	 ndcg_10: 0.0605	 hit@1:0.019204	 hit@5:0.0734	 hit@10: 0.1173
epoch 27: train_loss = 1.050351, source_hit@10 = 0.0406, source_ndcg@10 = 0.0180, target_hit@10 = 0.1173, target_ndcg@10 = 0.0605

2024-07-31 19:49:58.251413: step 8512/24320 (epoch 28/80), loss = 1.043241 (39.012 sec/epoch), lr: 0.002521
Evaluating on dev set...
...........................
source: 	 mrr: 0.032493	 ndcg_5: 0.0209	 ndcg_10: 0.0302	 hit@1:0.007965	 hit@5:0.0333	 hit@10: 0.0623
target: 	 mrr: 0.059581	 ndcg_5: 0.0519	 ndcg_10: 0.0679	 hit@1:0.022300	 hit@5:0.0801	 hit@10: 0.1303
target best!
..............target: 	 mrr: 0.063429	 ndcg_5: 0.0533	 ndcg_10: 0.0686	 hit@1:0.026749	 hit@5:0.0789	 hit@10: 0.1262
epoch 28: train_loss = 1.043241, source_hit@10 = 0.0623, source_ndcg@10 = 0.0302, target_hit@10 = 0.1262, target_ndcg@10 = 0.0686

2024-07-31 19:50:38.207442: step 8816/24320 (epoch 29/80), loss = 1.044829 (39.460 sec/epoch), lr: 0.002521
Evaluating on dev set...
...........................
source: 	 mrr: 0.038802	 ndcg_5: 0.0300	 ndcg_10: 0.0382	 hit@1:0.012310	 hit@5:0.0500	 hit@10: 0.0760
target: 	 mrr: 0.056061	 ndcg_5: 0.0485	 ndcg_10: 0.0605	 hit@1:0.024390	 hit@5:0.0725	 hit@10: 0.1094
epoch 29: train_loss = 1.044829, source_hit@10 = 0.0760, source_ndcg@10 = 0.0382, target_hit@10 = 0.1094, target_ndcg@10 = 0.0605

2024-07-31 19:51:17.507236: step 9120/24320 (epoch 30/80), loss = 1.042954 (38.959 sec/epoch), lr: 0.002521
Evaluating on dev set...
...........................
source: 	 mrr: 0.028009	 ndcg_5: 0.0188	 ndcg_10: 0.0259	 hit@1:0.005793	 hit@5:0.0319	 hit@10: 0.0543
target: 	 mrr: 0.050622	 ndcg_5: 0.0441	 ndcg_10: 0.0547	 hit@1:0.018118	 hit@5:0.0683	 hit@10: 0.1017
epoch 30: train_loss = 1.042954, source_hit@10 = 0.0543, source_ndcg@10 = 0.0259, target_hit@10 = 0.1017, target_ndcg@10 = 0.0547

2024-07-31 19:51:56.197202: step 9424/24320 (epoch 31/80), loss = 1.041181 (38.343 sec/epoch), lr: 0.002395
Evaluating on dev set...
...........................
source: 	 mrr: 0.040269	 ndcg_5: 0.0289	 ndcg_10: 0.0408	 hit@1:0.011586	 hit@5:0.0449	 hit@10: 0.0818
target: 	 mrr: 0.056120	 ndcg_5: 0.0492	 ndcg_10: 0.0653	 hit@1:0.019512	 hit@5:0.0780	 hit@10: 0.1289
epoch 31: train_loss = 1.041181, source_hit@10 = 0.0818, source_ndcg@10 = 0.0408, target_hit@10 = 0.1289, target_ndcg@10 = 0.0653

2024-07-31 19:52:35.429909: step 9728/24320 (epoch 32/80), loss = 1.040651 (38.851 sec/epoch), lr: 0.002395
Evaluating on dev set...
...........................
source: 	 mrr: 0.041560	 ndcg_5: 0.0335	 ndcg_10: 0.0436	 hit@1:0.011586	 hit@5:0.0558	 hit@10: 0.0869
target: 	 mrr: 0.055965	 ndcg_5: 0.0485	 ndcg_10: 0.0634	 hit@1:0.019512	 hit@5:0.0767	 hit@10: 0.1233
epoch 32: train_loss = 1.040651, source_hit@10 = 0.0869, source_ndcg@10 = 0.0436, target_hit@10 = 0.1233, target_ndcg@10 = 0.0634

2024-07-31 19:53:14.053764: step 10032/24320 (epoch 33/80), loss = 1.039794 (38.288 sec/epoch), lr: 0.002395
Evaluating on dev set...
...........................
source: 	 mrr: 0.038896	 ndcg_5: 0.0287	 ndcg_10: 0.0388	 hit@1:0.011586	 hit@5:0.0471	 hit@10: 0.0782
target: 	 mrr: 0.049209	 ndcg_5: 0.0407	 ndcg_10: 0.0542	 hit@1:0.015331	 hit@5:0.0655	 hit@10: 0.1080
epoch 33: train_loss = 1.039794, source_hit@10 = 0.0782, source_ndcg@10 = 0.0388, target_hit@10 = 0.1080, target_ndcg@10 = 0.0542

2024-07-31 19:53:52.978130: step 10336/24320 (epoch 34/80), loss = 1.035070 (38.572 sec/epoch), lr: 0.002275
Evaluating on dev set...
...........................
source: 	 mrr: 0.039163	 ndcg_5: 0.0279	 ndcg_10: 0.0373	 hit@1:0.013758	 hit@5:0.0413	 hit@10: 0.0710
target: 	 mrr: 0.060955	 ndcg_5: 0.0526	 ndcg_10: 0.0711	 hit@1:0.023693	 hit@5:0.0815	 hit@10: 0.1401
target best!
..............target: 	 mrr: 0.061370	 ndcg_5: 0.0513	 ndcg_10: 0.0708	 hit@1:0.022634	 hit@5:0.0796	 hit@10: 0.1406
epoch 34: train_loss = 1.035070, source_hit@10 = 0.0710, source_ndcg@10 = 0.0373, target_hit@10 = 0.1406, target_ndcg@10 = 0.0708

2024-07-31 19:54:32.254298: step 10640/24320 (epoch 35/80), loss = 1.033166 (38.790 sec/epoch), lr: 0.002275
Evaluating on dev set...
...........................
source: 	 mrr: 0.032683	 ndcg_5: 0.0207	 ndcg_10: 0.0345	 hit@1:0.003621	 hit@5:0.0384	 hit@10: 0.0818
target: 	 mrr: 0.057706	 ndcg_5: 0.0517	 ndcg_10: 0.0658	 hit@1:0.018815	 hit@5:0.0822	 hit@10: 0.1261
epoch 35: train_loss = 1.033166, source_hit@10 = 0.0818, source_ndcg@10 = 0.0345, target_hit@10 = 0.1261, target_ndcg@10 = 0.0658

2024-07-31 19:55:11.635078: step 10944/24320 (epoch 36/80), loss = 1.031841 (39.045 sec/epoch), lr: 0.002161
Evaluating on dev set...
...........................
source: 	 mrr: 0.038768	 ndcg_5: 0.0275	 ndcg_10: 0.0380	 hit@1:0.008689	 hit@5:0.0456	 hit@10: 0.0782
target: 	 mrr: 0.058592	 ndcg_5: 0.0480	 ndcg_10: 0.0648	 hit@1:0.025784	 hit@5:0.0697	 hit@10: 0.1220
epoch 36: train_loss = 1.031841, source_hit@10 = 0.0782, source_ndcg@10 = 0.0380, target_hit@10 = 0.1220, target_ndcg@10 = 0.0648

2024-07-31 19:55:51.251128: step 11248/24320 (epoch 37/80), loss = 1.030463 (39.276 sec/epoch), lr: 0.002161
Evaluating on dev set...
...........................
source: 	 mrr: 0.037731	 ndcg_5: 0.0258	 ndcg_10: 0.0359	 hit@1:0.010862	 hit@5:0.0413	 hit@10: 0.0724
target: 	 mrr: 0.059047	 ndcg_5: 0.0541	 ndcg_10: 0.0660	 hit@1:0.024390	 hit@5:0.0850	 hit@10: 0.1220
epoch 37: train_loss = 1.030463, source_hit@10 = 0.0724, source_ndcg@10 = 0.0359, target_hit@10 = 0.1220, target_ndcg@10 = 0.0660

2024-07-31 19:56:30.314252: step 11552/24320 (epoch 38/80), loss = 1.026969 (38.722 sec/epoch), lr: 0.002053
Evaluating on dev set...
...........................
source: 	 mrr: 0.037420	 ndcg_5: 0.0270	 ndcg_10: 0.0374	 hit@1:0.011586	 hit@5:0.0442	 hit@10: 0.0768
target: 	 mrr: 0.054924	 ndcg_5: 0.0478	 ndcg_10: 0.0596	 hit@1:0.023693	 hit@5:0.0746	 hit@10: 0.1115
epoch 38: train_loss = 1.026969, source_hit@10 = 0.0768, source_ndcg@10 = 0.0374, target_hit@10 = 0.1115, target_ndcg@10 = 0.0596

2024-07-31 19:57:09.574109: step 11856/24320 (epoch 39/80), loss = 1.024088 (38.919 sec/epoch), lr: 0.001951
Evaluating on dev set...
...........................
source: 	 mrr: 0.038902	 ndcg_5: 0.0278	 ndcg_10: 0.0381	 hit@1:0.009413	 hit@5:0.0471	 hit@10: 0.0789
target: 	 mrr: 0.049110	 ndcg_5: 0.0397	 ndcg_10: 0.0559	 hit@1:0.016028	 hit@5:0.0648	 hit@10: 0.1150
epoch 39: train_loss = 1.024088, source_hit@10 = 0.0789, source_ndcg@10 = 0.0381, target_hit@10 = 0.1150, target_ndcg@10 = 0.0559

2024-07-31 19:57:49.113443: step 12160/24320 (epoch 40/80), loss = 1.022915 (39.201 sec/epoch), lr: 0.001853
Evaluating on dev set...
...........................
source: 	 mrr: 0.033613	 ndcg_5: 0.0225	 ndcg_10: 0.0339	 hit@1:0.006517	 hit@5:0.0391	 hit@10: 0.0746
target: 	 mrr: 0.051942	 ndcg_5: 0.0428	 ndcg_10: 0.0573	 hit@1:0.016725	 hit@5:0.0676	 hit@10: 0.1129
epoch 40: train_loss = 1.022915, source_hit@10 = 0.0746, source_ndcg@10 = 0.0339, target_hit@10 = 0.1129, target_ndcg@10 = 0.0573

2024-07-31 19:58:28.237583: step 12464/24320 (epoch 41/80), loss = 1.019131 (38.782 sec/epoch), lr: 0.001761
Evaluating on dev set...
...........................
source: 	 mrr: 0.037567	 ndcg_5: 0.0275	 ndcg_10: 0.0373	 hit@1:0.006517	 hit@5:0.0485	 hit@10: 0.0789
target: 	 mrr: 0.054528	 ndcg_5: 0.0459	 ndcg_10: 0.0576	 hit@1:0.022300	 hit@5:0.0690	 hit@10: 0.1045
epoch 41: train_loss = 1.019131, source_hit@10 = 0.0789, source_ndcg@10 = 0.0373, target_hit@10 = 0.1045, target_ndcg@10 = 0.0576

2024-07-31 19:59:06.922432: step 12768/24320 (epoch 42/80), loss = 1.018963 (38.347 sec/epoch), lr: 0.001761
Evaluating on dev set...
...........................
source: 	 mrr: 0.045080	 ndcg_5: 0.0339	 ndcg_10: 0.0438	 hit@1:0.016655	 hit@5:0.0500	 hit@10: 0.0811
target: 	 mrr: 0.062625	 ndcg_5: 0.0544	 ndcg_10: 0.0686	 hit@1:0.027178	 hit@5:0.0815	 hit@10: 0.1254
source best!
.............
source: 	 mrr: 0.038173	 ndcg_5: 0.0266	 ndcg_10: 0.0369	 hit@1:0.010736	 hit@5:0.0414	 hit@10: 0.0736
target best!
..............target: 	 mrr: 0.054383	 ndcg_5: 0.0456	 ndcg_10: 0.0603	 hit@1:0.017147	 hit@5:0.0748	 hit@10: 0.1207
epoch 42: train_loss = 1.018963, source_hit@10 = 0.0736, source_ndcg@10 = 0.0369, target_hit@10 = 0.1207, target_ndcg@10 = 0.0603
new best model saved.

2024-07-31 19:59:46.009969: step 13072/24320 (epoch 43/80), loss = 1.016919 (38.333 sec/epoch), lr: 0.001761
Evaluating on dev set...
...........................
source: 	 mrr: 0.038155	 ndcg_5: 0.0262	 ndcg_10: 0.0391	 hit@1:0.011586	 hit@5:0.0420	 hit@10: 0.0825
target: 	 mrr: 0.059110	 ndcg_5: 0.0534	 ndcg_10: 0.0640	 hit@1:0.025784	 hit@5:0.0815	 hit@10: 0.1143
epoch 43: train_loss = 1.016919, source_hit@10 = 0.0825, source_ndcg@10 = 0.0391, target_hit@10 = 0.1143, target_ndcg@10 = 0.0640

2024-07-31 20:00:25.824833: step 13376/24320 (epoch 44/80), loss = 1.013556 (39.467 sec/epoch), lr: 0.001672
Evaluating on dev set...
...........................
source: 	 mrr: 0.035876	 ndcg_5: 0.0255	 ndcg_10: 0.0366	 hit@1:0.009413	 hit@5:0.0427	 hit@10: 0.0775
target: 	 mrr: 0.051948	 ndcg_5: 0.0445	 ndcg_10: 0.0562	 hit@1:0.020209	 hit@5:0.0683	 hit@10: 0.1052
epoch 44: train_loss = 1.013556, source_hit@10 = 0.0775, source_ndcg@10 = 0.0366, target_hit@10 = 0.1052, target_ndcg@10 = 0.0562

2024-07-31 20:01:04.835449: step 13680/24320 (epoch 45/80), loss = 1.011511 (38.677 sec/epoch), lr: 0.001589
Evaluating on dev set...
...........................
source: 	 mrr: 0.039781	 ndcg_5: 0.0286	 ndcg_10: 0.0416	 hit@1:0.012310	 hit@5:0.0442	 hit@10: 0.0847
target: 	 mrr: 0.060406	 ndcg_5: 0.0519	 ndcg_10: 0.0663	 hit@1:0.025087	 hit@5:0.0780	 hit@10: 0.1233
epoch 45: train_loss = 1.011511, source_hit@10 = 0.0847, source_ndcg@10 = 0.0416, target_hit@10 = 0.1233, target_ndcg@10 = 0.0663

2024-07-31 20:01:44.075294: step 13984/24320 (epoch 46/80), loss = 1.010756 (38.895 sec/epoch), lr: 0.001589
Evaluating on dev set...
...........................
source: 	 mrr: 0.041664	 ndcg_5: 0.0304	 ndcg_10: 0.0414	 hit@1:0.012310	 hit@5:0.0485	 hit@10: 0.0833
target: 	 mrr: 0.051557	 ndcg_5: 0.0425	 ndcg_10: 0.0555	 hit@1:0.020906	 hit@5:0.0662	 hit@10: 0.1066
epoch 46: train_loss = 1.010756, source_hit@10 = 0.0833, source_ndcg@10 = 0.0414, target_hit@10 = 0.1066, target_ndcg@10 = 0.0555

2024-07-31 20:02:22.782956: step 14288/24320 (epoch 47/80), loss = 1.008757 (38.374 sec/epoch), lr: 0.001509
Evaluating on dev set...
...........................
source: 	 mrr: 0.040262	 ndcg_5: 0.0291	 ndcg_10: 0.0401	 hit@1:0.010138	 hit@5:0.0485	 hit@10: 0.0825
target: 	 mrr: 0.055835	 ndcg_5: 0.0473	 ndcg_10: 0.0599	 hit@1:0.021603	 hit@5:0.0732	 hit@10: 0.1129
epoch 47: train_loss = 1.008757, source_hit@10 = 0.0825, source_ndcg@10 = 0.0401, target_hit@10 = 0.1129, target_ndcg@10 = 0.0599

2024-07-31 20:03:02.102141: step 14592/24320 (epoch 48/80), loss = 1.008213 (38.973 sec/epoch), lr: 0.001509
Evaluating on dev set...
...........................
source: 	 mrr: 0.037336	 ndcg_5: 0.0252	 ndcg_10: 0.0372	 hit@1:0.010138	 hit@5:0.0406	 hit@10: 0.0782
target: 	 mrr: 0.057718	 ndcg_5: 0.0515	 ndcg_10: 0.0642	 hit@1:0.022300	 hit@5:0.0794	 hit@10: 0.1192
epoch 48: train_loss = 1.008213, source_hit@10 = 0.0782, source_ndcg@10 = 0.0372, target_hit@10 = 0.1192, target_ndcg@10 = 0.0642

2024-07-31 20:03:41.180268: step 14896/24320 (epoch 49/80), loss = 1.002925 (38.742 sec/epoch), lr: 0.001434
Evaluating on dev set...
...........................
source: 	 mrr: 0.039813	 ndcg_5: 0.0265	 ndcg_10: 0.0388	 hit@1:0.013034	 hit@5:0.0406	 hit@10: 0.0789
target: 	 mrr: 0.056077	 ndcg_5: 0.0484	 ndcg_10: 0.0616	 hit@1:0.022300	 hit@5:0.0753	 hit@10: 0.1171
epoch 49: train_loss = 1.002925, source_hit@10 = 0.0789, source_ndcg@10 = 0.0388, target_hit@10 = 0.1171, target_ndcg@10 = 0.0616

2024-07-31 20:04:20.771303: step 15200/24320 (epoch 50/80), loss = 1.003314 (39.250 sec/epoch), lr: 0.001434
Evaluating on dev set...
...........................
source: 	 mrr: 0.039455	 ndcg_5: 0.0286	 ndcg_10: 0.0391	 hit@1:0.012310	 hit@5:0.0471	 hit@10: 0.0804
target: 	 mrr: 0.057534	 ndcg_5: 0.0493	 ndcg_10: 0.0632	 hit@1:0.024390	 hit@5:0.0732	 hit@10: 0.1164
epoch 50: train_loss = 1.003314, source_hit@10 = 0.0804, source_ndcg@10 = 0.0391, target_hit@10 = 0.1164, target_ndcg@10 = 0.0632
shift to transfer learning mode

2024-07-31 20:05:01.193085: step 15504/24320 (epoch 51/80), loss = 1.002431 (40.078 sec/epoch), lr: 0.001434
Evaluating on dev set...
...........................
source: 	 mrr: 0.039627	 ndcg_5: 0.0273	 ndcg_10: 0.0402	 hit@1:0.010862	 hit@5:0.0442	 hit@10: 0.0847
target: 	 mrr: 0.055557	 ndcg_5: 0.0458	 ndcg_10: 0.0599	 hit@1:0.018815	 hit@5:0.0711	 hit@10: 0.1150
epoch 51: train_loss = 1.002431, source_hit@10 = 0.0847, source_ndcg@10 = 0.0402, target_hit@10 = 0.1150, target_ndcg@10 = 0.0599

2024-07-31 20:05:41.521595: step 15808/24320 (epoch 52/80), loss = 1.001551 (39.959 sec/epoch), lr: 0.001362
Evaluating on dev set...
...........................
source: 	 mrr: 0.043777	 ndcg_5: 0.0331	 ndcg_10: 0.0443	 hit@1:0.013758	 hit@5:0.0536	 hit@10: 0.0883
target: 	 mrr: 0.055137	 ndcg_5: 0.0461	 ndcg_10: 0.0594	 hit@1:0.019512	 hit@5:0.0739	 hit@10: 0.1157
epoch 52: train_loss = 1.001551, source_hit@10 = 0.0883, source_ndcg@10 = 0.0443, target_hit@10 = 0.1157, target_ndcg@10 = 0.0594

2024-07-31 20:06:22.049379: step 16112/24320 (epoch 53/80), loss = 1.000181 (40.175 sec/epoch), lr: 0.001362
Evaluating on dev set...
...........................
source: 	 mrr: 0.041447	 ndcg_5: 0.0304	 ndcg_10: 0.0411	 hit@1:0.013034	 hit@5:0.0500	 hit@10: 0.0833
target: 	 mrr: 0.045894	 ndcg_5: 0.0363	 ndcg_10: 0.0482	 hit@1:0.015331	 hit@5:0.0571	 hit@10: 0.0934
epoch 53: train_loss = 1.000181, source_hit@10 = 0.0833, source_ndcg@10 = 0.0411, target_hit@10 = 0.0934, target_ndcg@10 = 0.0482

2024-07-31 20:07:02.557924: step 16416/24320 (epoch 54/80), loss = 0.996172 (40.157 sec/epoch), lr: 0.001294
Evaluating on dev set...
...........................
source: 	 mrr: 0.037592	 ndcg_5: 0.0262	 ndcg_10: 0.0374	 hit@1:0.010862	 hit@5:0.0427	 hit@10: 0.0782
target: 	 mrr: 0.055897	 ndcg_5: 0.0466	 ndcg_10: 0.0605	 hit@1:0.020906	 hit@5:0.0711	 hit@10: 0.1143
epoch 54: train_loss = 0.996172, source_hit@10 = 0.0782, source_ndcg@10 = 0.0374, target_hit@10 = 0.1143, target_ndcg@10 = 0.0605

2024-07-31 20:07:43.642160: step 16720/24320 (epoch 55/80), loss = 0.996726 (40.748 sec/epoch), lr: 0.001294
Evaluating on dev set...
...........................
source: 	 mrr: 0.040182	 ndcg_5: 0.0275	 ndcg_10: 0.0394	 hit@1:0.010862	 hit@5:0.0442	 hit@10: 0.0818
target: 	 mrr: 0.058332	 ndcg_5: 0.0489	 ndcg_10: 0.0636	 hit@1:0.022997	 hit@5:0.0753	 hit@10: 0.1206
epoch 55: train_loss = 0.996726, source_hit@10 = 0.0818, source_ndcg@10 = 0.0394, target_hit@10 = 0.1206, target_ndcg@10 = 0.0636

2024-07-31 20:08:24.548000: step 17024/24320 (epoch 56/80), loss = 0.995712 (40.568 sec/epoch), lr: 0.001294
Evaluating on dev set...
...........................
source: 	 mrr: 0.037520	 ndcg_5: 0.0250	 ndcg_10: 0.0360	 hit@1:0.010138	 hit@5:0.0398	 hit@10: 0.0746
target: 	 mrr: 0.053602	 ndcg_5: 0.0452	 ndcg_10: 0.0590	 hit@1:0.019512	 hit@5:0.0704	 hit@10: 0.1129
epoch 56: train_loss = 0.995712, source_hit@10 = 0.0746, source_ndcg@10 = 0.0360, target_hit@10 = 0.1129, target_ndcg@10 = 0.0590

2024-07-31 20:09:04.987829: step 17328/24320 (epoch 57/80), loss = 0.991732 (40.063 sec/epoch), lr: 0.001229
Evaluating on dev set...
...........................
source: 	 mrr: 0.044242	 ndcg_5: 0.0323	 ndcg_10: 0.0471	 hit@1:0.012310	 hit@5:0.0529	 hit@10: 0.0992
target: 	 mrr: 0.055743	 ndcg_5: 0.0483	 ndcg_10: 0.0613	 hit@1:0.022300	 hit@5:0.0746	 hit@10: 0.1157
epoch 57: train_loss = 0.991732, source_hit@10 = 0.0992, source_ndcg@10 = 0.0471, target_hit@10 = 0.1157, target_ndcg@10 = 0.0613

2024-07-31 20:09:45.036038: step 17632/24320 (epoch 58/80), loss = 0.992223 (39.714 sec/epoch), lr: 0.001229
Evaluating on dev set...
...........................
source: 	 mrr: 0.042971	 ndcg_5: 0.0305	 ndcg_10: 0.0413	 hit@1:0.015206	 hit@5:0.0471	 hit@10: 0.0811
target: 	 mrr: 0.045416	 ndcg_5: 0.0376	 ndcg_10: 0.0510	 hit@1:0.012544	 hit@5:0.0620	 hit@10: 0.1045
epoch 58: train_loss = 0.992223, source_hit@10 = 0.0811, source_ndcg@10 = 0.0413, target_hit@10 = 0.1045, target_ndcg@10 = 0.0510

2024-07-31 20:10:25.721204: step 17936/24320 (epoch 59/80), loss = 0.988651 (40.342 sec/epoch), lr: 0.001168
Evaluating on dev set...
...........................
source: 	 mrr: 0.043581	 ndcg_5: 0.0333	 ndcg_10: 0.0447	 hit@1:0.011586	 hit@5:0.0543	 hit@10: 0.0905
target: 	 mrr: 0.058195	 ndcg_5: 0.0498	 ndcg_10: 0.0653	 hit@1:0.022997	 hit@5:0.0746	 hit@10: 0.1233
epoch 59: train_loss = 0.988651, source_hit@10 = 0.0905, source_ndcg@10 = 0.0447, target_hit@10 = 0.1233, target_ndcg@10 = 0.0653

2024-07-31 20:11:06.228277: step 18240/24320 (epoch 60/80), loss = 0.988481 (40.170 sec/epoch), lr: 0.001168
Evaluating on dev set...
...........................
source: 	 mrr: 0.038351	 ndcg_5: 0.0272	 ndcg_10: 0.0386	 hit@1:0.012310	 hit@5:0.0442	 hit@10: 0.0804
target: 	 mrr: 0.051134	 ndcg_5: 0.0422	 ndcg_10: 0.0543	 hit@1:0.020906	 hit@5:0.0634	 hit@10: 0.1010
epoch 60: train_loss = 0.988481, source_hit@10 = 0.0804, source_ndcg@10 = 0.0386, target_hit@10 = 0.1010, target_ndcg@10 = 0.0543

2024-07-31 20:11:46.702527: step 18544/24320 (epoch 61/80), loss = 0.984239 (40.115 sec/epoch), lr: 0.001110
Evaluating on dev set...
...........................
source: 	 mrr: 0.038675	 ndcg_5: 0.0268	 ndcg_10: 0.0397	 hit@1:0.010138	 hit@5:0.0449	 hit@10: 0.0847
target: 	 mrr: 0.046652	 ndcg_5: 0.0366	 ndcg_10: 0.0489	 hit@1:0.016028	 hit@5:0.0564	 hit@10: 0.0941
epoch 61: train_loss = 0.984239, source_hit@10 = 0.0847, source_ndcg@10 = 0.0397, target_hit@10 = 0.0941, target_ndcg@10 = 0.0489

2024-07-31 20:12:27.205274: step 18848/24320 (epoch 62/80), loss = 0.982122 (40.166 sec/epoch), lr: 0.001054
Evaluating on dev set...
...........................
source: 	 mrr: 0.048090	 ndcg_5: 0.0365	 ndcg_10: 0.0489	 hit@1:0.017379	 hit@5:0.0550	 hit@10: 0.0941
target: 	 mrr: 0.052677	 ndcg_5: 0.0432	 ndcg_10: 0.0562	 hit@1:0.020209	 hit@5:0.0655	 hit@10: 0.1059
source best!
.............
source: 	 mrr: 0.045235	 ndcg_5: 0.0349	 ndcg_10: 0.0461	 hit@1:0.013037	 hit@5:0.0560	 hit@10: 0.0905
epoch 62: train_loss = 0.982122, source_hit@10 = 0.0905, source_ndcg@10 = 0.0461, target_hit@10 = 0.1059, target_ndcg@10 = 0.0562

2024-07-31 20:13:07.200382: step 19152/24320 (epoch 63/80), loss = 0.980947 (39.528 sec/epoch), lr: 0.001054
Evaluating on dev set...
...........................
source: 	 mrr: 0.036102	 ndcg_5: 0.0208	 ndcg_10: 0.0358	 hit@1:0.010862	 hit@5:0.0319	 hit@10: 0.0782
target: 	 mrr: 0.046266	 ndcg_5: 0.0379	 ndcg_10: 0.0471	 hit@1:0.017422	 hit@5:0.0585	 hit@10: 0.0871
epoch 63: train_loss = 0.980947, source_hit@10 = 0.0782, source_ndcg@10 = 0.0358, target_hit@10 = 0.0871, target_ndcg@10 = 0.0471

2024-07-31 20:13:46.806297: step 19456/24320 (epoch 64/80), loss = 0.978597 (39.270 sec/epoch), lr: 0.001001
Evaluating on dev set...
...........................
source: 	 mrr: 0.042736	 ndcg_5: 0.0305	 ndcg_10: 0.0428	 hit@1:0.013758	 hit@5:0.0478	 hit@10: 0.0862
target: 	 mrr: 0.050279	 ndcg_5: 0.0412	 ndcg_10: 0.0547	 hit@1:0.018815	 hit@5:0.0641	 hit@10: 0.1059
epoch 64: train_loss = 0.978597, source_hit@10 = 0.0862, source_ndcg@10 = 0.0428, target_hit@10 = 0.1059, target_ndcg@10 = 0.0547

2024-07-31 20:14:26.928891: step 19760/24320 (epoch 65/80), loss = 0.976156 (39.786 sec/epoch), lr: 0.001001
Evaluating on dev set...
...........................
source: 	 mrr: 0.044219	 ndcg_5: 0.0327	 ndcg_10: 0.0449	 hit@1:0.013034	 hit@5:0.0521	 hit@10: 0.0905
target: 	 mrr: 0.053442	 ndcg_5: 0.0445	 ndcg_10: 0.0560	 hit@1:0.018815	 hit@5:0.0676	 hit@10: 0.1031
epoch 65: train_loss = 0.976156, source_hit@10 = 0.0905, source_ndcg@10 = 0.0449, target_hit@10 = 0.1031, target_ndcg@10 = 0.0560

2024-07-31 20:15:06.147140: step 20064/24320 (epoch 66/80), loss = 0.972937 (38.885 sec/epoch), lr: 0.001001
Evaluating on dev set...
...........................
source: 	 mrr: 0.043889	 ndcg_5: 0.0314	 ndcg_10: 0.0434	 hit@1:0.014482	 hit@5:0.0485	 hit@10: 0.0862
target: 	 mrr: 0.056672	 ndcg_5: 0.0474	 ndcg_10: 0.0602	 hit@1:0.022300	 hit@5:0.0711	 hit@10: 0.1115
epoch 66: train_loss = 0.972937, source_hit@10 = 0.0862, source_ndcg@10 = 0.0434, target_hit@10 = 0.1115, target_ndcg@10 = 0.0602

2024-07-31 20:15:46.046535: step 20368/24320 (epoch 67/80), loss = 0.973892 (39.563 sec/epoch), lr: 0.001001
Evaluating on dev set...
...........................
source: 	 mrr: 0.043218	 ndcg_5: 0.0316	 ndcg_10: 0.0434	 hit@1:0.012310	 hit@5:0.0500	 hit@10: 0.0862
target: 	 mrr: 0.051822	 ndcg_5: 0.0441	 ndcg_10: 0.0558	 hit@1:0.018815	 hit@5:0.0690	 hit@10: 0.1059
epoch 67: train_loss = 0.973892, source_hit@10 = 0.0862, source_ndcg@10 = 0.0434, target_hit@10 = 0.1059, target_ndcg@10 = 0.0558

2024-07-31 20:16:26.745924: step 20672/24320 (epoch 68/80), loss = 0.971166 (40.363 sec/epoch), lr: 0.000951
Evaluating on dev set...
...........................
source: 	 mrr: 0.047942	 ndcg_5: 0.0366	 ndcg_10: 0.0500	 hit@1:0.015930	 hit@5:0.0572	 hit@10: 0.0985
target: 	 mrr: 0.047563	 ndcg_5: 0.0405	 ndcg_10: 0.0510	 hit@1:0.017422	 hit@5:0.0641	 hit@10: 0.0969
epoch 68: train_loss = 0.971166, source_hit@10 = 0.0985, source_ndcg@10 = 0.0500, target_hit@10 = 0.0969, target_ndcg@10 = 0.0510

2024-07-31 20:17:07.333646: step 20976/24320 (epoch 69/80), loss = 0.970907 (40.244 sec/epoch), lr: 0.000951
Evaluating on dev set...
...........................
source: 	 mrr: 0.032676	 ndcg_5: 0.0191	 ndcg_10: 0.0328	 hit@1:0.004345	 hit@5:0.0340	 hit@10: 0.0775
target: 	 mrr: 0.050760	 ndcg_5: 0.0421	 ndcg_10: 0.0525	 hit@1:0.019512	 hit@5:0.0641	 hit@10: 0.0969
epoch 69: train_loss = 0.970907, source_hit@10 = 0.0775, source_ndcg@10 = 0.0328, target_hit@10 = 0.0969, target_ndcg@10 = 0.0525

2024-07-31 20:17:48.155155: step 21280/24320 (epoch 70/80), loss = 0.967606 (40.461 sec/epoch), lr: 0.000904
Evaluating on dev set...
...........................
source: 	 mrr: 0.047648	 ndcg_5: 0.0370	 ndcg_10: 0.0478	 hit@1:0.018827	 hit@5:0.0565	 hit@10: 0.0898
target: 	 mrr: 0.056318	 ndcg_5: 0.0460	 ndcg_10: 0.0590	 hit@1:0.022997	 hit@5:0.0662	 hit@10: 0.1073
epoch 70: train_loss = 0.967606, source_hit@10 = 0.0898, source_ndcg@10 = 0.0478, target_hit@10 = 0.1073, target_ndcg@10 = 0.0590

2024-07-31 20:18:28.358622: step 21584/24320 (epoch 71/80), loss = 0.966901 (39.843 sec/epoch), lr: 0.000904
Evaluating on dev set...
...........................
source: 	 mrr: 0.042881	 ndcg_5: 0.0337	 ndcg_10: 0.0442	 hit@1:0.011586	 hit@5:0.0572	 hit@10: 0.0905
target: 	 mrr: 0.057923	 ndcg_5: 0.0497	 ndcg_10: 0.0639	 hit@1:0.024390	 hit@5:0.0739	 hit@10: 0.1185
epoch 71: train_loss = 0.966901, source_hit@10 = 0.0905, source_ndcg@10 = 0.0442, target_hit@10 = 0.1185, target_ndcg@10 = 0.0639

2024-07-31 20:19:08.649575: step 21888/24320 (epoch 72/80), loss = 0.964273 (39.934 sec/epoch), lr: 0.000859
Evaluating on dev set...
...........................
source: 	 mrr: 0.044916	 ndcg_5: 0.0320	 ndcg_10: 0.0428	 hit@1:0.017379	 hit@5:0.0463	 hit@10: 0.0797
target: 	 mrr: 0.056891	 ndcg_5: 0.0482	 ndcg_10: 0.0617	 hit@1:0.022997	 hit@5:0.0746	 hit@10: 0.1164
epoch 72: train_loss = 0.964273, source_hit@10 = 0.0797, source_ndcg@10 = 0.0428, target_hit@10 = 0.1164, target_ndcg@10 = 0.0617

2024-07-31 20:19:48.045355: step 22192/24320 (epoch 73/80), loss = 0.962886 (39.059 sec/epoch), lr: 0.000859
Evaluating on dev set...
...........................
source: 	 mrr: 0.041259	 ndcg_5: 0.0316	 ndcg_10: 0.0414	 hit@1:0.013034	 hit@5:0.0514	 hit@10: 0.0825
target: 	 mrr: 0.053548	 ndcg_5: 0.0465	 ndcg_10: 0.0567	 hit@1:0.021603	 hit@5:0.0718	 hit@10: 0.1031
epoch 73: train_loss = 0.962886, source_hit@10 = 0.0825, source_ndcg@10 = 0.0414, target_hit@10 = 0.1031, target_ndcg@10 = 0.0567

2024-07-31 20:20:28.969655: step 22496/24320 (epoch 74/80), loss = 0.960496 (40.587 sec/epoch), lr: 0.000816
Evaluating on dev set...
...........................
source: 	 mrr: 0.039019	 ndcg_5: 0.0289	 ndcg_10: 0.0398	 hit@1:0.009413	 hit@5:0.0485	 hit@10: 0.0825
target: 	 mrr: 0.051669	 ndcg_5: 0.0419	 ndcg_10: 0.0544	 hit@1:0.022300	 hit@5:0.0613	 hit@10: 0.1003
epoch 74: train_loss = 0.960496, source_hit@10 = 0.0825, source_ndcg@10 = 0.0398, target_hit@10 = 0.1003, target_ndcg@10 = 0.0544

2024-07-31 20:21:09.444609: step 22800/24320 (epoch 75/80), loss = 0.955702 (40.096 sec/epoch), lr: 0.000775
Evaluating on dev set...
...........................
source: 	 mrr: 0.046462	 ndcg_5: 0.0351	 ndcg_10: 0.0473	 hit@1:0.014482	 hit@5:0.0558	 hit@10: 0.0934
target: 	 mrr: 0.052044	 ndcg_5: 0.0419	 ndcg_10: 0.0551	 hit@1:0.019512	 hit@5:0.0634	 hit@10: 0.1045
epoch 75: train_loss = 0.955702, source_hit@10 = 0.0934, source_ndcg@10 = 0.0473, target_hit@10 = 0.1045, target_ndcg@10 = 0.0551

2024-07-31 20:21:49.631905: step 23104/24320 (epoch 76/80), loss = 0.955012 (39.844 sec/epoch), lr: 0.000775
Evaluating on dev set...
...........................
source: 	 mrr: 0.040307	 ndcg_5: 0.0289	 ndcg_10: 0.0400	 hit@1:0.015206	 hit@5:0.0420	 hit@10: 0.0775
target: 	 mrr: 0.053904	 ndcg_5: 0.0459	 ndcg_10: 0.0590	 hit@1:0.019512	 hit@5:0.0725	 hit@10: 0.1136
epoch 76: train_loss = 0.955012, source_hit@10 = 0.0775, source_ndcg@10 = 0.0400, target_hit@10 = 0.1136, target_ndcg@10 = 0.0590

2024-07-31 20:22:27.828232: step 23408/24320 (epoch 77/80), loss = 0.954702 (37.856 sec/epoch), lr: 0.000736
Evaluating on dev set...
...........................
source: 	 mrr: 0.042489	 ndcg_5: 0.0319	 ndcg_10: 0.0419	 hit@1:0.013758	 hit@5:0.0492	 hit@10: 0.0797
target: 	 mrr: 0.049345	 ndcg_5: 0.0404	 ndcg_10: 0.0532	 hit@1:0.017422	 hit@5:0.0627	 hit@10: 0.1024
epoch 77: train_loss = 0.954702, source_hit@10 = 0.0797, source_ndcg@10 = 0.0419, target_hit@10 = 0.1024, target_ndcg@10 = 0.0532

2024-07-31 20:23:06.007825: step 23712/24320 (epoch 78/80), loss = 0.949212 (37.849 sec/epoch), lr: 0.000699
Evaluating on dev set...
...........................
source: 	 mrr: 0.046802	 ndcg_5: 0.0336	 ndcg_10: 0.0470	 hit@1:0.018827	 hit@5:0.0471	 hit@10: 0.0898
target: 	 mrr: 0.050266	 ndcg_5: 0.0428	 ndcg_10: 0.0518	 hit@1:0.018815	 hit@5:0.0662	 hit@10: 0.0948
epoch 78: train_loss = 0.949212, source_hit@10 = 0.0898, source_ndcg@10 = 0.0470, target_hit@10 = 0.0948, target_ndcg@10 = 0.0518

2024-07-31 20:23:43.318252: step 24016/24320 (epoch 79/80), loss = 0.949485 (36.979 sec/epoch), lr: 0.000699
Evaluating on dev set...
...........................
source: 	 mrr: 0.037386	 ndcg_5: 0.0264	 ndcg_10: 0.0387	 hit@1:0.008689	 hit@5:0.0434	 hit@10: 0.0818
target: 	 mrr: 0.054218	 ndcg_5: 0.0446	 ndcg_10: 0.0586	 hit@1:0.022300	 hit@5:0.0669	 hit@10: 0.1101
epoch 79: train_loss = 0.949485, source_hit@10 = 0.0818, source_ndcg@10 = 0.0387, target_hit@10 = 0.1101, target_ndcg@10 = 0.0586

2024-07-31 20:24:21.938835: step 24320/24320 (epoch 80/80), loss = 0.944650 (38.291 sec/epoch), lr: 0.000664
Evaluating on dev set...
...........................
source: 	 mrr: 0.037746	 ndcg_5: 0.0254	 ndcg_10: 0.0372	 hit@1:0.013034	 hit@5:0.0398	 hit@10: 0.0768
target: 	 mrr: 0.058437	 ndcg_5: 0.0486	 ndcg_10: 0.0635	 hit@1:0.025087	 hit@5:0.0718	 hit@10: 0.1178
epoch 80: train_loss = 0.944650, source_hit@10 = 0.0768, source_ndcg@10 = 0.0372, target_hit@10 = 0.1178, target_ndcg@10 = 0.0635

