nohup: ignoring input
using gpu:0 to train the model
using gpu:0 to train the model
cuda:0
Namespace(A_split=False, JK='sum', a_fold=100, aggregate=False, alpha=0.5, batch_size=1024, beta_inter=0.4, conv_layers=4, cuda=True, decay_epoch=10, device=device(type='cuda', index=0), device_id='0', domains='game_video', dropout=0.5, epoch=80, feature_dim=126, hidden_dim=126, inter_tau=0.2, intra_tau=1, lambda_critic=0.4, leakey=0.01, load=False, log='logs.txt', log_epoch=1, lr=0.004, lr_decay=0.95, min_epoch=50, mode='train', model_file=None, model_name='gv', momentum=0.98, num_latent_factors=3, num_negative=50, optim='adam', patience=50, proj_layers=1, projection=1, residual=1, save=True, save_dir='./saved_models', seed=32, similarity_tau=0.1, test_sample_number=999, transfer_epoch=50, user_batch_size=256, weight_decay=0.0002)
number_user 25025
number_item 12319
/home/hourun/invariantCDR_v2/invariantCDR/utils/GraphMaker.py:46: RuntimeWarning: divide by zero encountered in power
  r_inv = np.power(rowsum, -1).flatten()
real graph loaded!
number_user 19457
number_item 8751
real graph loaded!
graph loaded!
Loading data from game_video with batch size 1024...
unseen test: 0
test length: 1381
unseen test: 0
test length: 1304
unseen test: 0
test length: 1435
unseen test: 0
test length: 1458
source_user_num 25025
target_user_num 19457
source_item_num 12319
target_item_num 8751
shared users id: 1737
test users 226, 217
unseen test: 0
dev length: 1000
unseen test: 0
dev length: 1000
source train data : 155036, target train data: 156091, source test data : 1304, target test data : 1458, source dev data : 1000, target dev data : 1000
2024-08-01 19:20:01.904464: step 304/24320 (epoch 1/80), loss = 1.389550 (34.589 sec/epoch), lr: 0.004000
Evaluating on dev set...
...........................
source: 	 mrr: 0.027883	 ndcg_5: 0.0171	 ndcg_10: 0.0243	 hit@1:0.008689	 hit@5:0.0261	 hit@10: 0.0485
target: 	 mrr: 0.031391	 ndcg_5: 0.0218	 ndcg_10: 0.0331	 hit@1:0.008362	 hit@5:0.0362	 hit@10: 0.0711
source best!
.............
source: 	 mrr: 0.030665	 ndcg_5: 0.0202	 ndcg_10: 0.0297	 hit@1:0.009202	 hit@5:0.0330	 hit@10: 0.0629
target best!
..............target: 	 mrr: 0.032057	 ndcg_5: 0.0227	 ndcg_10: 0.0314	 hit@1:0.008230	 hit@5:0.0364	 hit@10: 0.0631
epoch 1: train_loss = 1.389550, source_hit@10 = 0.0629, source_ndcg@10 = 0.0297, target_hit@10 = 0.0631, target_ndcg@10 = 0.0314

2024-08-01 19:20:36.663314: step 608/24320 (epoch 2/80), loss = 1.218910 (34.214 sec/epoch), lr: 0.004000
Evaluating on dev set...
...........................
source: 	 mrr: 0.031372	 ndcg_5: 0.0205	 ndcg_10: 0.0306	 hit@1:0.007241	 hit@5:0.0348	 hit@10: 0.0666
target: 	 mrr: 0.024955	 ndcg_5: 0.0153	 ndcg_10: 0.0226	 hit@1:0.006969	 hit@5:0.0237	 hit@10: 0.0467
source best!
.............
source: 	 mrr: 0.034015	 ndcg_5: 0.0232	 ndcg_10: 0.0352	 hit@1:0.006902	 hit@5:0.0399	 hit@10: 0.0775
epoch 2: train_loss = 1.218910, source_hit@10 = 0.0775, source_ndcg@10 = 0.0352, target_hit@10 = 0.0467, target_ndcg@10 = 0.0226

2024-08-01 19:21:13.122065: step 912/24320 (epoch 3/80), loss = 1.191439 (36.042 sec/epoch), lr: 0.004000
Evaluating on dev set...
...........................
source: 	 mrr: 0.032018	 ndcg_5: 0.0193	 ndcg_10: 0.0288	 hit@1:0.010138	 hit@5:0.0290	 hit@10: 0.0579
target: 	 mrr: 0.027214	 ndcg_5: 0.0174	 ndcg_10: 0.0252	 hit@1:0.009059	 hit@5:0.0258	 hit@10: 0.0502
source best!
.............
source: 	 mrr: 0.032922	 ndcg_5: 0.0228	 ndcg_10: 0.0303	 hit@1:0.008436	 hit@5:0.0368	 hit@10: 0.0598
epoch 3: train_loss = 1.191439, source_hit@10 = 0.0598, source_ndcg@10 = 0.0303, target_hit@10 = 0.0502, target_ndcg@10 = 0.0252

2024-08-01 19:21:50.303082: step 1216/24320 (epoch 4/80), loss = 1.183689 (36.775 sec/epoch), lr: 0.004000
Evaluating on dev set...
...........................
source: 	 mrr: 0.035737	 ndcg_5: 0.0269	 ndcg_10: 0.0357	 hit@1:0.009413	 hit@5:0.0463	 hit@10: 0.0731
target: 	 mrr: 0.028805	 ndcg_5: 0.0181	 ndcg_10: 0.0269	 hit@1:0.008362	 hit@5:0.0279	 hit@10: 0.0551
source best!
.............
source: 	 mrr: 0.031993	 ndcg_5: 0.0236	 ndcg_10: 0.0322	 hit@1:0.006135	 hit@5:0.0414	 hit@10: 0.0683
epoch 4: train_loss = 1.183689, source_hit@10 = 0.0683, source_ndcg@10 = 0.0322, target_hit@10 = 0.0551, target_ndcg@10 = 0.0269
new best model saved.

2024-08-01 19:22:27.526020: step 1520/24320 (epoch 5/80), loss = 1.177656 (36.698 sec/epoch), lr: 0.004000
Evaluating on dev set...
...........................
source: 	 mrr: 0.033662	 ndcg_5: 0.0226	 ndcg_10: 0.0362	 hit@1:0.007241	 hit@5:0.0406	 hit@10: 0.0825
target: 	 mrr: 0.030427	 ndcg_5: 0.0204	 ndcg_10: 0.0296	 hit@1:0.011150	 hit@5:0.0300	 hit@10: 0.0585
epoch 5: train_loss = 1.177656, source_hit@10 = 0.0825, source_ndcg@10 = 0.0362, target_hit@10 = 0.0585, target_ndcg@10 = 0.0296

2024-08-01 19:23:04.926307: step 1824/24320 (epoch 6/80), loss = 1.174611 (37.098 sec/epoch), lr: 0.004000
Evaluating on dev set...
...........................
source: 	 mrr: 0.025145	 ndcg_5: 0.0146	 ndcg_10: 0.0254	 hit@1:0.002896	 hit@5:0.0268	 hit@10: 0.0601
target: 	 mrr: 0.047436	 ndcg_5: 0.0401	 ndcg_10: 0.0486	 hit@1:0.018118	 hit@5:0.0620	 hit@10: 0.0885
target best!
..............target: 	 mrr: 0.046894	 ndcg_5: 0.0409	 ndcg_10: 0.0511	 hit@1:0.013032	 hit@5:0.0693	 hit@10: 0.1008
epoch 6: train_loss = 1.174611, source_hit@10 = 0.0601, source_ndcg@10 = 0.0254, target_hit@10 = 0.1008, target_ndcg@10 = 0.0511
new best model saved.

2024-08-01 19:23:41.892607: step 2128/24320 (epoch 7/80), loss = 1.172151 (36.440 sec/epoch), lr: 0.004000
Evaluating on dev set...
...........................
source: 	 mrr: 0.036425	 ndcg_5: 0.0259	 ndcg_10: 0.0370	 hit@1:0.009413	 hit@5:0.0434	 hit@10: 0.0789
target: 	 mrr: 0.041981	 ndcg_5: 0.0314	 ndcg_10: 0.0451	 hit@1:0.011847	 hit@5:0.0509	 hit@10: 0.0934
source best!
.............
source: 	 mrr: 0.039984	 ndcg_5: 0.0286	 ndcg_10: 0.0397	 hit@1:0.012270	 hit@5:0.0437	 hit@10: 0.0775
epoch 7: train_loss = 1.172151, source_hit@10 = 0.0775, source_ndcg@10 = 0.0397, target_hit@10 = 0.0934, target_ndcg@10 = 0.0451

2024-08-01 19:24:19.124691: step 2432/24320 (epoch 8/80), loss = 1.170247 (36.802 sec/epoch), lr: 0.004000
Evaluating on dev set...
...........................
source: 	 mrr: 0.033688	 ndcg_5: 0.0239	 ndcg_10: 0.0338	 hit@1:0.010138	 hit@5:0.0391	 hit@10: 0.0702
target: 	 mrr: 0.036452	 ndcg_5: 0.0273	 ndcg_10: 0.0384	 hit@1:0.009756	 hit@5:0.0460	 hit@10: 0.0801
epoch 8: train_loss = 1.170247, source_hit@10 = 0.0702, source_ndcg@10 = 0.0338, target_hit@10 = 0.0801, target_ndcg@10 = 0.0384

2024-08-01 19:24:56.139033: step 2736/24320 (epoch 9/80), loss = 1.158078 (36.723 sec/epoch), lr: 0.004000
Evaluating on dev set...
...........................
source: 	 mrr: 0.033139	 ndcg_5: 0.0229	 ndcg_10: 0.0315	 hit@1:0.010862	 hit@5:0.0355	 hit@10: 0.0623
target: 	 mrr: 0.046385	 ndcg_5: 0.0419	 ndcg_10: 0.0514	 hit@1:0.013240	 hit@5:0.0718	 hit@10: 0.1010
epoch 9: train_loss = 1.158078, source_hit@10 = 0.0623, source_ndcg@10 = 0.0315, target_hit@10 = 0.1010, target_ndcg@10 = 0.0514

2024-08-01 19:25:32.842496: step 3040/24320 (epoch 10/80), loss = 1.148397 (36.407 sec/epoch), lr: 0.004000
Evaluating on dev set...
...........................
source: 	 mrr: 0.036859	 ndcg_5: 0.0256	 ndcg_10: 0.0343	 hit@1:0.013758	 hit@5:0.0377	 hit@10: 0.0644
target: 	 mrr: 0.037362	 ndcg_5: 0.0283	 ndcg_10: 0.0372	 hit@1:0.012544	 hit@5:0.0439	 hit@10: 0.0718
source best!
.............
source: 	 mrr: 0.033332	 ndcg_5: 0.0200	 ndcg_10: 0.0295	 hit@1:0.009969	 hit@5:0.0314	 hit@10: 0.0606
epoch 10: train_loss = 1.148397, source_hit@10 = 0.0606, source_ndcg@10 = 0.0295, target_hit@10 = 0.0718, target_ndcg@10 = 0.0372

2024-08-01 19:26:10.124096: step 3344/24320 (epoch 11/80), loss = 1.145679 (36.877 sec/epoch), lr: 0.004000
Evaluating on dev set...
...........................
source: 	 mrr: 0.031731	 ndcg_5: 0.0220	 ndcg_10: 0.0311	 hit@1:0.006517	 hit@5:0.0391	 hit@10: 0.0673
target: 	 mrr: 0.040713	 ndcg_5: 0.0319	 ndcg_10: 0.0459	 hit@1:0.009756	 hit@5:0.0551	 hit@10: 0.0983
epoch 11: train_loss = 1.145679, source_hit@10 = 0.0673, source_ndcg@10 = 0.0311, target_hit@10 = 0.0983, target_ndcg@10 = 0.0459

2024-08-01 19:26:47.167730: step 3648/24320 (epoch 12/80), loss = 1.139458 (36.729 sec/epoch), lr: 0.003800
Evaluating on dev set...
...........................
source: 	 mrr: 0.033709	 ndcg_5: 0.0258	 ndcg_10: 0.0329	 hit@1:0.007241	 hit@5:0.0442	 hit@10: 0.0666
target: 	 mrr: 0.044010	 ndcg_5: 0.0367	 ndcg_10: 0.0483	 hit@1:0.012544	 hit@5:0.0627	 hit@10: 0.0983
epoch 12: train_loss = 1.139458, source_hit@10 = 0.0666, source_ndcg@10 = 0.0329, target_hit@10 = 0.0983, target_ndcg@10 = 0.0483

2024-08-01 19:27:24.605353: step 3952/24320 (epoch 13/80), loss = 1.132327 (37.126 sec/epoch), lr: 0.003800
Evaluating on dev set...
...........................
source: 	 mrr: 0.036750	 ndcg_5: 0.0267	 ndcg_10: 0.0349	 hit@1:0.011586	 hit@5:0.0420	 hit@10: 0.0681
target: 	 mrr: 0.043567	 ndcg_5: 0.0364	 ndcg_10: 0.0454	 hit@1:0.013240	 hit@5:0.0585	 hit@10: 0.0864
epoch 13: train_loss = 1.132327, source_hit@10 = 0.0681, source_ndcg@10 = 0.0349, target_hit@10 = 0.0864, target_ndcg@10 = 0.0454

2024-08-01 19:28:01.087273: step 4256/24320 (epoch 14/80), loss = 1.127809 (36.174 sec/epoch), lr: 0.003800
Evaluating on dev set...
...........................
source: 	 mrr: 0.032706	 ndcg_5: 0.0235	 ndcg_10: 0.0327	 hit@1:0.005793	 hit@5:0.0420	 hit@10: 0.0710
target: 	 mrr: 0.049219	 ndcg_5: 0.0423	 ndcg_10: 0.0531	 hit@1:0.019512	 hit@5:0.0662	 hit@10: 0.1003
target best!
..............target: 	 mrr: 0.046009	 ndcg_5: 0.0382	 ndcg_10: 0.0524	 hit@1:0.015089	 hit@5:0.0638	 hit@10: 0.1084
epoch 14: train_loss = 1.127809, source_hit@10 = 0.0710, source_ndcg@10 = 0.0327, target_hit@10 = 0.1084, target_ndcg@10 = 0.0524

2024-08-01 19:28:39.001496: step 4560/24320 (epoch 15/80), loss = 1.122405 (37.490 sec/epoch), lr: 0.003800
Evaluating on dev set...
...........................
source: 	 mrr: 0.034022	 ndcg_5: 0.0225	 ndcg_10: 0.0323	 hit@1:0.013034	 hit@5:0.0333	 hit@10: 0.0644
target: 	 mrr: 0.042276	 ndcg_5: 0.0328	 ndcg_10: 0.0432	 hit@1:0.014634	 hit@5:0.0509	 hit@10: 0.0829
epoch 15: train_loss = 1.122405, source_hit@10 = 0.0644, source_ndcg@10 = 0.0323, target_hit@10 = 0.0829, target_ndcg@10 = 0.0432

2024-08-01 19:29:15.312661: step 4864/24320 (epoch 16/80), loss = 1.121128 (36.001 sec/epoch), lr: 0.003610
Evaluating on dev set...
...........................
source: 	 mrr: 0.027567	 ndcg_5: 0.0182	 ndcg_10: 0.0251	 hit@1:0.004345	 hit@5:0.0319	 hit@10: 0.0529
target: 	 mrr: 0.035014	 ndcg_5: 0.0258	 ndcg_10: 0.0371	 hit@1:0.006969	 hit@5:0.0425	 hit@10: 0.0780
epoch 16: train_loss = 1.121128, source_hit@10 = 0.0529, source_ndcg@10 = 0.0251, target_hit@10 = 0.0780, target_ndcg@10 = 0.0371

2024-08-01 19:29:52.235993: step 5168/24320 (epoch 17/80), loss = 1.114443 (36.627 sec/epoch), lr: 0.003429
Evaluating on dev set...
...........................
source: 	 mrr: 0.025495	 ndcg_5: 0.0136	 ndcg_10: 0.0225	 hit@1:0.004345	 hit@5:0.0239	 hit@10: 0.0514
target: 	 mrr: 0.045413	 ndcg_5: 0.0346	 ndcg_10: 0.0506	 hit@1:0.014634	 hit@5:0.0544	 hit@10: 0.1038
epoch 17: train_loss = 1.114443, source_hit@10 = 0.0514, source_ndcg@10 = 0.0225, target_hit@10 = 0.1038, target_ndcg@10 = 0.0506

2024-08-01 19:30:29.510180: step 5472/24320 (epoch 18/80), loss = 1.110703 (36.949 sec/epoch), lr: 0.003429
Evaluating on dev set...
...........................
source: 	 mrr: 0.030431	 ndcg_5: 0.0196	 ndcg_10: 0.0292	 hit@1:0.004345	 hit@5:0.0355	 hit@10: 0.0652
target: 	 mrr: 0.043000	 ndcg_5: 0.0317	 ndcg_10: 0.0466	 hit@1:0.014634	 hit@5:0.0488	 hit@10: 0.0948
epoch 18: train_loss = 1.110703, source_hit@10 = 0.0652, source_ndcg@10 = 0.0292, target_hit@10 = 0.0948, target_ndcg@10 = 0.0466

2024-08-01 19:31:06.958935: step 5776/24320 (epoch 19/80), loss = 1.097057 (37.121 sec/epoch), lr: 0.003429
Evaluating on dev set...
...........................
source: 	 mrr: 0.035345	 ndcg_5: 0.0247	 ndcg_10: 0.0353	 hit@1:0.010138	 hit@5:0.0406	 hit@10: 0.0739
target: 	 mrr: 0.039899	 ndcg_5: 0.0312	 ndcg_10: 0.0444	 hit@1:0.011847	 hit@5:0.0509	 hit@10: 0.0920
epoch 19: train_loss = 1.097057, source_hit@10 = 0.0739, source_ndcg@10 = 0.0353, target_hit@10 = 0.0920, target_ndcg@10 = 0.0444

2024-08-01 19:31:43.949064: step 6080/24320 (epoch 20/80), loss = 1.086408 (36.685 sec/epoch), lr: 0.003429
Evaluating on dev set...
...........................
source: 	 mrr: 0.025277	 ndcg_5: 0.0179	 ndcg_10: 0.0246	 hit@1:0.009413	 hit@5:0.0268	 hit@10: 0.0478
target: 	 mrr: 0.055153	 ndcg_5: 0.0465	 ndcg_10: 0.0589	 hit@1:0.026481	 hit@5:0.0669	 hit@10: 0.1052
target best!
..............target: 	 mrr: 0.051784	 ndcg_5: 0.0414	 ndcg_10: 0.0534	 hit@1:0.021262	 hit@5:0.0597	 hit@10: 0.0967
epoch 20: train_loss = 1.086408, source_hit@10 = 0.0478, source_ndcg@10 = 0.0246, target_hit@10 = 0.0967, target_ndcg@10 = 0.0534

2024-08-01 19:32:20.822411: step 6384/24320 (epoch 21/80), loss = 1.079442 (36.453 sec/epoch), lr: 0.003429
Evaluating on dev set...
...........................
source: 	 mrr: 0.032237	 ndcg_5: 0.0222	 ndcg_10: 0.0299	 hit@1:0.008689	 hit@5:0.0362	 hit@10: 0.0601
target: 	 mrr: 0.047997	 ndcg_5: 0.0381	 ndcg_10: 0.0521	 hit@1:0.017422	 hit@5:0.0592	 hit@10: 0.1024
epoch 21: train_loss = 1.079442, source_hit@10 = 0.0601, source_ndcg@10 = 0.0299, target_hit@10 = 0.1024, target_ndcg@10 = 0.0521

2024-08-01 19:32:58.236823: step 6688/24320 (epoch 22/80), loss = 1.072454 (37.120 sec/epoch), lr: 0.003258
Evaluating on dev set...
...........................
source: 	 mrr: 0.035506	 ndcg_5: 0.0248	 ndcg_10: 0.0340	 hit@1:0.012310	 hit@5:0.0377	 hit@10: 0.0659
target: 	 mrr: 0.054154	 ndcg_5: 0.0443	 ndcg_10: 0.0570	 hit@1:0.025087	 hit@5:0.0634	 hit@10: 0.1031
epoch 22: train_loss = 1.072454, source_hit@10 = 0.0659, source_ndcg@10 = 0.0340, target_hit@10 = 0.1031, target_ndcg@10 = 0.0570

2024-08-01 19:33:35.737138: step 6992/24320 (epoch 23/80), loss = 1.069155 (37.205 sec/epoch), lr: 0.003258
Evaluating on dev set...
...........................
source: 	 mrr: 0.032377	 ndcg_5: 0.0207	 ndcg_10: 0.0314	 hit@1:0.009413	 hit@5:0.0333	 hit@10: 0.0673
target: 	 mrr: 0.048470	 ndcg_5: 0.0408	 ndcg_10: 0.0523	 hit@1:0.016028	 hit@5:0.0655	 hit@10: 0.1010
epoch 23: train_loss = 1.069155, source_hit@10 = 0.0673, source_ndcg@10 = 0.0314, target_hit@10 = 0.1010, target_ndcg@10 = 0.0523

2024-08-01 19:34:13.216741: step 7296/24320 (epoch 24/80), loss = 1.063739 (37.186 sec/epoch), lr: 0.003095
Evaluating on dev set...
...........................
source: 	 mrr: 0.033408	 ndcg_5: 0.0246	 ndcg_10: 0.0310	 hit@1:0.010862	 hit@5:0.0391	 hit@10: 0.0594
target: 	 mrr: 0.052922	 ndcg_5: 0.0441	 ndcg_10: 0.0569	 hit@1:0.019512	 hit@5:0.0683	 hit@10: 0.1080
epoch 24: train_loss = 1.063739, source_hit@10 = 0.0594, source_ndcg@10 = 0.0310, target_hit@10 = 0.1080, target_ndcg@10 = 0.0569

2024-08-01 19:34:50.542576: step 7600/24320 (epoch 25/80), loss = 1.060227 (37.023 sec/epoch), lr: 0.003095
Evaluating on dev set...
...........................
source: 	 mrr: 0.032750	 ndcg_5: 0.0220	 ndcg_10: 0.0334	 hit@1:0.005793	 hit@5:0.0369	 hit@10: 0.0731
target: 	 mrr: 0.049064	 ndcg_5: 0.0403	 ndcg_10: 0.0563	 hit@1:0.013937	 hit@5:0.0648	 hit@10: 0.1143
epoch 25: train_loss = 1.060227, source_hit@10 = 0.0731, source_ndcg@10 = 0.0334, target_hit@10 = 0.1143, target_ndcg@10 = 0.0563

2024-08-01 19:35:29.978951: step 7904/24320 (epoch 26/80), loss = 1.056362 (39.140 sec/epoch), lr: 0.002940
Evaluating on dev set...
...........................
source: 	 mrr: 0.037715	 ndcg_5: 0.0267	 ndcg_10: 0.0360	 hit@1:0.011586	 hit@5:0.0427	 hit@10: 0.0717
target: 	 mrr: 0.051184	 ndcg_5: 0.0419	 ndcg_10: 0.0544	 hit@1:0.018118	 hit@5:0.0648	 hit@10: 0.1031
source best!
.............
source: 	 mrr: 0.032844	 ndcg_5: 0.0235	 ndcg_10: 0.0327	 hit@1:0.003834	 hit@5:0.0429	 hit@10: 0.0713
epoch 26: train_loss = 1.056362, source_hit@10 = 0.0713, source_ndcg@10 = 0.0327, target_hit@10 = 0.1031, target_ndcg@10 = 0.0544

2024-08-01 19:36:07.337317: step 8208/24320 (epoch 27/80), loss = 1.057227 (36.949 sec/epoch), lr: 0.002940
Evaluating on dev set...
...........................
source: 	 mrr: 0.035889	 ndcg_5: 0.0248	 ndcg_10: 0.0349	 hit@1:0.013034	 hit@5:0.0384	 hit@10: 0.0702
target: 	 mrr: 0.048615	 ndcg_5: 0.0384	 ndcg_10: 0.0520	 hit@1:0.016725	 hit@5:0.0592	 hit@10: 0.1010
epoch 27: train_loss = 1.057227, source_hit@10 = 0.0702, source_ndcg@10 = 0.0349, target_hit@10 = 0.1010, target_ndcg@10 = 0.0520

2024-08-01 19:36:46.828831: step 8512/24320 (epoch 28/80), loss = 1.051073 (39.193 sec/epoch), lr: 0.002793
Evaluating on dev set...
...........................
source: 	 mrr: 0.031485	 ndcg_5: 0.0207	 ndcg_10: 0.0310	 hit@1:0.007965	 hit@5:0.0355	 hit@10: 0.0673
target: 	 mrr: 0.055584	 ndcg_5: 0.0467	 ndcg_10: 0.0630	 hit@1:0.020906	 hit@5:0.0739	 hit@10: 0.1247
target best!
..............target: 	 mrr: 0.056101	 ndcg_5: 0.0469	 ndcg_10: 0.0606	 hit@1:0.019204	 hit@5:0.0727	 hit@10: 0.1152
epoch 28: train_loss = 1.051073, source_hit@10 = 0.0673, source_ndcg@10 = 0.0310, target_hit@10 = 0.1152, target_ndcg@10 = 0.0606

2024-08-01 19:37:26.688091: step 8816/24320 (epoch 29/80), loss = 1.051045 (39.439 sec/epoch), lr: 0.002793
Evaluating on dev set...
...........................
source: 	 mrr: 0.031008	 ndcg_5: 0.0201	 ndcg_10: 0.0289	 hit@1:0.010138	 hit@5:0.0304	 hit@10: 0.0587
target: 	 mrr: 0.055523	 ndcg_5: 0.0474	 ndcg_10: 0.0594	 hit@1:0.022997	 hit@5:0.0725	 hit@10: 0.1094
epoch 29: train_loss = 1.051045, source_hit@10 = 0.0587, source_ndcg@10 = 0.0289, target_hit@10 = 0.1094, target_ndcg@10 = 0.0594

2024-08-01 19:38:05.718270: step 9120/24320 (epoch 30/80), loss = 1.047877 (38.737 sec/epoch), lr: 0.002654
Evaluating on dev set...
...........................
source: 	 mrr: 0.034761	 ndcg_5: 0.0229	 ndcg_10: 0.0336	 hit@1:0.010138	 hit@5:0.0369	 hit@10: 0.0702
target: 	 mrr: 0.055766	 ndcg_5: 0.0465	 ndcg_10: 0.0606	 hit@1:0.025784	 hit@5:0.0697	 hit@10: 0.1136
target best!
..............target: 	 mrr: 0.048884	 ndcg_5: 0.0379	 ndcg_10: 0.0522	 hit@1:0.017833	 hit@5:0.0590	 hit@10: 0.1029
epoch 30: train_loss = 1.047877, source_hit@10 = 0.0702, source_ndcg@10 = 0.0336, target_hit@10 = 0.1029, target_ndcg@10 = 0.0522

2024-08-01 19:38:42.953276: step 9424/24320 (epoch 31/80), loss = 1.045049 (36.811 sec/epoch), lr: 0.002654
Evaluating on dev set...
...........................
source: 	 mrr: 0.031433	 ndcg_5: 0.0214	 ndcg_10: 0.0298	 hit@1:0.005793	 hit@5:0.0377	 hit@10: 0.0637
target: 	 mrr: 0.049181	 ndcg_5: 0.0400	 ndcg_10: 0.0562	 hit@1:0.014634	 hit@5:0.0655	 hit@10: 0.1157
epoch 31: train_loss = 1.045049, source_hit@10 = 0.0637, source_ndcg@10 = 0.0298, target_hit@10 = 0.1157, target_ndcg@10 = 0.0562

2024-08-01 19:39:20.080126: step 9728/24320 (epoch 32/80), loss = 1.044774 (36.826 sec/epoch), lr: 0.002521
Evaluating on dev set...
...........................
source: 	 mrr: 0.031487	 ndcg_5: 0.0226	 ndcg_10: 0.0302	 hit@1:0.006517	 hit@5:0.0391	 hit@10: 0.0623
target: 	 mrr: 0.054740	 ndcg_5: 0.0484	 ndcg_10: 0.0604	 hit@1:0.020209	 hit@5:0.0774	 hit@10: 0.1157
epoch 32: train_loss = 1.044774, source_hit@10 = 0.0623, source_ndcg@10 = 0.0302, target_hit@10 = 0.1157, target_ndcg@10 = 0.0604

2024-08-01 19:39:57.050678: step 10032/24320 (epoch 33/80), loss = 1.042360 (36.663 sec/epoch), lr: 0.002521
Evaluating on dev set...
...........................
source: 	 mrr: 0.030430	 ndcg_5: 0.0203	 ndcg_10: 0.0285	 hit@1:0.006517	 hit@5:0.0348	 hit@10: 0.0608
target: 	 mrr: 0.055328	 ndcg_5: 0.0496	 ndcg_10: 0.0607	 hit@1:0.018815	 hit@5:0.0801	 hit@10: 0.1150
epoch 33: train_loss = 1.042360, source_hit@10 = 0.0608, source_ndcg@10 = 0.0285, target_hit@10 = 0.1150, target_ndcg@10 = 0.0607

2024-08-01 19:40:34.333833: step 10336/24320 (epoch 34/80), loss = 1.038512 (36.988 sec/epoch), lr: 0.002395
Evaluating on dev set...
...........................
source: 	 mrr: 0.032440	 ndcg_5: 0.0233	 ndcg_10: 0.0333	 hit@1:0.008689	 hit@5:0.0377	 hit@10: 0.0688
target: 	 mrr: 0.053386	 ndcg_5: 0.0440	 ndcg_10: 0.0573	 hit@1:0.022300	 hit@5:0.0648	 hit@10: 0.1066
epoch 34: train_loss = 1.038512, source_hit@10 = 0.0688, source_ndcg@10 = 0.0333, target_hit@10 = 0.1066, target_ndcg@10 = 0.0573

2024-08-01 19:41:11.151345: step 10640/24320 (epoch 35/80), loss = 1.036738 (36.522 sec/epoch), lr: 0.002395
Evaluating on dev set...
...........................
source: 	 mrr: 0.035897	 ndcg_5: 0.0259	 ndcg_10: 0.0368	 hit@1:0.010862	 hit@5:0.0413	 hit@10: 0.0760
target: 	 mrr: 0.054046	 ndcg_5: 0.0460	 ndcg_10: 0.0590	 hit@1:0.019512	 hit@5:0.0725	 hit@10: 0.1129
epoch 35: train_loss = 1.036738, source_hit@10 = 0.0760, source_ndcg@10 = 0.0368, target_hit@10 = 0.1129, target_ndcg@10 = 0.0590

2024-08-01 19:41:48.092597: step 10944/24320 (epoch 36/80), loss = 1.036199 (36.645 sec/epoch), lr: 0.002395
Evaluating on dev set...
...........................
source: 	 mrr: 0.031442	 ndcg_5: 0.0198	 ndcg_10: 0.0301	 hit@1:0.005793	 hit@5:0.0333	 hit@10: 0.0652
target: 	 mrr: 0.052466	 ndcg_5: 0.0448	 ndcg_10: 0.0578	 hit@1:0.018118	 hit@5:0.0725	 hit@10: 0.1129
epoch 36: train_loss = 1.036199, source_hit@10 = 0.0652, source_ndcg@10 = 0.0301, target_hit@10 = 0.1129, target_ndcg@10 = 0.0578

2024-08-01 19:42:25.042414: step 11248/24320 (epoch 37/80), loss = 1.032268 (36.657 sec/epoch), lr: 0.002275
Evaluating on dev set...
...........................
source: 	 mrr: 0.035109	 ndcg_5: 0.0254	 ndcg_10: 0.0358	 hit@1:0.008689	 hit@5:0.0442	 hit@10: 0.0760
target: 	 mrr: 0.056178	 ndcg_5: 0.0467	 ndcg_10: 0.0625	 hit@1:0.020906	 hit@5:0.0704	 hit@10: 0.1199
target best!
..............target: 	 mrr: 0.054830	 ndcg_5: 0.0426	 ndcg_10: 0.0613	 hit@1:0.019890	 hit@5:0.0638	 hit@10: 0.1221
epoch 37: train_loss = 1.032268, source_hit@10 = 0.0760, source_ndcg@10 = 0.0358, target_hit@10 = 0.1221, target_ndcg@10 = 0.0613

2024-08-01 19:43:02.937496: step 11552/24320 (epoch 38/80), loss = 1.029436 (37.458 sec/epoch), lr: 0.002275
Evaluating on dev set...
...........................
source: 	 mrr: 0.031969	 ndcg_5: 0.0200	 ndcg_10: 0.0303	 hit@1:0.005793	 hit@5:0.0340	 hit@10: 0.0659
target: 	 mrr: 0.050444	 ndcg_5: 0.0422	 ndcg_10: 0.0569	 hit@1:0.013937	 hit@5:0.0711	 hit@10: 0.1164
epoch 38: train_loss = 1.029436, source_hit@10 = 0.0659, source_ndcg@10 = 0.0303, target_hit@10 = 0.1164, target_ndcg@10 = 0.0569

2024-08-01 19:43:39.972021: step 11856/24320 (epoch 39/80), loss = 1.026316 (36.738 sec/epoch), lr: 0.002161
Evaluating on dev set...
...........................
source: 	 mrr: 0.034598	 ndcg_5: 0.0237	 ndcg_10: 0.0340	 hit@1:0.007965	 hit@5:0.0413	 hit@10: 0.0739
target: 	 mrr: 0.052189	 ndcg_5: 0.0447	 ndcg_10: 0.0596	 hit@1:0.016028	 hit@5:0.0746	 hit@10: 0.1213
epoch 39: train_loss = 1.026316, source_hit@10 = 0.0739, source_ndcg@10 = 0.0340, target_hit@10 = 0.1213, target_ndcg@10 = 0.0596

2024-08-01 19:44:16.803798: step 12160/24320 (epoch 40/80), loss = 1.026759 (36.535 sec/epoch), lr: 0.002161
Evaluating on dev set...
...........................
source: 	 mrr: 0.032587	 ndcg_5: 0.0235	 ndcg_10: 0.0334	 hit@1:0.004345	 hit@5:0.0442	 hit@10: 0.0753
target: 	 mrr: 0.053532	 ndcg_5: 0.0416	 ndcg_10: 0.0574	 hit@1:0.020906	 hit@5:0.0627	 hit@10: 0.1122
epoch 40: train_loss = 1.026759, source_hit@10 = 0.0753, source_ndcg@10 = 0.0334, target_hit@10 = 0.1122, target_ndcg@10 = 0.0574

2024-08-01 19:44:53.949334: step 12464/24320 (epoch 41/80), loss = 1.022773 (36.829 sec/epoch), lr: 0.002053
Evaluating on dev set...
...........................
source: 	 mrr: 0.034492	 ndcg_5: 0.0254	 ndcg_10: 0.0348	 hit@1:0.009413	 hit@5:0.0427	 hit@10: 0.0724
target: 	 mrr: 0.057127	 ndcg_5: 0.0485	 ndcg_10: 0.0619	 hit@1:0.021603	 hit@5:0.0739	 hit@10: 0.1150
target best!
..............target: 	 mrr: 0.057678	 ndcg_5: 0.0509	 ndcg_10: 0.0636	 hit@1:0.021948	 hit@5:0.0809	 hit@10: 0.1207
epoch 41: train_loss = 1.022773, source_hit@10 = 0.0724, source_ndcg@10 = 0.0348, target_hit@10 = 0.1207, target_ndcg@10 = 0.0636

2024-08-01 19:45:30.845127: step 12768/24320 (epoch 42/80), loss = 1.022582 (36.464 sec/epoch), lr: 0.002053
Evaluating on dev set...
...........................
source: 	 mrr: 0.033797	 ndcg_5: 0.0212	 ndcg_10: 0.0319	 hit@1:0.010138	 hit@5:0.0326	 hit@10: 0.0659
target: 	 mrr: 0.058123	 ndcg_5: 0.0486	 ndcg_10: 0.0649	 hit@1:0.022997	 hit@5:0.0746	 hit@10: 0.1247
target best!
..............target: 	 mrr: 0.055228	 ndcg_5: 0.0466	 ndcg_10: 0.0639	 hit@1:0.015775	 hit@5:0.0768	 hit@10: 0.1296
epoch 42: train_loss = 1.022582, source_hit@10 = 0.0659, source_ndcg@10 = 0.0319, target_hit@10 = 0.1296, target_ndcg@10 = 0.0639

2024-08-01 19:46:08.059800: step 13072/24320 (epoch 43/80), loss = 1.020374 (36.793 sec/epoch), lr: 0.002053
Evaluating on dev set...
...........................
source: 	 mrr: 0.041080	 ndcg_5: 0.0298	 ndcg_10: 0.0418	 hit@1:0.013034	 hit@5:0.0463	 hit@10: 0.0840
target: 	 mrr: 0.052872	 ndcg_5: 0.0465	 ndcg_10: 0.0585	 hit@1:0.016725	 hit@5:0.0774	 hit@10: 0.1150
source best!
.............
source: 	 mrr: 0.035705	 ndcg_5: 0.0263	 ndcg_10: 0.0354	 hit@1:0.009202	 hit@5:0.0460	 hit@10: 0.0744
epoch 43: train_loss = 1.020374, source_hit@10 = 0.0744, source_ndcg@10 = 0.0354, target_hit@10 = 0.1150, target_ndcg@10 = 0.0585

2024-08-01 19:46:45.323299: step 13376/24320 (epoch 44/80), loss = 1.020367 (36.845 sec/epoch), lr: 0.002053
Evaluating on dev set...
...........................
source: 	 mrr: 0.039481	 ndcg_5: 0.0296	 ndcg_10: 0.0395	 hit@1:0.013758	 hit@5:0.0463	 hit@10: 0.0775
target: 	 mrr: 0.057022	 ndcg_5: 0.0482	 ndcg_10: 0.0649	 hit@1:0.020906	 hit@5:0.0753	 hit@10: 0.1275
epoch 44: train_loss = 1.020367, source_hit@10 = 0.0775, source_ndcg@10 = 0.0395, target_hit@10 = 0.1275, target_ndcg@10 = 0.0649

2024-08-01 19:47:22.034309: step 13680/24320 (epoch 45/80), loss = 1.020458 (36.415 sec/epoch), lr: 0.002053
Evaluating on dev set...
...........................
source: 	 mrr: 0.034080	 ndcg_5: 0.0234	 ndcg_10: 0.0333	 hit@1:0.008689	 hit@5:0.0391	 hit@10: 0.0702
target: 	 mrr: 0.059692	 ndcg_5: 0.0522	 ndcg_10: 0.0642	 hit@1:0.025784	 hit@5:0.0780	 hit@10: 0.1150
target best!
..............target: 	 mrr: 0.060807	 ndcg_5: 0.0526	 ndcg_10: 0.0662	 hit@1:0.024691	 hit@5:0.0802	 hit@10: 0.1228
epoch 45: train_loss = 1.020458, source_hit@10 = 0.0702, source_ndcg@10 = 0.0333, target_hit@10 = 0.1228, target_ndcg@10 = 0.0662

2024-08-01 19:47:59.145502: step 13984/24320 (epoch 46/80), loss = 1.017795 (36.692 sec/epoch), lr: 0.001951
Evaluating on dev set...
...........................
source: 	 mrr: 0.031439	 ndcg_5: 0.0190	 ndcg_10: 0.0289	 hit@1:0.005793	 hit@5:0.0326	 hit@10: 0.0630
target: 	 mrr: 0.055987	 ndcg_5: 0.0475	 ndcg_10: 0.0589	 hit@1:0.023693	 hit@5:0.0711	 hit@10: 0.1073
epoch 46: train_loss = 1.017795, source_hit@10 = 0.0630, source_ndcg@10 = 0.0289, target_hit@10 = 0.1073, target_ndcg@10 = 0.0589

2024-08-01 19:48:36.286522: step 14288/24320 (epoch 47/80), loss = 1.016254 (36.846 sec/epoch), lr: 0.001853
Evaluating on dev set...
...........................
source: 	 mrr: 0.038532	 ndcg_5: 0.0272	 ndcg_10: 0.0369	 hit@1:0.010862	 hit@5:0.0420	 hit@10: 0.0724
target: 	 mrr: 0.057221	 ndcg_5: 0.0494	 ndcg_10: 0.0651	 hit@1:0.021603	 hit@5:0.0774	 hit@10: 0.1254
epoch 47: train_loss = 1.016254, source_hit@10 = 0.0724, source_ndcg@10 = 0.0369, target_hit@10 = 0.1254, target_ndcg@10 = 0.0651

2024-08-01 19:49:13.339901: step 14592/24320 (epoch 48/80), loss = 1.015388 (36.755 sec/epoch), lr: 0.001853
Evaluating on dev set...
...........................
source: 	 mrr: 0.036955	 ndcg_5: 0.0243	 ndcg_10: 0.0378	 hit@1:0.010138	 hit@5:0.0406	 hit@10: 0.0825
target: 	 mrr: 0.059864	 ndcg_5: 0.0521	 ndcg_10: 0.0657	 hit@1:0.024390	 hit@5:0.0794	 hit@10: 0.1213
target best!
..............target: 	 mrr: 0.062578	 ndcg_5: 0.0541	 ndcg_10: 0.0678	 hit@1:0.026749	 hit@5:0.0816	 hit@10: 0.1248
epoch 48: train_loss = 1.015388, source_hit@10 = 0.0825, source_ndcg@10 = 0.0378, target_hit@10 = 0.1248, target_ndcg@10 = 0.0678

2024-08-01 19:49:50.410723: step 14896/24320 (epoch 49/80), loss = 1.013133 (36.642 sec/epoch), lr: 0.001853
Evaluating on dev set...
...........................
source: 	 mrr: 0.036032	 ndcg_5: 0.0249	 ndcg_10: 0.0346	 hit@1:0.010862	 hit@5:0.0398	 hit@10: 0.0702
target: 	 mrr: 0.048869	 ndcg_5: 0.0419	 ndcg_10: 0.0531	 hit@1:0.017422	 hit@5:0.0676	 hit@10: 0.1024
epoch 49: train_loss = 1.013133, source_hit@10 = 0.0702, source_ndcg@10 = 0.0346, target_hit@10 = 0.1024, target_ndcg@10 = 0.0531

2024-08-01 19:50:27.986071: step 15200/24320 (epoch 50/80), loss = 1.012124 (37.248 sec/epoch), lr: 0.001761
Evaluating on dev set...
...........................
source: 	 mrr: 0.036694	 ndcg_5: 0.0236	 ndcg_10: 0.0347	 hit@1:0.009413	 hit@5:0.0377	 hit@10: 0.0724
target: 	 mrr: 0.055632	 ndcg_5: 0.0460	 ndcg_10: 0.0609	 hit@1:0.022997	 hit@5:0.0697	 hit@10: 0.1150
epoch 50: train_loss = 1.012124, source_hit@10 = 0.0724, source_ndcg@10 = 0.0347, target_hit@10 = 0.1150, target_ndcg@10 = 0.0609
shift to transfer learning mode

2024-08-01 19:51:05.633137: step 15504/24320 (epoch 51/80), loss = 1.010898 (37.346 sec/epoch), lr: 0.001761
Evaluating on dev set...
...........................
source: 	 mrr: 0.033540	 ndcg_5: 0.0212	 ndcg_10: 0.0341	 hit@1:0.008689	 hit@5:0.0362	 hit@10: 0.0768
target: 	 mrr: 0.054946	 ndcg_5: 0.0471	 ndcg_10: 0.0603	 hit@1:0.017422	 hit@5:0.0767	 hit@10: 0.1178
epoch 51: train_loss = 1.010898, source_hit@10 = 0.0768, source_ndcg@10 = 0.0341, target_hit@10 = 0.1178, target_ndcg@10 = 0.0603

2024-08-01 19:51:43.107638: step 15808/24320 (epoch 52/80), loss = 1.009314 (37.133 sec/epoch), lr: 0.001672
Evaluating on dev set...
...........................
source: 	 mrr: 0.034431	 ndcg_5: 0.0231	 ndcg_10: 0.0343	 hit@1:0.007965	 hit@5:0.0420	 hit@10: 0.0775
target: 	 mrr: 0.057490	 ndcg_5: 0.0515	 ndcg_10: 0.0637	 hit@1:0.020906	 hit@5:0.0829	 hit@10: 0.1213
epoch 52: train_loss = 1.009314, source_hit@10 = 0.0775, source_ndcg@10 = 0.0343, target_hit@10 = 0.1213, target_ndcg@10 = 0.0637

2024-08-01 19:52:20.381813: step 16112/24320 (epoch 53/80), loss = 1.008411 (36.953 sec/epoch), lr: 0.001672
Evaluating on dev set...
...........................
source: 	 mrr: 0.036046	 ndcg_5: 0.0237	 ndcg_10: 0.0347	 hit@1:0.007241	 hit@5:0.0406	 hit@10: 0.0746
target: 	 mrr: 0.058788	 ndcg_5: 0.0506	 ndcg_10: 0.0634	 hit@1:0.025784	 hit@5:0.0753	 hit@10: 0.1150
epoch 53: train_loss = 1.008411, source_hit@10 = 0.0746, source_ndcg@10 = 0.0347, target_hit@10 = 0.1150, target_ndcg@10 = 0.0634

2024-08-01 19:52:57.894093: step 16416/24320 (epoch 54/80), loss = 1.005918 (37.214 sec/epoch), lr: 0.001672
Evaluating on dev set...
...........................
source: 	 mrr: 0.023392	 ndcg_5: 0.0111	 ndcg_10: 0.0198	 hit@1:0.003621	 hit@5:0.0181	 hit@10: 0.0449
target: 	 mrr: 0.058421	 ndcg_5: 0.0521	 ndcg_10: 0.0650	 hit@1:0.020209	 hit@5:0.0822	 hit@10: 0.1226
epoch 54: train_loss = 1.005918, source_hit@10 = 0.0449, source_ndcg@10 = 0.0198, target_hit@10 = 0.1226, target_ndcg@10 = 0.0650

2024-08-01 19:53:35.609236: step 16720/24320 (epoch 55/80), loss = 1.006039 (37.414 sec/epoch), lr: 0.001589
Evaluating on dev set...
...........................
source: 	 mrr: 0.037888	 ndcg_5: 0.0257	 ndcg_10: 0.0382	 hit@1:0.009413	 hit@5:0.0427	 hit@10: 0.0811
target: 	 mrr: 0.051535	 ndcg_5: 0.0420	 ndcg_10: 0.0594	 hit@1:0.017422	 hit@5:0.0669	 hit@10: 0.1213
epoch 55: train_loss = 1.006039, source_hit@10 = 0.0811, source_ndcg@10 = 0.0382, target_hit@10 = 0.1213, target_ndcg@10 = 0.0594

2024-08-01 19:54:13.499575: step 17024/24320 (epoch 56/80), loss = 1.005882 (37.582 sec/epoch), lr: 0.001589
Evaluating on dev set...
...........................
source: 	 mrr: 0.033433	 ndcg_5: 0.0208	 ndcg_10: 0.0320	 hit@1:0.005793	 hit@5:0.0369	 hit@10: 0.0724
target: 	 mrr: 0.055793	 ndcg_5: 0.0478	 ndcg_10: 0.0597	 hit@1:0.021603	 hit@5:0.0732	 hit@10: 0.1108
epoch 56: train_loss = 1.005882, source_hit@10 = 0.0724, source_ndcg@10 = 0.0320, target_hit@10 = 0.1108, target_ndcg@10 = 0.0597

2024-08-01 19:54:51.265590: step 17328/24320 (epoch 57/80), loss = 1.002493 (37.472 sec/epoch), lr: 0.001509
Evaluating on dev set...
...........................
source: 	 mrr: 0.034907	 ndcg_5: 0.0230	 ndcg_10: 0.0329	 hit@1:0.008689	 hit@5:0.0369	 hit@10: 0.0681
target: 	 mrr: 0.053507	 ndcg_5: 0.0475	 ndcg_10: 0.0573	 hit@1:0.017422	 hit@5:0.0760	 hit@10: 0.1059
epoch 57: train_loss = 1.002493, source_hit@10 = 0.0681, source_ndcg@10 = 0.0329, target_hit@10 = 0.1059, target_ndcg@10 = 0.0573
early termination of training
