nohup: ignoring input
using gpu:1 to train the model
using gpu:1 to train the model
cuda:1
Namespace(A_split=False, JK='sum', a_fold=100, aggregate=False, alpha=0.5, batch_size=1024, beta_inter=0.4, conv_layers=3, cuda=True, decay_epoch=10, device=device(type='cuda', index=1), device_id='1', domains='game_video', dropout=0.5, epoch=80, feature_dim=126, hidden_dim=126, inter_tau=0.2, intra_tau=1, lambda_critic=0.4, leakey=0.01, load=False, log='logs.txt', log_epoch=1, lr=0.004, lr_decay=0.95, min_epoch=50, mode='train', model_file=None, model_name='gv', momentum=0.98, num_latent_factors=3, num_negative=100, optim='adam', patience=50, proj_layers=1, projection=1, residual=1, save=True, save_dir='./saved_models', seed=32, similarity_tau=0.1, test_sample_number=999, transfer_epoch=50, user_batch_size=256, weight_decay=0.0002)
number_user 25025
number_item 12319
/home/hourun/invariantCDR_v2/invariantCDR/utils/GraphMaker.py:46: RuntimeWarning: divide by zero encountered in power
  r_inv = np.power(rowsum, -1).flatten()
real graph loaded!
number_user 19457
number_item 8751
real graph loaded!
graph loaded!
Loading data from game_video with batch size 1024...
unseen test: 0
test length: 1381
unseen test: 0
test length: 1304
unseen test: 0
test length: 1435
unseen test: 0
test length: 1458
source_user_num 25025
target_user_num 19457
source_item_num 12319
target_item_num 8751
shared users id: 1737
test users 226, 217
unseen test: 0
dev length: 1000
unseen test: 0
dev length: 1000
source train data : 155036, target train data: 156091, source test data : 1304, target test data : 1458, source dev data : 1000, target dev data : 1000
2024-08-01 17:38:47.286889: step 304/24320 (epoch 1/80), loss = 1.403027 (32.739 sec/epoch), lr: 0.004000
Evaluating on dev set...
...........................
source: 	 mrr: 0.025252	 ndcg_5: 0.0149	 ndcg_10: 0.0228	 hit@1:0.003621	 hit@5:0.0275	 hit@10: 0.0521
target: 	 mrr: 0.029967	 ndcg_5: 0.0207	 ndcg_10: 0.0285	 hit@1:0.008362	 hit@5:0.0328	 hit@10: 0.0571
source best!
.............
source: 	 mrr: 0.030777	 ndcg_5: 0.0193	 ndcg_10: 0.0299	 hit@1:0.007669	 hit@5:0.0314	 hit@10: 0.0644
target best!
..............target: 	 mrr: 0.033754	 ndcg_5: 0.0258	 ndcg_10: 0.0356	 hit@1:0.008916	 hit@5:0.0432	 hit@10: 0.0741
epoch 1: train_loss = 1.403027, source_hit@10 = 0.0644, source_ndcg@10 = 0.0299, target_hit@10 = 0.0741, target_ndcg@10 = 0.0356

2024-08-01 17:39:21.964418: step 608/24320 (epoch 2/80), loss = 1.206870 (34.058 sec/epoch), lr: 0.004000
Evaluating on dev set...
...........................
source: 	 mrr: 0.029466	 ndcg_5: 0.0179	 ndcg_10: 0.0256	 hit@1:0.007241	 hit@5:0.0275	 hit@10: 0.0514
target: 	 mrr: 0.027172	 ndcg_5: 0.0157	 ndcg_10: 0.0268	 hit@1:0.005575	 hit@5:0.0286	 hit@10: 0.0627
source best!
.............
source: 	 mrr: 0.031113	 ndcg_5: 0.0197	 ndcg_10: 0.0289	 hit@1:0.009202	 hit@5:0.0299	 hit@10: 0.0590
epoch 2: train_loss = 1.206870, source_hit@10 = 0.0590, source_ndcg@10 = 0.0289, target_hit@10 = 0.0627, target_ndcg@10 = 0.0268
new best model saved.

2024-08-01 17:39:56.600462: step 912/24320 (epoch 3/80), loss = 1.184035 (34.013 sec/epoch), lr: 0.004000
Evaluating on dev set...
...........................
source: 	 mrr: 0.033020	 ndcg_5: 0.0212	 ndcg_10: 0.0315	 hit@1:0.005793	 hit@5:0.0362	 hit@10: 0.0688
target: 	 mrr: 0.041418	 ndcg_5: 0.0325	 ndcg_10: 0.0429	 hit@1:0.013240	 hit@5:0.0530	 hit@10: 0.0857
source best!
.............
source: 	 mrr: 0.036404	 ndcg_5: 0.0245	 ndcg_10: 0.0351	 hit@1:0.009969	 hit@5:0.0399	 hit@10: 0.0721
target best!
..............target: 	 mrr: 0.044180	 ndcg_5: 0.0356	 ndcg_10: 0.0477	 hit@1:0.013032	 hit@5:0.0576	 hit@10: 0.0953
epoch 3: train_loss = 1.184035, source_hit@10 = 0.0721, source_ndcg@10 = 0.0351, target_hit@10 = 0.0953, target_ndcg@10 = 0.0477
new best model saved.

2024-08-01 17:40:31.368339: step 1216/24320 (epoch 4/80), loss = 1.166250 (34.001 sec/epoch), lr: 0.004000
Evaluating on dev set...
...........................
source: 	 mrr: 0.030566	 ndcg_5: 0.0207	 ndcg_10: 0.0289	 hit@1:0.005793	 hit@5:0.0348	 hit@10: 0.0608
target: 	 mrr: 0.042548	 ndcg_5: 0.0336	 ndcg_10: 0.0455	 hit@1:0.012544	 hit@5:0.0571	 hit@10: 0.0941
target best!
..............target: 	 mrr: 0.045074	 ndcg_5: 0.0349	 ndcg_10: 0.0465	 hit@1:0.012346	 hit@5:0.0576	 hit@10: 0.0933
epoch 4: train_loss = 1.166250, source_hit@10 = 0.0608, source_ndcg@10 = 0.0289, target_hit@10 = 0.0933, target_ndcg@10 = 0.0465

2024-08-01 17:41:05.795821: step 1520/24320 (epoch 5/80), loss = 1.158621 (33.952 sec/epoch), lr: 0.004000
Evaluating on dev set...
...........................
source: 	 mrr: 0.031872	 ndcg_5: 0.0204	 ndcg_10: 0.0294	 hit@1:0.007965	 hit@5:0.0326	 hit@10: 0.0601
target: 	 mrr: 0.045064	 ndcg_5: 0.0351	 ndcg_10: 0.0477	 hit@1:0.016028	 hit@5:0.0544	 hit@10: 0.0934
target best!
..............target: 	 mrr: 0.040979	 ndcg_5: 0.0314	 ndcg_10: 0.0444	 hit@1:0.011660	 hit@5:0.0501	 hit@10: 0.0912
epoch 5: train_loss = 1.158621, source_hit@10 = 0.0601, source_ndcg@10 = 0.0294, target_hit@10 = 0.0912, target_ndcg@10 = 0.0444
new best model saved.

2024-08-01 17:41:40.500517: step 1824/24320 (epoch 6/80), loss = 1.154781 (34.074 sec/epoch), lr: 0.004000
Evaluating on dev set...
...........................
source: 	 mrr: 0.036214	 ndcg_5: 0.0264	 ndcg_10: 0.0358	 hit@1:0.009413	 hit@5:0.0442	 hit@10: 0.0731
target: 	 mrr: 0.045870	 ndcg_5: 0.0386	 ndcg_10: 0.0507	 hit@1:0.013937	 hit@5:0.0641	 hit@10: 0.1017
source best!
.............
source: 	 mrr: 0.035605	 ndcg_5: 0.0245	 ndcg_10: 0.0344	 hit@1:0.012270	 hit@5:0.0383	 hit@10: 0.0690
target best!
..............target: 	 mrr: 0.046513	 ndcg_5: 0.0358	 ndcg_10: 0.0488	 hit@1:0.016461	 hit@5:0.0549	 hit@10: 0.0953
epoch 6: train_loss = 1.154781, source_hit@10 = 0.0690, source_ndcg@10 = 0.0344, target_hit@10 = 0.0953, target_ndcg@10 = 0.0488
new best model saved.

2024-08-01 17:42:14.779992: step 2128/24320 (epoch 7/80), loss = 1.152454 (33.522 sec/epoch), lr: 0.004000
Evaluating on dev set...
...........................
source: 	 mrr: 0.023253	 ndcg_5: 0.0144	 ndcg_10: 0.0221	 hit@1:0.004345	 hit@5:0.0261	 hit@10: 0.0500
target: 	 mrr: 0.047372	 ndcg_5: 0.0394	 ndcg_10: 0.0524	 hit@1:0.014634	 hit@5:0.0641	 hit@10: 0.1052
target best!
..............target: 	 mrr: 0.046533	 ndcg_5: 0.0386	 ndcg_10: 0.0520	 hit@1:0.014403	 hit@5:0.0645	 hit@10: 0.1056
epoch 7: train_loss = 1.152454, source_hit@10 = 0.0500, source_ndcg@10 = 0.0221, target_hit@10 = 0.1056, target_ndcg@10 = 0.0520

2024-08-01 17:42:49.027832: step 2432/24320 (epoch 8/80), loss = 1.150357 (33.775 sec/epoch), lr: 0.004000
Evaluating on dev set...
...........................
source: 	 mrr: 0.034788	 ndcg_5: 0.0257	 ndcg_10: 0.0337	 hit@1:0.009413	 hit@5:0.0434	 hit@10: 0.0681
target: 	 mrr: 0.051561	 ndcg_5: 0.0437	 ndcg_10: 0.0591	 hit@1:0.016725	 hit@5:0.0704	 hit@10: 0.1185
target best!
..............target: 	 mrr: 0.048280	 ndcg_5: 0.0393	 ndcg_10: 0.0530	 hit@1:0.013717	 hit@5:0.0631	 hit@10: 0.1063
epoch 8: train_loss = 1.150357, source_hit@10 = 0.0681, source_ndcg@10 = 0.0337, target_hit@10 = 0.1063, target_ndcg@10 = 0.0530
new best model saved.

2024-08-01 17:43:23.754416: step 2736/24320 (epoch 9/80), loss = 1.146989 (34.070 sec/epoch), lr: 0.004000
Evaluating on dev set...
...........................
source: 	 mrr: 0.034076	 ndcg_5: 0.0243	 ndcg_10: 0.0349	 hit@1:0.009413	 hit@5:0.0398	 hit@10: 0.0731
target: 	 mrr: 0.045492	 ndcg_5: 0.0395	 ndcg_10: 0.0483	 hit@1:0.011847	 hit@5:0.0655	 hit@10: 0.0934
epoch 9: train_loss = 1.146989, source_hit@10 = 0.0731, source_ndcg@10 = 0.0349, target_hit@10 = 0.0934, target_ndcg@10 = 0.0483

2024-08-01 17:43:57.724217: step 3040/24320 (epoch 10/80), loss = 1.143027 (33.640 sec/epoch), lr: 0.004000
Evaluating on dev set...
...........................
source: 	 mrr: 0.034190	 ndcg_5: 0.0239	 ndcg_10: 0.0327	 hit@1:0.010862	 hit@5:0.0362	 hit@10: 0.0644
target: 	 mrr: 0.043924	 ndcg_5: 0.0374	 ndcg_10: 0.0485	 hit@1:0.012544	 hit@5:0.0634	 hit@10: 0.0983
epoch 10: train_loss = 1.143027, source_hit@10 = 0.0644, source_ndcg@10 = 0.0327, target_hit@10 = 0.0983, target_ndcg@10 = 0.0485

2024-08-01 17:44:31.918600: step 3344/24320 (epoch 11/80), loss = 1.139741 (33.864 sec/epoch), lr: 0.004000
Evaluating on dev set...
...........................
source: 	 mrr: 0.024275	 ndcg_5: 0.0160	 ndcg_10: 0.0239	 hit@1:0.006517	 hit@5:0.0268	 hit@10: 0.0514
target: 	 mrr: 0.046129	 ndcg_5: 0.0374	 ndcg_10: 0.0509	 hit@1:0.014634	 hit@5:0.0606	 hit@10: 0.1024
epoch 11: train_loss = 1.139741, source_hit@10 = 0.0514, source_ndcg@10 = 0.0239, target_hit@10 = 0.1024, target_ndcg@10 = 0.0509

2024-08-01 17:45:06.066141: step 3648/24320 (epoch 12/80), loss = 1.134542 (33.802 sec/epoch), lr: 0.003800
Evaluating on dev set...
...........................
source: 	 mrr: 0.032937	 ndcg_5: 0.0219	 ndcg_10: 0.0312	 hit@1:0.009413	 hit@5:0.0333	 hit@10: 0.0623
target: 	 mrr: 0.051090	 ndcg_5: 0.0448	 ndcg_10: 0.0554	 hit@1:0.018815	 hit@5:0.0704	 hit@10: 0.1038
epoch 12: train_loss = 1.134542, source_hit@10 = 0.0623, source_ndcg@10 = 0.0312, target_hit@10 = 0.1038, target_ndcg@10 = 0.0554

2024-08-01 17:45:40.236385: step 3952/24320 (epoch 13/80), loss = 1.131339 (33.823 sec/epoch), lr: 0.003800
Evaluating on dev set...
...........................
source: 	 mrr: 0.021981	 ndcg_5: 0.0122	 ndcg_10: 0.0178	 hit@1:0.006517	 hit@5:0.0181	 hit@10: 0.0355
target: 	 mrr: 0.044696	 ndcg_5: 0.0348	 ndcg_10: 0.0466	 hit@1:0.016725	 hit@5:0.0530	 hit@10: 0.0899
epoch 13: train_loss = 1.131339, source_hit@10 = 0.0355, source_ndcg@10 = 0.0178, target_hit@10 = 0.0899, target_ndcg@10 = 0.0466

2024-08-01 17:46:14.774775: step 4256/24320 (epoch 14/80), loss = 1.108271 (34.207 sec/epoch), lr: 0.003610
Evaluating on dev set...
...........................
source: 	 mrr: 0.041557	 ndcg_5: 0.0309	 ndcg_10: 0.0400	 hit@1:0.015930	 hit@5:0.0456	 hit@10: 0.0746
target: 	 mrr: 0.044262	 ndcg_5: 0.0360	 ndcg_10: 0.0465	 hit@1:0.013240	 hit@5:0.0571	 hit@10: 0.0892
source best!
.............
source: 	 mrr: 0.041537	 ndcg_5: 0.0324	 ndcg_10: 0.0414	 hit@1:0.015337	 hit@5:0.0498	 hit@10: 0.0782
epoch 14: train_loss = 1.108271, source_hit@10 = 0.0782, source_ndcg@10 = 0.0414, target_hit@10 = 0.0892, target_ndcg@10 = 0.0465

2024-08-01 17:46:49.958113: step 4560/24320 (epoch 15/80), loss = 1.099067 (34.721 sec/epoch), lr: 0.003610
Evaluating on dev set...
...........................
source: 	 mrr: 0.034713	 ndcg_5: 0.0224	 ndcg_10: 0.0354	 hit@1:0.007241	 hit@5:0.0377	 hit@10: 0.0782
target: 	 mrr: 0.049800	 ndcg_5: 0.0415	 ndcg_10: 0.0551	 hit@1:0.017422	 hit@5:0.0662	 hit@10: 0.1087
epoch 15: train_loss = 1.099067, source_hit@10 = 0.0782, source_ndcg@10 = 0.0354, target_hit@10 = 0.1087, target_ndcg@10 = 0.0551

2024-08-01 17:47:24.131037: step 4864/24320 (epoch 16/80), loss = 1.094160 (33.844 sec/epoch), lr: 0.003429
Evaluating on dev set...
...........................
source: 	 mrr: 0.036158	 ndcg_5: 0.0256	 ndcg_10: 0.0370	 hit@1:0.010138	 hit@5:0.0427	 hit@10: 0.0782
target: 	 mrr: 0.046285	 ndcg_5: 0.0357	 ndcg_10: 0.0512	 hit@1:0.016028	 hit@5:0.0564	 hit@10: 0.1045
epoch 16: train_loss = 1.094160, source_hit@10 = 0.0782, source_ndcg@10 = 0.0370, target_hit@10 = 0.1045, target_ndcg@10 = 0.0512

2024-08-01 17:47:58.588394: step 5168/24320 (epoch 17/80), loss = 1.088688 (34.129 sec/epoch), lr: 0.003258
Evaluating on dev set...
...........................
source: 	 mrr: 0.035727	 ndcg_5: 0.0244	 ndcg_10: 0.0330	 hit@1:0.013034	 hit@5:0.0355	 hit@10: 0.0623
target: 	 mrr: 0.045257	 ndcg_5: 0.0364	 ndcg_10: 0.0496	 hit@1:0.013937	 hit@5:0.0606	 hit@10: 0.1017
epoch 17: train_loss = 1.088688, source_hit@10 = 0.0623, source_ndcg@10 = 0.0330, target_hit@10 = 0.1017, target_ndcg@10 = 0.0496

2024-08-01 17:48:33.442039: step 5472/24320 (epoch 18/80), loss = 1.085131 (34.517 sec/epoch), lr: 0.003095
Evaluating on dev set...
...........................
source: 	 mrr: 0.036792	 ndcg_5: 0.0262	 ndcg_10: 0.0391	 hit@1:0.010138	 hit@5:0.0427	 hit@10: 0.0825
target: 	 mrr: 0.055944	 ndcg_5: 0.0466	 ndcg_10: 0.0628	 hit@1:0.023693	 hit@5:0.0711	 hit@10: 0.1220
target best!
..............target: 	 mrr: 0.053138	 ndcg_5: 0.0438	 ndcg_10: 0.0591	 hit@1:0.017833	 hit@5:0.0693	 hit@10: 0.1166
epoch 18: train_loss = 1.085131, source_hit@10 = 0.0825, source_ndcg@10 = 0.0391, target_hit@10 = 0.1166, target_ndcg@10 = 0.0591

2024-08-01 17:49:08.618718: step 5776/24320 (epoch 19/80), loss = 1.082246 (34.690 sec/epoch), lr: 0.003095
Evaluating on dev set...
...........................
source: 	 mrr: 0.033072	 ndcg_5: 0.0207	 ndcg_10: 0.0305	 hit@1:0.008689	 hit@5:0.0340	 hit@10: 0.0644
target: 	 mrr: 0.052582	 ndcg_5: 0.0431	 ndcg_10: 0.0549	 hit@1:0.018118	 hit@5:0.0662	 hit@10: 0.1031
epoch 19: train_loss = 1.082246, source_hit@10 = 0.0644, source_ndcg@10 = 0.0305, target_hit@10 = 0.1031, target_ndcg@10 = 0.0549

2024-08-01 17:49:42.738112: step 6080/24320 (epoch 20/80), loss = 1.077329 (33.787 sec/epoch), lr: 0.002940
Evaluating on dev set...
...........................
source: 	 mrr: 0.035234	 ndcg_5: 0.0266	 ndcg_10: 0.0345	 hit@1:0.009413	 hit@5:0.0442	 hit@10: 0.0688
target: 	 mrr: 0.056054	 ndcg_5: 0.0458	 ndcg_10: 0.0598	 hit@1:0.022300	 hit@5:0.0662	 hit@10: 0.1101
target best!
..............target: 	 mrr: 0.048553	 ndcg_5: 0.0393	 ndcg_10: 0.0536	 hit@1:0.015089	 hit@5:0.0652	 hit@10: 0.1091
epoch 20: train_loss = 1.077329, source_hit@10 = 0.0688, source_ndcg@10 = 0.0345, target_hit@10 = 0.1091, target_ndcg@10 = 0.0536

2024-08-01 17:50:17.536253: step 6384/24320 (epoch 21/80), loss = 1.074301 (34.303 sec/epoch), lr: 0.002940
Evaluating on dev set...
...........................
source: 	 mrr: 0.039627	 ndcg_5: 0.0290	 ndcg_10: 0.0385	 hit@1:0.012310	 hit@5:0.0456	 hit@10: 0.0753
target: 	 mrr: 0.052227	 ndcg_5: 0.0428	 ndcg_10: 0.0566	 hit@1:0.016725	 hit@5:0.0697	 hit@10: 0.1115
epoch 21: train_loss = 1.074301, source_hit@10 = 0.0753, source_ndcg@10 = 0.0385, target_hit@10 = 0.1115, target_ndcg@10 = 0.0566

2024-08-01 17:50:52.142367: step 6688/24320 (epoch 22/80), loss = 1.074001 (34.272 sec/epoch), lr: 0.002940
Evaluating on dev set...
...........................
source: 	 mrr: 0.029683	 ndcg_5: 0.0210	 ndcg_10: 0.0275	 hit@1:0.007241	 hit@5:0.0340	 hit@10: 0.0543
target: 	 mrr: 0.046072	 ndcg_5: 0.0357	 ndcg_10: 0.0480	 hit@1:0.016725	 hit@5:0.0551	 hit@10: 0.0934
epoch 22: train_loss = 1.074001, source_hit@10 = 0.0543, source_ndcg@10 = 0.0275, target_hit@10 = 0.0934, target_ndcg@10 = 0.0480

2024-08-01 17:51:27.041727: step 6992/24320 (epoch 23/80), loss = 1.068767 (34.570 sec/epoch), lr: 0.002793
Evaluating on dev set...
...........................
source: 	 mrr: 0.035154	 ndcg_5: 0.0256	 ndcg_10: 0.0363	 hit@1:0.007965	 hit@5:0.0442	 hit@10: 0.0768
target: 	 mrr: 0.045286	 ndcg_5: 0.0357	 ndcg_10: 0.0488	 hit@1:0.016725	 hit@5:0.0564	 hit@10: 0.0976
epoch 23: train_loss = 1.068767, source_hit@10 = 0.0768, source_ndcg@10 = 0.0363, target_hit@10 = 0.0976, target_ndcg@10 = 0.0488

2024-08-01 17:52:01.627861: step 7296/24320 (epoch 24/80), loss = 1.067878 (34.257 sec/epoch), lr: 0.002793
Evaluating on dev set...
...........................
source: 	 mrr: 0.035074	 ndcg_5: 0.0246	 ndcg_10: 0.0342	 hit@1:0.010862	 hit@5:0.0398	 hit@10: 0.0702
target: 	 mrr: 0.047634	 ndcg_5: 0.0395	 ndcg_10: 0.0504	 hit@1:0.017422	 hit@5:0.0634	 hit@10: 0.0969
epoch 24: train_loss = 1.067878, source_hit@10 = 0.0702, source_ndcg@10 = 0.0342, target_hit@10 = 0.0969, target_ndcg@10 = 0.0504

2024-08-01 17:52:36.248411: step 7600/24320 (epoch 25/80), loss = 1.066607 (34.293 sec/epoch), lr: 0.002793
Evaluating on dev set...
...........................
source: 	 mrr: 0.035659	 ndcg_5: 0.0248	 ndcg_10: 0.0360	 hit@1:0.008689	 hit@5:0.0420	 hit@10: 0.0775
target: 	 mrr: 0.046745	 ndcg_5: 0.0373	 ndcg_10: 0.0509	 hit@1:0.016028	 hit@5:0.0599	 hit@10: 0.1017
epoch 25: train_loss = 1.066607, source_hit@10 = 0.0775, source_ndcg@10 = 0.0360, target_hit@10 = 0.1017, target_ndcg@10 = 0.0509

2024-08-01 17:53:10.845968: step 7904/24320 (epoch 26/80), loss = 1.060306 (34.251 sec/epoch), lr: 0.002654
Evaluating on dev set...
...........................
source: 	 mrr: 0.032415	 ndcg_5: 0.0214	 ndcg_10: 0.0295	 hit@1:0.007965	 hit@5:0.0340	 hit@10: 0.0594
target: 	 mrr: 0.045042	 ndcg_5: 0.0380	 ndcg_10: 0.0491	 hit@1:0.012544	 hit@5:0.0634	 hit@10: 0.0983
epoch 26: train_loss = 1.060306, source_hit@10 = 0.0594, source_ndcg@10 = 0.0295, target_hit@10 = 0.0983, target_ndcg@10 = 0.0491

2024-08-01 17:53:45.579948: step 8208/24320 (epoch 27/80), loss = 1.059277 (34.405 sec/epoch), lr: 0.002521
Evaluating on dev set...
...........................
source: 	 mrr: 0.030076	 ndcg_5: 0.0184	 ndcg_10: 0.0275	 hit@1:0.006517	 hit@5:0.0304	 hit@10: 0.0587
target: 	 mrr: 0.047666	 ndcg_5: 0.0404	 ndcg_10: 0.0534	 hit@1:0.013937	 hit@5:0.0683	 hit@10: 0.1094
epoch 27: train_loss = 1.059277, source_hit@10 = 0.0587, source_ndcg@10 = 0.0275, target_hit@10 = 0.1094, target_ndcg@10 = 0.0534

2024-08-01 17:54:19.998555: step 8512/24320 (epoch 28/80), loss = 1.054064 (34.090 sec/epoch), lr: 0.002521
Evaluating on dev set...
...........................
source: 	 mrr: 0.033785	 ndcg_5: 0.0239	 ndcg_10: 0.0322	 hit@1:0.009413	 hit@5:0.0384	 hit@10: 0.0644
target: 	 mrr: 0.047450	 ndcg_5: 0.0373	 ndcg_10: 0.0489	 hit@1:0.017422	 hit@5:0.0571	 hit@10: 0.0934
epoch 28: train_loss = 1.054064, source_hit@10 = 0.0644, source_ndcg@10 = 0.0322, target_hit@10 = 0.0934, target_ndcg@10 = 0.0489

2024-08-01 17:54:54.528347: step 8816/24320 (epoch 29/80), loss = 1.056115 (34.201 sec/epoch), lr: 0.002521
Evaluating on dev set...
...........................
source: 	 mrr: 0.029911	 ndcg_5: 0.0207	 ndcg_10: 0.0314	 hit@1:0.004345	 hit@5:0.0384	 hit@10: 0.0717
target: 	 mrr: 0.048687	 ndcg_5: 0.0371	 ndcg_10: 0.0498	 hit@1:0.018118	 hit@5:0.0544	 hit@10: 0.0941
epoch 29: train_loss = 1.056115, source_hit@10 = 0.0717, source_ndcg@10 = 0.0314, target_hit@10 = 0.0941, target_ndcg@10 = 0.0498

2024-08-01 17:55:29.128689: step 9120/24320 (epoch 30/80), loss = 1.051547 (34.263 sec/epoch), lr: 0.002395
Evaluating on dev set...
...........................
source: 	 mrr: 0.035729	 ndcg_5: 0.0246	 ndcg_10: 0.0350	 hit@1:0.007965	 hit@5:0.0413	 hit@10: 0.0739
target: 	 mrr: 0.050834	 ndcg_5: 0.0429	 ndcg_10: 0.0567	 hit@1:0.018118	 hit@5:0.0704	 hit@10: 0.1136
epoch 30: train_loss = 1.051547, source_hit@10 = 0.0739, source_ndcg@10 = 0.0350, target_hit@10 = 0.1136, target_ndcg@10 = 0.0567

2024-08-01 17:56:03.672081: step 9424/24320 (epoch 31/80), loss = 1.050208 (34.215 sec/epoch), lr: 0.002395
Evaluating on dev set...
...........................
source: 	 mrr: 0.034622	 ndcg_5: 0.0222	 ndcg_10: 0.0347	 hit@1:0.008689	 hit@5:0.0362	 hit@10: 0.0753
target: 	 mrr: 0.053293	 ndcg_5: 0.0460	 ndcg_10: 0.0592	 hit@1:0.019512	 hit@5:0.0732	 hit@10: 0.1143
epoch 31: train_loss = 1.050208, source_hit@10 = 0.0753, source_ndcg@10 = 0.0347, target_hit@10 = 0.1143, target_ndcg@10 = 0.0592

2024-08-01 17:56:38.769893: step 9728/24320 (epoch 32/80), loss = 1.048388 (34.758 sec/epoch), lr: 0.002395
Evaluating on dev set...
...........................
source: 	 mrr: 0.037128	 ndcg_5: 0.0251	 ndcg_10: 0.0351	 hit@1:0.012310	 hit@5:0.0391	 hit@10: 0.0702
target: 	 mrr: 0.052373	 ndcg_5: 0.0428	 ndcg_10: 0.0552	 hit@1:0.022997	 hit@5:0.0641	 hit@10: 0.1031
epoch 32: train_loss = 1.048388, source_hit@10 = 0.0702, source_ndcg@10 = 0.0351, target_hit@10 = 0.1031, target_ndcg@10 = 0.0552

2024-08-01 17:57:13.463917: step 10032/24320 (epoch 33/80), loss = 1.047248 (34.363 sec/epoch), lr: 0.002395
Evaluating on dev set...
...........................
source: 	 mrr: 0.031312	 ndcg_5: 0.0234	 ndcg_10: 0.0309	 hit@1:0.009413	 hit@5:0.0391	 hit@10: 0.0623
target: 	 mrr: 0.060194	 ndcg_5: 0.0490	 ndcg_10: 0.0636	 hit@1:0.027875	 hit@5:0.0704	 hit@10: 0.1150
target best!
..............target: 	 mrr: 0.056615	 ndcg_5: 0.0465	 ndcg_10: 0.0619	 hit@1:0.019890	 hit@5:0.0713	 hit@10: 0.1193
epoch 33: train_loss = 1.047248, source_hit@10 = 0.0623, source_ndcg@10 = 0.0309, target_hit@10 = 0.1193, target_ndcg@10 = 0.0619

2024-08-01 17:57:47.710015: step 10336/24320 (epoch 34/80), loss = 1.044983 (33.749 sec/epoch), lr: 0.002395
Evaluating on dev set...
...........................
source: 	 mrr: 0.033668	 ndcg_5: 0.0219	 ndcg_10: 0.0323	 hit@1:0.008689	 hit@5:0.0348	 hit@10: 0.0681
target: 	 mrr: 0.043535	 ndcg_5: 0.0366	 ndcg_10: 0.0481	 hit@1:0.013240	 hit@5:0.0599	 hit@10: 0.0955
epoch 34: train_loss = 1.044983, source_hit@10 = 0.0681, source_ndcg@10 = 0.0323, target_hit@10 = 0.0955, target_ndcg@10 = 0.0481

2024-08-01 17:58:22.137770: step 10640/24320 (epoch 35/80), loss = 1.040535 (34.100 sec/epoch), lr: 0.002275
Evaluating on dev set...
...........................
source: 	 mrr: 0.034646	 ndcg_5: 0.0244	 ndcg_10: 0.0346	 hit@1:0.007965	 hit@5:0.0413	 hit@10: 0.0731
target: 	 mrr: 0.052685	 ndcg_5: 0.0450	 ndcg_10: 0.0582	 hit@1:0.018815	 hit@5:0.0711	 hit@10: 0.1122
epoch 35: train_loss = 1.040535, source_hit@10 = 0.0731, source_ndcg@10 = 0.0346, target_hit@10 = 0.1122, target_ndcg@10 = 0.0582

2024-08-01 17:58:56.702835: step 10944/24320 (epoch 36/80), loss = 1.041387 (34.234 sec/epoch), lr: 0.002275
Evaluating on dev set...
...........................
source: 	 mrr: 0.033737	 ndcg_5: 0.0237	 ndcg_10: 0.0308	 hit@1:0.010138	 hit@5:0.0369	 hit@10: 0.0587
target: 	 mrr: 0.057179	 ndcg_5: 0.0503	 ndcg_10: 0.0618	 hit@1:0.023693	 hit@5:0.0767	 hit@10: 0.1122
epoch 36: train_loss = 1.041387, source_hit@10 = 0.0587, source_ndcg@10 = 0.0308, target_hit@10 = 0.1122, target_ndcg@10 = 0.0618

2024-08-01 17:59:31.507349: step 11248/24320 (epoch 37/80), loss = 1.039648 (34.461 sec/epoch), lr: 0.002275
Evaluating on dev set...
...........................
source: 	 mrr: 0.027279	 ndcg_5: 0.0169	 ndcg_10: 0.0242	 hit@1:0.006517	 hit@5:0.0275	 hit@10: 0.0500
target: 	 mrr: 0.054785	 ndcg_5: 0.0478	 ndcg_10: 0.0576	 hit@1:0.025087	 hit@5:0.0711	 hit@10: 0.1024
epoch 37: train_loss = 1.039648, source_hit@10 = 0.0500, source_ndcg@10 = 0.0242, target_hit@10 = 0.1024, target_ndcg@10 = 0.0576

2024-08-01 18:00:06.014627: step 11552/24320 (epoch 38/80), loss = 1.035527 (34.129 sec/epoch), lr: 0.002161
Evaluating on dev set...
...........................
source: 	 mrr: 0.034438	 ndcg_5: 0.0226	 ndcg_10: 0.0331	 hit@1:0.007241	 hit@5:0.0384	 hit@10: 0.0710
target: 	 mrr: 0.047693	 ndcg_5: 0.0389	 ndcg_10: 0.0504	 hit@1:0.020906	 hit@5:0.0578	 hit@10: 0.0941
epoch 38: train_loss = 1.035527, source_hit@10 = 0.0710, source_ndcg@10 = 0.0331, target_hit@10 = 0.0941, target_ndcg@10 = 0.0504

2024-08-01 18:00:40.401128: step 11856/24320 (epoch 39/80), loss = 1.035031 (34.057 sec/epoch), lr: 0.002161
Evaluating on dev set...
...........................
source: 	 mrr: 0.035222	 ndcg_5: 0.0258	 ndcg_10: 0.0330	 hit@1:0.007965	 hit@5:0.0442	 hit@10: 0.0666
target: 	 mrr: 0.048042	 ndcg_5: 0.0397	 ndcg_10: 0.0502	 hit@1:0.018815	 hit@5:0.0606	 hit@10: 0.0934
epoch 39: train_loss = 1.035031, source_hit@10 = 0.0666, source_ndcg@10 = 0.0330, target_hit@10 = 0.0934, target_ndcg@10 = 0.0502

2024-08-01 18:01:15.132762: step 12160/24320 (epoch 40/80), loss = 1.035703 (34.377 sec/epoch), lr: 0.002161
Evaluating on dev set...
...........................
source: 	 mrr: 0.032515	 ndcg_5: 0.0223	 ndcg_10: 0.0320	 hit@1:0.007241	 hit@5:0.0391	 hit@10: 0.0688
target: 	 mrr: 0.054962	 ndcg_5: 0.0472	 ndcg_10: 0.0580	 hit@1:0.023693	 hit@5:0.0697	 hit@10: 0.1038
epoch 40: train_loss = 1.035703, source_hit@10 = 0.0688, source_ndcg@10 = 0.0320, target_hit@10 = 0.1038, target_ndcg@10 = 0.0580

2024-08-01 18:01:49.969229: step 12464/24320 (epoch 41/80), loss = 1.033277 (34.495 sec/epoch), lr: 0.002161
Evaluating on dev set...
...........................
source: 	 mrr: 0.033145	 ndcg_5: 0.0228	 ndcg_10: 0.0329	 hit@1:0.007965	 hit@5:0.0369	 hit@10: 0.0681
target: 	 mrr: 0.051095	 ndcg_5: 0.0428	 ndcg_10: 0.0550	 hit@1:0.018118	 hit@5:0.0662	 hit@10: 0.1038
epoch 41: train_loss = 1.033277, source_hit@10 = 0.0681, source_ndcg@10 = 0.0329, target_hit@10 = 0.1038, target_ndcg@10 = 0.0550

2024-08-01 18:02:24.283253: step 12768/24320 (epoch 42/80), loss = 1.032606 (33.965 sec/epoch), lr: 0.002053
Evaluating on dev set...
...........................
source: 	 mrr: 0.038868	 ndcg_5: 0.0279	 ndcg_10: 0.0404	 hit@1:0.010862	 hit@5:0.0434	 hit@10: 0.0825
target: 	 mrr: 0.054215	 ndcg_5: 0.0459	 ndcg_10: 0.0585	 hit@1:0.022300	 hit@5:0.0683	 hit@10: 0.1073
epoch 42: train_loss = 1.032606, source_hit@10 = 0.0825, source_ndcg@10 = 0.0404, target_hit@10 = 0.1073, target_ndcg@10 = 0.0585

2024-08-01 18:02:59.203733: step 13072/24320 (epoch 43/80), loss = 1.031744 (34.551 sec/epoch), lr: 0.002053
Evaluating on dev set...
...........................
source: 	 mrr: 0.037570	 ndcg_5: 0.0271	 ndcg_10: 0.0378	 hit@1:0.011586	 hit@5:0.0442	 hit@10: 0.0775
target: 	 mrr: 0.052555	 ndcg_5: 0.0455	 ndcg_10: 0.0591	 hit@1:0.015331	 hit@5:0.0746	 hit@10: 0.1164
epoch 43: train_loss = 1.031744, source_hit@10 = 0.0775, source_ndcg@10 = 0.0378, target_hit@10 = 0.1164, target_ndcg@10 = 0.0591

2024-08-01 18:03:33.247016: step 13376/24320 (epoch 44/80), loss = 1.027186 (33.712 sec/epoch), lr: 0.001951
Evaluating on dev set...
...........................
source: 	 mrr: 0.040797	 ndcg_5: 0.0308	 ndcg_10: 0.0427	 hit@1:0.013034	 hit@5:0.0478	 hit@10: 0.0854
target: 	 mrr: 0.045467	 ndcg_5: 0.0353	 ndcg_10: 0.0496	 hit@1:0.016028	 hit@5:0.0544	 hit@10: 0.0990
epoch 44: train_loss = 1.027186, source_hit@10 = 0.0854, source_ndcg@10 = 0.0427, target_hit@10 = 0.0990, target_ndcg@10 = 0.0496

2024-08-01 18:04:07.636196: step 13680/24320 (epoch 45/80), loss = 1.026106 (34.057 sec/epoch), lr: 0.001853
Evaluating on dev set...
...........................
source: 	 mrr: 0.039824	 ndcg_5: 0.0293	 ndcg_10: 0.0404	 hit@1:0.013034	 hit@5:0.0456	 hit@10: 0.0804
target: 	 mrr: 0.059961	 ndcg_5: 0.0502	 ndcg_10: 0.0626	 hit@1:0.025784	 hit@5:0.0725	 hit@10: 0.1101
epoch 45: train_loss = 1.026106, source_hit@10 = 0.0804, source_ndcg@10 = 0.0404, target_hit@10 = 0.1101, target_ndcg@10 = 0.0626

2024-08-01 18:04:42.544901: step 13984/24320 (epoch 46/80), loss = 1.024760 (34.527 sec/epoch), lr: 0.001853
Evaluating on dev set...
...........................
source: 	 mrr: 0.040049	 ndcg_5: 0.0273	 ndcg_10: 0.0383	 hit@1:0.014482	 hit@5:0.0406	 hit@10: 0.0746
target: 	 mrr: 0.049309	 ndcg_5: 0.0397	 ndcg_10: 0.0528	 hit@1:0.017422	 hit@5:0.0620	 hit@10: 0.1024
epoch 46: train_loss = 1.024760, source_hit@10 = 0.0746, source_ndcg@10 = 0.0383, target_hit@10 = 0.1024, target_ndcg@10 = 0.0528

2024-08-01 18:05:17.018931: step 14288/24320 (epoch 47/80), loss = 1.022556 (34.120 sec/epoch), lr: 0.001761
Evaluating on dev set...
...........................
source: 	 mrr: 0.041272	 ndcg_5: 0.0313	 ndcg_10: 0.0400	 hit@1:0.014482	 hit@5:0.0492	 hit@10: 0.0768
target: 	 mrr: 0.050991	 ndcg_5: 0.0445	 ndcg_10: 0.0546	 hit@1:0.016028	 hit@5:0.0711	 hit@10: 0.1024
epoch 47: train_loss = 1.022556, source_hit@10 = 0.0768, source_ndcg@10 = 0.0400, target_hit@10 = 0.1024, target_ndcg@10 = 0.0546

2024-08-01 18:05:51.890894: step 14592/24320 (epoch 48/80), loss = 1.021682 (34.537 sec/epoch), lr: 0.001761
Evaluating on dev set...
...........................
source: 	 mrr: 0.040535	 ndcg_5: 0.0307	 ndcg_10: 0.0395	 hit@1:0.010862	 hit@5:0.0507	 hit@10: 0.0782
target: 	 mrr: 0.047456	 ndcg_5: 0.0390	 ndcg_10: 0.0517	 hit@1:0.017422	 hit@5:0.0613	 hit@10: 0.1010
epoch 48: train_loss = 1.021682, source_hit@10 = 0.0782, source_ndcg@10 = 0.0395, target_hit@10 = 0.1010, target_ndcg@10 = 0.0517

2024-08-01 18:06:26.329615: step 14896/24320 (epoch 49/80), loss = 1.018047 (34.109 sec/epoch), lr: 0.001672
Evaluating on dev set...
...........................
source: 	 mrr: 0.039894	 ndcg_5: 0.0290	 ndcg_10: 0.0413	 hit@1:0.009413	 hit@5:0.0478	 hit@10: 0.0862
target: 	 mrr: 0.048067	 ndcg_5: 0.0377	 ndcg_10: 0.0552	 hit@1:0.013240	 hit@5:0.0613	 hit@10: 0.1164
epoch 49: train_loss = 1.018047, source_hit@10 = 0.0862, source_ndcg@10 = 0.0413, target_hit@10 = 0.1164, target_ndcg@10 = 0.0552

2024-08-01 18:07:00.945379: step 15200/24320 (epoch 50/80), loss = 1.015949 (34.255 sec/epoch), lr: 0.001589
Evaluating on dev set...
...........................
source: 	 mrr: 0.041976	 ndcg_5: 0.0302	 ndcg_10: 0.0439	 hit@1:0.012310	 hit@5:0.0492	 hit@10: 0.0912
target: 	 mrr: 0.050653	 ndcg_5: 0.0441	 ndcg_10: 0.0570	 hit@1:0.016028	 hit@5:0.0732	 hit@10: 0.1136
source best!
.............
source: 	 mrr: 0.041849	 ndcg_5: 0.0299	 ndcg_10: 0.0449	 hit@1:0.009202	 hit@5:0.0506	 hit@10: 0.0966
epoch 50: train_loss = 1.015949, source_hit@10 = 0.0966, source_ndcg@10 = 0.0449, target_hit@10 = 0.1136, target_ndcg@10 = 0.0570
shift to transfer learning mode

2024-08-01 18:07:36.376764: step 15504/24320 (epoch 51/80), loss = 1.015537 (34.972 sec/epoch), lr: 0.001589
Evaluating on dev set...
...........................
source: 	 mrr: 0.037182	 ndcg_5: 0.0270	 ndcg_10: 0.0361	 hit@1:0.012310	 hit@5:0.0427	 hit@10: 0.0710
target: 	 mrr: 0.051503	 ndcg_5: 0.0439	 ndcg_10: 0.0568	 hit@1:0.018815	 hit@5:0.0704	 hit@10: 0.1101
epoch 51: train_loss = 1.015537, source_hit@10 = 0.0710, source_ndcg@10 = 0.0361, target_hit@10 = 0.1101, target_ndcg@10 = 0.0568

2024-08-01 18:08:11.960626: step 15808/24320 (epoch 52/80), loss = 1.013608 (35.214 sec/epoch), lr: 0.001509
Evaluating on dev set...
...........................
source: 	 mrr: 0.042034	 ndcg_5: 0.0306	 ndcg_10: 0.0436	 hit@1:0.011586	 hit@5:0.0485	 hit@10: 0.0891
target: 	 mrr: 0.057286	 ndcg_5: 0.0483	 ndcg_10: 0.0620	 hit@1:0.022997	 hit@5:0.0732	 hit@10: 0.1157
source best!
.............
source: 	 mrr: 0.040077	 ndcg_5: 0.0311	 ndcg_10: 0.0416	 hit@1:0.006902	 hit@5:0.0552	 hit@10: 0.0882
epoch 52: train_loss = 1.013608, source_hit@10 = 0.0882, source_ndcg@10 = 0.0416, target_hit@10 = 0.1157, target_ndcg@10 = 0.0620

2024-08-01 18:08:46.777268: step 16112/24320 (epoch 53/80), loss = 1.012969 (34.330 sec/epoch), lr: 0.001509
Evaluating on dev set...
...........................
source: 	 mrr: 0.039914	 ndcg_5: 0.0270	 ndcg_10: 0.0411	 hit@1:0.010862	 hit@5:0.0413	 hit@10: 0.0854
target: 	 mrr: 0.052715	 ndcg_5: 0.0440	 ndcg_10: 0.0590	 hit@1:0.018815	 hit@5:0.0697	 hit@10: 0.1171
epoch 53: train_loss = 1.012969, source_hit@10 = 0.0854, source_ndcg@10 = 0.0411, target_hit@10 = 0.1171, target_ndcg@10 = 0.0590

2024-08-01 18:09:21.889483: step 16416/24320 (epoch 54/80), loss = 1.007369 (34.775 sec/epoch), lr: 0.001434
Evaluating on dev set...
...........................
source: 	 mrr: 0.040058	 ndcg_5: 0.0284	 ndcg_10: 0.0389	 hit@1:0.012310	 hit@5:0.0442	 hit@10: 0.0775
target: 	 mrr: 0.060901	 ndcg_5: 0.0539	 ndcg_10: 0.0651	 hit@1:0.025784	 hit@5:0.0815	 hit@10: 0.1164
target best!
..............target: 	 mrr: 0.054126	 ndcg_5: 0.0441	 ndcg_10: 0.0610	 hit@1:0.017147	 hit@5:0.0706	 hit@10: 0.1235
epoch 54: train_loss = 1.007369, source_hit@10 = 0.0775, source_ndcg@10 = 0.0389, target_hit@10 = 0.1235, target_ndcg@10 = 0.0610

2024-08-01 18:09:57.828577: step 16720/24320 (epoch 55/80), loss = 1.008954 (35.464 sec/epoch), lr: 0.001434
Evaluating on dev set...
...........................
source: 	 mrr: 0.040671	 ndcg_5: 0.0280	 ndcg_10: 0.0394	 hit@1:0.013034	 hit@5:0.0420	 hit@10: 0.0775
target: 	 mrr: 0.050586	 ndcg_5: 0.0442	 ndcg_10: 0.0556	 hit@1:0.013937	 hit@5:0.0739	 hit@10: 0.1094
epoch 55: train_loss = 1.008954, source_hit@10 = 0.0775, source_ndcg@10 = 0.0394, target_hit@10 = 0.1094, target_ndcg@10 = 0.0556

2024-08-01 18:10:33.188172: step 17024/24320 (epoch 56/80), loss = 1.006976 (35.030 sec/epoch), lr: 0.001362
Evaluating on dev set...
...........................
source: 	 mrr: 0.040720	 ndcg_5: 0.0291	 ndcg_10: 0.0380	 hit@1:0.013758	 hit@5:0.0434	 hit@10: 0.0717
target: 	 mrr: 0.046417	 ndcg_5: 0.0384	 ndcg_10: 0.0515	 hit@1:0.013240	 hit@5:0.0634	 hit@10: 0.1038
epoch 56: train_loss = 1.006976, source_hit@10 = 0.0717, source_ndcg@10 = 0.0380, target_hit@10 = 0.1038, target_ndcg@10 = 0.0515

2024-08-01 18:11:08.244209: step 17328/24320 (epoch 57/80), loss = 1.002538 (34.728 sec/epoch), lr: 0.001294
Evaluating on dev set...
...........................
source: 	 mrr: 0.039664	 ndcg_5: 0.0281	 ndcg_10: 0.0387	 hit@1:0.011586	 hit@5:0.0463	 hit@10: 0.0797
target: 	 mrr: 0.047239	 ndcg_5: 0.0398	 ndcg_10: 0.0532	 hit@1:0.011847	 hit@5:0.0669	 hit@10: 0.1094
epoch 57: train_loss = 1.002538, source_hit@10 = 0.0797, source_ndcg@10 = 0.0387, target_hit@10 = 0.1094, target_ndcg@10 = 0.0532

2024-08-01 18:11:43.047379: step 17632/24320 (epoch 58/80), loss = 1.001703 (34.474 sec/epoch), lr: 0.001229
Evaluating on dev set...
...........................
source: 	 mrr: 0.037473	 ndcg_5: 0.0267	 ndcg_10: 0.0354	 hit@1:0.010138	 hit@5:0.0427	 hit@10: 0.0702
target: 	 mrr: 0.050494	 ndcg_5: 0.0414	 ndcg_10: 0.0564	 hit@1:0.017422	 hit@5:0.0648	 hit@10: 0.1115
epoch 58: train_loss = 1.001703, source_hit@10 = 0.0702, source_ndcg@10 = 0.0354, target_hit@10 = 0.1115, target_ndcg@10 = 0.0564

2024-08-01 18:12:18.872901: step 17936/24320 (epoch 59/80), loss = 1.000532 (35.496 sec/epoch), lr: 0.001229
Evaluating on dev set...
...........................
source: 	 mrr: 0.040680	 ndcg_5: 0.0293	 ndcg_10: 0.0411	 hit@1:0.012310	 hit@5:0.0463	 hit@10: 0.0840
target: 	 mrr: 0.047630	 ndcg_5: 0.0401	 ndcg_10: 0.0531	 hit@1:0.013240	 hit@5:0.0669	 hit@10: 0.1066
epoch 59: train_loss = 1.000532, source_hit@10 = 0.0840, source_ndcg@10 = 0.0411, target_hit@10 = 0.1066, target_ndcg@10 = 0.0531
early termination of training
