nohup: ignoring input
using gpu:1 to train the model
using gpu:1 to train the model
cuda:1
Namespace(A_split=False, JK='sum', a_fold=100, aggregate=False, batch_size=1024, beta=1.5, conv_layers=4, cuda=True, decay_epoch=10, device=device(type='cuda', index=1), device_id='1', domains='game_video', dropout=0.5, epoch=80, feature_dim=126, hidden_dim=126, inter_tau=0.2, intra_tau=1, lambda_constra=0.3, lambda_critic=0.6, leakey=0.01, load=False, log='logs.txt', log_epoch=1, lr=0.004, lr_decay=0.95, min_epoch=50, mode='train', model_file=None, model_name='gv', momentum=0.98, num_latent_factors=3, num_negative=100, optim='adam', patience=50, proj_layers=1, projection=1, residual=1, save=True, save_dir='./saved_models', seed=32, similarity_tau=0.1, test_sample_number=999, transfer_epoch=50, user_batch_size=256, weight_decay=0.0002)
number_user 25025
number_item 12319
/home/hourun/invariantCDR_v2/invariantCDR/utils/GraphMaker.py:46: RuntimeWarning: divide by zero encountered in power
  r_inv = np.power(rowsum, -1).flatten()
real graph loaded!
number_user 19457
number_item 8751
real graph loaded!
graph loaded!
Loading data from game_video with batch size 1024...
unseen test: 0
test length: 1381
unseen test: 0
test length: 1304
unseen test: 0
test length: 1435
unseen test: 0
test length: 1458
source_user_num 25025
target_user_num 19457
source_item_num 12319
target_item_num 8751
shared users id: 1737
test users 226, 217
unseen test: 0
dev length: 1000
unseen test: 0
dev length: 1000
source train data : 155036, target train data: 156091, source test data : 1304, target test data : 1458, source dev data : 1000, target dev data : 1000
2024-07-31 16:38:47.339150: step 304/24320 (epoch 1/80), loss = 0.968285 (36.781 sec/epoch), lr: 0.004000
Evaluating on dev set...
...........................
source: 	 mrr: 0.023701	 ndcg_5: 0.0143	 ndcg_10: 0.0221	 hit@1:0.003621	 hit@5:0.0261	 hit@10: 0.0507
target: 	 mrr: 0.034826	 ndcg_5: 0.0251	 ndcg_10: 0.0321	 hit@1:0.014634	 hit@5:0.0355	 hit@10: 0.0578
source best!
.............
source: 	 mrr: 0.024808	 ndcg_5: 0.0147	 ndcg_10: 0.0211	 hit@1:0.005368	 hit@5:0.0245	 hit@10: 0.0445
target best!
..............target: 	 mrr: 0.029416	 ndcg_5: 0.0202	 ndcg_10: 0.0304	 hit@1:0.005487	 hit@5:0.0350	 hit@10: 0.0665
epoch 1: train_loss = 0.968285, source_hit@10 = 0.0445, source_ndcg@10 = 0.0211, target_hit@10 = 0.0665, target_ndcg@10 = 0.0304

2024-07-31 16:39:25.493977: step 608/24320 (epoch 2/80), loss = 0.851760 (37.526 sec/epoch), lr: 0.004000
Evaluating on dev set...
...........................
source: 	 mrr: 0.024253	 ndcg_5: 0.0131	 ndcg_10: 0.0223	 hit@1:0.005793	 hit@5:0.0217	 hit@10: 0.0507
target: 	 mrr: 0.030063	 ndcg_5: 0.0209	 ndcg_10: 0.0287	 hit@1:0.010453	 hit@5:0.0321	 hit@10: 0.0564
source best!
.............
source: 	 mrr: 0.032475	 ndcg_5: 0.0210	 ndcg_10: 0.0344	 hit@1:0.006902	 hit@5:0.0345	 hit@10: 0.0759
epoch 2: train_loss = 0.851760, source_hit@10 = 0.0759, source_ndcg@10 = 0.0344, target_hit@10 = 0.0564, target_ndcg@10 = 0.0287

2024-07-31 16:40:04.456174: step 912/24320 (epoch 3/80), loss = 0.836154 (38.460 sec/epoch), lr: 0.004000
Evaluating on dev set...
...........................
source: 	 mrr: 0.025611	 ndcg_5: 0.0144	 ndcg_10: 0.0254	 hit@1:0.005069	 hit@5:0.0239	 hit@10: 0.0579
target: 	 mrr: 0.022117	 ndcg_5: 0.0129	 ndcg_10: 0.0168	 hit@1:0.006272	 hit@5:0.0188	 hit@10: 0.0314
source best!
.............
source: 	 mrr: 0.031588	 ndcg_5: 0.0229	 ndcg_10: 0.0334	 hit@1:0.008436	 hit@5:0.0383	 hit@10: 0.0713
epoch 3: train_loss = 0.836154, source_hit@10 = 0.0713, source_ndcg@10 = 0.0334, target_hit@10 = 0.0314, target_ndcg@10 = 0.0168

2024-07-31 16:40:43.979606: step 1216/24320 (epoch 4/80), loss = 0.824323 (39.058 sec/epoch), lr: 0.004000
Evaluating on dev set...
...........................
source: 	 mrr: 0.029301	 ndcg_5: 0.0178	 ndcg_10: 0.0269	 hit@1:0.006517	 hit@5:0.0282	 hit@10: 0.0565
target: 	 mrr: 0.033858	 ndcg_5: 0.0249	 ndcg_10: 0.0318	 hit@1:0.010453	 hit@5:0.0390	 hit@10: 0.0606
source best!
.............
source: 	 mrr: 0.028558	 ndcg_5: 0.0186	 ndcg_10: 0.0276	 hit@1:0.006135	 hit@5:0.0314	 hit@10: 0.0590
epoch 4: train_loss = 0.824323, source_hit@10 = 0.0590, source_ndcg@10 = 0.0276, target_hit@10 = 0.0606, target_ndcg@10 = 0.0318
new best model saved.

2024-07-31 16:41:23.659109: step 1520/24320 (epoch 5/80), loss = 0.821238 (39.042 sec/epoch), lr: 0.004000
Evaluating on dev set...
...........................
source: 	 mrr: 0.029942	 ndcg_5: 0.0199	 ndcg_10: 0.0267	 hit@1:0.007965	 hit@5:0.0319	 hit@10: 0.0536
target: 	 mrr: 0.032218	 ndcg_5: 0.0213	 ndcg_10: 0.0322	 hit@1:0.006969	 hit@5:0.0348	 hit@10: 0.0697
source best!
.............
source: 	 mrr: 0.031286	 ndcg_5: 0.0190	 ndcg_10: 0.0311	 hit@1:0.008436	 hit@5:0.0299	 hit@10: 0.0683
epoch 5: train_loss = 0.821238, source_hit@10 = 0.0683, source_ndcg@10 = 0.0311, target_hit@10 = 0.0697, target_ndcg@10 = 0.0322

2024-07-31 16:42:02.493886: step 1824/24320 (epoch 6/80), loss = 0.817515 (38.352 sec/epoch), lr: 0.004000
Evaluating on dev set...
...........................
source: 	 mrr: 0.030295	 ndcg_5: 0.0201	 ndcg_10: 0.0285	 hit@1:0.006517	 hit@5:0.0333	 hit@10: 0.0594
target: 	 mrr: 0.029971	 ndcg_5: 0.0202	 ndcg_10: 0.0279	 hit@1:0.012544	 hit@5:0.0286	 hit@10: 0.0530
source best!
.............
source: 	 mrr: 0.030751	 ndcg_5: 0.0211	 ndcg_10: 0.0294	 hit@1:0.007669	 hit@5:0.0353	 hit@10: 0.0606
epoch 6: train_loss = 0.817515, source_hit@10 = 0.0606, source_ndcg@10 = 0.0294, target_hit@10 = 0.0530, target_ndcg@10 = 0.0279

2024-07-31 16:42:41.508284: step 2128/24320 (epoch 7/80), loss = 0.815306 (38.552 sec/epoch), lr: 0.004000
Evaluating on dev set...
...........................
source: 	 mrr: 0.033446	 ndcg_5: 0.0233	 ndcg_10: 0.0333	 hit@1:0.008689	 hit@5:0.0369	 hit@10: 0.0681
target: 	 mrr: 0.040266	 ndcg_5: 0.0319	 ndcg_10: 0.0400	 hit@1:0.015331	 hit@5:0.0488	 hit@10: 0.0739
source best!
.............
source: 	 mrr: 0.034416	 ndcg_5: 0.0245	 ndcg_10: 0.0328	 hit@1:0.011503	 hit@5:0.0383	 hit@10: 0.0637
target best!
..............target: 	 mrr: 0.036858	 ndcg_5: 0.0265	 ndcg_10: 0.0379	 hit@1:0.011660	 hit@5:0.0412	 hit@10: 0.0768
epoch 7: train_loss = 0.815306, source_hit@10 = 0.0637, source_ndcg@10 = 0.0328, target_hit@10 = 0.0768, target_ndcg@10 = 0.0379
new best model saved.

2024-07-31 16:43:20.984137: step 2432/24320 (epoch 8/80), loss = 0.813404 (38.665 sec/epoch), lr: 0.004000
Evaluating on dev set...
...........................
source: 	 mrr: 0.027461	 ndcg_5: 0.0189	 ndcg_10: 0.0245	 hit@1:0.005069	 hit@5:0.0333	 hit@10: 0.0507
target: 	 mrr: 0.040521	 ndcg_5: 0.0300	 ndcg_10: 0.0429	 hit@1:0.012544	 hit@5:0.0467	 hit@10: 0.0864
target best!
..............target: 	 mrr: 0.042193	 ndcg_5: 0.0341	 ndcg_10: 0.0425	 hit@1:0.014403	 hit@5:0.0542	 hit@10: 0.0802
epoch 8: train_loss = 0.813404, source_hit@10 = 0.0507, source_ndcg@10 = 0.0245, target_hit@10 = 0.0802, target_ndcg@10 = 0.0425

2024-07-31 16:44:00.521521: step 2736/24320 (epoch 9/80), loss = 0.804733 (38.988 sec/epoch), lr: 0.004000
Evaluating on dev set...
...........................
source: 	 mrr: 0.028388	 ndcg_5: 0.0168	 ndcg_10: 0.0266	 hit@1:0.007241	 hit@5:0.0268	 hit@10: 0.0572
target: 	 mrr: 0.040272	 ndcg_5: 0.0295	 ndcg_10: 0.0439	 hit@1:0.013240	 hit@5:0.0467	 hit@10: 0.0920
epoch 9: train_loss = 0.804733, source_hit@10 = 0.0572, source_ndcg@10 = 0.0266, target_hit@10 = 0.0920, target_ndcg@10 = 0.0439

2024-07-31 16:44:39.492571: step 3040/24320 (epoch 10/80), loss = 0.799052 (38.634 sec/epoch), lr: 0.004000
Evaluating on dev set...
...........................
source: 	 mrr: 0.029237	 ndcg_5: 0.0178	 ndcg_10: 0.0281	 hit@1:0.005069	 hit@5:0.0297	 hit@10: 0.0623
target: 	 mrr: 0.040821	 ndcg_5: 0.0309	 ndcg_10: 0.0439	 hit@1:0.011150	 hit@5:0.0509	 hit@10: 0.0906
target best!
..............target: 	 mrr: 0.040857	 ndcg_5: 0.0355	 ndcg_10: 0.0455	 hit@1:0.008230	 hit@5:0.0645	 hit@10: 0.0953
epoch 10: train_loss = 0.799052, source_hit@10 = 0.0623, source_ndcg@10 = 0.0281, target_hit@10 = 0.0953, target_ndcg@10 = 0.0455

2024-07-31 16:45:19.306303: step 3344/24320 (epoch 11/80), loss = 0.797195 (39.335 sec/epoch), lr: 0.004000
Evaluating on dev set...
...........................
source: 	 mrr: 0.030088	 ndcg_5: 0.0181	 ndcg_10: 0.0270	 hit@1:0.006517	 hit@5:0.0297	 hit@10: 0.0565
target: 	 mrr: 0.041678	 ndcg_5: 0.0326	 ndcg_10: 0.0434	 hit@1:0.013937	 hit@5:0.0509	 hit@10: 0.0843
target best!
..............target: 	 mrr: 0.041631	 ndcg_5: 0.0334	 ndcg_10: 0.0441	 hit@1:0.012346	 hit@5:0.0535	 hit@10: 0.0871
epoch 11: train_loss = 0.797195, source_hit@10 = 0.0565, source_ndcg@10 = 0.0270, target_hit@10 = 0.0871, target_ndcg@10 = 0.0441

2024-07-31 16:45:58.891672: step 3648/24320 (epoch 12/80), loss = 0.787539 (39.106 sec/epoch), lr: 0.004000
Evaluating on dev set...
...........................
source: 	 mrr: 0.041889	 ndcg_5: 0.0316	 ndcg_10: 0.0416	 hit@1:0.014482	 hit@5:0.0485	 hit@10: 0.0804
target: 	 mrr: 0.042009	 ndcg_5: 0.0326	 ndcg_10: 0.0455	 hit@1:0.013240	 hit@5:0.0530	 hit@10: 0.0927
source best!
.............
source: 	 mrr: 0.041961	 ndcg_5: 0.0303	 ndcg_10: 0.0457	 hit@1:0.013037	 hit@5:0.0483	 hit@10: 0.0959
target best!
..............target: 	 mrr: 0.045365	 ndcg_5: 0.0346	 ndcg_10: 0.0466	 hit@1:0.017147	 hit@5:0.0514	 hit@10: 0.0885
epoch 12: train_loss = 0.787539, source_hit@10 = 0.0959, source_ndcg@10 = 0.0457, target_hit@10 = 0.0885, target_ndcg@10 = 0.0466
new best model saved.

2024-07-31 16:46:38.389222: step 3952/24320 (epoch 13/80), loss = 0.783333 (38.645 sec/epoch), lr: 0.004000
Evaluating on dev set...
...........................
source: 	 mrr: 0.037780	 ndcg_5: 0.0268	 ndcg_10: 0.0351	 hit@1:0.012310	 hit@5:0.0406	 hit@10: 0.0659
target: 	 mrr: 0.039812	 ndcg_5: 0.0298	 ndcg_10: 0.0401	 hit@1:0.012544	 hit@5:0.0460	 hit@10: 0.0787
epoch 13: train_loss = 0.783333, source_hit@10 = 0.0659, source_ndcg@10 = 0.0351, target_hit@10 = 0.0787, target_ndcg@10 = 0.0401

2024-07-31 16:47:17.909093: step 4256/24320 (epoch 14/80), loss = 0.777579 (39.180 sec/epoch), lr: 0.003800
Evaluating on dev set...
...........................
source: 	 mrr: 0.031887	 ndcg_5: 0.0187	 ndcg_10: 0.0327	 hit@1:0.007965	 hit@5:0.0304	 hit@10: 0.0739
target: 	 mrr: 0.038979	 ndcg_5: 0.0310	 ndcg_10: 0.0433	 hit@1:0.006272	 hit@5:0.0544	 hit@10: 0.0920
epoch 14: train_loss = 0.777579, source_hit@10 = 0.0739, source_ndcg@10 = 0.0327, target_hit@10 = 0.0920, target_ndcg@10 = 0.0433

2024-07-31 16:47:57.602370: step 4560/24320 (epoch 15/80), loss = 0.773749 (39.354 sec/epoch), lr: 0.003610
Evaluating on dev set...
...........................
source: 	 mrr: 0.033418	 ndcg_5: 0.0234	 ndcg_10: 0.0318	 hit@1:0.007241	 hit@5:0.0398	 hit@10: 0.0666
target: 	 mrr: 0.039199	 ndcg_5: 0.0336	 ndcg_10: 0.0391	 hit@1:0.012544	 hit@5:0.0551	 hit@10: 0.0725
epoch 15: train_loss = 0.773749, source_hit@10 = 0.0666, source_ndcg@10 = 0.0318, target_hit@10 = 0.0725, target_ndcg@10 = 0.0391

2024-07-31 16:48:36.764145: step 4864/24320 (epoch 16/80), loss = 0.772096 (38.826 sec/epoch), lr: 0.003610
Evaluating on dev set...
...........................
source: 	 mrr: 0.032714	 ndcg_5: 0.0227	 ndcg_10: 0.0323	 hit@1:0.009413	 hit@5:0.0362	 hit@10: 0.0659
target: 	 mrr: 0.039170	 ndcg_5: 0.0297	 ndcg_10: 0.0424	 hit@1:0.009756	 hit@5:0.0495	 hit@10: 0.0892
epoch 16: train_loss = 0.772096, source_hit@10 = 0.0659, source_ndcg@10 = 0.0323, target_hit@10 = 0.0892, target_ndcg@10 = 0.0424

2024-07-31 16:49:15.949054: step 5168/24320 (epoch 17/80), loss = 0.768802 (38.849 sec/epoch), lr: 0.003429
Evaluating on dev set...
...........................
source: 	 mrr: 0.030390	 ndcg_5: 0.0193	 ndcg_10: 0.0298	 hit@1:0.006517	 hit@5:0.0333	 hit@10: 0.0666
target: 	 mrr: 0.037569	 ndcg_5: 0.0302	 ndcg_10: 0.0379	 hit@1:0.012544	 hit@5:0.0488	 hit@10: 0.0725
epoch 17: train_loss = 0.768802, source_hit@10 = 0.0666, source_ndcg@10 = 0.0298, target_hit@10 = 0.0725, target_ndcg@10 = 0.0379

2024-07-31 16:49:54.801820: step 5472/24320 (epoch 18/80), loss = 0.767351 (38.517 sec/epoch), lr: 0.003258
Evaluating on dev set...
...........................
source: 	 mrr: 0.037050	 ndcg_5: 0.0259	 ndcg_10: 0.0370	 hit@1:0.012310	 hit@5:0.0406	 hit@10: 0.0753
target: 	 mrr: 0.037841	 ndcg_5: 0.0305	 ndcg_10: 0.0406	 hit@1:0.010453	 hit@5:0.0523	 hit@10: 0.0843
epoch 18: train_loss = 0.767351, source_hit@10 = 0.0753, source_ndcg@10 = 0.0370, target_hit@10 = 0.0843, target_ndcg@10 = 0.0406

2024-07-31 16:50:34.023985: step 5776/24320 (epoch 19/80), loss = 0.764954 (38.877 sec/epoch), lr: 0.003258
Evaluating on dev set...
...........................
source: 	 mrr: 0.036313	 ndcg_5: 0.0246	 ndcg_10: 0.0344	 hit@1:0.013758	 hit@5:0.0362	 hit@10: 0.0673
target: 	 mrr: 0.035546	 ndcg_5: 0.0264	 ndcg_10: 0.0336	 hit@1:0.013240	 hit@5:0.0397	 hit@10: 0.0620
epoch 19: train_loss = 0.764954, source_hit@10 = 0.0673, source_ndcg@10 = 0.0344, target_hit@10 = 0.0620, target_ndcg@10 = 0.0336

2024-07-31 16:51:13.335363: step 6080/24320 (epoch 20/80), loss = 0.758367 (38.972 sec/epoch), lr: 0.003095
Evaluating on dev set...
...........................
source: 	 mrr: 0.034045	 ndcg_5: 0.0242	 ndcg_10: 0.0309	 hit@1:0.009413	 hit@5:0.0391	 hit@10: 0.0601
target: 	 mrr: 0.044790	 ndcg_5: 0.0371	 ndcg_10: 0.0488	 hit@1:0.013937	 hit@5:0.0599	 hit@10: 0.0962
target best!
..............target: 	 mrr: 0.047560	 ndcg_5: 0.0392	 ndcg_10: 0.0499	 hit@1:0.019204	 hit@5:0.0597	 hit@10: 0.0933
epoch 20: train_loss = 0.758367, source_hit@10 = 0.0601, source_ndcg@10 = 0.0309, target_hit@10 = 0.0933, target_ndcg@10 = 0.0499

2024-07-31 16:51:52.339421: step 6384/24320 (epoch 21/80), loss = 0.756050 (38.524 sec/epoch), lr: 0.003095
Evaluating on dev set...
...........................
source: 	 mrr: 0.029506	 ndcg_5: 0.0191	 ndcg_10: 0.0275	 hit@1:0.007965	 hit@5:0.0297	 hit@10: 0.0558
target: 	 mrr: 0.032930	 ndcg_5: 0.0239	 ndcg_10: 0.0353	 hit@1:0.004181	 hit@5:0.0432	 hit@10: 0.0787
epoch 21: train_loss = 0.756050, source_hit@10 = 0.0558, source_ndcg@10 = 0.0275, target_hit@10 = 0.0787, target_ndcg@10 = 0.0353

2024-07-31 16:52:31.476110: step 6688/24320 (epoch 22/80), loss = 0.753469 (38.802 sec/epoch), lr: 0.002940
Evaluating on dev set...
...........................
source: 	 mrr: 0.030481	 ndcg_5: 0.0197	 ndcg_10: 0.0298	 hit@1:0.004345	 hit@5:0.0348	 hit@10: 0.0659
target: 	 mrr: 0.040775	 ndcg_5: 0.0320	 ndcg_10: 0.0430	 hit@1:0.014634	 hit@5:0.0495	 hit@10: 0.0836
epoch 22: train_loss = 0.753469, source_hit@10 = 0.0659, source_ndcg@10 = 0.0298, target_hit@10 = 0.0836, target_ndcg@10 = 0.0430

2024-07-31 16:53:10.636193: step 6992/24320 (epoch 23/80), loss = 0.752645 (38.818 sec/epoch), lr: 0.002940
Evaluating on dev set...
...........................
source: 	 mrr: 0.029720	 ndcg_5: 0.0188	 ndcg_10: 0.0267	 hit@1:0.009413	 hit@5:0.0290	 hit@10: 0.0536
target: 	 mrr: 0.040165	 ndcg_5: 0.0336	 ndcg_10: 0.0446	 hit@1:0.008362	 hit@5:0.0592	 hit@10: 0.0941
epoch 23: train_loss = 0.752645, source_hit@10 = 0.0536, source_ndcg@10 = 0.0267, target_hit@10 = 0.0941, target_ndcg@10 = 0.0446

2024-07-31 16:53:49.590681: step 7296/24320 (epoch 24/80), loss = 0.749693 (38.615 sec/epoch), lr: 0.002793
Evaluating on dev set...
...........................
source: 	 mrr: 0.026145	 ndcg_5: 0.0166	 ndcg_10: 0.0236	 hit@1:0.005793	 hit@5:0.0275	 hit@10: 0.0492
target: 	 mrr: 0.038261	 ndcg_5: 0.0302	 ndcg_10: 0.0445	 hit@1:0.009059	 hit@5:0.0530	 hit@10: 0.0969
epoch 24: train_loss = 0.749693, source_hit@10 = 0.0492, source_ndcg@10 = 0.0236, target_hit@10 = 0.0969, target_ndcg@10 = 0.0445

2024-07-31 16:54:28.689866: step 7600/24320 (epoch 25/80), loss = 0.742684 (38.765 sec/epoch), lr: 0.002654
Evaluating on dev set...
...........................
source: 	 mrr: 0.035978	 ndcg_5: 0.0249	 ndcg_10: 0.0339	 hit@1:0.011586	 hit@5:0.0369	 hit@10: 0.0652
target: 	 mrr: 0.038109	 ndcg_5: 0.0298	 ndcg_10: 0.0395	 hit@1:0.011847	 hit@5:0.0488	 hit@10: 0.0787
epoch 25: train_loss = 0.742684, source_hit@10 = 0.0652, source_ndcg@10 = 0.0339, target_hit@10 = 0.0787, target_ndcg@10 = 0.0395

2024-07-31 16:55:08.206020: step 7904/24320 (epoch 26/80), loss = 0.734565 (39.173 sec/epoch), lr: 0.002654
Evaluating on dev set...
...........................
source: 	 mrr: 0.043164	 ndcg_5: 0.0312	 ndcg_10: 0.0429	 hit@1:0.017379	 hit@5:0.0449	 hit@10: 0.0818
target: 	 mrr: 0.043052	 ndcg_5: 0.0342	 ndcg_10: 0.0445	 hit@1:0.014634	 hit@5:0.0516	 hit@10: 0.0836
source best!
.............
source: 	 mrr: 0.040293	 ndcg_5: 0.0311	 ndcg_10: 0.0397	 hit@1:0.011503	 hit@5:0.0506	 hit@10: 0.0775
epoch 26: train_loss = 0.734565, source_hit@10 = 0.0775, source_ndcg@10 = 0.0397, target_hit@10 = 0.0836, target_ndcg@10 = 0.0445

2024-07-31 16:55:47.515508: step 8208/24320 (epoch 27/80), loss = 0.733820 (38.835 sec/epoch), lr: 0.002654
Evaluating on dev set...
...........................
source: 	 mrr: 0.029182	 ndcg_5: 0.0164	 ndcg_10: 0.0297	 hit@1:0.004345	 hit@5:0.0290	 hit@10: 0.0702
target: 	 mrr: 0.039828	 ndcg_5: 0.0312	 ndcg_10: 0.0434	 hit@1:0.009756	 hit@5:0.0516	 hit@10: 0.0899
epoch 27: train_loss = 0.733820, source_hit@10 = 0.0702, source_ndcg@10 = 0.0297, target_hit@10 = 0.0899, target_ndcg@10 = 0.0434

2024-07-31 16:56:26.973905: step 8512/24320 (epoch 28/80), loss = 0.727503 (39.108 sec/epoch), lr: 0.002521
Evaluating on dev set...
...........................
source: 	 mrr: 0.030319	 ndcg_5: 0.0173	 ndcg_10: 0.0276	 hit@1:0.007241	 hit@5:0.0282	 hit@10: 0.0608
target: 	 mrr: 0.040931	 ndcg_5: 0.0304	 ndcg_10: 0.0438	 hit@1:0.013240	 hit@5:0.0488	 hit@10: 0.0906
epoch 28: train_loss = 0.727503, source_hit@10 = 0.0608, source_ndcg@10 = 0.0276, target_hit@10 = 0.0906, target_ndcg@10 = 0.0438

2024-07-31 16:57:06.556825: step 8816/24320 (epoch 29/80), loss = 0.726836 (39.244 sec/epoch), lr: 0.002521
Evaluating on dev set...
...........................
source: 	 mrr: 0.036249	 ndcg_5: 0.0232	 ndcg_10: 0.0337	 hit@1:0.010862	 hit@5:0.0362	 hit@10: 0.0688
target: 	 mrr: 0.040523	 ndcg_5: 0.0317	 ndcg_10: 0.0421	 hit@1:0.013240	 hit@5:0.0509	 hit@10: 0.0836
epoch 29: train_loss = 0.726836, source_hit@10 = 0.0688, source_ndcg@10 = 0.0337, target_hit@10 = 0.0836, target_ndcg@10 = 0.0421

2024-07-31 16:57:45.620023: step 9120/24320 (epoch 30/80), loss = 0.726152 (38.712 sec/epoch), lr: 0.002521
Evaluating on dev set...
...........................
source: 	 mrr: 0.035750	 ndcg_5: 0.0226	 ndcg_10: 0.0335	 hit@1:0.010138	 hit@5:0.0362	 hit@10: 0.0695
target: 	 mrr: 0.038800	 ndcg_5: 0.0304	 ndcg_10: 0.0387	 hit@1:0.011150	 hit@5:0.0495	 hit@10: 0.0753
epoch 30: train_loss = 0.726152, source_hit@10 = 0.0695, source_ndcg@10 = 0.0335, target_hit@10 = 0.0753, target_ndcg@10 = 0.0387

2024-07-31 16:58:24.489824: step 9424/24320 (epoch 31/80), loss = 0.724481 (38.521 sec/epoch), lr: 0.002395
Evaluating on dev set...
...........................
source: 	 mrr: 0.040405	 ndcg_5: 0.0289	 ndcg_10: 0.0370	 hit@1:0.013758	 hit@5:0.0449	 hit@10: 0.0702
target: 	 mrr: 0.033329	 ndcg_5: 0.0216	 ndcg_10: 0.0333	 hit@1:0.010453	 hit@5:0.0341	 hit@10: 0.0704
epoch 31: train_loss = 0.724481, source_hit@10 = 0.0702, source_ndcg@10 = 0.0370, target_hit@10 = 0.0704, target_ndcg@10 = 0.0333

2024-07-31 16:59:03.507787: step 9728/24320 (epoch 32/80), loss = 0.723309 (38.683 sec/epoch), lr: 0.002275
Evaluating on dev set...
...........................
source: 	 mrr: 0.039822	 ndcg_5: 0.0280	 ndcg_10: 0.0389	 hit@1:0.013034	 hit@5:0.0427	 hit@10: 0.0768
target: 	 mrr: 0.036729	 ndcg_5: 0.0268	 ndcg_10: 0.0353	 hit@1:0.011847	 hit@5:0.0425	 hit@10: 0.0690
epoch 32: train_loss = 0.723309, source_hit@10 = 0.0768, source_ndcg@10 = 0.0389, target_hit@10 = 0.0690, target_ndcg@10 = 0.0353

2024-07-31 16:59:42.608020: step 10032/24320 (epoch 33/80), loss = 0.722201 (38.762 sec/epoch), lr: 0.002275
Evaluating on dev set...
...........................
source: 	 mrr: 0.036221	 ndcg_5: 0.0253	 ndcg_10: 0.0364	 hit@1:0.007965	 hit@5:0.0427	 hit@10: 0.0775
target: 	 mrr: 0.027986	 ndcg_5: 0.0170	 ndcg_10: 0.0275	 hit@1:0.005575	 hit@5:0.0293	 hit@10: 0.0627
epoch 33: train_loss = 0.722201, source_hit@10 = 0.0775, source_ndcg@10 = 0.0364, target_hit@10 = 0.0627, target_ndcg@10 = 0.0275

2024-07-31 17:00:21.765327: step 10336/24320 (epoch 34/80), loss = 0.718475 (38.800 sec/epoch), lr: 0.002161
Evaluating on dev set...
...........................
source: 	 mrr: 0.040173	 ndcg_5: 0.0288	 ndcg_10: 0.0400	 hit@1:0.011586	 hit@5:0.0456	 hit@10: 0.0804
target: 	 mrr: 0.037358	 ndcg_5: 0.0300	 ndcg_10: 0.0381	 hit@1:0.013240	 hit@5:0.0481	 hit@10: 0.0739
epoch 34: train_loss = 0.718475, source_hit@10 = 0.0804, source_ndcg@10 = 0.0400, target_hit@10 = 0.0739, target_ndcg@10 = 0.0381

2024-07-31 17:01:00.927178: step 10640/24320 (epoch 35/80), loss = 0.717472 (38.808 sec/epoch), lr: 0.002161
Evaluating on dev set...
...........................
source: 	 mrr: 0.039365	 ndcg_5: 0.0280	 ndcg_10: 0.0391	 hit@1:0.010138	 hit@5:0.0456	 hit@10: 0.0804
target: 	 mrr: 0.041339	 ndcg_5: 0.0320	 ndcg_10: 0.0430	 hit@1:0.014634	 hit@5:0.0488	 hit@10: 0.0836
epoch 35: train_loss = 0.717472, source_hit@10 = 0.0804, source_ndcg@10 = 0.0391, target_hit@10 = 0.0836, target_ndcg@10 = 0.0430

2024-07-31 17:01:40.366033: step 10944/24320 (epoch 36/80), loss = 0.717731 (39.099 sec/epoch), lr: 0.002161
Evaluating on dev set...
...........................
source: 	 mrr: 0.037108	 ndcg_5: 0.0228	 ndcg_10: 0.0366	 hit@1:0.012310	 hit@5:0.0348	 hit@10: 0.0775
target: 	 mrr: 0.033381	 ndcg_5: 0.0243	 ndcg_10: 0.0332	 hit@1:0.009756	 hit@5:0.0397	 hit@10: 0.0669
epoch 36: train_loss = 0.717731, source_hit@10 = 0.0775, source_ndcg@10 = 0.0366, target_hit@10 = 0.0669, target_ndcg@10 = 0.0332

2024-07-31 17:02:18.421821: step 11248/24320 (epoch 37/80), loss = 0.715589 (37.718 sec/epoch), lr: 0.002053
Evaluating on dev set...
...........................
source: 	 mrr: 0.035870	 ndcg_5: 0.0243	 ndcg_10: 0.0352	 hit@1:0.010138	 hit@5:0.0384	 hit@10: 0.0724
target: 	 mrr: 0.040327	 ndcg_5: 0.0336	 ndcg_10: 0.0435	 hit@1:0.011847	 hit@5:0.0564	 hit@10: 0.0871
epoch 37: train_loss = 0.715589, source_hit@10 = 0.0724, source_ndcg@10 = 0.0352, target_hit@10 = 0.0871, target_ndcg@10 = 0.0435

2024-07-31 17:02:57.387642: step 11552/24320 (epoch 38/80), loss = 0.714107 (38.630 sec/epoch), lr: 0.002053
Evaluating on dev set...
...........................
source: 	 mrr: 0.033596	 ndcg_5: 0.0216	 ndcg_10: 0.0336	 hit@1:0.007241	 hit@5:0.0369	 hit@10: 0.0746
target: 	 mrr: 0.041403	 ndcg_5: 0.0343	 ndcg_10: 0.0433	 hit@1:0.013240	 hit@5:0.0551	 hit@10: 0.0829
epoch 38: train_loss = 0.714107, source_hit@10 = 0.0746, source_ndcg@10 = 0.0336, target_hit@10 = 0.0829, target_ndcg@10 = 0.0433

2024-07-31 17:03:36.093594: step 11856/24320 (epoch 39/80), loss = 0.712057 (38.370 sec/epoch), lr: 0.001951
Evaluating on dev set...
...........................
source: 	 mrr: 0.032856	 ndcg_5: 0.0203	 ndcg_10: 0.0334	 hit@1:0.005793	 hit@5:0.0355	 hit@10: 0.0768
target: 	 mrr: 0.040688	 ndcg_5: 0.0305	 ndcg_10: 0.0450	 hit@1:0.009059	 hit@5:0.0509	 hit@10: 0.0962
epoch 39: train_loss = 0.712057, source_hit@10 = 0.0768, source_ndcg@10 = 0.0334, target_hit@10 = 0.0962, target_ndcg@10 = 0.0450

2024-07-31 17:04:15.654107: step 12160/24320 (epoch 40/80), loss = 0.711629 (39.214 sec/epoch), lr: 0.001853
Evaluating on dev set...
...........................
source: 	 mrr: 0.031963	 ndcg_5: 0.0188	 ndcg_10: 0.0316	 hit@1:0.005069	 hit@5:0.0319	 hit@10: 0.0717
target: 	 mrr: 0.048358	 ndcg_5: 0.0405	 ndcg_10: 0.0495	 hit@1:0.020906	 hit@5:0.0613	 hit@10: 0.0892
target best!
..............target: 	 mrr: 0.045404	 ndcg_5: 0.0371	 ndcg_10: 0.0497	 hit@1:0.014403	 hit@5:0.0604	 hit@10: 0.0995
epoch 40: train_loss = 0.711629, source_hit@10 = 0.0717, source_ndcg@10 = 0.0316, target_hit@10 = 0.0995, target_ndcg@10 = 0.0497

2024-07-31 17:04:54.813677: step 12464/24320 (epoch 41/80), loss = 0.710238 (38.678 sec/epoch), lr: 0.001853
Evaluating on dev set...
...........................
source: 	 mrr: 0.038336	 ndcg_5: 0.0250	 ndcg_10: 0.0369	 hit@1:0.012310	 hit@5:0.0369	 hit@10: 0.0746
target: 	 mrr: 0.044539	 ndcg_5: 0.0370	 ndcg_10: 0.0457	 hit@1:0.014634	 hit@5:0.0599	 hit@10: 0.0871
epoch 41: train_loss = 0.710238, source_hit@10 = 0.0746, source_ndcg@10 = 0.0369, target_hit@10 = 0.0871, target_ndcg@10 = 0.0457

2024-07-31 17:05:34.068727: step 12768/24320 (epoch 42/80), loss = 0.710761 (38.914 sec/epoch), lr: 0.001853
Evaluating on dev set...
...........................
source: 	 mrr: 0.022900	 ndcg_5: 0.0140	 ndcg_10: 0.0217	 hit@1:0.005069	 hit@5:0.0224	 hit@10: 0.0463
target: 	 mrr: 0.043444	 ndcg_5: 0.0336	 ndcg_10: 0.0450	 hit@1:0.014634	 hit@5:0.0530	 hit@10: 0.0885
epoch 42: train_loss = 0.710761, source_hit@10 = 0.0463, source_ndcg@10 = 0.0217, target_hit@10 = 0.0885, target_ndcg@10 = 0.0450

2024-07-31 17:06:13.196713: step 13072/24320 (epoch 43/80), loss = 0.708529 (38.788 sec/epoch), lr: 0.001761
Evaluating on dev set...
...........................
source: 	 mrr: 0.031673	 ndcg_5: 0.0209	 ndcg_10: 0.0308	 hit@1:0.007965	 hit@5:0.0340	 hit@10: 0.0652
target: 	 mrr: 0.040834	 ndcg_5: 0.0303	 ndcg_10: 0.0421	 hit@1:0.013240	 hit@5:0.0481	 hit@10: 0.0850
epoch 43: train_loss = 0.708529, source_hit@10 = 0.0652, source_ndcg@10 = 0.0308, target_hit@10 = 0.0850, target_ndcg@10 = 0.0421

2024-07-31 17:06:51.919341: step 13376/24320 (epoch 44/80), loss = 0.708324 (38.385 sec/epoch), lr: 0.001761
Evaluating on dev set...
...........................
source: 	 mrr: 0.033069	 ndcg_5: 0.0226	 ndcg_10: 0.0302	 hit@1:0.007241	 hit@5:0.0391	 hit@10: 0.0630
target: 	 mrr: 0.049424	 ndcg_5: 0.0400	 ndcg_10: 0.0524	 hit@1:0.017422	 hit@5:0.0627	 hit@10: 0.1017
target best!
..............target: 	 mrr: 0.057889	 ndcg_5: 0.0486	 ndcg_10: 0.0628	 hit@1:0.024005	 hit@5:0.0734	 hit@10: 0.1180
epoch 44: train_loss = 0.708324, source_hit@10 = 0.0630, source_ndcg@10 = 0.0302, target_hit@10 = 0.1180, target_ndcg@10 = 0.0628

2024-07-31 17:07:31.536491: step 13680/24320 (epoch 45/80), loss = 0.708307 (39.130 sec/epoch), lr: 0.001761
Evaluating on dev set...
...........................
source: 	 mrr: 0.037003	 ndcg_5: 0.0260	 ndcg_10: 0.0363	 hit@1:0.010138	 hit@5:0.0434	 hit@10: 0.0760
target: 	 mrr: 0.047231	 ndcg_5: 0.0392	 ndcg_10: 0.0487	 hit@1:0.018118	 hit@5:0.0606	 hit@10: 0.0906
epoch 45: train_loss = 0.708307, source_hit@10 = 0.0760, source_ndcg@10 = 0.0363, target_hit@10 = 0.0906, target_ndcg@10 = 0.0487

2024-07-31 17:08:10.791370: step 13984/24320 (epoch 46/80), loss = 0.706897 (38.909 sec/epoch), lr: 0.001761
Evaluating on dev set...
...........................
source: 	 mrr: 0.031762	 ndcg_5: 0.0210	 ndcg_10: 0.0329	 hit@1:0.007965	 hit@5:0.0355	 hit@10: 0.0724
target: 	 mrr: 0.042497	 ndcg_5: 0.0341	 ndcg_10: 0.0431	 hit@1:0.016725	 hit@5:0.0537	 hit@10: 0.0815
epoch 46: train_loss = 0.706897, source_hit@10 = 0.0724, source_ndcg@10 = 0.0329, target_hit@10 = 0.0815, target_ndcg@10 = 0.0431

2024-07-31 17:08:49.910041: step 14288/24320 (epoch 47/80), loss = 0.705467 (38.743 sec/epoch), lr: 0.001672
Evaluating on dev set...
...........................
source: 	 mrr: 0.037116	 ndcg_5: 0.0248	 ndcg_10: 0.0347	 hit@1:0.012310	 hit@5:0.0391	 hit@10: 0.0702
target: 	 mrr: 0.042972	 ndcg_5: 0.0336	 ndcg_10: 0.0451	 hit@1:0.013937	 hit@5:0.0530	 hit@10: 0.0892
epoch 47: train_loss = 0.705467, source_hit@10 = 0.0702, source_ndcg@10 = 0.0347, target_hit@10 = 0.0892, target_ndcg@10 = 0.0451

2024-07-31 17:09:28.615614: step 14592/24320 (epoch 48/80), loss = 0.705134 (38.370 sec/epoch), lr: 0.001672
Evaluating on dev set...
...........................
source: 	 mrr: 0.028910	 ndcg_5: 0.0196	 ndcg_10: 0.0281	 hit@1:0.005793	 hit@5:0.0333	 hit@10: 0.0594
target: 	 mrr: 0.046321	 ndcg_5: 0.0351	 ndcg_10: 0.0476	 hit@1:0.018815	 hit@5:0.0509	 hit@10: 0.0899
epoch 48: train_loss = 0.705134, source_hit@10 = 0.0594, source_ndcg@10 = 0.0281, target_hit@10 = 0.0899, target_ndcg@10 = 0.0476

2024-07-31 17:10:07.477670: step 14896/24320 (epoch 49/80), loss = 0.702952 (38.527 sec/epoch), lr: 0.001589
Evaluating on dev set...
...........................
source: 	 mrr: 0.029805	 ndcg_5: 0.0188	 ndcg_10: 0.0300	 hit@1:0.005069	 hit@5:0.0333	 hit@10: 0.0681
target: 	 mrr: 0.044564	 ndcg_5: 0.0353	 ndcg_10: 0.0443	 hit@1:0.018118	 hit@5:0.0523	 hit@10: 0.0808
epoch 49: train_loss = 0.702952, source_hit@10 = 0.0681, source_ndcg@10 = 0.0300, target_hit@10 = 0.0808, target_ndcg@10 = 0.0443

2024-07-31 17:10:46.621682: step 15200/24320 (epoch 50/80), loss = 0.701608 (38.799 sec/epoch), lr: 0.001509
Evaluating on dev set...
...........................
source: 	 mrr: 0.035590	 ndcg_5: 0.0227	 ndcg_10: 0.0318	 hit@1:0.013758	 hit@5:0.0319	 hit@10: 0.0601
target: 	 mrr: 0.054239	 ndcg_5: 0.0456	 ndcg_10: 0.0583	 hit@1:0.020209	 hit@5:0.0711	 hit@10: 0.1101
target best!
..............target: 	 mrr: 0.055070	 ndcg_5: 0.0470	 ndcg_10: 0.0626	 hit@1:0.017833	 hit@5:0.0754	 hit@10: 0.1241
epoch 50: train_loss = 0.701608, source_hit@10 = 0.0601, source_ndcg@10 = 0.0318, target_hit@10 = 0.1241, target_ndcg@10 = 0.0626
shift to transfer learning mode

2024-07-31 17:11:26.874007: step 15504/24320 (epoch 51/80), loss = 0.700564 (39.756 sec/epoch), lr: 0.001509
Evaluating on dev set...
...........................
source: 	 mrr: 0.036353	 ndcg_5: 0.0244	 ndcg_10: 0.0360	 hit@1:0.008689	 hit@5:0.0413	 hit@10: 0.0775
target: 	 mrr: 0.049838	 ndcg_5: 0.0423	 ndcg_10: 0.0516	 hit@1:0.020209	 hit@5:0.0648	 hit@10: 0.0941
epoch 51: train_loss = 0.700564, source_hit@10 = 0.0775, source_ndcg@10 = 0.0360, target_hit@10 = 0.0941, target_ndcg@10 = 0.0516

2024-07-31 17:12:06.475042: step 15808/24320 (epoch 52/80), loss = 0.700207 (39.265 sec/epoch), lr: 0.001434
Evaluating on dev set...
...........................
source: 	 mrr: 0.037743	 ndcg_5: 0.0263	 ndcg_10: 0.0378	 hit@1:0.009413	 hit@5:0.0442	 hit@10: 0.0804
target: 	 mrr: 0.047393	 ndcg_5: 0.0402	 ndcg_10: 0.0490	 hit@1:0.020209	 hit@5:0.0620	 hit@10: 0.0899
epoch 52: train_loss = 0.700207, source_hit@10 = 0.0804, source_ndcg@10 = 0.0378, target_hit@10 = 0.0899, target_ndcg@10 = 0.0490

2024-07-31 17:12:46.842408: step 16112/24320 (epoch 53/80), loss = 0.698658 (40.020 sec/epoch), lr: 0.001362
Evaluating on dev set...
...........................
source: 	 mrr: 0.028937	 ndcg_5: 0.0188	 ndcg_10: 0.0272	 hit@1:0.007241	 hit@5:0.0304	 hit@10: 0.0572
target: 	 mrr: 0.049478	 ndcg_5: 0.0415	 ndcg_10: 0.0537	 hit@1:0.018118	 hit@5:0.0655	 hit@10: 0.1038
epoch 53: train_loss = 0.698658, source_hit@10 = 0.0572, source_ndcg@10 = 0.0272, target_hit@10 = 0.1038, target_ndcg@10 = 0.0537

2024-07-31 17:13:27.184014: step 16416/24320 (epoch 54/80), loss = 0.695827 (39.974 sec/epoch), lr: 0.001294
Evaluating on dev set...
...........................
source: 	 mrr: 0.035272	 ndcg_5: 0.0224	 ndcg_10: 0.0322	 hit@1:0.008689	 hit@5:0.0355	 hit@10: 0.0666
target: 	 mrr: 0.049162	 ndcg_5: 0.0413	 ndcg_10: 0.0519	 hit@1:0.018118	 hit@5:0.0655	 hit@10: 0.0990
epoch 54: train_loss = 0.695827, source_hit@10 = 0.0666, source_ndcg@10 = 0.0322, target_hit@10 = 0.0990, target_ndcg@10 = 0.0519

2024-07-31 17:14:07.075219: step 16720/24320 (epoch 55/80), loss = 0.696049 (39.533 sec/epoch), lr: 0.001294
Evaluating on dev set...
...........................
source: 	 mrr: 0.029737	 ndcg_5: 0.0167	 ndcg_10: 0.0267	 hit@1:0.007241	 hit@5:0.0261	 hit@10: 0.0565
target: 	 mrr: 0.051027	 ndcg_5: 0.0425	 ndcg_10: 0.0526	 hit@1:0.020209	 hit@5:0.0634	 hit@10: 0.0948
epoch 55: train_loss = 0.696049, source_hit@10 = 0.0565, source_ndcg@10 = 0.0267, target_hit@10 = 0.0948, target_ndcg@10 = 0.0526

2024-07-31 17:14:47.119566: step 17024/24320 (epoch 56/80), loss = 0.694005 (39.701 sec/epoch), lr: 0.001229
Evaluating on dev set...
...........................
source: 	 mrr: 0.030155	 ndcg_5: 0.0184	 ndcg_10: 0.0278	 hit@1:0.005069	 hit@5:0.0333	 hit@10: 0.0623
target: 	 mrr: 0.047092	 ndcg_5: 0.0373	 ndcg_10: 0.0506	 hit@1:0.017422	 hit@5:0.0564	 hit@10: 0.0983
epoch 56: train_loss = 0.694005, source_hit@10 = 0.0623, source_ndcg@10 = 0.0278, target_hit@10 = 0.0983, target_ndcg@10 = 0.0506

2024-07-31 17:15:26.951746: step 17328/24320 (epoch 57/80), loss = 0.691545 (39.481 sec/epoch), lr: 0.001168
Evaluating on dev set...
...........................
source: 	 mrr: 0.031098	 ndcg_5: 0.0214	 ndcg_10: 0.0290	 hit@1:0.006517	 hit@5:0.0369	 hit@10: 0.0608
target: 	 mrr: 0.052326	 ndcg_5: 0.0454	 ndcg_10: 0.0582	 hit@1:0.018815	 hit@5:0.0725	 hit@10: 0.1129
epoch 57: train_loss = 0.691545, source_hit@10 = 0.0608, source_ndcg@10 = 0.0290, target_hit@10 = 0.1129, target_ndcg@10 = 0.0582

2024-07-31 17:16:06.926326: step 17632/24320 (epoch 58/80), loss = 0.692855 (39.634 sec/epoch), lr: 0.001168
Evaluating on dev set...
...........................
source: 	 mrr: 0.033892	 ndcg_5: 0.0207	 ndcg_10: 0.0318	 hit@1:0.010862	 hit@5:0.0319	 hit@10: 0.0666
target: 	 mrr: 0.048279	 ndcg_5: 0.0421	 ndcg_10: 0.0517	 hit@1:0.016028	 hit@5:0.0683	 hit@10: 0.0983
epoch 58: train_loss = 0.692855, source_hit@10 = 0.0666, source_ndcg@10 = 0.0318, target_hit@10 = 0.0983, target_ndcg@10 = 0.0517

2024-07-31 17:16:47.603219: step 17936/24320 (epoch 59/80), loss = 0.690082 (40.323 sec/epoch), lr: 0.001110
Evaluating on dev set...
...........................
source: 	 mrr: 0.037222	 ndcg_5: 0.0266	 ndcg_10: 0.0353	 hit@1:0.013034	 hit@5:0.0427	 hit@10: 0.0695
target: 	 mrr: 0.055590	 ndcg_5: 0.0466	 ndcg_10: 0.0592	 hit@1:0.023693	 hit@5:0.0690	 hit@10: 0.1080
target best!
..............target: 	 mrr: 0.054856	 ndcg_5: 0.0480	 ndcg_10: 0.0593	 hit@1:0.019890	 hit@5:0.0754	 hit@10: 0.1111
epoch 59: train_loss = 0.690082, source_hit@10 = 0.0695, source_ndcg@10 = 0.0353, target_hit@10 = 0.1111, target_ndcg@10 = 0.0593

2024-07-31 17:17:27.876055: step 18240/24320 (epoch 60/80), loss = 0.690376 (39.783 sec/epoch), lr: 0.001110
Evaluating on dev set...
...........................
source: 	 mrr: 0.037813	 ndcg_5: 0.0282	 ndcg_10: 0.0363	 hit@1:0.011586	 hit@5:0.0463	 hit@10: 0.0724
target: 	 mrr: 0.052149	 ndcg_5: 0.0449	 ndcg_10: 0.0556	 hit@1:0.019512	 hit@5:0.0697	 hit@10: 0.1024
epoch 60: train_loss = 0.690376, source_hit@10 = 0.0724, source_ndcg@10 = 0.0363, target_hit@10 = 0.1024, target_ndcg@10 = 0.0556

2024-07-31 17:18:08.362272: step 18544/24320 (epoch 61/80), loss = 0.687250 (40.143 sec/epoch), lr: 0.001054
Evaluating on dev set...
...........................
source: 	 mrr: 0.029575	 ndcg_5: 0.0196	 ndcg_10: 0.0277	 hit@1:0.005069	 hit@5:0.0340	 hit@10: 0.0594
target: 	 mrr: 0.046174	 ndcg_5: 0.0391	 ndcg_10: 0.0483	 hit@1:0.015331	 hit@5:0.0613	 hit@10: 0.0899
epoch 61: train_loss = 0.687250, source_hit@10 = 0.0594, source_ndcg@10 = 0.0277, target_hit@10 = 0.0899, target_ndcg@10 = 0.0483

2024-07-31 17:18:48.543959: step 18848/24320 (epoch 62/80), loss = 0.686097 (39.848 sec/epoch), lr: 0.001001
Evaluating on dev set...
...........................
source: 	 mrr: 0.036339	 ndcg_5: 0.0258	 ndcg_10: 0.0367	 hit@1:0.007241	 hit@5:0.0434	 hit@10: 0.0782
target: 	 mrr: 0.044642	 ndcg_5: 0.0366	 ndcg_10: 0.0486	 hit@1:0.013937	 hit@5:0.0585	 hit@10: 0.0962
epoch 62: train_loss = 0.686097, source_hit@10 = 0.0782, source_ndcg@10 = 0.0367, target_hit@10 = 0.0962, target_ndcg@10 = 0.0486

2024-07-31 17:19:28.943273: step 19152/24320 (epoch 63/80), loss = 0.685702 (40.062 sec/epoch), lr: 0.001001
Evaluating on dev set...
...........................
source: 	 mrr: 0.033408	 ndcg_5: 0.0224	 ndcg_10: 0.0351	 hit@1:0.007965	 hit@5:0.0384	 hit@10: 0.0775
target: 	 mrr: 0.054025	 ndcg_5: 0.0481	 ndcg_10: 0.0566	 hit@1:0.021603	 hit@5:0.0739	 hit@10: 0.1003
epoch 63: train_loss = 0.685702, source_hit@10 = 0.0775, source_ndcg@10 = 0.0351, target_hit@10 = 0.1003, target_ndcg@10 = 0.0566
early termination of training
