nohup: ignoring input
using gpu:1 to train the model
using gpu:1 to train the model
cuda:1
Namespace(A_split=False, JK='sum', a_fold=100, aggregate=False, alpha=0.5, batch_size=1024, beta_inter=0.4, conv_layers=4, cuda=True, decay_epoch=10, device=device(type='cuda', index=1), device_id='1', domains='game_video', dropout=0.5, epoch=80, feature_dim=126, hidden_dim=126, inter_tau=0.2, intra_tau=1, lambda_critic=0.4, leakey=0.01, load=False, log='logs.txt', log_epoch=1, lr=0.004, lr_decay=0.95, min_epoch=50, mode='train', model_file=None, model_name='gv', momentum=0.98, num_latent_factors=3, num_negative=100, optim='adam', patience=50, proj_layers=1, projection=1, residual=1, save=True, save_dir='./saved_models', seed=32, similarity_tau=0.1, test_sample_number=999, transfer_epoch=50, user_batch_size=256, weight_decay=0.0004)
number_user 25025
number_item 12319
/home/hourun/invariantCDR_v2/invariantCDR/utils/GraphMaker.py:46: RuntimeWarning: divide by zero encountered in power
  r_inv = np.power(rowsum, -1).flatten()
real graph loaded!
number_user 19457
number_item 8751
real graph loaded!
graph loaded!
Loading data from game_video with batch size 1024...
unseen test: 0
test length: 1381
unseen test: 0
test length: 1304
unseen test: 0
test length: 1435
unseen test: 0
test length: 1458
source_user_num 25025
target_user_num 19457
source_item_num 12319
target_item_num 8751
shared users id: 1737
test users 226, 217
unseen test: 0
dev length: 1000
unseen test: 0
dev length: 1000
source train data : 155036, target train data: 156091, source test data : 1304, target test data : 1458, source dev data : 1000, target dev data : 1000
2024-08-02 10:28:41.272123: step 304/24320 (epoch 1/80), loss = 1.475071 (38.801 sec/epoch), lr: 0.004000
Evaluating on dev set...
...........................
source: 	 mrr: 0.019620	 ndcg_5: 0.0122	 ndcg_10: 0.0176	 hit@1:0.002896	 hit@5:0.0217	 hit@10: 0.0384
target: 	 mrr: 0.027635	 ndcg_5: 0.0196	 ndcg_10: 0.0260	 hit@1:0.005575	 hit@5:0.0328	 hit@10: 0.0530
source best!
.............
source: 	 mrr: 0.029950	 ndcg_5: 0.0228	 ndcg_10: 0.0286	 hit@1:0.011503	 hit@5:0.0345	 hit@10: 0.0521
target best!
..............target: 	 mrr: 0.024636	 ndcg_5: 0.0151	 ndcg_10: 0.0243	 hit@1:0.003429	 hit@5:0.0281	 hit@10: 0.0569
epoch 1: train_loss = 1.475071, source_hit@10 = 0.0521, source_ndcg@10 = 0.0286, target_hit@10 = 0.0569, target_ndcg@10 = 0.0243

2024-08-02 10:29:20.605600: step 608/24320 (epoch 2/80), loss = 1.387236 (38.692 sec/epoch), lr: 0.004000
Evaluating on dev set...
...........................
source: 	 mrr: 0.029660	 ndcg_5: 0.0213	 ndcg_10: 0.0270	 hit@1:0.011586	 hit@5:0.0304	 hit@10: 0.0485
target: 	 mrr: 0.021827	 ndcg_5: 0.0136	 ndcg_10: 0.0179	 hit@1:0.003484	 hit@5:0.0244	 hit@10: 0.0376
source best!
.............
source: 	 mrr: 0.027313	 ndcg_5: 0.0180	 ndcg_10: 0.0260	 hit@1:0.006902	 hit@5:0.0307	 hit@10: 0.0552
epoch 2: train_loss = 1.387236, source_hit@10 = 0.0552, source_ndcg@10 = 0.0260, target_hit@10 = 0.0376, target_ndcg@10 = 0.0179
new best model saved.

2024-08-02 10:30:00.696387: step 912/24320 (epoch 3/80), loss = 1.380583 (39.457 sec/epoch), lr: 0.004000
Evaluating on dev set...
...........................
source: 	 mrr: 0.022131	 ndcg_5: 0.0130	 ndcg_10: 0.0207	 hit@1:0.003621	 hit@5:0.0239	 hit@10: 0.0485
target: 	 mrr: 0.031571	 ndcg_5: 0.0217	 ndcg_10: 0.0327	 hit@1:0.007666	 hit@5:0.0348	 hit@10: 0.0690
target best!
..............target: 	 mrr: 0.034628	 ndcg_5: 0.0256	 ndcg_10: 0.0339	 hit@1:0.011660	 hit@5:0.0405	 hit@10: 0.0665
epoch 3: train_loss = 1.380583, source_hit@10 = 0.0485, source_ndcg@10 = 0.0207, target_hit@10 = 0.0665, target_ndcg@10 = 0.0339

2024-08-02 10:30:39.706910: step 1216/24320 (epoch 4/80), loss = 1.378065 (38.529 sec/epoch), lr: 0.004000
Evaluating on dev set...
...........................
source: 	 mrr: 0.025784	 ndcg_5: 0.0169	 ndcg_10: 0.0238	 hit@1:0.005069	 hit@5:0.0282	 hit@10: 0.0500
target: 	 mrr: 0.036066	 ndcg_5: 0.0268	 ndcg_10: 0.0357	 hit@1:0.013240	 hit@5:0.0404	 hit@10: 0.0676
target best!
..............target: 	 mrr: 0.034824	 ndcg_5: 0.0261	 ndcg_10: 0.0341	 hit@1:0.009602	 hit@5:0.0412	 hit@10: 0.0665
epoch 4: train_loss = 1.378065, source_hit@10 = 0.0500, source_ndcg@10 = 0.0238, target_hit@10 = 0.0665, target_ndcg@10 = 0.0341
new best model saved.

2024-08-02 10:31:19.135293: step 1520/24320 (epoch 5/80), loss = 1.376501 (38.775 sec/epoch), lr: 0.004000
Evaluating on dev set...
...........................
source: 	 mrr: 0.021537	 ndcg_5: 0.0122	 ndcg_10: 0.0170	 hit@1:0.004345	 hit@5:0.0203	 hit@10: 0.0355
target: 	 mrr: 0.024549	 ndcg_5: 0.0155	 ndcg_10: 0.0220	 hit@1:0.006969	 hit@5:0.0237	 hit@10: 0.0439
epoch 5: train_loss = 1.376501, source_hit@10 = 0.0355, source_ndcg@10 = 0.0170, target_hit@10 = 0.0439, target_ndcg@10 = 0.0220

2024-08-02 10:31:58.124108: step 1824/24320 (epoch 6/80), loss = 1.375250 (38.639 sec/epoch), lr: 0.004000
Evaluating on dev set...
...........................
source: 	 mrr: 0.016743	 ndcg_5: 0.0066	 ndcg_10: 0.0113	 hit@1:0.001448	 hit@5:0.0123	 hit@10: 0.0268
target: 	 mrr: 0.034032	 ndcg_5: 0.0255	 ndcg_10: 0.0332	 hit@1:0.012544	 hit@5:0.0390	 hit@10: 0.0634
epoch 6: train_loss = 1.375250, source_hit@10 = 0.0268, source_ndcg@10 = 0.0113, target_hit@10 = 0.0634, target_ndcg@10 = 0.0332

2024-08-02 10:32:37.618898: step 2128/24320 (epoch 7/80), loss = 1.372512 (39.151 sec/epoch), lr: 0.004000
Evaluating on dev set...
...........................
source: 	 mrr: 0.020886	 ndcg_5: 0.0119	 ndcg_10: 0.0167	 hit@1:0.004345	 hit@5:0.0203	 hit@10: 0.0355
target: 	 mrr: 0.030331	 ndcg_5: 0.0214	 ndcg_10: 0.0283	 hit@1:0.006969	 hit@5:0.0362	 hit@10: 0.0578
epoch 7: train_loss = 1.372512, source_hit@10 = 0.0355, source_ndcg@10 = 0.0167, target_hit@10 = 0.0578, target_ndcg@10 = 0.0283

2024-08-02 10:33:17.038002: step 2432/24320 (epoch 8/80), loss = 1.373507 (39.070 sec/epoch), lr: 0.004000
Evaluating on dev set...
...........................
source: 	 mrr: 0.021514	 ndcg_5: 0.0112	 ndcg_10: 0.0186	 hit@1:0.003621	 hit@5:0.0196	 hit@10: 0.0427
target: 	 mrr: 0.028819	 ndcg_5: 0.0201	 ndcg_10: 0.0278	 hit@1:0.006272	 hit@5:0.0348	 hit@10: 0.0585
epoch 8: train_loss = 1.373507, source_hit@10 = 0.0427, source_ndcg@10 = 0.0186, target_hit@10 = 0.0585, target_ndcg@10 = 0.0278

2024-08-02 10:33:55.979756: step 2736/24320 (epoch 9/80), loss = 1.362344 (38.604 sec/epoch), lr: 0.004000
Evaluating on dev set...
...........................
source: 	 mrr: 0.028906	 ndcg_5: 0.0191	 ndcg_10: 0.0265	 hit@1:0.008689	 hit@5:0.0290	 hit@10: 0.0521
target: 	 mrr: 0.041153	 ndcg_5: 0.0327	 ndcg_10: 0.0435	 hit@1:0.011847	 hit@5:0.0537	 hit@10: 0.0871
target best!
..............target: 	 mrr: 0.043680	 ndcg_5: 0.0359	 ndcg_10: 0.0465	 hit@1:0.013032	 hit@5:0.0583	 hit@10: 0.0905
epoch 9: train_loss = 1.362344, source_hit@10 = 0.0521, source_ndcg@10 = 0.0265, target_hit@10 = 0.0905, target_ndcg@10 = 0.0465
new best model saved.

2024-08-02 10:34:35.592981: step 3040/24320 (epoch 10/80), loss = 1.352225 (38.968 sec/epoch), lr: 0.004000
Evaluating on dev set...
...........................
source: 	 mrr: 0.028915	 ndcg_5: 0.0198	 ndcg_10: 0.0265	 hit@1:0.008689	 hit@5:0.0311	 hit@10: 0.0521
target: 	 mrr: 0.026233	 ndcg_5: 0.0175	 ndcg_10: 0.0263	 hit@1:0.005575	 hit@5:0.0307	 hit@10: 0.0578
epoch 10: train_loss = 1.352225, source_hit@10 = 0.0521, source_ndcg@10 = 0.0265, target_hit@10 = 0.0578, target_ndcg@10 = 0.0263

2024-08-02 10:35:14.999605: step 3344/24320 (epoch 11/80), loss = 1.348997 (39.068 sec/epoch), lr: 0.004000
Evaluating on dev set...
...........................
source: 	 mrr: 0.029426	 ndcg_5: 0.0214	 ndcg_10: 0.0278	 hit@1:0.007965	 hit@5:0.0355	 hit@10: 0.0558
target: 	 mrr: 0.027249	 ndcg_5: 0.0177	 ndcg_10: 0.0252	 hit@1:0.006969	 hit@5:0.0279	 hit@10: 0.0509
epoch 11: train_loss = 1.348997, source_hit@10 = 0.0558, source_ndcg@10 = 0.0278, target_hit@10 = 0.0509, target_ndcg@10 = 0.0252

2024-08-02 10:35:54.299692: step 3648/24320 (epoch 12/80), loss = 1.320175 (38.959 sec/epoch), lr: 0.004000
Evaluating on dev set...
...........................
source: 	 mrr: 0.031119	 ndcg_5: 0.0226	 ndcg_10: 0.0297	 hit@1:0.008689	 hit@5:0.0369	 hit@10: 0.0594
target: 	 mrr: 0.040366	 ndcg_5: 0.0325	 ndcg_10: 0.0421	 hit@1:0.014634	 hit@5:0.0495	 hit@10: 0.0794
source best!
.............
source: 	 mrr: 0.030320	 ndcg_5: 0.0197	 ndcg_10: 0.0268	 hit@1:0.009969	 hit@5:0.0291	 hit@10: 0.0506
epoch 12: train_loss = 1.320175, source_hit@10 = 0.0506, source_ndcg@10 = 0.0268, target_hit@10 = 0.0794, target_ndcg@10 = 0.0421
new best model saved.

2024-08-02 10:36:33.438700: step 3952/24320 (epoch 13/80), loss = 1.260246 (38.497 sec/epoch), lr: 0.004000
Evaluating on dev set...
...........................
source: 	 mrr: 0.028883	 ndcg_5: 0.0204	 ndcg_10: 0.0271	 hit@1:0.007965	 hit@5:0.0326	 hit@10: 0.0536
target: 	 mrr: 0.036162	 ndcg_5: 0.0276	 ndcg_10: 0.0363	 hit@1:0.012544	 hit@5:0.0425	 hit@10: 0.0697
epoch 13: train_loss = 1.260246, source_hit@10 = 0.0536, source_ndcg@10 = 0.0271, target_hit@10 = 0.0697, target_ndcg@10 = 0.0363

2024-08-02 10:37:12.687390: step 4256/24320 (epoch 14/80), loss = 1.239768 (38.891 sec/epoch), lr: 0.003800
Evaluating on dev set...
...........................
source: 	 mrr: 0.022301	 ndcg_5: 0.0129	 ndcg_10: 0.0200	 hit@1:0.005069	 hit@5:0.0217	 hit@10: 0.0434
target: 	 mrr: 0.039549	 ndcg_5: 0.0288	 ndcg_10: 0.0419	 hit@1:0.012544	 hit@5:0.0446	 hit@10: 0.0850
epoch 14: train_loss = 1.239768, source_hit@10 = 0.0434, source_ndcg@10 = 0.0200, target_hit@10 = 0.0850, target_ndcg@10 = 0.0419

2024-08-02 10:37:52.705873: step 4560/24320 (epoch 15/80), loss = 1.235018 (39.679 sec/epoch), lr: 0.003610
Evaluating on dev set...
...........................
source: 	 mrr: 0.011749	 ndcg_5: 0.0036	 ndcg_10: 0.0067	 hit@1:0.000724	 hit@5:0.0065	 hit@10: 0.0167
target: 	 mrr: 0.041690	 ndcg_5: 0.0313	 ndcg_10: 0.0451	 hit@1:0.013937	 hit@5:0.0495	 hit@10: 0.0920
target best!
..............target: 	 mrr: 0.038623	 ndcg_5: 0.0291	 ndcg_10: 0.0407	 hit@1:0.010288	 hit@5:0.0480	 hit@10: 0.0844
epoch 15: train_loss = 1.235018, source_hit@10 = 0.0167, source_ndcg@10 = 0.0067, target_hit@10 = 0.0844, target_ndcg@10 = 0.0407

2024-08-02 10:38:32.260082: step 4864/24320 (epoch 16/80), loss = 1.232608 (39.069 sec/epoch), lr: 0.003429
Evaluating on dev set...
...........................
source: 	 mrr: 0.022042	 ndcg_5: 0.0115	 ndcg_10: 0.0204	 hit@1:0.002896	 hit@5:0.0196	 hit@10: 0.0478
target: 	 mrr: 0.042806	 ndcg_5: 0.0362	 ndcg_10: 0.0446	 hit@1:0.012544	 hit@5:0.0592	 hit@10: 0.0850
target best!
..............target: 	 mrr: 0.046791	 ndcg_5: 0.0398	 ndcg_10: 0.0486	 hit@1:0.016461	 hit@5:0.0610	 hit@10: 0.0878
epoch 16: train_loss = 1.232608, source_hit@10 = 0.0478, source_ndcg@10 = 0.0204, target_hit@10 = 0.0878, target_ndcg@10 = 0.0486

2024-08-02 10:39:11.521925: step 5168/24320 (epoch 17/80), loss = 1.230460 (38.777 sec/epoch), lr: 0.003429
Evaluating on dev set...
...........................
source: 	 mrr: 0.023978	 ndcg_5: 0.0127	 ndcg_10: 0.0198	 hit@1:0.004345	 hit@5:0.0210	 hit@10: 0.0434
target: 	 mrr: 0.034329	 ndcg_5: 0.0224	 ndcg_10: 0.0322	 hit@1:0.010453	 hit@5:0.0348	 hit@10: 0.0648
epoch 17: train_loss = 1.230460, source_hit@10 = 0.0434, source_ndcg@10 = 0.0198, target_hit@10 = 0.0648, target_ndcg@10 = 0.0322

2024-08-02 10:39:50.924201: step 5472/24320 (epoch 18/80), loss = 1.228994 (39.048 sec/epoch), lr: 0.003258
Evaluating on dev set...
...........................
source: 	 mrr: 0.029354	 ndcg_5: 0.0199	 ndcg_10: 0.0282	 hit@1:0.006517	 hit@5:0.0340	 hit@10: 0.0601
target: 	 mrr: 0.037169	 ndcg_5: 0.0280	 ndcg_10: 0.0396	 hit@1:0.007666	 hit@5:0.0481	 hit@10: 0.0843
epoch 18: train_loss = 1.228994, source_hit@10 = 0.0601, source_ndcg@10 = 0.0282, target_hit@10 = 0.0843, target_ndcg@10 = 0.0396

2024-08-02 10:40:29.099878: step 5776/24320 (epoch 19/80), loss = 1.227154 (37.840 sec/epoch), lr: 0.003258
Evaluating on dev set...
...........................
source: 	 mrr: 0.029417	 ndcg_5: 0.0178	 ndcg_10: 0.0258	 hit@1:0.007965	 hit@5:0.0268	 hit@10: 0.0514
target: 	 mrr: 0.034933	 ndcg_5: 0.0251	 ndcg_10: 0.0359	 hit@1:0.009756	 hit@5:0.0404	 hit@10: 0.0746
epoch 19: train_loss = 1.227154, source_hit@10 = 0.0514, source_ndcg@10 = 0.0258, target_hit@10 = 0.0746, target_ndcg@10 = 0.0359

2024-08-02 10:41:08.340443: step 6080/24320 (epoch 20/80), loss = 1.225435 (38.902 sec/epoch), lr: 0.003095
Evaluating on dev set...
...........................
source: 	 mrr: 0.026375	 ndcg_5: 0.0166	 ndcg_10: 0.0230	 hit@1:0.004345	 hit@5:0.0290	 hit@10: 0.0492
target: 	 mrr: 0.035230	 ndcg_5: 0.0263	 ndcg_10: 0.0369	 hit@1:0.009059	 hit@5:0.0439	 hit@10: 0.0774
epoch 20: train_loss = 1.225435, source_hit@10 = 0.0492, source_ndcg@10 = 0.0230, target_hit@10 = 0.0774, target_ndcg@10 = 0.0369

2024-08-02 10:41:47.197725: step 6384/24320 (epoch 21/80), loss = 1.222871 (38.498 sec/epoch), lr: 0.002940
Evaluating on dev set...
...........................
source: 	 mrr: 0.031734	 ndcg_5: 0.0220	 ndcg_10: 0.0303	 hit@1:0.006517	 hit@5:0.0362	 hit@10: 0.0615
target: 	 mrr: 0.028295	 ndcg_5: 0.0167	 ndcg_10: 0.0262	 hit@1:0.005575	 hit@5:0.0272	 hit@10: 0.0564
source best!
.............
source: 	 mrr: 0.034769	 ndcg_5: 0.0245	 ndcg_10: 0.0324	 hit@1:0.012270	 hit@5:0.0376	 hit@10: 0.0621
epoch 21: train_loss = 1.222871, source_hit@10 = 0.0621, source_ndcg@10 = 0.0324, target_hit@10 = 0.0564, target_ndcg@10 = 0.0262

2024-08-02 10:42:26.031790: step 6688/24320 (epoch 22/80), loss = 1.222184 (38.371 sec/epoch), lr: 0.002793
Evaluating on dev set...
...........................
source: 	 mrr: 0.030020	 ndcg_5: 0.0199	 ndcg_10: 0.0294	 hit@1:0.005793	 hit@5:0.0348	 hit@10: 0.0644
target: 	 mrr: 0.037883	 ndcg_5: 0.0281	 ndcg_10: 0.0404	 hit@1:0.011847	 hit@5:0.0460	 hit@10: 0.0843
epoch 22: train_loss = 1.222184, source_hit@10 = 0.0644, source_ndcg@10 = 0.0294, target_hit@10 = 0.0843, target_ndcg@10 = 0.0404

2024-08-02 10:43:05.361655: step 6992/24320 (epoch 23/80), loss = 1.221398 (38.994 sec/epoch), lr: 0.002793
Evaluating on dev set...
...........................
source: 	 mrr: 0.031837	 ndcg_5: 0.0213	 ndcg_10: 0.0318	 hit@1:0.007965	 hit@5:0.0355	 hit@10: 0.0681
target: 	 mrr: 0.040574	 ndcg_5: 0.0319	 ndcg_10: 0.0404	 hit@1:0.016028	 hit@5:0.0467	 hit@10: 0.0732
source best!
.............
source: 	 mrr: 0.030620	 ndcg_5: 0.0184	 ndcg_10: 0.0285	 hit@1:0.006902	 hit@5:0.0291	 hit@10: 0.0606
epoch 23: train_loss = 1.221398, source_hit@10 = 0.0606, source_ndcg@10 = 0.0285, target_hit@10 = 0.0732, target_ndcg@10 = 0.0404

2024-08-02 10:43:44.471046: step 7296/24320 (epoch 24/80), loss = 1.221455 (38.589 sec/epoch), lr: 0.002793
Evaluating on dev set...
...........................
source: 	 mrr: 0.026637	 ndcg_5: 0.0150	 ndcg_10: 0.0261	 hit@1:0.003621	 hit@5:0.0268	 hit@10: 0.0608
target: 	 mrr: 0.039148	 ndcg_5: 0.0268	 ndcg_10: 0.0388	 hit@1:0.014634	 hit@5:0.0390	 hit@10: 0.0760
epoch 24: train_loss = 1.221455, source_hit@10 = 0.0608, source_ndcg@10 = 0.0261, target_hit@10 = 0.0760, target_ndcg@10 = 0.0388

2024-08-02 10:44:23.749141: step 7600/24320 (epoch 25/80), loss = 1.219134 (38.923 sec/epoch), lr: 0.002654
Evaluating on dev set...
...........................
source: 	 mrr: 0.030542	 ndcg_5: 0.0206	 ndcg_10: 0.0291	 hit@1:0.008689	 hit@5:0.0333	 hit@10: 0.0601
target: 	 mrr: 0.031830	 ndcg_5: 0.0197	 ndcg_10: 0.0332	 hit@1:0.006969	 hit@5:0.0328	 hit@10: 0.0746
epoch 25: train_loss = 1.219134, source_hit@10 = 0.0601, source_ndcg@10 = 0.0291, target_hit@10 = 0.0746, target_ndcg@10 = 0.0332

2024-08-02 10:45:02.498792: step 7904/24320 (epoch 26/80), loss = 1.215095 (38.413 sec/epoch), lr: 0.002521
Evaluating on dev set...
...........................
source: 	 mrr: 0.033643	 ndcg_5: 0.0259	 ndcg_10: 0.0330	 hit@1:0.010138	 hit@5:0.0427	 hit@10: 0.0652
target: 	 mrr: 0.038131	 ndcg_5: 0.0279	 ndcg_10: 0.0415	 hit@1:0.009059	 hit@5:0.0460	 hit@10: 0.0892
source best!
.............
source: 	 mrr: 0.030972	 ndcg_5: 0.0217	 ndcg_10: 0.0303	 hit@1:0.009969	 hit@5:0.0345	 hit@10: 0.0613
epoch 26: train_loss = 1.215095, source_hit@10 = 0.0613, source_ndcg@10 = 0.0303, target_hit@10 = 0.0892, target_ndcg@10 = 0.0415

2024-08-02 10:45:41.768835: step 8208/24320 (epoch 27/80), loss = 1.215946 (38.801 sec/epoch), lr: 0.002521
Evaluating on dev set...
...........................
source: 	 mrr: 0.027906	 ndcg_5: 0.0182	 ndcg_10: 0.0269	 hit@1:0.002896	 hit@5:0.0333	 hit@10: 0.0608
target: 	 mrr: 0.040328	 ndcg_5: 0.0355	 ndcg_10: 0.0416	 hit@1:0.011150	 hit@5:0.0599	 hit@10: 0.0794
epoch 27: train_loss = 1.215946, source_hit@10 = 0.0608, source_ndcg@10 = 0.0269, target_hit@10 = 0.0794, target_ndcg@10 = 0.0416

2024-08-02 10:46:20.910734: step 8512/24320 (epoch 28/80), loss = 1.211878 (38.805 sec/epoch), lr: 0.002395
Evaluating on dev set...
...........................
source: 	 mrr: 0.027136	 ndcg_5: 0.0177	 ndcg_10: 0.0239	 hit@1:0.006517	 hit@5:0.0282	 hit@10: 0.0478
target: 	 mrr: 0.041829	 ndcg_5: 0.0308	 ndcg_10: 0.0432	 hit@1:0.013240	 hit@5:0.0488	 hit@10: 0.0871
epoch 28: train_loss = 1.211878, source_hit@10 = 0.0478, source_ndcg@10 = 0.0239, target_hit@10 = 0.0871, target_ndcg@10 = 0.0432

2024-08-02 10:47:00.357124: step 8816/24320 (epoch 29/80), loss = 1.211783 (39.081 sec/epoch), lr: 0.002395
Evaluating on dev set...
...........................
source: 	 mrr: 0.029165	 ndcg_5: 0.0182	 ndcg_10: 0.0249	 hit@1:0.008689	 hit@5:0.0261	 hit@10: 0.0471
target: 	 mrr: 0.030858	 ndcg_5: 0.0192	 ndcg_10: 0.0306	 hit@1:0.009756	 hit@5:0.0293	 hit@10: 0.0655
epoch 29: train_loss = 1.211783, source_hit@10 = 0.0471, source_ndcg@10 = 0.0249, target_hit@10 = 0.0655, target_ndcg@10 = 0.0306

2024-08-02 10:47:39.662507: step 9120/24320 (epoch 30/80), loss = 1.209958 (38.964 sec/epoch), lr: 0.002275
Evaluating on dev set...
...........................
source: 	 mrr: 0.035130	 ndcg_5: 0.0264	 ndcg_10: 0.0342	 hit@1:0.011586	 hit@5:0.0398	 hit@10: 0.0644
target: 	 mrr: 0.044146	 ndcg_5: 0.0359	 ndcg_10: 0.0483	 hit@1:0.014634	 hit@5:0.0585	 hit@10: 0.0969
source best!
.............
source: 	 mrr: 0.035038	 ndcg_5: 0.0253	 ndcg_10: 0.0344	 hit@1:0.013037	 hit@5:0.0368	 hit@10: 0.0652
target best!
..............target: 	 mrr: 0.042911	 ndcg_5: 0.0319	 ndcg_10: 0.0460	 hit@1:0.012346	 hit@5:0.0501	 hit@10: 0.0933
epoch 30: train_loss = 1.209958, source_hit@10 = 0.0652, source_ndcg@10 = 0.0344, target_hit@10 = 0.0933, target_ndcg@10 = 0.0460
new best model saved.

2024-08-02 10:48:18.951813: step 9424/24320 (epoch 31/80), loss = 1.210991 (38.497 sec/epoch), lr: 0.002275
Evaluating on dev set...
...........................
source: 	 mrr: 0.032478	 ndcg_5: 0.0211	 ndcg_10: 0.0325	 hit@1:0.007965	 hit@5:0.0348	 hit@10: 0.0702
target: 	 mrr: 0.034714	 ndcg_5: 0.0230	 ndcg_10: 0.0343	 hit@1:0.008362	 hit@5:0.0383	 hit@10: 0.0739
epoch 31: train_loss = 1.210991, source_hit@10 = 0.0702, source_ndcg@10 = 0.0325, target_hit@10 = 0.0739, target_ndcg@10 = 0.0343

2024-08-02 10:48:57.818336: step 9728/24320 (epoch 32/80), loss = 1.208592 (38.526 sec/epoch), lr: 0.002161
Evaluating on dev set...
...........................
source: 	 mrr: 0.025595	 ndcg_5: 0.0175	 ndcg_10: 0.0248	 hit@1:0.006517	 hit@5:0.0282	 hit@10: 0.0507
target: 	 mrr: 0.036255	 ndcg_5: 0.0273	 ndcg_10: 0.0389	 hit@1:0.006272	 hit@5:0.0481	 hit@10: 0.0843
epoch 32: train_loss = 1.208592, source_hit@10 = 0.0507, source_ndcg@10 = 0.0248, target_hit@10 = 0.0843, target_ndcg@10 = 0.0389

2024-08-02 10:49:36.764877: step 10032/24320 (epoch 33/80), loss = 1.206310 (38.609 sec/epoch), lr: 0.002053
Evaluating on dev set...
...........................
source: 	 mrr: 0.023995	 ndcg_5: 0.0132	 ndcg_10: 0.0215	 hit@1:0.004345	 hit@5:0.0224	 hit@10: 0.0478
target: 	 mrr: 0.042296	 ndcg_5: 0.0351	 ndcg_10: 0.0447	 hit@1:0.010453	 hit@5:0.0592	 hit@10: 0.0892
epoch 33: train_loss = 1.206310, source_hit@10 = 0.0478, source_ndcg@10 = 0.0215, target_hit@10 = 0.0892, target_ndcg@10 = 0.0447

2024-08-02 10:50:15.870383: step 10336/24320 (epoch 34/80), loss = 1.204130 (38.769 sec/epoch), lr: 0.002053
Evaluating on dev set...
...........................
source: 	 mrr: 0.029011	 ndcg_5: 0.0176	 ndcg_10: 0.0271	 hit@1:0.010138	 hit@5:0.0253	 hit@10: 0.0550
target: 	 mrr: 0.044310	 ndcg_5: 0.0344	 ndcg_10: 0.0455	 hit@1:0.016725	 hit@5:0.0502	 hit@10: 0.0850
target best!
..............target: 	 mrr: 0.043430	 ndcg_5: 0.0319	 ndcg_10: 0.0454	 hit@1:0.015089	 hit@5:0.0487	 hit@10: 0.0898
epoch 34: train_loss = 1.204130, source_hit@10 = 0.0550, source_ndcg@10 = 0.0271, target_hit@10 = 0.0898, target_ndcg@10 = 0.0454

2024-08-02 10:50:54.277471: step 10640/24320 (epoch 35/80), loss = 1.201694 (37.924 sec/epoch), lr: 0.002053
Evaluating on dev set...
...........................
source: 	 mrr: 0.023523	 ndcg_5: 0.0155	 ndcg_10: 0.0218	 hit@1:0.005069	 hit@5:0.0268	 hit@10: 0.0463
target: 	 mrr: 0.037435	 ndcg_5: 0.0282	 ndcg_10: 0.0409	 hit@1:0.008362	 hit@5:0.0509	 hit@10: 0.0899
epoch 35: train_loss = 1.201694, source_hit@10 = 0.0463, source_ndcg@10 = 0.0218, target_hit@10 = 0.0899, target_ndcg@10 = 0.0409

2024-08-02 10:51:32.946021: step 10944/24320 (epoch 36/80), loss = 1.195533 (38.330 sec/epoch), lr: 0.001951
Evaluating on dev set...
...........................
source: 	 mrr: 0.028283	 ndcg_5: 0.0184	 ndcg_10: 0.0269	 hit@1:0.003621	 hit@5:0.0333	 hit@10: 0.0601
target: 	 mrr: 0.041030	 ndcg_5: 0.0331	 ndcg_10: 0.0426	 hit@1:0.013240	 hit@5:0.0537	 hit@10: 0.0836
epoch 36: train_loss = 1.195533, source_hit@10 = 0.0601, source_ndcg@10 = 0.0269, target_hit@10 = 0.0836, target_ndcg@10 = 0.0426

2024-08-02 10:52:11.332734: step 11248/24320 (epoch 37/80), loss = 1.189835 (38.050 sec/epoch), lr: 0.001951
Evaluating on dev set...
...........................
source: 	 mrr: 0.031015	 ndcg_5: 0.0202	 ndcg_10: 0.0292	 hit@1:0.005793	 hit@5:0.0348	 hit@10: 0.0630
target: 	 mrr: 0.044077	 ndcg_5: 0.0341	 ndcg_10: 0.0454	 hit@1:0.018118	 hit@5:0.0509	 hit@10: 0.0864
epoch 37: train_loss = 1.189835, source_hit@10 = 0.0630, source_ndcg@10 = 0.0292, target_hit@10 = 0.0864, target_ndcg@10 = 0.0454

2024-08-02 10:52:50.481548: step 11552/24320 (epoch 38/80), loss = 1.183282 (38.810 sec/epoch), lr: 0.001951
Evaluating on dev set...
...........................
source: 	 mrr: 0.029694	 ndcg_5: 0.0187	 ndcg_10: 0.0267	 hit@1:0.007241	 hit@5:0.0304	 hit@10: 0.0550
target: 	 mrr: 0.034326	 ndcg_5: 0.0233	 ndcg_10: 0.0356	 hit@1:0.006969	 hit@5:0.0404	 hit@10: 0.0780
epoch 38: train_loss = 1.183282, source_hit@10 = 0.0550, source_ndcg@10 = 0.0267, target_hit@10 = 0.0780, target_ndcg@10 = 0.0356

2024-08-02 10:53:29.673404: step 11856/24320 (epoch 39/80), loss = 1.179700 (38.847 sec/epoch), lr: 0.001853
Evaluating on dev set...
...........................
source: 	 mrr: 0.033855	 ndcg_5: 0.0220	 ndcg_10: 0.0323	 hit@1:0.010862	 hit@5:0.0333	 hit@10: 0.0659
target: 	 mrr: 0.038657	 ndcg_5: 0.0293	 ndcg_10: 0.0404	 hit@1:0.010453	 hit@5:0.0488	 hit@10: 0.0829
epoch 39: train_loss = 1.179700, source_hit@10 = 0.0659, source_ndcg@10 = 0.0323, target_hit@10 = 0.0829, target_ndcg@10 = 0.0404

2024-08-02 10:54:09.052001: step 12160/24320 (epoch 40/80), loss = 1.179489 (39.042 sec/epoch), lr: 0.001853
Evaluating on dev set...
...........................
source: 	 mrr: 0.030042	 ndcg_5: 0.0199	 ndcg_10: 0.0270	 hit@1:0.007241	 hit@5:0.0340	 hit@10: 0.0565
target: 	 mrr: 0.034914	 ndcg_5: 0.0244	 ndcg_10: 0.0395	 hit@1:0.007666	 hit@5:0.0425	 hit@10: 0.0892
epoch 40: train_loss = 1.179489, source_hit@10 = 0.0565, source_ndcg@10 = 0.0270, target_hit@10 = 0.0892, target_ndcg@10 = 0.0395

2024-08-02 10:54:48.013042: step 12464/24320 (epoch 41/80), loss = 1.176028 (38.625 sec/epoch), lr: 0.001761
Evaluating on dev set...
...........................
source: 	 mrr: 0.032188	 ndcg_5: 0.0226	 ndcg_10: 0.0330	 hit@1:0.004345	 hit@5:0.0413	 hit@10: 0.0731
target: 	 mrr: 0.035376	 ndcg_5: 0.0266	 ndcg_10: 0.0362	 hit@1:0.007666	 hit@5:0.0453	 hit@10: 0.0746
epoch 41: train_loss = 1.176028, source_hit@10 = 0.0731, source_ndcg@10 = 0.0330, target_hit@10 = 0.0746, target_ndcg@10 = 0.0362

2024-08-02 10:55:27.238485: step 12768/24320 (epoch 42/80), loss = 1.174608 (38.882 sec/epoch), lr: 0.001761
Evaluating on dev set...
...........................
source: 	 mrr: 0.032610	 ndcg_5: 0.0220	 ndcg_10: 0.0317	 hit@1:0.006517	 hit@5:0.0377	 hit@10: 0.0681
target: 	 mrr: 0.033277	 ndcg_5: 0.0231	 ndcg_10: 0.0367	 hit@1:0.006272	 hit@5:0.0418	 hit@10: 0.0836
epoch 42: train_loss = 1.174608, source_hit@10 = 0.0681, source_ndcg@10 = 0.0317, target_hit@10 = 0.0836, target_ndcg@10 = 0.0367

2024-08-02 10:56:06.363777: step 13072/24320 (epoch 43/80), loss = 1.171863 (38.785 sec/epoch), lr: 0.001672
Evaluating on dev set...
...........................
source: 	 mrr: 0.032265	 ndcg_5: 0.0205	 ndcg_10: 0.0320	 hit@1:0.006517	 hit@5:0.0348	 hit@10: 0.0702
target: 	 mrr: 0.041300	 ndcg_5: 0.0318	 ndcg_10: 0.0442	 hit@1:0.014634	 hit@5:0.0502	 hit@10: 0.0892
epoch 43: train_loss = 1.171863, source_hit@10 = 0.0702, source_ndcg@10 = 0.0320, target_hit@10 = 0.0892, target_ndcg@10 = 0.0442

2024-08-02 10:56:44.994698: step 13376/24320 (epoch 44/80), loss = 1.170328 (38.281 sec/epoch), lr: 0.001672
Evaluating on dev set...
...........................
source: 	 mrr: 0.031392	 ndcg_5: 0.0202	 ndcg_10: 0.0290	 hit@1:0.005793	 hit@5:0.0362	 hit@10: 0.0644
target: 	 mrr: 0.038011	 ndcg_5: 0.0305	 ndcg_10: 0.0411	 hit@1:0.013937	 hit@5:0.0481	 hit@10: 0.0815
epoch 44: train_loss = 1.170328, source_hit@10 = 0.0644, source_ndcg@10 = 0.0290, target_hit@10 = 0.0815, target_ndcg@10 = 0.0411

2024-08-02 10:57:24.110640: step 13680/24320 (epoch 45/80), loss = 1.166895 (38.781 sec/epoch), lr: 0.001589
Evaluating on dev set...
...........................
source: 	 mrr: 0.032932	 ndcg_5: 0.0204	 ndcg_10: 0.0313	 hit@1:0.007241	 hit@5:0.0348	 hit@10: 0.0688
target: 	 mrr: 0.032785	 ndcg_5: 0.0212	 ndcg_10: 0.0312	 hit@1:0.010453	 hit@5:0.0321	 hit@10: 0.0634
epoch 45: train_loss = 1.166895, source_hit@10 = 0.0688, source_ndcg@10 = 0.0313, target_hit@10 = 0.0634, target_ndcg@10 = 0.0312

