nohup: ignoring input
using gpu:1 to train the model
using gpu:1 to train the model
cuda:1
Namespace(A_split=False, JK='sum', a_fold=100, aggregate=False, alpha=0.5, batch_size=1024, beta_inter=0.4, conv_layers=4, cuda=True, decay_epoch=10, device=device(type='cuda', index=1), device_id='1', domains='game_video', dropout=0.5, epoch=80, feature_dim=126, hidden_dim=126, inter_tau=0.2, intra_tau=1, lambda_critic=0.4, leakey=0.01, load=False, log='logs.txt', log_epoch=1, lr=0.004, lr_decay=0.95, min_epoch=50, mode='train', model_file=None, model_name='gv', momentum=0.98, num_latent_factors=3, num_negative=100, optim='adam', patience=50, proj_layers=1, projection=1, residual=1, save=True, save_dir='./saved_models', seed=32, similarity_tau=0.1, test_sample_number=999, transfer_epoch=50, user_batch_size=256, weight_decay=2e-05)
number_user 25025
number_item 12319
/home/hourun/invariantCDR_v2/invariantCDR/utils/GraphMaker.py:46: RuntimeWarning: divide by zero encountered in power
  r_inv = np.power(rowsum, -1).flatten()
real graph loaded!
number_user 19457
number_item 8751
real graph loaded!
graph loaded!
Loading data from game_video with batch size 1024...
unseen test: 0
test length: 1381
unseen test: 0
test length: 1304
unseen test: 0
test length: 1435
unseen test: 0
test length: 1458
source_user_num 25025
target_user_num 19457
source_item_num 12319
target_item_num 8751
shared users id: 1737
test users 226, 217
unseen test: 0
dev length: 1000
unseen test: 0
dev length: 1000
source train data : 155036, target train data: 156091, source test data : 1304, target test data : 1458, source dev data : 1000, target dev data : 1000
2024-08-02 11:32:38.957953: step 304/24320 (epoch 1/80), loss = 1.263568 (39.210 sec/epoch), lr: 0.004000
Evaluating on dev set...
...........................
source: 	 mrr: 0.019739	 ndcg_5: 0.0126	 ndcg_10: 0.0163	 hit@1:0.004345	 hit@5:0.0210	 hit@10: 0.0326
target: 	 mrr: 0.015039	 ndcg_5: 0.0070	 ndcg_10: 0.0119	 hit@1:0.003484	 hit@5:0.0105	 hit@10: 0.0258
source best!
.............
source: 	 mrr: 0.022939	 ndcg_5: 0.0152	 ndcg_10: 0.0222	 hit@1:0.008436	 hit@5:0.0222	 hit@10: 0.0437
target best!
..............target: 	 mrr: 0.015440	 ndcg_5: 0.0090	 ndcg_10: 0.0118	 hit@1:0.004115	 hit@5:0.0137	 hit@10: 0.0226
epoch 1: train_loss = 1.263568, source_hit@10 = 0.0437, source_ndcg@10 = 0.0222, target_hit@10 = 0.0226, target_ndcg@10 = 0.0118

2024-08-02 11:33:18.572840: step 608/24320 (epoch 2/80), loss = 1.079791 (38.994 sec/epoch), lr: 0.004000
Evaluating on dev set...
...........................
source: 	 mrr: 0.029510	 ndcg_5: 0.0202	 ndcg_10: 0.0304	 hit@1:0.005793	 hit@5:0.0355	 hit@10: 0.0673
target: 	 mrr: 0.032690	 ndcg_5: 0.0214	 ndcg_10: 0.0331	 hit@1:0.006272	 hit@5:0.0369	 hit@10: 0.0732
source best!
.............
source: 	 mrr: 0.031606	 ndcg_5: 0.0220	 ndcg_10: 0.0298	 hit@1:0.008436	 hit@5:0.0345	 hit@10: 0.0590
target best!
..............target: 	 mrr: 0.033706	 ndcg_5: 0.0231	 ndcg_10: 0.0334	 hit@1:0.008916	 hit@5:0.0377	 hit@10: 0.0700
epoch 2: train_loss = 1.079791, source_hit@10 = 0.0590, source_ndcg@10 = 0.0298, target_hit@10 = 0.0700, target_ndcg@10 = 0.0334
new best model saved.

2024-08-02 11:33:59.331313: step 912/24320 (epoch 3/80), loss = 1.047279 (39.984 sec/epoch), lr: 0.004000
Evaluating on dev set...
...........................
source: 	 mrr: 0.034843	 ndcg_5: 0.0229	 ndcg_10: 0.0349	 hit@1:0.008689	 hit@5:0.0369	 hit@10: 0.0746
target: 	 mrr: 0.038744	 ndcg_5: 0.0315	 ndcg_10: 0.0424	 hit@1:0.008362	 hit@5:0.0551	 hit@10: 0.0892
source best!
.............
source: 	 mrr: 0.035541	 ndcg_5: 0.0247	 ndcg_10: 0.0353	 hit@1:0.009969	 hit@5:0.0383	 hit@10: 0.0713
target best!
..............target: 	 mrr: 0.043688	 ndcg_5: 0.0341	 ndcg_10: 0.0448	 hit@1:0.015775	 hit@5:0.0521	 hit@10: 0.0850
epoch 3: train_loss = 1.047279, source_hit@10 = 0.0713, source_ndcg@10 = 0.0353, target_hit@10 = 0.0850, target_ndcg@10 = 0.0448
new best model saved.

2024-08-02 11:34:38.311003: step 1216/24320 (epoch 4/80), loss = 1.031916 (38.206 sec/epoch), lr: 0.004000
Evaluating on dev set...
...........................
source: 	 mrr: 0.031150	 ndcg_5: 0.0178	 ndcg_10: 0.0306	 hit@1:0.005793	 hit@5:0.0297	 hit@10: 0.0695
target: 	 mrr: 0.048423	 ndcg_5: 0.0396	 ndcg_10: 0.0522	 hit@1:0.017422	 hit@5:0.0641	 hit@10: 0.1038
target best!
..............target: 	 mrr: 0.045497	 ndcg_5: 0.0369	 ndcg_10: 0.0487	 hit@1:0.011660	 hit@5:0.0624	 hit@10: 0.0995
epoch 4: train_loss = 1.031916, source_hit@10 = 0.0695, source_ndcg@10 = 0.0306, target_hit@10 = 0.0995, target_ndcg@10 = 0.0487
new best model saved.

2024-08-02 11:35:17.826982: step 1520/24320 (epoch 5/80), loss = 1.019051 (38.846 sec/epoch), lr: 0.004000
Evaluating on dev set...
...........................
source: 	 mrr: 0.037082	 ndcg_5: 0.0279	 ndcg_10: 0.0368	 hit@1:0.012310	 hit@5:0.0434	 hit@10: 0.0702
target: 	 mrr: 0.034634	 ndcg_5: 0.0257	 ndcg_10: 0.0357	 hit@1:0.011847	 hit@5:0.0411	 hit@10: 0.0732
source best!
.............
source: 	 mrr: 0.036218	 ndcg_5: 0.0272	 ndcg_10: 0.0361	 hit@1:0.012270	 hit@5:0.0429	 hit@10: 0.0706
epoch 5: train_loss = 1.019051, source_hit@10 = 0.0706, source_ndcg@10 = 0.0361, target_hit@10 = 0.0732, target_ndcg@10 = 0.0357

2024-08-02 11:35:56.651986: step 1824/24320 (epoch 6/80), loss = 1.006634 (38.355 sec/epoch), lr: 0.004000
Evaluating on dev set...
...........................
source: 	 mrr: 0.038148	 ndcg_5: 0.0269	 ndcg_10: 0.0394	 hit@1:0.011586	 hit@5:0.0420	 hit@10: 0.0804
target: 	 mrr: 0.054921	 ndcg_5: 0.0482	 ndcg_10: 0.0596	 hit@1:0.021603	 hit@5:0.0767	 hit@10: 0.1122
source best!
.............
source: 	 mrr: 0.031501	 ndcg_5: 0.0206	 ndcg_10: 0.0324	 hit@1:0.008436	 hit@5:0.0345	 hit@10: 0.0713
target best!
..............target: 	 mrr: 0.050827	 ndcg_5: 0.0414	 ndcg_10: 0.0572	 hit@1:0.015089	 hit@5:0.0693	 hit@10: 0.1187
epoch 6: train_loss = 1.006634, source_hit@10 = 0.0713, source_ndcg@10 = 0.0324, target_hit@10 = 0.1187, target_ndcg@10 = 0.0572
new best model saved.

2024-08-02 11:36:36.571857: step 2128/24320 (epoch 7/80), loss = 0.998285 (39.139 sec/epoch), lr: 0.004000
Evaluating on dev set...
...........................
source: 	 mrr: 0.035068	 ndcg_5: 0.0248	 ndcg_10: 0.0369	 hit@1:0.007241	 hit@5:0.0449	 hit@10: 0.0818
target: 	 mrr: 0.054339	 ndcg_5: 0.0462	 ndcg_10: 0.0580	 hit@1:0.019512	 hit@5:0.0704	 hit@10: 0.1073
epoch 7: train_loss = 0.998285, source_hit@10 = 0.0818, source_ndcg@10 = 0.0369, target_hit@10 = 0.1073, target_ndcg@10 = 0.0580

2024-08-02 11:37:15.808733: step 2432/24320 (epoch 8/80), loss = 0.989779 (38.902 sec/epoch), lr: 0.004000
Evaluating on dev set...
...........................
source: 	 mrr: 0.038869	 ndcg_5: 0.0297	 ndcg_10: 0.0366	 hit@1:0.013758	 hit@5:0.0463	 hit@10: 0.0673
target: 	 mrr: 0.046807	 ndcg_5: 0.0360	 ndcg_10: 0.0491	 hit@1:0.015331	 hit@5:0.0564	 hit@10: 0.0969
source best!
.............
source: 	 mrr: 0.035985	 ndcg_5: 0.0268	 ndcg_10: 0.0353	 hit@1:0.008436	 hit@5:0.0445	 hit@10: 0.0713
epoch 8: train_loss = 0.989779, source_hit@10 = 0.0713, source_ndcg@10 = 0.0353, target_hit@10 = 0.0969, target_ndcg@10 = 0.0491

2024-08-02 11:37:54.777999: step 2736/24320 (epoch 9/80), loss = 0.982094 (38.498 sec/epoch), lr: 0.004000
Evaluating on dev set...
...........................
source: 	 mrr: 0.031392	 ndcg_5: 0.0233	 ndcg_10: 0.0301	 hit@1:0.007241	 hit@5:0.0413	 hit@10: 0.0623
target: 	 mrr: 0.048140	 ndcg_5: 0.0396	 ndcg_10: 0.0517	 hit@1:0.013937	 hit@5:0.0648	 hit@10: 0.1024
epoch 9: train_loss = 0.982094, source_hit@10 = 0.0623, source_ndcg@10 = 0.0301, target_hit@10 = 0.1024, target_ndcg@10 = 0.0517

2024-08-02 11:38:33.829394: step 3040/24320 (epoch 10/80), loss = 0.974919 (38.701 sec/epoch), lr: 0.004000
Evaluating on dev set...
...........................
source: 	 mrr: 0.030669	 ndcg_5: 0.0189	 ndcg_10: 0.0274	 hit@1:0.007965	 hit@5:0.0297	 hit@10: 0.0558
target: 	 mrr: 0.048993	 ndcg_5: 0.0383	 ndcg_10: 0.0514	 hit@1:0.015331	 hit@5:0.0599	 hit@10: 0.1010
epoch 10: train_loss = 0.974919, source_hit@10 = 0.0558, source_ndcg@10 = 0.0274, target_hit@10 = 0.1010, target_ndcg@10 = 0.0514

2024-08-02 11:39:13.048082: step 3344/24320 (epoch 11/80), loss = 0.970202 (38.869 sec/epoch), lr: 0.004000
Evaluating on dev set...
...........................
source: 	 mrr: 0.035505	 ndcg_5: 0.0272	 ndcg_10: 0.0338	 hit@1:0.010138	 hit@5:0.0434	 hit@10: 0.0644
target: 	 mrr: 0.051296	 ndcg_5: 0.0436	 ndcg_10: 0.0569	 hit@1:0.020209	 hit@5:0.0690	 hit@10: 0.1108
epoch 11: train_loss = 0.970202, source_hit@10 = 0.0644, source_ndcg@10 = 0.0338, target_hit@10 = 0.1108, target_ndcg@10 = 0.0569

2024-08-02 11:39:51.809837: step 3648/24320 (epoch 12/80), loss = 0.965670 (38.423 sec/epoch), lr: 0.004000
Evaluating on dev set...
...........................
source: 	 mrr: 0.042807	 ndcg_5: 0.0305	 ndcg_10: 0.0434	 hit@1:0.015206	 hit@5:0.0442	 hit@10: 0.0847
target: 	 mrr: 0.050461	 ndcg_5: 0.0406	 ndcg_10: 0.0533	 hit@1:0.018815	 hit@5:0.0641	 hit@10: 0.1038
source best!
.............
source: 	 mrr: 0.044090	 ndcg_5: 0.0337	 ndcg_10: 0.0443	 hit@1:0.016871	 hit@5:0.0514	 hit@10: 0.0851
epoch 12: train_loss = 0.965670, source_hit@10 = 0.0851, source_ndcg@10 = 0.0443, target_hit@10 = 0.1038, target_ndcg@10 = 0.0533

2024-08-02 11:40:31.008409: step 3952/24320 (epoch 13/80), loss = 0.964317 (38.728 sec/epoch), lr: 0.004000
Evaluating on dev set...
...........................
source: 	 mrr: 0.038278	 ndcg_5: 0.0281	 ndcg_10: 0.0391	 hit@1:0.008689	 hit@5:0.0463	 hit@10: 0.0804
target: 	 mrr: 0.056282	 ndcg_5: 0.0477	 ndcg_10: 0.0617	 hit@1:0.023693	 hit@5:0.0732	 hit@10: 0.1164
target best!
..............target: 	 mrr: 0.057674	 ndcg_5: 0.0494	 ndcg_10: 0.0635	 hit@1:0.024005	 hit@5:0.0754	 hit@10: 0.1193
epoch 13: train_loss = 0.964317, source_hit@10 = 0.0804, source_ndcg@10 = 0.0391, target_hit@10 = 0.1193, target_ndcg@10 = 0.0635

2024-08-02 11:41:10.579034: step 4256/24320 (epoch 14/80), loss = 0.959527 (39.061 sec/epoch), lr: 0.004000
Evaluating on dev set...
...........................
source: 	 mrr: 0.037447	 ndcg_5: 0.0260	 ndcg_10: 0.0362	 hit@1:0.011586	 hit@5:0.0406	 hit@10: 0.0724
target: 	 mrr: 0.057255	 ndcg_5: 0.0483	 ndcg_10: 0.0604	 hit@1:0.023693	 hit@5:0.0725	 hit@10: 0.1094
target best!
..............target: 	 mrr: 0.058846	 ndcg_5: 0.0522	 ndcg_10: 0.0665	 hit@1:0.018519	 hit@5:0.0844	 hit@10: 0.1289
epoch 14: train_loss = 0.959527, source_hit@10 = 0.0724, source_ndcg@10 = 0.0362, target_hit@10 = 0.1289, target_ndcg@10 = 0.0665

2024-08-02 11:41:50.690524: step 4560/24320 (epoch 15/80), loss = 0.957118 (39.608 sec/epoch), lr: 0.004000
Evaluating on dev set...
...........................
source: 	 mrr: 0.035315	 ndcg_5: 0.0235	 ndcg_10: 0.0337	 hit@1:0.011586	 hit@5:0.0348	 hit@10: 0.0666
target: 	 mrr: 0.049432	 ndcg_5: 0.0405	 ndcg_10: 0.0533	 hit@1:0.018815	 hit@5:0.0634	 hit@10: 0.1031
epoch 15: train_loss = 0.957118, source_hit@10 = 0.0666, source_ndcg@10 = 0.0337, target_hit@10 = 0.1031, target_ndcg@10 = 0.0533

2024-08-02 11:42:29.600089: step 4864/24320 (epoch 16/80), loss = 0.952757 (38.571 sec/epoch), lr: 0.003800
Evaluating on dev set...
...........................
source: 	 mrr: 0.041081	 ndcg_5: 0.0312	 ndcg_10: 0.0408	 hit@1:0.015930	 hit@5:0.0471	 hit@10: 0.0768
target: 	 mrr: 0.052505	 ndcg_5: 0.0440	 ndcg_10: 0.0566	 hit@1:0.020209	 hit@5:0.0690	 hit@10: 0.1080
epoch 16: train_loss = 0.952757, source_hit@10 = 0.0768, source_ndcg@10 = 0.0408, target_hit@10 = 0.1080, target_ndcg@10 = 0.0566

2024-08-02 11:43:08.806768: step 5168/24320 (epoch 17/80), loss = 0.947919 (38.862 sec/epoch), lr: 0.003800
Evaluating on dev set...
...........................
source: 	 mrr: 0.032402	 ndcg_5: 0.0236	 ndcg_10: 0.0296	 hit@1:0.011586	 hit@5:0.0362	 hit@10: 0.0550
target: 	 mrr: 0.057821	 ndcg_5: 0.0491	 ndcg_10: 0.0646	 hit@1:0.022300	 hit@5:0.0767	 hit@10: 0.1254
target best!
..............target: 	 mrr: 0.060135	 ndcg_5: 0.0522	 ndcg_10: 0.0670	 hit@1:0.022634	 hit@5:0.0830	 hit@10: 0.1296
epoch 17: train_loss = 0.947919, source_hit@10 = 0.0550, source_ndcg@10 = 0.0296, target_hit@10 = 0.1296, target_ndcg@10 = 0.0670

2024-08-02 11:43:48.378504: step 5472/24320 (epoch 18/80), loss = 0.944195 (39.086 sec/epoch), lr: 0.003610
Evaluating on dev set...
...........................
source: 	 mrr: 0.028909	 ndcg_5: 0.0177	 ndcg_10: 0.0279	 hit@1:0.008689	 hit@5:0.0268	 hit@10: 0.0587
target: 	 mrr: 0.051645	 ndcg_5: 0.0422	 ndcg_10: 0.0549	 hit@1:0.018815	 hit@5:0.0655	 hit@10: 0.1045
epoch 18: train_loss = 0.944195, source_hit@10 = 0.0587, source_ndcg@10 = 0.0279, target_hit@10 = 0.1045, target_ndcg@10 = 0.0549

2024-08-02 11:44:26.940828: step 5776/24320 (epoch 19/80), loss = 0.939796 (38.225 sec/epoch), lr: 0.003429
Evaluating on dev set...
...........................
source: 	 mrr: 0.039155	 ndcg_5: 0.0286	 ndcg_10: 0.0406	 hit@1:0.010138	 hit@5:0.0478	 hit@10: 0.0854
target: 	 mrr: 0.051934	 ndcg_5: 0.0440	 ndcg_10: 0.0565	 hit@1:0.019512	 hit@5:0.0704	 hit@10: 0.1094
epoch 19: train_loss = 0.939796, source_hit@10 = 0.0854, source_ndcg@10 = 0.0406, target_hit@10 = 0.1094, target_ndcg@10 = 0.0565

2024-08-02 11:45:06.417139: step 6080/24320 (epoch 20/80), loss = 0.938321 (39.140 sec/epoch), lr: 0.003429
Evaluating on dev set...
...........................
source: 	 mrr: 0.032664	 ndcg_5: 0.0227	 ndcg_10: 0.0312	 hit@1:0.008689	 hit@5:0.0369	 hit@10: 0.0637
target: 	 mrr: 0.050137	 ndcg_5: 0.0401	 ndcg_10: 0.0543	 hit@1:0.016725	 hit@5:0.0641	 hit@10: 0.1080
epoch 20: train_loss = 0.938321, source_hit@10 = 0.0637, source_ndcg@10 = 0.0312, target_hit@10 = 0.1080, target_ndcg@10 = 0.0543

2024-08-02 11:45:45.622322: step 6384/24320 (epoch 21/80), loss = 0.933434 (38.860 sec/epoch), lr: 0.003258
Evaluating on dev set...
...........................
source: 	 mrr: 0.042943	 ndcg_5: 0.0315	 ndcg_10: 0.0418	 hit@1:0.016655	 hit@5:0.0463	 hit@10: 0.0789
target: 	 mrr: 0.054190	 ndcg_5: 0.0474	 ndcg_10: 0.0603	 hit@1:0.017422	 hit@5:0.0746	 hit@10: 0.1150
source best!
.............
source: 	 mrr: 0.038303	 ndcg_5: 0.0289	 ndcg_10: 0.0392	 hit@1:0.012270	 hit@5:0.0468	 hit@10: 0.0790
epoch 21: train_loss = 0.933434, source_hit@10 = 0.0790, source_ndcg@10 = 0.0392, target_hit@10 = 0.1150, target_ndcg@10 = 0.0603

2024-08-02 11:46:24.366425: step 6688/24320 (epoch 22/80), loss = 0.931520 (38.279 sec/epoch), lr: 0.003258
Evaluating on dev set...
...........................
source: 	 mrr: 0.034710	 ndcg_5: 0.0232	 ndcg_10: 0.0321	 hit@1:0.009413	 hit@5:0.0377	 hit@10: 0.0652
target: 	 mrr: 0.051401	 ndcg_5: 0.0430	 ndcg_10: 0.0543	 hit@1:0.019512	 hit@5:0.0648	 hit@10: 0.0997
epoch 22: train_loss = 0.931520, source_hit@10 = 0.0652, source_ndcg@10 = 0.0321, target_hit@10 = 0.0997, target_ndcg@10 = 0.0543

2024-08-02 11:47:03.793803: step 6992/24320 (epoch 23/80), loss = 0.928456 (39.085 sec/epoch), lr: 0.003095
Evaluating on dev set...
...........................
source: 	 mrr: 0.033511	 ndcg_5: 0.0244	 ndcg_10: 0.0353	 hit@1:0.010138	 hit@5:0.0398	 hit@10: 0.0739
target: 	 mrr: 0.050187	 ndcg_5: 0.0424	 ndcg_10: 0.0542	 hit@1:0.016725	 hit@5:0.0683	 hit@10: 0.1052
epoch 23: train_loss = 0.928456, source_hit@10 = 0.0739, source_ndcg@10 = 0.0353, target_hit@10 = 0.1052, target_ndcg@10 = 0.0542

2024-08-02 11:47:42.870573: step 7296/24320 (epoch 24/80), loss = 0.925551 (38.734 sec/epoch), lr: 0.002940
Evaluating on dev set...
...........................
source: 	 mrr: 0.030472	 ndcg_5: 0.0230	 ndcg_10: 0.0286	 hit@1:0.013758	 hit@5:0.0333	 hit@10: 0.0507
target: 	 mrr: 0.047256	 ndcg_5: 0.0375	 ndcg_10: 0.0505	 hit@1:0.016028	 hit@5:0.0592	 hit@10: 0.0997
epoch 24: train_loss = 0.925551, source_hit@10 = 0.0507, source_ndcg@10 = 0.0286, target_hit@10 = 0.0997, target_ndcg@10 = 0.0505

2024-08-02 11:48:21.930082: step 7600/24320 (epoch 25/80), loss = 0.920126 (38.719 sec/epoch), lr: 0.002793
Evaluating on dev set...
...........................
source: 	 mrr: 0.033575	 ndcg_5: 0.0234	 ndcg_10: 0.0325	 hit@1:0.007965	 hit@5:0.0391	 hit@10: 0.0673
target: 	 mrr: 0.050101	 ndcg_5: 0.0394	 ndcg_10: 0.0541	 hit@1:0.017422	 hit@5:0.0627	 hit@10: 0.1094
epoch 25: train_loss = 0.920126, source_hit@10 = 0.0673, source_ndcg@10 = 0.0325, target_hit@10 = 0.1094, target_ndcg@10 = 0.0541

2024-08-02 11:49:00.667054: step 7904/24320 (epoch 26/80), loss = 0.917912 (38.354 sec/epoch), lr: 0.002793
Evaluating on dev set...
...........................
source: 	 mrr: 0.028345	 ndcg_5: 0.0171	 ndcg_10: 0.0275	 hit@1:0.008689	 hit@5:0.0261	 hit@10: 0.0579
target: 	 mrr: 0.056736	 ndcg_5: 0.0480	 ndcg_10: 0.0612	 hit@1:0.023693	 hit@5:0.0732	 hit@10: 0.1143
epoch 26: train_loss = 0.917912, source_hit@10 = 0.0579, source_ndcg@10 = 0.0275, target_hit@10 = 0.1143, target_ndcg@10 = 0.0612

2024-08-02 11:49:39.187018: step 8208/24320 (epoch 27/80), loss = 0.920299 (38.182 sec/epoch), lr: 0.002793
Evaluating on dev set...
...........................
source: 	 mrr: 0.033521	 ndcg_5: 0.0254	 ndcg_10: 0.0349	 hit@1:0.009413	 hit@5:0.0413	 hit@10: 0.0710
target: 	 mrr: 0.056056	 ndcg_5: 0.0469	 ndcg_10: 0.0614	 hit@1:0.023693	 hit@5:0.0711	 hit@10: 0.1164
epoch 27: train_loss = 0.920299, source_hit@10 = 0.0710, source_ndcg@10 = 0.0349, target_hit@10 = 0.1164, target_ndcg@10 = 0.0614

2024-08-02 11:50:18.092787: step 8512/24320 (epoch 28/80), loss = 0.914137 (38.567 sec/epoch), lr: 0.002793
Evaluating on dev set...
...........................
source: 	 mrr: 0.028579	 ndcg_5: 0.0178	 ndcg_10: 0.0271	 hit@1:0.006517	 hit@5:0.0304	 hit@10: 0.0594
target: 	 mrr: 0.061636	 ndcg_5: 0.0524	 ndcg_10: 0.0667	 hit@1:0.024390	 hit@5:0.0794	 hit@10: 0.1240
target best!
..............target: 	 mrr: 0.064508	 ndcg_5: 0.0569	 ndcg_10: 0.0709	 hit@1:0.025377	 hit@5:0.0878	 hit@10: 0.1317
epoch 28: train_loss = 0.914137, source_hit@10 = 0.0594, source_ndcg@10 = 0.0271, target_hit@10 = 0.1317, target_ndcg@10 = 0.0709

2024-08-02 11:50:57.051134: step 8816/24320 (epoch 29/80), loss = 0.916115 (38.478 sec/epoch), lr: 0.002793
Evaluating on dev set...
...........................
source: 	 mrr: 0.042906	 ndcg_5: 0.0341	 ndcg_10: 0.0424	 hit@1:0.018103	 hit@5:0.0507	 hit@10: 0.0768
target: 	 mrr: 0.056119	 ndcg_5: 0.0461	 ndcg_10: 0.0599	 hit@1:0.020906	 hit@5:0.0711	 hit@10: 0.1136
epoch 29: train_loss = 0.916115, source_hit@10 = 0.0768, source_ndcg@10 = 0.0424, target_hit@10 = 0.1136, target_ndcg@10 = 0.0599

2024-08-02 11:51:35.286783: step 9120/24320 (epoch 30/80), loss = 0.916061 (37.900 sec/epoch), lr: 0.002793
Evaluating on dev set...
...........................
source: 	 mrr: 0.028510	 ndcg_5: 0.0219	 ndcg_10: 0.0289	 hit@1:0.008689	 hit@5:0.0355	 hit@10: 0.0572
target: 	 mrr: 0.058509	 ndcg_5: 0.0494	 ndcg_10: 0.0645	 hit@1:0.022300	 hit@5:0.0780	 hit@10: 0.1247
epoch 30: train_loss = 0.916061, source_hit@10 = 0.0572, source_ndcg@10 = 0.0289, target_hit@10 = 0.1247, target_ndcg@10 = 0.0645

2024-08-02 11:52:14.559771: step 9424/24320 (epoch 31/80), loss = 0.913229 (38.932 sec/epoch), lr: 0.002654
Evaluating on dev set...
...........................
source: 	 mrr: 0.039973	 ndcg_5: 0.0297	 ndcg_10: 0.0400	 hit@1:0.012310	 hit@5:0.0478	 hit@10: 0.0804
target: 	 mrr: 0.056758	 ndcg_5: 0.0489	 ndcg_10: 0.0636	 hit@1:0.018118	 hit@5:0.0801	 hit@10: 0.1261
epoch 31: train_loss = 0.913229, source_hit@10 = 0.0804, source_ndcg@10 = 0.0400, target_hit@10 = 0.1261, target_ndcg@10 = 0.0636

2024-08-02 11:52:54.326109: step 9728/24320 (epoch 32/80), loss = 0.911741 (39.393 sec/epoch), lr: 0.002654
Evaluating on dev set...
...........................
source: 	 mrr: 0.038444	 ndcg_5: 0.0276	 ndcg_10: 0.0360	 hit@1:0.013758	 hit@5:0.0420	 hit@10: 0.0681
target: 	 mrr: 0.055623	 ndcg_5: 0.0473	 ndcg_10: 0.0608	 hit@1:0.018118	 hit@5:0.0753	 hit@10: 0.1171
epoch 32: train_loss = 0.911741, source_hit@10 = 0.0681, source_ndcg@10 = 0.0360, target_hit@10 = 0.1171, target_ndcg@10 = 0.0608

2024-08-02 11:53:33.736915: step 10032/24320 (epoch 33/80), loss = 0.908928 (39.069 sec/epoch), lr: 0.002521
Evaluating on dev set...
...........................
source: 	 mrr: 0.028528	 ndcg_5: 0.0210	 ndcg_10: 0.0267	 hit@1:0.009413	 hit@5:0.0319	 hit@10: 0.0500
target: 	 mrr: 0.056911	 ndcg_5: 0.0470	 ndcg_10: 0.0606	 hit@1:0.022300	 hit@5:0.0711	 hit@10: 0.1129
epoch 33: train_loss = 0.908928, source_hit@10 = 0.0500, source_ndcg@10 = 0.0267, target_hit@10 = 0.1129, target_ndcg@10 = 0.0606

2024-08-02 11:54:12.776002: step 10336/24320 (epoch 34/80), loss = 0.905560 (38.702 sec/epoch), lr: 0.002395
Evaluating on dev set...
...........................
source: 	 mrr: 0.040522	 ndcg_5: 0.0311	 ndcg_10: 0.0411	 hit@1:0.015206	 hit@5:0.0478	 hit@10: 0.0789
target: 	 mrr: 0.055562	 ndcg_5: 0.0464	 ndcg_10: 0.0624	 hit@1:0.019512	 hit@5:0.0732	 hit@10: 0.1233
epoch 34: train_loss = 0.905560, source_hit@10 = 0.0789, source_ndcg@10 = 0.0411, target_hit@10 = 0.1233, target_ndcg@10 = 0.0624

2024-08-02 11:54:51.591269: step 10640/24320 (epoch 35/80), loss = 0.902953 (38.427 sec/epoch), lr: 0.002395
Evaluating on dev set...
...........................
source: 	 mrr: 0.045026	 ndcg_5: 0.0346	 ndcg_10: 0.0470	 hit@1:0.014482	 hit@5:0.0543	 hit@10: 0.0927
target: 	 mrr: 0.061687	 ndcg_5: 0.0535	 ndcg_10: 0.0680	 hit@1:0.027178	 hit@5:0.0801	 hit@10: 0.1254
source best!
.............
source: 	 mrr: 0.040128	 ndcg_5: 0.0284	 ndcg_10: 0.0385	 hit@1:0.012270	 hit@5:0.0422	 hit@10: 0.0744
target best!
..............target: 	 mrr: 0.056801	 ndcg_5: 0.0503	 ndcg_10: 0.0644	 hit@1:0.017833	 hit@5:0.0823	 hit@10: 0.1262
epoch 35: train_loss = 0.902953, source_hit@10 = 0.0744, source_ndcg@10 = 0.0385, target_hit@10 = 0.1262, target_ndcg@10 = 0.0644
new best model saved.

2024-08-02 11:55:30.979726: step 10944/24320 (epoch 36/80), loss = 0.904316 (38.618 sec/epoch), lr: 0.002395
Evaluating on dev set...
...........................
source: 	 mrr: 0.035983	 ndcg_5: 0.0262	 ndcg_10: 0.0350	 hit@1:0.016655	 hit@5:0.0369	 hit@10: 0.0637
target: 	 mrr: 0.053175	 ndcg_5: 0.0453	 ndcg_10: 0.0564	 hit@1:0.020209	 hit@5:0.0711	 hit@10: 0.1066
epoch 36: train_loss = 0.904316, source_hit@10 = 0.0637, source_ndcg@10 = 0.0350, target_hit@10 = 0.1066, target_ndcg@10 = 0.0564

2024-08-02 11:56:10.431936: step 11248/24320 (epoch 37/80), loss = 0.902045 (39.118 sec/epoch), lr: 0.002275
Evaluating on dev set...
...........................
source: 	 mrr: 0.035216	 ndcg_5: 0.0251	 ndcg_10: 0.0347	 hit@1:0.010138	 hit@5:0.0398	 hit@10: 0.0695
target: 	 mrr: 0.048277	 ndcg_5: 0.0402	 ndcg_10: 0.0515	 hit@1:0.018118	 hit@5:0.0627	 hit@10: 0.0983
epoch 37: train_loss = 0.902045, source_hit@10 = 0.0695, source_ndcg@10 = 0.0347, target_hit@10 = 0.0983, target_ndcg@10 = 0.0515

2024-08-02 11:56:49.400185: step 11552/24320 (epoch 38/80), loss = 0.899171 (38.614 sec/epoch), lr: 0.002161
Evaluating on dev set...
...........................
source: 	 mrr: 0.025606	 ndcg_5: 0.0183	 ndcg_10: 0.0236	 hit@1:0.008689	 hit@5:0.0275	 hit@10: 0.0442
target: 	 mrr: 0.046845	 ndcg_5: 0.0365	 ndcg_10: 0.0494	 hit@1:0.015331	 hit@5:0.0585	 hit@10: 0.0976
epoch 38: train_loss = 0.899171, source_hit@10 = 0.0442, source_ndcg@10 = 0.0236, target_hit@10 = 0.0976, target_ndcg@10 = 0.0494

2024-08-02 11:57:28.835869: step 11856/24320 (epoch 39/80), loss = 0.894306 (39.066 sec/epoch), lr: 0.002053
Evaluating on dev set...
...........................
source: 	 mrr: 0.035001	 ndcg_5: 0.0256	 ndcg_10: 0.0358	 hit@1:0.012310	 hit@5:0.0398	 hit@10: 0.0717
target: 	 mrr: 0.050758	 ndcg_5: 0.0424	 ndcg_10: 0.0556	 hit@1:0.017422	 hit@5:0.0683	 hit@10: 0.1094
epoch 39: train_loss = 0.894306, source_hit@10 = 0.0717, source_ndcg@10 = 0.0358, target_hit@10 = 0.1094, target_ndcg@10 = 0.0556

2024-08-02 11:58:07.877842: step 12160/24320 (epoch 40/80), loss = 0.896233 (38.706 sec/epoch), lr: 0.002053
Evaluating on dev set...
...........................
source: 	 mrr: 0.033773	 ndcg_5: 0.0216	 ndcg_10: 0.0311	 hit@1:0.013034	 hit@5:0.0304	 hit@10: 0.0601
target: 	 mrr: 0.053480	 ndcg_5: 0.0437	 ndcg_10: 0.0609	 hit@1:0.016725	 hit@5:0.0704	 hit@10: 0.1233
epoch 40: train_loss = 0.896233, source_hit@10 = 0.0601, source_ndcg@10 = 0.0311, target_hit@10 = 0.1233, target_ndcg@10 = 0.0609

2024-08-02 11:58:47.454243: step 12464/24320 (epoch 41/80), loss = 0.894973 (39.240 sec/epoch), lr: 0.002053
Evaluating on dev set...
...........................
source: 	 mrr: 0.031072	 ndcg_5: 0.0221	 ndcg_10: 0.0295	 hit@1:0.010862	 hit@5:0.0348	 hit@10: 0.0572
target: 	 mrr: 0.057481	 ndcg_5: 0.0484	 ndcg_10: 0.0651	 hit@1:0.020906	 hit@5:0.0760	 hit@10: 0.1282
epoch 41: train_loss = 0.894973, source_hit@10 = 0.0572, source_ndcg@10 = 0.0295, target_hit@10 = 0.1282, target_ndcg@10 = 0.0651

2024-08-02 11:59:26.583554: step 12768/24320 (epoch 42/80), loss = 0.893962 (38.788 sec/epoch), lr: 0.002053
Evaluating on dev set...
...........................
source: 	 mrr: 0.034761	 ndcg_5: 0.0265	 ndcg_10: 0.0348	 hit@1:0.010138	 hit@5:0.0427	 hit@10: 0.0688
target: 	 mrr: 0.049693	 ndcg_5: 0.0431	 ndcg_10: 0.0550	 hit@1:0.017422	 hit@5:0.0690	 hit@10: 0.1059
epoch 42: train_loss = 0.893962, source_hit@10 = 0.0688, source_ndcg@10 = 0.0348, target_hit@10 = 0.1059, target_ndcg@10 = 0.0550

2024-08-02 12:00:05.600745: step 13072/24320 (epoch 43/80), loss = 0.890891 (38.681 sec/epoch), lr: 0.001951
Evaluating on dev set...
...........................
source: 	 mrr: 0.040804	 ndcg_5: 0.0311	 ndcg_10: 0.0424	 hit@1:0.013758	 hit@5:0.0492	 hit@10: 0.0847
target: 	 mrr: 0.055363	 ndcg_5: 0.0476	 ndcg_10: 0.0621	 hit@1:0.020906	 hit@5:0.0753	 hit@10: 0.1206
epoch 43: train_loss = 0.890891, source_hit@10 = 0.0847, source_ndcg@10 = 0.0424, target_hit@10 = 0.1206, target_ndcg@10 = 0.0621

2024-08-02 12:00:44.521251: step 13376/24320 (epoch 44/80), loss = 0.889994 (38.586 sec/epoch), lr: 0.001951
Evaluating on dev set...
...........................
source: 	 mrr: 0.040218	 ndcg_5: 0.0302	 ndcg_10: 0.0401	 hit@1:0.015930	 hit@5:0.0434	 hit@10: 0.0739
target: 	 mrr: 0.051295	 ndcg_5: 0.0438	 ndcg_10: 0.0544	 hit@1:0.016725	 hit@5:0.0697	 hit@10: 0.1038
epoch 44: train_loss = 0.889994, source_hit@10 = 0.0739, source_ndcg@10 = 0.0401, target_hit@10 = 0.1038, target_ndcg@10 = 0.0544

2024-08-02 12:01:23.486717: step 13680/24320 (epoch 45/80), loss = 0.886612 (38.631 sec/epoch), lr: 0.001853
Evaluating on dev set...
...........................
source: 	 mrr: 0.027665	 ndcg_5: 0.0208	 ndcg_10: 0.0256	 hit@1:0.008689	 hit@5:0.0326	 hit@10: 0.0471
target: 	 mrr: 0.051250	 ndcg_5: 0.0438	 ndcg_10: 0.0590	 hit@1:0.013937	 hit@5:0.0739	 hit@10: 0.1220
epoch 45: train_loss = 0.886612, source_hit@10 = 0.0471, source_ndcg@10 = 0.0256, target_hit@10 = 0.1220, target_ndcg@10 = 0.0590

2024-08-02 12:02:00.708755: step 13984/24320 (epoch 46/80), loss = 0.884096 (36.888 sec/epoch), lr: 0.001761
Evaluating on dev set...
...........................
source: 	 mrr: 0.035424	 ndcg_5: 0.0289	 ndcg_10: 0.0353	 hit@1:0.015930	 hit@5:0.0420	 hit@10: 0.0623
target: 	 mrr: 0.049195	 ndcg_5: 0.0420	 ndcg_10: 0.0561	 hit@1:0.013240	 hit@5:0.0718	 hit@10: 0.1150
epoch 46: train_loss = 0.884096, source_hit@10 = 0.0623, source_ndcg@10 = 0.0353, target_hit@10 = 0.1150, target_ndcg@10 = 0.0561

2024-08-02 12:02:38.246984: step 14288/24320 (epoch 47/80), loss = 0.884790 (37.201 sec/epoch), lr: 0.001761
Evaluating on dev set...
...........................
source: 	 mrr: 0.035147	 ndcg_5: 0.0272	 ndcg_10: 0.0355	 hit@1:0.010862	 hit@5:0.0449	 hit@10: 0.0710
target: 	 mrr: 0.058116	 ndcg_5: 0.0508	 ndcg_10: 0.0640	 hit@1:0.021603	 hit@5:0.0808	 hit@10: 0.1220
epoch 47: train_loss = 0.884790, source_hit@10 = 0.0710, source_ndcg@10 = 0.0355, target_hit@10 = 0.1220, target_ndcg@10 = 0.0640

2024-08-02 12:03:15.395799: step 14592/24320 (epoch 48/80), loss = 0.882969 (36.817 sec/epoch), lr: 0.001761
Evaluating on dev set...
...........................
source: 	 mrr: 0.033267	 ndcg_5: 0.0263	 ndcg_10: 0.0324	 hit@1:0.010138	 hit@5:0.0413	 hit@10: 0.0601
target: 	 mrr: 0.054314	 ndcg_5: 0.0455	 ndcg_10: 0.0594	 hit@1:0.022300	 hit@5:0.0697	 hit@10: 0.1129
epoch 48: train_loss = 0.882969, source_hit@10 = 0.0601, source_ndcg@10 = 0.0324, target_hit@10 = 0.1129, target_ndcg@10 = 0.0594

2024-08-02 12:03:51.395253: step 14896/24320 (epoch 49/80), loss = 0.879924 (35.670 sec/epoch), lr: 0.001672
Evaluating on dev set...
...........................
source: 	 mrr: 0.026205	 ndcg_5: 0.0195	 ndcg_10: 0.0257	 hit@1:0.007965	 hit@5:0.0297	 hit@10: 0.0485
target: 	 mrr: 0.048146	 ndcg_5: 0.0402	 ndcg_10: 0.0543	 hit@1:0.010453	 hit@5:0.0676	 hit@10: 0.1115
epoch 49: train_loss = 0.879924, source_hit@10 = 0.0485, source_ndcg@10 = 0.0257, target_hit@10 = 0.1115, target_ndcg@10 = 0.0543

2024-08-02 12:04:27.940428: step 15200/24320 (epoch 50/80), loss = 0.877132 (36.214 sec/epoch), lr: 0.001589
Evaluating on dev set...
...........................
source: 	 mrr: 0.043515	 ndcg_5: 0.0346	 ndcg_10: 0.0433	 hit@1:0.018827	 hit@5:0.0492	 hit@10: 0.0768
target: 	 mrr: 0.052087	 ndcg_5: 0.0443	 ndcg_10: 0.0560	 hit@1:0.016725	 hit@5:0.0718	 hit@10: 0.1080
epoch 50: train_loss = 0.877132, source_hit@10 = 0.0768, source_ndcg@10 = 0.0433, target_hit@10 = 0.1080, target_ndcg@10 = 0.0560
shift to transfer learning mode

2024-08-02 12:05:05.563061: step 15504/24320 (epoch 51/80), loss = 0.875577 (37.292 sec/epoch), lr: 0.001589
Evaluating on dev set...
...........................
source: 	 mrr: 0.034530	 ndcg_5: 0.0279	 ndcg_10: 0.0322	 hit@1:0.014482	 hit@5:0.0406	 hit@10: 0.0536
target: 	 mrr: 0.051540	 ndcg_5: 0.0417	 ndcg_10: 0.0566	 hit@1:0.017422	 hit@5:0.0662	 hit@10: 0.1122
epoch 51: train_loss = 0.875577, source_hit@10 = 0.0536, source_ndcg@10 = 0.0322, target_hit@10 = 0.1122, target_ndcg@10 = 0.0566

2024-08-02 12:05:43.888561: step 15808/24320 (epoch 52/80), loss = 0.874384 (37.995 sec/epoch), lr: 0.001509
Evaluating on dev set...
...........................
source: 	 mrr: 0.045541	 ndcg_5: 0.0358	 ndcg_10: 0.0471	 hit@1:0.018103	 hit@5:0.0543	 hit@10: 0.0891
target: 	 mrr: 0.056415	 ndcg_5: 0.0460	 ndcg_10: 0.0631	 hit@1:0.020906	 hit@5:0.0704	 hit@10: 0.1240
source best!
.............
source: 	 mrr: 0.043036	 ndcg_5: 0.0352	 ndcg_10: 0.0440	 hit@1:0.013037	 hit@5:0.0575	 hit@10: 0.0851
epoch 52: train_loss = 0.874384, source_hit@10 = 0.0851, source_ndcg@10 = 0.0440, target_hit@10 = 0.1240, target_ndcg@10 = 0.0631

2024-08-02 12:06:57.251126: step 16112/24320 (epoch 53/80), loss = 0.874088 (72.896 sec/epoch), lr: 0.001509
Evaluating on dev set...
...........................
source: 	 mrr: 0.044585	 ndcg_5: 0.0339	 ndcg_10: 0.0441	 hit@1:0.017379	 hit@5:0.0492	 hit@10: 0.0811
target: 	 mrr: 0.054162	 ndcg_5: 0.0442	 ndcg_10: 0.0606	 hit@1:0.017422	 hit@5:0.0718	 hit@10: 0.1226
epoch 53: train_loss = 0.874088, source_hit@10 = 0.0811, source_ndcg@10 = 0.0441, target_hit@10 = 0.1226, target_ndcg@10 = 0.0606

2024-08-02 12:08:34.663532: step 16416/24320 (epoch 54/80), loss = 0.870332 (96.491 sec/epoch), lr: 0.001434
Evaluating on dev set...
...........................
source: 	 mrr: 0.039287	 ndcg_5: 0.0293	 ndcg_10: 0.0370	 hit@1:0.014482	 hit@5:0.0442	 hit@10: 0.0681
target: 	 mrr: 0.061846	 ndcg_5: 0.0519	 ndcg_10: 0.0683	 hit@1:0.024390	 hit@5:0.0794	 hit@10: 0.1303
target best!
..............target: 	 mrr: 0.061581	 ndcg_5: 0.0532	 ndcg_10: 0.0706	 hit@1:0.021262	 hit@5:0.0871	 hit@10: 0.1420
epoch 54: train_loss = 0.870332, source_hit@10 = 0.0681, source_ndcg@10 = 0.0370, target_hit@10 = 0.1420, target_ndcg@10 = 0.0706

2024-08-02 12:10:13.043683: step 16720/24320 (epoch 55/80), loss = 0.869121 (97.087 sec/epoch), lr: 0.001434
Evaluating on dev set...
...........................
source: 	 mrr: 0.044857	 ndcg_5: 0.0355	 ndcg_10: 0.0449	 hit@1:0.019551	 hit@5:0.0529	 hit@10: 0.0825
target: 	 mrr: 0.057429	 ndcg_5: 0.0499	 ndcg_10: 0.0633	 hit@1:0.019512	 hit@5:0.0801	 hit@10: 0.1213
epoch 55: train_loss = 0.869121, source_hit@10 = 0.0825, source_ndcg@10 = 0.0449, target_hit@10 = 0.1213, target_ndcg@10 = 0.0633

2024-08-02 12:11:49.817227: step 17024/24320 (epoch 56/80), loss = 0.868136 (95.863 sec/epoch), lr: 0.001434
Evaluating on dev set...
...........................
source: 	 mrr: 0.041146	 ndcg_5: 0.0304	 ndcg_10: 0.0395	 hit@1:0.017379	 hit@5:0.0427	 hit@10: 0.0702
target: 	 mrr: 0.056147	 ndcg_5: 0.0490	 ndcg_10: 0.0619	 hit@1:0.019512	 hit@5:0.0774	 hit@10: 0.1178
epoch 56: train_loss = 0.868136, source_hit@10 = 0.0702, source_ndcg@10 = 0.0395, target_hit@10 = 0.1178, target_ndcg@10 = 0.0619

2024-08-02 12:13:27.337131: step 17328/24320 (epoch 57/80), loss = 0.864467 (96.625 sec/epoch), lr: 0.001362
Evaluating on dev set...
...........................
source: 	 mrr: 0.040820	 ndcg_5: 0.0315	 ndcg_10: 0.0406	 hit@1:0.015206	 hit@5:0.0478	 hit@10: 0.0760
target: 	 mrr: 0.051226	 ndcg_5: 0.0445	 ndcg_10: 0.0571	 hit@1:0.013937	 hit@5:0.0739	 hit@10: 0.1136
epoch 57: train_loss = 0.864467, source_hit@10 = 0.0760, source_ndcg@10 = 0.0406, target_hit@10 = 0.1136, target_ndcg@10 = 0.0571

2024-08-02 12:15:04.050659: step 17632/24320 (epoch 58/80), loss = 0.862945 (95.785 sec/epoch), lr: 0.001294
Evaluating on dev set...
...........................
source: 	 mrr: 0.033594	 ndcg_5: 0.0249	 ndcg_10: 0.0320	 hit@1:0.012310	 hit@5:0.0369	 hit@10: 0.0594
target: 	 mrr: 0.051542	 ndcg_5: 0.0433	 ndcg_10: 0.0572	 hit@1:0.016725	 hit@5:0.0683	 hit@10: 0.1115
epoch 58: train_loss = 0.862945, source_hit@10 = 0.0594, source_ndcg@10 = 0.0320, target_hit@10 = 0.1115, target_ndcg@10 = 0.0572

2024-08-02 12:16:41.684300: step 17936/24320 (epoch 59/80), loss = 0.862432 (96.705 sec/epoch), lr: 0.001229
Evaluating on dev set...
...........................
source: 	 mrr: 0.030848	 ndcg_5: 0.0224	 ndcg_10: 0.0296	 hit@1:0.008689	 hit@5:0.0369	 hit@10: 0.0594
target: 	 mrr: 0.048977	 ndcg_5: 0.0413	 ndcg_10: 0.0548	 hit@1:0.015331	 hit@5:0.0676	 hit@10: 0.1101
epoch 59: train_loss = 0.862432, source_hit@10 = 0.0594, source_ndcg@10 = 0.0296, target_hit@10 = 0.1101, target_ndcg@10 = 0.0548

2024-08-02 12:18:19.356960: step 18240/24320 (epoch 60/80), loss = 0.860444 (96.752 sec/epoch), lr: 0.001168
Evaluating on dev set...
...........................
source: 	 mrr: 0.032870	 ndcg_5: 0.0269	 ndcg_10: 0.0323	 hit@1:0.010862	 hit@5:0.0442	 hit@10: 0.0608
target: 	 mrr: 0.057171	 ndcg_5: 0.0480	 ndcg_10: 0.0634	 hit@1:0.020906	 hit@5:0.0739	 hit@10: 0.1226
epoch 60: train_loss = 0.860444, source_hit@10 = 0.0608, source_ndcg@10 = 0.0323, target_hit@10 = 0.1226, target_ndcg@10 = 0.0634

2024-08-02 12:19:57.109180: step 18544/24320 (epoch 61/80), loss = 0.857269 (96.854 sec/epoch), lr: 0.001168
Evaluating on dev set...
...........................
source: 	 mrr: 0.035499	 ndcg_5: 0.0290	 ndcg_10: 0.0336	 hit@1:0.014482	 hit@5:0.0442	 hit@10: 0.0587
target: 	 mrr: 0.047839	 ndcg_5: 0.0398	 ndcg_10: 0.0526	 hit@1:0.014634	 hit@5:0.0655	 hit@10: 0.1059
epoch 61: train_loss = 0.857269, source_hit@10 = 0.0587, source_ndcg@10 = 0.0336, target_hit@10 = 0.1059, target_ndcg@10 = 0.0526

2024-08-02 12:21:34.653128: step 18848/24320 (epoch 62/80), loss = 0.855719 (96.648 sec/epoch), lr: 0.001110
Evaluating on dev set...
...........................
source: 	 mrr: 0.044386	 ndcg_5: 0.0328	 ndcg_10: 0.0447	 hit@1:0.015206	 hit@5:0.0492	 hit@10: 0.0869
target: 	 mrr: 0.053196	 ndcg_5: 0.0446	 ndcg_10: 0.0565	 hit@1:0.018815	 hit@5:0.0704	 hit@10: 0.1066
epoch 62: train_loss = 0.855719, source_hit@10 = 0.0869, source_ndcg@10 = 0.0447, target_hit@10 = 0.1066, target_ndcg@10 = 0.0565

2024-08-02 12:23:12.321427: step 19152/24320 (epoch 63/80), loss = 0.854979 (96.739 sec/epoch), lr: 0.001110
Evaluating on dev set...
...........................
source: 	 mrr: 0.043195	 ndcg_5: 0.0348	 ndcg_10: 0.0413	 hit@1:0.019551	 hit@5:0.0492	 hit@10: 0.0695
target: 	 mrr: 0.052186	 ndcg_5: 0.0424	 ndcg_10: 0.0559	 hit@1:0.021603	 hit@5:0.0641	 hit@10: 0.1066
epoch 63: train_loss = 0.854979, source_hit@10 = 0.0695, source_ndcg@10 = 0.0413, target_hit@10 = 0.1066, target_ndcg@10 = 0.0559

2024-08-02 12:24:49.961618: step 19456/24320 (epoch 64/80), loss = 0.854385 (96.751 sec/epoch), lr: 0.001054
Evaluating on dev set...
...........................
source: 	 mrr: 0.035304	 ndcg_5: 0.0282	 ndcg_10: 0.0343	 hit@1:0.011586	 hit@5:0.0449	 hit@10: 0.0637
target: 	 mrr: 0.052536	 ndcg_5: 0.0429	 ndcg_10: 0.0584	 hit@1:0.017422	 hit@5:0.0676	 hit@10: 0.1150
epoch 64: train_loss = 0.854385, source_hit@10 = 0.0637, source_ndcg@10 = 0.0343, target_hit@10 = 0.1150, target_ndcg@10 = 0.0584

2024-08-02 12:26:27.756793: step 19760/24320 (epoch 65/80), loss = 0.851439 (96.856 sec/epoch), lr: 0.001001
Evaluating on dev set...
...........................
source: 	 mrr: 0.037253	 ndcg_5: 0.0293	 ndcg_10: 0.0343	 hit@1:0.015930	 hit@5:0.0420	 hit@10: 0.0572
target: 	 mrr: 0.052501	 ndcg_5: 0.0446	 ndcg_10: 0.0591	 hit@1:0.016725	 hit@5:0.0718	 hit@10: 0.1171
epoch 65: train_loss = 0.851439, source_hit@10 = 0.0572, source_ndcg@10 = 0.0343, target_hit@10 = 0.1171, target_ndcg@10 = 0.0591

2024-08-02 12:28:04.982411: step 20064/24320 (epoch 66/80), loss = 0.850074 (96.300 sec/epoch), lr: 0.001001
Evaluating on dev set...
...........................
source: 	 mrr: 0.040036	 ndcg_5: 0.0313	 ndcg_10: 0.0400	 hit@1:0.017379	 hit@5:0.0449	 hit@10: 0.0717
target: 	 mrr: 0.049973	 ndcg_5: 0.0402	 ndcg_10: 0.0559	 hit@1:0.015331	 hit@5:0.0648	 hit@10: 0.1136
epoch 66: train_loss = 0.850074, source_hit@10 = 0.0717, source_ndcg@10 = 0.0400, target_hit@10 = 0.1136, target_ndcg@10 = 0.0559

2024-08-02 12:29:41.288618: step 20368/24320 (epoch 67/80), loss = 0.850339 (95.383 sec/epoch), lr: 0.001001
Evaluating on dev set...
...........................
source: 	 mrr: 0.035463	 ndcg_5: 0.0284	 ndcg_10: 0.0351	 hit@1:0.014482	 hit@5:0.0420	 hit@10: 0.0630
target: 	 mrr: 0.051919	 ndcg_5: 0.0429	 ndcg_10: 0.0583	 hit@1:0.013937	 hit@5:0.0704	 hit@10: 0.1185
epoch 67: train_loss = 0.850339, source_hit@10 = 0.0630, source_ndcg@10 = 0.0351, target_hit@10 = 0.1185, target_ndcg@10 = 0.0583

2024-08-02 12:31:19.233521: step 20672/24320 (epoch 68/80), loss = 0.848788 (97.033 sec/epoch), lr: 0.000951
Evaluating on dev set...
...........................
source: 	 mrr: 0.035407	 ndcg_5: 0.0261	 ndcg_10: 0.0352	 hit@1:0.014482	 hit@5:0.0369	 hit@10: 0.0652
target: 	 mrr: 0.045754	 ndcg_5: 0.0357	 ndcg_10: 0.0516	 hit@1:0.011150	 hit@5:0.0599	 hit@10: 0.1094
epoch 68: train_loss = 0.848788, source_hit@10 = 0.0652, source_ndcg@10 = 0.0352, target_hit@10 = 0.1094, target_ndcg@10 = 0.0516

2024-08-02 12:32:56.721622: step 20976/24320 (epoch 69/80), loss = 0.847791 (96.555 sec/epoch), lr: 0.000904
Evaluating on dev set...
...........................
source: 	 mrr: 0.028877	 ndcg_5: 0.0219	 ndcg_10: 0.0257	 hit@1:0.013758	 hit@5:0.0297	 hit@10: 0.0420
target: 	 mrr: 0.054036	 ndcg_5: 0.0450	 ndcg_10: 0.0596	 hit@1:0.018118	 hit@5:0.0704	 hit@10: 0.1157
epoch 69: train_loss = 0.847791, source_hit@10 = 0.0420, source_ndcg@10 = 0.0257, target_hit@10 = 0.1157, target_ndcg@10 = 0.0596

2024-08-02 12:34:33.877880: step 21280/24320 (epoch 70/80), loss = 0.847400 (96.218 sec/epoch), lr: 0.000904
Evaluating on dev set...
...........................
source: 	 mrr: 0.025909	 ndcg_5: 0.0192	 ndcg_10: 0.0228	 hit@1:0.010138	 hit@5:0.0290	 hit@10: 0.0406
target: 	 mrr: 0.058666	 ndcg_5: 0.0502	 ndcg_10: 0.0623	 hit@1:0.025087	 hit@5:0.0746	 hit@10: 0.1122
epoch 70: train_loss = 0.847400, source_hit@10 = 0.0406, source_ndcg@10 = 0.0228, target_hit@10 = 0.1122, target_ndcg@10 = 0.0623

2024-08-02 12:36:11.342178: step 21584/24320 (epoch 71/80), loss = 0.844887 (96.551 sec/epoch), lr: 0.000904
Evaluating on dev set...
...........................
source: 	 mrr: 0.025695	 ndcg_5: 0.0188	 ndcg_10: 0.0248	 hit@1:0.008689	 hit@5:0.0304	 hit@10: 0.0492
target: 	 mrr: 0.054927	 ndcg_5: 0.0456	 ndcg_10: 0.0614	 hit@1:0.018118	 hit@5:0.0725	 hit@10: 0.1220
epoch 71: train_loss = 0.844887, source_hit@10 = 0.0492, source_ndcg@10 = 0.0248, target_hit@10 = 0.1220, target_ndcg@10 = 0.0614

2024-08-02 12:37:49.218505: step 21888/24320 (epoch 72/80), loss = 0.842097 (96.946 sec/epoch), lr: 0.000859
Evaluating on dev set...
...........................
source: 	 mrr: 0.038665	 ndcg_5: 0.0310	 ndcg_10: 0.0376	 hit@1:0.015206	 hit@5:0.0471	 hit@10: 0.0673
target: 	 mrr: 0.050828	 ndcg_5: 0.0415	 ndcg_10: 0.0554	 hit@1:0.016028	 hit@5:0.0655	 hit@10: 0.1094
epoch 72: train_loss = 0.842097, source_hit@10 = 0.0673, source_ndcg@10 = 0.0376, target_hit@10 = 0.1094, target_ndcg@10 = 0.0554

2024-08-02 12:39:26.430285: step 22192/24320 (epoch 73/80), loss = 0.842171 (96.336 sec/epoch), lr: 0.000859
Evaluating on dev set...
...........................
source: 	 mrr: 0.024029	 ndcg_5: 0.0183	 ndcg_10: 0.0234	 hit@1:0.007241	 hit@5:0.0297	 hit@10: 0.0456
target: 	 mrr: 0.046653	 ndcg_5: 0.0385	 ndcg_10: 0.0510	 hit@1:0.011847	 hit@5:0.0655	 hit@10: 0.1045
epoch 73: train_loss = 0.842171, source_hit@10 = 0.0456, source_ndcg@10 = 0.0234, target_hit@10 = 0.1045, target_ndcg@10 = 0.0510

2024-08-02 12:41:03.493189: step 22496/24320 (epoch 74/80), loss = 0.842426 (96.136 sec/epoch), lr: 0.000816
Evaluating on dev set...
...........................
source: 	 mrr: 0.031186	 ndcg_5: 0.0223	 ndcg_10: 0.0302	 hit@1:0.010862	 hit@5:0.0319	 hit@10: 0.0565
target: 	 mrr: 0.048952	 ndcg_5: 0.0426	 ndcg_10: 0.0513	 hit@1:0.014634	 hit@5:0.0711	 hit@10: 0.0983
epoch 74: train_loss = 0.842426, source_hit@10 = 0.0565, source_ndcg@10 = 0.0302, target_hit@10 = 0.0983, target_ndcg@10 = 0.0513

2024-08-02 12:42:41.323000: step 22800/24320 (epoch 75/80), loss = 0.838900 (96.889 sec/epoch), lr: 0.000816
Evaluating on dev set...
...........................
source: 	 mrr: 0.035972	 ndcg_5: 0.0267	 ndcg_10: 0.0365	 hit@1:0.014482	 hit@5:0.0391	 hit@10: 0.0695
target: 	 mrr: 0.048904	 ndcg_5: 0.0397	 ndcg_10: 0.0521	 hit@1:0.016725	 hit@5:0.0641	 hit@10: 0.1024
epoch 75: train_loss = 0.838900, source_hit@10 = 0.0695, source_ndcg@10 = 0.0365, target_hit@10 = 0.1024, target_ndcg@10 = 0.0521

2024-08-02 12:44:18.548108: step 23104/24320 (epoch 76/80), loss = 0.838939 (96.305 sec/epoch), lr: 0.000816
Evaluating on dev set...
...........................
source: 	 mrr: 0.035234	 ndcg_5: 0.0285	 ndcg_10: 0.0343	 hit@1:0.013034	 hit@5:0.0456	 hit@10: 0.0637
target: 	 mrr: 0.051360	 ndcg_5: 0.0430	 ndcg_10: 0.0568	 hit@1:0.015331	 hit@5:0.0683	 hit@10: 0.1115
epoch 76: train_loss = 0.838939, source_hit@10 = 0.0637, source_ndcg@10 = 0.0343, target_hit@10 = 0.1115, target_ndcg@10 = 0.0568

2024-08-02 12:45:55.916694: step 23408/24320 (epoch 77/80), loss = 0.839719 (96.439 sec/epoch), lr: 0.000816
Evaluating on dev set...
...........................
source: 	 mrr: 0.023463	 ndcg_5: 0.0188	 ndcg_10: 0.0217	 hit@1:0.008689	 hit@5:0.0275	 hit@10: 0.0369
target: 	 mrr: 0.048292	 ndcg_5: 0.0383	 ndcg_10: 0.0519	 hit@1:0.013937	 hit@5:0.0634	 hit@10: 0.1052
epoch 77: train_loss = 0.839719, source_hit@10 = 0.0369, source_ndcg@10 = 0.0217, target_hit@10 = 0.1052, target_ndcg@10 = 0.0519

2024-08-02 12:47:33.715775: step 23712/24320 (epoch 78/80), loss = 0.839442 (96.859 sec/epoch), lr: 0.000775
Evaluating on dev set...
...........................
source: 	 mrr: 0.034227	 ndcg_5: 0.0272	 ndcg_10: 0.0338	 hit@1:0.010862	 hit@5:0.0434	 hit@10: 0.0637
target: 	 mrr: 0.048252	 ndcg_5: 0.0394	 ndcg_10: 0.0532	 hit@1:0.015331	 hit@5:0.0648	 hit@10: 0.1080
epoch 78: train_loss = 0.839442, source_hit@10 = 0.0637, source_ndcg@10 = 0.0338, target_hit@10 = 0.1080, target_ndcg@10 = 0.0532

2024-08-02 12:49:11.276211: step 24016/24320 (epoch 79/80), loss = 0.839414 (96.615 sec/epoch), lr: 0.000775
Evaluating on dev set...
...........................
source: 	 mrr: 0.037797	 ndcg_5: 0.0274	 ndcg_10: 0.0354	 hit@1:0.015206	 hit@5:0.0398	 hit@10: 0.0644
target: 	 mrr: 0.050327	 ndcg_5: 0.0398	 ndcg_10: 0.0557	 hit@1:0.016028	 hit@5:0.0627	 hit@10: 0.1122
epoch 79: train_loss = 0.839414, source_hit@10 = 0.0644, source_ndcg@10 = 0.0354, target_hit@10 = 0.1122, target_ndcg@10 = 0.0557

2024-08-02 12:50:48.625031: step 24320/24320 (epoch 80/80), loss = 0.838010 (96.413 sec/epoch), lr: 0.000775
Evaluating on dev set...
...........................
source: 	 mrr: 0.038468	 ndcg_5: 0.0301	 ndcg_10: 0.0381	 hit@1:0.014482	 hit@5:0.0456	 hit@10: 0.0710
target: 	 mrr: 0.048989	 ndcg_5: 0.0389	 ndcg_10: 0.0544	 hit@1:0.015331	 hit@5:0.0627	 hit@10: 0.1115
epoch 80: train_loss = 0.838010, source_hit@10 = 0.0710, source_ndcg@10 = 0.0381, target_hit@10 = 0.1115, target_ndcg@10 = 0.0544

