nohup: ignoring input
using gpu:1 to train the model
using gpu:1 to train the model
cuda:1
Namespace(A_split=False, JK='sum', a_fold=100, aggregate=False, alpha=0.5, batch_size=1024, beta_inter=0.5, conv_layers=4, cuda=True, decay_epoch=10, device=device(type='cuda', index=1), device_id='1', domains='game_video', dropout=0.5, epoch=80, feature_dim=126, hidden_dim=126, inter_tau=0.3, intra_tau=0.9, lambda_critic=0.4, leakey=0.01, load=False, log='logs.txt', log_epoch=1, lr=0.004, lr_decay=0.95, min_epoch=50, mode='train', model_file=None, model_name='gv', momentum=0.98, num_latent_factors=4, num_negative=100, optim='adam', patience=50, proj_layers=1, projection=1, residual=1, save=True, save_dir='./saved_models', seed=32, similarity_tau=0.1, test_sample_number=999, transfer_epoch=50, user_batch_size=256, weight_decay=0.0002)
number_user 25025
number_item 12319
/home/hourun/invariantCDR_v2/invariantCDR/utils/GraphMaker.py:46: RuntimeWarning: divide by zero encountered in power
  r_inv = np.power(rowsum, -1).flatten()
real graph loaded!
number_user 19457
number_item 8751
real graph loaded!
graph loaded!
Loading data from game_video with batch size 1024...
unseen test: 0
test length: 1381
unseen test: 0
test length: 1304
unseen test: 0
test length: 1435
unseen test: 0
test length: 1458
source_user_num 25025
target_user_num 19457
source_item_num 12319
target_item_num 8751
shared users id: 1737
test users 226, 217
unseen test: 0
dev length: 1000
unseen test: 0
dev length: 1000
source train data : 155036, target train data: 156091, source test data : 1304, target test data : 1458, source dev data : 1000, target dev data : 1000
2024-08-01 00:16:38.257386: step 304/24320 (epoch 1/80), loss = 1.378130 (40.651 sec/epoch), lr: 0.004000
Evaluating on dev set...
...........................
source: 	 mrr: 0.031394	 ndcg_5: 0.0201	 ndcg_10: 0.0306	 hit@1:0.008689	 hit@5:0.0311	 hit@10: 0.0644
target: 	 mrr: 0.026646	 ndcg_5: 0.0192	 ndcg_10: 0.0247	 hit@1:0.007666	 hit@5:0.0307	 hit@10: 0.0481
source best!
.............
source: 	 mrr: 0.029603	 ndcg_5: 0.0193	 ndcg_10: 0.0270	 hit@1:0.005368	 hit@5:0.0345	 hit@10: 0.0583
target best!
..............target: 	 mrr: 0.027231	 ndcg_5: 0.0204	 ndcg_10: 0.0268	 hit@1:0.006173	 hit@5:0.0350	 hit@10: 0.0549
epoch 1: train_loss = 1.378130, source_hit@10 = 0.0583, source_ndcg@10 = 0.0270, target_hit@10 = 0.0549, target_ndcg@10 = 0.0268

2024-08-01 00:17:19.422294: step 608/24320 (epoch 2/80), loss = 1.167507 (40.534 sec/epoch), lr: 0.004000
Evaluating on dev set...
...........................
source: 	 mrr: 0.014618	 ndcg_5: 0.0051	 ndcg_10: 0.0094	 hit@1:0.000724	 hit@5:0.0101	 hit@10: 0.0239
target: 	 mrr: 0.036922	 ndcg_5: 0.0249	 ndcg_10: 0.0369	 hit@1:0.012544	 hit@5:0.0376	 hit@10: 0.0753
target best!
..............target: 	 mrr: 0.043899	 ndcg_5: 0.0368	 ndcg_10: 0.0477	 hit@1:0.014403	 hit@5:0.0604	 hit@10: 0.0940
epoch 2: train_loss = 1.167507, source_hit@10 = 0.0239, source_ndcg@10 = 0.0094, target_hit@10 = 0.0940, target_ndcg@10 = 0.0477

2024-08-01 00:18:02.630642: step 912/24320 (epoch 3/80), loss = 1.113097 (42.719 sec/epoch), lr: 0.004000
Evaluating on dev set...
...........................
source: 	 mrr: 0.037116	 ndcg_5: 0.0249	 ndcg_10: 0.0354	 hit@1:0.013034	 hit@5:0.0355	 hit@10: 0.0688
target: 	 mrr: 0.038200	 ndcg_5: 0.0281	 ndcg_10: 0.0371	 hit@1:0.013240	 hit@5:0.0439	 hit@10: 0.0718
source best!
.............
source: 	 mrr: 0.037097	 ndcg_5: 0.0244	 ndcg_10: 0.0359	 hit@1:0.010736	 hit@5:0.0376	 hit@10: 0.0736
target best!
..............target: 	 mrr: 0.040886	 ndcg_5: 0.0311	 ndcg_10: 0.0431	 hit@1:0.013717	 hit@5:0.0494	 hit@10: 0.0864
epoch 3: train_loss = 1.113097, source_hit@10 = 0.0736, source_ndcg@10 = 0.0359, target_hit@10 = 0.0864, target_ndcg@10 = 0.0431
new best model saved.

2024-08-01 00:18:46.684416: step 1216/24320 (epoch 4/80), loss = 1.091662 (43.273 sec/epoch), lr: 0.004000
Evaluating on dev set...
...........................
source: 	 mrr: 0.036488	 ndcg_5: 0.0253	 ndcg_10: 0.0376	 hit@1:0.008689	 hit@5:0.0413	 hit@10: 0.0804
target: 	 mrr: 0.046731	 ndcg_5: 0.0354	 ndcg_10: 0.0481	 hit@1:0.017422	 hit@5:0.0523	 hit@10: 0.0913
target best!
..............target: 	 mrr: 0.051186	 ndcg_5: 0.0414	 ndcg_10: 0.0521	 hit@1:0.021262	 hit@5:0.0610	 hit@10: 0.0947
epoch 4: train_loss = 1.091662, source_hit@10 = 0.0804, source_ndcg@10 = 0.0376, target_hit@10 = 0.0947, target_ndcg@10 = 0.0521
new best model saved.

2024-08-01 00:19:31.073105: step 1520/24320 (epoch 5/80), loss = 1.081316 (43.723 sec/epoch), lr: 0.004000
Evaluating on dev set...
...........................
source: 	 mrr: 0.031108	 ndcg_5: 0.0206	 ndcg_10: 0.0305	 hit@1:0.007965	 hit@5:0.0340	 hit@10: 0.0652
target: 	 mrr: 0.047851	 ndcg_5: 0.0401	 ndcg_10: 0.0507	 hit@1:0.016725	 hit@5:0.0634	 hit@10: 0.0962
target best!
..............target: 	 mrr: 0.050610	 ndcg_5: 0.0443	 ndcg_10: 0.0554	 hit@1:0.019204	 hit@5:0.0706	 hit@10: 0.1049
epoch 5: train_loss = 1.081316, source_hit@10 = 0.0652, source_ndcg@10 = 0.0305, target_hit@10 = 0.1049, target_ndcg@10 = 0.0554

2024-08-01 00:20:14.911641: step 1824/24320 (epoch 6/80), loss = 1.074686 (43.339 sec/epoch), lr: 0.004000
Evaluating on dev set...
...........................
source: 	 mrr: 0.023726	 ndcg_5: 0.0149	 ndcg_10: 0.0216	 hit@1:0.002896	 hit@5:0.0275	 hit@10: 0.0485
target: 	 mrr: 0.045980	 ndcg_5: 0.0379	 ndcg_10: 0.0489	 hit@1:0.013937	 hit@5:0.0620	 hit@10: 0.0962
epoch 6: train_loss = 1.074686, source_hit@10 = 0.0485, source_ndcg@10 = 0.0216, target_hit@10 = 0.0962, target_ndcg@10 = 0.0489

2024-08-01 00:20:58.933983: step 2128/24320 (epoch 7/80), loss = 1.073730 (43.652 sec/epoch), lr: 0.004000
Evaluating on dev set...
...........................
source: 	 mrr: 0.037389	 ndcg_5: 0.0285	 ndcg_10: 0.0373	 hit@1:0.010138	 hit@5:0.0471	 hit@10: 0.0746
target: 	 mrr: 0.049335	 ndcg_5: 0.0422	 ndcg_10: 0.0537	 hit@1:0.018118	 hit@5:0.0683	 hit@10: 0.1045
source best!
.............
source: 	 mrr: 0.037625	 ndcg_5: 0.0279	 ndcg_10: 0.0386	 hit@1:0.009969	 hit@5:0.0460	 hit@10: 0.0798
target best!
..............target: 	 mrr: 0.048160	 ndcg_5: 0.0386	 ndcg_10: 0.0523	 hit@1:0.015089	 hit@5:0.0624	 hit@10: 0.1049
epoch 7: train_loss = 1.073730, source_hit@10 = 0.0798, source_ndcg@10 = 0.0386, target_hit@10 = 0.1049, target_ndcg@10 = 0.0523
new best model saved.

2024-08-01 00:21:42.515775: step 2432/24320 (epoch 8/80), loss = 1.072397 (42.798 sec/epoch), lr: 0.004000
Evaluating on dev set...
...........................
source: 	 mrr: 0.033102	 ndcg_5: 0.0216	 ndcg_10: 0.0320	 hit@1:0.007965	 hit@5:0.0362	 hit@10: 0.0688
target: 	 mrr: 0.049831	 ndcg_5: 0.0406	 ndcg_10: 0.0562	 hit@1:0.016725	 hit@5:0.0655	 hit@10: 0.1136
target best!
..............target: 	 mrr: 0.051866	 ndcg_5: 0.0409	 ndcg_10: 0.0538	 hit@1:0.019890	 hit@5:0.0624	 hit@10: 0.1022
epoch 8: train_loss = 1.072397, source_hit@10 = 0.0688, source_ndcg@10 = 0.0320, target_hit@10 = 0.1022, target_ndcg@10 = 0.0538

2024-08-01 00:22:25.645144: step 2736/24320 (epoch 9/80), loss = 1.064886 (42.609 sec/epoch), lr: 0.004000
Evaluating on dev set...
...........................
source: 	 mrr: 0.036437	 ndcg_5: 0.0265	 ndcg_10: 0.0375	 hit@1:0.008689	 hit@5:0.0449	 hit@10: 0.0797
target: 	 mrr: 0.045475	 ndcg_5: 0.0377	 ndcg_10: 0.0493	 hit@1:0.011150	 hit@5:0.0627	 hit@10: 0.0983
epoch 9: train_loss = 1.064886, source_hit@10 = 0.0797, source_ndcg@10 = 0.0375, target_hit@10 = 0.0983, target_ndcg@10 = 0.0493

2024-08-01 00:23:09.504076: step 3040/24320 (epoch 10/80), loss = 1.056718 (43.514 sec/epoch), lr: 0.004000
Evaluating on dev set...
...........................
source: 	 mrr: 0.031103	 ndcg_5: 0.0211	 ndcg_10: 0.0291	 hit@1:0.007241	 hit@5:0.0355	 hit@10: 0.0601
target: 	 mrr: 0.045811	 ndcg_5: 0.0353	 ndcg_10: 0.0490	 hit@1:0.015331	 hit@5:0.0564	 hit@10: 0.0990
epoch 10: train_loss = 1.056718, source_hit@10 = 0.0601, source_ndcg@10 = 0.0291, target_hit@10 = 0.0990, target_ndcg@10 = 0.0490

2024-08-01 00:23:52.814621: step 3344/24320 (epoch 11/80), loss = 1.054227 (42.963 sec/epoch), lr: 0.004000
Evaluating on dev set...
...........................
source: 	 mrr: 0.035766	 ndcg_5: 0.0269	 ndcg_10: 0.0377	 hit@1:0.008689	 hit@5:0.0471	 hit@10: 0.0818
target: 	 mrr: 0.045848	 ndcg_5: 0.0364	 ndcg_10: 0.0488	 hit@1:0.013937	 hit@5:0.0571	 hit@10: 0.0955
epoch 11: train_loss = 1.054227, source_hit@10 = 0.0818, source_ndcg@10 = 0.0377, target_hit@10 = 0.0955, target_ndcg@10 = 0.0488

2024-08-01 00:24:36.803817: step 3648/24320 (epoch 12/80), loss = 1.050901 (43.635 sec/epoch), lr: 0.004000
Evaluating on dev set...
...........................
source: 	 mrr: 0.038971	 ndcg_5: 0.0303	 ndcg_10: 0.0392	 hit@1:0.011586	 hit@5:0.0485	 hit@10: 0.0768
target: 	 mrr: 0.053980	 ndcg_5: 0.0445	 ndcg_10: 0.0600	 hit@1:0.022997	 hit@5:0.0683	 hit@10: 0.1164
source best!
.............
source: 	 mrr: 0.033699	 ndcg_5: 0.0243	 ndcg_10: 0.0343	 hit@1:0.007669	 hit@5:0.0414	 hit@10: 0.0729
target best!
..............target: 	 mrr: 0.050433	 ndcg_5: 0.0406	 ndcg_10: 0.0556	 hit@1:0.017147	 hit@5:0.0638	 hit@10: 0.1104
epoch 12: train_loss = 1.050901, source_hit@10 = 0.0729, source_ndcg@10 = 0.0343, target_hit@10 = 0.1104, target_ndcg@10 = 0.0556
new best model saved.

2024-08-01 00:25:21.033034: step 3952/24320 (epoch 13/80), loss = 1.046842 (43.438 sec/epoch), lr: 0.004000
Evaluating on dev set...
...........................
source: 	 mrr: 0.024105	 ndcg_5: 0.0158	 ndcg_10: 0.0225	 hit@1:0.003621	 hit@5:0.0275	 hit@10: 0.0485
target: 	 mrr: 0.041784	 ndcg_5: 0.0314	 ndcg_10: 0.0456	 hit@1:0.012544	 hit@5:0.0509	 hit@10: 0.0948
epoch 13: train_loss = 1.046842, source_hit@10 = 0.0485, source_ndcg@10 = 0.0225, target_hit@10 = 0.0948, target_ndcg@10 = 0.0456

2024-08-01 00:26:04.411600: step 4256/24320 (epoch 14/80), loss = 1.043296 (43.030 sec/epoch), lr: 0.003800
Evaluating on dev set...
...........................
source: 	 mrr: 0.039265	 ndcg_5: 0.0302	 ndcg_10: 0.0377	 hit@1:0.015930	 hit@5:0.0449	 hit@10: 0.0688
target: 	 mrr: 0.046224	 ndcg_5: 0.0375	 ndcg_10: 0.0502	 hit@1:0.017422	 hit@5:0.0571	 hit@10: 0.0969
source best!
.............
source: 	 mrr: 0.032438	 ndcg_5: 0.0232	 ndcg_10: 0.0303	 hit@1:0.006902	 hit@5:0.0383	 hit@10: 0.0606
epoch 14: train_loss = 1.043296, source_hit@10 = 0.0606, source_ndcg@10 = 0.0303, target_hit@10 = 0.0969, target_ndcg@10 = 0.0502

2024-08-01 00:26:48.175377: step 4560/24320 (epoch 15/80), loss = 1.041739 (43.291 sec/epoch), lr: 0.003800
Evaluating on dev set...
...........................
source: 	 mrr: 0.030974	 ndcg_5: 0.0216	 ndcg_10: 0.0293	 hit@1:0.007241	 hit@5:0.0377	 hit@10: 0.0615
target: 	 mrr: 0.046070	 ndcg_5: 0.0385	 ndcg_10: 0.0519	 hit@1:0.012544	 hit@5:0.0655	 hit@10: 0.1080
epoch 15: train_loss = 1.041739, source_hit@10 = 0.0615, source_ndcg@10 = 0.0293, target_hit@10 = 0.1080, target_ndcg@10 = 0.0519

2024-08-01 00:27:31.944705: step 4864/24320 (epoch 16/80), loss = 1.032914 (43.425 sec/epoch), lr: 0.003610
Evaluating on dev set...
...........................
source: 	 mrr: 0.039232	 ndcg_5: 0.0272	 ndcg_10: 0.0389	 hit@1:0.010138	 hit@5:0.0442	 hit@10: 0.0804
target: 	 mrr: 0.045137	 ndcg_5: 0.0369	 ndcg_10: 0.0483	 hit@1:0.013937	 hit@5:0.0592	 hit@10: 0.0948
epoch 16: train_loss = 1.032914, source_hit@10 = 0.0804, source_ndcg@10 = 0.0389, target_hit@10 = 0.0948, target_ndcg@10 = 0.0483

2024-08-01 00:28:15.495793: step 5168/24320 (epoch 17/80), loss = 1.023914 (43.199 sec/epoch), lr: 0.003610
Evaluating on dev set...
...........................
source: 	 mrr: 0.033332	 ndcg_5: 0.0215	 ndcg_10: 0.0313	 hit@1:0.007241	 hit@5:0.0355	 hit@10: 0.0659
target: 	 mrr: 0.043294	 ndcg_5: 0.0351	 ndcg_10: 0.0475	 hit@1:0.011847	 hit@5:0.0592	 hit@10: 0.0976
epoch 17: train_loss = 1.023914, source_hit@10 = 0.0659, source_ndcg@10 = 0.0313, target_hit@10 = 0.0976, target_ndcg@10 = 0.0475

2024-08-01 00:28:58.884278: step 5472/24320 (epoch 18/80), loss = 1.018320 (43.025 sec/epoch), lr: 0.003429
Evaluating on dev set...
...........................
source: 	 mrr: 0.046178	 ndcg_5: 0.0339	 ndcg_10: 0.0454	 hit@1:0.018103	 hit@5:0.0478	 hit@10: 0.0833
target: 	 mrr: 0.043669	 ndcg_5: 0.0342	 ndcg_10: 0.0481	 hit@1:0.013937	 hit@5:0.0564	 hit@10: 0.0997
source best!
.............
source: 	 mrr: 0.039555	 ndcg_5: 0.0287	 ndcg_10: 0.0397	 hit@1:0.010736	 hit@5:0.0460	 hit@10: 0.0805
epoch 18: train_loss = 1.018320, source_hit@10 = 0.0805, source_ndcg@10 = 0.0397, target_hit@10 = 0.0997, target_ndcg@10 = 0.0481

2024-08-01 00:29:43.129713: step 5776/24320 (epoch 19/80), loss = 1.016060 (43.770 sec/epoch), lr: 0.003429
Evaluating on dev set...
...........................
source: 	 mrr: 0.031651	 ndcg_5: 0.0218	 ndcg_10: 0.0310	 hit@1:0.008689	 hit@5:0.0340	 hit@10: 0.0630
target: 	 mrr: 0.052893	 ndcg_5: 0.0427	 ndcg_10: 0.0583	 hit@1:0.019512	 hit@5:0.0641	 hit@10: 0.1129
epoch 19: train_loss = 1.016060, source_hit@10 = 0.0630, source_ndcg@10 = 0.0310, target_hit@10 = 0.1129, target_ndcg@10 = 0.0583

2024-08-01 00:30:27.118069: step 6080/24320 (epoch 20/80), loss = 1.012244 (43.643 sec/epoch), lr: 0.003258
Evaluating on dev set...
...........................
source: 	 mrr: 0.035308	 ndcg_5: 0.0255	 ndcg_10: 0.0339	 hit@1:0.010138	 hit@5:0.0427	 hit@10: 0.0688
target: 	 mrr: 0.050970	 ndcg_5: 0.0416	 ndcg_10: 0.0549	 hit@1:0.019512	 hit@5:0.0648	 hit@10: 0.1052
epoch 20: train_loss = 1.012244, source_hit@10 = 0.0688, source_ndcg@10 = 0.0339, target_hit@10 = 0.1052, target_ndcg@10 = 0.0549

2024-08-01 00:31:10.989726: step 6384/24320 (epoch 21/80), loss = 1.010175 (43.522 sec/epoch), lr: 0.003258
Evaluating on dev set...
...........................
source: 	 mrr: 0.037375	 ndcg_5: 0.0277	 ndcg_10: 0.0389	 hit@1:0.008689	 hit@5:0.0478	 hit@10: 0.0825
target: 	 mrr: 0.046503	 ndcg_5: 0.0372	 ndcg_10: 0.0508	 hit@1:0.015331	 hit@5:0.0599	 hit@10: 0.1024
epoch 21: train_loss = 1.010175, source_hit@10 = 0.0825, source_ndcg@10 = 0.0389, target_hit@10 = 0.1024, target_ndcg@10 = 0.0508

2024-08-01 00:31:54.687487: step 6688/24320 (epoch 22/80), loss = 1.004613 (43.352 sec/epoch), lr: 0.003095
Evaluating on dev set...
...........................
source: 	 mrr: 0.034320	 ndcg_5: 0.0220	 ndcg_10: 0.0346	 hit@1:0.008689	 hit@5:0.0362	 hit@10: 0.0753
target: 	 mrr: 0.048919	 ndcg_5: 0.0407	 ndcg_10: 0.0548	 hit@1:0.016725	 hit@5:0.0655	 hit@10: 0.1094
epoch 22: train_loss = 1.004613, source_hit@10 = 0.0753, source_ndcg@10 = 0.0346, target_hit@10 = 0.1094, target_ndcg@10 = 0.0548

2024-08-01 00:32:38.557119: step 6992/24320 (epoch 23/80), loss = 0.998693 (43.510 sec/epoch), lr: 0.002940
Evaluating on dev set...
...........................
source: 	 mrr: 0.026823	 ndcg_5: 0.0162	 ndcg_10: 0.0234	 hit@1:0.007241	 hit@5:0.0253	 hit@10: 0.0478
target: 	 mrr: 0.047874	 ndcg_5: 0.0403	 ndcg_10: 0.0548	 hit@1:0.010453	 hit@5:0.0697	 hit@10: 0.1150
epoch 23: train_loss = 0.998693, source_hit@10 = 0.0478, source_ndcg@10 = 0.0234, target_hit@10 = 0.1150, target_ndcg@10 = 0.0548

2024-08-01 00:33:22.059705: step 7296/24320 (epoch 24/80), loss = 0.995290 (43.158 sec/epoch), lr: 0.002793
Evaluating on dev set...
...........................
source: 	 mrr: 0.036511	 ndcg_5: 0.0246	 ndcg_10: 0.0345	 hit@1:0.008689	 hit@5:0.0398	 hit@10: 0.0710
target: 	 mrr: 0.040436	 ndcg_5: 0.0335	 ndcg_10: 0.0428	 hit@1:0.011847	 hit@5:0.0571	 hit@10: 0.0864
epoch 24: train_loss = 0.995290, source_hit@10 = 0.0710, source_ndcg@10 = 0.0345, target_hit@10 = 0.0864, target_ndcg@10 = 0.0428

2024-08-01 00:34:05.873085: step 7600/24320 (epoch 25/80), loss = 0.989304 (43.469 sec/epoch), lr: 0.002793
Evaluating on dev set...
...........................
source: 	 mrr: 0.038838	 ndcg_5: 0.0282	 ndcg_10: 0.0369	 hit@1:0.013034	 hit@5:0.0434	 hit@10: 0.0702
target: 	 mrr: 0.050764	 ndcg_5: 0.0432	 ndcg_10: 0.0567	 hit@1:0.014634	 hit@5:0.0711	 hit@10: 0.1136
epoch 25: train_loss = 0.989304, source_hit@10 = 0.0702, source_ndcg@10 = 0.0369, target_hit@10 = 0.1136, target_ndcg@10 = 0.0567

2024-08-01 00:34:49.237794: step 7904/24320 (epoch 26/80), loss = 0.987897 (42.972 sec/epoch), lr: 0.002793
Evaluating on dev set...
...........................
source: 	 mrr: 0.035987	 ndcg_5: 0.0250	 ndcg_10: 0.0354	 hit@1:0.010138	 hit@5:0.0406	 hit@10: 0.0724
target: 	 mrr: 0.047208	 ndcg_5: 0.0376	 ndcg_10: 0.0527	 hit@1:0.016028	 hit@5:0.0592	 hit@10: 0.1059
epoch 26: train_loss = 0.987897, source_hit@10 = 0.0724, source_ndcg@10 = 0.0354, target_hit@10 = 0.1059, target_ndcg@10 = 0.0527

2024-08-01 00:35:32.660330: step 8208/24320 (epoch 27/80), loss = 0.987118 (43.058 sec/epoch), lr: 0.002654
Evaluating on dev set...
...........................
source: 	 mrr: 0.037395	 ndcg_5: 0.0284	 ndcg_10: 0.0393	 hit@1:0.009413	 hit@5:0.0485	 hit@10: 0.0833
target: 	 mrr: 0.058139	 ndcg_5: 0.0496	 ndcg_10: 0.0637	 hit@1:0.022997	 hit@5:0.0760	 hit@10: 0.1199
target best!
..............target: 	 mrr: 0.063240	 ndcg_5: 0.0557	 ndcg_10: 0.0707	 hit@1:0.024691	 hit@5:0.0850	 hit@10: 0.1324
epoch 27: train_loss = 0.987118, source_hit@10 = 0.0833, source_ndcg@10 = 0.0393, target_hit@10 = 0.1324, target_ndcg@10 = 0.0707

2024-08-01 00:36:16.540834: step 8512/24320 (epoch 28/80), loss = 0.982012 (43.391 sec/epoch), lr: 0.002654
Evaluating on dev set...
...........................
source: 	 mrr: 0.037361	 ndcg_5: 0.0272	 ndcg_10: 0.0371	 hit@1:0.010862	 hit@5:0.0442	 hit@10: 0.0753
target: 	 mrr: 0.051754	 ndcg_5: 0.0432	 ndcg_10: 0.0580	 hit@1:0.016028	 hit@5:0.0711	 hit@10: 0.1171
epoch 28: train_loss = 0.982012, source_hit@10 = 0.0753, source_ndcg@10 = 0.0371, target_hit@10 = 0.1171, target_ndcg@10 = 0.0580

2024-08-01 00:36:59.503183: step 8816/24320 (epoch 29/80), loss = 0.979769 (42.590 sec/epoch), lr: 0.002521
Evaluating on dev set...
...........................
source: 	 mrr: 0.041824	 ndcg_5: 0.0295	 ndcg_10: 0.0395	 hit@1:0.015206	 hit@5:0.0434	 hit@10: 0.0746
target: 	 mrr: 0.052014	 ndcg_5: 0.0425	 ndcg_10: 0.0569	 hit@1:0.018815	 hit@5:0.0669	 hit@10: 0.1115
epoch 29: train_loss = 0.979769, source_hit@10 = 0.0746, source_ndcg@10 = 0.0395, target_hit@10 = 0.1115, target_ndcg@10 = 0.0569

2024-08-01 00:37:42.704332: step 9120/24320 (epoch 30/80), loss = 0.978391 (42.856 sec/epoch), lr: 0.002521
Evaluating on dev set...
...........................
source: 	 mrr: 0.044084	 ndcg_5: 0.0344	 ndcg_10: 0.0431	 hit@1:0.016655	 hit@5:0.0514	 hit@10: 0.0789
target: 	 mrr: 0.050791	 ndcg_5: 0.0413	 ndcg_10: 0.0548	 hit@1:0.016725	 hit@5:0.0648	 hit@10: 0.1073
epoch 30: train_loss = 0.978391, source_hit@10 = 0.0789, source_ndcg@10 = 0.0431, target_hit@10 = 0.1073, target_ndcg@10 = 0.0548

2024-08-01 00:38:26.663011: step 9424/24320 (epoch 31/80), loss = 0.976818 (43.601 sec/epoch), lr: 0.002521
Evaluating on dev set...
...........................
source: 	 mrr: 0.042122	 ndcg_5: 0.0343	 ndcg_10: 0.0422	 hit@1:0.010862	 hit@5:0.0579	 hit@10: 0.0825
target: 	 mrr: 0.049118	 ndcg_5: 0.0406	 ndcg_10: 0.0547	 hit@1:0.015331	 hit@5:0.0655	 hit@10: 0.1101
epoch 31: train_loss = 0.976818, source_hit@10 = 0.0825, source_ndcg@10 = 0.0422, target_hit@10 = 0.1101, target_ndcg@10 = 0.0547

2024-08-01 00:39:10.379865: step 9728/24320 (epoch 32/80), loss = 0.974679 (43.372 sec/epoch), lr: 0.002395
Evaluating on dev set...
...........................
source: 	 mrr: 0.041486	 ndcg_5: 0.0301	 ndcg_10: 0.0426	 hit@1:0.012310	 hit@5:0.0485	 hit@10: 0.0876
target: 	 mrr: 0.053019	 ndcg_5: 0.0436	 ndcg_10: 0.0556	 hit@1:0.022997	 hit@5:0.0655	 hit@10: 0.1031
epoch 32: train_loss = 0.974679, source_hit@10 = 0.0876, source_ndcg@10 = 0.0426, target_hit@10 = 0.1031, target_ndcg@10 = 0.0556

2024-08-01 00:39:53.580750: step 10032/24320 (epoch 33/80), loss = 0.973194 (42.857 sec/epoch), lr: 0.002395
Evaluating on dev set...
...........................
source: 	 mrr: 0.032073	 ndcg_5: 0.0239	 ndcg_10: 0.0333	 hit@1:0.006517	 hit@5:0.0427	 hit@10: 0.0724
target: 	 mrr: 0.049634	 ndcg_5: 0.0411	 ndcg_10: 0.0530	 hit@1:0.016725	 hit@5:0.0648	 hit@10: 0.1017
epoch 33: train_loss = 0.973194, source_hit@10 = 0.0724, source_ndcg@10 = 0.0333, target_hit@10 = 0.1017, target_ndcg@10 = 0.0530

2024-08-01 00:40:37.554095: step 10336/24320 (epoch 34/80), loss = 0.967367 (43.628 sec/epoch), lr: 0.002275
Evaluating on dev set...
...........................
source: 	 mrr: 0.036941	 ndcg_5: 0.0265	 ndcg_10: 0.0363	 hit@1:0.011586	 hit@5:0.0427	 hit@10: 0.0739
target: 	 mrr: 0.060256	 ndcg_5: 0.0503	 ndcg_10: 0.0661	 hit@1:0.023693	 hit@5:0.0767	 hit@10: 0.1261
target best!
..............target: 	 mrr: 0.059064	 ndcg_5: 0.0488	 ndcg_10: 0.0660	 hit@1:0.019204	 hit@5:0.0768	 hit@10: 0.1303
epoch 34: train_loss = 0.967367, source_hit@10 = 0.0739, source_ndcg@10 = 0.0363, target_hit@10 = 0.1303, target_ndcg@10 = 0.0660

2024-08-01 00:41:21.202389: step 10640/24320 (epoch 35/80), loss = 0.965843 (43.153 sec/epoch), lr: 0.002275
Evaluating on dev set...
...........................
source: 	 mrr: 0.038134	 ndcg_5: 0.0272	 ndcg_10: 0.0371	 hit@1:0.009413	 hit@5:0.0463	 hit@10: 0.0768
target: 	 mrr: 0.054106	 ndcg_5: 0.0429	 ndcg_10: 0.0601	 hit@1:0.018815	 hit@5:0.0662	 hit@10: 0.1206
epoch 35: train_loss = 0.965843, source_hit@10 = 0.0768, source_ndcg@10 = 0.0371, target_hit@10 = 0.1206, target_ndcg@10 = 0.0601

2024-08-01 00:42:04.720664: step 10944/24320 (epoch 36/80), loss = 0.963069 (43.174 sec/epoch), lr: 0.002161
Evaluating on dev set...
...........................
source: 	 mrr: 0.037007	 ndcg_5: 0.0243	 ndcg_10: 0.0376	 hit@1:0.011586	 hit@5:0.0377	 hit@10: 0.0789
target: 	 mrr: 0.052550	 ndcg_5: 0.0424	 ndcg_10: 0.0565	 hit@1:0.020906	 hit@5:0.0648	 hit@10: 0.1087
epoch 36: train_loss = 0.963069, source_hit@10 = 0.0789, source_ndcg@10 = 0.0376, target_hit@10 = 0.1087, target_ndcg@10 = 0.0565

2024-08-01 00:42:48.338905: step 11248/24320 (epoch 37/80), loss = 0.960196 (43.275 sec/epoch), lr: 0.002053
Evaluating on dev set...
...........................
source: 	 mrr: 0.040904	 ndcg_5: 0.0293	 ndcg_10: 0.0409	 hit@1:0.012310	 hit@5:0.0463	 hit@10: 0.0818
target: 	 mrr: 0.046773	 ndcg_5: 0.0355	 ndcg_10: 0.0472	 hit@1:0.018118	 hit@5:0.0530	 hit@10: 0.0885
epoch 37: train_loss = 0.960196, source_hit@10 = 0.0818, source_ndcg@10 = 0.0409, target_hit@10 = 0.0885, target_ndcg@10 = 0.0472

2024-08-01 00:43:31.709934: step 11552/24320 (epoch 38/80), loss = 0.955468 (43.013 sec/epoch), lr: 0.001951
Evaluating on dev set...
...........................
source: 	 mrr: 0.036981	 ndcg_5: 0.0250	 ndcg_10: 0.0394	 hit@1:0.007965	 hit@5:0.0427	 hit@10: 0.0876
target: 	 mrr: 0.048604	 ndcg_5: 0.0387	 ndcg_10: 0.0536	 hit@1:0.016028	 hit@5:0.0620	 hit@10: 0.1087
epoch 38: train_loss = 0.955468, source_hit@10 = 0.0876, source_ndcg@10 = 0.0394, target_hit@10 = 0.1087, target_ndcg@10 = 0.0536

2024-08-01 00:44:15.440775: step 11856/24320 (epoch 39/80), loss = 0.951975 (43.372 sec/epoch), lr: 0.001853
Evaluating on dev set...
...........................
source: 	 mrr: 0.041170	 ndcg_5: 0.0292	 ndcg_10: 0.0424	 hit@1:0.011586	 hit@5:0.0471	 hit@10: 0.0883
target: 	 mrr: 0.051435	 ndcg_5: 0.0416	 ndcg_10: 0.0564	 hit@1:0.016028	 hit@5:0.0669	 hit@10: 0.1129
epoch 39: train_loss = 0.951975, source_hit@10 = 0.0883, source_ndcg@10 = 0.0424, target_hit@10 = 0.1129, target_ndcg@10 = 0.0564

2024-08-01 00:44:59.337136: step 12160/24320 (epoch 40/80), loss = 0.952810 (43.544 sec/epoch), lr: 0.001853
Evaluating on dev set...
...........................
source: 	 mrr: 0.044586	 ndcg_5: 0.0351	 ndcg_10: 0.0452	 hit@1:0.015930	 hit@5:0.0565	 hit@10: 0.0876
target: 	 mrr: 0.051803	 ndcg_5: 0.0437	 ndcg_10: 0.0588	 hit@1:0.017422	 hit@5:0.0725	 hit@10: 0.1199
epoch 40: train_loss = 0.952810, source_hit@10 = 0.0876, source_ndcg@10 = 0.0452, target_hit@10 = 0.1199, target_ndcg@10 = 0.0588

2024-08-01 00:45:42.400199: step 12464/24320 (epoch 41/80), loss = 0.950210 (42.711 sec/epoch), lr: 0.001853
Evaluating on dev set...
...........................
source: 	 mrr: 0.040365	 ndcg_5: 0.0310	 ndcg_10: 0.0402	 hit@1:0.012310	 hit@5:0.0507	 hit@10: 0.0797
target: 	 mrr: 0.046970	 ndcg_5: 0.0350	 ndcg_10: 0.0487	 hit@1:0.018118	 hit@5:0.0523	 hit@10: 0.0948
epoch 41: train_loss = 0.950210, source_hit@10 = 0.0797, source_ndcg@10 = 0.0402, target_hit@10 = 0.0948, target_ndcg@10 = 0.0487

2024-08-01 00:46:26.024329: step 12768/24320 (epoch 42/80), loss = 0.949909 (43.278 sec/epoch), lr: 0.001761
Evaluating on dev set...
...........................
source: 	 mrr: 0.041195	 ndcg_5: 0.0305	 ndcg_10: 0.0431	 hit@1:0.010862	 hit@5:0.0507	 hit@10: 0.0905
target: 	 mrr: 0.052256	 ndcg_5: 0.0433	 ndcg_10: 0.0562	 hit@1:0.020209	 hit@5:0.0683	 hit@10: 0.1080
epoch 42: train_loss = 0.949909, source_hit@10 = 0.0905, source_ndcg@10 = 0.0431, target_hit@10 = 0.1080, target_ndcg@10 = 0.0562

2024-08-01 00:47:09.321320: step 13072/24320 (epoch 43/80), loss = 0.945662 (42.935 sec/epoch), lr: 0.001761
Evaluating on dev set...
...........................
source: 	 mrr: 0.040443	 ndcg_5: 0.0303	 ndcg_10: 0.0409	 hit@1:0.013758	 hit@5:0.0471	 hit@10: 0.0811
target: 	 mrr: 0.058197	 ndcg_5: 0.0479	 ndcg_10: 0.0651	 hit@1:0.023693	 hit@5:0.0732	 hit@10: 0.1261
epoch 43: train_loss = 0.945662, source_hit@10 = 0.0811, source_ndcg@10 = 0.0409, target_hit@10 = 0.1261, target_ndcg@10 = 0.0651

2024-08-01 00:47:52.689687: step 13376/24320 (epoch 44/80), loss = 0.945517 (43.017 sec/epoch), lr: 0.001761
Evaluating on dev set...
...........................
source: 	 mrr: 0.036161	 ndcg_5: 0.0261	 ndcg_10: 0.0373	 hit@1:0.008689	 hit@5:0.0442	 hit@10: 0.0789
target: 	 mrr: 0.047677	 ndcg_5: 0.0394	 ndcg_10: 0.0503	 hit@1:0.017422	 hit@5:0.0620	 hit@10: 0.0962
epoch 44: train_loss = 0.945517, source_hit@10 = 0.0789, source_ndcg@10 = 0.0373, target_hit@10 = 0.0962, target_ndcg@10 = 0.0503

2024-08-01 00:48:36.825093: step 13680/24320 (epoch 45/80), loss = 0.943115 (43.724 sec/epoch), lr: 0.001672
Evaluating on dev set...
...........................
source: 	 mrr: 0.042105	 ndcg_5: 0.0296	 ndcg_10: 0.0427	 hit@1:0.014482	 hit@5:0.0456	 hit@10: 0.0862
target: 	 mrr: 0.056945	 ndcg_5: 0.0479	 ndcg_10: 0.0627	 hit@1:0.021603	 hit@5:0.0746	 hit@10: 0.1206
epoch 45: train_loss = 0.943115, source_hit@10 = 0.0862, source_ndcg@10 = 0.0427, target_hit@10 = 0.1206, target_ndcg@10 = 0.0627

2024-08-01 00:49:20.174197: step 13984/24320 (epoch 46/80), loss = 0.941931 (42.969 sec/epoch), lr: 0.001672
Evaluating on dev set...
...........................
source: 	 mrr: 0.039271	 ndcg_5: 0.0292	 ndcg_10: 0.0404	 hit@1:0.010138	 hit@5:0.0507	 hit@10: 0.0854
target: 	 mrr: 0.051938	 ndcg_5: 0.0414	 ndcg_10: 0.0560	 hit@1:0.022300	 hit@5:0.0606	 hit@10: 0.1066
epoch 46: train_loss = 0.941931, source_hit@10 = 0.0854, source_ndcg@10 = 0.0404, target_hit@10 = 0.1066, target_ndcg@10 = 0.0560

2024-08-01 00:50:03.899939: step 14288/24320 (epoch 47/80), loss = 0.939368 (43.383 sec/epoch), lr: 0.001589
Evaluating on dev set...
...........................
source: 	 mrr: 0.042254	 ndcg_5: 0.0316	 ndcg_10: 0.0423	 hit@1:0.015206	 hit@5:0.0507	 hit@10: 0.0840
target: 	 mrr: 0.043787	 ndcg_5: 0.0352	 ndcg_10: 0.0462	 hit@1:0.013937	 hit@5:0.0571	 hit@10: 0.0920
epoch 47: train_loss = 0.939368, source_hit@10 = 0.0840, source_ndcg@10 = 0.0423, target_hit@10 = 0.0920, target_ndcg@10 = 0.0462

2024-08-01 00:50:48.026770: step 14592/24320 (epoch 48/80), loss = 0.937200 (43.779 sec/epoch), lr: 0.001509
Evaluating on dev set...
...........................
source: 	 mrr: 0.038078	 ndcg_5: 0.0267	 ndcg_10: 0.0403	 hit@1:0.008689	 hit@5:0.0449	 hit@10: 0.0876
target: 	 mrr: 0.058015	 ndcg_5: 0.0508	 ndcg_10: 0.0635	 hit@1:0.022997	 hit@5:0.0801	 hit@10: 0.1199
epoch 48: train_loss = 0.937200, source_hit@10 = 0.0876, source_ndcg@10 = 0.0403, target_hit@10 = 0.1199, target_ndcg@10 = 0.0635

2024-08-01 00:51:31.367721: step 14896/24320 (epoch 49/80), loss = 0.934242 (42.983 sec/epoch), lr: 0.001509
Evaluating on dev set...
...........................
source: 	 mrr: 0.043345	 ndcg_5: 0.0310	 ndcg_10: 0.0421	 hit@1:0.015206	 hit@5:0.0471	 hit@10: 0.0818
target: 	 mrr: 0.034813	 ndcg_5: 0.0252	 ndcg_10: 0.0360	 hit@1:0.009059	 hit@5:0.0411	 hit@10: 0.0746
epoch 49: train_loss = 0.934242, source_hit@10 = 0.0818, source_ndcg@10 = 0.0421, target_hit@10 = 0.0746, target_ndcg@10 = 0.0360

2024-08-01 00:52:15.193633: step 15200/24320 (epoch 50/80), loss = 0.932035 (43.480 sec/epoch), lr: 0.001434
Evaluating on dev set...
...........................
source: 	 mrr: 0.039924	 ndcg_5: 0.0287	 ndcg_10: 0.0378	 hit@1:0.012310	 hit@5:0.0471	 hit@10: 0.0760
target: 	 mrr: 0.053060	 ndcg_5: 0.0452	 ndcg_10: 0.0577	 hit@1:0.017422	 hit@5:0.0725	 hit@10: 0.1115
epoch 50: train_loss = 0.932035, source_hit@10 = 0.0760, source_ndcg@10 = 0.0378, target_hit@10 = 0.1115, target_ndcg@10 = 0.0577
shift to transfer learning mode

2024-08-01 00:52:59.677184: step 15504/24320 (epoch 51/80), loss = 0.931717 (44.141 sec/epoch), lr: 0.001434
Evaluating on dev set...
...........................
source: 	 mrr: 0.042328	 ndcg_5: 0.0314	 ndcg_10: 0.0422	 hit@1:0.012310	 hit@5:0.0514	 hit@10: 0.0854
target: 	 mrr: 0.051330	 ndcg_5: 0.0415	 ndcg_10: 0.0541	 hit@1:0.019512	 hit@5:0.0641	 hit@10: 0.1038
epoch 51: train_loss = 0.931717, source_hit@10 = 0.0854, source_ndcg@10 = 0.0422, target_hit@10 = 0.1038, target_ndcg@10 = 0.0541

2024-08-01 00:53:44.560926: step 15808/24320 (epoch 52/80), loss = 0.931535 (44.527 sec/epoch), lr: 0.001434
Evaluating on dev set...
...........................
source: 	 mrr: 0.037047	 ndcg_5: 0.0267	 ndcg_10: 0.0374	 hit@1:0.009413	 hit@5:0.0442	 hit@10: 0.0775
target: 	 mrr: 0.045932	 ndcg_5: 0.0365	 ndcg_10: 0.0497	 hit@1:0.015331	 hit@5:0.0585	 hit@10: 0.0997
epoch 52: train_loss = 0.931535, source_hit@10 = 0.0775, source_ndcg@10 = 0.0374, target_hit@10 = 0.0997, target_ndcg@10 = 0.0497

2024-08-01 00:54:28.942227: step 16112/24320 (epoch 53/80), loss = 0.928430 (44.033 sec/epoch), lr: 0.001362
Evaluating on dev set...
...........................
source: 	 mrr: 0.039072	 ndcg_5: 0.0279	 ndcg_10: 0.0425	 hit@1:0.007965	 hit@5:0.0507	 hit@10: 0.0963
target: 	 mrr: 0.056282	 ndcg_5: 0.0487	 ndcg_10: 0.0601	 hit@1:0.024390	 hit@5:0.0760	 hit@10: 0.1115
epoch 53: train_loss = 0.928430, source_hit@10 = 0.0963, source_ndcg@10 = 0.0425, target_hit@10 = 0.1115, target_ndcg@10 = 0.0601

2024-08-01 00:55:14.686302: step 16416/24320 (epoch 54/80), loss = 0.925574 (45.384 sec/epoch), lr: 0.001362
Evaluating on dev set...
...........................
source: 	 mrr: 0.040986	 ndcg_5: 0.0274	 ndcg_10: 0.0404	 hit@1:0.015930	 hit@5:0.0398	 hit@10: 0.0804
target: 	 mrr: 0.057310	 ndcg_5: 0.0491	 ndcg_10: 0.0625	 hit@1:0.022300	 hit@5:0.0774	 hit@10: 0.1192
epoch 54: train_loss = 0.925574, source_hit@10 = 0.0804, source_ndcg@10 = 0.0404, target_hit@10 = 0.1192, target_ndcg@10 = 0.0625

2024-08-01 00:55:59.540260: step 16720/24320 (epoch 55/80), loss = 0.926092 (44.492 sec/epoch), lr: 0.001362
Evaluating on dev set...
...........................
source: 	 mrr: 0.036984	 ndcg_5: 0.0258	 ndcg_10: 0.0383	 hit@1:0.010138	 hit@5:0.0427	 hit@10: 0.0811
target: 	 mrr: 0.056934	 ndcg_5: 0.0475	 ndcg_10: 0.0620	 hit@1:0.022997	 hit@5:0.0718	 hit@10: 0.1171
epoch 55: train_loss = 0.926092, source_hit@10 = 0.0811, source_ndcg@10 = 0.0383, target_hit@10 = 0.1171, target_ndcg@10 = 0.0620

2024-08-01 00:56:44.339665: step 17024/24320 (epoch 56/80), loss = 0.922703 (44.419 sec/epoch), lr: 0.001294
Evaluating on dev set...
...........................
source: 	 mrr: 0.036564	 ndcg_5: 0.0243	 ndcg_10: 0.0351	 hit@1:0.007965	 hit@5:0.0406	 hit@10: 0.0739
target: 	 mrr: 0.055211	 ndcg_5: 0.0476	 ndcg_10: 0.0607	 hit@1:0.019512	 hit@5:0.0767	 hit@10: 0.1178
epoch 56: train_loss = 0.922703, source_hit@10 = 0.0739, source_ndcg@10 = 0.0351, target_hit@10 = 0.1178, target_ndcg@10 = 0.0607

2024-08-01 00:57:28.398497: step 17328/24320 (epoch 57/80), loss = 0.918264 (43.710 sec/epoch), lr: 0.001229
Evaluating on dev set...
...........................
source: 	 mrr: 0.041659	 ndcg_5: 0.0310	 ndcg_10: 0.0447	 hit@1:0.008689	 hit@5:0.0536	 hit@10: 0.0963
target: 	 mrr: 0.054187	 ndcg_5: 0.0464	 ndcg_10: 0.0604	 hit@1:0.018118	 hit@5:0.0746	 hit@10: 0.1178
epoch 57: train_loss = 0.918264, source_hit@10 = 0.0963, source_ndcg@10 = 0.0447, target_hit@10 = 0.1178, target_ndcg@10 = 0.0604

2024-08-01 00:58:13.421418: step 17632/24320 (epoch 58/80), loss = 0.919643 (44.677 sec/epoch), lr: 0.001229
Evaluating on dev set...
...........................
source: 	 mrr: 0.037125	 ndcg_5: 0.0251	 ndcg_10: 0.0397	 hit@1:0.007241	 hit@5:0.0427	 hit@10: 0.0876
target: 	 mrr: 0.048993	 ndcg_5: 0.0402	 ndcg_10: 0.0535	 hit@1:0.017422	 hit@5:0.0641	 hit@10: 0.1059
epoch 58: train_loss = 0.919643, source_hit@10 = 0.0876, source_ndcg@10 = 0.0397, target_hit@10 = 0.1059, target_ndcg@10 = 0.0535

2024-08-01 00:58:58.124634: step 17936/24320 (epoch 59/80), loss = 0.917107 (44.359 sec/epoch), lr: 0.001168
Evaluating on dev set...
...........................
source: 	 mrr: 0.042229	 ndcg_5: 0.0292	 ndcg_10: 0.0416	 hit@1:0.015206	 hit@5:0.0449	 hit@10: 0.0833
target: 	 mrr: 0.057188	 ndcg_5: 0.0498	 ndcg_10: 0.0615	 hit@1:0.023693	 hit@5:0.0760	 hit@10: 0.1129
epoch 59: train_loss = 0.917107, source_hit@10 = 0.0833, source_ndcg@10 = 0.0416, target_hit@10 = 0.1129, target_ndcg@10 = 0.0615

2024-08-01 00:59:42.430495: step 18240/24320 (epoch 60/80), loss = 0.914835 (43.958 sec/epoch), lr: 0.001168
Evaluating on dev set...
...........................
source: 	 mrr: 0.041219	 ndcg_5: 0.0303	 ndcg_10: 0.0432	 hit@1:0.011586	 hit@5:0.0507	 hit@10: 0.0912
target: 	 mrr: 0.062687	 ndcg_5: 0.0556	 ndcg_10: 0.0681	 hit@1:0.027875	 hit@5:0.0843	 hit@10: 0.1233
target best!
..............target: 	 mrr: 0.055990	 ndcg_5: 0.0458	 ndcg_10: 0.0612	 hit@1:0.019890	 hit@5:0.0713	 hit@10: 0.1187
epoch 60: train_loss = 0.914835, source_hit@10 = 0.0912, source_ndcg@10 = 0.0432, target_hit@10 = 0.1187, target_ndcg@10 = 0.0612

2024-08-01 01:00:26.971452: step 18544/24320 (epoch 61/80), loss = 0.912114 (44.015 sec/epoch), lr: 0.001168
Evaluating on dev set...
...........................
source: 	 mrr: 0.040951	 ndcg_5: 0.0304	 ndcg_10: 0.0401	 hit@1:0.014482	 hit@5:0.0471	 hit@10: 0.0775
target: 	 mrr: 0.051077	 ndcg_5: 0.0398	 ndcg_10: 0.0543	 hit@1:0.021603	 hit@5:0.0599	 hit@10: 0.1052
epoch 61: train_loss = 0.912114, source_hit@10 = 0.0775, source_ndcg@10 = 0.0401, target_hit@10 = 0.1052, target_ndcg@10 = 0.0543

2024-08-01 01:01:11.932982: step 18848/24320 (epoch 62/80), loss = 0.908023 (44.606 sec/epoch), lr: 0.001110
Evaluating on dev set...
...........................
source: 	 mrr: 0.039276	 ndcg_5: 0.0273	 ndcg_10: 0.0403	 hit@1:0.009413	 hit@5:0.0449	 hit@10: 0.0854
target: 	 mrr: 0.054725	 ndcg_5: 0.0458	 ndcg_10: 0.0582	 hit@1:0.022300	 hit@5:0.0690	 hit@10: 0.1073
epoch 62: train_loss = 0.908023, source_hit@10 = 0.0854, source_ndcg@10 = 0.0403, target_hit@10 = 0.1073, target_ndcg@10 = 0.0582

2024-08-01 01:01:56.239154: step 19152/24320 (epoch 63/80), loss = 0.907929 (43.953 sec/epoch), lr: 0.001110
Evaluating on dev set...
...........................
source: 	 mrr: 0.043433	 ndcg_5: 0.0327	 ndcg_10: 0.0426	 hit@1:0.015206	 hit@5:0.0507	 hit@10: 0.0818
target: 	 mrr: 0.058223	 ndcg_5: 0.0489	 ndcg_10: 0.0599	 hit@1:0.026481	 hit@5:0.0711	 hit@10: 0.1052
epoch 63: train_loss = 0.907929, source_hit@10 = 0.0818, source_ndcg@10 = 0.0426, target_hit@10 = 0.1052, target_ndcg@10 = 0.0599
early termination of training
