nohup: ignoring input
using gpu:0 to train the model
using gpu:0 to train the model
cuda:0
Namespace(A_split=False, JK='sum', a_fold=100, aggregate=False, alpha=0.5, batch_size=1024, beta_inter=0.4, conv_layers=4, cuda=True, decay_epoch=10, device=device(type='cuda', index=0), device_id='0', domains='game_video', dropout=0.5, epoch=80, feature_dim=126, hidden_dim=126, inter_tau=0.2, intra_tau=1, lambda_critic=0.4, leakey=0.01, load=False, log='logs.txt', log_epoch=1, lr=0.004, lr_decay=0.95, min_epoch=50, mode='train', model_file=None, model_name='gv', momentum=0.98, num_latent_factors=3, num_negative=100, optim='adam', patience=50, proj_layers=1, projection=1, residual=1, save=True, save_dir='./saved_models', seed=32, similarity_tau=0.1, test_sample_number=999, transfer_epoch=50, user_batch_size=256, weight_decay=8e-05)
number_user 25025
number_item 12319
/home/hourun/invariantCDR_v2/invariantCDR/utils/GraphMaker.py:46: RuntimeWarning: divide by zero encountered in power
  r_inv = np.power(rowsum, -1).flatten()
real graph loaded!
number_user 19457
number_item 8751
real graph loaded!
graph loaded!
Loading data from game_video with batch size 1024...
unseen test: 0
test length: 1381
unseen test: 0
test length: 1304
unseen test: 0
test length: 1435
unseen test: 0
test length: 1458
source_user_num 25025
target_user_num 19457
source_item_num 12319
target_item_num 8751
shared users id: 1737
test users 226, 217
unseen test: 0
dev length: 1000
unseen test: 0
dev length: 1000
source train data : 155036, target train data: 156091, source test data : 1304, target test data : 1458, source dev data : 1000, target dev data : 1000
2024-08-02 11:12:52.018821: step 304/24320 (epoch 1/80), loss = 1.299122 (36.421 sec/epoch), lr: 0.004000
Evaluating on dev set...
...........................
source: 	 mrr: 0.023689	 ndcg_5: 0.0152	 ndcg_10: 0.0217	 hit@1:0.002896	 hit@5:0.0282	 hit@10: 0.0485
target: 	 mrr: 0.027360	 ndcg_5: 0.0206	 ndcg_10: 0.0264	 hit@1:0.009756	 hit@5:0.0334	 hit@10: 0.0523
source best!
.............
source: 	 mrr: 0.026391	 ndcg_5: 0.0175	 ndcg_10: 0.0234	 hit@1:0.006135	 hit@5:0.0299	 hit@10: 0.0483
target best!
..............target: 	 mrr: 0.031483	 ndcg_5: 0.0240	 ndcg_10: 0.0295	 hit@1:0.012346	 hit@5:0.0343	 hit@10: 0.0514
epoch 1: train_loss = 1.299122, source_hit@10 = 0.0483, source_ndcg@10 = 0.0234, target_hit@10 = 0.0514, target_ndcg@10 = 0.0295

2024-08-02 11:13:29.414765: step 608/24320 (epoch 2/80), loss = 1.107182 (36.862 sec/epoch), lr: 0.004000
Evaluating on dev set...
...........................
source: 	 mrr: 0.015630	 ndcg_5: 0.0068	 ndcg_10: 0.0100	 hit@1:0.002172	 hit@5:0.0123	 hit@10: 0.0224
target: 	 mrr: 0.033709	 ndcg_5: 0.0234	 ndcg_10: 0.0338	 hit@1:0.012544	 hit@5:0.0341	 hit@10: 0.0669
target best!
..............target: 	 mrr: 0.042222	 ndcg_5: 0.0342	 ndcg_10: 0.0427	 hit@1:0.018519	 hit@5:0.0494	 hit@10: 0.0754
epoch 2: train_loss = 1.107182, source_hit@10 = 0.0224, source_ndcg@10 = 0.0100, target_hit@10 = 0.0754, target_ndcg@10 = 0.0427

2024-08-02 11:14:06.478213: step 912/24320 (epoch 3/80), loss = 1.081368 (36.651 sec/epoch), lr: 0.004000
Evaluating on dev set...
...........................
source: 	 mrr: 0.030030	 ndcg_5: 0.0195	 ndcg_10: 0.0295	 hit@1:0.004345	 hit@5:0.0362	 hit@10: 0.0673
target: 	 mrr: 0.041207	 ndcg_5: 0.0312	 ndcg_10: 0.0434	 hit@1:0.014634	 hit@5:0.0467	 hit@10: 0.0843
source best!
.............
source: 	 mrr: 0.035943	 ndcg_5: 0.0248	 ndcg_10: 0.0341	 hit@1:0.012270	 hit@5:0.0376	 hit@10: 0.0667
target best!
..............target: 	 mrr: 0.038726	 ndcg_5: 0.0297	 ndcg_10: 0.0410	 hit@1:0.011660	 hit@5:0.0480	 hit@10: 0.0830
epoch 3: train_loss = 1.081368, source_hit@10 = 0.0667, source_ndcg@10 = 0.0341, target_hit@10 = 0.0830, target_ndcg@10 = 0.0410
new best model saved.

2024-08-02 11:14:44.161346: step 1216/24320 (epoch 4/80), loss = 1.068510 (37.062 sec/epoch), lr: 0.004000
Evaluating on dev set...
...........................
source: 	 mrr: 0.036103	 ndcg_5: 0.0246	 ndcg_10: 0.0346	 hit@1:0.010862	 hit@5:0.0384	 hit@10: 0.0695
target: 	 mrr: 0.048635	 ndcg_5: 0.0385	 ndcg_10: 0.0522	 hit@1:0.017422	 hit@5:0.0599	 hit@10: 0.1024
source best!
.............
source: 	 mrr: 0.037353	 ndcg_5: 0.0280	 ndcg_10: 0.0381	 hit@1:0.009202	 hit@5:0.0475	 hit@10: 0.0782
target best!
..............target: 	 mrr: 0.047966	 ndcg_5: 0.0370	 ndcg_10: 0.0511	 hit@1:0.016461	 hit@5:0.0562	 hit@10: 0.1008
epoch 4: train_loss = 1.068510, source_hit@10 = 0.0782, source_ndcg@10 = 0.0381, target_hit@10 = 0.1008, target_ndcg@10 = 0.0511
new best model saved.

2024-08-02 11:15:21.008226: step 1520/24320 (epoch 5/80), loss = 1.058756 (36.204 sec/epoch), lr: 0.004000
Evaluating on dev set...
...........................
source: 	 mrr: 0.036807	 ndcg_5: 0.0264	 ndcg_10: 0.0345	 hit@1:0.010862	 hit@5:0.0413	 hit@10: 0.0666
target: 	 mrr: 0.048617	 ndcg_5: 0.0408	 ndcg_10: 0.0555	 hit@1:0.013240	 hit@5:0.0683	 hit@10: 0.1136
source best!
.............
source: 	 mrr: 0.035987	 ndcg_5: 0.0235	 ndcg_10: 0.0365	 hit@1:0.010736	 hit@5:0.0368	 hit@10: 0.0775
epoch 5: train_loss = 1.058756, source_hit@10 = 0.0775, source_ndcg@10 = 0.0365, target_hit@10 = 0.1136, target_ndcg@10 = 0.0555
new best model saved.

2024-08-02 11:15:58.156581: step 1824/24320 (epoch 6/80), loss = 1.049645 (36.624 sec/epoch), lr: 0.004000
Evaluating on dev set...
...........................
source: 	 mrr: 0.029374	 ndcg_5: 0.0186	 ndcg_10: 0.0286	 hit@1:0.006517	 hit@5:0.0319	 hit@10: 0.0630
target: 	 mrr: 0.039408	 ndcg_5: 0.0313	 ndcg_10: 0.0430	 hit@1:0.009059	 hit@5:0.0544	 hit@10: 0.0913
epoch 6: train_loss = 1.049645, source_hit@10 = 0.0630, source_ndcg@10 = 0.0286, target_hit@10 = 0.0913, target_ndcg@10 = 0.0430

2024-08-02 11:16:35.202993: step 2128/24320 (epoch 7/80), loss = 1.045997 (36.750 sec/epoch), lr: 0.004000
Evaluating on dev set...
...........................
source: 	 mrr: 0.027772	 ndcg_5: 0.0207	 ndcg_10: 0.0264	 hit@1:0.005793	 hit@5:0.0348	 hit@10: 0.0529
target: 	 mrr: 0.049166	 ndcg_5: 0.0421	 ndcg_10: 0.0527	 hit@1:0.016725	 hit@5:0.0669	 hit@10: 0.1003
target best!
..............target: 	 mrr: 0.046808	 ndcg_5: 0.0376	 ndcg_10: 0.0506	 hit@1:0.013032	 hit@5:0.0631	 hit@10: 0.1029
epoch 7: train_loss = 1.045997, source_hit@10 = 0.0529, source_ndcg@10 = 0.0264, target_hit@10 = 0.1029, target_ndcg@10 = 0.0506

2024-08-02 11:17:12.265666: step 2432/24320 (epoch 8/80), loss = 1.040934 (36.645 sec/epoch), lr: 0.004000
Evaluating on dev set...
...........................
source: 	 mrr: 0.031276	 ndcg_5: 0.0229	 ndcg_10: 0.0293	 hit@1:0.009413	 hit@5:0.0362	 hit@10: 0.0565
target: 	 mrr: 0.051058	 ndcg_5: 0.0440	 ndcg_10: 0.0555	 hit@1:0.017422	 hit@5:0.0704	 hit@10: 0.1059
target best!
..............target: 	 mrr: 0.053017	 ndcg_5: 0.0438	 ndcg_10: 0.0570	 hit@1:0.019890	 hit@5:0.0679	 hit@10: 0.1091
epoch 8: train_loss = 1.040934, source_hit@10 = 0.0565, source_ndcg@10 = 0.0293, target_hit@10 = 0.1091, target_ndcg@10 = 0.0570

2024-08-02 11:17:49.519353: step 2736/24320 (epoch 9/80), loss = 1.034782 (36.830 sec/epoch), lr: 0.004000
Evaluating on dev set...
...........................
source: 	 mrr: 0.040306	 ndcg_5: 0.0305	 ndcg_10: 0.0414	 hit@1:0.012310	 hit@5:0.0514	 hit@10: 0.0854
target: 	 mrr: 0.054832	 ndcg_5: 0.0439	 ndcg_10: 0.0590	 hit@1:0.020906	 hit@5:0.0655	 hit@10: 0.1115
source best!
.............
source: 	 mrr: 0.041293	 ndcg_5: 0.0311	 ndcg_10: 0.0427	 hit@1:0.010736	 hit@5:0.0514	 hit@10: 0.0874
target best!
..............target: 	 mrr: 0.053398	 ndcg_5: 0.0457	 ndcg_10: 0.0613	 hit@1:0.017147	 hit@5:0.0761	 hit@10: 0.1248
epoch 9: train_loss = 1.034782, source_hit@10 = 0.0874, source_ndcg@10 = 0.0427, target_hit@10 = 0.1248, target_ndcg@10 = 0.0613
new best model saved.

2024-08-02 11:18:26.764831: step 3040/24320 (epoch 10/80), loss = 1.030188 (36.593 sec/epoch), lr: 0.004000
Evaluating on dev set...
...........................
source: 	 mrr: 0.034045	 ndcg_5: 0.0229	 ndcg_10: 0.0326	 hit@1:0.010862	 hit@5:0.0348	 hit@10: 0.0652
target: 	 mrr: 0.045860	 ndcg_5: 0.0377	 ndcg_10: 0.0509	 hit@1:0.013240	 hit@5:0.0606	 hit@10: 0.1024
epoch 10: train_loss = 1.030188, source_hit@10 = 0.0652, source_ndcg@10 = 0.0326, target_hit@10 = 0.1024, target_ndcg@10 = 0.0509

2024-08-02 11:19:03.603161: step 3344/24320 (epoch 11/80), loss = 1.027367 (36.543 sec/epoch), lr: 0.004000
Evaluating on dev set...
...........................
source: 	 mrr: 0.030554	 ndcg_5: 0.0216	 ndcg_10: 0.0303	 hit@1:0.010862	 hit@5:0.0333	 hit@10: 0.0601
target: 	 mrr: 0.057730	 ndcg_5: 0.0522	 ndcg_10: 0.0647	 hit@1:0.024390	 hit@5:0.0822	 hit@10: 0.1213
target best!
..............target: 	 mrr: 0.054864	 ndcg_5: 0.0485	 ndcg_10: 0.0594	 hit@1:0.019204	 hit@5:0.0782	 hit@10: 0.1118
epoch 11: train_loss = 1.027367, source_hit@10 = 0.0601, source_ndcg@10 = 0.0303, target_hit@10 = 0.1118, target_ndcg@10 = 0.0594

2024-08-02 11:19:40.530499: step 3648/24320 (epoch 12/80), loss = 1.023325 (36.510 sec/epoch), lr: 0.004000
Evaluating on dev set...
...........................
source: 	 mrr: 0.036466	 ndcg_5: 0.0260	 ndcg_10: 0.0338	 hit@1:0.010138	 hit@5:0.0398	 hit@10: 0.0644
target: 	 mrr: 0.045735	 ndcg_5: 0.0374	 ndcg_10: 0.0480	 hit@1:0.016725	 hit@5:0.0599	 hit@10: 0.0927
epoch 12: train_loss = 1.023325, source_hit@10 = 0.0644, source_ndcg@10 = 0.0338, target_hit@10 = 0.0927, target_ndcg@10 = 0.0480

2024-08-02 11:20:17.662330: step 3952/24320 (epoch 13/80), loss = 1.020750 (36.837 sec/epoch), lr: 0.003800
Evaluating on dev set...
...........................
source: 	 mrr: 0.035556	 ndcg_5: 0.0257	 ndcg_10: 0.0354	 hit@1:0.010862	 hit@5:0.0427	 hit@10: 0.0731
target: 	 mrr: 0.045027	 ndcg_5: 0.0357	 ndcg_10: 0.0473	 hit@1:0.013240	 hit@5:0.0571	 hit@10: 0.0934
epoch 13: train_loss = 1.020750, source_hit@10 = 0.0731, source_ndcg@10 = 0.0354, target_hit@10 = 0.0934, target_ndcg@10 = 0.0473

2024-08-02 11:20:54.582029: step 4256/24320 (epoch 14/80), loss = 1.015264 (36.620 sec/epoch), lr: 0.003610
Evaluating on dev set...
...........................
source: 	 mrr: 0.038994	 ndcg_5: 0.0278	 ndcg_10: 0.0366	 hit@1:0.013034	 hit@5:0.0434	 hit@10: 0.0710
target: 	 mrr: 0.049839	 ndcg_5: 0.0410	 ndcg_10: 0.0547	 hit@1:0.017422	 hit@5:0.0641	 hit@10: 0.1066
epoch 14: train_loss = 1.015264, source_hit@10 = 0.0710, source_ndcg@10 = 0.0366, target_hit@10 = 0.1066, target_ndcg@10 = 0.0547

2024-08-02 11:21:31.631562: step 4560/24320 (epoch 15/80), loss = 1.013903 (36.752 sec/epoch), lr: 0.003610
Evaluating on dev set...
...........................
source: 	 mrr: 0.032420	 ndcg_5: 0.0210	 ndcg_10: 0.0320	 hit@1:0.006517	 hit@5:0.0369	 hit@10: 0.0710
target: 	 mrr: 0.047740	 ndcg_5: 0.0405	 ndcg_10: 0.0521	 hit@1:0.017422	 hit@5:0.0655	 hit@10: 0.1024
epoch 15: train_loss = 1.013903, source_hit@10 = 0.0710, source_ndcg@10 = 0.0320, target_hit@10 = 0.1024, target_ndcg@10 = 0.0521

2024-08-02 11:22:08.124796: step 4864/24320 (epoch 16/80), loss = 1.008878 (36.199 sec/epoch), lr: 0.003429
Evaluating on dev set...
...........................
source: 	 mrr: 0.030508	 ndcg_5: 0.0183	 ndcg_10: 0.0279	 hit@1:0.005069	 hit@5:0.0304	 hit@10: 0.0601
target: 	 mrr: 0.051218	 ndcg_5: 0.0422	 ndcg_10: 0.0571	 hit@1:0.017422	 hit@5:0.0662	 hit@10: 0.1129
epoch 16: train_loss = 1.008878, source_hit@10 = 0.0601, source_ndcg@10 = 0.0279, target_hit@10 = 0.1129, target_ndcg@10 = 0.0571

2024-08-02 11:22:45.134578: step 5168/24320 (epoch 17/80), loss = 1.006491 (36.709 sec/epoch), lr: 0.003429
Evaluating on dev set...
...........................
source: 	 mrr: 0.032281	 ndcg_5: 0.0209	 ndcg_10: 0.0342	 hit@1:0.005793	 hit@5:0.0369	 hit@10: 0.0789
target: 	 mrr: 0.039168	 ndcg_5: 0.0298	 ndcg_10: 0.0418	 hit@1:0.010453	 hit@5:0.0502	 hit@10: 0.0878
epoch 17: train_loss = 1.006491, source_hit@10 = 0.0789, source_ndcg@10 = 0.0342, target_hit@10 = 0.0878, target_ndcg@10 = 0.0418

2024-08-02 11:23:21.763704: step 5472/24320 (epoch 18/80), loss = 1.002873 (36.328 sec/epoch), lr: 0.003258
Evaluating on dev set...
...........................
source: 	 mrr: 0.038528	 ndcg_5: 0.0285	 ndcg_10: 0.0394	 hit@1:0.010862	 hit@5:0.0471	 hit@10: 0.0811
target: 	 mrr: 0.055099	 ndcg_5: 0.0460	 ndcg_10: 0.0581	 hit@1:0.022300	 hit@5:0.0690	 hit@10: 0.1073
epoch 18: train_loss = 1.002873, source_hit@10 = 0.0811, source_ndcg@10 = 0.0394, target_hit@10 = 0.1073, target_ndcg@10 = 0.0581

2024-08-02 11:23:58.571133: step 5776/24320 (epoch 19/80), loss = 0.999057 (36.510 sec/epoch), lr: 0.003258
Evaluating on dev set...
...........................
source: 	 mrr: 0.034133	 ndcg_5: 0.0203	 ndcg_10: 0.0318	 hit@1:0.006517	 hit@5:0.0333	 hit@10: 0.0695
target: 	 mrr: 0.046740	 ndcg_5: 0.0370	 ndcg_10: 0.0503	 hit@1:0.018118	 hit@5:0.0564	 hit@10: 0.0976
epoch 19: train_loss = 0.999057, source_hit@10 = 0.0695, source_ndcg@10 = 0.0318, target_hit@10 = 0.0976, target_ndcg@10 = 0.0503

2024-08-02 11:24:35.816190: step 6080/24320 (epoch 20/80), loss = 0.995399 (36.934 sec/epoch), lr: 0.003095
Evaluating on dev set...
...........................
source: 	 mrr: 0.037189	 ndcg_5: 0.0263	 ndcg_10: 0.0365	 hit@1:0.012310	 hit@5:0.0406	 hit@10: 0.0724
target: 	 mrr: 0.053928	 ndcg_5: 0.0455	 ndcg_10: 0.0570	 hit@1:0.020209	 hit@5:0.0704	 hit@10: 0.1059
epoch 20: train_loss = 0.995399, source_hit@10 = 0.0724, source_ndcg@10 = 0.0365, target_hit@10 = 0.1059, target_ndcg@10 = 0.0570

2024-08-02 11:25:12.723179: step 6384/24320 (epoch 21/80), loss = 0.993387 (36.610 sec/epoch), lr: 0.003095
Evaluating on dev set...
...........................
source: 	 mrr: 0.031945	 ndcg_5: 0.0206	 ndcg_10: 0.0309	 hit@1:0.007241	 hit@5:0.0340	 hit@10: 0.0659
target: 	 mrr: 0.052012	 ndcg_5: 0.0420	 ndcg_10: 0.0533	 hit@1:0.019512	 hit@5:0.0627	 hit@10: 0.0983
epoch 21: train_loss = 0.993387, source_hit@10 = 0.0659, source_ndcg@10 = 0.0309, target_hit@10 = 0.0983, target_ndcg@10 = 0.0533

2024-08-02 11:25:49.344626: step 6688/24320 (epoch 22/80), loss = 0.990284 (36.268 sec/epoch), lr: 0.002940
Evaluating on dev set...
...........................
source: 	 mrr: 0.041672	 ndcg_5: 0.0313	 ndcg_10: 0.0425	 hit@1:0.012310	 hit@5:0.0514	 hit@10: 0.0862
target: 	 mrr: 0.055087	 ndcg_5: 0.0458	 ndcg_10: 0.0612	 hit@1:0.021603	 hit@5:0.0718	 hit@10: 0.1192
source best!
.............
source: 	 mrr: 0.041194	 ndcg_5: 0.0305	 ndcg_10: 0.0406	 hit@1:0.010736	 hit@5:0.0514	 hit@10: 0.0828
epoch 22: train_loss = 0.990284, source_hit@10 = 0.0828, source_ndcg@10 = 0.0406, target_hit@10 = 0.1192, target_ndcg@10 = 0.0612

2024-08-02 11:26:26.237744: step 6992/24320 (epoch 23/80), loss = 0.989399 (36.480 sec/epoch), lr: 0.002940
Evaluating on dev set...
...........................
source: 	 mrr: 0.033454	 ndcg_5: 0.0239	 ndcg_10: 0.0321	 hit@1:0.012310	 hit@5:0.0369	 hit@10: 0.0623
target: 	 mrr: 0.046719	 ndcg_5: 0.0370	 ndcg_10: 0.0521	 hit@1:0.013937	 hit@5:0.0606	 hit@10: 0.1073
epoch 23: train_loss = 0.989399, source_hit@10 = 0.0623, source_ndcg@10 = 0.0321, target_hit@10 = 0.1073, target_ndcg@10 = 0.0521

2024-08-02 11:27:03.009936: step 7296/24320 (epoch 24/80), loss = 0.984495 (36.456 sec/epoch), lr: 0.002793
Evaluating on dev set...
...........................
source: 	 mrr: 0.036608	 ndcg_5: 0.0244	 ndcg_10: 0.0347	 hit@1:0.008689	 hit@5:0.0398	 hit@10: 0.0717
target: 	 mrr: 0.054424	 ndcg_5: 0.0487	 ndcg_10: 0.0595	 hit@1:0.019512	 hit@5:0.0760	 hit@10: 0.1094
epoch 24: train_loss = 0.984495, source_hit@10 = 0.0717, source_ndcg@10 = 0.0347, target_hit@10 = 0.1094, target_ndcg@10 = 0.0595

2024-08-02 11:27:40.067140: step 7600/24320 (epoch 25/80), loss = 0.982977 (36.737 sec/epoch), lr: 0.002793
Evaluating on dev set...
...........................
source: 	 mrr: 0.028223	 ndcg_5: 0.0193	 ndcg_10: 0.0290	 hit@1:0.006517	 hit@5:0.0333	 hit@10: 0.0637
target: 	 mrr: 0.051222	 ndcg_5: 0.0425	 ndcg_10: 0.0552	 hit@1:0.018118	 hit@5:0.0676	 hit@10: 0.1073
epoch 25: train_loss = 0.982977, source_hit@10 = 0.0637, source_ndcg@10 = 0.0290, target_hit@10 = 0.1073, target_ndcg@10 = 0.0552

2024-08-02 11:28:16.851206: step 7904/24320 (epoch 26/80), loss = 0.978859 (36.486 sec/epoch), lr: 0.002654
Evaluating on dev set...
...........................
source: 	 mrr: 0.042138	 ndcg_5: 0.0291	 ndcg_10: 0.0399	 hit@1:0.013758	 hit@5:0.0427	 hit@10: 0.0760
target: 	 mrr: 0.045073	 ndcg_5: 0.0349	 ndcg_10: 0.0506	 hit@1:0.012544	 hit@5:0.0571	 hit@10: 0.1066
source best!
.............
source: 	 mrr: 0.042315	 ndcg_5: 0.0305	 ndcg_10: 0.0458	 hit@1:0.011503	 hit@5:0.0506	 hit@10: 0.0982
epoch 26: train_loss = 0.978859, source_hit@10 = 0.0982, source_ndcg@10 = 0.0458, target_hit@10 = 0.1066, target_ndcg@10 = 0.0506

2024-08-02 11:28:53.598201: step 8208/24320 (epoch 27/80), loss = 0.980254 (36.344 sec/epoch), lr: 0.002654
Evaluating on dev set...
...........................
source: 	 mrr: 0.041103	 ndcg_5: 0.0303	 ndcg_10: 0.0428	 hit@1:0.009413	 hit@5:0.0500	 hit@10: 0.0891
target: 	 mrr: 0.051832	 ndcg_5: 0.0416	 ndcg_10: 0.0558	 hit@1:0.017422	 hit@5:0.0655	 hit@10: 0.1101
epoch 27: train_loss = 0.980254, source_hit@10 = 0.0891, source_ndcg@10 = 0.0428, target_hit@10 = 0.1101, target_ndcg@10 = 0.0558

2024-08-02 11:29:30.728743: step 8512/24320 (epoch 28/80), loss = 0.976487 (36.835 sec/epoch), lr: 0.002654
Evaluating on dev set...
...........................
source: 	 mrr: 0.036484	 ndcg_5: 0.0241	 ndcg_10: 0.0336	 hit@1:0.010862	 hit@5:0.0384	 hit@10: 0.0681
target: 	 mrr: 0.051103	 ndcg_5: 0.0406	 ndcg_10: 0.0542	 hit@1:0.020209	 hit@5:0.0613	 hit@10: 0.1031
epoch 28: train_loss = 0.976487, source_hit@10 = 0.0681, source_ndcg@10 = 0.0336, target_hit@10 = 0.1031, target_ndcg@10 = 0.0542

2024-08-02 11:30:07.949900: step 8816/24320 (epoch 29/80), loss = 0.974602 (36.913 sec/epoch), lr: 0.002521
Evaluating on dev set...
...........................
source: 	 mrr: 0.040600	 ndcg_5: 0.0299	 ndcg_10: 0.0410	 hit@1:0.010862	 hit@5:0.0492	 hit@10: 0.0847
target: 	 mrr: 0.050593	 ndcg_5: 0.0390	 ndcg_10: 0.0553	 hit@1:0.016725	 hit@5:0.0613	 hit@10: 0.1122
epoch 29: train_loss = 0.974602, source_hit@10 = 0.0847, source_ndcg@10 = 0.0410, target_hit@10 = 0.1122, target_ndcg@10 = 0.0553

2024-08-02 11:30:44.763566: step 9120/24320 (epoch 30/80), loss = 0.974723 (36.520 sec/epoch), lr: 0.002521
Evaluating on dev set...
...........................
source: 	 mrr: 0.035672	 ndcg_5: 0.0250	 ndcg_10: 0.0331	 hit@1:0.010862	 hit@5:0.0398	 hit@10: 0.0652
target: 	 mrr: 0.048267	 ndcg_5: 0.0388	 ndcg_10: 0.0521	 hit@1:0.011847	 hit@5:0.0634	 hit@10: 0.1052
epoch 30: train_loss = 0.974723, source_hit@10 = 0.0652, source_ndcg@10 = 0.0331, target_hit@10 = 0.1052, target_ndcg@10 = 0.0521

2024-08-02 11:31:20.109046: step 9424/24320 (epoch 31/80), loss = 0.972083 (35.035 sec/epoch), lr: 0.002395
Evaluating on dev set...
...........................
source: 	 mrr: 0.037727	 ndcg_5: 0.0269	 ndcg_10: 0.0378	 hit@1:0.009413	 hit@5:0.0442	 hit@10: 0.0775
target: 	 mrr: 0.041173	 ndcg_5: 0.0309	 ndcg_10: 0.0450	 hit@1:0.010453	 hit@5:0.0516	 hit@10: 0.0948
epoch 31: train_loss = 0.972083, source_hit@10 = 0.0775, source_ndcg@10 = 0.0378, target_hit@10 = 0.0948, target_ndcg@10 = 0.0450

2024-08-02 11:31:55.875694: step 9728/24320 (epoch 32/80), loss = 0.970026 (35.473 sec/epoch), lr: 0.002275
Evaluating on dev set...
...........................
source: 	 mrr: 0.039282	 ndcg_5: 0.0272	 ndcg_10: 0.0393	 hit@1:0.010138	 hit@5:0.0434	 hit@10: 0.0811
target: 	 mrr: 0.050693	 ndcg_5: 0.0410	 ndcg_10: 0.0556	 hit@1:0.015331	 hit@5:0.0655	 hit@10: 0.1108
epoch 32: train_loss = 0.970026, source_hit@10 = 0.0811, source_ndcg@10 = 0.0393, target_hit@10 = 0.1108, target_ndcg@10 = 0.0556

2024-08-02 11:32:32.655110: step 10032/24320 (epoch 33/80), loss = 0.968016 (36.486 sec/epoch), lr: 0.002275
Evaluating on dev set...
...........................
source: 	 mrr: 0.029917	 ndcg_5: 0.0218	 ndcg_10: 0.0269	 hit@1:0.007965	 hit@5:0.0369	 hit@10: 0.0529
target: 	 mrr: 0.050569	 ndcg_5: 0.0431	 ndcg_10: 0.0562	 hit@1:0.016725	 hit@5:0.0704	 hit@10: 0.1108
epoch 33: train_loss = 0.968016, source_hit@10 = 0.0529, source_ndcg@10 = 0.0269, target_hit@10 = 0.1108, target_ndcg@10 = 0.0562

2024-08-02 11:33:09.461301: step 10336/24320 (epoch 34/80), loss = 0.964699 (36.508 sec/epoch), lr: 0.002161
Evaluating on dev set...
...........................
source: 	 mrr: 0.033480	 ndcg_5: 0.0215	 ndcg_10: 0.0326	 hit@1:0.007241	 hit@5:0.0384	 hit@10: 0.0724
target: 	 mrr: 0.054044	 ndcg_5: 0.0433	 ndcg_10: 0.0615	 hit@1:0.018815	 hit@5:0.0683	 hit@10: 0.1254
epoch 34: train_loss = 0.964699, source_hit@10 = 0.0724, source_ndcg@10 = 0.0326, target_hit@10 = 0.1254, target_ndcg@10 = 0.0615

2024-08-02 11:33:46.560568: step 10640/24320 (epoch 35/80), loss = 0.962578 (36.806 sec/epoch), lr: 0.002161
Evaluating on dev set...
...........................
source: 	 mrr: 0.035538	 ndcg_5: 0.0254	 ndcg_10: 0.0346	 hit@1:0.010862	 hit@5:0.0413	 hit@10: 0.0702
target: 	 mrr: 0.057743	 ndcg_5: 0.0470	 ndcg_10: 0.0627	 hit@1:0.021603	 hit@5:0.0704	 hit@10: 0.1192
target best!
..............target: 	 mrr: 0.059939	 ndcg_5: 0.0513	 ndcg_10: 0.0679	 hit@1:0.019890	 hit@5:0.0816	 hit@10: 0.1331
epoch 35: train_loss = 0.962578, source_hit@10 = 0.0702, source_ndcg@10 = 0.0346, target_hit@10 = 0.1331, target_ndcg@10 = 0.0679

2024-08-02 11:34:24.055811: step 10944/24320 (epoch 36/80), loss = 0.963966 (37.056 sec/epoch), lr: 0.002161
Evaluating on dev set...
...........................
source: 	 mrr: 0.034265	 ndcg_5: 0.0234	 ndcg_10: 0.0330	 hit@1:0.007241	 hit@5:0.0413	 hit@10: 0.0710
target: 	 mrr: 0.050888	 ndcg_5: 0.0399	 ndcg_10: 0.0547	 hit@1:0.017422	 hit@5:0.0613	 hit@10: 0.1066
epoch 36: train_loss = 0.963966, source_hit@10 = 0.0710, source_ndcg@10 = 0.0330, target_hit@10 = 0.1066, target_ndcg@10 = 0.0547

2024-08-02 11:35:00.461676: step 11248/24320 (epoch 37/80), loss = 0.960571 (36.112 sec/epoch), lr: 0.002053
Evaluating on dev set...
...........................
source: 	 mrr: 0.035336	 ndcg_5: 0.0273	 ndcg_10: 0.0339	 hit@1:0.009413	 hit@5:0.0471	 hit@10: 0.0673
target: 	 mrr: 0.050547	 ndcg_5: 0.0413	 ndcg_10: 0.0562	 hit@1:0.017422	 hit@5:0.0655	 hit@10: 0.1122
epoch 37: train_loss = 0.960571, source_hit@10 = 0.0673, source_ndcg@10 = 0.0339, target_hit@10 = 0.1122, target_ndcg@10 = 0.0562

2024-08-02 11:35:37.181760: step 11552/24320 (epoch 38/80), loss = 0.958429 (36.411 sec/epoch), lr: 0.002053
Evaluating on dev set...
...........................
source: 	 mrr: 0.039385	 ndcg_5: 0.0271	 ndcg_10: 0.0386	 hit@1:0.011586	 hit@5:0.0434	 hit@10: 0.0789
target: 	 mrr: 0.046759	 ndcg_5: 0.0370	 ndcg_10: 0.0487	 hit@1:0.017422	 hit@5:0.0592	 hit@10: 0.0955
epoch 38: train_loss = 0.958429, source_hit@10 = 0.0789, source_ndcg@10 = 0.0386, target_hit@10 = 0.0955, target_ndcg@10 = 0.0487

2024-08-02 11:36:13.456035: step 11856/24320 (epoch 39/80), loss = 0.958030 (35.971 sec/epoch), lr: 0.002053
Evaluating on dev set...
...........................
source: 	 mrr: 0.036309	 ndcg_5: 0.0239	 ndcg_10: 0.0370	 hit@1:0.007241	 hit@5:0.0406	 hit@10: 0.0811
target: 	 mrr: 0.051575	 ndcg_5: 0.0451	 ndcg_10: 0.0568	 hit@1:0.018815	 hit@5:0.0725	 hit@10: 0.1087
epoch 39: train_loss = 0.958030, source_hit@10 = 0.0811, source_ndcg@10 = 0.0370, target_hit@10 = 0.1087, target_ndcg@10 = 0.0568

2024-08-02 11:36:50.395685: step 12160/24320 (epoch 40/80), loss = 0.959403 (36.641 sec/epoch), lr: 0.002053
Evaluating on dev set...
...........................
source: 	 mrr: 0.037354	 ndcg_5: 0.0228	 ndcg_10: 0.0346	 hit@1:0.011586	 hit@5:0.0340	 hit@10: 0.0702
target: 	 mrr: 0.049957	 ndcg_5: 0.0388	 ndcg_10: 0.0545	 hit@1:0.019512	 hit@5:0.0585	 hit@10: 0.1066
epoch 40: train_loss = 0.959403, source_hit@10 = 0.0702, source_ndcg@10 = 0.0346, target_hit@10 = 0.1066, target_ndcg@10 = 0.0545

2024-08-02 11:37:26.873349: step 12464/24320 (epoch 41/80), loss = 0.956324 (36.180 sec/epoch), lr: 0.001951
Evaluating on dev set...
...........................
source: 	 mrr: 0.038861	 ndcg_5: 0.0265	 ndcg_10: 0.0392	 hit@1:0.010138	 hit@5:0.0434	 hit@10: 0.0825
target: 	 mrr: 0.050309	 ndcg_5: 0.0412	 ndcg_10: 0.0561	 hit@1:0.013937	 hit@5:0.0697	 hit@10: 0.1164
epoch 41: train_loss = 0.956324, source_hit@10 = 0.0825, source_ndcg@10 = 0.0392, target_hit@10 = 0.1164, target_ndcg@10 = 0.0561

2024-08-02 11:38:03.803645: step 12768/24320 (epoch 42/80), loss = 0.956079 (36.632 sec/epoch), lr: 0.001951
Evaluating on dev set...
...........................
source: 	 mrr: 0.034700	 ndcg_5: 0.0252	 ndcg_10: 0.0364	 hit@1:0.006517	 hit@5:0.0449	 hit@10: 0.0797
target: 	 mrr: 0.049152	 ndcg_5: 0.0396	 ndcg_10: 0.0541	 hit@1:0.013937	 hit@5:0.0648	 hit@10: 0.1101
epoch 42: train_loss = 0.956079, source_hit@10 = 0.0797, source_ndcg@10 = 0.0364, target_hit@10 = 0.1101, target_ndcg@10 = 0.0541

2024-08-02 11:38:40.571939: step 13072/24320 (epoch 43/80), loss = 0.952106 (36.476 sec/epoch), lr: 0.001853
Evaluating on dev set...
...........................
source: 	 mrr: 0.042759	 ndcg_5: 0.0301	 ndcg_10: 0.0417	 hit@1:0.015206	 hit@5:0.0456	 hit@10: 0.0811
target: 	 mrr: 0.054106	 ndcg_5: 0.0443	 ndcg_10: 0.0596	 hit@1:0.021603	 hit@5:0.0683	 hit@10: 0.1157
source best!
.............
source: 	 mrr: 0.040967	 ndcg_5: 0.0260	 ndcg_10: 0.0419	 hit@1:0.013037	 hit@5:0.0391	 hit@10: 0.0882
epoch 43: train_loss = 0.952106, source_hit@10 = 0.0882, source_ndcg@10 = 0.0419, target_hit@10 = 0.1157, target_ndcg@10 = 0.0596

2024-08-02 11:39:17.519398: step 13376/24320 (epoch 44/80), loss = 0.952571 (36.480 sec/epoch), lr: 0.001853
Evaluating on dev set...
...........................
source: 	 mrr: 0.037017	 ndcg_5: 0.0292	 ndcg_10: 0.0366	 hit@1:0.009413	 hit@5:0.0514	 hit@10: 0.0746
target: 	 mrr: 0.055624	 ndcg_5: 0.0473	 ndcg_10: 0.0612	 hit@1:0.020209	 hit@5:0.0746	 hit@10: 0.1178
epoch 44: train_loss = 0.952571, source_hit@10 = 0.0746, source_ndcg@10 = 0.0366, target_hit@10 = 0.1178, target_ndcg@10 = 0.0612

2024-08-02 11:39:54.413240: step 13680/24320 (epoch 45/80), loss = 0.949350 (36.598 sec/epoch), lr: 0.001761
Evaluating on dev set...
...........................
source: 	 mrr: 0.038164	 ndcg_5: 0.0258	 ndcg_10: 0.0395	 hit@1:0.007965	 hit@5:0.0449	 hit@10: 0.0869
target: 	 mrr: 0.054137	 ndcg_5: 0.0466	 ndcg_10: 0.0580	 hit@1:0.019512	 hit@5:0.0725	 hit@10: 0.1073
epoch 45: train_loss = 0.949350, source_hit@10 = 0.0869, source_ndcg@10 = 0.0395, target_hit@10 = 0.1073, target_ndcg@10 = 0.0580

2024-08-02 11:40:30.969834: step 13984/24320 (epoch 46/80), loss = 0.946821 (36.263 sec/epoch), lr: 0.001672
Evaluating on dev set...
...........................
source: 	 mrr: 0.039906	 ndcg_5: 0.0265	 ndcg_10: 0.0406	 hit@1:0.010138	 hit@5:0.0434	 hit@10: 0.0869
target: 	 mrr: 0.057382	 ndcg_5: 0.0495	 ndcg_10: 0.0627	 hit@1:0.024390	 hit@5:0.0760	 hit@10: 0.1178
epoch 46: train_loss = 0.946821, source_hit@10 = 0.0869, source_ndcg@10 = 0.0406, target_hit@10 = 0.1178, target_ndcg@10 = 0.0627

2024-08-02 11:41:07.679913: step 14288/24320 (epoch 47/80), loss = 0.946504 (36.417 sec/epoch), lr: 0.001672
Evaluating on dev set...
...........................
source: 	 mrr: 0.036442	 ndcg_5: 0.0232	 ndcg_10: 0.0368	 hit@1:0.007241	 hit@5:0.0377	 hit@10: 0.0804
target: 	 mrr: 0.044735	 ndcg_5: 0.0338	 ndcg_10: 0.0456	 hit@1:0.014634	 hit@5:0.0544	 hit@10: 0.0913
epoch 47: train_loss = 0.946504, source_hit@10 = 0.0804, source_ndcg@10 = 0.0368, target_hit@10 = 0.0913, target_ndcg@10 = 0.0456

2024-08-02 11:41:45.063125: step 14592/24320 (epoch 48/80), loss = 0.944489 (37.089 sec/epoch), lr: 0.001589
Evaluating on dev set...
...........................
source: 	 mrr: 0.037411	 ndcg_5: 0.0267	 ndcg_10: 0.0378	 hit@1:0.009413	 hit@5:0.0463	 hit@10: 0.0811
target: 	 mrr: 0.059133	 ndcg_5: 0.0507	 ndcg_10: 0.0626	 hit@1:0.026481	 hit@5:0.0746	 hit@10: 0.1115
target best!
..............target: 	 mrr: 0.061106	 ndcg_5: 0.0536	 ndcg_10: 0.0678	 hit@1:0.023320	 hit@5:0.0823	 hit@10: 0.1262
epoch 48: train_loss = 0.944489, source_hit@10 = 0.0811, source_ndcg@10 = 0.0378, target_hit@10 = 0.1262, target_ndcg@10 = 0.0678

2024-08-02 11:42:22.105859: step 14896/24320 (epoch 49/80), loss = 0.941995 (36.620 sec/epoch), lr: 0.001589
Evaluating on dev set...
...........................
source: 	 mrr: 0.036719	 ndcg_5: 0.0241	 ndcg_10: 0.0363	 hit@1:0.008689	 hit@5:0.0398	 hit@10: 0.0775
target: 	 mrr: 0.049962	 ndcg_5: 0.0419	 ndcg_10: 0.0529	 hit@1:0.017422	 hit@5:0.0669	 hit@10: 0.1010
epoch 49: train_loss = 0.941995, source_hit@10 = 0.0775, source_ndcg@10 = 0.0363, target_hit@10 = 0.1010, target_ndcg@10 = 0.0529

2024-08-02 11:42:58.662548: step 15200/24320 (epoch 50/80), loss = 0.940551 (36.264 sec/epoch), lr: 0.001509
Evaluating on dev set...
...........................
source: 	 mrr: 0.027775	 ndcg_5: 0.0161	 ndcg_10: 0.0264	 hit@1:0.006517	 hit@5:0.0261	 hit@10: 0.0587
target: 	 mrr: 0.051471	 ndcg_5: 0.0422	 ndcg_10: 0.0565	 hit@1:0.016725	 hit@5:0.0676	 hit@10: 0.1122
epoch 50: train_loss = 0.940551, source_hit@10 = 0.0587, source_ndcg@10 = 0.0264, target_hit@10 = 0.1122, target_ndcg@10 = 0.0565
shift to transfer learning mode

2024-08-02 11:43:36.197054: step 15504/24320 (epoch 51/80), loss = 0.937572 (37.241 sec/epoch), lr: 0.001434
Evaluating on dev set...
...........................
source: 	 mrr: 0.037374	 ndcg_5: 0.0256	 ndcg_10: 0.0350	 hit@1:0.010862	 hit@5:0.0413	 hit@10: 0.0710
target: 	 mrr: 0.049699	 ndcg_5: 0.0414	 ndcg_10: 0.0548	 hit@1:0.018118	 hit@5:0.0655	 hit@10: 0.1080
epoch 51: train_loss = 0.937572, source_hit@10 = 0.0710, source_ndcg@10 = 0.0350, target_hit@10 = 0.1080, target_ndcg@10 = 0.0548

2024-08-02 11:44:13.193998: step 15808/24320 (epoch 52/80), loss = 0.937276 (36.704 sec/epoch), lr: 0.001434
Evaluating on dev set...
...........................
source: 	 mrr: 0.038440	 ndcg_5: 0.0298	 ndcg_10: 0.0396	 hit@1:0.009413	 hit@5:0.0507	 hit@10: 0.0811
target: 	 mrr: 0.055197	 ndcg_5: 0.0450	 ndcg_10: 0.0596	 hit@1:0.020906	 hit@5:0.0704	 hit@10: 0.1157
epoch 52: train_loss = 0.937276, source_hit@10 = 0.0811, source_ndcg@10 = 0.0396, target_hit@10 = 0.1157, target_ndcg@10 = 0.0596

2024-08-02 11:44:51.033931: step 16112/24320 (epoch 53/80), loss = 0.935862 (37.542 sec/epoch), lr: 0.001434
Evaluating on dev set...
...........................
source: 	 mrr: 0.042712	 ndcg_5: 0.0339	 ndcg_10: 0.0455	 hit@1:0.010138	 hit@5:0.0579	 hit@10: 0.0941
target: 	 mrr: 0.057188	 ndcg_5: 0.0486	 ndcg_10: 0.0634	 hit@1:0.022300	 hit@5:0.0753	 hit@10: 0.1213
epoch 53: train_loss = 0.935862, source_hit@10 = 0.0941, source_ndcg@10 = 0.0455, target_hit@10 = 0.1213, target_ndcg@10 = 0.0634

2024-08-02 11:45:28.636313: step 16416/24320 (epoch 54/80), loss = 0.932398 (37.306 sec/epoch), lr: 0.001434
Evaluating on dev set...
...........................
source: 	 mrr: 0.039622	 ndcg_5: 0.0273	 ndcg_10: 0.0385	 hit@1:0.013758	 hit@5:0.0413	 hit@10: 0.0760
target: 	 mrr: 0.057041	 ndcg_5: 0.0476	 ndcg_10: 0.0645	 hit@1:0.020906	 hit@5:0.0739	 hit@10: 0.1254
epoch 54: train_loss = 0.932398, source_hit@10 = 0.0760, source_ndcg@10 = 0.0385, target_hit@10 = 0.1254, target_ndcg@10 = 0.0645

2024-08-02 11:46:05.998840: step 16720/24320 (epoch 55/80), loss = 0.931138 (37.068 sec/epoch), lr: 0.001362
Evaluating on dev set...
...........................
source: 	 mrr: 0.041098	 ndcg_5: 0.0310	 ndcg_10: 0.0411	 hit@1:0.009413	 hit@5:0.0536	 hit@10: 0.0847
target: 	 mrr: 0.050051	 ndcg_5: 0.0425	 ndcg_10: 0.0546	 hit@1:0.015331	 hit@5:0.0690	 hit@10: 0.1066
epoch 55: train_loss = 0.931138, source_hit@10 = 0.0847, source_ndcg@10 = 0.0411, target_hit@10 = 0.1066, target_ndcg@10 = 0.0546

2024-08-02 11:46:42.751690: step 17024/24320 (epoch 56/80), loss = 0.927831 (36.457 sec/epoch), lr: 0.001294
Evaluating on dev set...
...........................
source: 	 mrr: 0.036903	 ndcg_5: 0.0235	 ndcg_10: 0.0363	 hit@1:0.009413	 hit@5:0.0384	 hit@10: 0.0782
target: 	 mrr: 0.053048	 ndcg_5: 0.0456	 ndcg_10: 0.0600	 hit@1:0.020209	 hit@5:0.0725	 hit@10: 0.1171
epoch 56: train_loss = 0.927831, source_hit@10 = 0.0782, source_ndcg@10 = 0.0363, target_hit@10 = 0.1171, target_ndcg@10 = 0.0600

2024-08-02 11:47:20.555444: step 17328/24320 (epoch 57/80), loss = 0.924107 (37.511 sec/epoch), lr: 0.001229
Evaluating on dev set...
...........................
source: 	 mrr: 0.046669	 ndcg_5: 0.0329	 ndcg_10: 0.0480	 hit@1:0.016655	 hit@5:0.0492	 hit@10: 0.0970
target: 	 mrr: 0.054612	 ndcg_5: 0.0469	 ndcg_10: 0.0608	 hit@1:0.018118	 hit@5:0.0753	 hit@10: 0.1185
source best!
.............
source: 	 mrr: 0.050172	 ndcg_5: 0.0377	 ndcg_10: 0.0512	 hit@1:0.019172	 hit@5:0.0567	 hit@10: 0.0989
epoch 57: train_loss = 0.924107, source_hit@10 = 0.0989, source_ndcg@10 = 0.0512, target_hit@10 = 0.1185, target_ndcg@10 = 0.0608

2024-08-02 11:47:58.195393: step 17632/24320 (epoch 58/80), loss = 0.922899 (37.232 sec/epoch), lr: 0.001229
Evaluating on dev set...
...........................
source: 	 mrr: 0.041807	 ndcg_5: 0.0304	 ndcg_10: 0.0424	 hit@1:0.013034	 hit@5:0.0478	 hit@10: 0.0854
target: 	 mrr: 0.052490	 ndcg_5: 0.0428	 ndcg_10: 0.0592	 hit@1:0.021603	 hit@5:0.0648	 hit@10: 0.1164
epoch 58: train_loss = 0.922899, source_hit@10 = 0.0854, source_ndcg@10 = 0.0424, target_hit@10 = 0.1164, target_ndcg@10 = 0.0592

2024-08-02 11:48:36.818444: step 17936/24320 (epoch 59/80), loss = 0.920862 (38.327 sec/epoch), lr: 0.001168
Evaluating on dev set...
...........................
source: 	 mrr: 0.033304	 ndcg_5: 0.0244	 ndcg_10: 0.0340	 hit@1:0.007241	 hit@5:0.0427	 hit@10: 0.0724
target: 	 mrr: 0.055958	 ndcg_5: 0.0475	 ndcg_10: 0.0627	 hit@1:0.020906	 hit@5:0.0746	 hit@10: 0.1220
epoch 59: train_loss = 0.920862, source_hit@10 = 0.0724, source_ndcg@10 = 0.0340, target_hit@10 = 0.1220, target_ndcg@10 = 0.0627

2024-08-02 11:49:14.019590: step 18240/24320 (epoch 60/80), loss = 0.917838 (36.897 sec/epoch), lr: 0.001110
Evaluating on dev set...
...........................
source: 	 mrr: 0.047400	 ndcg_5: 0.0392	 ndcg_10: 0.0491	 hit@1:0.015206	 hit@5:0.0630	 hit@10: 0.0941
target: 	 mrr: 0.063510	 ndcg_5: 0.0557	 ndcg_10: 0.0705	 hit@1:0.026481	 hit@5:0.0843	 hit@10: 0.1303
source best!
.............
source: 	 mrr: 0.041667	 ndcg_5: 0.0325	 ndcg_10: 0.0440	 hit@1:0.013037	 hit@5:0.0544	 hit@10: 0.0905
target best!
..............target: 	 mrr: 0.057143	 ndcg_5: 0.0477	 ndcg_10: 0.0649	 hit@1:0.018519	 hit@5:0.0761	 hit@10: 0.1296
epoch 60: train_loss = 0.917838, source_hit@10 = 0.0905, source_ndcg@10 = 0.0440, target_hit@10 = 0.1296, target_ndcg@10 = 0.0649
new best model saved.

2024-08-02 11:49:51.716115: step 18544/24320 (epoch 61/80), loss = 0.914039 (37.037 sec/epoch), lr: 0.001110
Evaluating on dev set...
...........................
source: 	 mrr: 0.045466	 ndcg_5: 0.0333	 ndcg_10: 0.0437	 hit@1:0.015206	 hit@5:0.0500	 hit@10: 0.0825
target: 	 mrr: 0.057445	 ndcg_5: 0.0492	 ndcg_10: 0.0620	 hit@1:0.020209	 hit@5:0.0753	 hit@10: 0.1150
epoch 61: train_loss = 0.914039, source_hit@10 = 0.0825, source_ndcg@10 = 0.0437, target_hit@10 = 0.1150, target_ndcg@10 = 0.0620

2024-08-02 11:50:29.052854: step 18848/24320 (epoch 62/80), loss = 0.912143 (37.042 sec/epoch), lr: 0.001054
Evaluating on dev set...
...........................
source: 	 mrr: 0.043022	 ndcg_5: 0.0310	 ndcg_10: 0.0424	 hit@1:0.013758	 hit@5:0.0471	 hit@10: 0.0825
target: 	 mrr: 0.053170	 ndcg_5: 0.0416	 ndcg_10: 0.0581	 hit@1:0.020209	 hit@5:0.0634	 hit@10: 0.1143
epoch 62: train_loss = 0.912143, source_hit@10 = 0.0825, source_ndcg@10 = 0.0424, target_hit@10 = 0.1143, target_ndcg@10 = 0.0581

2024-08-02 11:51:06.498327: step 19152/24320 (epoch 63/80), loss = 0.908539 (37.153 sec/epoch), lr: 0.001001
Evaluating on dev set...
...........................
source: 	 mrr: 0.039605	 ndcg_5: 0.0274	 ndcg_10: 0.0369	 hit@1:0.012310	 hit@5:0.0413	 hit@10: 0.0710
target: 	 mrr: 0.055999	 ndcg_5: 0.0481	 ndcg_10: 0.0624	 hit@1:0.020906	 hit@5:0.0760	 hit@10: 0.1206
epoch 63: train_loss = 0.908539, source_hit@10 = 0.0710, source_ndcg@10 = 0.0369, target_hit@10 = 0.1206, target_ndcg@10 = 0.0624

2024-08-02 11:51:43.823511: step 19456/24320 (epoch 64/80), loss = 0.906747 (36.995 sec/epoch), lr: 0.000951
Evaluating on dev set...
...........................
source: 	 mrr: 0.037150	 ndcg_5: 0.0261	 ndcg_10: 0.0360	 hit@1:0.011586	 hit@5:0.0413	 hit@10: 0.0724
target: 	 mrr: 0.050380	 ndcg_5: 0.0425	 ndcg_10: 0.0547	 hit@1:0.018118	 hit@5:0.0683	 hit@10: 0.1066
epoch 64: train_loss = 0.906747, source_hit@10 = 0.0724, source_ndcg@10 = 0.0360, target_hit@10 = 0.1066, target_ndcg@10 = 0.0547

2024-08-02 11:52:20.927974: step 19760/24320 (epoch 65/80), loss = 0.906674 (36.811 sec/epoch), lr: 0.000904
Evaluating on dev set...
...........................
source: 	 mrr: 0.037334	 ndcg_5: 0.0250	 ndcg_10: 0.0353	 hit@1:0.010138	 hit@5:0.0391	 hit@10: 0.0717
target: 	 mrr: 0.050221	 ndcg_5: 0.0400	 ndcg_10: 0.0544	 hit@1:0.019512	 hit@5:0.0606	 hit@10: 0.1052
epoch 65: train_loss = 0.906674, source_hit@10 = 0.0717, source_ndcg@10 = 0.0353, target_hit@10 = 0.1052, target_ndcg@10 = 0.0544

2024-08-02 11:52:58.087292: step 20064/24320 (epoch 66/80), loss = 0.900370 (36.866 sec/epoch), lr: 0.000904
Evaluating on dev set...
...........................
source: 	 mrr: 0.038637	 ndcg_5: 0.0293	 ndcg_10: 0.0378	 hit@1:0.010862	 hit@5:0.0492	 hit@10: 0.0760
target: 	 mrr: 0.049514	 ndcg_5: 0.0406	 ndcg_10: 0.0534	 hit@1:0.016028	 hit@5:0.0634	 hit@10: 0.1038
epoch 66: train_loss = 0.900370, source_hit@10 = 0.0760, source_ndcg@10 = 0.0378, target_hit@10 = 0.1038, target_ndcg@10 = 0.0534

2024-08-02 11:53:35.840692: step 20368/24320 (epoch 67/80), loss = 0.900303 (37.457 sec/epoch), lr: 0.000904
Evaluating on dev set...
...........................
source: 	 mrr: 0.040652	 ndcg_5: 0.0276	 ndcg_10: 0.0413	 hit@1:0.010862	 hit@5:0.0434	 hit@10: 0.0862
target: 	 mrr: 0.054315	 ndcg_5: 0.0459	 ndcg_10: 0.0595	 hit@1:0.021603	 hit@5:0.0711	 hit@10: 0.1136
epoch 67: train_loss = 0.900303, source_hit@10 = 0.0862, source_ndcg@10 = 0.0413, target_hit@10 = 0.1136, target_ndcg@10 = 0.0595

2024-08-02 11:54:13.234984: step 20672/24320 (epoch 68/80), loss = 0.898851 (37.102 sec/epoch), lr: 0.000904
Evaluating on dev set...
...........................
source: 	 mrr: 0.045729	 ndcg_5: 0.0360	 ndcg_10: 0.0462	 hit@1:0.015930	 hit@5:0.0550	 hit@10: 0.0869
target: 	 mrr: 0.049131	 ndcg_5: 0.0380	 ndcg_10: 0.0533	 hit@1:0.016725	 hit@5:0.0599	 hit@10: 0.1073
epoch 68: train_loss = 0.898851, source_hit@10 = 0.0869, source_ndcg@10 = 0.0462, target_hit@10 = 0.1073, target_ndcg@10 = 0.0533

2024-08-02 11:54:50.290751: step 20976/24320 (epoch 69/80), loss = 0.894428 (36.760 sec/epoch), lr: 0.000859
Evaluating on dev set...
...........................
source: 	 mrr: 0.041281	 ndcg_5: 0.0296	 ndcg_10: 0.0419	 hit@1:0.013034	 hit@5:0.0463	 hit@10: 0.0847
target: 	 mrr: 0.053738	 ndcg_5: 0.0463	 ndcg_10: 0.0587	 hit@1:0.020209	 hit@5:0.0732	 hit@10: 0.1115
epoch 69: train_loss = 0.894428, source_hit@10 = 0.0847, source_ndcg@10 = 0.0419, target_hit@10 = 0.1115, target_ndcg@10 = 0.0587

2024-08-02 11:55:27.040605: step 21280/24320 (epoch 70/80), loss = 0.895326 (36.456 sec/epoch), lr: 0.000859
Evaluating on dev set...
...........................
source: 	 mrr: 0.042124	 ndcg_5: 0.0302	 ndcg_10: 0.0390	 hit@1:0.016655	 hit@5:0.0449	 hit@10: 0.0724
target: 	 mrr: 0.045999	 ndcg_5: 0.0364	 ndcg_10: 0.0515	 hit@1:0.013937	 hit@5:0.0613	 hit@10: 0.1080
epoch 70: train_loss = 0.895326, source_hit@10 = 0.0724, source_ndcg@10 = 0.0390, target_hit@10 = 0.1080, target_ndcg@10 = 0.0515

2024-08-02 11:56:04.402944: step 21584/24320 (epoch 71/80), loss = 0.892251 (37.054 sec/epoch), lr: 0.000816
Evaluating on dev set...
...........................
source: 	 mrr: 0.043379	 ndcg_5: 0.0301	 ndcg_10: 0.0448	 hit@1:0.015930	 hit@5:0.0442	 hit@10: 0.0905
target: 	 mrr: 0.051745	 ndcg_5: 0.0431	 ndcg_10: 0.0555	 hit@1:0.017422	 hit@5:0.0676	 hit@10: 0.1066
epoch 71: train_loss = 0.892251, source_hit@10 = 0.0905, source_ndcg@10 = 0.0448, target_hit@10 = 0.1066, target_ndcg@10 = 0.0555

2024-08-02 11:56:41.807734: step 21888/24320 (epoch 72/80), loss = 0.889256 (37.111 sec/epoch), lr: 0.000816
Evaluating on dev set...
...........................
source: 	 mrr: 0.042027	 ndcg_5: 0.0327	 ndcg_10: 0.0440	 hit@1:0.011586	 hit@5:0.0543	 hit@10: 0.0905
target: 	 mrr: 0.049530	 ndcg_5: 0.0398	 ndcg_10: 0.0548	 hit@1:0.015331	 hit@5:0.0641	 hit@10: 0.1108
epoch 72: train_loss = 0.889256, source_hit@10 = 0.0905, source_ndcg@10 = 0.0440, target_hit@10 = 0.1108, target_ndcg@10 = 0.0548

2024-08-02 11:57:18.840721: step 22192/24320 (epoch 73/80), loss = 0.888365 (36.738 sec/epoch), lr: 0.000775
Evaluating on dev set...
...........................
source: 	 mrr: 0.044237	 ndcg_5: 0.0348	 ndcg_10: 0.0461	 hit@1:0.015930	 hit@5:0.0550	 hit@10: 0.0905
target: 	 mrr: 0.053987	 ndcg_5: 0.0455	 ndcg_10: 0.0611	 hit@1:0.018118	 hit@5:0.0739	 hit@10: 0.1220
epoch 73: train_loss = 0.888365, source_hit@10 = 0.0905, source_ndcg@10 = 0.0461, target_hit@10 = 0.1220, target_ndcg@10 = 0.0611

2024-08-02 11:57:55.780154: step 22496/24320 (epoch 74/80), loss = 0.887214 (36.646 sec/epoch), lr: 0.000775
Evaluating on dev set...
...........................
source: 	 mrr: 0.043346	 ndcg_5: 0.0328	 ndcg_10: 0.0424	 hit@1:0.015930	 hit@5:0.0478	 hit@10: 0.0775
target: 	 mrr: 0.055921	 ndcg_5: 0.0479	 ndcg_10: 0.0612	 hit@1:0.022300	 hit@5:0.0725	 hit@10: 0.1150
epoch 74: train_loss = 0.887214, source_hit@10 = 0.0775, source_ndcg@10 = 0.0424, target_hit@10 = 0.1150, target_ndcg@10 = 0.0612

2024-08-02 11:58:33.512443: step 22800/24320 (epoch 75/80), loss = 0.885146 (37.425 sec/epoch), lr: 0.000775
Evaluating on dev set...
...........................
source: 	 mrr: 0.046570	 ndcg_5: 0.0374	 ndcg_10: 0.0472	 hit@1:0.017379	 hit@5:0.0572	 hit@10: 0.0876
target: 	 mrr: 0.050548	 ndcg_5: 0.0416	 ndcg_10: 0.0524	 hit@1:0.020906	 hit@5:0.0634	 hit@10: 0.0969
epoch 75: train_loss = 0.885146, source_hit@10 = 0.0876, source_ndcg@10 = 0.0472, target_hit@10 = 0.0969, target_ndcg@10 = 0.0524

2024-08-02 11:59:10.847608: step 23104/24320 (epoch 76/80), loss = 0.884354 (37.041 sec/epoch), lr: 0.000736
Evaluating on dev set...
...........................
source: 	 mrr: 0.041251	 ndcg_5: 0.0292	 ndcg_10: 0.0409	 hit@1:0.014482	 hit@5:0.0449	 hit@10: 0.0811
target: 	 mrr: 0.051580	 ndcg_5: 0.0428	 ndcg_10: 0.0548	 hit@1:0.021603	 hit@5:0.0641	 hit@10: 0.1017
epoch 76: train_loss = 0.884354, source_hit@10 = 0.0811, source_ndcg@10 = 0.0409, target_hit@10 = 0.1017, target_ndcg@10 = 0.0548

2024-08-02 11:59:48.340507: step 23408/24320 (epoch 77/80), loss = 0.881359 (37.197 sec/epoch), lr: 0.000699
Evaluating on dev set...
...........................
source: 	 mrr: 0.034941	 ndcg_5: 0.0240	 ndcg_10: 0.0353	 hit@1:0.009413	 hit@5:0.0377	 hit@10: 0.0724
target: 	 mrr: 0.052913	 ndcg_5: 0.0435	 ndcg_10: 0.0572	 hit@1:0.021603	 hit@5:0.0662	 hit@10: 0.1094
epoch 77: train_loss = 0.881359, source_hit@10 = 0.0724, source_ndcg@10 = 0.0353, target_hit@10 = 0.1094, target_ndcg@10 = 0.0572

2024-08-02 12:00:25.864050: step 23712/24320 (epoch 78/80), loss = 0.879176 (37.230 sec/epoch), lr: 0.000664
Evaluating on dev set...
...........................
source: 	 mrr: 0.043176	 ndcg_5: 0.0316	 ndcg_10: 0.0418	 hit@1:0.015930	 hit@5:0.0471	 hit@10: 0.0797
target: 	 mrr: 0.055873	 ndcg_5: 0.0458	 ndcg_10: 0.0609	 hit@1:0.026481	 hit@5:0.0669	 hit@10: 0.1143
epoch 78: train_loss = 0.879176, source_hit@10 = 0.0797, source_ndcg@10 = 0.0418, target_hit@10 = 0.1143, target_ndcg@10 = 0.0609

2024-08-02 12:01:02.638906: step 24016/24320 (epoch 79/80), loss = 0.879980 (36.480 sec/epoch), lr: 0.000664
Evaluating on dev set...
...........................
source: 	 mrr: 0.033816	 ndcg_5: 0.0226	 ndcg_10: 0.0331	 hit@1:0.009413	 hit@5:0.0362	 hit@10: 0.0695
target: 	 mrr: 0.055108	 ndcg_5: 0.0470	 ndcg_10: 0.0596	 hit@1:0.019512	 hit@5:0.0732	 hit@10: 0.1122
epoch 79: train_loss = 0.879980, source_hit@10 = 0.0695, source_ndcg@10 = 0.0331, target_hit@10 = 0.1122, target_ndcg@10 = 0.0596

2024-08-02 12:01:39.373977: step 24320/24320 (epoch 80/80), loss = 0.880457 (36.441 sec/epoch), lr: 0.000631
Evaluating on dev set...
...........................
source: 	 mrr: 0.040407	 ndcg_5: 0.0302	 ndcg_10: 0.0394	 hit@1:0.012310	 hit@5:0.0471	 hit@10: 0.0760
target: 	 mrr: 0.050983	 ndcg_5: 0.0433	 ndcg_10: 0.0555	 hit@1:0.019512	 hit@5:0.0690	 hit@10: 0.1066
epoch 80: train_loss = 0.880457, source_hit@10 = 0.0760, source_ndcg@10 = 0.0394, target_hit@10 = 0.1066, target_ndcg@10 = 0.0555

