nohup: ignoring input
using gpu:0 to train the model
using gpu:0 to train the model
cuda:0
Namespace(A_split=False, JK='sum', a_fold=100, aggregate=False, alpha=0.5, batch_size=1024, beta_inter=0.4, conv_layers=4, cuda=True, decay_epoch=10, device=device(type='cuda', index=0), device_id='0', domains='game_video', dropout=0.5, epoch=80, feature_dim=126, hidden_dim=126, inter_tau=0.2, intra_tau=1, lambda_critic=0.4, leakey=0.01, load=False, log='logs.txt', log_epoch=1, lr=0.004, lr_decay=0.95, min_epoch=50, mode='train', model_file=None, model_name='gv', momentum=0.98, num_latent_factors=3, num_negative=200, optim='adam', patience=50, proj_layers=1, projection=1, residual=1, save=True, save_dir='./saved_models', seed=32, similarity_tau=0.1, test_sample_number=999, transfer_epoch=50, user_batch_size=256, weight_decay=0.0002)
number_user 25025
number_item 12319
/home/hourun/invariantCDR_v2/invariantCDR/utils/GraphMaker.py:46: RuntimeWarning: divide by zero encountered in power
  r_inv = np.power(rowsum, -1).flatten()
real graph loaded!
number_user 19457
number_item 8751
real graph loaded!
graph loaded!
Loading data from game_video with batch size 1024...
unseen test: 0
test length: 1381
unseen test: 0
test length: 1304
unseen test: 0
test length: 1435
unseen test: 0
test length: 1458
source_user_num 25025
target_user_num 19457
source_item_num 12319
target_item_num 8751
shared users id: 1737
test users 226, 217
unseen test: 0
dev length: 1000
unseen test: 0
dev length: 1000
source train data : 155036, target train data: 156091, source test data : 1304, target test data : 1458, source dev data : 1000, target dev data : 1000
2024-08-01 18:23:29.523178: step 304/24320 (epoch 1/80), loss = 1.394308 (34.299 sec/epoch), lr: 0.004000
Evaluating on dev set...
...........................
source: 	 mrr: 0.030124	 ndcg_5: 0.0182	 ndcg_10: 0.0286	 hit@1:0.006517	 hit@5:0.0304	 hit@10: 0.0630
target: 	 mrr: 0.026848	 ndcg_5: 0.0176	 ndcg_10: 0.0256	 hit@1:0.005575	 hit@5:0.0286	 hit@10: 0.0537
source best!
.............
source: 	 mrr: 0.034059	 ndcg_5: 0.0229	 ndcg_10: 0.0330	 hit@1:0.009202	 hit@5:0.0360	 hit@10: 0.0675
target best!
..............target: 	 mrr: 0.029235	 ndcg_5: 0.0205	 ndcg_10: 0.0290	 hit@1:0.006859	 hit@5:0.0336	 hit@10: 0.0604
epoch 1: train_loss = 1.394308, source_hit@10 = 0.0675, source_ndcg@10 = 0.0330, target_hit@10 = 0.0604, target_ndcg@10 = 0.0290

2024-08-01 18:24:03.586635: step 608/24320 (epoch 2/80), loss = 1.217894 (33.530 sec/epoch), lr: 0.004000
Evaluating on dev set...
...........................
source: 	 mrr: 0.030550	 ndcg_5: 0.0211	 ndcg_10: 0.0293	 hit@1:0.005793	 hit@5:0.0377	 hit@10: 0.0637
target: 	 mrr: 0.024557	 ndcg_5: 0.0147	 ndcg_10: 0.0205	 hit@1:0.009059	 hit@5:0.0209	 hit@10: 0.0390
source best!
.............
source: 	 mrr: 0.032636	 ndcg_5: 0.0227	 ndcg_10: 0.0299	 hit@1:0.006902	 hit@5:0.0383	 hit@10: 0.0606
epoch 2: train_loss = 1.217894, source_hit@10 = 0.0606, source_ndcg@10 = 0.0299, target_hit@10 = 0.0390, target_ndcg@10 = 0.0205

2024-08-01 18:24:37.496029: step 912/24320 (epoch 3/80), loss = 1.198504 (33.509 sec/epoch), lr: 0.004000
Evaluating on dev set...
...........................
source: 	 mrr: 0.035821	 ndcg_5: 0.0253	 ndcg_10: 0.0356	 hit@1:0.009413	 hit@5:0.0413	 hit@10: 0.0739
target: 	 mrr: 0.038719	 ndcg_5: 0.0309	 ndcg_10: 0.0409	 hit@1:0.012544	 hit@5:0.0502	 hit@10: 0.0815
source best!
.............
source: 	 mrr: 0.038509	 ndcg_5: 0.0286	 ndcg_10: 0.0394	 hit@1:0.010736	 hit@5:0.0468	 hit@10: 0.0805
target best!
..............target: 	 mrr: 0.041555	 ndcg_5: 0.0337	 ndcg_10: 0.0403	 hit@1:0.017147	 hit@5:0.0508	 hit@10: 0.0713
epoch 3: train_loss = 1.198504, source_hit@10 = 0.0805, source_ndcg@10 = 0.0394, target_hit@10 = 0.0713, target_ndcg@10 = 0.0403
new best model saved.

2024-08-01 18:25:12.172227: step 1216/24320 (epoch 4/80), loss = 1.180822 (34.059 sec/epoch), lr: 0.004000
Evaluating on dev set...
...........................
source: 	 mrr: 0.027380	 ndcg_5: 0.0163	 ndcg_10: 0.0276	 hit@1:0.002896	 hit@5:0.0311	 hit@10: 0.0666
target: 	 mrr: 0.044846	 ndcg_5: 0.0368	 ndcg_10: 0.0462	 hit@1:0.016725	 hit@5:0.0571	 hit@10: 0.0857
target best!
..............target: 	 mrr: 0.047203	 ndcg_5: 0.0391	 ndcg_10: 0.0491	 hit@1:0.017147	 hit@5:0.0590	 hit@10: 0.0892
epoch 4: train_loss = 1.180822, source_hit@10 = 0.0666, source_ndcg@10 = 0.0276, target_hit@10 = 0.0892, target_ndcg@10 = 0.0491

2024-08-01 18:25:46.466084: step 1520/24320 (epoch 5/80), loss = 1.165261 (33.871 sec/epoch), lr: 0.004000
Evaluating on dev set...
...........................
source: 	 mrr: 0.038009	 ndcg_5: 0.0272	 ndcg_10: 0.0367	 hit@1:0.011586	 hit@5:0.0427	 hit@10: 0.0724
target: 	 mrr: 0.045724	 ndcg_5: 0.0355	 ndcg_10: 0.0481	 hit@1:0.016028	 hit@5:0.0544	 hit@10: 0.0934
source best!
.............
source: 	 mrr: 0.032928	 ndcg_5: 0.0230	 ndcg_10: 0.0346	 hit@1:0.006135	 hit@5:0.0406	 hit@10: 0.0775
target best!
..............target: 	 mrr: 0.046297	 ndcg_5: 0.0384	 ndcg_10: 0.0508	 hit@1:0.014403	 hit@5:0.0638	 hit@10: 0.1022
epoch 5: train_loss = 1.165261, source_hit@10 = 0.0775, source_ndcg@10 = 0.0346, target_hit@10 = 0.1022, target_ndcg@10 = 0.0508
new best model saved.

2024-08-01 18:26:20.773953: step 1824/24320 (epoch 6/80), loss = 1.157562 (33.681 sec/epoch), lr: 0.004000
Evaluating on dev set...
...........................
source: 	 mrr: 0.035032	 ndcg_5: 0.0237	 ndcg_10: 0.0355	 hit@1:0.009413	 hit@5:0.0384	 hit@10: 0.0753
target: 	 mrr: 0.049238	 ndcg_5: 0.0400	 ndcg_10: 0.0532	 hit@1:0.020906	 hit@5:0.0599	 hit@10: 0.1010
target best!
..............target: 	 mrr: 0.047637	 ndcg_5: 0.0391	 ndcg_10: 0.0486	 hit@1:0.017147	 hit@5:0.0590	 hit@10: 0.0885
epoch 6: train_loss = 1.157562, source_hit@10 = 0.0753, source_ndcg@10 = 0.0355, target_hit@10 = 0.0885, target_ndcg@10 = 0.0486
new best model saved.

2024-08-01 18:26:54.753054: step 2128/24320 (epoch 7/80), loss = 1.152843 (33.464 sec/epoch), lr: 0.004000
Evaluating on dev set...
...........................
source: 	 mrr: 0.031734	 ndcg_5: 0.0239	 ndcg_10: 0.0316	 hit@1:0.008689	 hit@5:0.0413	 hit@10: 0.0652
target: 	 mrr: 0.048304	 ndcg_5: 0.0401	 ndcg_10: 0.0553	 hit@1:0.013937	 hit@5:0.0655	 hit@10: 0.1129
epoch 7: train_loss = 1.152843, source_hit@10 = 0.0652, source_ndcg@10 = 0.0316, target_hit@10 = 0.1129, target_ndcg@10 = 0.0553

2024-08-01 18:27:28.648947: step 2432/24320 (epoch 8/80), loss = 1.148628 (33.603 sec/epoch), lr: 0.004000
Evaluating on dev set...
...........................
source: 	 mrr: 0.032812	 ndcg_5: 0.0211	 ndcg_10: 0.0322	 hit@1:0.005793	 hit@5:0.0340	 hit@10: 0.0688
target: 	 mrr: 0.045718	 ndcg_5: 0.0370	 ndcg_10: 0.0514	 hit@1:0.012544	 hit@5:0.0606	 hit@10: 0.1052
epoch 8: train_loss = 1.148628, source_hit@10 = 0.0688, source_ndcg@10 = 0.0322, target_hit@10 = 0.1052, target_ndcg@10 = 0.0514

2024-08-01 18:28:02.789819: step 2736/24320 (epoch 9/80), loss = 1.140799 (33.852 sec/epoch), lr: 0.004000
Evaluating on dev set...
...........................
source: 	 mrr: 0.032046	 ndcg_5: 0.0208	 ndcg_10: 0.0327	 hit@1:0.009413	 hit@5:0.0319	 hit@10: 0.0688
target: 	 mrr: 0.045407	 ndcg_5: 0.0338	 ndcg_10: 0.0479	 hit@1:0.017422	 hit@5:0.0509	 hit@10: 0.0948
epoch 9: train_loss = 1.140799, source_hit@10 = 0.0688, source_ndcg@10 = 0.0327, target_hit@10 = 0.0948, target_ndcg@10 = 0.0479

2024-08-01 18:28:36.543737: step 3040/24320 (epoch 10/80), loss = 1.127449 (33.464 sec/epoch), lr: 0.004000
Evaluating on dev set...
...........................
source: 	 mrr: 0.036246	 ndcg_5: 0.0260	 ndcg_10: 0.0351	 hit@1:0.010138	 hit@5:0.0427	 hit@10: 0.0717
target: 	 mrr: 0.047153	 ndcg_5: 0.0403	 ndcg_10: 0.0524	 hit@1:0.013937	 hit@5:0.0676	 hit@10: 0.1052
epoch 10: train_loss = 1.127449, source_hit@10 = 0.0717, source_ndcg@10 = 0.0351, target_hit@10 = 0.1052, target_ndcg@10 = 0.0524

2024-08-01 18:29:10.381667: step 3344/24320 (epoch 11/80), loss = 1.124604 (33.547 sec/epoch), lr: 0.004000
Evaluating on dev set...
...........................
source: 	 mrr: 0.035719	 ndcg_5: 0.0240	 ndcg_10: 0.0357	 hit@1:0.010138	 hit@5:0.0377	 hit@10: 0.0746
target: 	 mrr: 0.045299	 ndcg_5: 0.0350	 ndcg_10: 0.0485	 hit@1:0.013937	 hit@5:0.0537	 hit@10: 0.0955
epoch 11: train_loss = 1.124604, source_hit@10 = 0.0746, source_ndcg@10 = 0.0357, target_hit@10 = 0.0955, target_ndcg@10 = 0.0485

2024-08-01 18:29:44.178161: step 3648/24320 (epoch 12/80), loss = 1.116625 (33.508 sec/epoch), lr: 0.003800
Evaluating on dev set...
...........................
source: 	 mrr: 0.038360	 ndcg_5: 0.0268	 ndcg_10: 0.0364	 hit@1:0.015930	 hit@5:0.0391	 hit@10: 0.0688
target: 	 mrr: 0.049290	 ndcg_5: 0.0429	 ndcg_10: 0.0529	 hit@1:0.016028	 hit@5:0.0704	 hit@10: 0.1010
source best!
.............
source: 	 mrr: 0.036834	 ndcg_5: 0.0276	 ndcg_10: 0.0365	 hit@1:0.011503	 hit@5:0.0445	 hit@10: 0.0729
target best!
..............target: 	 mrr: 0.049432	 ndcg_5: 0.0413	 ndcg_10: 0.0552	 hit@1:0.016461	 hit@5:0.0679	 hit@10: 0.1111
epoch 12: train_loss = 1.116625, source_hit@10 = 0.0729, source_ndcg@10 = 0.0365, target_hit@10 = 0.1111, target_ndcg@10 = 0.0552
new best model saved.

2024-08-01 18:30:18.605527: step 3952/24320 (epoch 13/80), loss = 1.115654 (33.807 sec/epoch), lr: 0.003800
Evaluating on dev set...
...........................
source: 	 mrr: 0.036142	 ndcg_5: 0.0257	 ndcg_10: 0.0354	 hit@1:0.010862	 hit@5:0.0413	 hit@10: 0.0710
target: 	 mrr: 0.052693	 ndcg_5: 0.0446	 ndcg_10: 0.0564	 hit@1:0.022300	 hit@5:0.0690	 hit@10: 0.1052
target best!
..............target: 	 mrr: 0.055618	 ndcg_5: 0.0479	 ndcg_10: 0.0614	 hit@1:0.020576	 hit@5:0.0748	 hit@10: 0.1173
epoch 13: train_loss = 1.115654, source_hit@10 = 0.0710, source_ndcg@10 = 0.0354, target_hit@10 = 0.1173, target_ndcg@10 = 0.0614
new best model saved.

2024-08-01 18:30:52.634442: step 4256/24320 (epoch 14/80), loss = 1.114223 (33.507 sec/epoch), lr: 0.003800
Evaluating on dev set...
...........................
source: 	 mrr: 0.035207	 ndcg_5: 0.0246	 ndcg_10: 0.0334	 hit@1:0.010862	 hit@5:0.0391	 hit@10: 0.0666
target: 	 mrr: 0.057524	 ndcg_5: 0.0497	 ndcg_10: 0.0619	 hit@1:0.025087	 hit@5:0.0725	 hit@10: 0.1101
target best!
..............target: 	 mrr: 0.053945	 ndcg_5: 0.0464	 ndcg_10: 0.0588	 hit@1:0.019204	 hit@5:0.0720	 hit@10: 0.1104
epoch 14: train_loss = 1.114223, source_hit@10 = 0.0666, source_ndcg@10 = 0.0334, target_hit@10 = 0.1104, target_ndcg@10 = 0.0588
new best model saved.

2024-08-01 18:31:27.331568: step 4560/24320 (epoch 15/80), loss = 1.106618 (34.183 sec/epoch), lr: 0.003800
Evaluating on dev set...
...........................
source: 	 mrr: 0.034304	 ndcg_5: 0.0233	 ndcg_10: 0.0336	 hit@1:0.007965	 hit@5:0.0391	 hit@10: 0.0717
target: 	 mrr: 0.054635	 ndcg_5: 0.0478	 ndcg_10: 0.0596	 hit@1:0.021603	 hit@5:0.0725	 hit@10: 0.1094
epoch 15: train_loss = 1.106618, source_hit@10 = 0.0717, source_ndcg@10 = 0.0336, target_hit@10 = 0.1094, target_ndcg@10 = 0.0596

2024-08-01 18:32:01.137104: step 4864/24320 (epoch 16/80), loss = 1.095591 (33.517 sec/epoch), lr: 0.003610
Evaluating on dev set...
...........................
source: 	 mrr: 0.036723	 ndcg_5: 0.0241	 ndcg_10: 0.0350	 hit@1:0.010138	 hit@5:0.0391	 hit@10: 0.0739
target: 	 mrr: 0.052389	 ndcg_5: 0.0446	 ndcg_10: 0.0559	 hit@1:0.022300	 hit@5:0.0683	 hit@10: 0.1031
epoch 16: train_loss = 1.095591, source_hit@10 = 0.0739, source_ndcg@10 = 0.0350, target_hit@10 = 0.1031, target_ndcg@10 = 0.0559

2024-08-01 18:32:34.924667: step 5168/24320 (epoch 17/80), loss = 1.091356 (33.496 sec/epoch), lr: 0.003610
Evaluating on dev set...
...........................
source: 	 mrr: 0.034592	 ndcg_5: 0.0230	 ndcg_10: 0.0318	 hit@1:0.011586	 hit@5:0.0355	 hit@10: 0.0630
target: 	 mrr: 0.052340	 ndcg_5: 0.0435	 ndcg_10: 0.0567	 hit@1:0.019512	 hit@5:0.0662	 hit@10: 0.1080
epoch 17: train_loss = 1.091356, source_hit@10 = 0.0630, source_ndcg@10 = 0.0318, target_hit@10 = 0.1080, target_ndcg@10 = 0.0567

2024-08-01 18:33:08.892903: step 5472/24320 (epoch 18/80), loss = 1.084552 (33.678 sec/epoch), lr: 0.003429
Evaluating on dev set...
...........................
source: 	 mrr: 0.039516	 ndcg_5: 0.0301	 ndcg_10: 0.0404	 hit@1:0.012310	 hit@5:0.0492	 hit@10: 0.0811
target: 	 mrr: 0.052309	 ndcg_5: 0.0450	 ndcg_10: 0.0531	 hit@1:0.022300	 hit@5:0.0676	 hit@10: 0.0934
source best!
.............
source: 	 mrr: 0.037113	 ndcg_5: 0.0260	 ndcg_10: 0.0391	 hit@1:0.009202	 hit@5:0.0429	 hit@10: 0.0836
epoch 18: train_loss = 1.084552, source_hit@10 = 0.0836, source_ndcg@10 = 0.0391, target_hit@10 = 0.0934, target_ndcg@10 = 0.0531

2024-08-01 18:33:43.047220: step 5776/24320 (epoch 19/80), loss = 1.076235 (33.755 sec/epoch), lr: 0.003429
Evaluating on dev set...
...........................
source: 	 mrr: 0.033798	 ndcg_5: 0.0234	 ndcg_10: 0.0316	 hit@1:0.007965	 hit@5:0.0406	 hit@10: 0.0666
target: 	 mrr: 0.051622	 ndcg_5: 0.0452	 ndcg_10: 0.0577	 hit@1:0.018118	 hit@5:0.0711	 hit@10: 0.1094
epoch 19: train_loss = 1.076235, source_hit@10 = 0.0666, source_ndcg@10 = 0.0316, target_hit@10 = 0.1094, target_ndcg@10 = 0.0577

2024-08-01 18:34:18.071487: step 6080/24320 (epoch 20/80), loss = 1.072489 (34.729 sec/epoch), lr: 0.003258
Evaluating on dev set...
...........................
source: 	 mrr: 0.024260	 ndcg_5: 0.0144	 ndcg_10: 0.0219	 hit@1:0.005069	 hit@5:0.0232	 hit@10: 0.0463
target: 	 mrr: 0.055124	 ndcg_5: 0.0488	 ndcg_10: 0.0588	 hit@1:0.022300	 hit@5:0.0746	 hit@10: 0.1059
epoch 20: train_loss = 1.072489, source_hit@10 = 0.0463, source_ndcg@10 = 0.0219, target_hit@10 = 0.1059, target_ndcg@10 = 0.0588

2024-08-01 18:34:52.244220: step 6384/24320 (epoch 21/80), loss = 1.067844 (33.882 sec/epoch), lr: 0.003095
Evaluating on dev set...
...........................
source: 	 mrr: 0.035158	 ndcg_5: 0.0241	 ndcg_10: 0.0324	 hit@1:0.010862	 hit@5:0.0384	 hit@10: 0.0644
target: 	 mrr: 0.048007	 ndcg_5: 0.0415	 ndcg_10: 0.0537	 hit@1:0.013937	 hit@5:0.0690	 hit@10: 0.1066
epoch 21: train_loss = 1.067844, source_hit@10 = 0.0644, source_ndcg@10 = 0.0324, target_hit@10 = 0.1066, target_ndcg@10 = 0.0537

2024-08-01 18:35:26.307275: step 6688/24320 (epoch 22/80), loss = 1.066585 (33.773 sec/epoch), lr: 0.003095
Evaluating on dev set...
...........................
source: 	 mrr: 0.036869	 ndcg_5: 0.0269	 ndcg_10: 0.0369	 hit@1:0.010138	 hit@5:0.0434	 hit@10: 0.0753
target: 	 mrr: 0.048872	 ndcg_5: 0.0423	 ndcg_10: 0.0533	 hit@1:0.013937	 hit@5:0.0690	 hit@10: 0.1031
epoch 22: train_loss = 1.066585, source_hit@10 = 0.0753, source_ndcg@10 = 0.0369, target_hit@10 = 0.1031, target_ndcg@10 = 0.0533

2024-08-01 18:36:00.630744: step 6992/24320 (epoch 23/80), loss = 1.064547 (34.026 sec/epoch), lr: 0.003095
Evaluating on dev set...
...........................
source: 	 mrr: 0.037918	 ndcg_5: 0.0265	 ndcg_10: 0.0390	 hit@1:0.010862	 hit@5:0.0434	 hit@10: 0.0825
target: 	 mrr: 0.046702	 ndcg_5: 0.0396	 ndcg_10: 0.0521	 hit@1:0.011150	 hit@5:0.0669	 hit@10: 0.1052
epoch 23: train_loss = 1.064547, source_hit@10 = 0.0825, source_ndcg@10 = 0.0390, target_hit@10 = 0.1052, target_ndcg@10 = 0.0521

2024-08-01 18:36:34.814364: step 7296/24320 (epoch 24/80), loss = 1.061894 (33.895 sec/epoch), lr: 0.002940
Evaluating on dev set...
...........................
source: 	 mrr: 0.033651	 ndcg_5: 0.0248	 ndcg_10: 0.0331	 hit@1:0.006517	 hit@5:0.0442	 hit@10: 0.0702
target: 	 mrr: 0.048568	 ndcg_5: 0.0410	 ndcg_10: 0.0538	 hit@1:0.015331	 hit@5:0.0669	 hit@10: 0.1059
epoch 24: train_loss = 1.061894, source_hit@10 = 0.0702, source_ndcg@10 = 0.0331, target_hit@10 = 0.1059, target_ndcg@10 = 0.0538

2024-08-01 18:37:08.706888: step 7600/24320 (epoch 25/80), loss = 1.057946 (33.602 sec/epoch), lr: 0.002793
Evaluating on dev set...
...........................
source: 	 mrr: 0.038489	 ndcg_5: 0.0287	 ndcg_10: 0.0393	 hit@1:0.010138	 hit@5:0.0478	 hit@10: 0.0804
target: 	 mrr: 0.045260	 ndcg_5: 0.0375	 ndcg_10: 0.0507	 hit@1:0.013240	 hit@5:0.0627	 hit@10: 0.1038
epoch 25: train_loss = 1.057946, source_hit@10 = 0.0804, source_ndcg@10 = 0.0393, target_hit@10 = 0.1038, target_ndcg@10 = 0.0507

2024-08-01 18:37:43.109617: step 7904/24320 (epoch 26/80), loss = 1.056455 (34.113 sec/epoch), lr: 0.002793
Evaluating on dev set...
...........................
source: 	 mrr: 0.040395	 ndcg_5: 0.0283	 ndcg_10: 0.0390	 hit@1:0.013034	 hit@5:0.0449	 hit@10: 0.0782
target: 	 mrr: 0.051892	 ndcg_5: 0.0464	 ndcg_10: 0.0575	 hit@1:0.017422	 hit@5:0.0753	 hit@10: 0.1101
source best!
.............
source: 	 mrr: 0.037632	 ndcg_5: 0.0296	 ndcg_10: 0.0370	 hit@1:0.007669	 hit@5:0.0514	 hit@10: 0.0752
epoch 26: train_loss = 1.056455, source_hit@10 = 0.0752, source_ndcg@10 = 0.0370, target_hit@10 = 0.1101, target_ndcg@10 = 0.0575

2024-08-01 18:38:17.222025: step 8208/24320 (epoch 27/80), loss = 1.058024 (33.706 sec/epoch), lr: 0.002793
Evaluating on dev set...
...........................
source: 	 mrr: 0.041070	 ndcg_5: 0.0304	 ndcg_10: 0.0409	 hit@1:0.015206	 hit@5:0.0456	 hit@10: 0.0782
target: 	 mrr: 0.050439	 ndcg_5: 0.0432	 ndcg_10: 0.0571	 hit@1:0.016725	 hit@5:0.0697	 hit@10: 0.1129
source best!
.............
source: 	 mrr: 0.035476	 ndcg_5: 0.0242	 ndcg_10: 0.0330	 hit@1:0.009969	 hit@5:0.0376	 hit@10: 0.0652
epoch 27: train_loss = 1.058024, source_hit@10 = 0.0652, source_ndcg@10 = 0.0330, target_hit@10 = 0.1129, target_ndcg@10 = 0.0571

2024-08-01 18:38:51.193531: step 8512/24320 (epoch 28/80), loss = 1.050989 (33.573 sec/epoch), lr: 0.002654
Evaluating on dev set...
...........................
source: 	 mrr: 0.036294	 ndcg_5: 0.0261	 ndcg_10: 0.0361	 hit@1:0.010862	 hit@5:0.0420	 hit@10: 0.0731
target: 	 mrr: 0.046404	 ndcg_5: 0.0404	 ndcg_10: 0.0506	 hit@1:0.012544	 hit@5:0.0676	 hit@10: 0.0997
epoch 28: train_loss = 1.050989, source_hit@10 = 0.0731, source_ndcg@10 = 0.0361, target_hit@10 = 0.0997, target_ndcg@10 = 0.0506

2024-08-01 18:39:24.979780: step 8816/24320 (epoch 29/80), loss = 1.050383 (33.497 sec/epoch), lr: 0.002521
Evaluating on dev set...
...........................
source: 	 mrr: 0.040154	 ndcg_5: 0.0284	 ndcg_10: 0.0386	 hit@1:0.012310	 hit@5:0.0442	 hit@10: 0.0760
target: 	 mrr: 0.043890	 ndcg_5: 0.0340	 ndcg_10: 0.0487	 hit@1:0.011150	 hit@5:0.0585	 hit@10: 0.1038
epoch 29: train_loss = 1.050383, source_hit@10 = 0.0760, source_ndcg@10 = 0.0386, target_hit@10 = 0.1038, target_ndcg@10 = 0.0487

2024-08-01 18:39:58.836962: step 9120/24320 (epoch 30/80), loss = 1.048091 (33.566 sec/epoch), lr: 0.002521
Evaluating on dev set...
...........................
source: 	 mrr: 0.039083	 ndcg_5: 0.0273	 ndcg_10: 0.0392	 hit@1:0.010138	 hit@5:0.0442	 hit@10: 0.0811
target: 	 mrr: 0.042651	 ndcg_5: 0.0325	 ndcg_10: 0.0454	 hit@1:0.014634	 hit@5:0.0502	 hit@10: 0.0913
epoch 30: train_loss = 1.048091, source_hit@10 = 0.0811, source_ndcg@10 = 0.0392, target_hit@10 = 0.0913, target_ndcg@10 = 0.0454

2024-08-01 18:40:32.777294: step 9424/24320 (epoch 31/80), loss = 1.044644 (33.650 sec/epoch), lr: 0.002395
Evaluating on dev set...
...........................
source: 	 mrr: 0.041739	 ndcg_5: 0.0310	 ndcg_10: 0.0430	 hit@1:0.012310	 hit@5:0.0485	 hit@10: 0.0862
target: 	 mrr: 0.042553	 ndcg_5: 0.0331	 ndcg_10: 0.0460	 hit@1:0.010453	 hit@5:0.0571	 hit@10: 0.0976
source best!
.............
source: 	 mrr: 0.041902	 ndcg_5: 0.0316	 ndcg_10: 0.0424	 hit@1:0.014571	 hit@5:0.0506	 hit@10: 0.0844
epoch 31: train_loss = 1.044644, source_hit@10 = 0.0844, source_ndcg@10 = 0.0424, target_hit@10 = 0.0976, target_ndcg@10 = 0.0460

2024-08-01 18:41:07.356396: step 9728/24320 (epoch 32/80), loss = 1.044112 (34.180 sec/epoch), lr: 0.002395
Evaluating on dev set...
...........................
source: 	 mrr: 0.036101	 ndcg_5: 0.0246	 ndcg_10: 0.0397	 hit@1:0.007241	 hit@5:0.0434	 hit@10: 0.0905
target: 	 mrr: 0.041201	 ndcg_5: 0.0315	 ndcg_10: 0.0450	 hit@1:0.011150	 hit@5:0.0537	 hit@10: 0.0962
epoch 32: train_loss = 1.044112, source_hit@10 = 0.0905, source_ndcg@10 = 0.0397, target_hit@10 = 0.0962, target_ndcg@10 = 0.0450

2024-08-01 18:41:41.569814: step 10032/24320 (epoch 33/80), loss = 1.040250 (33.923 sec/epoch), lr: 0.002275
Evaluating on dev set...
...........................
source: 	 mrr: 0.036079	 ndcg_5: 0.0240	 ndcg_10: 0.0349	 hit@1:0.007241	 hit@5:0.0413	 hit@10: 0.0753
target: 	 mrr: 0.046788	 ndcg_5: 0.0389	 ndcg_10: 0.0515	 hit@1:0.012544	 hit@5:0.0648	 hit@10: 0.1038
epoch 33: train_loss = 1.040250, source_hit@10 = 0.0753, source_ndcg@10 = 0.0349, target_hit@10 = 0.1038, target_ndcg@10 = 0.0515

2024-08-01 18:42:16.073992: step 10336/24320 (epoch 34/80), loss = 1.036294 (34.213 sec/epoch), lr: 0.002275
Evaluating on dev set...
...........................
source: 	 mrr: 0.038281	 ndcg_5: 0.0254	 ndcg_10: 0.0346	 hit@1:0.013034	 hit@5:0.0377	 hit@10: 0.0659
target: 	 mrr: 0.047136	 ndcg_5: 0.0395	 ndcg_10: 0.0545	 hit@1:0.012544	 hit@5:0.0669	 hit@10: 0.1136
epoch 34: train_loss = 1.036294, source_hit@10 = 0.0659, source_ndcg@10 = 0.0346, target_hit@10 = 0.1136, target_ndcg@10 = 0.0545

2024-08-01 18:42:50.413581: step 10640/24320 (epoch 35/80), loss = 1.033662 (34.051 sec/epoch), lr: 0.002275
Evaluating on dev set...
...........................
source: 	 mrr: 0.036000	 ndcg_5: 0.0249	 ndcg_10: 0.0350	 hit@1:0.010138	 hit@5:0.0406	 hit@10: 0.0731
target: 	 mrr: 0.054027	 ndcg_5: 0.0449	 ndcg_10: 0.0593	 hit@1:0.020906	 hit@5:0.0697	 hit@10: 0.1150
epoch 35: train_loss = 1.033662, source_hit@10 = 0.0731, source_ndcg@10 = 0.0350, target_hit@10 = 0.1150, target_ndcg@10 = 0.0593

2024-08-01 18:43:24.539174: step 10944/24320 (epoch 36/80), loss = 1.032577 (33.830 sec/epoch), lr: 0.002275
Evaluating on dev set...
...........................
source: 	 mrr: 0.034001	 ndcg_5: 0.0218	 ndcg_10: 0.0342	 hit@1:0.007241	 hit@5:0.0369	 hit@10: 0.0760
target: 	 mrr: 0.046063	 ndcg_5: 0.0376	 ndcg_10: 0.0490	 hit@1:0.015331	 hit@5:0.0613	 hit@10: 0.0969
epoch 36: train_loss = 1.032577, source_hit@10 = 0.0760, source_ndcg@10 = 0.0342, target_hit@10 = 0.0969, target_ndcg@10 = 0.0490

2024-08-01 18:43:58.688774: step 11248/24320 (epoch 37/80), loss = 1.029500 (33.861 sec/epoch), lr: 0.002161
Evaluating on dev set...
...........................
source: 	 mrr: 0.032556	 ndcg_5: 0.0202	 ndcg_10: 0.0292	 hit@1:0.009413	 hit@5:0.0311	 hit@10: 0.0587
target: 	 mrr: 0.042509	 ndcg_5: 0.0335	 ndcg_10: 0.0454	 hit@1:0.011847	 hit@5:0.0544	 hit@10: 0.0920
epoch 37: train_loss = 1.029500, source_hit@10 = 0.0587, source_ndcg@10 = 0.0292, target_hit@10 = 0.0920, target_ndcg@10 = 0.0454

2024-08-01 18:44:33.891398: step 11552/24320 (epoch 38/80), loss = 1.024345 (34.914 sec/epoch), lr: 0.002053
Evaluating on dev set...
...........................
source: 	 mrr: 0.043178	 ndcg_5: 0.0325	 ndcg_10: 0.0436	 hit@1:0.014482	 hit@5:0.0514	 hit@10: 0.0862
target: 	 mrr: 0.040813	 ndcg_5: 0.0329	 ndcg_10: 0.0415	 hit@1:0.011847	 hit@5:0.0544	 hit@10: 0.0815
source best!
.............
source: 	 mrr: 0.036944	 ndcg_5: 0.0262	 ndcg_10: 0.0373	 hit@1:0.006902	 hit@5:0.0460	 hit@10: 0.0805
epoch 38: train_loss = 1.024345, source_hit@10 = 0.0805, source_ndcg@10 = 0.0373, target_hit@10 = 0.0815, target_ndcg@10 = 0.0415

2024-08-01 18:45:07.901029: step 11856/24320 (epoch 39/80), loss = 1.024143 (33.610 sec/epoch), lr: 0.002053
Evaluating on dev set...
...........................
source: 	 mrr: 0.035161	 ndcg_5: 0.0223	 ndcg_10: 0.0325	 hit@1:0.007965	 hit@5:0.0377	 hit@10: 0.0695
target: 	 mrr: 0.054205	 ndcg_5: 0.0475	 ndcg_10: 0.0602	 hit@1:0.020906	 hit@5:0.0746	 hit@10: 0.1136
epoch 39: train_loss = 1.024143, source_hit@10 = 0.0695, source_ndcg@10 = 0.0325, target_hit@10 = 0.1136, target_ndcg@10 = 0.0602

2024-08-01 18:45:42.516275: step 12160/24320 (epoch 40/80), loss = 1.025613 (34.326 sec/epoch), lr: 0.002053
Evaluating on dev set...
...........................
source: 	 mrr: 0.034188	 ndcg_5: 0.0218	 ndcg_10: 0.0346	 hit@1:0.007241	 hit@5:0.0377	 hit@10: 0.0782
target: 	 mrr: 0.050987	 ndcg_5: 0.0419	 ndcg_10: 0.0550	 hit@1:0.021603	 hit@5:0.0634	 hit@10: 0.1045
epoch 40: train_loss = 1.025613, source_hit@10 = 0.0782, source_ndcg@10 = 0.0346, target_hit@10 = 0.1045, target_ndcg@10 = 0.0550

2024-08-01 18:46:16.468926: step 12464/24320 (epoch 41/80), loss = 1.020841 (33.663 sec/epoch), lr: 0.001951
Evaluating on dev set...
...........................
source: 	 mrr: 0.037989	 ndcg_5: 0.0275	 ndcg_10: 0.0373	 hit@1:0.010862	 hit@5:0.0456	 hit@10: 0.0768
target: 	 mrr: 0.050844	 ndcg_5: 0.0433	 ndcg_10: 0.0558	 hit@1:0.018815	 hit@5:0.0683	 hit@10: 0.1080
epoch 41: train_loss = 1.020841, source_hit@10 = 0.0768, source_ndcg@10 = 0.0373, target_hit@10 = 0.1080, target_ndcg@10 = 0.0558

2024-08-01 18:46:50.550002: step 12768/24320 (epoch 42/80), loss = 1.021895 (33.791 sec/epoch), lr: 0.001951
Evaluating on dev set...
...........................
source: 	 mrr: 0.036656	 ndcg_5: 0.0245	 ndcg_10: 0.0358	 hit@1:0.007241	 hit@5:0.0413	 hit@10: 0.0760
target: 	 mrr: 0.053166	 ndcg_5: 0.0457	 ndcg_10: 0.0561	 hit@1:0.023693	 hit@5:0.0697	 hit@10: 0.1024
epoch 42: train_loss = 1.021895, source_hit@10 = 0.0760, source_ndcg@10 = 0.0358, target_hit@10 = 0.1024, target_ndcg@10 = 0.0561

2024-08-01 18:47:25.000905: step 13072/24320 (epoch 43/80), loss = 1.019886 (34.162 sec/epoch), lr: 0.001951
Evaluating on dev set...
...........................
source: 	 mrr: 0.041608	 ndcg_5: 0.0318	 ndcg_10: 0.0436	 hit@1:0.010862	 hit@5:0.0536	 hit@10: 0.0905
target: 	 mrr: 0.045964	 ndcg_5: 0.0351	 ndcg_10: 0.0499	 hit@1:0.013937	 hit@5:0.0578	 hit@10: 0.1038
epoch 43: train_loss = 1.019886, source_hit@10 = 0.0905, source_ndcg@10 = 0.0436, target_hit@10 = 0.1038, target_ndcg@10 = 0.0499

2024-08-01 18:47:59.657288: step 13376/24320 (epoch 44/80), loss = 1.017379 (34.363 sec/epoch), lr: 0.001853
Evaluating on dev set...
...........................
source: 	 mrr: 0.040167	 ndcg_5: 0.0273	 ndcg_10: 0.0396	 hit@1:0.011586	 hit@5:0.0420	 hit@10: 0.0804
target: 	 mrr: 0.045025	 ndcg_5: 0.0363	 ndcg_10: 0.0503	 hit@1:0.015331	 hit@5:0.0571	 hit@10: 0.1003
epoch 44: train_loss = 1.017379, source_hit@10 = 0.0804, source_ndcg@10 = 0.0396, target_hit@10 = 0.1003, target_ndcg@10 = 0.0503

2024-08-01 18:48:33.505127: step 13680/24320 (epoch 45/80), loss = 1.015670 (33.556 sec/epoch), lr: 0.001761
Evaluating on dev set...
...........................
source: 	 mrr: 0.041640	 ndcg_5: 0.0301	 ndcg_10: 0.0418	 hit@1:0.012310	 hit@5:0.0478	 hit@10: 0.0840
target: 	 mrr: 0.045022	 ndcg_5: 0.0353	 ndcg_10: 0.0501	 hit@1:0.013937	 hit@5:0.0578	 hit@10: 0.1038
epoch 45: train_loss = 1.015670, source_hit@10 = 0.0840, source_ndcg@10 = 0.0418, target_hit@10 = 0.1038, target_ndcg@10 = 0.0501

2024-08-01 18:49:07.488303: step 13984/24320 (epoch 46/80), loss = 1.014653 (33.694 sec/epoch), lr: 0.001761
Evaluating on dev set...
...........................
source: 	 mrr: 0.042917	 ndcg_5: 0.0311	 ndcg_10: 0.0422	 hit@1:0.013034	 hit@5:0.0485	 hit@10: 0.0840
target: 	 mrr: 0.038906	 ndcg_5: 0.0297	 ndcg_10: 0.0438	 hit@1:0.011150	 hit@5:0.0502	 hit@10: 0.0941
epoch 46: train_loss = 1.014653, source_hit@10 = 0.0840, source_ndcg@10 = 0.0422, target_hit@10 = 0.0941, target_ndcg@10 = 0.0438

2024-08-01 18:49:41.986589: step 14288/24320 (epoch 47/80), loss = 1.013950 (34.208 sec/epoch), lr: 0.001672
Evaluating on dev set...
...........................
source: 	 mrr: 0.043252	 ndcg_5: 0.0316	 ndcg_10: 0.0428	 hit@1:0.013034	 hit@5:0.0500	 hit@10: 0.0847
target: 	 mrr: 0.049427	 ndcg_5: 0.0381	 ndcg_10: 0.0524	 hit@1:0.019512	 hit@5:0.0571	 hit@10: 0.1017
source best!
.............
source: 	 mrr: 0.039792	 ndcg_5: 0.0303	 ndcg_10: 0.0401	 hit@1:0.011503	 hit@5:0.0514	 hit@10: 0.0821
epoch 47: train_loss = 1.013950, source_hit@10 = 0.0821, source_ndcg@10 = 0.0401, target_hit@10 = 0.1017, target_ndcg@10 = 0.0524

2024-08-01 18:50:16.148411: step 14592/24320 (epoch 48/80), loss = 1.013249 (33.760 sec/epoch), lr: 0.001672
Evaluating on dev set...
...........................
source: 	 mrr: 0.037936	 ndcg_5: 0.0257	 ndcg_10: 0.0382	 hit@1:0.008689	 hit@5:0.0434	 hit@10: 0.0833
target: 	 mrr: 0.052672	 ndcg_5: 0.0442	 ndcg_10: 0.0568	 hit@1:0.020209	 hit@5:0.0669	 hit@10: 0.1059
epoch 48: train_loss = 1.013249, source_hit@10 = 0.0833, source_ndcg@10 = 0.0382, target_hit@10 = 0.1059, target_ndcg@10 = 0.0568

2024-08-01 18:50:50.150247: step 14896/24320 (epoch 49/80), loss = 1.009162 (33.711 sec/epoch), lr: 0.001589
Evaluating on dev set...
...........................
source: 	 mrr: 0.039132	 ndcg_5: 0.0268	 ndcg_10: 0.0393	 hit@1:0.010862	 hit@5:0.0442	 hit@10: 0.0833
target: 	 mrr: 0.046922	 ndcg_5: 0.0394	 ndcg_10: 0.0497	 hit@1:0.015331	 hit@5:0.0634	 hit@10: 0.0955
epoch 49: train_loss = 1.009162, source_hit@10 = 0.0833, source_ndcg@10 = 0.0393, target_hit@10 = 0.0955, target_ndcg@10 = 0.0497

2024-08-01 18:51:23.946431: step 15200/24320 (epoch 50/80), loss = 1.008277 (33.507 sec/epoch), lr: 0.001509
Evaluating on dev set...
...........................
source: 	 mrr: 0.037161	 ndcg_5: 0.0248	 ndcg_10: 0.0368	 hit@1:0.009413	 hit@5:0.0413	 hit@10: 0.0789
target: 	 mrr: 0.032182	 ndcg_5: 0.0228	 ndcg_10: 0.0316	 hit@1:0.008362	 hit@5:0.0376	 hit@10: 0.0648
epoch 50: train_loss = 1.008277, source_hit@10 = 0.0789, source_ndcg@10 = 0.0368, target_hit@10 = 0.0648, target_ndcg@10 = 0.0316
shift to transfer learning mode

2024-08-01 18:51:58.140402: step 15504/24320 (epoch 51/80), loss = 1.004554 (33.901 sec/epoch), lr: 0.001434
Evaluating on dev set...
...........................
source: 	 mrr: 0.039177	 ndcg_5: 0.0279	 ndcg_10: 0.0430	 hit@1:0.007965	 hit@5:0.0500	 hit@10: 0.0970
target: 	 mrr: 0.045327	 ndcg_5: 0.0354	 ndcg_10: 0.0505	 hit@1:0.011847	 hit@5:0.0564	 hit@10: 0.1038
epoch 51: train_loss = 1.004554, source_hit@10 = 0.0970, source_ndcg@10 = 0.0430, target_hit@10 = 0.1038, target_ndcg@10 = 0.0505

2024-08-01 18:52:32.543774: step 15808/24320 (epoch 52/80), loss = 1.005159 (34.111 sec/epoch), lr: 0.001434
Evaluating on dev set...
...........................
source: 	 mrr: 0.041330	 ndcg_5: 0.0295	 ndcg_10: 0.0407	 hit@1:0.012310	 hit@5:0.0478	 hit@10: 0.0825
target: 	 mrr: 0.046569	 ndcg_5: 0.0390	 ndcg_10: 0.0500	 hit@1:0.017422	 hit@5:0.0634	 hit@10: 0.0976
epoch 52: train_loss = 1.005159, source_hit@10 = 0.0825, source_ndcg@10 = 0.0407, target_hit@10 = 0.0976, target_ndcg@10 = 0.0500

2024-08-01 18:53:06.960409: step 16112/24320 (epoch 53/80), loss = 1.004324 (34.127 sec/epoch), lr: 0.001434
Evaluating on dev set...
...........................
source: 	 mrr: 0.038689	 ndcg_5: 0.0262	 ndcg_10: 0.0382	 hit@1:0.010138	 hit@5:0.0434	 hit@10: 0.0811
target: 	 mrr: 0.045477	 ndcg_5: 0.0361	 ndcg_10: 0.0503	 hit@1:0.013937	 hit@5:0.0571	 hit@10: 0.1010
epoch 53: train_loss = 1.004324, source_hit@10 = 0.0811, source_ndcg@10 = 0.0382, target_hit@10 = 0.1010, target_ndcg@10 = 0.0503

2024-08-01 18:53:41.312458: step 16416/24320 (epoch 54/80), loss = 0.999714 (34.063 sec/epoch), lr: 0.001362
Evaluating on dev set...
...........................
source: 	 mrr: 0.036405	 ndcg_5: 0.0226	 ndcg_10: 0.0350	 hit@1:0.010138	 hit@5:0.0362	 hit@10: 0.0746
target: 	 mrr: 0.047748	 ndcg_5: 0.0391	 ndcg_10: 0.0496	 hit@1:0.018118	 hit@5:0.0606	 hit@10: 0.0934
epoch 54: train_loss = 0.999714, source_hit@10 = 0.0746, source_ndcg@10 = 0.0350, target_hit@10 = 0.0934, target_ndcg@10 = 0.0496

2024-08-01 18:54:15.491494: step 16720/24320 (epoch 55/80), loss = 0.998780 (33.891 sec/epoch), lr: 0.001294
Evaluating on dev set...
...........................
source: 	 mrr: 0.038830	 ndcg_5: 0.0254	 ndcg_10: 0.0374	 hit@1:0.010862	 hit@5:0.0391	 hit@10: 0.0768
target: 	 mrr: 0.046060	 ndcg_5: 0.0356	 ndcg_10: 0.0483	 hit@1:0.016028	 hit@5:0.0544	 hit@10: 0.0941
epoch 55: train_loss = 0.998780, source_hit@10 = 0.0768, source_ndcg@10 = 0.0374, target_hit@10 = 0.0941, target_ndcg@10 = 0.0483

2024-08-01 18:54:49.821093: step 17024/24320 (epoch 56/80), loss = 0.997731 (34.041 sec/epoch), lr: 0.001294
Evaluating on dev set...
...........................
source: 	 mrr: 0.038196	 ndcg_5: 0.0244	 ndcg_10: 0.0391	 hit@1:0.011586	 hit@5:0.0384	 hit@10: 0.0847
target: 	 mrr: 0.051984	 ndcg_5: 0.0442	 ndcg_10: 0.0547	 hit@1:0.018118	 hit@5:0.0697	 hit@10: 0.1024
epoch 56: train_loss = 0.997731, source_hit@10 = 0.0847, source_ndcg@10 = 0.0391, target_hit@10 = 0.1024, target_ndcg@10 = 0.0547

2024-08-01 18:55:24.686776: step 17328/24320 (epoch 57/80), loss = 0.996131 (34.577 sec/epoch), lr: 0.001294
Evaluating on dev set...
...........................
source: 	 mrr: 0.038096	 ndcg_5: 0.0269	 ndcg_10: 0.0384	 hit@1:0.010138	 hit@5:0.0463	 hit@10: 0.0825
target: 	 mrr: 0.046110	 ndcg_5: 0.0382	 ndcg_10: 0.0501	 hit@1:0.013937	 hit@5:0.0627	 hit@10: 0.0997
epoch 57: train_loss = 0.996131, source_hit@10 = 0.0825, source_ndcg@10 = 0.0384, target_hit@10 = 0.0997, target_ndcg@10 = 0.0501

2024-08-01 18:55:59.198685: step 17632/24320 (epoch 58/80), loss = 0.995383 (34.208 sec/epoch), lr: 0.001229
Evaluating on dev set...
...........................
source: 	 mrr: 0.037359	 ndcg_5: 0.0249	 ndcg_10: 0.0378	 hit@1:0.007241	 hit@5:0.0420	 hit@10: 0.0825
target: 	 mrr: 0.051021	 ndcg_5: 0.0438	 ndcg_10: 0.0562	 hit@1:0.017422	 hit@5:0.0697	 hit@10: 0.1087
epoch 58: train_loss = 0.995383, source_hit@10 = 0.0825, source_ndcg@10 = 0.0378, target_hit@10 = 0.1087, target_ndcg@10 = 0.0562

2024-08-01 18:56:34.211509: step 17936/24320 (epoch 59/80), loss = 0.993947 (34.724 sec/epoch), lr: 0.001229
Evaluating on dev set...
...........................
source: 	 mrr: 0.036999	 ndcg_5: 0.0250	 ndcg_10: 0.0356	 hit@1:0.007965	 hit@5:0.0420	 hit@10: 0.0753
target: 	 mrr: 0.049512	 ndcg_5: 0.0379	 ndcg_10: 0.0562	 hit@1:0.016028	 hit@5:0.0606	 hit@10: 0.1171
epoch 59: train_loss = 0.993947, source_hit@10 = 0.0753, source_ndcg@10 = 0.0356, target_hit@10 = 0.1171, target_ndcg@10 = 0.0562

2024-08-01 18:57:08.381625: step 18240/24320 (epoch 60/80), loss = 0.991659 (33.879 sec/epoch), lr: 0.001168
Evaluating on dev set...
...........................
source: 	 mrr: 0.039868	 ndcg_5: 0.0263	 ndcg_10: 0.0384	 hit@1:0.011586	 hit@5:0.0398	 hit@10: 0.0775
target: 	 mrr: 0.049357	 ndcg_5: 0.0405	 ndcg_10: 0.0525	 hit@1:0.016725	 hit@5:0.0627	 hit@10: 0.0997
epoch 60: train_loss = 0.991659, source_hit@10 = 0.0775, source_ndcg@10 = 0.0384, target_hit@10 = 0.0997, target_ndcg@10 = 0.0525

2024-08-01 18:57:42.985038: step 18544/24320 (epoch 61/80), loss = 0.989360 (34.313 sec/epoch), lr: 0.001168
Evaluating on dev set...
...........................
source: 	 mrr: 0.033339	 ndcg_5: 0.0215	 ndcg_10: 0.0337	 hit@1:0.006517	 hit@5:0.0377	 hit@10: 0.0760
target: 	 mrr: 0.046442	 ndcg_5: 0.0384	 ndcg_10: 0.0507	 hit@1:0.015331	 hit@5:0.0613	 hit@10: 0.0997
epoch 61: train_loss = 0.989360, source_hit@10 = 0.0760, source_ndcg@10 = 0.0337, target_hit@10 = 0.0997, target_ndcg@10 = 0.0507

2024-08-01 18:58:17.872985: step 18848/24320 (epoch 62/80), loss = 0.988132 (34.595 sec/epoch), lr: 0.001110
Evaluating on dev set...
...........................
source: 	 mrr: 0.039485	 ndcg_5: 0.0281	 ndcg_10: 0.0423	 hit@1:0.009413	 hit@5:0.0478	 hit@10: 0.0920
target: 	 mrr: 0.051486	 ndcg_5: 0.0451	 ndcg_10: 0.0575	 hit@1:0.016028	 hit@5:0.0746	 hit@10: 0.1129
epoch 62: train_loss = 0.988132, source_hit@10 = 0.0920, source_ndcg@10 = 0.0423, target_hit@10 = 0.1129, target_ndcg@10 = 0.0575

2024-08-01 18:58:52.079090: step 19152/24320 (epoch 63/80), loss = 0.988453 (33.917 sec/epoch), lr: 0.001110
Evaluating on dev set...
...........................
source: 	 mrr: 0.039769	 ndcg_5: 0.0279	 ndcg_10: 0.0391	 hit@1:0.012310	 hit@5:0.0442	 hit@10: 0.0789
target: 	 mrr: 0.053601	 ndcg_5: 0.0445	 ndcg_10: 0.0578	 hit@1:0.022300	 hit@5:0.0662	 hit@10: 0.1073
epoch 63: train_loss = 0.988453, source_hit@10 = 0.0789, source_ndcg@10 = 0.0391, target_hit@10 = 0.1073, target_ndcg@10 = 0.0578

2024-08-01 18:59:26.503358: step 19456/24320 (epoch 64/80), loss = 0.986738 (34.133 sec/epoch), lr: 0.001110
Evaluating on dev set...
...........................
source: 	 mrr: 0.039233	 ndcg_5: 0.0291	 ndcg_10: 0.0404	 hit@1:0.008689	 hit@5:0.0507	 hit@10: 0.0862
target: 	 mrr: 0.051075	 ndcg_5: 0.0438	 ndcg_10: 0.0570	 hit@1:0.015331	 hit@5:0.0711	 hit@10: 0.1115
epoch 64: train_loss = 0.986738, source_hit@10 = 0.0862, source_ndcg@10 = 0.0404, target_hit@10 = 0.1115, target_ndcg@10 = 0.0570

2024-08-01 19:00:00.884682: step 19760/24320 (epoch 65/80), loss = 0.984862 (34.092 sec/epoch), lr: 0.001054
Evaluating on dev set...
...........................
source: 	 mrr: 0.037041	 ndcg_5: 0.0255	 ndcg_10: 0.0366	 hit@1:0.007241	 hit@5:0.0427	 hit@10: 0.0768
target: 	 mrr: 0.040803	 ndcg_5: 0.0333	 ndcg_10: 0.0448	 hit@1:0.010453	 hit@5:0.0557	 hit@10: 0.0920
epoch 65: train_loss = 0.984862, source_hit@10 = 0.0768, source_ndcg@10 = 0.0366, target_hit@10 = 0.0920, target_ndcg@10 = 0.0448
early termination of training
