nohup: ignoring input
using gpu:1 to train the model
using gpu:1 to train the model
cuda:1
Namespace(A_split=False, JK='sum', a_fold=100, aggregate=False, alpha=0.5, batch_size=1024, beta_inter=0.5, conv_layers=4, cuda=True, decay_epoch=10, device=device(type='cuda', index=1), device_id='1', domains='game_video', dropout=0.5, epoch=80, feature_dim=126, hidden_dim=126, inter_tau=0.2, intra_tau=0.7, lambda_critic=0.4, leakey=0.01, load=False, log='logs.txt', log_epoch=1, lr=0.004, lr_decay=0.95, min_epoch=50, mode='train', model_file=None, model_name='gv', momentum=0.98, num_latent_factors=3, num_negative=100, optim='adam', patience=50, proj_layers=1, projection=1, residual=1, save=True, save_dir='./saved_models', seed=32, similarity_tau=0.1, test_sample_number=999, transfer_epoch=50, user_batch_size=256, weight_decay=0.0002)
number_user 25025
number_item 12319
/home/hourun/invariantCDR_v2/invariantCDR/utils/GraphMaker.py:46: RuntimeWarning: divide by zero encountered in power
  r_inv = np.power(rowsum, -1).flatten()
real graph loaded!
number_user 19457
number_item 8751
real graph loaded!
graph loaded!
Loading data from game_video with batch size 1024...
unseen test: 0
test length: 1381
unseen test: 0
test length: 1304
unseen test: 0
test length: 1435
unseen test: 0
test length: 1458
source_user_num 25025
target_user_num 19457
source_item_num 12319
target_item_num 8751
shared users id: 1737
test users 226, 217
unseen test: 0
dev length: 1000
unseen test: 0
dev length: 1000
source train data : 155036, target train data: 156091, source test data : 1304, target test data : 1458, source dev data : 1000, target dev data : 1000
2024-07-31 18:39:20.151280: step 304/24320 (epoch 1/80), loss = 1.403923 (38.290 sec/epoch), lr: 0.004000
Evaluating on dev set...
...........................
source: 	 mrr: 0.022962	 ndcg_5: 0.0108	 ndcg_10: 0.0199	 hit@1:0.002896	 hit@5:0.0188	 hit@10: 0.0471
target: 	 mrr: 0.031416	 ndcg_5: 0.0217	 ndcg_10: 0.0314	 hit@1:0.009756	 hit@5:0.0334	 hit@10: 0.0641
source best!
.............
source: 	 mrr: 0.027600	 ndcg_5: 0.0163	 ndcg_10: 0.0255	 hit@1:0.006902	 hit@5:0.0261	 hit@10: 0.0552
target best!
..............target: 	 mrr: 0.031790	 ndcg_5: 0.0223	 ndcg_10: 0.0312	 hit@1:0.009602	 hit@5:0.0350	 hit@10: 0.0624
epoch 1: train_loss = 1.403923, source_hit@10 = 0.0552, source_ndcg@10 = 0.0255, target_hit@10 = 0.0624, target_ndcg@10 = 0.0312

2024-07-31 18:39:59.405068: step 608/24320 (epoch 2/80), loss = 1.229034 (38.634 sec/epoch), lr: 0.004000
Evaluating on dev set...
...........................
source: 	 mrr: 0.023457	 ndcg_5: 0.0115	 ndcg_10: 0.0216	 hit@1:0.003621	 hit@5:0.0203	 hit@10: 0.0521
target: 	 mrr: 0.028975	 ndcg_5: 0.0192	 ndcg_10: 0.0284	 hit@1:0.006272	 hit@5:0.0321	 hit@10: 0.0606
source best!
.............
source: 	 mrr: 0.026592	 ndcg_5: 0.0156	 ndcg_10: 0.0251	 hit@1:0.003834	 hit@5:0.0276	 hit@10: 0.0567
epoch 2: train_loss = 1.229034, source_hit@10 = 0.0567, source_ndcg@10 = 0.0251, target_hit@10 = 0.0606, target_ndcg@10 = 0.0284

2024-07-31 18:40:38.484753: step 912/24320 (epoch 3/80), loss = 1.201262 (38.613 sec/epoch), lr: 0.004000
Evaluating on dev set...
...........................
source: 	 mrr: 0.029652	 ndcg_5: 0.0175	 ndcg_10: 0.0270	 hit@1:0.006517	 hit@5:0.0282	 hit@10: 0.0579
target: 	 mrr: 0.034730	 ndcg_5: 0.0264	 ndcg_10: 0.0350	 hit@1:0.009756	 hit@5:0.0425	 hit@10: 0.0690
source best!
.............
source: 	 mrr: 0.028904	 ndcg_5: 0.0180	 ndcg_10: 0.0275	 hit@1:0.006902	 hit@5:0.0307	 hit@10: 0.0606
target best!
..............target: 	 mrr: 0.034458	 ndcg_5: 0.0243	 ndcg_10: 0.0342	 hit@1:0.010974	 hit@5:0.0364	 hit@10: 0.0679
epoch 3: train_loss = 1.201262, source_hit@10 = 0.0606, source_ndcg@10 = 0.0275, target_hit@10 = 0.0679, target_ndcg@10 = 0.0342
new best model saved.

2024-07-31 18:41:17.702061: step 1216/24320 (epoch 4/80), loss = 1.191565 (38.442 sec/epoch), lr: 0.004000
Evaluating on dev set...
...........................
source: 	 mrr: 0.036855	 ndcg_5: 0.0258	 ndcg_10: 0.0361	 hit@1:0.011586	 hit@5:0.0391	 hit@10: 0.0710
target: 	 mrr: 0.030034	 ndcg_5: 0.0218	 ndcg_10: 0.0290	 hit@1:0.011847	 hit@5:0.0314	 hit@10: 0.0544
source best!
.............
source: 	 mrr: 0.032678	 ndcg_5: 0.0226	 ndcg_10: 0.0315	 hit@1:0.007669	 hit@5:0.0376	 hit@10: 0.0652
epoch 4: train_loss = 1.191565, source_hit@10 = 0.0652, source_ndcg@10 = 0.0315, target_hit@10 = 0.0544, target_ndcg@10 = 0.0290
new best model saved.

2024-07-31 18:41:56.750234: step 1520/24320 (epoch 5/80), loss = 1.184118 (38.402 sec/epoch), lr: 0.004000
Evaluating on dev set...
...........................
source: 	 mrr: 0.027993	 ndcg_5: 0.0202	 ndcg_10: 0.0260	 hit@1:0.009413	 hit@5:0.0311	 hit@10: 0.0492
target: 	 mrr: 0.045583	 ndcg_5: 0.0379	 ndcg_10: 0.0492	 hit@1:0.012544	 hit@5:0.0627	 hit@10: 0.0983
target best!
..............target: 	 mrr: 0.047798	 ndcg_5: 0.0387	 ndcg_10: 0.0517	 hit@1:0.015089	 hit@5:0.0617	 hit@10: 0.1015
epoch 5: train_loss = 1.184118, source_hit@10 = 0.0492, source_ndcg@10 = 0.0260, target_hit@10 = 0.1015, target_ndcg@10 = 0.0517
new best model saved.

2024-07-31 18:42:36.373132: step 1824/24320 (epoch 6/80), loss = 1.161607 (38.992 sec/epoch), lr: 0.004000
Evaluating on dev set...
...........................
source: 	 mrr: 0.032159	 ndcg_5: 0.0229	 ndcg_10: 0.0315	 hit@1:0.005793	 hit@5:0.0391	 hit@10: 0.0659
target: 	 mrr: 0.047218	 ndcg_5: 0.0365	 ndcg_10: 0.0499	 hit@1:0.020209	 hit@5:0.0544	 hit@10: 0.0969
target best!
..............target: 	 mrr: 0.046426	 ndcg_5: 0.0400	 ndcg_10: 0.0513	 hit@1:0.011660	 hit@5:0.0686	 hit@10: 0.1036
epoch 6: train_loss = 1.161607, source_hit@10 = 0.0659, source_ndcg@10 = 0.0315, target_hit@10 = 0.1036, target_ndcg@10 = 0.0513

2024-07-31 18:43:15.585991: step 2128/24320 (epoch 7/80), loss = 1.149348 (38.728 sec/epoch), lr: 0.004000
Evaluating on dev set...
...........................
source: 	 mrr: 0.036643	 ndcg_5: 0.0270	 ndcg_10: 0.0366	 hit@1:0.013034	 hit@5:0.0398	 hit@10: 0.0695
target: 	 mrr: 0.046332	 ndcg_5: 0.0407	 ndcg_10: 0.0503	 hit@1:0.012544	 hit@5:0.0697	 hit@10: 0.0990
epoch 7: train_loss = 1.149348, source_hit@10 = 0.0695, source_ndcg@10 = 0.0366, target_hit@10 = 0.0990, target_ndcg@10 = 0.0503

2024-07-31 18:43:54.598004: step 2432/24320 (epoch 8/80), loss = 1.143524 (38.673 sec/epoch), lr: 0.004000
Evaluating on dev set...
...........................
source: 	 mrr: 0.031570	 ndcg_5: 0.0203	 ndcg_10: 0.0305	 hit@1:0.007241	 hit@5:0.0355	 hit@10: 0.0681
target: 	 mrr: 0.040708	 ndcg_5: 0.0304	 ndcg_10: 0.0411	 hit@1:0.012544	 hit@5:0.0488	 hit@10: 0.0822
epoch 8: train_loss = 1.143524, source_hit@10 = 0.0681, source_ndcg@10 = 0.0305, target_hit@10 = 0.0822, target_ndcg@10 = 0.0411

2024-07-31 18:44:33.478412: step 2736/24320 (epoch 9/80), loss = 1.131252 (38.534 sec/epoch), lr: 0.004000
Evaluating on dev set...
...........................
source: 	 mrr: 0.033597	 ndcg_5: 0.0255	 ndcg_10: 0.0334	 hit@1:0.008689	 hit@5:0.0434	 hit@10: 0.0681
target: 	 mrr: 0.038062	 ndcg_5: 0.0289	 ndcg_10: 0.0388	 hit@1:0.013937	 hit@5:0.0439	 hit@10: 0.0746
epoch 9: train_loss = 1.131252, source_hit@10 = 0.0681, source_ndcg@10 = 0.0334, target_hit@10 = 0.0746, target_ndcg@10 = 0.0388

2024-07-31 18:45:12.450771: step 3040/24320 (epoch 10/80), loss = 1.122682 (38.636 sec/epoch), lr: 0.004000
Evaluating on dev set...
...........................
source: 	 mrr: 0.031031	 ndcg_5: 0.0195	 ndcg_10: 0.0316	 hit@1:0.005069	 hit@5:0.0340	 hit@10: 0.0710
target: 	 mrr: 0.030238	 ndcg_5: 0.0231	 ndcg_10: 0.0293	 hit@1:0.009756	 hit@5:0.0348	 hit@10: 0.0537
epoch 10: train_loss = 1.122682, source_hit@10 = 0.0710, source_ndcg@10 = 0.0316, target_hit@10 = 0.0537, target_ndcg@10 = 0.0293

2024-07-31 18:45:50.481677: step 3344/24320 (epoch 11/80), loss = 1.115768 (37.695 sec/epoch), lr: 0.004000
Evaluating on dev set...
...........................
source: 	 mrr: 0.035827	 ndcg_5: 0.0247	 ndcg_10: 0.0367	 hit@1:0.010862	 hit@5:0.0391	 hit@10: 0.0760
target: 	 mrr: 0.039227	 ndcg_5: 0.0310	 ndcg_10: 0.0413	 hit@1:0.011150	 hit@5:0.0502	 hit@10: 0.0829
epoch 11: train_loss = 1.115768, source_hit@10 = 0.0760, source_ndcg@10 = 0.0367, target_hit@10 = 0.0829, target_ndcg@10 = 0.0413

2024-07-31 18:46:29.124147: step 3648/24320 (epoch 12/80), loss = 1.111383 (38.308 sec/epoch), lr: 0.004000
Evaluating on dev set...
...........................
source: 	 mrr: 0.037230	 ndcg_5: 0.0278	 ndcg_10: 0.0346	 hit@1:0.014482	 hit@5:0.0427	 hit@10: 0.0637
target: 	 mrr: 0.042864	 ndcg_5: 0.0333	 ndcg_10: 0.0440	 hit@1:0.017422	 hit@5:0.0495	 hit@10: 0.0836
source best!
.............
source: 	 mrr: 0.034012	 ndcg_5: 0.0257	 ndcg_10: 0.0339	 hit@1:0.008436	 hit@5:0.0422	 hit@10: 0.0675
epoch 12: train_loss = 1.111383, source_hit@10 = 0.0675, source_ndcg@10 = 0.0339, target_hit@10 = 0.0836, target_ndcg@10 = 0.0440

2024-07-31 18:47:08.411271: step 3952/24320 (epoch 13/80), loss = 1.110012 (38.821 sec/epoch), lr: 0.004000
Evaluating on dev set...
...........................
source: 	 mrr: 0.029884	 ndcg_5: 0.0190	 ndcg_10: 0.0275	 hit@1:0.007965	 hit@5:0.0311	 hit@10: 0.0579
target: 	 mrr: 0.049313	 ndcg_5: 0.0422	 ndcg_10: 0.0526	 hit@1:0.018118	 hit@5:0.0662	 hit@10: 0.0983
target best!
..............target: 	 mrr: 0.051520	 ndcg_5: 0.0455	 ndcg_10: 0.0594	 hit@1:0.016461	 hit@5:0.0754	 hit@10: 0.1193
epoch 13: train_loss = 1.110012, source_hit@10 = 0.0579, source_ndcg@10 = 0.0275, target_hit@10 = 0.1193, target_ndcg@10 = 0.0594

2024-07-31 18:47:47.297791: step 4256/24320 (epoch 14/80), loss = 1.105537 (38.408 sec/epoch), lr: 0.003800
Evaluating on dev set...
...........................
source: 	 mrr: 0.033463	 ndcg_5: 0.0219	 ndcg_10: 0.0318	 hit@1:0.010862	 hit@5:0.0348	 hit@10: 0.0652
target: 	 mrr: 0.047611	 ndcg_5: 0.0363	 ndcg_10: 0.0479	 hit@1:0.020906	 hit@5:0.0516	 hit@10: 0.0871
epoch 14: train_loss = 1.105537, source_hit@10 = 0.0652, source_ndcg@10 = 0.0318, target_hit@10 = 0.0871, target_ndcg@10 = 0.0479

2024-07-31 18:48:26.626161: step 4560/24320 (epoch 15/80), loss = 1.102616 (38.958 sec/epoch), lr: 0.003800
Evaluating on dev set...
...........................
source: 	 mrr: 0.033947	 ndcg_5: 0.0247	 ndcg_10: 0.0330	 hit@1:0.010138	 hit@5:0.0384	 hit@10: 0.0644
target: 	 mrr: 0.055943	 ndcg_5: 0.0474	 ndcg_10: 0.0572	 hit@1:0.023693	 hit@5:0.0697	 hit@10: 0.1003
target best!
..............target: 	 mrr: 0.052917	 ndcg_5: 0.0435	 ndcg_10: 0.0577	 hit@1:0.019890	 hit@5:0.0665	 hit@10: 0.1118
epoch 15: train_loss = 1.102616, source_hit@10 = 0.0644, source_ndcg@10 = 0.0330, target_hit@10 = 0.1118, target_ndcg@10 = 0.0577
new best model saved.

2024-07-31 18:49:05.775052: step 4864/24320 (epoch 16/80), loss = 1.101369 (38.510 sec/epoch), lr: 0.003800
Evaluating on dev set...
...........................
source: 	 mrr: 0.035597	 ndcg_5: 0.0256	 ndcg_10: 0.0351	 hit@1:0.009413	 hit@5:0.0420	 hit@10: 0.0717
target: 	 mrr: 0.052950	 ndcg_5: 0.0430	 ndcg_10: 0.0614	 hit@1:0.020906	 hit@5:0.0669	 hit@10: 0.1247
epoch 16: train_loss = 1.101369, source_hit@10 = 0.0717, source_ndcg@10 = 0.0351, target_hit@10 = 0.1247, target_ndcg@10 = 0.0614

2024-07-31 18:49:45.329176: step 5168/24320 (epoch 17/80), loss = 1.096819 (39.212 sec/epoch), lr: 0.003610
Evaluating on dev set...
...........................
source: 	 mrr: 0.014595	 ndcg_5: 0.0076	 ndcg_10: 0.0105	 hit@1:0.003621	 hit@5:0.0116	 hit@10: 0.0210
target: 	 mrr: 0.053706	 ndcg_5: 0.0429	 ndcg_10: 0.0586	 hit@1:0.024390	 hit@5:0.0627	 hit@10: 0.1122
epoch 17: train_loss = 1.096819, source_hit@10 = 0.0210, source_ndcg@10 = 0.0105, target_hit@10 = 0.1122, target_ndcg@10 = 0.0586

2024-07-31 18:50:24.609639: step 5472/24320 (epoch 18/80), loss = 1.092893 (38.946 sec/epoch), lr: 0.003429
Evaluating on dev set...
...........................
source: 	 mrr: 0.032832	 ndcg_5: 0.0230	 ndcg_10: 0.0343	 hit@1:0.007965	 hit@5:0.0398	 hit@10: 0.0753
target: 	 mrr: 0.048658	 ndcg_5: 0.0402	 ndcg_10: 0.0540	 hit@1:0.018118	 hit@5:0.0620	 hit@10: 0.1045
epoch 18: train_loss = 1.092893, source_hit@10 = 0.0753, source_ndcg@10 = 0.0343, target_hit@10 = 0.1045, target_ndcg@10 = 0.0540

2024-07-31 18:51:03.844568: step 5776/24320 (epoch 19/80), loss = 1.087252 (38.896 sec/epoch), lr: 0.003429
Evaluating on dev set...
...........................
source: 	 mrr: 0.037536	 ndcg_5: 0.0274	 ndcg_10: 0.0351	 hit@1:0.012310	 hit@5:0.0413	 hit@10: 0.0652
target: 	 mrr: 0.039571	 ndcg_5: 0.0287	 ndcg_10: 0.0407	 hit@1:0.014634	 hit@5:0.0432	 hit@10: 0.0808
source best!
.............
source: 	 mrr: 0.036291	 ndcg_5: 0.0281	 ndcg_10: 0.0360	 hit@1:0.010736	 hit@5:0.0475	 hit@10: 0.0721
epoch 19: train_loss = 1.087252, source_hit@10 = 0.0721, source_ndcg@10 = 0.0360, target_hit@10 = 0.0808, target_ndcg@10 = 0.0407

2024-07-31 18:51:43.167759: step 6080/24320 (epoch 20/80), loss = 1.082138 (38.859 sec/epoch), lr: 0.003258
Evaluating on dev set...
...........................
source: 	 mrr: 0.030153	 ndcg_5: 0.0205	 ndcg_10: 0.0293	 hit@1:0.006517	 hit@5:0.0355	 hit@10: 0.0623
target: 	 mrr: 0.050258	 ndcg_5: 0.0424	 ndcg_10: 0.0552	 hit@1:0.019512	 hit@5:0.0662	 hit@10: 0.1059
epoch 20: train_loss = 1.082138, source_hit@10 = 0.0623, source_ndcg@10 = 0.0293, target_hit@10 = 0.1059, target_ndcg@10 = 0.0552

2024-07-31 18:52:22.728186: step 6384/24320 (epoch 21/80), loss = 1.077455 (39.225 sec/epoch), lr: 0.003258
Evaluating on dev set...
...........................
source: 	 mrr: 0.032440	 ndcg_5: 0.0218	 ndcg_10: 0.0318	 hit@1:0.009413	 hit@5:0.0348	 hit@10: 0.0659
target: 	 mrr: 0.062693	 ndcg_5: 0.0541	 ndcg_10: 0.0675	 hit@1:0.030662	 hit@5:0.0774	 hit@10: 0.1185
target best!
..............target: 	 mrr: 0.054074	 ndcg_5: 0.0451	 ndcg_10: 0.0579	 hit@1:0.021262	 hit@5:0.0686	 hit@10: 0.1084
epoch 21: train_loss = 1.077455, source_hit@10 = 0.0659, source_ndcg@10 = 0.0318, target_hit@10 = 0.1084, target_ndcg@10 = 0.0579
new best model saved.

2024-07-31 18:53:02.288445: step 6688/24320 (epoch 22/80), loss = 1.074235 (38.899 sec/epoch), lr: 0.003258
Evaluating on dev set...
...........................
source: 	 mrr: 0.033104	 ndcg_5: 0.0213	 ndcg_10: 0.0299	 hit@1:0.010862	 hit@5:0.0319	 hit@10: 0.0587
target: 	 mrr: 0.061323	 ndcg_5: 0.0546	 ndcg_10: 0.0658	 hit@1:0.027875	 hit@5:0.0815	 hit@10: 0.1164
epoch 22: train_loss = 1.074235, source_hit@10 = 0.0587, source_ndcg@10 = 0.0299, target_hit@10 = 0.1164, target_ndcg@10 = 0.0658

2024-07-31 18:53:41.492499: step 6992/24320 (epoch 23/80), loss = 1.070408 (38.864 sec/epoch), lr: 0.003095
Evaluating on dev set...
...........................
source: 	 mrr: 0.030163	 ndcg_5: 0.0165	 ndcg_10: 0.0289	 hit@1:0.008689	 hit@5:0.0253	 hit@10: 0.0637
target: 	 mrr: 0.051375	 ndcg_5: 0.0443	 ndcg_10: 0.0553	 hit@1:0.016028	 hit@5:0.0697	 hit@10: 0.1038
epoch 23: train_loss = 1.070408, source_hit@10 = 0.0637, source_ndcg@10 = 0.0289, target_hit@10 = 0.1038, target_ndcg@10 = 0.0553

2024-07-31 18:54:20.240729: step 7296/24320 (epoch 24/80), loss = 1.066520 (38.409 sec/epoch), lr: 0.002940
Evaluating on dev set...
...........................
source: 	 mrr: 0.027156	 ndcg_5: 0.0164	 ndcg_10: 0.0242	 hit@1:0.007241	 hit@5:0.0253	 hit@10: 0.0500
target: 	 mrr: 0.056408	 ndcg_5: 0.0493	 ndcg_10: 0.0596	 hit@1:0.021603	 hit@5:0.0753	 hit@10: 0.1073
epoch 24: train_loss = 1.066520, source_hit@10 = 0.0500, source_ndcg@10 = 0.0242, target_hit@10 = 0.1073, target_ndcg@10 = 0.0596

2024-07-31 18:54:59.202827: step 7600/24320 (epoch 25/80), loss = 1.064601 (38.607 sec/epoch), lr: 0.002940
Evaluating on dev set...
...........................
source: 	 mrr: 0.020332	 ndcg_5: 0.0113	 ndcg_10: 0.0189	 hit@1:0.003621	 hit@5:0.0196	 hit@10: 0.0434
target: 	 mrr: 0.055363	 ndcg_5: 0.0482	 ndcg_10: 0.0597	 hit@1:0.021603	 hit@5:0.0753	 hit@10: 0.1108
epoch 25: train_loss = 1.064601, source_hit@10 = 0.0434, source_ndcg@10 = 0.0189, target_hit@10 = 0.1108, target_ndcg@10 = 0.0597

2024-07-31 18:55:38.046381: step 7904/24320 (epoch 26/80), loss = 1.059483 (38.499 sec/epoch), lr: 0.002793
Evaluating on dev set...
...........................
source: 	 mrr: 0.022612	 ndcg_5: 0.0130	 ndcg_10: 0.0196	 hit@1:0.005793	 hit@5:0.0210	 hit@10: 0.0413
target: 	 mrr: 0.053711	 ndcg_5: 0.0463	 ndcg_10: 0.0598	 hit@1:0.021603	 hit@5:0.0732	 hit@10: 0.1150
epoch 26: train_loss = 1.059483, source_hit@10 = 0.0413, source_ndcg@10 = 0.0196, target_hit@10 = 0.1150, target_ndcg@10 = 0.0598

2024-07-31 18:56:16.165735: step 8208/24320 (epoch 27/80), loss = 1.060893 (37.782 sec/epoch), lr: 0.002793
Evaluating on dev set...
...........................
source: 	 mrr: 0.022789	 ndcg_5: 0.0136	 ndcg_10: 0.0213	 hit@1:0.003621	 hit@5:0.0239	 hit@10: 0.0478
target: 	 mrr: 0.052747	 ndcg_5: 0.0432	 ndcg_10: 0.0590	 hit@1:0.018118	 hit@5:0.0676	 hit@10: 0.1171
epoch 27: train_loss = 1.060893, source_hit@10 = 0.0478, source_ndcg@10 = 0.0213, target_hit@10 = 0.1171, target_ndcg@10 = 0.0590

2024-07-31 18:56:55.248909: step 8512/24320 (epoch 28/80), loss = 1.053052 (38.742 sec/epoch), lr: 0.002654
Evaluating on dev set...
...........................
source: 	 mrr: 0.022218	 ndcg_5: 0.0120	 ndcg_10: 0.0194	 hit@1:0.003621	 hit@5:0.0203	 hit@10: 0.0434
target: 	 mrr: 0.050115	 ndcg_5: 0.0427	 ndcg_10: 0.0573	 hit@1:0.015331	 hit@5:0.0690	 hit@10: 0.1150
epoch 28: train_loss = 1.053052, source_hit@10 = 0.0434, source_ndcg@10 = 0.0194, target_hit@10 = 0.1150, target_ndcg@10 = 0.0573

2024-07-31 18:57:34.154189: step 8816/24320 (epoch 29/80), loss = 1.049005 (38.557 sec/epoch), lr: 0.002521
Evaluating on dev set...
...........................
source: 	 mrr: 0.024665	 ndcg_5: 0.0134	 ndcg_10: 0.0214	 hit@1:0.003621	 hit@5:0.0232	 hit@10: 0.0478
target: 	 mrr: 0.046114	 ndcg_5: 0.0371	 ndcg_10: 0.0503	 hit@1:0.013240	 hit@5:0.0613	 hit@10: 0.1017
epoch 29: train_loss = 1.049005, source_hit@10 = 0.0478, source_ndcg@10 = 0.0214, target_hit@10 = 0.1017, target_ndcg@10 = 0.0503

2024-07-31 18:58:13.063518: step 9120/24320 (epoch 30/80), loss = 1.043398 (38.574 sec/epoch), lr: 0.002395
Evaluating on dev set...
...........................
source: 	 mrr: 0.030102	 ndcg_5: 0.0182	 ndcg_10: 0.0295	 hit@1:0.006517	 hit@5:0.0311	 hit@10: 0.0666
target: 	 mrr: 0.051951	 ndcg_5: 0.0433	 ndcg_10: 0.0586	 hit@1:0.017422	 hit@5:0.0690	 hit@10: 0.1171
epoch 30: train_loss = 1.043398, source_hit@10 = 0.0666, source_ndcg@10 = 0.0295, target_hit@10 = 0.1171, target_ndcg@10 = 0.0586

2024-07-31 18:58:52.017921: step 9424/24320 (epoch 31/80), loss = 1.041479 (38.619 sec/epoch), lr: 0.002395
Evaluating on dev set...
...........................
source: 	 mrr: 0.029161	 ndcg_5: 0.0188	 ndcg_10: 0.0294	 hit@1:0.005793	 hit@5:0.0326	 hit@10: 0.0659
target: 	 mrr: 0.046514	 ndcg_5: 0.0374	 ndcg_10: 0.0520	 hit@1:0.012544	 hit@5:0.0627	 hit@10: 0.1080
epoch 31: train_loss = 1.041479, source_hit@10 = 0.0659, source_ndcg@10 = 0.0294, target_hit@10 = 0.1080, target_ndcg@10 = 0.0520

2024-07-31 18:59:31.140209: step 9728/24320 (epoch 32/80), loss = 1.038416 (38.757 sec/epoch), lr: 0.002275
Evaluating on dev set...
...........................
source: 	 mrr: 0.033086	 ndcg_5: 0.0225	 ndcg_10: 0.0313	 hit@1:0.006517	 hit@5:0.0384	 hit@10: 0.0659
target: 	 mrr: 0.050380	 ndcg_5: 0.0386	 ndcg_10: 0.0549	 hit@1:0.019512	 hit@5:0.0571	 hit@10: 0.1087
epoch 32: train_loss = 1.038416, source_hit@10 = 0.0659, source_ndcg@10 = 0.0313, target_hit@10 = 0.1087, target_ndcg@10 = 0.0549

2024-07-31 19:00:10.270741: step 10032/24320 (epoch 33/80), loss = 1.037673 (38.792 sec/epoch), lr: 0.002275
Evaluating on dev set...
...........................
source: 	 mrr: 0.035287	 ndcg_5: 0.0229	 ndcg_10: 0.0369	 hit@1:0.007241	 hit@5:0.0384	 hit@10: 0.0825
target: 	 mrr: 0.052637	 ndcg_5: 0.0440	 ndcg_10: 0.0562	 hit@1:0.019512	 hit@5:0.0683	 hit@10: 0.1059
epoch 33: train_loss = 1.037673, source_hit@10 = 0.0825, source_ndcg@10 = 0.0369, target_hit@10 = 0.1059, target_ndcg@10 = 0.0562

2024-07-31 19:00:48.867810: step 10336/24320 (epoch 34/80), loss = 1.034580 (38.244 sec/epoch), lr: 0.002275
Evaluating on dev set...
...........................
source: 	 mrr: 0.034669	 ndcg_5: 0.0243	 ndcg_10: 0.0348	 hit@1:0.005793	 hit@5:0.0442	 hit@10: 0.0775
target: 	 mrr: 0.046348	 ndcg_5: 0.0376	 ndcg_10: 0.0523	 hit@1:0.013937	 hit@5:0.0627	 hit@10: 0.1080
epoch 34: train_loss = 1.034580, source_hit@10 = 0.0775, source_ndcg@10 = 0.0348, target_hit@10 = 0.1080, target_ndcg@10 = 0.0523

2024-07-31 19:01:27.284364: step 10640/24320 (epoch 35/80), loss = 1.031140 (38.078 sec/epoch), lr: 0.002161
Evaluating on dev set...
...........................
source: 	 mrr: 0.036630	 ndcg_5: 0.0245	 ndcg_10: 0.0360	 hit@1:0.009413	 hit@5:0.0406	 hit@10: 0.0760
target: 	 mrr: 0.052672	 ndcg_5: 0.0438	 ndcg_10: 0.0575	 hit@1:0.019512	 hit@5:0.0683	 hit@10: 0.1115
epoch 35: train_loss = 1.031140, source_hit@10 = 0.0760, source_ndcg@10 = 0.0360, target_hit@10 = 0.1115, target_ndcg@10 = 0.0575

2024-07-31 19:02:06.674474: step 10944/24320 (epoch 36/80), loss = 1.031353 (39.048 sec/epoch), lr: 0.002161
Evaluating on dev set...
...........................
source: 	 mrr: 0.027594	 ndcg_5: 0.0134	 ndcg_10: 0.0253	 hit@1:0.005069	 hit@5:0.0224	 hit@10: 0.0601
target: 	 mrr: 0.042696	 ndcg_5: 0.0342	 ndcg_10: 0.0461	 hit@1:0.013937	 hit@5:0.0557	 hit@10: 0.0920
epoch 36: train_loss = 1.031353, source_hit@10 = 0.0601, source_ndcg@10 = 0.0253, target_hit@10 = 0.0920, target_ndcg@10 = 0.0461

2024-07-31 19:02:45.874199: step 11248/24320 (epoch 37/80), loss = 1.028482 (38.866 sec/epoch), lr: 0.002053
Evaluating on dev set...
...........................
source: 	 mrr: 0.035742	 ndcg_5: 0.0248	 ndcg_10: 0.0344	 hit@1:0.007965	 hit@5:0.0413	 hit@10: 0.0717
target: 	 mrr: 0.047703	 ndcg_5: 0.0384	 ndcg_10: 0.0519	 hit@1:0.015331	 hit@5:0.0613	 hit@10: 0.1031
epoch 37: train_loss = 1.028482, source_hit@10 = 0.0717, source_ndcg@10 = 0.0344, target_hit@10 = 0.1031, target_ndcg@10 = 0.0519

2024-07-31 19:03:24.269527: step 11552/24320 (epoch 38/80), loss = 1.026070 (38.056 sec/epoch), lr: 0.002053
Evaluating on dev set...
...........................
source: 	 mrr: 0.031960	 ndcg_5: 0.0216	 ndcg_10: 0.0323	 hit@1:0.006517	 hit@5:0.0391	 hit@10: 0.0724
target: 	 mrr: 0.049590	 ndcg_5: 0.0401	 ndcg_10: 0.0528	 hit@1:0.020906	 hit@5:0.0599	 hit@10: 0.1003
epoch 38: train_loss = 1.026070, source_hit@10 = 0.0724, source_ndcg@10 = 0.0323, target_hit@10 = 0.1003, target_ndcg@10 = 0.0528

2024-07-31 19:04:01.482030: step 11856/24320 (epoch 39/80), loss = 1.024816 (36.877 sec/epoch), lr: 0.001951
Evaluating on dev set...
...........................
source: 	 mrr: 0.034939	 ndcg_5: 0.0238	 ndcg_10: 0.0359	 hit@1:0.006517	 hit@5:0.0406	 hit@10: 0.0782
target: 	 mrr: 0.053231	 ndcg_5: 0.0438	 ndcg_10: 0.0571	 hit@1:0.020209	 hit@5:0.0676	 hit@10: 0.1080
epoch 39: train_loss = 1.024816, source_hit@10 = 0.0782, source_ndcg@10 = 0.0359, target_hit@10 = 0.1080, target_ndcg@10 = 0.0571

2024-07-31 19:04:37.870196: step 12160/24320 (epoch 40/80), loss = 1.025706 (36.057 sec/epoch), lr: 0.001951
Evaluating on dev set...
...........................
source: 	 mrr: 0.035976	 ndcg_5: 0.0261	 ndcg_10: 0.0372	 hit@1:0.007965	 hit@5:0.0434	 hit@10: 0.0782
target: 	 mrr: 0.050299	 ndcg_5: 0.0412	 ndcg_10: 0.0535	 hit@1:0.016725	 hit@5:0.0662	 hit@10: 0.1045
epoch 40: train_loss = 1.025706, source_hit@10 = 0.0782, source_ndcg@10 = 0.0372, target_hit@10 = 0.1045, target_ndcg@10 = 0.0535

2024-07-31 19:05:15.906085: step 12464/24320 (epoch 41/80), loss = 1.022051 (37.704 sec/epoch), lr: 0.001853
Evaluating on dev set...
...........................
source: 	 mrr: 0.037283	 ndcg_5: 0.0271	 ndcg_10: 0.0362	 hit@1:0.010138	 hit@5:0.0456	 hit@10: 0.0739
target: 	 mrr: 0.054104	 ndcg_5: 0.0446	 ndcg_10: 0.0596	 hit@1:0.019512	 hit@5:0.0704	 hit@10: 0.1164
epoch 41: train_loss = 1.022051, source_hit@10 = 0.0739, source_ndcg@10 = 0.0362, target_hit@10 = 0.1164, target_ndcg@10 = 0.0596

2024-07-31 19:05:51.698188: step 12768/24320 (epoch 42/80), loss = 1.023097 (35.463 sec/epoch), lr: 0.001853
Evaluating on dev set...
...........................
source: 	 mrr: 0.037049	 ndcg_5: 0.0270	 ndcg_10: 0.0385	 hit@1:0.007241	 hit@5:0.0463	 hit@10: 0.0825
target: 	 mrr: 0.054316	 ndcg_5: 0.0462	 ndcg_10: 0.0591	 hit@1:0.020209	 hit@5:0.0725	 hit@10: 0.1129
epoch 42: train_loss = 1.023097, source_hit@10 = 0.0825, source_ndcg@10 = 0.0385, target_hit@10 = 0.1129, target_ndcg@10 = 0.0591

2024-07-31 19:06:27.488292: step 13072/24320 (epoch 43/80), loss = 1.018354 (35.460 sec/epoch), lr: 0.001761
Evaluating on dev set...
...........................
source: 	 mrr: 0.037283	 ndcg_5: 0.0254	 ndcg_10: 0.0379	 hit@1:0.010138	 hit@5:0.0406	 hit@10: 0.0797
target: 	 mrr: 0.052349	 ndcg_5: 0.0428	 ndcg_10: 0.0590	 hit@1:0.020209	 hit@5:0.0669	 hit@10: 0.1171
epoch 43: train_loss = 1.018354, source_hit@10 = 0.0797, source_ndcg@10 = 0.0379, target_hit@10 = 0.1171, target_ndcg@10 = 0.0590

2024-07-31 19:07:03.814185: step 13376/24320 (epoch 44/80), loss = 1.016540 (35.983 sec/epoch), lr: 0.001672
Evaluating on dev set...
...........................
source: 	 mrr: 0.033577	 ndcg_5: 0.0216	 ndcg_10: 0.0324	 hit@1:0.007241	 hit@5:0.0348	 hit@10: 0.0681
target: 	 mrr: 0.052515	 ndcg_5: 0.0436	 ndcg_10: 0.0568	 hit@1:0.016028	 hit@5:0.0690	 hit@10: 0.1094
epoch 44: train_loss = 1.016540, source_hit@10 = 0.0681, source_ndcg@10 = 0.0324, target_hit@10 = 0.1094, target_ndcg@10 = 0.0568

2024-07-31 19:07:41.238126: step 13680/24320 (epoch 45/80), loss = 1.014926 (37.085 sec/epoch), lr: 0.001589
Evaluating on dev set...
...........................
source: 	 mrr: 0.034814	 ndcg_5: 0.0212	 ndcg_10: 0.0348	 hit@1:0.007965	 hit@5:0.0348	 hit@10: 0.0775
target: 	 mrr: 0.047175	 ndcg_5: 0.0413	 ndcg_10: 0.0502	 hit@1:0.016028	 hit@5:0.0662	 hit@10: 0.0941
epoch 45: train_loss = 1.014926, source_hit@10 = 0.0775, source_ndcg@10 = 0.0348, target_hit@10 = 0.0941, target_ndcg@10 = 0.0502

2024-07-31 19:08:18.956602: step 13984/24320 (epoch 46/80), loss = 1.012858 (37.387 sec/epoch), lr: 0.001509
Evaluating on dev set...
...........................
source: 	 mrr: 0.034648	 ndcg_5: 0.0230	 ndcg_10: 0.0331	 hit@1:0.009413	 hit@5:0.0377	 hit@10: 0.0695
target: 	 mrr: 0.047061	 ndcg_5: 0.0379	 ndcg_10: 0.0509	 hit@1:0.016028	 hit@5:0.0606	 hit@10: 0.1017
epoch 46: train_loss = 1.012858, source_hit@10 = 0.0695, source_ndcg@10 = 0.0331, target_hit@10 = 0.1017, target_ndcg@10 = 0.0509

2024-07-31 19:08:55.947946: step 14288/24320 (epoch 47/80), loss = 1.010294 (36.657 sec/epoch), lr: 0.001434
Evaluating on dev set...
...........................
source: 	 mrr: 0.037565	 ndcg_5: 0.0266	 ndcg_10: 0.0382	 hit@1:0.009413	 hit@5:0.0449	 hit@10: 0.0811
target: 	 mrr: 0.052321	 ndcg_5: 0.0442	 ndcg_10: 0.0589	 hit@1:0.017422	 hit@5:0.0711	 hit@10: 0.1164
source best!
.............
source: 	 mrr: 0.035743	 ndcg_5: 0.0268	 ndcg_10: 0.0365	 hit@1:0.006902	 hit@5:0.0475	 hit@10: 0.0782
epoch 47: train_loss = 1.010294, source_hit@10 = 0.0782, source_ndcg@10 = 0.0365, target_hit@10 = 0.1164, target_ndcg@10 = 0.0589

2024-07-31 19:09:32.979622: step 14592/24320 (epoch 48/80), loss = 1.009547 (36.561 sec/epoch), lr: 0.001434
Evaluating on dev set...
...........................
source: 	 mrr: 0.036314	 ndcg_5: 0.0233	 ndcg_10: 0.0355	 hit@1:0.010862	 hit@5:0.0369	 hit@10: 0.0753
target: 	 mrr: 0.055257	 ndcg_5: 0.0480	 ndcg_10: 0.0616	 hit@1:0.020209	 hit@5:0.0746	 hit@10: 0.1171
epoch 48: train_loss = 1.009547, source_hit@10 = 0.0753, source_ndcg@10 = 0.0355, target_hit@10 = 0.1171, target_ndcg@10 = 0.0616

2024-07-31 19:10:09.575420: step 14896/24320 (epoch 49/80), loss = 1.007528 (36.262 sec/epoch), lr: 0.001434
Evaluating on dev set...
...........................
source: 	 mrr: 0.038229	 ndcg_5: 0.0287	 ndcg_10: 0.0384	 hit@1:0.009413	 hit@5:0.0485	 hit@10: 0.0789
target: 	 mrr: 0.052079	 ndcg_5: 0.0455	 ndcg_10: 0.0558	 hit@1:0.018815	 hit@5:0.0732	 hit@10: 0.1052
source best!
.............
source: 	 mrr: 0.037340	 ndcg_5: 0.0266	 ndcg_10: 0.0373	 hit@1:0.011503	 hit@5:0.0429	 hit@10: 0.0759
epoch 49: train_loss = 1.007528, source_hit@10 = 0.0759, source_ndcg@10 = 0.0373, target_hit@10 = 0.1052, target_ndcg@10 = 0.0558

2024-07-31 19:10:45.447868: step 15200/24320 (epoch 50/80), loss = 1.006894 (35.414 sec/epoch), lr: 0.001362
Evaluating on dev set...
...........................
source: 	 mrr: 0.035362	 ndcg_5: 0.0256	 ndcg_10: 0.0383	 hit@1:0.007241	 hit@5:0.0449	 hit@10: 0.0847
target: 	 mrr: 0.051864	 ndcg_5: 0.0407	 ndcg_10: 0.0569	 hit@1:0.020209	 hit@5:0.0606	 hit@10: 0.1108
epoch 50: train_loss = 1.006894, source_hit@10 = 0.0847, source_ndcg@10 = 0.0383, target_hit@10 = 0.1108, target_ndcg@10 = 0.0569
shift to transfer learning mode

2024-07-31 19:11:21.913195: step 15504/24320 (epoch 51/80), loss = 1.003964 (36.135 sec/epoch), lr: 0.001294
Evaluating on dev set...
...........................
source: 	 mrr: 0.036678	 ndcg_5: 0.0243	 ndcg_10: 0.0392	 hit@1:0.010138	 hit@5:0.0398	 hit@10: 0.0862
target: 	 mrr: 0.053108	 ndcg_5: 0.0476	 ndcg_10: 0.0597	 hit@1:0.017422	 hit@5:0.0774	 hit@10: 0.1150
epoch 51: train_loss = 1.003964, source_hit@10 = 0.0862, source_ndcg@10 = 0.0392, target_hit@10 = 0.1150, target_ndcg@10 = 0.0597

2024-07-31 19:11:58.627610: step 15808/24320 (epoch 52/80), loss = 1.003470 (36.385 sec/epoch), lr: 0.001294
Evaluating on dev set...
...........................
source: 	 mrr: 0.038252	 ndcg_5: 0.0255	 ndcg_10: 0.0405	 hit@1:0.008689	 hit@5:0.0420	 hit@10: 0.0883
target: 	 mrr: 0.054808	 ndcg_5: 0.0487	 ndcg_10: 0.0602	 hit@1:0.018815	 hit@5:0.0767	 hit@10: 0.1122
source best!
.............
source: 	 mrr: 0.038602	 ndcg_5: 0.0269	 ndcg_10: 0.0389	 hit@1:0.009969	 hit@5:0.0429	 hit@10: 0.0805
epoch 52: train_loss = 1.003470, source_hit@10 = 0.0805, source_ndcg@10 = 0.0389, target_hit@10 = 0.1122, target_ndcg@10 = 0.0602

2024-07-31 19:12:35.692029: step 16112/24320 (epoch 53/80), loss = 1.002825 (36.607 sec/epoch), lr: 0.001294
Evaluating on dev set...
...........................
source: 	 mrr: 0.035580	 ndcg_5: 0.0240	 ndcg_10: 0.0350	 hit@1:0.010138	 hit@5:0.0391	 hit@10: 0.0731
target: 	 mrr: 0.055646	 ndcg_5: 0.0506	 ndcg_10: 0.0619	 hit@1:0.018815	 hit@5:0.0815	 hit@10: 0.1171
epoch 53: train_loss = 1.002825, source_hit@10 = 0.0731, source_ndcg@10 = 0.0350, target_hit@10 = 0.1171, target_ndcg@10 = 0.0619

2024-07-31 19:13:12.518836: step 16416/24320 (epoch 54/80), loss = 0.998387 (36.496 sec/epoch), lr: 0.001229
Evaluating on dev set...
...........................
source: 	 mrr: 0.032611	 ndcg_5: 0.0232	 ndcg_10: 0.0312	 hit@1:0.006517	 hit@5:0.0406	 hit@10: 0.0659
target: 	 mrr: 0.055827	 ndcg_5: 0.0484	 ndcg_10: 0.0593	 hit@1:0.023693	 hit@5:0.0725	 hit@10: 0.1059
epoch 54: train_loss = 0.998387, source_hit@10 = 0.0659, source_ndcg@10 = 0.0312, target_hit@10 = 0.1059, target_ndcg@10 = 0.0593

2024-07-31 19:13:49.361130: step 16720/24320 (epoch 55/80), loss = 0.998449 (36.504 sec/epoch), lr: 0.001168
Evaluating on dev set...
...........................
source: 	 mrr: 0.037723	 ndcg_5: 0.0269	 ndcg_10: 0.0361	 hit@1:0.008689	 hit@5:0.0456	 hit@10: 0.0739
target: 	 mrr: 0.053728	 ndcg_5: 0.0466	 ndcg_10: 0.0589	 hit@1:0.018815	 hit@5:0.0746	 hit@10: 0.1122
epoch 55: train_loss = 0.998449, source_hit@10 = 0.0739, source_ndcg@10 = 0.0361, target_hit@10 = 0.1122, target_ndcg@10 = 0.0589

2024-07-31 19:14:26.770817: step 17024/24320 (epoch 56/80), loss = 0.996407 (37.073 sec/epoch), lr: 0.001168
Evaluating on dev set...
...........................
source: 	 mrr: 0.034254	 ndcg_5: 0.0228	 ndcg_10: 0.0332	 hit@1:0.006517	 hit@5:0.0391	 hit@10: 0.0717
target: 	 mrr: 0.055851	 ndcg_5: 0.0494	 ndcg_10: 0.0619	 hit@1:0.023693	 hit@5:0.0780	 hit@10: 0.1171
epoch 56: train_loss = 0.996407, source_hit@10 = 0.0717, source_ndcg@10 = 0.0332, target_hit@10 = 0.1171, target_ndcg@10 = 0.0619

2024-07-31 19:15:04.124582: step 17328/24320 (epoch 57/80), loss = 0.993356 (37.023 sec/epoch), lr: 0.001110
Evaluating on dev set...
...........................
source: 	 mrr: 0.039414	 ndcg_5: 0.0274	 ndcg_10: 0.0412	 hit@1:0.010862	 hit@5:0.0434	 hit@10: 0.0862
target: 	 mrr: 0.051244	 ndcg_5: 0.0443	 ndcg_10: 0.0551	 hit@1:0.018815	 hit@5:0.0690	 hit@10: 0.1024
source best!
.............
source: 	 mrr: 0.034110	 ndcg_5: 0.0228	 ndcg_10: 0.0340	 hit@1:0.006902	 hit@5:0.0391	 hit@10: 0.0736
epoch 57: train_loss = 0.993356, source_hit@10 = 0.0736, source_ndcg@10 = 0.0340, target_hit@10 = 0.1024, target_ndcg@10 = 0.0551

2024-07-31 19:15:43.487645: step 17632/24320 (epoch 58/80), loss = 0.993662 (38.902 sec/epoch), lr: 0.001110
Evaluating on dev set...
...........................
source: 	 mrr: 0.034948	 ndcg_5: 0.0215	 ndcg_10: 0.0351	 hit@1:0.009413	 hit@5:0.0340	 hit@10: 0.0760
target: 	 mrr: 0.054362	 ndcg_5: 0.0463	 ndcg_10: 0.0604	 hit@1:0.020209	 hit@5:0.0725	 hit@10: 0.1164
epoch 58: train_loss = 0.993662, source_hit@10 = 0.0760, source_ndcg@10 = 0.0351, target_hit@10 = 0.1164, target_ndcg@10 = 0.0604

2024-07-31 19:16:20.939238: step 17936/24320 (epoch 59/80), loss = 0.990198 (37.119 sec/epoch), lr: 0.001054
Evaluating on dev set...
...........................
source: 	 mrr: 0.034645	 ndcg_5: 0.0238	 ndcg_10: 0.0357	 hit@1:0.006517	 hit@5:0.0434	 hit@10: 0.0811
target: 	 mrr: 0.049111	 ndcg_5: 0.0412	 ndcg_10: 0.0549	 hit@1:0.014634	 hit@5:0.0669	 hit@10: 0.1101
epoch 59: train_loss = 0.990198, source_hit@10 = 0.0811, source_ndcg@10 = 0.0357, target_hit@10 = 0.1101, target_ndcg@10 = 0.0549

2024-07-31 19:16:58.812443: step 18240/24320 (epoch 60/80), loss = 0.988230 (37.539 sec/epoch), lr: 0.001001
Evaluating on dev set...
...........................
source: 	 mrr: 0.039136	 ndcg_5: 0.0261	 ndcg_10: 0.0397	 hit@1:0.011586	 hit@5:0.0398	 hit@10: 0.0825
target: 	 mrr: 0.052569	 ndcg_5: 0.0451	 ndcg_10: 0.0572	 hit@1:0.018815	 hit@5:0.0718	 hit@10: 0.1087
epoch 60: train_loss = 0.988230, source_hit@10 = 0.0825, source_ndcg@10 = 0.0397, target_hit@10 = 0.1087, target_ndcg@10 = 0.0572

2024-07-31 19:17:35.460204: step 18544/24320 (epoch 61/80), loss = 0.985342 (36.319 sec/epoch), lr: 0.001001
Evaluating on dev set...
...........................
source: 	 mrr: 0.040695	 ndcg_5: 0.0290	 ndcg_10: 0.0413	 hit@1:0.011586	 hit@5:0.0463	 hit@10: 0.0840
target: 	 mrr: 0.054863	 ndcg_5: 0.0464	 ndcg_10: 0.0596	 hit@1:0.022997	 hit@5:0.0711	 hit@10: 0.1122
source best!
.............
source: 	 mrr: 0.034891	 ndcg_5: 0.0244	 ndcg_10: 0.0369	 hit@1:0.006135	 hit@5:0.0445	 hit@10: 0.0836
epoch 61: train_loss = 0.985342, source_hit@10 = 0.0836, source_ndcg@10 = 0.0369, target_hit@10 = 0.1122, target_ndcg@10 = 0.0596

2024-07-31 19:18:14.264033: step 18848/24320 (epoch 62/80), loss = 0.984668 (38.344 sec/epoch), lr: 0.001001
Evaluating on dev set...
...........................
source: 	 mrr: 0.043961	 ndcg_5: 0.0317	 ndcg_10: 0.0439	 hit@1:0.015930	 hit@5:0.0478	 hit@10: 0.0862
target: 	 mrr: 0.046767	 ndcg_5: 0.0366	 ndcg_10: 0.0508	 hit@1:0.016725	 hit@5:0.0557	 hit@10: 0.1003
source best!
.............
source: 	 mrr: 0.038320	 ndcg_5: 0.0277	 ndcg_10: 0.0380	 hit@1:0.010736	 hit@5:0.0460	 hit@10: 0.0782
epoch 62: train_loss = 0.984668, source_hit@10 = 0.0782, source_ndcg@10 = 0.0380, target_hit@10 = 0.1003, target_ndcg@10 = 0.0508

2024-07-31 19:18:51.092917: step 19152/24320 (epoch 63/80), loss = 0.983379 (36.369 sec/epoch), lr: 0.000951
Evaluating on dev set...
...........................
source: 	 mrr: 0.040574	 ndcg_5: 0.0306	 ndcg_10: 0.0392	 hit@1:0.011586	 hit@5:0.0500	 hit@10: 0.0775
target: 	 mrr: 0.054078	 ndcg_5: 0.0469	 ndcg_10: 0.0603	 hit@1:0.018815	 hit@5:0.0746	 hit@10: 0.1164
epoch 63: train_loss = 0.983379, source_hit@10 = 0.0775, source_ndcg@10 = 0.0392, target_hit@10 = 0.1164, target_ndcg@10 = 0.0603

2024-07-31 19:19:29.079210: step 19456/24320 (epoch 64/80), loss = 0.982122 (37.656 sec/epoch), lr: 0.000951
Evaluating on dev set...
...........................
source: 	 mrr: 0.037374	 ndcg_5: 0.0257	 ndcg_10: 0.0380	 hit@1:0.007965	 hit@5:0.0442	 hit@10: 0.0825
target: 	 mrr: 0.053330	 ndcg_5: 0.0455	 ndcg_10: 0.0592	 hit@1:0.017422	 hit@5:0.0725	 hit@10: 0.1150
epoch 64: train_loss = 0.982122, source_hit@10 = 0.0825, source_ndcg@10 = 0.0380, target_hit@10 = 0.1150, target_ndcg@10 = 0.0592

2024-07-31 19:20:07.543132: step 19760/24320 (epoch 65/80), loss = 0.978587 (38.133 sec/epoch), lr: 0.000904
Evaluating on dev set...
...........................
source: 	 mrr: 0.038260	 ndcg_5: 0.0283	 ndcg_10: 0.0391	 hit@1:0.010138	 hit@5:0.0471	 hit@10: 0.0811
target: 	 mrr: 0.051007	 ndcg_5: 0.0418	 ndcg_10: 0.0558	 hit@1:0.016725	 hit@5:0.0655	 hit@10: 0.1094
epoch 65: train_loss = 0.978587, source_hit@10 = 0.0811, source_ndcg@10 = 0.0391, target_hit@10 = 0.1094, target_ndcg@10 = 0.0558

2024-07-31 19:20:45.376738: step 20064/24320 (epoch 66/80), loss = 0.972931 (37.503 sec/epoch), lr: 0.000859
Evaluating on dev set...
...........................
source: 	 mrr: 0.036137	 ndcg_5: 0.0234	 ndcg_10: 0.0344	 hit@1:0.007965	 hit@5:0.0377	 hit@10: 0.0717
target: 	 mrr: 0.047293	 ndcg_5: 0.0395	 ndcg_10: 0.0518	 hit@1:0.017422	 hit@5:0.0620	 hit@10: 0.1003
epoch 66: train_loss = 0.972931, source_hit@10 = 0.0717, source_ndcg@10 = 0.0344, target_hit@10 = 0.1003, target_ndcg@10 = 0.0518

2024-07-31 19:21:23.021823: step 20368/24320 (epoch 67/80), loss = 0.972028 (37.317 sec/epoch), lr: 0.000816
Evaluating on dev set...
...........................
source: 	 mrr: 0.046343	 ndcg_5: 0.0352	 ndcg_10: 0.0479	 hit@1:0.015930	 hit@5:0.0543	 hit@10: 0.0941
target: 	 mrr: 0.055078	 ndcg_5: 0.0474	 ndcg_10: 0.0595	 hit@1:0.020906	 hit@5:0.0725	 hit@10: 0.1101
source best!
.............
source: 	 mrr: 0.038007	 ndcg_5: 0.0275	 ndcg_10: 0.0401	 hit@1:0.008436	 hit@5:0.0475	 hit@10: 0.0867
epoch 67: train_loss = 0.972028, source_hit@10 = 0.0867, source_ndcg@10 = 0.0401, target_hit@10 = 0.1101, target_ndcg@10 = 0.0595

2024-07-31 19:22:01.451723: step 20672/24320 (epoch 68/80), loss = 0.968955 (37.970 sec/epoch), lr: 0.000816
Evaluating on dev set...
...........................
source: 	 mrr: 0.038870	 ndcg_5: 0.0286	 ndcg_10: 0.0384	 hit@1:0.009413	 hit@5:0.0471	 hit@10: 0.0775
target: 	 mrr: 0.052337	 ndcg_5: 0.0429	 ndcg_10: 0.0577	 hit@1:0.016725	 hit@5:0.0662	 hit@10: 0.1122
epoch 68: train_loss = 0.968955, source_hit@10 = 0.0775, source_ndcg@10 = 0.0384, target_hit@10 = 0.1122, target_ndcg@10 = 0.0577

2024-07-31 19:22:39.205347: step 20976/24320 (epoch 69/80), loss = 0.966992 (37.424 sec/epoch), lr: 0.000775
Evaluating on dev set...
...........................
source: 	 mrr: 0.043164	 ndcg_5: 0.0323	 ndcg_10: 0.0411	 hit@1:0.017379	 hit@5:0.0471	 hit@10: 0.0746
target: 	 mrr: 0.053282	 ndcg_5: 0.0454	 ndcg_10: 0.0595	 hit@1:0.018815	 hit@5:0.0711	 hit@10: 0.1150
epoch 69: train_loss = 0.966992, source_hit@10 = 0.0746, source_ndcg@10 = 0.0411, target_hit@10 = 0.1150, target_ndcg@10 = 0.0595

2024-07-31 19:23:17.875548: step 21280/24320 (epoch 70/80), loss = 0.965317 (38.342 sec/epoch), lr: 0.000775
Evaluating on dev set...
...........................
source: 	 mrr: 0.038023	 ndcg_5: 0.0269	 ndcg_10: 0.0375	 hit@1:0.010138	 hit@5:0.0442	 hit@10: 0.0775
target: 	 mrr: 0.059326	 ndcg_5: 0.0508	 ndcg_10: 0.0639	 hit@1:0.029965	 hit@5:0.0725	 hit@10: 0.1129
epoch 70: train_loss = 0.965317, source_hit@10 = 0.0775, source_ndcg@10 = 0.0375, target_hit@10 = 0.1129, target_ndcg@10 = 0.0639

2024-07-31 19:23:56.564835: step 21584/24320 (epoch 71/80), loss = 0.962640 (38.359 sec/epoch), lr: 0.000775
Evaluating on dev set...
...........................
source: 	 mrr: 0.042712	 ndcg_5: 0.0337	 ndcg_10: 0.0442	 hit@1:0.013758	 hit@5:0.0565	 hit@10: 0.0898
target: 	 mrr: 0.055051	 ndcg_5: 0.0475	 ndcg_10: 0.0617	 hit@1:0.018815	 hit@5:0.0753	 hit@10: 0.1192
epoch 71: train_loss = 0.962640, source_hit@10 = 0.0898, source_ndcg@10 = 0.0442, target_hit@10 = 0.1192, target_ndcg@10 = 0.0617

2024-07-31 19:24:34.609934: step 21888/24320 (epoch 72/80), loss = 0.959389 (37.715 sec/epoch), lr: 0.000775
Evaluating on dev set...
...........................
source: 	 mrr: 0.041465	 ndcg_5: 0.0301	 ndcg_10: 0.0412	 hit@1:0.013034	 hit@5:0.0478	 hit@10: 0.0825
target: 	 mrr: 0.053934	 ndcg_5: 0.0473	 ndcg_10: 0.0593	 hit@1:0.020209	 hit@5:0.0739	 hit@10: 0.1115
epoch 72: train_loss = 0.959389, source_hit@10 = 0.0825, source_ndcg@10 = 0.0412, target_hit@10 = 0.1115, target_ndcg@10 = 0.0593
early termination of training
