nohup: ignoring input
using gpu:0 to train the model
using gpu:0 to train the model
cuda:0
Namespace(A_split=False, JK='sum', a_fold=100, aggregate=False, batch_size=1024, beta=1.5, conv_layers=4, cuda=True, decay_epoch=10, device=device(type='cuda', index=0), device_id='0', domains='game_video', dropout=0.5, epoch=80, feature_dim=126, hidden_dim=126, inter_tau=0.2, intra_tau=1, lambda_constra=0.3, lambda_critic=0.5, leakey=0.01, load=False, log='logs.txt', log_epoch=1, lr=0.004, lr_decay=0.95, min_epoch=50, mode='train', model_file=None, model_name='gv', momentum=0.98, num_latent_factors=3, num_negative=100, optim='adam', patience=50, proj_layers=1, projection=1, residual=1, save=True, save_dir='./saved_models', seed=32, similarity_tau=0.1, test_sample_number=999, transfer_epoch=50, user_batch_size=256, weight_decay=0.0002)
number_user 25025
number_item 12319
/home/hourun/invariantCDR_v2/invariantCDR/utils/GraphMaker.py:46: RuntimeWarning: divide by zero encountered in power
  r_inv = np.power(rowsum, -1).flatten()
real graph loaded!
number_user 19457
number_item 8751
real graph loaded!
graph loaded!
Loading data from game_video with batch size 1024...
unseen test: 0
test length: 1381
unseen test: 0
test length: 1304
unseen test: 0
test length: 1435
unseen test: 0
test length: 1458
source_user_num 25025
target_user_num 19457
source_item_num 12319
target_item_num 8751
shared users id: 1737
test users 226, 217
unseen test: 0
dev length: 1000
unseen test: 0
dev length: 1000
source train data : 155036, target train data: 156091, source test data : 1304, target test data : 1458, source dev data : 1000, target dev data : 1000
2024-07-31 15:03:49.491859: step 304/24320 (epoch 1/80), loss = 1.181845 (34.137 sec/epoch), lr: 0.004000
Evaluating on dev set...
...........................
source: 	 mrr: 0.018906	 ndcg_5: 0.0104	 ndcg_10: 0.0164	 hit@1:0.005069	 hit@5:0.0159	 hit@10: 0.0348
target: 	 mrr: 0.026596	 ndcg_5: 0.0173	 ndcg_10: 0.0250	 hit@1:0.006272	 hit@5:0.0286	 hit@10: 0.0530
source best!
.............
source: 	 mrr: 0.025721	 ndcg_5: 0.0178	 ndcg_10: 0.0247	 hit@1:0.009969	 hit@5:0.0261	 hit@10: 0.0475
target best!
..............target: 	 mrr: 0.025362	 ndcg_5: 0.0152	 ndcg_10: 0.0210	 hit@1:0.006859	 hit@5:0.0233	 hit@10: 0.0418
epoch 1: train_loss = 1.181845, source_hit@10 = 0.0475, source_ndcg@10 = 0.0247, target_hit@10 = 0.0418, target_ndcg@10 = 0.0210

2024-07-31 15:04:24.271405: step 608/24320 (epoch 2/80), loss = 1.037354 (34.245 sec/epoch), lr: 0.004000
Evaluating on dev set...
...........................
source: 	 mrr: 0.023176	 ndcg_5: 0.0128	 ndcg_10: 0.0192	 hit@1:0.003621	 hit@5:0.0232	 hit@10: 0.0434
target: 	 mrr: 0.023643	 ndcg_5: 0.0135	 ndcg_10: 0.0228	 hit@1:0.004878	 hit@5:0.0223	 hit@10: 0.0516
source best!
.............
source: 	 mrr: 0.027712	 ndcg_5: 0.0172	 ndcg_10: 0.0252	 hit@1:0.005368	 hit@5:0.0299	 hit@10: 0.0544
epoch 2: train_loss = 1.037354, source_hit@10 = 0.0544, source_ndcg@10 = 0.0252, target_hit@10 = 0.0516, target_ndcg@10 = 0.0228
new best model saved.

2024-07-31 15:04:59.120423: step 912/24320 (epoch 3/80), loss = 0.993638 (34.365 sec/epoch), lr: 0.004000
Evaluating on dev set...
...........................
source: 	 mrr: 0.027744	 ndcg_5: 0.0167	 ndcg_10: 0.0268	 hit@1:0.005793	 hit@5:0.0297	 hit@10: 0.0615
target: 	 mrr: 0.025372	 ndcg_5: 0.0169	 ndcg_10: 0.0243	 hit@1:0.003484	 hit@5:0.0314	 hit@10: 0.0544
source best!
.............
source: 	 mrr: 0.027936	 ndcg_5: 0.0154	 ndcg_10: 0.0253	 hit@1:0.006135	 hit@5:0.0245	 hit@10: 0.0552
epoch 3: train_loss = 0.993638, source_hit@10 = 0.0552, source_ndcg@10 = 0.0253, target_hit@10 = 0.0544, target_ndcg@10 = 0.0243
new best model saved.

2024-07-31 15:05:34.451804: step 1216/24320 (epoch 4/80), loss = 0.979470 (34.816 sec/epoch), lr: 0.004000
Evaluating on dev set...
...........................
source: 	 mrr: 0.031072	 ndcg_5: 0.0200	 ndcg_10: 0.0295	 hit@1:0.007241	 hit@5:0.0348	 hit@10: 0.0644
target: 	 mrr: 0.024439	 ndcg_5: 0.0166	 ndcg_10: 0.0236	 hit@1:0.006272	 hit@5:0.0286	 hit@10: 0.0502
source best!
.............
source: 	 mrr: 0.033556	 ndcg_5: 0.0234	 ndcg_10: 0.0332	 hit@1:0.006902	 hit@5:0.0399	 hit@10: 0.0706
epoch 4: train_loss = 0.979470, source_hit@10 = 0.0706, source_ndcg@10 = 0.0332, target_hit@10 = 0.0502, target_ndcg@10 = 0.0236
new best model saved.

2024-07-31 15:06:11.099364: step 1520/24320 (epoch 5/80), loss = 0.974562 (36.141 sec/epoch), lr: 0.004000
Evaluating on dev set...
...........................
source: 	 mrr: 0.031473	 ndcg_5: 0.0202	 ndcg_10: 0.0295	 hit@1:0.009413	 hit@5:0.0319	 hit@10: 0.0601
target: 	 mrr: 0.032213	 ndcg_5: 0.0226	 ndcg_10: 0.0334	 hit@1:0.007666	 hit@5:0.0383	 hit@10: 0.0718
source best!
.............
source: 	 mrr: 0.028792	 ndcg_5: 0.0176	 ndcg_10: 0.0264	 hit@1:0.003834	 hit@5:0.0314	 hit@10: 0.0590
target best!
..............target: 	 mrr: 0.030016	 ndcg_5: 0.0201	 ndcg_10: 0.0325	 hit@1:0.004115	 hit@5:0.0370	 hit@10: 0.0754
epoch 5: train_loss = 0.974562, source_hit@10 = 0.0590, source_ndcg@10 = 0.0264, target_hit@10 = 0.0754, target_ndcg@10 = 0.0325
new best model saved.

2024-07-31 15:06:48.928721: step 1824/24320 (epoch 6/80), loss = 0.969651 (37.195 sec/epoch), lr: 0.004000
Evaluating on dev set...
...........................
source: 	 mrr: 0.030687	 ndcg_5: 0.0203	 ndcg_10: 0.0304	 hit@1:0.006517	 hit@5:0.0348	 hit@10: 0.0666
target: 	 mrr: 0.035285	 ndcg_5: 0.0258	 ndcg_10: 0.0351	 hit@1:0.010453	 hit@5:0.0418	 hit@10: 0.0711
target best!
..............target: 	 mrr: 0.037255	 ndcg_5: 0.0286	 ndcg_10: 0.0378	 hit@1:0.008230	 hit@5:0.0480	 hit@10: 0.0768
epoch 6: train_loss = 0.969651, source_hit@10 = 0.0666, source_ndcg@10 = 0.0304, target_hit@10 = 0.0768, target_ndcg@10 = 0.0378
new best model saved.

2024-07-31 15:07:26.111799: step 2128/24320 (epoch 7/80), loss = 0.967579 (36.656 sec/epoch), lr: 0.004000
Evaluating on dev set...
...........................
source: 	 mrr: 0.033265	 ndcg_5: 0.0228	 ndcg_10: 0.0326	 hit@1:0.010138	 hit@5:0.0355	 hit@10: 0.0659
target: 	 mrr: 0.036658	 ndcg_5: 0.0271	 ndcg_10: 0.0369	 hit@1:0.011150	 hit@5:0.0432	 hit@10: 0.0739
source best!
.............
source: 	 mrr: 0.036557	 ndcg_5: 0.0270	 ndcg_10: 0.0367	 hit@1:0.013037	 hit@5:0.0414	 hit@10: 0.0721
target best!
..............target: 	 mrr: 0.041084	 ndcg_5: 0.0321	 ndcg_10: 0.0409	 hit@1:0.016461	 hit@5:0.0487	 hit@10: 0.0761
epoch 7: train_loss = 0.967579, source_hit@10 = 0.0721, source_ndcg@10 = 0.0367, target_hit@10 = 0.0761, target_ndcg@10 = 0.0409
new best model saved.

2024-07-31 15:08:03.269911: step 2432/24320 (epoch 8/80), loss = 0.966773 (36.503 sec/epoch), lr: 0.004000
Evaluating on dev set...
...........................
source: 	 mrr: 0.022439	 ndcg_5: 0.0109	 ndcg_10: 0.0206	 hit@1:0.003621	 hit@5:0.0188	 hit@10: 0.0485
target: 	 mrr: 0.031873	 ndcg_5: 0.0228	 ndcg_10: 0.0326	 hit@1:0.009059	 hit@5:0.0362	 hit@10: 0.0669
epoch 8: train_loss = 0.966773, source_hit@10 = 0.0485, source_ndcg@10 = 0.0206, target_hit@10 = 0.0669, target_ndcg@10 = 0.0326

2024-07-31 15:08:40.112058: step 2736/24320 (epoch 9/80), loss = 0.963637 (36.546 sec/epoch), lr: 0.004000
Evaluating on dev set...
...........................
source: 	 mrr: 0.027813	 ndcg_5: 0.0159	 ndcg_10: 0.0268	 hit@1:0.005069	 hit@5:0.0275	 hit@10: 0.0615
target: 	 mrr: 0.038608	 ndcg_5: 0.0296	 ndcg_10: 0.0434	 hit@1:0.007666	 hit@5:0.0509	 hit@10: 0.0941
target best!
..............target: 	 mrr: 0.041162	 ndcg_5: 0.0323	 ndcg_10: 0.0420	 hit@1:0.012346	 hit@5:0.0521	 hit@10: 0.0823
epoch 9: train_loss = 0.963637, source_hit@10 = 0.0615, source_ndcg@10 = 0.0268, target_hit@10 = 0.0823, target_ndcg@10 = 0.0420

2024-07-31 15:09:17.143652: step 3040/24320 (epoch 10/80), loss = 0.962174 (36.614 sec/epoch), lr: 0.004000
Evaluating on dev set...
...........................
source: 	 mrr: 0.030238	 ndcg_5: 0.0209	 ndcg_10: 0.0314	 hit@1:0.006517	 hit@5:0.0362	 hit@10: 0.0695
target: 	 mrr: 0.037573	 ndcg_5: 0.0268	 ndcg_10: 0.0370	 hit@1:0.011150	 hit@5:0.0418	 hit@10: 0.0739
epoch 10: train_loss = 0.962174, source_hit@10 = 0.0695, source_ndcg@10 = 0.0314, target_hit@10 = 0.0739, target_ndcg@10 = 0.0370

2024-07-31 15:09:53.262930: step 3344/24320 (epoch 11/80), loss = 0.961247 (35.823 sec/epoch), lr: 0.004000
Evaluating on dev set...
...........................
source: 	 mrr: 0.030818	 ndcg_5: 0.0195	 ndcg_10: 0.0281	 hit@1:0.007965	 hit@5:0.0319	 hit@10: 0.0587
target: 	 mrr: 0.042231	 ndcg_5: 0.0342	 ndcg_10: 0.0435	 hit@1:0.014634	 hit@5:0.0544	 hit@10: 0.0829
target best!
..............target: 	 mrr: 0.039259	 ndcg_5: 0.0297	 ndcg_10: 0.0391	 hit@1:0.011660	 hit@5:0.0466	 hit@10: 0.0761
epoch 11: train_loss = 0.961247, source_hit@10 = 0.0587, source_ndcg@10 = 0.0281, target_hit@10 = 0.0761, target_ndcg@10 = 0.0391
new best model saved.

2024-07-31 15:10:30.635058: step 3648/24320 (epoch 12/80), loss = 0.956850 (36.865 sec/epoch), lr: 0.004000
Evaluating on dev set...
...........................
source: 	 mrr: 0.031010	 ndcg_5: 0.0220	 ndcg_10: 0.0305	 hit@1:0.006517	 hit@5:0.0362	 hit@10: 0.0630
target: 	 mrr: 0.042284	 ndcg_5: 0.0317	 ndcg_10: 0.0454	 hit@1:0.013937	 hit@5:0.0495	 hit@10: 0.0927
target best!
..............target: 	 mrr: 0.040865	 ndcg_5: 0.0304	 ndcg_10: 0.0443	 hit@1:0.011660	 hit@5:0.0501	 hit@10: 0.0940
epoch 12: train_loss = 0.956850, source_hit@10 = 0.0630, source_ndcg@10 = 0.0305, target_hit@10 = 0.0940, target_ndcg@10 = 0.0443

2024-07-31 15:11:07.613925: step 3952/24320 (epoch 13/80), loss = 0.950967 (36.565 sec/epoch), lr: 0.004000
Evaluating on dev set...
...........................
source: 	 mrr: 0.029532	 ndcg_5: 0.0196	 ndcg_10: 0.0294	 hit@1:0.006517	 hit@5:0.0333	 hit@10: 0.0637
target: 	 mrr: 0.038267	 ndcg_5: 0.0280	 ndcg_10: 0.0371	 hit@1:0.012544	 hit@5:0.0425	 hit@10: 0.0704
epoch 13: train_loss = 0.950967, source_hit@10 = 0.0637, source_ndcg@10 = 0.0294, target_hit@10 = 0.0704, target_ndcg@10 = 0.0371

2024-07-31 15:11:44.509676: step 4256/24320 (epoch 14/80), loss = 0.948869 (36.582 sec/epoch), lr: 0.003800
Evaluating on dev set...
...........................
source: 	 mrr: 0.032263	 ndcg_5: 0.0211	 ndcg_10: 0.0294	 hit@1:0.008689	 hit@5:0.0348	 hit@10: 0.0608
target: 	 mrr: 0.039797	 ndcg_5: 0.0314	 ndcg_10: 0.0422	 hit@1:0.008362	 hit@5:0.0530	 hit@10: 0.0871
epoch 14: train_loss = 0.948869, source_hit@10 = 0.0608, source_ndcg@10 = 0.0294, target_hit@10 = 0.0871, target_ndcg@10 = 0.0422

2024-07-31 15:12:22.526249: step 4560/24320 (epoch 15/80), loss = 0.945825 (37.723 sec/epoch), lr: 0.003800
Evaluating on dev set...
...........................
source: 	 mrr: 0.029228	 ndcg_5: 0.0187	 ndcg_10: 0.0268	 hit@1:0.006517	 hit@5:0.0319	 hit@10: 0.0572
target: 	 mrr: 0.043055	 ndcg_5: 0.0329	 ndcg_10: 0.0423	 hit@1:0.017422	 hit@5:0.0488	 hit@10: 0.0780
target best!
..............target: 	 mrr: 0.040504	 ndcg_5: 0.0309	 ndcg_10: 0.0441	 hit@1:0.010288	 hit@5:0.0514	 hit@10: 0.0926
epoch 15: train_loss = 0.945825, source_hit@10 = 0.0572, source_ndcg@10 = 0.0268, target_hit@10 = 0.0926, target_ndcg@10 = 0.0441

2024-07-31 15:12:59.401529: step 4864/24320 (epoch 16/80), loss = 0.945286 (36.459 sec/epoch), lr: 0.003800
Evaluating on dev set...
...........................
source: 	 mrr: 0.028055	 ndcg_5: 0.0191	 ndcg_10: 0.0253	 hit@1:0.007241	 hit@5:0.0319	 hit@10: 0.0514
target: 	 mrr: 0.046189	 ndcg_5: 0.0375	 ndcg_10: 0.0490	 hit@1:0.016028	 hit@5:0.0592	 hit@10: 0.0955
target best!
..............target: 	 mrr: 0.049312	 ndcg_5: 0.0409	 ndcg_10: 0.0562	 hit@1:0.016461	 hit@5:0.0665	 hit@10: 0.1132
epoch 16: train_loss = 0.945286, source_hit@10 = 0.0514, source_ndcg@10 = 0.0253, target_hit@10 = 0.1132, target_ndcg@10 = 0.0562

2024-07-31 15:13:36.281068: step 5168/24320 (epoch 17/80), loss = 0.943455 (36.461 sec/epoch), lr: 0.003800
Evaluating on dev set...
...........................
source: 	 mrr: 0.026522	 ndcg_5: 0.0188	 ndcg_10: 0.0257	 hit@1:0.003621	 hit@5:0.0369	 hit@10: 0.0587
target: 	 mrr: 0.042009	 ndcg_5: 0.0300	 ndcg_10: 0.0423	 hit@1:0.017422	 hit@5:0.0432	 hit@10: 0.0815
epoch 17: train_loss = 0.943455, source_hit@10 = 0.0587, source_ndcg@10 = 0.0257, target_hit@10 = 0.0815, target_ndcg@10 = 0.0423

2024-07-31 15:14:13.270340: step 5472/24320 (epoch 18/80), loss = 0.940264 (36.695 sec/epoch), lr: 0.003610
Evaluating on dev set...
...........................
source: 	 mrr: 0.033569	 ndcg_5: 0.0217	 ndcg_10: 0.0306	 hit@1:0.010138	 hit@5:0.0340	 hit@10: 0.0615
target: 	 mrr: 0.047341	 ndcg_5: 0.0398	 ndcg_10: 0.0492	 hit@1:0.016028	 hit@5:0.0627	 hit@10: 0.0920
source best!
.............
source: 	 mrr: 0.033470	 ndcg_5: 0.0234	 ndcg_10: 0.0320	 hit@1:0.008436	 hit@5:0.0391	 hit@10: 0.0667
target best!
..............target: 	 mrr: 0.049890	 ndcg_5: 0.0419	 ndcg_10: 0.0565	 hit@1:0.015775	 hit@5:0.0693	 hit@10: 0.1145
epoch 18: train_loss = 0.940264, source_hit@10 = 0.0667, source_ndcg@10 = 0.0320, target_hit@10 = 0.1145, target_ndcg@10 = 0.0565
new best model saved.

2024-07-31 15:14:50.643580: step 5776/24320 (epoch 19/80), loss = 0.933638 (36.723 sec/epoch), lr: 0.003610
Evaluating on dev set...
...........................
source: 	 mrr: 0.029261	 ndcg_5: 0.0186	 ndcg_10: 0.0262	 hit@1:0.004345	 hit@5:0.0319	 hit@10: 0.0558
target: 	 mrr: 0.037122	 ndcg_5: 0.0271	 ndcg_10: 0.0417	 hit@1:0.007666	 hit@5:0.0488	 hit@10: 0.0948
epoch 19: train_loss = 0.933638, source_hit@10 = 0.0558, source_ndcg@10 = 0.0262, target_hit@10 = 0.0948, target_ndcg@10 = 0.0417

2024-07-31 15:15:27.358340: step 6080/24320 (epoch 20/80), loss = 0.928437 (36.392 sec/epoch), lr: 0.003429
Evaluating on dev set...
...........................
source: 	 mrr: 0.029069	 ndcg_5: 0.0189	 ndcg_10: 0.0284	 hit@1:0.004345	 hit@5:0.0355	 hit@10: 0.0652
target: 	 mrr: 0.044215	 ndcg_5: 0.0348	 ndcg_10: 0.0477	 hit@1:0.013937	 hit@5:0.0564	 hit@10: 0.0969
epoch 20: train_loss = 0.928437, source_hit@10 = 0.0652, source_ndcg@10 = 0.0284, target_hit@10 = 0.0969, target_ndcg@10 = 0.0477

2024-07-31 15:16:04.310521: step 6384/24320 (epoch 21/80), loss = 0.925119 (36.616 sec/epoch), lr: 0.003429
Evaluating on dev set...
...........................
source: 	 mrr: 0.030239	 ndcg_5: 0.0204	 ndcg_10: 0.0288	 hit@1:0.006517	 hit@5:0.0355	 hit@10: 0.0615
target: 	 mrr: 0.039689	 ndcg_5: 0.0285	 ndcg_10: 0.0423	 hit@1:0.011847	 hit@5:0.0474	 hit@10: 0.0899
epoch 21: train_loss = 0.925119, source_hit@10 = 0.0615, source_ndcg@10 = 0.0288, target_hit@10 = 0.0899, target_ndcg@10 = 0.0423

2024-07-31 15:16:41.241947: step 6688/24320 (epoch 22/80), loss = 0.920907 (36.590 sec/epoch), lr: 0.003258
Evaluating on dev set...
...........................
source: 	 mrr: 0.030740	 ndcg_5: 0.0188	 ndcg_10: 0.0273	 hit@1:0.007965	 hit@5:0.0290	 hit@10: 0.0558
target: 	 mrr: 0.040252	 ndcg_5: 0.0296	 ndcg_10: 0.0424	 hit@1:0.012544	 hit@5:0.0474	 hit@10: 0.0871
epoch 22: train_loss = 0.920907, source_hit@10 = 0.0558, source_ndcg@10 = 0.0273, target_hit@10 = 0.0871, target_ndcg@10 = 0.0424

2024-07-31 15:17:18.190461: step 6992/24320 (epoch 23/80), loss = 0.918343 (36.649 sec/epoch), lr: 0.003258
Evaluating on dev set...
...........................
source: 	 mrr: 0.028391	 ndcg_5: 0.0179	 ndcg_10: 0.0260	 hit@1:0.005069	 hit@5:0.0311	 hit@10: 0.0565
target: 	 mrr: 0.046204	 ndcg_5: 0.0363	 ndcg_10: 0.0500	 hit@1:0.018118	 hit@5:0.0557	 hit@10: 0.0976
epoch 23: train_loss = 0.918343, source_hit@10 = 0.0565, source_ndcg@10 = 0.0260, target_hit@10 = 0.0976, target_ndcg@10 = 0.0500

2024-07-31 15:17:55.362808: step 7296/24320 (epoch 24/80), loss = 0.914846 (36.864 sec/epoch), lr: 0.003258
Evaluating on dev set...
...........................
source: 	 mrr: 0.029712	 ndcg_5: 0.0214	 ndcg_10: 0.0273	 hit@1:0.006517	 hit@5:0.0362	 hit@10: 0.0550
target: 	 mrr: 0.036167	 ndcg_5: 0.0265	 ndcg_10: 0.0386	 hit@1:0.009756	 hit@5:0.0439	 hit@10: 0.0815
epoch 24: train_loss = 0.914846, source_hit@10 = 0.0550, source_ndcg@10 = 0.0273, target_hit@10 = 0.0815, target_ndcg@10 = 0.0386

2024-07-31 15:18:32.391943: step 7600/24320 (epoch 25/80), loss = 0.907973 (36.734 sec/epoch), lr: 0.003095
Evaluating on dev set...
...........................
source: 	 mrr: 0.028848	 ndcg_5: 0.0205	 ndcg_10: 0.0262	 hit@1:0.004345	 hit@5:0.0369	 hit@10: 0.0550
target: 	 mrr: 0.030431	 ndcg_5: 0.0194	 ndcg_10: 0.0300	 hit@1:0.006969	 hit@5:0.0321	 hit@10: 0.0655
epoch 25: train_loss = 0.907973, source_hit@10 = 0.0550, source_ndcg@10 = 0.0262, target_hit@10 = 0.0655, target_ndcg@10 = 0.0300

2024-07-31 15:19:09.168559: step 7904/24320 (epoch 26/80), loss = 0.901395 (36.463 sec/epoch), lr: 0.002940
Evaluating on dev set...
...........................
source: 	 mrr: 0.028320	 ndcg_5: 0.0184	 ndcg_10: 0.0246	 hit@1:0.007241	 hit@5:0.0297	 hit@10: 0.0492
target: 	 mrr: 0.037756	 ndcg_5: 0.0302	 ndcg_10: 0.0403	 hit@1:0.009756	 hit@5:0.0523	 hit@10: 0.0836
epoch 26: train_loss = 0.901395, source_hit@10 = 0.0492, source_ndcg@10 = 0.0246, target_hit@10 = 0.0836, target_ndcg@10 = 0.0403

2024-07-31 15:19:45.825452: step 8208/24320 (epoch 27/80), loss = 0.901051 (36.358 sec/epoch), lr: 0.002940
Evaluating on dev set...
...........................
source: 	 mrr: 0.031507	 ndcg_5: 0.0207	 ndcg_10: 0.0298	 hit@1:0.006517	 hit@5:0.0355	 hit@10: 0.0637
target: 	 mrr: 0.041011	 ndcg_5: 0.0308	 ndcg_10: 0.0439	 hit@1:0.010453	 hit@5:0.0523	 hit@10: 0.0927
epoch 27: train_loss = 0.901051, source_hit@10 = 0.0637, source_ndcg@10 = 0.0298, target_hit@10 = 0.0927, target_ndcg@10 = 0.0439

2024-07-31 15:20:23.262426: step 8512/24320 (epoch 28/80), loss = 0.897815 (37.143 sec/epoch), lr: 0.002940
Evaluating on dev set...
...........................
source: 	 mrr: 0.028324	 ndcg_5: 0.0180	 ndcg_10: 0.0271	 hit@1:0.005069	 hit@5:0.0319	 hit@10: 0.0601
target: 	 mrr: 0.053405	 ndcg_5: 0.0468	 ndcg_10: 0.0595	 hit@1:0.017422	 hit@5:0.0753	 hit@10: 0.1150
target best!
..............target: 	 mrr: 0.050941	 ndcg_5: 0.0420	 ndcg_10: 0.0554	 hit@1:0.017833	 hit@5:0.0679	 hit@10: 0.1091
epoch 28: train_loss = 0.897815, source_hit@10 = 0.0601, source_ndcg@10 = 0.0271, target_hit@10 = 0.1091, target_ndcg@10 = 0.0554
new best model saved.

2024-07-31 15:21:00.609386: step 8816/24320 (epoch 29/80), loss = 0.894370 (36.819 sec/epoch), lr: 0.002940
Evaluating on dev set...
...........................
source: 	 mrr: 0.029894	 ndcg_5: 0.0214	 ndcg_10: 0.0299	 hit@1:0.004345	 hit@5:0.0391	 hit@10: 0.0659
target: 	 mrr: 0.055399	 ndcg_5: 0.0490	 ndcg_10: 0.0607	 hit@1:0.022997	 hit@5:0.0753	 hit@10: 0.1122
target best!
..............target: 	 mrr: 0.047595	 ndcg_5: 0.0398	 ndcg_10: 0.0517	 hit@1:0.015775	 hit@5:0.0658	 hit@10: 0.1029
epoch 29: train_loss = 0.894370, source_hit@10 = 0.0659, source_ndcg@10 = 0.0299, target_hit@10 = 0.1029, target_ndcg@10 = 0.0517

2024-07-31 15:21:37.662498: step 9120/24320 (epoch 30/80), loss = 0.888586 (36.632 sec/epoch), lr: 0.002940
Evaluating on dev set...
...........................
source: 	 mrr: 0.034926	 ndcg_5: 0.0252	 ndcg_10: 0.0341	 hit@1:0.007965	 hit@5:0.0427	 hit@10: 0.0710
target: 	 mrr: 0.041888	 ndcg_5: 0.0335	 ndcg_10: 0.0446	 hit@1:0.011847	 hit@5:0.0571	 hit@10: 0.0920
source best!
.............
source: 	 mrr: 0.037765	 ndcg_5: 0.0275	 ndcg_10: 0.0367	 hit@1:0.010736	 hit@5:0.0452	 hit@10: 0.0736
epoch 30: train_loss = 0.888586, source_hit@10 = 0.0736, source_ndcg@10 = 0.0367, target_hit@10 = 0.0920, target_ndcg@10 = 0.0446

2024-07-31 15:22:14.844567: step 9424/24320 (epoch 31/80), loss = 0.884877 (36.778 sec/epoch), lr: 0.002793
Evaluating on dev set...
...........................
source: 	 mrr: 0.035558	 ndcg_5: 0.0256	 ndcg_10: 0.0354	 hit@1:0.010138	 hit@5:0.0420	 hit@10: 0.0724
target: 	 mrr: 0.054986	 ndcg_5: 0.0482	 ndcg_10: 0.0600	 hit@1:0.020209	 hit@5:0.0774	 hit@10: 0.1136
source best!
.............
source: 	 mrr: 0.036150	 ndcg_5: 0.0285	 ndcg_10: 0.0367	 hit@1:0.008436	 hit@5:0.0498	 hit@10: 0.0759
epoch 31: train_loss = 0.884877, source_hit@10 = 0.0759, source_ndcg@10 = 0.0367, target_hit@10 = 0.1136, target_ndcg@10 = 0.0600
new best model saved.

2024-07-31 15:22:51.887774: step 9728/24320 (epoch 32/80), loss = 0.883069 (36.549 sec/epoch), lr: 0.002793
Evaluating on dev set...
...........................
source: 	 mrr: 0.033974	 ndcg_5: 0.0231	 ndcg_10: 0.0341	 hit@1:0.007965	 hit@5:0.0384	 hit@10: 0.0731
target: 	 mrr: 0.046427	 ndcg_5: 0.0389	 ndcg_10: 0.0512	 hit@1:0.013937	 hit@5:0.0634	 hit@10: 0.1017
epoch 32: train_loss = 0.883069, source_hit@10 = 0.0731, source_ndcg@10 = 0.0341, target_hit@10 = 0.1017, target_ndcg@10 = 0.0512

2024-07-31 15:23:28.865341: step 10032/24320 (epoch 33/80), loss = 0.879769 (36.679 sec/epoch), lr: 0.002654
Evaluating on dev set...
...........................
source: 	 mrr: 0.030821	 ndcg_5: 0.0189	 ndcg_10: 0.0269	 hit@1:0.007965	 hit@5:0.0282	 hit@10: 0.0536
target: 	 mrr: 0.056582	 ndcg_5: 0.0468	 ndcg_10: 0.0613	 hit@1:0.022997	 hit@5:0.0690	 hit@10: 0.1143
target best!
..............target: 	 mrr: 0.050305	 ndcg_5: 0.0403	 ndcg_10: 0.0522	 hit@1:0.015775	 hit@5:0.0638	 hit@10: 0.1001
epoch 33: train_loss = 0.879769, source_hit@10 = 0.0536, source_ndcg@10 = 0.0269, target_hit@10 = 0.1001, target_ndcg@10 = 0.0522

2024-07-31 15:24:05.550129: step 10336/24320 (epoch 34/80), loss = 0.876582 (36.268 sec/epoch), lr: 0.002654
Evaluating on dev set...
...........................
source: 	 mrr: 0.032619	 ndcg_5: 0.0218	 ndcg_10: 0.0315	 hit@1:0.009413	 hit@5:0.0348	 hit@10: 0.0644
target: 	 mrr: 0.038733	 ndcg_5: 0.0308	 ndcg_10: 0.0403	 hit@1:0.011150	 hit@5:0.0502	 hit@10: 0.0801
epoch 34: train_loss = 0.876582, source_hit@10 = 0.0644, source_ndcg@10 = 0.0315, target_hit@10 = 0.0801, target_ndcg@10 = 0.0403

2024-07-31 15:24:42.385129: step 10640/24320 (epoch 35/80), loss = 0.873667 (36.539 sec/epoch), lr: 0.002521
Evaluating on dev set...
...........................
source: 	 mrr: 0.031711	 ndcg_5: 0.0219	 ndcg_10: 0.0300	 hit@1:0.007965	 hit@5:0.0362	 hit@10: 0.0615
target: 	 mrr: 0.040493	 ndcg_5: 0.0311	 ndcg_10: 0.0413	 hit@1:0.016028	 hit@5:0.0474	 hit@10: 0.0794
epoch 35: train_loss = 0.873667, source_hit@10 = 0.0615, source_ndcg@10 = 0.0300, target_hit@10 = 0.0794, target_ndcg@10 = 0.0413

2024-07-31 15:25:19.015415: step 10944/24320 (epoch 36/80), loss = 0.873700 (36.333 sec/epoch), lr: 0.002521
Evaluating on dev set...
...........................
source: 	 mrr: 0.031937	 ndcg_5: 0.0193	 ndcg_10: 0.0285	 hit@1:0.008689	 hit@5:0.0297	 hit@10: 0.0587
target: 	 mrr: 0.049045	 ndcg_5: 0.0411	 ndcg_10: 0.0518	 hit@1:0.016725	 hit@5:0.0648	 hit@10: 0.0983
epoch 36: train_loss = 0.873700, source_hit@10 = 0.0587, source_ndcg@10 = 0.0285, target_hit@10 = 0.0983, target_ndcg@10 = 0.0518

2024-07-31 15:25:55.563196: step 11248/24320 (epoch 37/80), loss = 0.872748 (36.244 sec/epoch), lr: 0.002521
Evaluating on dev set...
...........................
source: 	 mrr: 0.035007	 ndcg_5: 0.0231	 ndcg_10: 0.0340	 hit@1:0.010138	 hit@5:0.0369	 hit@10: 0.0710
target: 	 mrr: 0.040403	 ndcg_5: 0.0309	 ndcg_10: 0.0418	 hit@1:0.011847	 hit@5:0.0488	 hit@10: 0.0829
epoch 37: train_loss = 0.872748, source_hit@10 = 0.0710, source_ndcg@10 = 0.0340, target_hit@10 = 0.0829, target_ndcg@10 = 0.0418

2024-07-31 15:26:32.304554: step 11552/24320 (epoch 38/80), loss = 0.868756 (36.430 sec/epoch), lr: 0.002395
Evaluating on dev set...
...........................
source: 	 mrr: 0.031130	 ndcg_5: 0.0213	 ndcg_10: 0.0277	 hit@1:0.007241	 hit@5:0.0369	 hit@10: 0.0572
target: 	 mrr: 0.047896	 ndcg_5: 0.0386	 ndcg_10: 0.0512	 hit@1:0.018118	 hit@5:0.0599	 hit@10: 0.0990
epoch 38: train_loss = 0.868756, source_hit@10 = 0.0572, source_ndcg@10 = 0.0277, target_hit@10 = 0.0990, target_ndcg@10 = 0.0512

2024-07-31 15:27:09.762208: step 11856/24320 (epoch 39/80), loss = 0.867860 (37.164 sec/epoch), lr: 0.002395
Evaluating on dev set...
...........................
source: 	 mrr: 0.037949	 ndcg_5: 0.0251	 ndcg_10: 0.0373	 hit@1:0.010138	 hit@5:0.0406	 hit@10: 0.0789
target: 	 mrr: 0.041665	 ndcg_5: 0.0303	 ndcg_10: 0.0459	 hit@1:0.013937	 hit@5:0.0474	 hit@10: 0.0962
source best!
.............
source: 	 mrr: 0.038821	 ndcg_5: 0.0273	 ndcg_10: 0.0383	 hit@1:0.009202	 hit@5:0.0437	 hit@10: 0.0775
epoch 39: train_loss = 0.867860, source_hit@10 = 0.0775, source_ndcg@10 = 0.0383, target_hit@10 = 0.0962, target_ndcg@10 = 0.0459

2024-07-31 15:27:46.906777: step 12160/24320 (epoch 40/80), loss = 0.868903 (36.737 sec/epoch), lr: 0.002395
Evaluating on dev set...
...........................
source: 	 mrr: 0.027298	 ndcg_5: 0.0186	 ndcg_10: 0.0266	 hit@1:0.006517	 hit@5:0.0297	 hit@10: 0.0543
target: 	 mrr: 0.039215	 ndcg_5: 0.0289	 ndcg_10: 0.0410	 hit@1:0.013240	 hit@5:0.0453	 hit@10: 0.0829
epoch 40: train_loss = 0.868903, source_hit@10 = 0.0543, source_ndcg@10 = 0.0266, target_hit@10 = 0.0829, target_ndcg@10 = 0.0410

2024-07-31 15:28:23.637617: step 12464/24320 (epoch 41/80), loss = 0.865576 (36.435 sec/epoch), lr: 0.002275
Evaluating on dev set...
...........................
source: 	 mrr: 0.034489	 ndcg_5: 0.0245	 ndcg_10: 0.0327	 hit@1:0.009413	 hit@5:0.0398	 hit@10: 0.0659
target: 	 mrr: 0.032632	 ndcg_5: 0.0248	 ndcg_10: 0.0331	 hit@1:0.008362	 hit@5:0.0418	 hit@10: 0.0676
epoch 41: train_loss = 0.865576, source_hit@10 = 0.0659, source_ndcg@10 = 0.0327, target_hit@10 = 0.0676, target_ndcg@10 = 0.0331

2024-07-31 15:29:01.051263: step 12768/24320 (epoch 42/80), loss = 0.865527 (37.120 sec/epoch), lr: 0.002275
Evaluating on dev set...
...........................
source: 	 mrr: 0.043534	 ndcg_5: 0.0321	 ndcg_10: 0.0433	 hit@1:0.014482	 hit@5:0.0492	 hit@10: 0.0840
target: 	 mrr: 0.041932	 ndcg_5: 0.0325	 ndcg_10: 0.0435	 hit@1:0.013240	 hit@5:0.0530	 hit@10: 0.0871
source best!
.............
source: 	 mrr: 0.037241	 ndcg_5: 0.0255	 ndcg_10: 0.0366	 hit@1:0.009969	 hit@5:0.0414	 hit@10: 0.0759
epoch 42: train_loss = 0.865527, source_hit@10 = 0.0759, source_ndcg@10 = 0.0366, target_hit@10 = 0.0871, target_ndcg@10 = 0.0435

2024-07-31 15:29:38.036391: step 13072/24320 (epoch 43/80), loss = 0.863849 (36.569 sec/epoch), lr: 0.002275
Evaluating on dev set...
...........................
source: 	 mrr: 0.030991	 ndcg_5: 0.0210	 ndcg_10: 0.0292	 hit@1:0.006517	 hit@5:0.0355	 hit@10: 0.0608
target: 	 mrr: 0.045812	 ndcg_5: 0.0368	 ndcg_10: 0.0493	 hit@1:0.015331	 hit@5:0.0585	 hit@10: 0.0976
epoch 43: train_loss = 0.863849, source_hit@10 = 0.0608, source_ndcg@10 = 0.0292, target_hit@10 = 0.0976, target_ndcg@10 = 0.0493

2024-07-31 15:30:14.581265: step 13376/24320 (epoch 44/80), loss = 0.861209 (36.251 sec/epoch), lr: 0.002161
Evaluating on dev set...
...........................
source: 	 mrr: 0.040212	 ndcg_5: 0.0294	 ndcg_10: 0.0418	 hit@1:0.010862	 hit@5:0.0471	 hit@10: 0.0862
target: 	 mrr: 0.045308	 ndcg_5: 0.0365	 ndcg_10: 0.0490	 hit@1:0.014634	 hit@5:0.0585	 hit@10: 0.0976
epoch 44: train_loss = 0.861209, source_hit@10 = 0.0862, source_ndcg@10 = 0.0418, target_hit@10 = 0.0976, target_ndcg@10 = 0.0490

2024-07-31 15:30:51.981223: step 13680/24320 (epoch 45/80), loss = 0.860655 (37.099 sec/epoch), lr: 0.002161
Evaluating on dev set...
...........................
source: 	 mrr: 0.038303	 ndcg_5: 0.0269	 ndcg_10: 0.0362	 hit@1:0.013758	 hit@5:0.0406	 hit@10: 0.0695
target: 	 mrr: 0.044197	 ndcg_5: 0.0352	 ndcg_10: 0.0459	 hit@1:0.018118	 hit@5:0.0530	 hit@10: 0.0864
epoch 45: train_loss = 0.860655, source_hit@10 = 0.0695, source_ndcg@10 = 0.0362, target_hit@10 = 0.0864, target_ndcg@10 = 0.0459

2024-07-31 15:31:28.873185: step 13984/24320 (epoch 46/80), loss = 0.857418 (36.599 sec/epoch), lr: 0.002053
Evaluating on dev set...
...........................
source: 	 mrr: 0.031307	 ndcg_5: 0.0218	 ndcg_10: 0.0309	 hit@1:0.004345	 hit@5:0.0398	 hit@10: 0.0681
target: 	 mrr: 0.027531	 ndcg_5: 0.0188	 ndcg_10: 0.0271	 hit@1:0.007666	 hit@5:0.0314	 hit@10: 0.0571
epoch 46: train_loss = 0.857418, source_hit@10 = 0.0681, source_ndcg@10 = 0.0309, target_hit@10 = 0.0571, target_ndcg@10 = 0.0271

2024-07-31 15:32:06.081675: step 14288/24320 (epoch 47/80), loss = 0.855609 (36.913 sec/epoch), lr: 0.001951
Evaluating on dev set...
...........................
source: 	 mrr: 0.044898	 ndcg_5: 0.0313	 ndcg_10: 0.0426	 hit@1:0.018103	 hit@5:0.0449	 hit@10: 0.0804
target: 	 mrr: 0.048179	 ndcg_5: 0.0363	 ndcg_10: 0.0516	 hit@1:0.018118	 hit@5:0.0551	 hit@10: 0.1010
source best!
.............
source: 	 mrr: 0.040050	 ndcg_5: 0.0290	 ndcg_10: 0.0396	 hit@1:0.011503	 hit@5:0.0460	 hit@10: 0.0790
epoch 47: train_loss = 0.855609, source_hit@10 = 0.0790, source_ndcg@10 = 0.0396, target_hit@10 = 0.1010, target_ndcg@10 = 0.0516

2024-07-31 15:32:43.113708: step 14592/24320 (epoch 48/80), loss = 0.855331 (36.624 sec/epoch), lr: 0.001951
Evaluating on dev set...
...........................
source: 	 mrr: 0.041676	 ndcg_5: 0.0275	 ndcg_10: 0.0428	 hit@1:0.013758	 hit@5:0.0413	 hit@10: 0.0891
target: 	 mrr: 0.036981	 ndcg_5: 0.0289	 ndcg_10: 0.0367	 hit@1:0.013240	 hit@5:0.0432	 hit@10: 0.0676
epoch 48: train_loss = 0.855331, source_hit@10 = 0.0891, source_ndcg@10 = 0.0428, target_hit@10 = 0.0676, target_ndcg@10 = 0.0367

2024-07-31 15:33:20.130247: step 14896/24320 (epoch 49/80), loss = 0.851672 (36.720 sec/epoch), lr: 0.001853
Evaluating on dev set...
...........................
source: 	 mrr: 0.033981	 ndcg_5: 0.0223	 ndcg_10: 0.0338	 hit@1:0.004345	 hit@5:0.0398	 hit@10: 0.0753
target: 	 mrr: 0.047855	 ndcg_5: 0.0391	 ndcg_10: 0.0514	 hit@1:0.016725	 hit@5:0.0627	 hit@10: 0.1010
epoch 49: train_loss = 0.851672, source_hit@10 = 0.0753, source_ndcg@10 = 0.0338, target_hit@10 = 0.1010, target_ndcg@10 = 0.0514

2024-07-31 15:33:57.550404: step 15200/24320 (epoch 50/80), loss = 0.851512 (37.091 sec/epoch), lr: 0.001853
Evaluating on dev set...
...........................
source: 	 mrr: 0.041531	 ndcg_5: 0.0294	 ndcg_10: 0.0415	 hit@1:0.012310	 hit@5:0.0463	 hit@10: 0.0840
target: 	 mrr: 0.030516	 ndcg_5: 0.0230	 ndcg_10: 0.0331	 hit@1:0.009059	 hit@5:0.0383	 hit@10: 0.0697
epoch 50: train_loss = 0.851512, source_hit@10 = 0.0840, source_ndcg@10 = 0.0415, target_hit@10 = 0.0697, target_ndcg@10 = 0.0331
shift to transfer learning mode

2024-07-31 15:34:35.459229: step 15504/24320 (epoch 51/80), loss = 0.849089 (37.611 sec/epoch), lr: 0.001761
Evaluating on dev set...
...........................
source: 	 mrr: 0.034924	 ndcg_5: 0.0238	 ndcg_10: 0.0348	 hit@1:0.008689	 hit@5:0.0406	 hit@10: 0.0746
target: 	 mrr: 0.036218	 ndcg_5: 0.0258	 ndcg_10: 0.0378	 hit@1:0.009756	 hit@5:0.0404	 hit@10: 0.0774
epoch 51: train_loss = 0.849089, source_hit@10 = 0.0746, source_ndcg@10 = 0.0348, target_hit@10 = 0.0774, target_ndcg@10 = 0.0378

2024-07-31 15:35:12.997181: step 15808/24320 (epoch 52/80), loss = 0.847759 (37.245 sec/epoch), lr: 0.001672
Evaluating on dev set...
...........................
source: 	 mrr: 0.046130	 ndcg_5: 0.0336	 ndcg_10: 0.0457	 hit@1:0.018827	 hit@5:0.0485	 hit@10: 0.0862
target: 	 mrr: 0.039310	 ndcg_5: 0.0286	 ndcg_10: 0.0405	 hit@1:0.013937	 hit@5:0.0439	 hit@10: 0.0815
source best!
.............
source: 	 mrr: 0.035253	 ndcg_5: 0.0261	 ndcg_10: 0.0345	 hit@1:0.006902	 hit@5:0.0452	 hit@10: 0.0721
epoch 52: train_loss = 0.847759, source_hit@10 = 0.0721, source_ndcg@10 = 0.0345, target_hit@10 = 0.0815, target_ndcg@10 = 0.0405

2024-07-31 15:35:50.715917: step 16112/24320 (epoch 53/80), loss = 0.846600 (37.310 sec/epoch), lr: 0.001672
Evaluating on dev set...
...........................
source: 	 mrr: 0.039372	 ndcg_5: 0.0292	 ndcg_10: 0.0375	 hit@1:0.011586	 hit@5:0.0485	 hit@10: 0.0746
target: 	 mrr: 0.048116	 ndcg_5: 0.0397	 ndcg_10: 0.0515	 hit@1:0.016725	 hit@5:0.0641	 hit@10: 0.1003
epoch 53: train_loss = 0.846600, source_hit@10 = 0.0746, source_ndcg@10 = 0.0375, target_hit@10 = 0.1003, target_ndcg@10 = 0.0515

2024-07-31 15:36:27.765491: step 16416/24320 (epoch 54/80), loss = 0.845311 (36.755 sec/epoch), lr: 0.001672
Evaluating on dev set...
...........................
source: 	 mrr: 0.036573	 ndcg_5: 0.0260	 ndcg_10: 0.0356	 hit@1:0.010138	 hit@5:0.0413	 hit@10: 0.0710
target: 	 mrr: 0.034136	 ndcg_5: 0.0256	 ndcg_10: 0.0331	 hit@1:0.009756	 hit@5:0.0404	 hit@10: 0.0641
epoch 54: train_loss = 0.845311, source_hit@10 = 0.0710, source_ndcg@10 = 0.0356, target_hit@10 = 0.0641, target_ndcg@10 = 0.0331

2024-07-31 15:37:05.479116: step 16720/24320 (epoch 55/80), loss = 0.843486 (37.409 sec/epoch), lr: 0.001589
Evaluating on dev set...
...........................
source: 	 mrr: 0.039330	 ndcg_5: 0.0267	 ndcg_10: 0.0385	 hit@1:0.012310	 hit@5:0.0413	 hit@10: 0.0775
target: 	 mrr: 0.044423	 ndcg_5: 0.0354	 ndcg_10: 0.0481	 hit@1:0.013937	 hit@5:0.0578	 hit@10: 0.0976
epoch 55: train_loss = 0.843486, source_hit@10 = 0.0775, source_ndcg@10 = 0.0385, target_hit@10 = 0.0976, target_ndcg@10 = 0.0481

2024-07-31 15:37:43.558730: step 17024/24320 (epoch 56/80), loss = 0.842941 (37.751 sec/epoch), lr: 0.001589
Evaluating on dev set...
...........................
source: 	 mrr: 0.037717	 ndcg_5: 0.0274	 ndcg_10: 0.0377	 hit@1:0.010862	 hit@5:0.0434	 hit@10: 0.0753
target: 	 mrr: 0.047713	 ndcg_5: 0.0409	 ndcg_10: 0.0516	 hit@1:0.015331	 hit@5:0.0669	 hit@10: 0.1003
epoch 56: train_loss = 0.842941, source_hit@10 = 0.0753, source_ndcg@10 = 0.0377, target_hit@10 = 0.1003, target_ndcg@10 = 0.0516

2024-07-31 15:38:20.764461: step 17328/24320 (epoch 57/80), loss = 0.840779 (36.899 sec/epoch), lr: 0.001589
Evaluating on dev set...
...........................
source: 	 mrr: 0.037212	 ndcg_5: 0.0257	 ndcg_10: 0.0381	 hit@1:0.006517	 hit@5:0.0449	 hit@10: 0.0840
target: 	 mrr: 0.044138	 ndcg_5: 0.0352	 ndcg_10: 0.0493	 hit@1:0.011847	 hit@5:0.0585	 hit@10: 0.1031
epoch 57: train_loss = 0.840779, source_hit@10 = 0.0840, source_ndcg@10 = 0.0381, target_hit@10 = 0.1031, target_ndcg@10 = 0.0493

2024-07-31 15:38:58.661255: step 17632/24320 (epoch 58/80), loss = 0.840388 (37.593 sec/epoch), lr: 0.001509
Evaluating on dev set...
...........................
source: 	 mrr: 0.041550	 ndcg_5: 0.0295	 ndcg_10: 0.0425	 hit@1:0.011586	 hit@5:0.0463	 hit@10: 0.0862
target: 	 mrr: 0.046370	 ndcg_5: 0.0380	 ndcg_10: 0.0490	 hit@1:0.016028	 hit@5:0.0606	 hit@10: 0.0948
epoch 58: train_loss = 0.840388, source_hit@10 = 0.0862, source_ndcg@10 = 0.0425, target_hit@10 = 0.0948, target_ndcg@10 = 0.0490

2024-07-31 15:39:36.088862: step 17936/24320 (epoch 59/80), loss = 0.838980 (37.131 sec/epoch), lr: 0.001509
Evaluating on dev set...
...........................
source: 	 mrr: 0.045083	 ndcg_5: 0.0331	 ndcg_10: 0.0480	 hit@1:0.015930	 hit@5:0.0514	 hit@10: 0.0978
target: 	 mrr: 0.046396	 ndcg_5: 0.0366	 ndcg_10: 0.0499	 hit@1:0.013937	 hit@5:0.0571	 hit@10: 0.0990
epoch 59: train_loss = 0.838980, source_hit@10 = 0.0978, source_ndcg@10 = 0.0480, target_hit@10 = 0.0990, target_ndcg@10 = 0.0499

2024-07-31 15:40:13.712951: step 18240/24320 (epoch 60/80), loss = 0.839116 (37.328 sec/epoch), lr: 0.001509
Evaluating on dev set...
...........................
source: 	 mrr: 0.039573	 ndcg_5: 0.0278	 ndcg_10: 0.0394	 hit@1:0.011586	 hit@5:0.0449	 hit@10: 0.0804
target: 	 mrr: 0.055528	 ndcg_5: 0.0485	 ndcg_10: 0.0618	 hit@1:0.019512	 hit@5:0.0760	 hit@10: 0.1178
epoch 60: train_loss = 0.839116, source_hit@10 = 0.0804, source_ndcg@10 = 0.0394, target_hit@10 = 0.1178, target_ndcg@10 = 0.0618

2024-07-31 15:40:51.408310: step 18544/24320 (epoch 61/80), loss = 0.836780 (37.404 sec/epoch), lr: 0.001509
Evaluating on dev set...
...........................
source: 	 mrr: 0.037841	 ndcg_5: 0.0263	 ndcg_10: 0.0370	 hit@1:0.013034	 hit@5:0.0413	 hit@10: 0.0746
target: 	 mrr: 0.051192	 ndcg_5: 0.0433	 ndcg_10: 0.0571	 hit@1:0.017422	 hit@5:0.0697	 hit@10: 0.1136
epoch 61: train_loss = 0.836780, source_hit@10 = 0.0746, source_ndcg@10 = 0.0370, target_hit@10 = 0.1136, target_ndcg@10 = 0.0571

2024-07-31 15:41:29.318306: step 18848/24320 (epoch 62/80), loss = 0.835662 (37.617 sec/epoch), lr: 0.001434
Evaluating on dev set...
...........................
source: 	 mrr: 0.033897	 ndcg_5: 0.0228	 ndcg_10: 0.0315	 hit@1:0.010862	 hit@5:0.0355	 hit@10: 0.0630
target: 	 mrr: 0.050887	 ndcg_5: 0.0416	 ndcg_10: 0.0562	 hit@1:0.016725	 hit@5:0.0676	 hit@10: 0.1129
epoch 62: train_loss = 0.835662, source_hit@10 = 0.0630, source_ndcg@10 = 0.0315, target_hit@10 = 0.1129, target_ndcg@10 = 0.0562

2024-07-31 15:42:06.367396: step 19152/24320 (epoch 63/80), loss = 0.834384 (36.757 sec/epoch), lr: 0.001362
Evaluating on dev set...
...........................
source: 	 mrr: 0.044304	 ndcg_5: 0.0335	 ndcg_10: 0.0459	 hit@1:0.012310	 hit@5:0.0550	 hit@10: 0.0941
target: 	 mrr: 0.047578	 ndcg_5: 0.0365	 ndcg_10: 0.0505	 hit@1:0.017422	 hit@5:0.0571	 hit@10: 0.1003
epoch 63: train_loss = 0.834384, source_hit@10 = 0.0941, source_ndcg@10 = 0.0459, target_hit@10 = 0.1003, target_ndcg@10 = 0.0505

2024-07-31 15:42:43.936348: step 19456/24320 (epoch 64/80), loss = 0.833386 (37.269 sec/epoch), lr: 0.001362
Evaluating on dev set...
...........................
source: 	 mrr: 0.035325	 ndcg_5: 0.0251	 ndcg_10: 0.0354	 hit@1:0.007241	 hit@5:0.0442	 hit@10: 0.0760
target: 	 mrr: 0.055628	 ndcg_5: 0.0470	 ndcg_10: 0.0597	 hit@1:0.020209	 hit@5:0.0732	 hit@10: 0.1129
epoch 64: train_loss = 0.833386, source_hit@10 = 0.0760, source_ndcg@10 = 0.0354, target_hit@10 = 0.1129, target_ndcg@10 = 0.0597

2024-07-31 15:43:21.676802: step 19760/24320 (epoch 65/80), loss = 0.831007 (37.443 sec/epoch), lr: 0.001294
Evaluating on dev set...
...........................
source: 	 mrr: 0.041231	 ndcg_5: 0.0303	 ndcg_10: 0.0421	 hit@1:0.011586	 hit@5:0.0492	 hit@10: 0.0862
target: 	 mrr: 0.048341	 ndcg_5: 0.0390	 ndcg_10: 0.0538	 hit@1:0.014634	 hit@5:0.0634	 hit@10: 0.1101
epoch 65: train_loss = 0.831007, source_hit@10 = 0.0862, source_ndcg@10 = 0.0421, target_hit@10 = 0.1101, target_ndcg@10 = 0.0538

2024-07-31 15:43:59.091937: step 20064/24320 (epoch 66/80), loss = 0.828324 (37.120 sec/epoch), lr: 0.001229
Evaluating on dev set...
...........................
source: 	 mrr: 0.042782	 ndcg_5: 0.0301	 ndcg_10: 0.0425	 hit@1:0.012310	 hit@5:0.0471	 hit@10: 0.0854
target: 	 mrr: 0.046418	 ndcg_5: 0.0340	 ndcg_10: 0.0511	 hit@1:0.015331	 hit@5:0.0551	 hit@10: 0.1087
epoch 66: train_loss = 0.828324, source_hit@10 = 0.0854, source_ndcg@10 = 0.0425, target_hit@10 = 0.1087, target_ndcg@10 = 0.0511

2024-07-31 15:44:36.399052: step 20368/24320 (epoch 67/80), loss = 0.828387 (37.008 sec/epoch), lr: 0.001168
Evaluating on dev set...
...........................
source: 	 mrr: 0.046877	 ndcg_5: 0.0370	 ndcg_10: 0.0479	 hit@1:0.017379	 hit@5:0.0572	 hit@10: 0.0912
target: 	 mrr: 0.051995	 ndcg_5: 0.0432	 ndcg_10: 0.0574	 hit@1:0.017422	 hit@5:0.0683	 hit@10: 0.1122
source best!
.............
source: 	 mrr: 0.036850	 ndcg_5: 0.0247	 ndcg_10: 0.0377	 hit@1:0.009969	 hit@5:0.0414	 hit@10: 0.0821
epoch 67: train_loss = 0.828387, source_hit@10 = 0.0821, source_ndcg@10 = 0.0377, target_hit@10 = 0.1122, target_ndcg@10 = 0.0574

2024-07-31 15:45:14.319095: step 20672/24320 (epoch 68/80), loss = 0.826388 (37.517 sec/epoch), lr: 0.001168
Evaluating on dev set...
...........................
source: 	 mrr: 0.035502	 ndcg_5: 0.0220	 ndcg_10: 0.0341	 hit@1:0.008689	 hit@5:0.0362	 hit@10: 0.0739
target: 	 mrr: 0.053703	 ndcg_5: 0.0437	 ndcg_10: 0.0591	 hit@1:0.020209	 hit@5:0.0662	 hit@10: 0.1136
epoch 68: train_loss = 0.826388, source_hit@10 = 0.0739, source_ndcg@10 = 0.0341, target_hit@10 = 0.1136, target_ndcg@10 = 0.0591

2024-07-31 15:45:52.011009: step 20976/24320 (epoch 69/80), loss = 0.825667 (37.371 sec/epoch), lr: 0.001110
Evaluating on dev set...
...........................
source: 	 mrr: 0.043432	 ndcg_5: 0.0341	 ndcg_10: 0.0471	 hit@1:0.011586	 hit@5:0.0579	 hit@10: 0.0985
target: 	 mrr: 0.052879	 ndcg_5: 0.0424	 ndcg_10: 0.0582	 hit@1:0.019512	 hit@5:0.0648	 hit@10: 0.1143
epoch 69: train_loss = 0.825667, source_hit@10 = 0.0985, source_ndcg@10 = 0.0471, target_hit@10 = 0.1143, target_ndcg@10 = 0.0582

2024-07-31 15:46:29.458400: step 21280/24320 (epoch 70/80), loss = 0.824392 (37.155 sec/epoch), lr: 0.001110
Evaluating on dev set...
...........................
source: 	 mrr: 0.042954	 ndcg_5: 0.0313	 ndcg_10: 0.0437	 hit@1:0.013034	 hit@5:0.0500	 hit@10: 0.0883
target: 	 mrr: 0.049653	 ndcg_5: 0.0372	 ndcg_10: 0.0535	 hit@1:0.018815	 hit@5:0.0544	 hit@10: 0.1052
epoch 70: train_loss = 0.824392, source_hit@10 = 0.0883, source_ndcg@10 = 0.0437, target_hit@10 = 0.1052, target_ndcg@10 = 0.0535

2024-07-31 15:47:07.096591: step 21584/24320 (epoch 71/80), loss = 0.822848 (37.346 sec/epoch), lr: 0.001054
Evaluating on dev set...
...........................
source: 	 mrr: 0.042711	 ndcg_5: 0.0320	 ndcg_10: 0.0428	 hit@1:0.013034	 hit@5:0.0507	 hit@10: 0.0840
target: 	 mrr: 0.048163	 ndcg_5: 0.0389	 ndcg_10: 0.0504	 hit@1:0.016725	 hit@5:0.0620	 hit@10: 0.0976
epoch 71: train_loss = 0.822848, source_hit@10 = 0.0840, source_ndcg@10 = 0.0428, target_hit@10 = 0.0976, target_ndcg@10 = 0.0504

2024-07-31 15:47:43.968038: step 21888/24320 (epoch 72/80), loss = 0.819678 (36.577 sec/epoch), lr: 0.001001
Evaluating on dev set...
...........................
source: 	 mrr: 0.042412	 ndcg_5: 0.0318	 ndcg_10: 0.0423	 hit@1:0.013034	 hit@5:0.0514	 hit@10: 0.0840
target: 	 mrr: 0.051065	 ndcg_5: 0.0429	 ndcg_10: 0.0568	 hit@1:0.016725	 hit@5:0.0690	 hit@10: 0.1129
epoch 72: train_loss = 0.819678, source_hit@10 = 0.0840, source_ndcg@10 = 0.0423, target_hit@10 = 0.1129, target_ndcg@10 = 0.0568

