nohup: ignoring input
using gpu:1 to train the model
using gpu:1 to train the model
cuda:1
Namespace(A_split=False, JK='sum', a_fold=100, aggregate=False, batch_size=1024, beta=1.5, conv_layers=4, cuda=True, decay_epoch=10, device=device(type='cuda', index=1), device_id='1', domains='game_video', dropout=0.7, epoch=80, feature_dim=126, hidden_dim=126, inter_tau=0.2, intra_tau=1, lambda_constra=0.3, lambda_critic=0.5, leakey=0.01, load=False, log='logs.txt', log_epoch=1, lr=0.004, lr_decay=0.95, min_epoch=50, mode='train', model_file=None, model_name='gv', momentum=0.98, num_latent_factors=3, num_negative=100, optim='adam', patience=50, proj_layers=1, projection=1, residual=1, save=True, save_dir='./saved_models', seed=32, similarity_tau=0.1, test_sample_number=999, transfer_epoch=50, user_batch_size=256, weight_decay=0.0002)
number_user 25025
number_item 12319
/home/hourun/invariantCDR_v2/invariantCDR/utils/GraphMaker.py:46: RuntimeWarning: divide by zero encountered in power
  r_inv = np.power(rowsum, -1).flatten()
real graph loaded!
number_user 19457
number_item 8751
real graph loaded!
graph loaded!
Loading data from game_video with batch size 1024...
unseen test: 0
test length: 1381
unseen test: 0
test length: 1304
unseen test: 0
test length: 1435
unseen test: 0
test length: 1458
source_user_num 25025
target_user_num 19457
source_item_num 12319
target_item_num 8751
shared users id: 1737
test users 226, 217
unseen test: 0
dev length: 1000
unseen test: 0
dev length: 1000
source train data : 155036, target train data: 156091, source test data : 1304, target test data : 1458, source dev data : 1000, target dev data : 1000
2024-07-31 13:57:49.980824: step 304/24320 (epoch 1/80), loss = 1.196618 (38.737 sec/epoch), lr: 0.004000
Evaluating on dev set...
...........................
source: 	 mrr: 0.027419	 ndcg_5: 0.0177	 ndcg_10: 0.0254	 hit@1:0.007241	 hit@5:0.0282	 hit@10: 0.0521
target: 	 mrr: 0.026652	 ndcg_5: 0.0196	 ndcg_10: 0.0266	 hit@1:0.006272	 hit@5:0.0334	 hit@10: 0.0551
source best!
.............
source: 	 mrr: 0.032343	 ndcg_5: 0.0232	 ndcg_10: 0.0316	 hit@1:0.012270	 hit@5:0.0345	 hit@10: 0.0606
target best!
..............target: 	 mrr: 0.030144	 ndcg_5: 0.0226	 ndcg_10: 0.0300	 hit@1:0.010288	 hit@5:0.0350	 hit@10: 0.0576
epoch 1: train_loss = 1.196618, source_hit@10 = 0.0606, source_ndcg@10 = 0.0316, target_hit@10 = 0.0576, target_ndcg@10 = 0.0300

2024-07-31 13:58:29.660552: step 608/24320 (epoch 2/80), loss = 1.043178 (38.996 sec/epoch), lr: 0.004000
Evaluating on dev set...
...........................
source: 	 mrr: 0.029420	 ndcg_5: 0.0196	 ndcg_10: 0.0265	 hit@1:0.007965	 hit@5:0.0311	 hit@10: 0.0529
target: 	 mrr: 0.034798	 ndcg_5: 0.0259	 ndcg_10: 0.0362	 hit@1:0.011150	 hit@5:0.0404	 hit@10: 0.0725
source best!
.............
source: 	 mrr: 0.031197	 ndcg_5: 0.0201	 ndcg_10: 0.0293	 hit@1:0.009202	 hit@5:0.0314	 hit@10: 0.0606
target best!
..............target: 	 mrr: 0.032839	 ndcg_5: 0.0260	 ndcg_10: 0.0347	 hit@1:0.006859	 hit@5:0.0453	 hit@10: 0.0727
epoch 2: train_loss = 1.043178, source_hit@10 = 0.0606, source_ndcg@10 = 0.0293, target_hit@10 = 0.0727, target_ndcg@10 = 0.0347
new best model saved.

2024-07-31 13:59:09.320876: step 912/24320 (epoch 3/80), loss = 1.020700 (38.838 sec/epoch), lr: 0.004000
Evaluating on dev set...
...........................
source: 	 mrr: 0.030281	 ndcg_5: 0.0195	 ndcg_10: 0.0302	 hit@1:0.007241	 hit@5:0.0326	 hit@10: 0.0666
target: 	 mrr: 0.035415	 ndcg_5: 0.0259	 ndcg_10: 0.0357	 hit@1:0.013240	 hit@5:0.0376	 hit@10: 0.0683
source best!
.............
source: 	 mrr: 0.036287	 ndcg_5: 0.0257	 ndcg_10: 0.0349	 hit@1:0.013804	 hit@5:0.0376	 hit@10: 0.0667
target best!
..............target: 	 mrr: 0.031388	 ndcg_5: 0.0219	 ndcg_10: 0.0295	 hit@1:0.010288	 hit@5:0.0336	 hit@10: 0.0576
epoch 3: train_loss = 1.020700, source_hit@10 = 0.0667, source_ndcg@10 = 0.0349, target_hit@10 = 0.0576, target_ndcg@10 = 0.0295
new best model saved.

2024-07-31 13:59:48.706485: step 1216/24320 (epoch 4/80), loss = 1.002927 (38.600 sec/epoch), lr: 0.004000
Evaluating on dev set...
...........................
source: 	 mrr: 0.028116	 ndcg_5: 0.0188	 ndcg_10: 0.0269	 hit@1:0.006517	 hit@5:0.0326	 hit@10: 0.0579
target: 	 mrr: 0.028563	 ndcg_5: 0.0202	 ndcg_10: 0.0282	 hit@1:0.006969	 hit@5:0.0334	 hit@10: 0.0585
epoch 4: train_loss = 1.002927, source_hit@10 = 0.0579, source_ndcg@10 = 0.0269, target_hit@10 = 0.0585, target_ndcg@10 = 0.0282

2024-07-31 14:00:26.852730: step 1520/24320 (epoch 5/80), loss = 0.997600 (37.810 sec/epoch), lr: 0.004000
Evaluating on dev set...
...........................
source: 	 mrr: 0.033228	 ndcg_5: 0.0238	 ndcg_10: 0.0333	 hit@1:0.008689	 hit@5:0.0384	 hit@10: 0.0681
target: 	 mrr: 0.030710	 ndcg_5: 0.0231	 ndcg_10: 0.0302	 hit@1:0.008362	 hit@5:0.0383	 hit@10: 0.0613
source best!
.............
source: 	 mrr: 0.035736	 ndcg_5: 0.0245	 ndcg_10: 0.0359	 hit@1:0.011503	 hit@5:0.0368	 hit@10: 0.0721
epoch 5: train_loss = 0.997600, source_hit@10 = 0.0721, source_ndcg@10 = 0.0359, target_hit@10 = 0.0613, target_ndcg@10 = 0.0302

2024-07-31 14:01:06.145613: step 1824/24320 (epoch 6/80), loss = 0.990286 (38.801 sec/epoch), lr: 0.004000
Evaluating on dev set...
...........................
source: 	 mrr: 0.030479	 ndcg_5: 0.0180	 ndcg_10: 0.0274	 hit@1:0.009413	 hit@5:0.0261	 hit@10: 0.0558
target: 	 mrr: 0.035603	 ndcg_5: 0.0270	 ndcg_10: 0.0343	 hit@1:0.011150	 hit@5:0.0418	 hit@10: 0.0648
target best!
..............target: 	 mrr: 0.032525	 ndcg_5: 0.0222	 ndcg_10: 0.0308	 hit@1:0.009602	 hit@5:0.0343	 hit@10: 0.0610
epoch 6: train_loss = 0.990286, source_hit@10 = 0.0558, source_ndcg@10 = 0.0274, target_hit@10 = 0.0610, target_ndcg@10 = 0.0308

2024-07-31 14:01:45.237972: step 2128/24320 (epoch 7/80), loss = 0.985266 (38.576 sec/epoch), lr: 0.004000
Evaluating on dev set...
...........................
source: 	 mrr: 0.034718	 ndcg_5: 0.0250	 ndcg_10: 0.0340	 hit@1:0.009413	 hit@5:0.0413	 hit@10: 0.0688
target: 	 mrr: 0.036699	 ndcg_5: 0.0265	 ndcg_10: 0.0355	 hit@1:0.013937	 hit@5:0.0390	 hit@10: 0.0669
source best!
.............
source: 	 mrr: 0.030412	 ndcg_5: 0.0203	 ndcg_10: 0.0288	 hit@1:0.005368	 hit@5:0.0345	 hit@10: 0.0613
target best!
..............target: 	 mrr: 0.031215	 ndcg_5: 0.0198	 ndcg_10: 0.0300	 hit@1:0.006859	 hit@5:0.0316	 hit@10: 0.0631
epoch 7: train_loss = 0.985266, source_hit@10 = 0.0613, source_ndcg@10 = 0.0288, target_hit@10 = 0.0631, target_ndcg@10 = 0.0300
new best model saved.

2024-07-31 14:02:24.743378: step 2432/24320 (epoch 8/80), loss = 0.980040 (38.720 sec/epoch), lr: 0.004000
Evaluating on dev set...
...........................
source: 	 mrr: 0.029136	 ndcg_5: 0.0186	 ndcg_10: 0.0255	 hit@1:0.005793	 hit@5:0.0319	 hit@10: 0.0536
target: 	 mrr: 0.043537	 ndcg_5: 0.0350	 ndcg_10: 0.0461	 hit@1:0.018118	 hit@5:0.0530	 hit@10: 0.0878
target best!
..............target: 	 mrr: 0.037456	 ndcg_5: 0.0280	 ndcg_10: 0.0389	 hit@1:0.010288	 hit@5:0.0446	 hit@10: 0.0789
epoch 8: train_loss = 0.980040, source_hit@10 = 0.0536, source_ndcg@10 = 0.0255, target_hit@10 = 0.0789, target_ndcg@10 = 0.0389
new best model saved.

2024-07-31 14:03:04.005094: step 2736/24320 (epoch 9/80), loss = 0.972722 (38.613 sec/epoch), lr: 0.004000
Evaluating on dev set...
...........................
source: 	 mrr: 0.034773	 ndcg_5: 0.0238	 ndcg_10: 0.0353	 hit@1:0.009413	 hit@5:0.0384	 hit@10: 0.0746
target: 	 mrr: 0.043363	 ndcg_5: 0.0345	 ndcg_10: 0.0472	 hit@1:0.013937	 hit@5:0.0557	 hit@10: 0.0948
source best!
.............
source: 	 mrr: 0.035355	 ndcg_5: 0.0245	 ndcg_10: 0.0362	 hit@1:0.009969	 hit@5:0.0391	 hit@10: 0.0759
epoch 9: train_loss = 0.972722, source_hit@10 = 0.0759, source_ndcg@10 = 0.0362, target_hit@10 = 0.0948, target_ndcg@10 = 0.0472

2024-07-31 14:03:42.499615: step 3040/24320 (epoch 10/80), loss = 0.960695 (38.030 sec/epoch), lr: 0.004000
Evaluating on dev set...
...........................
source: 	 mrr: 0.033693	 ndcg_5: 0.0229	 ndcg_10: 0.0312	 hit@1:0.010138	 hit@5:0.0355	 hit@10: 0.0615
target: 	 mrr: 0.047453	 ndcg_5: 0.0360	 ndcg_10: 0.0495	 hit@1:0.018815	 hit@5:0.0523	 hit@10: 0.0934
target best!
..............target: 	 mrr: 0.045480	 ndcg_5: 0.0360	 ndcg_10: 0.0466	 hit@1:0.015775	 hit@5:0.0562	 hit@10: 0.0892
epoch 10: train_loss = 0.960695, source_hit@10 = 0.0615, source_ndcg@10 = 0.0312, target_hit@10 = 0.0892, target_ndcg@10 = 0.0466
new best model saved.

2024-07-31 14:04:21.579468: step 3344/24320 (epoch 11/80), loss = 0.956875 (38.417 sec/epoch), lr: 0.004000
Evaluating on dev set...
...........................
source: 	 mrr: 0.030516	 ndcg_5: 0.0199	 ndcg_10: 0.0289	 hit@1:0.006517	 hit@5:0.0326	 hit@10: 0.0608
target: 	 mrr: 0.037220	 ndcg_5: 0.0294	 ndcg_10: 0.0410	 hit@1:0.010453	 hit@5:0.0502	 hit@10: 0.0864
epoch 11: train_loss = 0.956875, source_hit@10 = 0.0608, source_ndcg@10 = 0.0289, target_hit@10 = 0.0864, target_ndcg@10 = 0.0410

2024-07-31 14:05:00.448526: step 3648/24320 (epoch 12/80), loss = 0.952885 (38.529 sec/epoch), lr: 0.003800
Evaluating on dev set...
...........................
source: 	 mrr: 0.037154	 ndcg_5: 0.0287	 ndcg_10: 0.0364	 hit@1:0.010862	 hit@5:0.0492	 hit@10: 0.0731
target: 	 mrr: 0.043711	 ndcg_5: 0.0357	 ndcg_10: 0.0476	 hit@1:0.015331	 hit@5:0.0571	 hit@10: 0.0948
source best!
.............
source: 	 mrr: 0.035964	 ndcg_5: 0.0260	 ndcg_10: 0.0379	 hit@1:0.006902	 hit@5:0.0460	 hit@10: 0.0828
epoch 12: train_loss = 0.952885, source_hit@10 = 0.0828, source_ndcg@10 = 0.0379, target_hit@10 = 0.0948, target_ndcg@10 = 0.0476

2024-07-31 14:05:39.729184: step 3952/24320 (epoch 13/80), loss = 0.952088 (38.813 sec/epoch), lr: 0.003800
Evaluating on dev set...
...........................
source: 	 mrr: 0.029024	 ndcg_5: 0.0212	 ndcg_10: 0.0281	 hit@1:0.008689	 hit@5:0.0333	 hit@10: 0.0543
target: 	 mrr: 0.036794	 ndcg_5: 0.0277	 ndcg_10: 0.0369	 hit@1:0.013240	 hit@5:0.0418	 hit@10: 0.0704
epoch 13: train_loss = 0.952088, source_hit@10 = 0.0543, source_ndcg@10 = 0.0281, target_hit@10 = 0.0704, target_ndcg@10 = 0.0369

2024-07-31 14:06:18.937240: step 4256/24320 (epoch 14/80), loss = 0.949155 (38.873 sec/epoch), lr: 0.003610
Evaluating on dev set...
...........................
source: 	 mrr: 0.035583	 ndcg_5: 0.0252	 ndcg_10: 0.0347	 hit@1:0.009413	 hit@5:0.0406	 hit@10: 0.0702
target: 	 mrr: 0.048617	 ndcg_5: 0.0391	 ndcg_10: 0.0529	 hit@1:0.018118	 hit@5:0.0606	 hit@10: 0.1038
target best!
..............target: 	 mrr: 0.042225	 ndcg_5: 0.0328	 ndcg_10: 0.0462	 hit@1:0.010288	 hit@5:0.0556	 hit@10: 0.0981
epoch 14: train_loss = 0.949155, source_hit@10 = 0.0702, source_ndcg@10 = 0.0347, target_hit@10 = 0.0981, target_ndcg@10 = 0.0462

2024-07-31 14:06:58.478106: step 4560/24320 (epoch 15/80), loss = 0.947741 (39.063 sec/epoch), lr: 0.003610
Evaluating on dev set...
...........................
source: 	 mrr: 0.031709	 ndcg_5: 0.0226	 ndcg_10: 0.0292	 hit@1:0.007965	 hit@5:0.0384	 hit@10: 0.0587
target: 	 mrr: 0.048496	 ndcg_5: 0.0409	 ndcg_10: 0.0516	 hit@1:0.018118	 hit@5:0.0634	 hit@10: 0.0962
epoch 15: train_loss = 0.947741, source_hit@10 = 0.0587, source_ndcg@10 = 0.0292, target_hit@10 = 0.0962, target_ndcg@10 = 0.0516

2024-07-31 14:07:37.668895: step 4864/24320 (epoch 16/80), loss = 0.947835 (38.846 sec/epoch), lr: 0.003429
Evaluating on dev set...
...........................
source: 	 mrr: 0.034070	 ndcg_5: 0.0246	 ndcg_10: 0.0318	 hit@1:0.011586	 hit@5:0.0384	 hit@10: 0.0608
target: 	 mrr: 0.047486	 ndcg_5: 0.0384	 ndcg_10: 0.0463	 hit@1:0.020209	 hit@5:0.0551	 hit@10: 0.0794
epoch 16: train_loss = 0.947835, source_hit@10 = 0.0608, source_ndcg@10 = 0.0318, target_hit@10 = 0.0794, target_ndcg@10 = 0.0463

2024-07-31 14:08:16.761337: step 5168/24320 (epoch 17/80), loss = 0.944688 (38.758 sec/epoch), lr: 0.003429
Evaluating on dev set...
...........................
source: 	 mrr: 0.031629	 ndcg_5: 0.0211	 ndcg_10: 0.0297	 hit@1:0.008689	 hit@5:0.0340	 hit@10: 0.0608
target: 	 mrr: 0.044756	 ndcg_5: 0.0333	 ndcg_10: 0.0472	 hit@1:0.016028	 hit@5:0.0495	 hit@10: 0.0920
epoch 17: train_loss = 0.944688, source_hit@10 = 0.0608, source_ndcg@10 = 0.0297, target_hit@10 = 0.0920, target_ndcg@10 = 0.0472

2024-07-31 14:08:55.497269: step 5472/24320 (epoch 18/80), loss = 0.943471 (38.397 sec/epoch), lr: 0.003258
Evaluating on dev set...
...........................
source: 	 mrr: 0.035479	 ndcg_5: 0.0249	 ndcg_10: 0.0351	 hit@1:0.010862	 hit@5:0.0391	 hit@10: 0.0710
target: 	 mrr: 0.045341	 ndcg_5: 0.0384	 ndcg_10: 0.0486	 hit@1:0.013937	 hit@5:0.0634	 hit@10: 0.0948
epoch 18: train_loss = 0.943471, source_hit@10 = 0.0710, source_ndcg@10 = 0.0351, target_hit@10 = 0.0948, target_ndcg@10 = 0.0486

2024-07-31 14:09:34.185590: step 5776/24320 (epoch 19/80), loss = 0.941247 (38.350 sec/epoch), lr: 0.003258
Evaluating on dev set...
...........................
source: 	 mrr: 0.035114	 ndcg_5: 0.0246	 ndcg_10: 0.0309	 hit@1:0.012310	 hit@5:0.0377	 hit@10: 0.0572
target: 	 mrr: 0.046619	 ndcg_5: 0.0396	 ndcg_10: 0.0509	 hit@1:0.013937	 hit@5:0.0648	 hit@10: 0.0997
epoch 19: train_loss = 0.941247, source_hit@10 = 0.0572, source_ndcg@10 = 0.0309, target_hit@10 = 0.0997, target_ndcg@10 = 0.0509

2024-07-31 14:10:13.255271: step 6080/24320 (epoch 20/80), loss = 0.938185 (38.729 sec/epoch), lr: 0.003258
Evaluating on dev set...
...........................
source: 	 mrr: 0.033903	 ndcg_5: 0.0239	 ndcg_10: 0.0314	 hit@1:0.010138	 hit@5:0.0369	 hit@10: 0.0601
target: 	 mrr: 0.045890	 ndcg_5: 0.0371	 ndcg_10: 0.0495	 hit@1:0.015331	 hit@5:0.0592	 hit@10: 0.0976
epoch 20: train_loss = 0.938185, source_hit@10 = 0.0601, source_ndcg@10 = 0.0314, target_hit@10 = 0.0976, target_ndcg@10 = 0.0495

2024-07-31 14:10:52.196086: step 6384/24320 (epoch 21/80), loss = 0.933674 (38.600 sec/epoch), lr: 0.003095
Evaluating on dev set...
...........................
source: 	 mrr: 0.033851	 ndcg_5: 0.0244	 ndcg_10: 0.0320	 hit@1:0.011586	 hit@5:0.0362	 hit@10: 0.0601
target: 	 mrr: 0.052461	 ndcg_5: 0.0452	 ndcg_10: 0.0567	 hit@1:0.020209	 hit@5:0.0704	 hit@10: 0.1059
target best!
..............target: 	 mrr: 0.045302	 ndcg_5: 0.0377	 ndcg_10: 0.0488	 hit@1:0.011660	 hit@5:0.0624	 hit@10: 0.0967
epoch 21: train_loss = 0.933674, source_hit@10 = 0.0601, source_ndcg@10 = 0.0320, target_hit@10 = 0.0967, target_ndcg@10 = 0.0488
new best model saved.

2024-07-31 14:11:31.385363: step 6688/24320 (epoch 22/80), loss = 0.931792 (38.548 sec/epoch), lr: 0.003095
Evaluating on dev set...
...........................
source: 	 mrr: 0.024663	 ndcg_5: 0.0157	 ndcg_10: 0.0237	 hit@1:0.006517	 hit@5:0.0246	 hit@10: 0.0492
target: 	 mrr: 0.055221	 ndcg_5: 0.0475	 ndcg_10: 0.0576	 hit@1:0.023693	 hit@5:0.0711	 hit@10: 0.1024
target best!
..............target: 	 mrr: 0.049935	 ndcg_5: 0.0411	 ndcg_10: 0.0536	 hit@1:0.017833	 hit@5:0.0652	 hit@10: 0.1036
epoch 22: train_loss = 0.931792, source_hit@10 = 0.0492, source_ndcg@10 = 0.0237, target_hit@10 = 0.1036, target_ndcg@10 = 0.0536

2024-07-31 14:12:10.965367: step 6992/24320 (epoch 23/80), loss = 0.925784 (39.070 sec/epoch), lr: 0.002940
Evaluating on dev set...
...........................
source: 	 mrr: 0.033622	 ndcg_5: 0.0252	 ndcg_10: 0.0334	 hit@1:0.007965	 hit@5:0.0434	 hit@10: 0.0688
target: 	 mrr: 0.048359	 ndcg_5: 0.0408	 ndcg_10: 0.0514	 hit@1:0.017422	 hit@5:0.0648	 hit@10: 0.0983
epoch 23: train_loss = 0.925784, source_hit@10 = 0.0688, source_ndcg@10 = 0.0334, target_hit@10 = 0.0983, target_ndcg@10 = 0.0514

2024-07-31 14:12:50.029715: step 7296/24320 (epoch 24/80), loss = 0.922415 (38.725 sec/epoch), lr: 0.002940
Evaluating on dev set...
...........................
source: 	 mrr: 0.030815	 ndcg_5: 0.0207	 ndcg_10: 0.0296	 hit@1:0.007241	 hit@5:0.0340	 hit@10: 0.0615
target: 	 mrr: 0.051266	 ndcg_5: 0.0446	 ndcg_10: 0.0545	 hit@1:0.018118	 hit@5:0.0704	 hit@10: 0.1010
epoch 24: train_loss = 0.922415, source_hit@10 = 0.0615, source_ndcg@10 = 0.0296, target_hit@10 = 0.1010, target_ndcg@10 = 0.0545

2024-07-31 14:13:29.518930: step 7600/24320 (epoch 25/80), loss = 0.915643 (39.155 sec/epoch), lr: 0.002940
Evaluating on dev set...
...........................
source: 	 mrr: 0.028358	 ndcg_5: 0.0188	 ndcg_10: 0.0271	 hit@1:0.006517	 hit@5:0.0304	 hit@10: 0.0565
target: 	 mrr: 0.044861	 ndcg_5: 0.0353	 ndcg_10: 0.0504	 hit@1:0.011150	 hit@5:0.0592	 hit@10: 0.1052
epoch 25: train_loss = 0.915643, source_hit@10 = 0.0565, source_ndcg@10 = 0.0271, target_hit@10 = 0.1052, target_ndcg@10 = 0.0504

2024-07-31 14:14:09.106659: step 7904/24320 (epoch 26/80), loss = 0.906129 (39.251 sec/epoch), lr: 0.002793
Evaluating on dev set...
...........................
source: 	 mrr: 0.040966	 ndcg_5: 0.0290	 ndcg_10: 0.0416	 hit@1:0.013758	 hit@5:0.0449	 hit@10: 0.0847
target: 	 mrr: 0.049118	 ndcg_5: 0.0406	 ndcg_10: 0.0542	 hit@1:0.015331	 hit@5:0.0655	 hit@10: 0.1080
source best!
.............
source: 	 mrr: 0.040656	 ndcg_5: 0.0301	 ndcg_10: 0.0416	 hit@1:0.013804	 hit@5:0.0483	 hit@10: 0.0844
epoch 26: train_loss = 0.906129, source_hit@10 = 0.0844, source_ndcg@10 = 0.0416, target_hit@10 = 0.1080, target_ndcg@10 = 0.0542

2024-07-31 14:14:48.587097: step 8208/24320 (epoch 27/80), loss = 0.903333 (39.012 sec/epoch), lr: 0.002793
Evaluating on dev set...
...........................
source: 	 mrr: 0.040338	 ndcg_5: 0.0286	 ndcg_10: 0.0402	 hit@1:0.015206	 hit@5:0.0427	 hit@10: 0.0782
target: 	 mrr: 0.053584	 ndcg_5: 0.0456	 ndcg_10: 0.0576	 hit@1:0.019512	 hit@5:0.0697	 hit@10: 0.1066
epoch 27: train_loss = 0.903333, source_hit@10 = 0.0782, source_ndcg@10 = 0.0402, target_hit@10 = 0.1066, target_ndcg@10 = 0.0576

2024-07-31 14:15:27.798292: step 8512/24320 (epoch 28/80), loss = 0.899254 (38.866 sec/epoch), lr: 0.002793
Evaluating on dev set...
...........................
source: 	 mrr: 0.036521	 ndcg_5: 0.0257	 ndcg_10: 0.0358	 hit@1:0.010862	 hit@5:0.0420	 hit@10: 0.0739
target: 	 mrr: 0.052975	 ndcg_5: 0.0431	 ndcg_10: 0.0556	 hit@1:0.022997	 hit@5:0.0613	 hit@10: 0.1003
epoch 28: train_loss = 0.899254, source_hit@10 = 0.0739, source_ndcg@10 = 0.0358, target_hit@10 = 0.1003, target_ndcg@10 = 0.0556

2024-07-31 14:16:06.938789: step 8816/24320 (epoch 29/80), loss = 0.898438 (38.802 sec/epoch), lr: 0.002654
Evaluating on dev set...
...........................
source: 	 mrr: 0.034090	 ndcg_5: 0.0222	 ndcg_10: 0.0316	 hit@1:0.008689	 hit@5:0.0355	 hit@10: 0.0652
target: 	 mrr: 0.046449	 ndcg_5: 0.0359	 ndcg_10: 0.0503	 hit@1:0.016028	 hit@5:0.0557	 hit@10: 0.1003
epoch 29: train_loss = 0.898438, source_hit@10 = 0.0652, source_ndcg@10 = 0.0316, target_hit@10 = 0.1003, target_ndcg@10 = 0.0503

2024-07-31 14:16:46.238275: step 9120/24320 (epoch 30/80), loss = 0.896004 (38.960 sec/epoch), lr: 0.002521
Evaluating on dev set...
...........................
source: 	 mrr: 0.044794	 ndcg_5: 0.0342	 ndcg_10: 0.0439	 hit@1:0.016655	 hit@5:0.0521	 hit@10: 0.0825
target: 	 mrr: 0.053903	 ndcg_5: 0.0425	 ndcg_10: 0.0574	 hit@1:0.020209	 hit@5:0.0641	 hit@10: 0.1094
source best!
.............
source: 	 mrr: 0.041209	 ndcg_5: 0.0315	 ndcg_10: 0.0420	 hit@1:0.010736	 hit@5:0.0529	 hit@10: 0.0859
epoch 30: train_loss = 0.896004, source_hit@10 = 0.0859, source_ndcg@10 = 0.0420, target_hit@10 = 0.1094, target_ndcg@10 = 0.0574
new best model saved.

2024-07-31 14:17:25.608843: step 9424/24320 (epoch 31/80), loss = 0.893804 (38.734 sec/epoch), lr: 0.002521
Evaluating on dev set...
...........................
source: 	 mrr: 0.039365	 ndcg_5: 0.0305	 ndcg_10: 0.0395	 hit@1:0.010862	 hit@5:0.0514	 hit@10: 0.0797
target: 	 mrr: 0.046584	 ndcg_5: 0.0375	 ndcg_10: 0.0499	 hit@1:0.014634	 hit@5:0.0606	 hit@10: 0.0990
epoch 31: train_loss = 0.893804, source_hit@10 = 0.0797, source_ndcg@10 = 0.0395, target_hit@10 = 0.0990, target_ndcg@10 = 0.0499

2024-07-31 14:18:04.456765: step 9728/24320 (epoch 32/80), loss = 0.891918 (38.511 sec/epoch), lr: 0.002395
Evaluating on dev set...
...........................
source: 	 mrr: 0.043145	 ndcg_5: 0.0319	 ndcg_10: 0.0444	 hit@1:0.013758	 hit@5:0.0500	 hit@10: 0.0891
target: 	 mrr: 0.047587	 ndcg_5: 0.0399	 ndcg_10: 0.0491	 hit@1:0.018118	 hit@5:0.0634	 hit@10: 0.0920
epoch 32: train_loss = 0.891918, source_hit@10 = 0.0891, source_ndcg@10 = 0.0444, target_hit@10 = 0.0920, target_ndcg@10 = 0.0491

2024-07-31 14:18:43.609038: step 10032/24320 (epoch 33/80), loss = 0.891153 (38.813 sec/epoch), lr: 0.002395
Evaluating on dev set...
...........................
source: 	 mrr: 0.036886	 ndcg_5: 0.0263	 ndcg_10: 0.0375	 hit@1:0.007241	 hit@5:0.0434	 hit@10: 0.0789
target: 	 mrr: 0.043472	 ndcg_5: 0.0334	 ndcg_10: 0.0495	 hit@1:0.010453	 hit@5:0.0564	 hit@10: 0.1059
epoch 33: train_loss = 0.891153, source_hit@10 = 0.0789, source_ndcg@10 = 0.0375, target_hit@10 = 0.1059, target_ndcg@10 = 0.0495

2024-07-31 14:19:21.892901: step 10336/24320 (epoch 34/80), loss = 0.887800 (37.950 sec/epoch), lr: 0.002275
Evaluating on dev set...
...........................
source: 	 mrr: 0.035516	 ndcg_5: 0.0252	 ndcg_10: 0.0366	 hit@1:0.005069	 hit@5:0.0456	 hit@10: 0.0811
target: 	 mrr: 0.042972	 ndcg_5: 0.0322	 ndcg_10: 0.0447	 hit@1:0.014634	 hit@5:0.0502	 hit@10: 0.0899
epoch 34: train_loss = 0.887800, source_hit@10 = 0.0811, source_ndcg@10 = 0.0366, target_hit@10 = 0.0899, target_ndcg@10 = 0.0447

2024-07-31 14:20:00.668547: step 10640/24320 (epoch 35/80), loss = 0.884614 (38.434 sec/epoch), lr: 0.002161
Evaluating on dev set...
...........................
source: 	 mrr: 0.032112	 ndcg_5: 0.0212	 ndcg_10: 0.0314	 hit@1:0.009413	 hit@5:0.0340	 hit@10: 0.0659
target: 	 mrr: 0.051548	 ndcg_5: 0.0450	 ndcg_10: 0.0567	 hit@1:0.019512	 hit@5:0.0697	 hit@10: 0.1066
epoch 35: train_loss = 0.884614, source_hit@10 = 0.0659, source_ndcg@10 = 0.0314, target_hit@10 = 0.1066, target_ndcg@10 = 0.0567

2024-07-31 14:20:39.242550: step 10944/24320 (epoch 36/80), loss = 0.884549 (38.239 sec/epoch), lr: 0.002161
Evaluating on dev set...
...........................
source: 	 mrr: 0.040346	 ndcg_5: 0.0277	 ndcg_10: 0.0376	 hit@1:0.011586	 hit@5:0.0420	 hit@10: 0.0724
target: 	 mrr: 0.038615	 ndcg_5: 0.0288	 ndcg_10: 0.0395	 hit@1:0.011150	 hit@5:0.0460	 hit@10: 0.0794
epoch 36: train_loss = 0.884549, source_hit@10 = 0.0724, source_ndcg@10 = 0.0376, target_hit@10 = 0.0794, target_ndcg@10 = 0.0395

2024-07-31 14:21:18.545642: step 11248/24320 (epoch 37/80), loss = 0.882311 (38.969 sec/epoch), lr: 0.002053
Evaluating on dev set...
...........................
source: 	 mrr: 0.041275	 ndcg_5: 0.0310	 ndcg_10: 0.0404	 hit@1:0.010862	 hit@5:0.0500	 hit@10: 0.0797
target: 	 mrr: 0.049248	 ndcg_5: 0.0409	 ndcg_10: 0.0528	 hit@1:0.016028	 hit@5:0.0669	 hit@10: 0.1038
epoch 37: train_loss = 0.882311, source_hit@10 = 0.0797, source_ndcg@10 = 0.0404, target_hit@10 = 0.1038, target_ndcg@10 = 0.0528

2024-07-31 14:21:57.603441: step 11552/24320 (epoch 38/80), loss = 0.880201 (38.720 sec/epoch), lr: 0.002053
Evaluating on dev set...
...........................
source: 	 mrr: 0.034687	 ndcg_5: 0.0214	 ndcg_10: 0.0330	 hit@1:0.007965	 hit@5:0.0348	 hit@10: 0.0710
target: 	 mrr: 0.046273	 ndcg_5: 0.0368	 ndcg_10: 0.0491	 hit@1:0.014634	 hit@5:0.0599	 hit@10: 0.0990
epoch 38: train_loss = 0.880201, source_hit@10 = 0.0710, source_ndcg@10 = 0.0330, target_hit@10 = 0.0990, target_ndcg@10 = 0.0491

2024-07-31 14:22:36.318993: step 11856/24320 (epoch 39/80), loss = 0.878225 (38.374 sec/epoch), lr: 0.001951
Evaluating on dev set...
...........................
source: 	 mrr: 0.033803	 ndcg_5: 0.0233	 ndcg_10: 0.0314	 hit@1:0.007241	 hit@5:0.0384	 hit@10: 0.0637
target: 	 mrr: 0.051123	 ndcg_5: 0.0452	 ndcg_10: 0.0542	 hit@1:0.017422	 hit@5:0.0725	 hit@10: 0.1003
epoch 39: train_loss = 0.878225, source_hit@10 = 0.0637, source_ndcg@10 = 0.0314, target_hit@10 = 0.1003, target_ndcg@10 = 0.0542

2024-07-31 14:23:15.820564: step 12160/24320 (epoch 40/80), loss = 0.878741 (39.165 sec/epoch), lr: 0.001951
Evaluating on dev set...
...........................
source: 	 mrr: 0.035710	 ndcg_5: 0.0246	 ndcg_10: 0.0352	 hit@1:0.008689	 hit@5:0.0406	 hit@10: 0.0739
target: 	 mrr: 0.047112	 ndcg_5: 0.0398	 ndcg_10: 0.0508	 hit@1:0.013937	 hit@5:0.0648	 hit@10: 0.0990
epoch 40: train_loss = 0.878741, source_hit@10 = 0.0739, source_ndcg@10 = 0.0352, target_hit@10 = 0.0990, target_ndcg@10 = 0.0508

2024-07-31 14:23:55.448808: step 12464/24320 (epoch 41/80), loss = 0.875035 (39.290 sec/epoch), lr: 0.001853
Evaluating on dev set...
...........................
source: 	 mrr: 0.039480	 ndcg_5: 0.0283	 ndcg_10: 0.0391	 hit@1:0.012310	 hit@5:0.0456	 hit@10: 0.0789
target: 	 mrr: 0.042425	 ndcg_5: 0.0324	 ndcg_10: 0.0436	 hit@1:0.012544	 hit@5:0.0523	 hit@10: 0.0871
epoch 41: train_loss = 0.875035, source_hit@10 = 0.0789, source_ndcg@10 = 0.0391, target_hit@10 = 0.0871, target_ndcg@10 = 0.0436

2024-07-31 14:24:34.695729: step 12768/24320 (epoch 42/80), loss = 0.874267 (38.898 sec/epoch), lr: 0.001761
Evaluating on dev set...
...........................
source: 	 mrr: 0.039624	 ndcg_5: 0.0283	 ndcg_10: 0.0408	 hit@1:0.010138	 hit@5:0.0478	 hit@10: 0.0869
target: 	 mrr: 0.051931	 ndcg_5: 0.0434	 ndcg_10: 0.0540	 hit@1:0.020209	 hit@5:0.0669	 hit@10: 0.1003
epoch 42: train_loss = 0.874267, source_hit@10 = 0.0869, source_ndcg@10 = 0.0408, target_hit@10 = 0.1003, target_ndcg@10 = 0.0540

2024-07-31 14:25:14.128667: step 13072/24320 (epoch 43/80), loss = 0.871058 (39.094 sec/epoch), lr: 0.001761
Evaluating on dev set...
...........................
source: 	 mrr: 0.038803	 ndcg_5: 0.0274	 ndcg_10: 0.0391	 hit@1:0.010138	 hit@5:0.0442	 hit@10: 0.0811
target: 	 mrr: 0.060929	 ndcg_5: 0.0528	 ndcg_10: 0.0656	 hit@1:0.025087	 hit@5:0.0787	 hit@10: 0.1185
target best!
..............target: 	 mrr: 0.052799	 ndcg_5: 0.0428	 ndcg_10: 0.0592	 hit@1:0.017147	 hit@5:0.0686	 hit@10: 0.1193
epoch 43: train_loss = 0.871058, source_hit@10 = 0.0811, source_ndcg@10 = 0.0391, target_hit@10 = 0.1193, target_ndcg@10 = 0.0592

2024-07-31 14:25:53.735097: step 13376/24320 (epoch 44/80), loss = 0.870891 (39.107 sec/epoch), lr: 0.001761
Evaluating on dev set...
...........................
source: 	 mrr: 0.043887	 ndcg_5: 0.0341	 ndcg_10: 0.0438	 hit@1:0.013758	 hit@5:0.0543	 hit@10: 0.0847
target: 	 mrr: 0.050635	 ndcg_5: 0.0407	 ndcg_10: 0.0560	 hit@1:0.016725	 hit@5:0.0634	 hit@10: 0.1115
epoch 44: train_loss = 0.870891, source_hit@10 = 0.0847, source_ndcg@10 = 0.0438, target_hit@10 = 0.1115, target_ndcg@10 = 0.0560

2024-07-31 14:26:32.902929: step 13680/24320 (epoch 45/80), loss = 0.869996 (38.823 sec/epoch), lr: 0.001672
Evaluating on dev set...
...........................
source: 	 mrr: 0.043130	 ndcg_5: 0.0338	 ndcg_10: 0.0443	 hit@1:0.013758	 hit@5:0.0543	 hit@10: 0.0876
target: 	 mrr: 0.052784	 ndcg_5: 0.0455	 ndcg_10: 0.0598	 hit@1:0.017422	 hit@5:0.0746	 hit@10: 0.1192
epoch 45: train_loss = 0.869996, source_hit@10 = 0.0876, source_ndcg@10 = 0.0443, target_hit@10 = 0.1192, target_ndcg@10 = 0.0598

2024-07-31 14:27:11.798220: step 13984/24320 (epoch 46/80), loss = 0.869257 (38.551 sec/epoch), lr: 0.001672
Evaluating on dev set...
...........................
source: 	 mrr: 0.036283	 ndcg_5: 0.0252	 ndcg_10: 0.0358	 hit@1:0.006517	 hit@5:0.0420	 hit@10: 0.0753
target: 	 mrr: 0.054100	 ndcg_5: 0.0452	 ndcg_10: 0.0574	 hit@1:0.020209	 hit@5:0.0690	 hit@10: 0.1073
epoch 46: train_loss = 0.869257, source_hit@10 = 0.0753, source_ndcg@10 = 0.0358, target_hit@10 = 0.1073, target_ndcg@10 = 0.0574

2024-07-31 14:27:50.962056: step 14288/24320 (epoch 47/80), loss = 0.867483 (38.816 sec/epoch), lr: 0.001589
Evaluating on dev set...
...........................
source: 	 mrr: 0.041183	 ndcg_5: 0.0303	 ndcg_10: 0.0405	 hit@1:0.011586	 hit@5:0.0500	 hit@10: 0.0811
target: 	 mrr: 0.053749	 ndcg_5: 0.0444	 ndcg_10: 0.0588	 hit@1:0.020209	 hit@5:0.0711	 hit@10: 0.1150
epoch 47: train_loss = 0.867483, source_hit@10 = 0.0811, source_ndcg@10 = 0.0405, target_hit@10 = 0.1150, target_ndcg@10 = 0.0588

2024-07-31 14:28:29.921530: step 14592/24320 (epoch 48/80), loss = 0.866504 (38.614 sec/epoch), lr: 0.001589
Evaluating on dev set...
...........................
source: 	 mrr: 0.030258	 ndcg_5: 0.0200	 ndcg_10: 0.0275	 hit@1:0.006517	 hit@5:0.0333	 hit@10: 0.0572
target: 	 mrr: 0.059165	 ndcg_5: 0.0543	 ndcg_10: 0.0653	 hit@1:0.020209	 hit@5:0.0885	 hit@10: 0.1226
epoch 48: train_loss = 0.866504, source_hit@10 = 0.0572, source_ndcg@10 = 0.0275, target_hit@10 = 0.1226, target_ndcg@10 = 0.0653

2024-07-31 14:29:08.661352: step 14896/24320 (epoch 49/80), loss = 0.862758 (38.399 sec/epoch), lr: 0.001509
Evaluating on dev set...
...........................
source: 	 mrr: 0.040146	 ndcg_5: 0.0277	 ndcg_10: 0.0391	 hit@1:0.010138	 hit@5:0.0456	 hit@10: 0.0804
target: 	 mrr: 0.054006	 ndcg_5: 0.0450	 ndcg_10: 0.0588	 hit@1:0.021603	 hit@5:0.0683	 hit@10: 0.1108
epoch 49: train_loss = 0.862758, source_hit@10 = 0.0804, source_ndcg@10 = 0.0391, target_hit@10 = 0.1108, target_ndcg@10 = 0.0588

2024-07-31 14:29:48.347486: step 15200/24320 (epoch 50/80), loss = 0.863320 (39.350 sec/epoch), lr: 0.001509
Evaluating on dev set...
...........................
source: 	 mrr: 0.036565	 ndcg_5: 0.0250	 ndcg_10: 0.0346	 hit@1:0.010862	 hit@5:0.0406	 hit@10: 0.0702
target: 	 mrr: 0.048300	 ndcg_5: 0.0387	 ndcg_10: 0.0503	 hit@1:0.018118	 hit@5:0.0585	 hit@10: 0.0948
epoch 50: train_loss = 0.863320, source_hit@10 = 0.0702, source_ndcg@10 = 0.0346, target_hit@10 = 0.0948, target_ndcg@10 = 0.0503
shift to transfer learning mode

2024-07-31 14:30:28.386282: step 15504/24320 (epoch 51/80), loss = 0.860578 (39.675 sec/epoch), lr: 0.001434
Evaluating on dev set...
...........................
source: 	 mrr: 0.038048	 ndcg_5: 0.0251	 ndcg_10: 0.0389	 hit@1:0.010138	 hit@5:0.0427	 hit@10: 0.0854
target: 	 mrr: 0.055368	 ndcg_5: 0.0461	 ndcg_10: 0.0618	 hit@1:0.018118	 hit@5:0.0746	 hit@10: 0.1233
epoch 51: train_loss = 0.860578, source_hit@10 = 0.0854, source_ndcg@10 = 0.0389, target_hit@10 = 0.1233, target_ndcg@10 = 0.0618

2024-07-31 14:31:08.314840: step 15808/24320 (epoch 52/80), loss = 0.860613 (39.573 sec/epoch), lr: 0.001434
Evaluating on dev set...
...........................
source: 	 mrr: 0.039712	 ndcg_5: 0.0285	 ndcg_10: 0.0393	 hit@1:0.009413	 hit@5:0.0485	 hit@10: 0.0825
target: 	 mrr: 0.046065	 ndcg_5: 0.0365	 ndcg_10: 0.0495	 hit@1:0.016725	 hit@5:0.0564	 hit@10: 0.0969
epoch 52: train_loss = 0.860613, source_hit@10 = 0.0825, source_ndcg@10 = 0.0393, target_hit@10 = 0.0969, target_ndcg@10 = 0.0495

2024-07-31 14:31:48.859547: step 16112/24320 (epoch 53/80), loss = 0.857982 (40.208 sec/epoch), lr: 0.001362
Evaluating on dev set...
...........................
source: 	 mrr: 0.043386	 ndcg_5: 0.0323	 ndcg_10: 0.0456	 hit@1:0.013758	 hit@5:0.0521	 hit@10: 0.0934
target: 	 mrr: 0.061182	 ndcg_5: 0.0550	 ndcg_10: 0.0673	 hit@1:0.021603	 hit@5:0.0871	 hit@10: 0.1254
target best!
..............target: 	 mrr: 0.059912	 ndcg_5: 0.0532	 ndcg_10: 0.0679	 hit@1:0.022634	 hit@5:0.0844	 hit@10: 0.1317
epoch 53: train_loss = 0.857982, source_hit@10 = 0.0934, source_ndcg@10 = 0.0456, target_hit@10 = 0.1317, target_ndcg@10 = 0.0679

2024-07-31 14:32:29.472954: step 16416/24320 (epoch 54/80), loss = 0.855697 (40.097 sec/epoch), lr: 0.001362
Evaluating on dev set...
...........................
source: 	 mrr: 0.037033	 ndcg_5: 0.0265	 ndcg_10: 0.0352	 hit@1:0.010862	 hit@5:0.0420	 hit@10: 0.0688
target: 	 mrr: 0.056693	 ndcg_5: 0.0483	 ndcg_10: 0.0620	 hit@1:0.020209	 hit@5:0.0753	 hit@10: 0.1178
epoch 54: train_loss = 0.855697, source_hit@10 = 0.0688, source_ndcg@10 = 0.0352, target_hit@10 = 0.1178, target_ndcg@10 = 0.0620

2024-07-31 14:33:09.244950: step 16720/24320 (epoch 55/80), loss = 0.855555 (39.429 sec/epoch), lr: 0.001294
Evaluating on dev set...
...........................
source: 	 mrr: 0.039995	 ndcg_5: 0.0270	 ndcg_10: 0.0382	 hit@1:0.013758	 hit@5:0.0413	 hit@10: 0.0768
target: 	 mrr: 0.051476	 ndcg_5: 0.0437	 ndcg_10: 0.0567	 hit@1:0.016028	 hit@5:0.0704	 hit@10: 0.1108
epoch 55: train_loss = 0.855555, source_hit@10 = 0.0768, source_ndcg@10 = 0.0382, target_hit@10 = 0.1108, target_ndcg@10 = 0.0567

2024-07-31 14:33:49.168037: step 17024/24320 (epoch 56/80), loss = 0.853087 (39.568 sec/epoch), lr: 0.001229
Evaluating on dev set...
...........................
source: 	 mrr: 0.037204	 ndcg_5: 0.0243	 ndcg_10: 0.0365	 hit@1:0.007965	 hit@5:0.0406	 hit@10: 0.0782
target: 	 mrr: 0.059434	 ndcg_5: 0.0520	 ndcg_10: 0.0649	 hit@1:0.022300	 hit@5:0.0815	 hit@10: 0.1220
epoch 56: train_loss = 0.853087, source_hit@10 = 0.0782, source_ndcg@10 = 0.0365, target_hit@10 = 0.1220, target_ndcg@10 = 0.0649

2024-07-31 14:34:29.243098: step 17328/24320 (epoch 57/80), loss = 0.851586 (39.721 sec/epoch), lr: 0.001229
Evaluating on dev set...
...........................
source: 	 mrr: 0.044038	 ndcg_5: 0.0313	 ndcg_10: 0.0430	 hit@1:0.015206	 hit@5:0.0478	 hit@10: 0.0840
target: 	 mrr: 0.061660	 ndcg_5: 0.0538	 ndcg_10: 0.0657	 hit@1:0.027178	 hit@5:0.0815	 hit@10: 0.1192
target best!
..............target: 	 mrr: 0.058129	 ndcg_5: 0.0497	 ndcg_10: 0.0640	 hit@1:0.020576	 hit@5:0.0789	 hit@10: 0.1228
epoch 57: train_loss = 0.851586, source_hit@10 = 0.0840, source_ndcg@10 = 0.0430, target_hit@10 = 0.1228, target_ndcg@10 = 0.0640

2024-07-31 14:35:10.137722: step 17632/24320 (epoch 58/80), loss = 0.852719 (40.412 sec/epoch), lr: 0.001229
Evaluating on dev set...
...........................
source: 	 mrr: 0.040213	 ndcg_5: 0.0276	 ndcg_10: 0.0381	 hit@1:0.011586	 hit@5:0.0420	 hit@10: 0.0746
target: 	 mrr: 0.059853	 ndcg_5: 0.0516	 ndcg_10: 0.0642	 hit@1:0.023693	 hit@5:0.0774	 hit@10: 0.1164
epoch 58: train_loss = 0.852719, source_hit@10 = 0.0746, source_ndcg@10 = 0.0381, target_hit@10 = 0.1164, target_ndcg@10 = 0.0642

2024-07-31 14:35:51.117490: step 17936/24320 (epoch 59/80), loss = 0.850356 (40.634 sec/epoch), lr: 0.001168
Evaluating on dev set...
...........................
source: 	 mrr: 0.040960	 ndcg_5: 0.0287	 ndcg_10: 0.0390	 hit@1:0.014482	 hit@5:0.0442	 hit@10: 0.0760
target: 	 mrr: 0.057149	 ndcg_5: 0.0499	 ndcg_10: 0.0632	 hit@1:0.020906	 hit@5:0.0780	 hit@10: 0.1192
epoch 59: train_loss = 0.850356, source_hit@10 = 0.0760, source_ndcg@10 = 0.0390, target_hit@10 = 0.1192, target_ndcg@10 = 0.0632

2024-07-31 14:36:31.658926: step 18240/24320 (epoch 60/80), loss = 0.848076 (40.196 sec/epoch), lr: 0.001110
Evaluating on dev set...
...........................
source: 	 mrr: 0.043237	 ndcg_5: 0.0327	 ndcg_10: 0.0442	 hit@1:0.012310	 hit@5:0.0536	 hit@10: 0.0891
target: 	 mrr: 0.065128	 ndcg_5: 0.0596	 ndcg_10: 0.0718	 hit@1:0.027178	 hit@5:0.0913	 hit@10: 0.1289
target best!
..............target: 	 mrr: 0.058320	 ndcg_5: 0.0511	 ndcg_10: 0.0646	 hit@1:0.022634	 hit@5:0.0809	 hit@10: 0.1228
epoch 60: train_loss = 0.848076, source_hit@10 = 0.0891, source_ndcg@10 = 0.0442, target_hit@10 = 0.1228, target_ndcg@10 = 0.0646
new best model saved.

2024-07-31 14:37:12.195514: step 18544/24320 (epoch 61/80), loss = 0.846254 (39.894 sec/epoch), lr: 0.001110
Evaluating on dev set...
...........................
source: 	 mrr: 0.038857	 ndcg_5: 0.0273	 ndcg_10: 0.0387	 hit@1:0.010138	 hit@5:0.0449	 hit@10: 0.0797
target: 	 mrr: 0.049639	 ndcg_5: 0.0425	 ndcg_10: 0.0545	 hit@1:0.018118	 hit@5:0.0676	 hit@10: 0.1052
epoch 61: train_loss = 0.846254, source_hit@10 = 0.0797, source_ndcg@10 = 0.0387, target_hit@10 = 0.1052, target_ndcg@10 = 0.0545

2024-07-31 14:37:52.240688: step 18848/24320 (epoch 62/80), loss = 0.844709 (39.684 sec/epoch), lr: 0.001054
Evaluating on dev set...
...........................
source: 	 mrr: 0.043594	 ndcg_5: 0.0300	 ndcg_10: 0.0404	 hit@1:0.015930	 hit@5:0.0442	 hit@10: 0.0760
target: 	 mrr: 0.056147	 ndcg_5: 0.0490	 ndcg_10: 0.0610	 hit@1:0.025087	 hit@5:0.0753	 hit@10: 0.1122
epoch 62: train_loss = 0.844709, source_hit@10 = 0.0760, source_ndcg@10 = 0.0404, target_hit@10 = 0.1122, target_ndcg@10 = 0.0610

2024-07-31 14:38:32.063741: step 19152/24320 (epoch 63/80), loss = 0.844735 (39.457 sec/epoch), lr: 0.001054
Evaluating on dev set...
...........................
source: 	 mrr: 0.038076	 ndcg_5: 0.0255	 ndcg_10: 0.0366	 hit@1:0.010862	 hit@5:0.0406	 hit@10: 0.0746
target: 	 mrr: 0.055000	 ndcg_5: 0.0467	 ndcg_10: 0.0578	 hit@1:0.019512	 hit@5:0.0718	 hit@10: 0.1066
epoch 63: train_loss = 0.844735, source_hit@10 = 0.0746, source_ndcg@10 = 0.0366, target_hit@10 = 0.1066, target_ndcg@10 = 0.0578

2024-07-31 14:39:12.388920: step 19456/24320 (epoch 64/80), loss = 0.842562 (39.962 sec/epoch), lr: 0.001001
Evaluating on dev set...
...........................
source: 	 mrr: 0.039820	 ndcg_5: 0.0285	 ndcg_10: 0.0372	 hit@1:0.011586	 hit@5:0.0471	 hit@10: 0.0746
target: 	 mrr: 0.057576	 ndcg_5: 0.0506	 ndcg_10: 0.0627	 hit@1:0.022997	 hit@5:0.0774	 hit@10: 0.1157
epoch 64: train_loss = 0.842562, source_hit@10 = 0.0746, source_ndcg@10 = 0.0372, target_hit@10 = 0.1157, target_ndcg@10 = 0.0627

2024-07-31 14:39:52.478757: step 19760/24320 (epoch 65/80), loss = 0.841680 (39.748 sec/epoch), lr: 0.001001
Evaluating on dev set...
...........................
source: 	 mrr: 0.036620	 ndcg_5: 0.0244	 ndcg_10: 0.0360	 hit@1:0.010138	 hit@5:0.0398	 hit@10: 0.0768
target: 	 mrr: 0.052429	 ndcg_5: 0.0452	 ndcg_10: 0.0577	 hit@1:0.016028	 hit@5:0.0739	 hit@10: 0.1129
epoch 65: train_loss = 0.841680, source_hit@10 = 0.0768, source_ndcg@10 = 0.0360, target_hit@10 = 0.1129, target_ndcg@10 = 0.0577

2024-07-31 14:40:32.718463: step 20064/24320 (epoch 66/80), loss = 0.838490 (39.873 sec/epoch), lr: 0.000951
Evaluating on dev set...
...........................
source: 	 mrr: 0.034892	 ndcg_5: 0.0211	 ndcg_10: 0.0324	 hit@1:0.007965	 hit@5:0.0348	 hit@10: 0.0702
target: 	 mrr: 0.060112	 ndcg_5: 0.0504	 ndcg_10: 0.0664	 hit@1:0.024390	 hit@5:0.0767	 hit@10: 0.1268
epoch 66: train_loss = 0.838490, source_hit@10 = 0.0702, source_ndcg@10 = 0.0324, target_hit@10 = 0.1268, target_ndcg@10 = 0.0664

2024-07-31 14:41:12.299837: step 20368/24320 (epoch 67/80), loss = 0.840134 (39.228 sec/epoch), lr: 0.000951
Evaluating on dev set...
...........................
source: 	 mrr: 0.036084	 ndcg_5: 0.0235	 ndcg_10: 0.0365	 hit@1:0.007965	 hit@5:0.0391	 hit@10: 0.0797
target: 	 mrr: 0.052137	 ndcg_5: 0.0429	 ndcg_10: 0.0575	 hit@1:0.018815	 hit@5:0.0676	 hit@10: 0.1129
epoch 67: train_loss = 0.840134, source_hit@10 = 0.0797, source_ndcg@10 = 0.0365, target_hit@10 = 0.1129, target_ndcg@10 = 0.0575

2024-07-31 14:41:52.231414: step 20672/24320 (epoch 68/80), loss = 0.837269 (39.582 sec/epoch), lr: 0.000904
Evaluating on dev set...
...........................
source: 	 mrr: 0.038145	 ndcg_5: 0.0266	 ndcg_10: 0.0365	 hit@1:0.009413	 hit@5:0.0442	 hit@10: 0.0746
target: 	 mrr: 0.050238	 ndcg_5: 0.0414	 ndcg_10: 0.0517	 hit@1:0.018815	 hit@5:0.0641	 hit@10: 0.0962
epoch 68: train_loss = 0.837269, source_hit@10 = 0.0746, source_ndcg@10 = 0.0365, target_hit@10 = 0.0962, target_ndcg@10 = 0.0517

2024-07-31 14:42:32.488582: step 20976/24320 (epoch 69/80), loss = 0.837198 (39.911 sec/epoch), lr: 0.000904
Evaluating on dev set...
...........................
source: 	 mrr: 0.041912	 ndcg_5: 0.0276	 ndcg_10: 0.0418	 hit@1:0.011586	 hit@5:0.0427	 hit@10: 0.0869
target: 	 mrr: 0.060938	 ndcg_5: 0.0545	 ndcg_10: 0.0656	 hit@1:0.023693	 hit@5:0.0850	 hit@10: 0.1199
epoch 69: train_loss = 0.837198, source_hit@10 = 0.0869, source_ndcg@10 = 0.0418, target_hit@10 = 0.1199, target_ndcg@10 = 0.0656

2024-07-31 14:43:12.655934: step 21280/24320 (epoch 70/80), loss = 0.836349 (39.831 sec/epoch), lr: 0.000904
Evaluating on dev set...
...........................
source: 	 mrr: 0.040527	 ndcg_5: 0.0284	 ndcg_10: 0.0398	 hit@1:0.013034	 hit@5:0.0449	 hit@10: 0.0804
target: 	 mrr: 0.055056	 ndcg_5: 0.0470	 ndcg_10: 0.0582	 hit@1:0.020906	 hit@5:0.0718	 hit@10: 0.1066
epoch 70: train_loss = 0.836349, source_hit@10 = 0.0804, source_ndcg@10 = 0.0398, target_hit@10 = 0.1066, target_ndcg@10 = 0.0582

2024-07-31 14:43:53.006330: step 21584/24320 (epoch 71/80), loss = 0.834381 (40.003 sec/epoch), lr: 0.000859
Evaluating on dev set...
...........................
source: 	 mrr: 0.044216	 ndcg_5: 0.0327	 ndcg_10: 0.0433	 hit@1:0.015930	 hit@5:0.0500	 hit@10: 0.0833
target: 	 mrr: 0.056324	 ndcg_5: 0.0490	 ndcg_10: 0.0590	 hit@1:0.022300	 hit@5:0.0746	 hit@10: 0.1059
epoch 71: train_loss = 0.834381, source_hit@10 = 0.0833, source_ndcg@10 = 0.0433, target_hit@10 = 0.1059, target_ndcg@10 = 0.0590

2024-07-31 14:44:33.243044: step 21888/24320 (epoch 72/80), loss = 0.832620 (39.896 sec/epoch), lr: 0.000859
Evaluating on dev set...
...........................
source: 	 mrr: 0.039018	 ndcg_5: 0.0283	 ndcg_10: 0.0386	 hit@1:0.011586	 hit@5:0.0463	 hit@10: 0.0782
target: 	 mrr: 0.063590	 ndcg_5: 0.0562	 ndcg_10: 0.0704	 hit@1:0.023693	 hit@5:0.0864	 hit@10: 0.1303
epoch 72: train_loss = 0.832620, source_hit@10 = 0.0782, source_ndcg@10 = 0.0386, target_hit@10 = 0.1303, target_ndcg@10 = 0.0704

2024-07-31 14:45:12.861642: step 22192/24320 (epoch 73/80), loss = 0.831350 (39.276 sec/epoch), lr: 0.000859
Evaluating on dev set...
...........................
source: 	 mrr: 0.038541	 ndcg_5: 0.0274	 ndcg_10: 0.0386	 hit@1:0.009413	 hit@5:0.0449	 hit@10: 0.0804
target: 	 mrr: 0.053561	 ndcg_5: 0.0433	 ndcg_10: 0.0580	 hit@1:0.020209	 hit@5:0.0655	 hit@10: 0.1115
epoch 73: train_loss = 0.831350, source_hit@10 = 0.0804, source_ndcg@10 = 0.0386, target_hit@10 = 0.1115, target_ndcg@10 = 0.0580

2024-07-31 14:45:52.935963: step 22496/24320 (epoch 74/80), loss = 0.831298 (39.737 sec/epoch), lr: 0.000816
Evaluating on dev set...
...........................
source: 	 mrr: 0.040596	 ndcg_5: 0.0301	 ndcg_10: 0.0408	 hit@1:0.013758	 hit@5:0.0471	 hit@10: 0.0804
target: 	 mrr: 0.060016	 ndcg_5: 0.0512	 ndcg_10: 0.0637	 hit@1:0.025784	 hit@5:0.0767	 hit@10: 0.1157
epoch 74: train_loss = 0.831298, source_hit@10 = 0.0804, source_ndcg@10 = 0.0408, target_hit@10 = 0.1157, target_ndcg@10 = 0.0637

2024-07-31 14:46:33.765095: step 22800/24320 (epoch 75/80), loss = 0.828346 (40.486 sec/epoch), lr: 0.000816
Evaluating on dev set...
...........................
source: 	 mrr: 0.036762	 ndcg_5: 0.0252	 ndcg_10: 0.0357	 hit@1:0.013758	 hit@5:0.0384	 hit@10: 0.0717
target: 	 mrr: 0.055974	 ndcg_5: 0.0481	 ndcg_10: 0.0607	 hit@1:0.021603	 hit@5:0.0732	 hit@10: 0.1122
epoch 75: train_loss = 0.828346, source_hit@10 = 0.0717, source_ndcg@10 = 0.0357, target_hit@10 = 0.1122, target_ndcg@10 = 0.0607

2024-07-31 14:47:12.284666: step 23104/24320 (epoch 76/80), loss = 0.826780 (38.180 sec/epoch), lr: 0.000775
Evaluating on dev set...
...........................
source: 	 mrr: 0.040582	 ndcg_5: 0.0290	 ndcg_10: 0.0394	 hit@1:0.013034	 hit@5:0.0456	 hit@10: 0.0782
target: 	 mrr: 0.060490	 ndcg_5: 0.0524	 ndcg_10: 0.0661	 hit@1:0.026481	 hit@5:0.0794	 hit@10: 0.1220
epoch 76: train_loss = 0.826780, source_hit@10 = 0.0782, source_ndcg@10 = 0.0394, target_hit@10 = 0.1220, target_ndcg@10 = 0.0661

2024-07-31 14:47:49.525582: step 23408/24320 (epoch 77/80), loss = 0.826929 (36.911 sec/epoch), lr: 0.000775
Evaluating on dev set...
...........................
source: 	 mrr: 0.036398	 ndcg_5: 0.0271	 ndcg_10: 0.0350	 hit@1:0.010862	 hit@5:0.0427	 hit@10: 0.0673
target: 	 mrr: 0.058828	 ndcg_5: 0.0504	 ndcg_10: 0.0635	 hit@1:0.024390	 hit@5:0.0774	 hit@10: 0.1185
epoch 77: train_loss = 0.826929, source_hit@10 = 0.0673, source_ndcg@10 = 0.0350, target_hit@10 = 0.1185, target_ndcg@10 = 0.0635

2024-07-31 14:48:26.981483: step 23712/24320 (epoch 78/80), loss = 0.823172 (37.121 sec/epoch), lr: 0.000736
Evaluating on dev set...
...........................
source: 	 mrr: 0.042340	 ndcg_5: 0.0295	 ndcg_10: 0.0417	 hit@1:0.013758	 hit@5:0.0449	 hit@10: 0.0833
target: 	 mrr: 0.055062	 ndcg_5: 0.0480	 ndcg_10: 0.0607	 hit@1:0.022300	 hit@5:0.0753	 hit@10: 0.1143
epoch 78: train_loss = 0.823172, source_hit@10 = 0.0833, source_ndcg@10 = 0.0417, target_hit@10 = 0.1143, target_ndcg@10 = 0.0607

2024-07-31 14:49:04.611479: step 24016/24320 (epoch 79/80), loss = 0.824898 (37.301 sec/epoch), lr: 0.000736
Evaluating on dev set...
...........................
source: 	 mrr: 0.034474	 ndcg_5: 0.0222	 ndcg_10: 0.0348	 hit@1:0.008689	 hit@5:0.0369	 hit@10: 0.0760
target: 	 mrr: 0.057527	 ndcg_5: 0.0492	 ndcg_10: 0.0622	 hit@1:0.022997	 hit@5:0.0753	 hit@10: 0.1157
epoch 79: train_loss = 0.824898, source_hit@10 = 0.0760, source_ndcg@10 = 0.0348, target_hit@10 = 0.1157, target_ndcg@10 = 0.0622

2024-07-31 14:49:41.639010: step 24320/24320 (epoch 80/80), loss = 0.821675 (36.691 sec/epoch), lr: 0.000699
Evaluating on dev set...
...........................
source: 	 mrr: 0.037118	 ndcg_5: 0.0259	 ndcg_10: 0.0370	 hit@1:0.010862	 hit@5:0.0420	 hit@10: 0.0775
target: 	 mrr: 0.052618	 ndcg_5: 0.0447	 ndcg_10: 0.0570	 hit@1:0.018815	 hit@5:0.0711	 hit@10: 0.1094
epoch 80: train_loss = 0.821675, source_hit@10 = 0.0775, source_ndcg@10 = 0.0370, target_hit@10 = 0.1094, target_ndcg@10 = 0.0570

