nohup: ignoring input
using gpu:0 to train the model
using gpu:0 to train the model
cuda:0
Namespace(A_split=False, JK='sum', a_fold=100, aggregate=False, alpha=0.5, batch_size=1024, beta_inter=0.5, conv_layers=4, cuda=True, decay_epoch=10, device=device(type='cuda', index=0), device_id='0', domains='game_video', dropout=0.5, epoch=80, feature_dim=126, hidden_dim=126, inter_tau=0.2, intra_tau=0.9, lambda_critic=0.4, leakey=0.01, load=False, log='logs.txt', log_epoch=1, lr=0.004, lr_decay=0.95, min_epoch=50, mode='train', model_file=None, model_name='gv', momentum=0.98, num_latent_factors=3, num_negative=100, optim='adam', patience=50, proj_layers=1, projection=1, residual=1, save=True, save_dir='./saved_models', seed=32, similarity_tau=0.1, test_sample_number=999, transfer_epoch=50, user_batch_size=256, weight_decay=0.0002)
number_user 25025
number_item 12319
/home/hourun/invariantCDR_v2/invariantCDR/utils/GraphMaker.py:46: RuntimeWarning: divide by zero encountered in power
  r_inv = np.power(rowsum, -1).flatten()
real graph loaded!
number_user 19457
number_item 8751
real graph loaded!
graph loaded!
Loading data from game_video with batch size 1024...
unseen test: 0
test length: 1381
unseen test: 0
test length: 1304
unseen test: 0
test length: 1435
unseen test: 0
test length: 1458
source_user_num 25025
target_user_num 19457
source_item_num 12319
target_item_num 8751
shared users id: 1737
test users 226, 217
unseen test: 0
dev length: 1000
unseen test: 0
dev length: 1000
source train data : 155036, target train data: 156091, source test data : 1304, target test data : 1458, source dev data : 1000, target dev data : 1000
2024-07-31 19:33:02.922669: step 304/24320 (epoch 1/80), loss = 1.383355 (36.852 sec/epoch), lr: 0.004000
Evaluating on dev set...
...........................
source: 	 mrr: 0.032026	 ndcg_5: 0.0224	 ndcg_10: 0.0333	 hit@1:0.006517	 hit@5:0.0377	 hit@10: 0.0717
target: 	 mrr: 0.026568	 ndcg_5: 0.0181	 ndcg_10: 0.0230	 hit@1:0.006969	 hit@5:0.0286	 hit@10: 0.0439
source best!
.............
source: 	 mrr: 0.033609	 ndcg_5: 0.0227	 ndcg_10: 0.0310	 hit@1:0.010736	 hit@5:0.0360	 hit@10: 0.0613
target best!
..............target: 	 mrr: 0.032507	 ndcg_5: 0.0244	 ndcg_10: 0.0303	 hit@1:0.013032	 hit@5:0.0343	 hit@10: 0.0528
epoch 1: train_loss = 1.383355, source_hit@10 = 0.0613, source_ndcg@10 = 0.0310, target_hit@10 = 0.0528, target_ndcg@10 = 0.0303

2024-07-31 19:33:40.030540: step 608/24320 (epoch 2/80), loss = 1.224203 (36.588 sec/epoch), lr: 0.004000
Evaluating on dev set...
...........................
source: 	 mrr: 0.029437	 ndcg_5: 0.0190	 ndcg_10: 0.0275	 hit@1:0.006517	 hit@5:0.0319	 hit@10: 0.0579
target: 	 mrr: 0.033724	 ndcg_5: 0.0243	 ndcg_10: 0.0319	 hit@1:0.012544	 hit@5:0.0362	 hit@10: 0.0599
target best!
..............target: 	 mrr: 0.032302	 ndcg_5: 0.0239	 ndcg_10: 0.0310	 hit@1:0.010974	 hit@5:0.0370	 hit@10: 0.0597
epoch 2: train_loss = 1.224203, source_hit@10 = 0.0579, source_ndcg@10 = 0.0275, target_hit@10 = 0.0597, target_ndcg@10 = 0.0310
new best model saved.

2024-07-31 19:34:17.559021: step 912/24320 (epoch 3/80), loss = 1.185016 (37.003 sec/epoch), lr: 0.004000
Evaluating on dev set...
...........................
source: 	 mrr: 0.025977	 ndcg_5: 0.0165	 ndcg_10: 0.0233	 hit@1:0.003621	 hit@5:0.0290	 hit@10: 0.0500
target: 	 mrr: 0.029971	 ndcg_5: 0.0197	 ndcg_10: 0.0292	 hit@1:0.006969	 hit@5:0.0321	 hit@10: 0.0613
epoch 3: train_loss = 1.185016, source_hit@10 = 0.0500, source_ndcg@10 = 0.0233, target_hit@10 = 0.0613, target_ndcg@10 = 0.0292

2024-07-31 19:34:54.572029: step 1216/24320 (epoch 4/80), loss = 1.158896 (36.721 sec/epoch), lr: 0.004000
Evaluating on dev set...
...........................
source: 	 mrr: 0.035477	 ndcg_5: 0.0254	 ndcg_10: 0.0335	 hit@1:0.010138	 hit@5:0.0406	 hit@10: 0.0659
target: 	 mrr: 0.029122	 ndcg_5: 0.0193	 ndcg_10: 0.0272	 hit@1:0.006272	 hit@5:0.0321	 hit@10: 0.0564
source best!
.............
source: 	 mrr: 0.031433	 ndcg_5: 0.0209	 ndcg_10: 0.0306	 hit@1:0.006135	 hit@5:0.0368	 hit@10: 0.0675
epoch 4: train_loss = 1.158896, source_hit@10 = 0.0675, source_ndcg@10 = 0.0306, target_hit@10 = 0.0564, target_ndcg@10 = 0.0272

2024-07-31 19:35:31.431119: step 1520/24320 (epoch 5/80), loss = 1.150853 (36.462 sec/epoch), lr: 0.004000
Evaluating on dev set...
...........................
source: 	 mrr: 0.031230	 ndcg_5: 0.0180	 ndcg_10: 0.0302	 hit@1:0.007241	 hit@5:0.0297	 hit@10: 0.0688
target: 	 mrr: 0.033272	 ndcg_5: 0.0241	 ndcg_10: 0.0313	 hit@1:0.011150	 hit@5:0.0376	 hit@10: 0.0599
epoch 5: train_loss = 1.150853, source_hit@10 = 0.0688, source_ndcg@10 = 0.0302, target_hit@10 = 0.0599, target_ndcg@10 = 0.0313

2024-07-31 19:36:08.087263: step 1824/24320 (epoch 6/80), loss = 1.140077 (36.370 sec/epoch), lr: 0.004000
Evaluating on dev set...
...........................
source: 	 mrr: 0.032596	 ndcg_5: 0.0203	 ndcg_10: 0.0286	 hit@1:0.010138	 hit@5:0.0311	 hit@10: 0.0572
target: 	 mrr: 0.030373	 ndcg_5: 0.0206	 ndcg_10: 0.0296	 hit@1:0.007666	 hit@5:0.0334	 hit@10: 0.0620
epoch 6: train_loss = 1.140077, source_hit@10 = 0.0572, source_ndcg@10 = 0.0286, target_hit@10 = 0.0620, target_ndcg@10 = 0.0296

2024-07-31 19:36:44.432460: step 2128/24320 (epoch 7/80), loss = 1.127529 (36.054 sec/epoch), lr: 0.004000
Evaluating on dev set...
...........................
source: 	 mrr: 0.031766	 ndcg_5: 0.0203	 ndcg_10: 0.0320	 hit@1:0.005069	 hit@5:0.0369	 hit@10: 0.0724
target: 	 mrr: 0.035376	 ndcg_5: 0.0245	 ndcg_10: 0.0371	 hit@1:0.005575	 hit@5:0.0432	 hit@10: 0.0822
target best!
..............target: 	 mrr: 0.043313	 ndcg_5: 0.0336	 ndcg_10: 0.0451	 hit@1:0.015089	 hit@5:0.0528	 hit@10: 0.0892
epoch 7: train_loss = 1.127529, source_hit@10 = 0.0724, source_ndcg@10 = 0.0320, target_hit@10 = 0.0892, target_ndcg@10 = 0.0451

2024-07-31 19:37:21.243632: step 2432/24320 (epoch 8/80), loss = 1.120538 (36.402 sec/epoch), lr: 0.004000
Evaluating on dev set...
...........................
source: 	 mrr: 0.028869	 ndcg_5: 0.0210	 ndcg_10: 0.0260	 hit@1:0.007241	 hit@5:0.0340	 hit@10: 0.0500
target: 	 mrr: 0.039142	 ndcg_5: 0.0297	 ndcg_10: 0.0430	 hit@1:0.011150	 hit@5:0.0502	 hit@10: 0.0913
target best!
..............target: 	 mrr: 0.034636	 ndcg_5: 0.0241	 ndcg_10: 0.0362	 hit@1:0.007545	 hit@5:0.0418	 hit@10: 0.0796
epoch 8: train_loss = 1.120538, source_hit@10 = 0.0500, source_ndcg@10 = 0.0260, target_hit@10 = 0.0796, target_ndcg@10 = 0.0362

2024-07-31 19:37:58.283035: step 2736/24320 (epoch 9/80), loss = 1.114336 (36.627 sec/epoch), lr: 0.004000
Evaluating on dev set...
...........................
source: 	 mrr: 0.029713	 ndcg_5: 0.0195	 ndcg_10: 0.0269	 hit@1:0.009413	 hit@5:0.0304	 hit@10: 0.0536
target: 	 mrr: 0.040955	 ndcg_5: 0.0309	 ndcg_10: 0.0457	 hit@1:0.011150	 hit@5:0.0523	 hit@10: 0.0990
target best!
..............target: 	 mrr: 0.043946	 ndcg_5: 0.0327	 ndcg_10: 0.0471	 hit@1:0.013717	 hit@5:0.0521	 hit@10: 0.0981
epoch 9: train_loss = 1.114336, source_hit@10 = 0.0536, source_ndcg@10 = 0.0269, target_hit@10 = 0.0981, target_ndcg@10 = 0.0471

2024-07-31 19:38:35.796753: step 3040/24320 (epoch 10/80), loss = 1.108066 (37.072 sec/epoch), lr: 0.004000
Evaluating on dev set...
...........................
source: 	 mrr: 0.037032	 ndcg_5: 0.0279	 ndcg_10: 0.0367	 hit@1:0.008689	 hit@5:0.0463	 hit@10: 0.0739
target: 	 mrr: 0.039904	 ndcg_5: 0.0283	 ndcg_10: 0.0403	 hit@1:0.012544	 hit@5:0.0453	 hit@10: 0.0829
source best!
.............
source: 	 mrr: 0.035083	 ndcg_5: 0.0226	 ndcg_10: 0.0347	 hit@1:0.008436	 hit@5:0.0376	 hit@10: 0.0744
epoch 10: train_loss = 1.108066, source_hit@10 = 0.0744, source_ndcg@10 = 0.0347, target_hit@10 = 0.0829, target_ndcg@10 = 0.0403
new best model saved.

2024-07-31 19:39:12.485942: step 3344/24320 (epoch 11/80), loss = 1.105708 (36.178 sec/epoch), lr: 0.004000
Evaluating on dev set...
...........................
source: 	 mrr: 0.028987	 ndcg_5: 0.0188	 ndcg_10: 0.0274	 hit@1:0.004345	 hit@5:0.0333	 hit@10: 0.0601
target: 	 mrr: 0.037650	 ndcg_5: 0.0260	 ndcg_10: 0.0416	 hit@1:0.009059	 hit@5:0.0432	 hit@10: 0.0913
epoch 11: train_loss = 1.105708, source_hit@10 = 0.0601, source_ndcg@10 = 0.0274, target_hit@10 = 0.0913, target_ndcg@10 = 0.0416

2024-07-31 19:39:49.589366: step 3648/24320 (epoch 12/80), loss = 1.101725 (36.800 sec/epoch), lr: 0.003800
Evaluating on dev set...
...........................
source: 	 mrr: 0.030287	 ndcg_5: 0.0235	 ndcg_10: 0.0292	 hit@1:0.009413	 hit@5:0.0369	 hit@10: 0.0550
target: 	 mrr: 0.043021	 ndcg_5: 0.0338	 ndcg_10: 0.0473	 hit@1:0.012544	 hit@5:0.0564	 hit@10: 0.0990
target best!
..............target: 	 mrr: 0.046097	 ndcg_5: 0.0358	 ndcg_10: 0.0489	 hit@1:0.014403	 hit@5:0.0569	 hit@10: 0.0967
epoch 12: train_loss = 1.101725, source_hit@10 = 0.0550, source_ndcg@10 = 0.0292, target_hit@10 = 0.0967, target_ndcg@10 = 0.0489

2024-07-31 19:40:27.193261: step 3952/24320 (epoch 13/80), loss = 1.100292 (37.184 sec/epoch), lr: 0.003800
Evaluating on dev set...
...........................
source: 	 mrr: 0.027582	 ndcg_5: 0.0157	 ndcg_10: 0.0269	 hit@1:0.006517	 hit@5:0.0253	 hit@10: 0.0601
target: 	 mrr: 0.047450	 ndcg_5: 0.0379	 ndcg_10: 0.0501	 hit@1:0.018118	 hit@5:0.0571	 hit@10: 0.0948
target best!
..............target: 	 mrr: 0.047229	 ndcg_5: 0.0387	 ndcg_10: 0.0529	 hit@1:0.015089	 hit@5:0.0617	 hit@10: 0.1063
epoch 13: train_loss = 1.100292, source_hit@10 = 0.0601, source_ndcg@10 = 0.0269, target_hit@10 = 0.1063, target_ndcg@10 = 0.0529

2024-07-31 19:41:04.493875: step 4256/24320 (epoch 14/80), loss = 1.098666 (36.878 sec/epoch), lr: 0.003800
Evaluating on dev set...
...........................
source: 	 mrr: 0.029194	 ndcg_5: 0.0188	 ndcg_10: 0.0291	 hit@1:0.005069	 hit@5:0.0326	 hit@10: 0.0644
target: 	 mrr: 0.045254	 ndcg_5: 0.0362	 ndcg_10: 0.0464	 hit@1:0.019512	 hit@5:0.0530	 hit@10: 0.0850
epoch 14: train_loss = 1.098666, source_hit@10 = 0.0644, source_ndcg@10 = 0.0291, target_hit@10 = 0.0850, target_ndcg@10 = 0.0464

2024-07-31 19:41:41.795824: step 4560/24320 (epoch 15/80), loss = 1.094442 (37.011 sec/epoch), lr: 0.003610
Evaluating on dev set...
...........................
source: 	 mrr: 0.035888	 ndcg_5: 0.0261	 ndcg_10: 0.0328	 hit@1:0.010138	 hit@5:0.0420	 hit@10: 0.0623
target: 	 mrr: 0.044795	 ndcg_5: 0.0376	 ndcg_10: 0.0468	 hit@1:0.016725	 hit@5:0.0592	 hit@10: 0.0878
epoch 15: train_loss = 1.094442, source_hit@10 = 0.0623, source_ndcg@10 = 0.0328, target_hit@10 = 0.0878, target_ndcg@10 = 0.0468

2024-07-31 19:42:18.753654: step 4864/24320 (epoch 16/80), loss = 1.093065 (36.627 sec/epoch), lr: 0.003610
Evaluating on dev set...
...........................
source: 	 mrr: 0.028217	 ndcg_5: 0.0163	 ndcg_10: 0.0254	 hit@1:0.007965	 hit@5:0.0246	 hit@10: 0.0529
target: 	 mrr: 0.047102	 ndcg_5: 0.0384	 ndcg_10: 0.0525	 hit@1:0.013937	 hit@5:0.0627	 hit@10: 0.1059
epoch 16: train_loss = 1.093065, source_hit@10 = 0.0529, source_ndcg@10 = 0.0254, target_hit@10 = 0.1059, target_ndcg@10 = 0.0525

2024-07-31 19:42:55.781563: step 5168/24320 (epoch 17/80), loss = 1.087537 (36.739 sec/epoch), lr: 0.003429
Evaluating on dev set...
...........................
source: 	 mrr: 0.027533	 ndcg_5: 0.0162	 ndcg_10: 0.0257	 hit@1:0.004345	 hit@5:0.0304	 hit@10: 0.0601
target: 	 mrr: 0.043417	 ndcg_5: 0.0358	 ndcg_10: 0.0459	 hit@1:0.011150	 hit@5:0.0599	 hit@10: 0.0913
epoch 17: train_loss = 1.087537, source_hit@10 = 0.0601, source_ndcg@10 = 0.0257, target_hit@10 = 0.0913, target_ndcg@10 = 0.0459

2024-07-31 19:43:33.127612: step 5472/24320 (epoch 18/80), loss = 1.084743 (37.050 sec/epoch), lr: 0.003258
Evaluating on dev set...
...........................
source: 	 mrr: 0.028566	 ndcg_5: 0.0203	 ndcg_10: 0.0266	 hit@1:0.004345	 hit@5:0.0377	 hit@10: 0.0572
target: 	 mrr: 0.051386	 ndcg_5: 0.0434	 ndcg_10: 0.0554	 hit@1:0.018118	 hit@5:0.0676	 hit@10: 0.1045
target best!
..............target: 	 mrr: 0.046303	 ndcg_5: 0.0366	 ndcg_10: 0.0493	 hit@1:0.015775	 hit@5:0.0590	 hit@10: 0.0995
epoch 18: train_loss = 1.084743, source_hit@10 = 0.0572, source_ndcg@10 = 0.0266, target_hit@10 = 0.0995, target_ndcg@10 = 0.0493

2024-07-31 19:44:10.371799: step 5776/24320 (epoch 19/80), loss = 1.081845 (36.821 sec/epoch), lr: 0.003258
Evaluating on dev set...
...........................
source: 	 mrr: 0.039696	 ndcg_5: 0.0298	 ndcg_10: 0.0397	 hit@1:0.013034	 hit@5:0.0478	 hit@10: 0.0782
target: 	 mrr: 0.042832	 ndcg_5: 0.0331	 ndcg_10: 0.0451	 hit@1:0.013240	 hit@5:0.0530	 hit@10: 0.0899
source best!
.............
source: 	 mrr: 0.039837	 ndcg_5: 0.0302	 ndcg_10: 0.0397	 hit@1:0.011503	 hit@5:0.0475	 hit@10: 0.0767
epoch 19: train_loss = 1.081845, source_hit@10 = 0.0767, source_ndcg@10 = 0.0397, target_hit@10 = 0.0899, target_ndcg@10 = 0.0451

2024-07-31 19:44:47.049994: step 6080/24320 (epoch 20/80), loss = 1.080231 (36.278 sec/epoch), lr: 0.003258
Evaluating on dev set...
...........................
source: 	 mrr: 0.032949	 ndcg_5: 0.0206	 ndcg_10: 0.0311	 hit@1:0.006517	 hit@5:0.0340	 hit@10: 0.0659
target: 	 mrr: 0.044783	 ndcg_5: 0.0362	 ndcg_10: 0.0477	 hit@1:0.016028	 hit@5:0.0564	 hit@10: 0.0927
epoch 20: train_loss = 1.080231, source_hit@10 = 0.0659, source_ndcg@10 = 0.0311, target_hit@10 = 0.0927, target_ndcg@10 = 0.0477

2024-07-31 19:45:23.982498: step 6384/24320 (epoch 21/80), loss = 1.076338 (36.607 sec/epoch), lr: 0.003095
Evaluating on dev set...
...........................
source: 	 mrr: 0.034904	 ndcg_5: 0.0247	 ndcg_10: 0.0333	 hit@1:0.009413	 hit@5:0.0398	 hit@10: 0.0666
target: 	 mrr: 0.046430	 ndcg_5: 0.0364	 ndcg_10: 0.0516	 hit@1:0.015331	 hit@5:0.0592	 hit@10: 0.1059
epoch 21: train_loss = 1.076338, source_hit@10 = 0.0666, source_ndcg@10 = 0.0333, target_hit@10 = 0.1059, target_ndcg@10 = 0.0516

2024-07-31 19:46:01.400138: step 6688/24320 (epoch 22/80), loss = 1.071052 (37.084 sec/epoch), lr: 0.003095
Evaluating on dev set...
...........................
source: 	 mrr: 0.032414	 ndcg_5: 0.0236	 ndcg_10: 0.0316	 hit@1:0.008689	 hit@5:0.0391	 hit@10: 0.0637
target: 	 mrr: 0.041526	 ndcg_5: 0.0327	 ndcg_10: 0.0447	 hit@1:0.011150	 hit@5:0.0551	 hit@10: 0.0927
epoch 22: train_loss = 1.071052, source_hit@10 = 0.0637, source_ndcg@10 = 0.0316, target_hit@10 = 0.0927, target_ndcg@10 = 0.0447

2024-07-31 19:46:38.603823: step 6992/24320 (epoch 23/80), loss = 1.065429 (36.915 sec/epoch), lr: 0.002940
Evaluating on dev set...
...........................
source: 	 mrr: 0.025550	 ndcg_5: 0.0178	 ndcg_10: 0.0245	 hit@1:0.004345	 hit@5:0.0311	 hit@10: 0.0521
target: 	 mrr: 0.038510	 ndcg_5: 0.0265	 ndcg_10: 0.0381	 hit@1:0.013240	 hit@5:0.0411	 hit@10: 0.0780
epoch 23: train_loss = 1.065429, source_hit@10 = 0.0521, source_ndcg@10 = 0.0245, target_hit@10 = 0.0780, target_ndcg@10 = 0.0381

2024-07-31 19:47:15.907418: step 7296/24320 (epoch 24/80), loss = 1.062039 (37.017 sec/epoch), lr: 0.002793
Evaluating on dev set...
...........................
source: 	 mrr: 0.033259	 ndcg_5: 0.0229	 ndcg_10: 0.0294	 hit@1:0.010862	 hit@5:0.0355	 hit@10: 0.0558
target: 	 mrr: 0.042575	 ndcg_5: 0.0314	 ndcg_10: 0.0432	 hit@1:0.014634	 hit@5:0.0481	 hit@10: 0.0843
epoch 24: train_loss = 1.062039, source_hit@10 = 0.0558, source_ndcg@10 = 0.0294, target_hit@10 = 0.0843, target_ndcg@10 = 0.0432

2024-07-31 19:47:52.546634: step 7600/24320 (epoch 25/80), loss = 1.058996 (36.345 sec/epoch), lr: 0.002793
Evaluating on dev set...
...........................
source: 	 mrr: 0.038741	 ndcg_5: 0.0273	 ndcg_10: 0.0383	 hit@1:0.010862	 hit@5:0.0427	 hit@10: 0.0775
target: 	 mrr: 0.041659	 ndcg_5: 0.0341	 ndcg_10: 0.0455	 hit@1:0.012544	 hit@5:0.0557	 hit@10: 0.0913
epoch 25: train_loss = 1.058996, source_hit@10 = 0.0775, source_ndcg@10 = 0.0383, target_hit@10 = 0.0913, target_ndcg@10 = 0.0455

2024-07-31 19:48:29.711443: step 7904/24320 (epoch 26/80), loss = 1.058084 (36.877 sec/epoch), lr: 0.002793
Evaluating on dev set...
...........................
source: 	 mrr: 0.037080	 ndcg_5: 0.0259	 ndcg_10: 0.0360	 hit@1:0.010862	 hit@5:0.0420	 hit@10: 0.0731
target: 	 mrr: 0.046969	 ndcg_5: 0.0383	 ndcg_10: 0.0526	 hit@1:0.013937	 hit@5:0.0641	 hit@10: 0.1087
epoch 26: train_loss = 1.058084, source_hit@10 = 0.0731, source_ndcg@10 = 0.0360, target_hit@10 = 0.1087, target_ndcg@10 = 0.0526

2024-07-31 19:49:06.463161: step 8208/24320 (epoch 27/80), loss = 1.059915 (36.464 sec/epoch), lr: 0.002793
Evaluating on dev set...
...........................
source: 	 mrr: 0.036337	 ndcg_5: 0.0275	 ndcg_10: 0.0375	 hit@1:0.008689	 hit@5:0.0463	 hit@10: 0.0775
target: 	 mrr: 0.042498	 ndcg_5: 0.0349	 ndcg_10: 0.0464	 hit@1:0.011150	 hit@5:0.0599	 hit@10: 0.0962
epoch 27: train_loss = 1.059915, source_hit@10 = 0.0775, source_ndcg@10 = 0.0375, target_hit@10 = 0.0962, target_ndcg@10 = 0.0464

2024-07-31 19:49:43.732082: step 8512/24320 (epoch 28/80), loss = 1.052687 (36.981 sec/epoch), lr: 0.002654
Evaluating on dev set...
...........................
source: 	 mrr: 0.032838	 ndcg_5: 0.0227	 ndcg_10: 0.0322	 hit@1:0.007241	 hit@5:0.0384	 hit@10: 0.0681
target: 	 mrr: 0.047613	 ndcg_5: 0.0405	 ndcg_10: 0.0511	 hit@1:0.016725	 hit@5:0.0634	 hit@10: 0.0962
epoch 28: train_loss = 1.052687, source_hit@10 = 0.0681, source_ndcg@10 = 0.0322, target_hit@10 = 0.0962, target_ndcg@10 = 0.0511

2024-07-31 19:50:20.349264: step 8816/24320 (epoch 29/80), loss = 1.053923 (36.326 sec/epoch), lr: 0.002654
Evaluating on dev set...
...........................
source: 	 mrr: 0.041403	 ndcg_5: 0.0318	 ndcg_10: 0.0399	 hit@1:0.015206	 hit@5:0.0478	 hit@10: 0.0731
target: 	 mrr: 0.032199	 ndcg_5: 0.0241	 ndcg_10: 0.0310	 hit@1:0.009756	 hit@5:0.0369	 hit@10: 0.0585
source best!
.............
source: 	 mrr: 0.041480	 ndcg_5: 0.0303	 ndcg_10: 0.0433	 hit@1:0.015337	 hit@5:0.0460	 hit@10: 0.0859
epoch 29: train_loss = 1.053923, source_hit@10 = 0.0859, source_ndcg@10 = 0.0433, target_hit@10 = 0.0585, target_ndcg@10 = 0.0310

2024-07-31 19:50:57.149735: step 9120/24320 (epoch 30/80), loss = 1.050539 (36.399 sec/epoch), lr: 0.002521
Evaluating on dev set...
...........................
source: 	 mrr: 0.035160	 ndcg_5: 0.0249	 ndcg_10: 0.0329	 hit@1:0.009413	 hit@5:0.0406	 hit@10: 0.0652
target: 	 mrr: 0.047984	 ndcg_5: 0.0389	 ndcg_10: 0.0506	 hit@1:0.016725	 hit@5:0.0599	 hit@10: 0.0962
epoch 30: train_loss = 1.050539, source_hit@10 = 0.0652, source_ndcg@10 = 0.0329, target_hit@10 = 0.0962, target_ndcg@10 = 0.0506

2024-07-31 19:51:34.287897: step 9424/24320 (epoch 31/80), loss = 1.050037 (36.827 sec/epoch), lr: 0.002521
Evaluating on dev set...
...........................
source: 	 mrr: 0.038333	 ndcg_5: 0.0282	 ndcg_10: 0.0392	 hit@1:0.011586	 hit@5:0.0463	 hit@10: 0.0804
target: 	 mrr: 0.049009	 ndcg_5: 0.0408	 ndcg_10: 0.0546	 hit@1:0.016028	 hit@5:0.0669	 hit@10: 0.1101
epoch 31: train_loss = 1.050037, source_hit@10 = 0.0804, source_ndcg@10 = 0.0392, target_hit@10 = 0.1101, target_ndcg@10 = 0.0546

2024-07-31 19:52:11.012374: step 9728/24320 (epoch 32/80), loss = 1.048545 (36.425 sec/epoch), lr: 0.002521
Evaluating on dev set...
...........................
source: 	 mrr: 0.036609	 ndcg_5: 0.0250	 ndcg_10: 0.0367	 hit@1:0.008689	 hit@5:0.0406	 hit@10: 0.0768
target: 	 mrr: 0.046986	 ndcg_5: 0.0402	 ndcg_10: 0.0503	 hit@1:0.013937	 hit@5:0.0655	 hit@10: 0.0969
epoch 32: train_loss = 1.048545, source_hit@10 = 0.0768, source_ndcg@10 = 0.0367, target_hit@10 = 0.0969, target_ndcg@10 = 0.0503

2024-07-31 19:52:47.893275: step 10032/24320 (epoch 33/80), loss = 1.045690 (36.591 sec/epoch), lr: 0.002395
Evaluating on dev set...
...........................
source: 	 mrr: 0.035160	 ndcg_5: 0.0270	 ndcg_10: 0.0360	 hit@1:0.007965	 hit@5:0.0463	 hit@10: 0.0746
target: 	 mrr: 0.042145	 ndcg_5: 0.0349	 ndcg_10: 0.0440	 hit@1:0.012544	 hit@5:0.0564	 hit@10: 0.0850
epoch 33: train_loss = 1.045690, source_hit@10 = 0.0746, source_ndcg@10 = 0.0360, target_hit@10 = 0.0850, target_ndcg@10 = 0.0440

2024-07-31 19:53:24.385759: step 10336/24320 (epoch 34/80), loss = 1.040426 (36.208 sec/epoch), lr: 0.002275
Evaluating on dev set...
...........................
source: 	 mrr: 0.037635	 ndcg_5: 0.0259	 ndcg_10: 0.0394	 hit@1:0.009413	 hit@5:0.0427	 hit@10: 0.0847
target: 	 mrr: 0.047517	 ndcg_5: 0.0400	 ndcg_10: 0.0498	 hit@1:0.019512	 hit@5:0.0620	 hit@10: 0.0927
epoch 34: train_loss = 1.040426, source_hit@10 = 0.0847, source_ndcg@10 = 0.0394, target_hit@10 = 0.0927, target_ndcg@10 = 0.0498

2024-07-31 19:54:01.378088: step 10640/24320 (epoch 35/80), loss = 1.037189 (36.697 sec/epoch), lr: 0.002275
Evaluating on dev set...
...........................
source: 	 mrr: 0.035850	 ndcg_5: 0.0240	 ndcg_10: 0.0362	 hit@1:0.007965	 hit@5:0.0391	 hit@10: 0.0768
target: 	 mrr: 0.058254	 ndcg_5: 0.0531	 ndcg_10: 0.0639	 hit@1:0.022300	 hit@5:0.0815	 hit@10: 0.1150
target best!
..............target: 	 mrr: 0.061840	 ndcg_5: 0.0530	 ndcg_10: 0.0686	 hit@1:0.026063	 hit@5:0.0796	 hit@10: 0.1276
epoch 35: train_loss = 1.037189, source_hit@10 = 0.0768, source_ndcg@10 = 0.0362, target_hit@10 = 0.1276, target_ndcg@10 = 0.0686
new best model saved.

2024-07-31 19:54:38.221659: step 10944/24320 (epoch 36/80), loss = 1.038302 (36.286 sec/epoch), lr: 0.002275
Evaluating on dev set...
...........................
source: 	 mrr: 0.036912	 ndcg_5: 0.0266	 ndcg_10: 0.0355	 hit@1:0.011586	 hit@5:0.0427	 hit@10: 0.0710
target: 	 mrr: 0.049826	 ndcg_5: 0.0417	 ndcg_10: 0.0532	 hit@1:0.016725	 hit@5:0.0676	 hit@10: 0.1024
epoch 36: train_loss = 1.038302, source_hit@10 = 0.0710, source_ndcg@10 = 0.0355, target_hit@10 = 0.1024, target_ndcg@10 = 0.0532

2024-07-31 19:55:15.194497: step 11248/24320 (epoch 37/80), loss = 1.034169 (36.670 sec/epoch), lr: 0.002161
Evaluating on dev set...
...........................
source: 	 mrr: 0.033050	 ndcg_5: 0.0221	 ndcg_10: 0.0327	 hit@1:0.006517	 hit@5:0.0384	 hit@10: 0.0710
target: 	 mrr: 0.046785	 ndcg_5: 0.0356	 ndcg_10: 0.0503	 hit@1:0.016028	 hit@5:0.0564	 hit@10: 0.1024
epoch 37: train_loss = 1.034169, source_hit@10 = 0.0710, source_ndcg@10 = 0.0327, target_hit@10 = 0.1024, target_ndcg@10 = 0.0503

2024-07-31 19:55:52.377441: step 11552/24320 (epoch 38/80), loss = 1.029319 (36.895 sec/epoch), lr: 0.002053
Evaluating on dev set...
...........................
source: 	 mrr: 0.036074	 ndcg_5: 0.0242	 ndcg_10: 0.0342	 hit@1:0.009413	 hit@5:0.0398	 hit@10: 0.0710
target: 	 mrr: 0.044597	 ndcg_5: 0.0348	 ndcg_10: 0.0454	 hit@1:0.016028	 hit@5:0.0551	 hit@10: 0.0878
epoch 38: train_loss = 1.029319, source_hit@10 = 0.0710, source_ndcg@10 = 0.0342, target_hit@10 = 0.0878, target_ndcg@10 = 0.0454

2024-07-31 19:56:29.343530: step 11856/24320 (epoch 39/80), loss = 1.028781 (36.677 sec/epoch), lr: 0.002053
Evaluating on dev set...
...........................
source: 	 mrr: 0.033530	 ndcg_5: 0.0229	 ndcg_10: 0.0322	 hit@1:0.005793	 hit@5:0.0398	 hit@10: 0.0688
target: 	 mrr: 0.046423	 ndcg_5: 0.0387	 ndcg_10: 0.0504	 hit@1:0.014634	 hit@5:0.0627	 hit@10: 0.0990
epoch 39: train_loss = 1.028781, source_hit@10 = 0.0688, source_ndcg@10 = 0.0322, target_hit@10 = 0.0990, target_ndcg@10 = 0.0504

2024-07-31 19:57:06.361855: step 12160/24320 (epoch 40/80), loss = 1.027456 (36.728 sec/epoch), lr: 0.001951
Evaluating on dev set...
...........................
source: 	 mrr: 0.032740	 ndcg_5: 0.0224	 ndcg_10: 0.0345	 hit@1:0.005069	 hit@5:0.0406	 hit@10: 0.0782
target: 	 mrr: 0.048066	 ndcg_5: 0.0397	 ndcg_10: 0.0534	 hit@1:0.015331	 hit@5:0.0648	 hit@10: 0.1073
epoch 40: train_loss = 1.027456, source_hit@10 = 0.0782, source_ndcg@10 = 0.0345, target_hit@10 = 0.1073, target_ndcg@10 = 0.0534

2024-07-31 19:57:43.096215: step 12464/24320 (epoch 41/80), loss = 1.024126 (36.445 sec/epoch), lr: 0.001951
Evaluating on dev set...
...........................
source: 	 mrr: 0.035784	 ndcg_5: 0.0243	 ndcg_10: 0.0361	 hit@1:0.010138	 hit@5:0.0384	 hit@10: 0.0753
target: 	 mrr: 0.051816	 ndcg_5: 0.0447	 ndcg_10: 0.0578	 hit@1:0.017422	 hit@5:0.0711	 hit@10: 0.1122
epoch 41: train_loss = 1.024126, source_hit@10 = 0.0753, source_ndcg@10 = 0.0361, target_hit@10 = 0.1122, target_ndcg@10 = 0.0578

2024-07-31 19:58:19.965883: step 12768/24320 (epoch 42/80), loss = 1.024943 (36.576 sec/epoch), lr: 0.001951
Evaluating on dev set...
...........................
source: 	 mrr: 0.036120	 ndcg_5: 0.0241	 ndcg_10: 0.0357	 hit@1:0.008689	 hit@5:0.0398	 hit@10: 0.0760
target: 	 mrr: 0.060668	 ndcg_5: 0.0531	 ndcg_10: 0.0666	 hit@1:0.023693	 hit@5:0.0822	 hit@10: 0.1240
target best!
..............target: 	 mrr: 0.062901	 ndcg_5: 0.0548	 ndcg_10: 0.0679	 hit@1:0.027435	 hit@5:0.0830	 hit@10: 0.1235
epoch 42: train_loss = 1.024943, source_hit@10 = 0.0760, source_ndcg@10 = 0.0357, target_hit@10 = 0.1235, target_ndcg@10 = 0.0679

2024-07-31 19:58:56.565706: step 13072/24320 (epoch 43/80), loss = 1.023458 (36.189 sec/epoch), lr: 0.001951
Evaluating on dev set...
...........................
source: 	 mrr: 0.035329	 ndcg_5: 0.0258	 ndcg_10: 0.0368	 hit@1:0.005793	 hit@5:0.0478	 hit@10: 0.0818
target: 	 mrr: 0.056792	 ndcg_5: 0.0473	 ndcg_10: 0.0591	 hit@1:0.022300	 hit@5:0.0711	 hit@10: 0.1080
epoch 43: train_loss = 1.023458, source_hit@10 = 0.0818, source_ndcg@10 = 0.0368, target_hit@10 = 0.1080, target_ndcg@10 = 0.0591

2024-07-31 19:59:33.236060: step 13376/24320 (epoch 44/80), loss = 1.021079 (36.356 sec/epoch), lr: 0.001853
Evaluating on dev set...
...........................
source: 	 mrr: 0.039044	 ndcg_5: 0.0294	 ndcg_10: 0.0380	 hit@1:0.013034	 hit@5:0.0478	 hit@10: 0.0746
target: 	 mrr: 0.057310	 ndcg_5: 0.0504	 ndcg_10: 0.0630	 hit@1:0.021603	 hit@5:0.0787	 hit@10: 0.1185
epoch 44: train_loss = 1.021079, source_hit@10 = 0.0746, source_ndcg@10 = 0.0380, target_hit@10 = 0.1185, target_ndcg@10 = 0.0630

2024-07-31 20:00:09.775982: step 13680/24320 (epoch 45/80), loss = 1.020511 (36.246 sec/epoch), lr: 0.001853
Evaluating on dev set...
...........................
source: 	 mrr: 0.042881	 ndcg_5: 0.0335	 ndcg_10: 0.0438	 hit@1:0.013034	 hit@5:0.0536	 hit@10: 0.0847
target: 	 mrr: 0.045270	 ndcg_5: 0.0375	 ndcg_10: 0.0504	 hit@1:0.012544	 hit@5:0.0634	 hit@10: 0.1031
source best!
.............
source: 	 mrr: 0.037767	 ndcg_5: 0.0262	 ndcg_10: 0.0389	 hit@1:0.009969	 hit@5:0.0437	 hit@10: 0.0836
epoch 45: train_loss = 1.020511, source_hit@10 = 0.0836, source_ndcg@10 = 0.0389, target_hit@10 = 0.1031, target_ndcg@10 = 0.0504

2024-07-31 20:00:46.976403: step 13984/24320 (epoch 46/80), loss = 1.017914 (36.803 sec/epoch), lr: 0.001761
Evaluating on dev set...
...........................
source: 	 mrr: 0.034816	 ndcg_5: 0.0227	 ndcg_10: 0.0335	 hit@1:0.008689	 hit@5:0.0377	 hit@10: 0.0710
target: 	 mrr: 0.057680	 ndcg_5: 0.0513	 ndcg_10: 0.0632	 hit@1:0.020209	 hit@5:0.0829	 hit@10: 0.1199
epoch 46: train_loss = 1.017914, source_hit@10 = 0.0710, source_ndcg@10 = 0.0335, target_hit@10 = 0.1199, target_ndcg@10 = 0.0632

2024-07-31 20:01:23.897293: step 14288/24320 (epoch 47/80), loss = 1.017084 (36.626 sec/epoch), lr: 0.001761
Evaluating on dev set...
...........................
source: 	 mrr: 0.037582	 ndcg_5: 0.0250	 ndcg_10: 0.0359	 hit@1:0.010138	 hit@5:0.0391	 hit@10: 0.0731
target: 	 mrr: 0.056289	 ndcg_5: 0.0491	 ndcg_10: 0.0628	 hit@1:0.018118	 hit@5:0.0780	 hit@10: 0.1213
epoch 47: train_loss = 1.017084, source_hit@10 = 0.0731, source_ndcg@10 = 0.0359, target_hit@10 = 0.1213, target_ndcg@10 = 0.0628

2024-07-31 20:02:00.914047: step 14592/24320 (epoch 48/80), loss = 1.017108 (36.721 sec/epoch), lr: 0.001761
Evaluating on dev set...
...........................
source: 	 mrr: 0.038741	 ndcg_5: 0.0256	 ndcg_10: 0.0382	 hit@1:0.010138	 hit@5:0.0406	 hit@10: 0.0797
target: 	 mrr: 0.055902	 ndcg_5: 0.0495	 ndcg_10: 0.0636	 hit@1:0.019512	 hit@5:0.0808	 hit@10: 0.1247
epoch 48: train_loss = 1.017108, source_hit@10 = 0.0797, source_ndcg@10 = 0.0382, target_hit@10 = 0.1247, target_ndcg@10 = 0.0636

2024-07-31 20:02:38.068106: step 14896/24320 (epoch 49/80), loss = 1.015149 (36.844 sec/epoch), lr: 0.001761
Evaluating on dev set...
...........................
source: 	 mrr: 0.039192	 ndcg_5: 0.0283	 ndcg_10: 0.0409	 hit@1:0.009413	 hit@5:0.0471	 hit@10: 0.0862
target: 	 mrr: 0.041966	 ndcg_5: 0.0350	 ndcg_10: 0.0478	 hit@1:0.010453	 hit@5:0.0599	 hit@10: 0.1003
epoch 49: train_loss = 1.015149, source_hit@10 = 0.0862, source_ndcg@10 = 0.0409, target_hit@10 = 0.1003, target_ndcg@10 = 0.0478

2024-07-31 20:03:14.976264: step 15200/24320 (epoch 50/80), loss = 1.011804 (36.616 sec/epoch), lr: 0.001672
Evaluating on dev set...
...........................
source: 	 mrr: 0.039936	 ndcg_5: 0.0262	 ndcg_10: 0.0405	 hit@1:0.011586	 hit@5:0.0398	 hit@10: 0.0847
target: 	 mrr: 0.053224	 ndcg_5: 0.0469	 ndcg_10: 0.0597	 hit@1:0.016725	 hit@5:0.0780	 hit@10: 0.1178
epoch 50: train_loss = 1.011804, source_hit@10 = 0.0847, source_ndcg@10 = 0.0405, target_hit@10 = 0.1178, target_ndcg@10 = 0.0597
shift to transfer learning mode

2024-07-31 20:03:52.378087: step 15504/24320 (epoch 51/80), loss = 1.010987 (37.113 sec/epoch), lr: 0.001672
Evaluating on dev set...
...........................
source: 	 mrr: 0.040012	 ndcg_5: 0.0298	 ndcg_10: 0.0403	 hit@1:0.010862	 hit@5:0.0500	 hit@10: 0.0833
target: 	 mrr: 0.053603	 ndcg_5: 0.0459	 ndcg_10: 0.0576	 hit@1:0.018815	 hit@5:0.0725	 hit@10: 0.1101
epoch 51: train_loss = 1.010987, source_hit@10 = 0.0833, source_ndcg@10 = 0.0403, target_hit@10 = 0.1101, target_ndcg@10 = 0.0576

2024-07-31 20:04:29.727478: step 15808/24320 (epoch 52/80), loss = 1.012099 (37.061 sec/epoch), lr: 0.001672
Evaluating on dev set...
...........................
source: 	 mrr: 0.041443	 ndcg_5: 0.0308	 ndcg_10: 0.0448	 hit@1:0.010862	 hit@5:0.0507	 hit@10: 0.0941
target: 	 mrr: 0.040094	 ndcg_5: 0.0314	 ndcg_10: 0.0425	 hit@1:0.010453	 hit@5:0.0537	 hit@10: 0.0885
epoch 52: train_loss = 1.012099, source_hit@10 = 0.0941, source_ndcg@10 = 0.0448, target_hit@10 = 0.0885, target_ndcg@10 = 0.0425

2024-07-31 20:05:07.468113: step 16112/24320 (epoch 53/80), loss = 1.009675 (37.428 sec/epoch), lr: 0.001589
Evaluating on dev set...
...........................
source: 	 mrr: 0.037581	 ndcg_5: 0.0272	 ndcg_10: 0.0379	 hit@1:0.009413	 hit@5:0.0456	 hit@10: 0.0789
target: 	 mrr: 0.052724	 ndcg_5: 0.0451	 ndcg_10: 0.0564	 hit@1:0.017422	 hit@5:0.0718	 hit@10: 0.1073
epoch 53: train_loss = 1.009675, source_hit@10 = 0.0789, source_ndcg@10 = 0.0379, target_hit@10 = 0.1073, target_ndcg@10 = 0.0564

2024-07-31 20:05:44.951534: step 16416/24320 (epoch 54/80), loss = 1.006756 (37.172 sec/epoch), lr: 0.001589
Evaluating on dev set...
...........................
source: 	 mrr: 0.038535	 ndcg_5: 0.0288	 ndcg_10: 0.0385	 hit@1:0.013034	 hit@5:0.0456	 hit@10: 0.0760
target: 	 mrr: 0.057768	 ndcg_5: 0.0498	 ndcg_10: 0.0628	 hit@1:0.022300	 hit@5:0.0767	 hit@10: 0.1178
epoch 54: train_loss = 1.006756, source_hit@10 = 0.0760, source_ndcg@10 = 0.0385, target_hit@10 = 0.1178, target_ndcg@10 = 0.0628

2024-07-31 20:06:22.832637: step 16720/24320 (epoch 55/80), loss = 1.007724 (37.589 sec/epoch), lr: 0.001589
Evaluating on dev set...
...........................
source: 	 mrr: 0.029389	 ndcg_5: 0.0200	 ndcg_10: 0.0282	 hit@1:0.004345	 hit@5:0.0369	 hit@10: 0.0630
target: 	 mrr: 0.050493	 ndcg_5: 0.0417	 ndcg_10: 0.0551	 hit@1:0.016725	 hit@5:0.0662	 hit@10: 0.1073
epoch 55: train_loss = 1.007724, source_hit@10 = 0.0630, source_ndcg@10 = 0.0282, target_hit@10 = 0.1073, target_ndcg@10 = 0.0551

2024-07-31 20:07:00.609803: step 17024/24320 (epoch 56/80), loss = 1.005763 (37.475 sec/epoch), lr: 0.001509
Evaluating on dev set...
...........................
source: 	 mrr: 0.034146	 ndcg_5: 0.0231	 ndcg_10: 0.0338	 hit@1:0.006517	 hit@5:0.0398	 hit@10: 0.0739
target: 	 mrr: 0.057519	 ndcg_5: 0.0490	 ndcg_10: 0.0629	 hit@1:0.020906	 hit@5:0.0767	 hit@10: 0.1192
epoch 56: train_loss = 1.005763, source_hit@10 = 0.0739, source_ndcg@10 = 0.0338, target_hit@10 = 0.1192, target_ndcg@10 = 0.0629

2024-07-31 20:07:38.293948: step 17328/24320 (epoch 57/80), loss = 1.003037 (37.392 sec/epoch), lr: 0.001509
Evaluating on dev set...
...........................
source: 	 mrr: 0.035039	 ndcg_5: 0.0258	 ndcg_10: 0.0349	 hit@1:0.010138	 hit@5:0.0427	 hit@10: 0.0710
target: 	 mrr: 0.050800	 ndcg_5: 0.0416	 ndcg_10: 0.0562	 hit@1:0.016028	 hit@5:0.0669	 hit@10: 0.1122
epoch 57: train_loss = 1.003037, source_hit@10 = 0.0710, source_ndcg@10 = 0.0349, target_hit@10 = 0.1122, target_ndcg@10 = 0.0562

2024-07-31 20:08:16.165116: step 17632/24320 (epoch 58/80), loss = 1.002266 (37.580 sec/epoch), lr: 0.001434
Evaluating on dev set...
...........................
source: 	 mrr: 0.038754	 ndcg_5: 0.0276	 ndcg_10: 0.0388	 hit@1:0.010138	 hit@5:0.0456	 hit@10: 0.0804
target: 	 mrr: 0.053488	 ndcg_5: 0.0466	 ndcg_10: 0.0595	 hit@1:0.013937	 hit@5:0.0780	 hit@10: 0.1185
epoch 58: train_loss = 1.002266, source_hit@10 = 0.0804, source_ndcg@10 = 0.0388, target_hit@10 = 0.1185, target_ndcg@10 = 0.0595

2024-07-31 20:08:54.462603: step 17936/24320 (epoch 59/80), loss = 1.000918 (38.004 sec/epoch), lr: 0.001434
Evaluating on dev set...
...........................
source: 	 mrr: 0.038011	 ndcg_5: 0.0274	 ndcg_10: 0.0388	 hit@1:0.011586	 hit@5:0.0442	 hit@10: 0.0797
target: 	 mrr: 0.054148	 ndcg_5: 0.0456	 ndcg_10: 0.0588	 hit@1:0.018815	 hit@5:0.0711	 hit@10: 0.1122
epoch 59: train_loss = 1.000918, source_hit@10 = 0.0797, source_ndcg@10 = 0.0388, target_hit@10 = 0.1122, target_ndcg@10 = 0.0588

2024-07-31 20:09:32.189308: step 18240/24320 (epoch 60/80), loss = 0.999887 (37.401 sec/epoch), lr: 0.001362
Evaluating on dev set...
...........................
source: 	 mrr: 0.037861	 ndcg_5: 0.0276	 ndcg_10: 0.0384	 hit@1:0.009413	 hit@5:0.0463	 hit@10: 0.0797
target: 	 mrr: 0.052875	 ndcg_5: 0.0438	 ndcg_10: 0.0599	 hit@1:0.017422	 hit@5:0.0704	 hit@10: 0.1206
epoch 60: train_loss = 0.999887, source_hit@10 = 0.0797, source_ndcg@10 = 0.0384, target_hit@10 = 0.1206, target_ndcg@10 = 0.0599

2024-07-31 20:10:10.151888: step 18544/24320 (epoch 61/80), loss = 0.995609 (37.671 sec/epoch), lr: 0.001294
Evaluating on dev set...
...........................
source: 	 mrr: 0.037257	 ndcg_5: 0.0291	 ndcg_10: 0.0370	 hit@1:0.010138	 hit@5:0.0471	 hit@10: 0.0717
target: 	 mrr: 0.056134	 ndcg_5: 0.0496	 ndcg_10: 0.0615	 hit@1:0.020906	 hit@5:0.0787	 hit@10: 0.1157
epoch 61: train_loss = 0.995609, source_hit@10 = 0.0717, source_ndcg@10 = 0.0370, target_hit@10 = 0.1157, target_ndcg@10 = 0.0615

2024-07-31 20:10:47.618274: step 18848/24320 (epoch 62/80), loss = 0.995919 (37.177 sec/epoch), lr: 0.001294
Evaluating on dev set...
...........................
source: 	 mrr: 0.042732	 ndcg_5: 0.0320	 ndcg_10: 0.0437	 hit@1:0.015206	 hit@5:0.0492	 hit@10: 0.0854
target: 	 mrr: 0.049724	 ndcg_5: 0.0407	 ndcg_10: 0.0543	 hit@1:0.017422	 hit@5:0.0648	 hit@10: 0.1073
epoch 62: train_loss = 0.995919, source_hit@10 = 0.0854, source_ndcg@10 = 0.0437, target_hit@10 = 0.1073, target_ndcg@10 = 0.0543

2024-07-31 20:11:25.000988: step 19152/24320 (epoch 63/80), loss = 0.994742 (37.091 sec/epoch), lr: 0.001229
Evaluating on dev set...
...........................
source: 	 mrr: 0.035670	 ndcg_5: 0.0237	 ndcg_10: 0.0368	 hit@1:0.008689	 hit@5:0.0384	 hit@10: 0.0789
target: 	 mrr: 0.044421	 ndcg_5: 0.0350	 ndcg_10: 0.0490	 hit@1:0.011150	 hit@5:0.0599	 hit@10: 0.1031
epoch 63: train_loss = 0.994742, source_hit@10 = 0.0789, source_ndcg@10 = 0.0368, target_hit@10 = 0.1031, target_ndcg@10 = 0.0490

2024-07-31 20:12:02.800356: step 19456/24320 (epoch 64/80), loss = 0.991689 (37.509 sec/epoch), lr: 0.001168
Evaluating on dev set...
...........................
source: 	 mrr: 0.041011	 ndcg_5: 0.0314	 ndcg_10: 0.0415	 hit@1:0.013758	 hit@5:0.0507	 hit@10: 0.0825
target: 	 mrr: 0.056208	 ndcg_5: 0.0492	 ndcg_10: 0.0639	 hit@1:0.017422	 hit@5:0.0801	 hit@10: 0.1254
epoch 64: train_loss = 0.991689, source_hit@10 = 0.0825, source_ndcg@10 = 0.0415, target_hit@10 = 0.1254, target_ndcg@10 = 0.0639

2024-07-31 20:12:40.524633: step 19760/24320 (epoch 65/80), loss = 0.989723 (37.424 sec/epoch), lr: 0.001168
Evaluating on dev set...
...........................
source: 	 mrr: 0.040590	 ndcg_5: 0.0300	 ndcg_10: 0.0403	 hit@1:0.011586	 hit@5:0.0478	 hit@10: 0.0797
target: 	 mrr: 0.056813	 ndcg_5: 0.0478	 ndcg_10: 0.0647	 hit@1:0.019512	 hit@5:0.0767	 hit@10: 0.1296
epoch 65: train_loss = 0.989723, source_hit@10 = 0.0797, source_ndcg@10 = 0.0403, target_hit@10 = 0.1296, target_ndcg@10 = 0.0647

2024-07-31 20:13:18.317913: step 20064/24320 (epoch 66/80), loss = 0.987956 (37.504 sec/epoch), lr: 0.001168
Evaluating on dev set...
...........................
source: 	 mrr: 0.037961	 ndcg_5: 0.0290	 ndcg_10: 0.0381	 hit@1:0.011586	 hit@5:0.0463	 hit@10: 0.0746
target: 	 mrr: 0.050165	 ndcg_5: 0.0419	 ndcg_10: 0.0571	 hit@1:0.013240	 hit@5:0.0704	 hit@10: 0.1178
epoch 66: train_loss = 0.987956, source_hit@10 = 0.0746, source_ndcg@10 = 0.0381, target_hit@10 = 0.1178, target_ndcg@10 = 0.0571

2024-07-31 20:13:56.195838: step 20368/24320 (epoch 67/80), loss = 0.987297 (37.579 sec/epoch), lr: 0.001110
Evaluating on dev set...
...........................
source: 	 mrr: 0.039195	 ndcg_5: 0.0318	 ndcg_10: 0.0385	 hit@1:0.011586	 hit@5:0.0514	 hit@10: 0.0724
target: 	 mrr: 0.058029	 ndcg_5: 0.0489	 ndcg_10: 0.0622	 hit@1:0.023693	 hit@5:0.0746	 hit@10: 0.1157
epoch 67: train_loss = 0.987297, source_hit@10 = 0.0724, source_ndcg@10 = 0.0385, target_hit@10 = 0.1157, target_ndcg@10 = 0.0622

2024-07-31 20:14:33.551137: step 20672/24320 (epoch 68/80), loss = 0.985606 (37.060 sec/epoch), lr: 0.001110
Evaluating on dev set...
...........................
source: 	 mrr: 0.035539	 ndcg_5: 0.0249	 ndcg_10: 0.0363	 hit@1:0.009413	 hit@5:0.0406	 hit@10: 0.0760
target: 	 mrr: 0.054596	 ndcg_5: 0.0459	 ndcg_10: 0.0605	 hit@1:0.020209	 hit@5:0.0725	 hit@10: 0.1185
epoch 68: train_loss = 0.985606, source_hit@10 = 0.0760, source_ndcg@10 = 0.0363, target_hit@10 = 0.1185, target_ndcg@10 = 0.0605

2024-07-31 20:15:11.204711: step 20976/24320 (epoch 69/80), loss = 0.982822 (37.348 sec/epoch), lr: 0.001054
Evaluating on dev set...
...........................
source: 	 mrr: 0.031129	 ndcg_5: 0.0219	 ndcg_10: 0.0280	 hit@1:0.007965	 hit@5:0.0362	 hit@10: 0.0550
target: 	 mrr: 0.063430	 ndcg_5: 0.0547	 ndcg_10: 0.0696	 hit@1:0.028571	 hit@5:0.0808	 hit@10: 0.1268
target best!
..............target: 	 mrr: 0.060649	 ndcg_5: 0.0504	 ndcg_10: 0.0683	 hit@1:0.022634	 hit@5:0.0768	 hit@10: 0.1324
epoch 69: train_loss = 0.982822, source_hit@10 = 0.0550, source_ndcg@10 = 0.0280, target_hit@10 = 0.1324, target_ndcg@10 = 0.0683

2024-07-31 20:15:49.031440: step 21280/24320 (epoch 70/80), loss = 0.982780 (37.399 sec/epoch), lr: 0.001054
Evaluating on dev set...
...........................
source: 	 mrr: 0.033740	 ndcg_5: 0.0252	 ndcg_10: 0.0308	 hit@1:0.010862	 hit@5:0.0391	 hit@10: 0.0565
target: 	 mrr: 0.059416	 ndcg_5: 0.0509	 ndcg_10: 0.0651	 hit@1:0.023693	 hit@5:0.0767	 hit@10: 0.1213
epoch 70: train_loss = 0.982780, source_hit@10 = 0.0565, source_ndcg@10 = 0.0308, target_hit@10 = 0.1213, target_ndcg@10 = 0.0651

2024-07-31 20:16:26.452349: step 21584/24320 (epoch 71/80), loss = 0.979185 (37.133 sec/epoch), lr: 0.001001
Evaluating on dev set...
...........................
source: 	 mrr: 0.043466	 ndcg_5: 0.0323	 ndcg_10: 0.0431	 hit@1:0.016655	 hit@5:0.0478	 hit@10: 0.0811
target: 	 mrr: 0.052128	 ndcg_5: 0.0434	 ndcg_10: 0.0552	 hit@1:0.019512	 hit@5:0.0669	 hit@10: 0.1031
source best!
.............
source: 	 mrr: 0.043735	 ndcg_5: 0.0319	 ndcg_10: 0.0443	 hit@1:0.014571	 hit@5:0.0483	 hit@10: 0.0867
epoch 71: train_loss = 0.979185, source_hit@10 = 0.0867, source_ndcg@10 = 0.0443, target_hit@10 = 0.1031, target_ndcg@10 = 0.0552

2024-07-31 20:17:04.308010: step 21888/24320 (epoch 72/80), loss = 0.976746 (37.448 sec/epoch), lr: 0.001001
Evaluating on dev set...
...........................
source: 	 mrr: 0.043102	 ndcg_5: 0.0335	 ndcg_10: 0.0431	 hit@1:0.015206	 hit@5:0.0521	 hit@10: 0.0818
target: 	 mrr: 0.064120	 ndcg_5: 0.0549	 ndcg_10: 0.0697	 hit@1:0.027875	 hit@5:0.0815	 hit@10: 0.1282
target best!
..............target: 	 mrr: 0.063195	 ndcg_5: 0.0520	 ndcg_10: 0.0712	 hit@1:0.024691	 hit@5:0.0789	 hit@10: 0.1385
epoch 72: train_loss = 0.976746, source_hit@10 = 0.0818, source_ndcg@10 = 0.0431, target_hit@10 = 0.1385, target_ndcg@10 = 0.0712
new best model saved.

2024-07-31 20:17:43.114819: step 22192/24320 (epoch 73/80), loss = 0.976501 (38.260 sec/epoch), lr: 0.001001
Evaluating on dev set...
...........................
source: 	 mrr: 0.034281	 ndcg_5: 0.0238	 ndcg_10: 0.0336	 hit@1:0.010138	 hit@5:0.0391	 hit@10: 0.0695
target: 	 mrr: 0.057048	 ndcg_5: 0.0485	 ndcg_10: 0.0613	 hit@1:0.022997	 hit@5:0.0732	 hit@10: 0.1136
epoch 73: train_loss = 0.976501, source_hit@10 = 0.0695, source_ndcg@10 = 0.0336, target_hit@10 = 0.1136, target_ndcg@10 = 0.0613

2024-07-31 20:18:20.639063: step 22496/24320 (epoch 74/80), loss = 0.975069 (37.219 sec/epoch), lr: 0.000951
Evaluating on dev set...
...........................
source: 	 mrr: 0.037013	 ndcg_5: 0.0256	 ndcg_10: 0.0367	 hit@1:0.011586	 hit@5:0.0413	 hit@10: 0.0753
target: 	 mrr: 0.057351	 ndcg_5: 0.0477	 ndcg_10: 0.0629	 hit@1:0.023693	 hit@5:0.0718	 hit@10: 0.1199
epoch 74: train_loss = 0.975069, source_hit@10 = 0.0753, source_ndcg@10 = 0.0367, target_hit@10 = 0.1199, target_ndcg@10 = 0.0629

2024-07-31 20:18:58.460431: step 22800/24320 (epoch 75/80), loss = 0.969574 (37.531 sec/epoch), lr: 0.000951
Evaluating on dev set...
...........................
source: 	 mrr: 0.029517	 ndcg_5: 0.0207	 ndcg_10: 0.0281	 hit@1:0.008689	 hit@5:0.0348	 hit@10: 0.0579
target: 	 mrr: 0.053612	 ndcg_5: 0.0447	 ndcg_10: 0.0581	 hit@1:0.020906	 hit@5:0.0697	 hit@10: 0.1115
epoch 75: train_loss = 0.969574, source_hit@10 = 0.0579, source_ndcg@10 = 0.0281, target_hit@10 = 0.1115, target_ndcg@10 = 0.0581

2024-07-31 20:19:36.350202: step 23104/24320 (epoch 76/80), loss = 0.968404 (37.596 sec/epoch), lr: 0.000904
Evaluating on dev set...
...........................
source: 	 mrr: 0.031620	 ndcg_5: 0.0223	 ndcg_10: 0.0302	 hit@1:0.007965	 hit@5:0.0377	 hit@10: 0.0623
target: 	 mrr: 0.059708	 ndcg_5: 0.0516	 ndcg_10: 0.0650	 hit@1:0.022997	 hit@5:0.0780	 hit@10: 0.1199
epoch 76: train_loss = 0.968404, source_hit@10 = 0.0623, source_ndcg@10 = 0.0302, target_hit@10 = 0.1199, target_ndcg@10 = 0.0650

2024-07-31 20:20:14.101029: step 23408/24320 (epoch 77/80), loss = 0.968840 (37.459 sec/epoch), lr: 0.000904
Evaluating on dev set...
...........................
source: 	 mrr: 0.036444	 ndcg_5: 0.0260	 ndcg_10: 0.0364	 hit@1:0.011586	 hit@5:0.0413	 hit@10: 0.0739
target: 	 mrr: 0.053218	 ndcg_5: 0.0434	 ndcg_10: 0.0586	 hit@1:0.020906	 hit@5:0.0676	 hit@10: 0.1150
epoch 77: train_loss = 0.968840, source_hit@10 = 0.0739, source_ndcg@10 = 0.0364, target_hit@10 = 0.1150, target_ndcg@10 = 0.0586

2024-07-31 20:20:52.459353: step 23712/24320 (epoch 78/80), loss = 0.963569 (38.069 sec/epoch), lr: 0.000859
Evaluating on dev set...
...........................
source: 	 mrr: 0.035260	 ndcg_5: 0.0252	 ndcg_10: 0.0337	 hit@1:0.010138	 hit@5:0.0384	 hit@10: 0.0652
target: 	 mrr: 0.057170	 ndcg_5: 0.0462	 ndcg_10: 0.0606	 hit@1:0.020209	 hit@5:0.0690	 hit@10: 0.1143
epoch 78: train_loss = 0.963569, source_hit@10 = 0.0652, source_ndcg@10 = 0.0337, target_hit@10 = 0.1143, target_ndcg@10 = 0.0606

2024-07-31 20:21:30.130192: step 24016/24320 (epoch 79/80), loss = 0.963767 (37.371 sec/epoch), lr: 0.000859
Evaluating on dev set...
...........................
source: 	 mrr: 0.026148	 ndcg_5: 0.0157	 ndcg_10: 0.0222	 hit@1:0.006517	 hit@5:0.0246	 hit@10: 0.0449
target: 	 mrr: 0.054192	 ndcg_5: 0.0457	 ndcg_10: 0.0593	 hit@1:0.018118	 hit@5:0.0753	 hit@10: 0.1171
epoch 79: train_loss = 0.963767, source_hit@10 = 0.0449, source_ndcg@10 = 0.0222, target_hit@10 = 0.1171, target_ndcg@10 = 0.0593

2024-07-31 20:22:07.564637: step 24320/24320 (epoch 80/80), loss = 0.959567 (37.144 sec/epoch), lr: 0.000816
Evaluating on dev set...
...........................
source: 	 mrr: 0.028033	 ndcg_5: 0.0199	 ndcg_10: 0.0256	 hit@1:0.006517	 hit@5:0.0348	 hit@10: 0.0521
target: 	 mrr: 0.052493	 ndcg_5: 0.0441	 ndcg_10: 0.0568	 hit@1:0.017422	 hit@5:0.0718	 hit@10: 0.1108
epoch 80: train_loss = 0.959567, source_hit@10 = 0.0521, source_ndcg@10 = 0.0256, target_hit@10 = 0.1108, target_ndcg@10 = 0.0568

