nohup: ignoring input
using gpu:1 to train the model
using gpu:1 to train the model
cuda:1
Namespace(A_split=False, JK='sum', a_fold=100, aggregate=False, alpha=0.5, batch_size=1024, beta_inter=0.4, conv_layers=4, cuda=True, decay_epoch=10, device=device(type='cuda', index=1), device_id='1', domains='game_video', dropout=0.5, epoch=80, feature_dim=126, hidden_dim=126, inter_tau=0.2, intra_tau=1, lambda_critic=0.4, leakey=0.01, load=False, log='logs.txt', log_epoch=1, lr=0.004, lr_decay=0.95, min_epoch=50, mode='train', model_file=None, model_name='gv', momentum=0.98, num_latent_factors=3, num_negative=100, optim='adam', patience=50, proj_layers=1, projection=1, residual=1, save=True, save_dir='./saved_models', seed=32, similarity_tau=0.1, test_sample_number=999, transfer_epoch=50, user_batch_size=256, weight_decay=0.0003)
number_user 25025
number_item 12319
/home/hourun/invariantCDR_v2/invariantCDR/utils/GraphMaker.py:46: RuntimeWarning: divide by zero encountered in power
  r_inv = np.power(rowsum, -1).flatten()
real graph loaded!
number_user 19457
number_item 8751
real graph loaded!
graph loaded!
Loading data from game_video with batch size 1024...
unseen test: 0
test length: 1381
unseen test: 0
test length: 1304
unseen test: 0
test length: 1435
unseen test: 0
test length: 1458
source_user_num 25025
target_user_num 19457
source_item_num 12319
target_item_num 8751
shared users id: 1737
test users 226, 217
unseen test: 0
dev length: 1000
unseen test: 0
dev length: 1000
source train data : 155036, target train data: 156091, source test data : 1304, target test data : 1458, source dev data : 1000, target dev data : 1000
2024-08-02 11:12:26.263324: step 304/24320 (epoch 1/80), loss = 1.444703 (37.311 sec/epoch), lr: 0.004000
Evaluating on dev set...
...........................
source: 	 mrr: 0.026914	 ndcg_5: 0.0192	 ndcg_10: 0.0248	 hit@1:0.006517	 hit@5:0.0319	 hit@10: 0.0485
target: 	 mrr: 0.017054	 ndcg_5: 0.0055	 ndcg_10: 0.0131	 hit@1:0.001394	 hit@5:0.0098	 hit@10: 0.0334
source best!
.............
source: 	 mrr: 0.026583	 ndcg_5: 0.0169	 ndcg_10: 0.0244	 hit@1:0.006902	 hit@5:0.0276	 hit@10: 0.0506
target best!
..............target: 	 mrr: 0.016698	 ndcg_5: 0.0055	 ndcg_10: 0.0123	 hit@1:0.002058	 hit@5:0.0096	 hit@10: 0.0316
epoch 1: train_loss = 1.444703, source_hit@10 = 0.0506, source_ndcg@10 = 0.0244, target_hit@10 = 0.0316, target_ndcg@10 = 0.0123

2024-08-02 11:13:05.460376: step 608/24320 (epoch 2/80), loss = 1.270991 (38.524 sec/epoch), lr: 0.004000
Evaluating on dev set...
...........................
source: 	 mrr: 0.022665	 ndcg_5: 0.0133	 ndcg_10: 0.0195	 hit@1:0.002896	 hit@5:0.0246	 hit@10: 0.0442
target: 	 mrr: 0.024992	 ndcg_5: 0.0163	 ndcg_10: 0.0203	 hit@1:0.009059	 hit@5:0.0251	 hit@10: 0.0376
target best!
..............target: 	 mrr: 0.028725	 ndcg_5: 0.0204	 ndcg_10: 0.0259	 hit@1:0.011660	 hit@5:0.0288	 hit@10: 0.0460
epoch 2: train_loss = 1.270991, source_hit@10 = 0.0442, source_ndcg@10 = 0.0195, target_hit@10 = 0.0460, target_ndcg@10 = 0.0259
new best model saved.

2024-08-02 11:13:45.142469: step 912/24320 (epoch 3/80), loss = 1.248930 (39.034 sec/epoch), lr: 0.004000
Evaluating on dev set...
...........................
source: 	 mrr: 0.027005	 ndcg_5: 0.0166	 ndcg_10: 0.0246	 hit@1:0.004345	 hit@5:0.0290	 hit@10: 0.0543
target: 	 mrr: 0.020614	 ndcg_5: 0.0130	 ndcg_10: 0.0171	 hit@1:0.004181	 hit@5:0.0223	 hit@10: 0.0348
source best!
.............
source: 	 mrr: 0.032818	 ndcg_5: 0.0233	 ndcg_10: 0.0314	 hit@1:0.008436	 hit@5:0.0383	 hit@10: 0.0637
epoch 3: train_loss = 1.248930, source_hit@10 = 0.0637, source_ndcg@10 = 0.0314, target_hit@10 = 0.0348, target_ndcg@10 = 0.0171

2024-08-02 11:14:24.878512: step 1216/24320 (epoch 4/80), loss = 1.232371 (39.270 sec/epoch), lr: 0.004000
Evaluating on dev set...
...........................
source: 	 mrr: 0.024226	 ndcg_5: 0.0134	 ndcg_10: 0.0221	 hit@1:0.001448	 hit@5:0.0261	 hit@10: 0.0543
target: 	 mrr: 0.023106	 ndcg_5: 0.0130	 ndcg_10: 0.0204	 hit@1:0.004878	 hit@5:0.0223	 hit@10: 0.0453
epoch 4: train_loss = 1.232371, source_hit@10 = 0.0543, source_ndcg@10 = 0.0221, target_hit@10 = 0.0453, target_ndcg@10 = 0.0204

2024-08-02 11:15:04.314955: step 1520/24320 (epoch 5/80), loss = 1.224804 (39.098 sec/epoch), lr: 0.004000
Evaluating on dev set...
...........................
source: 	 mrr: 0.031382	 ndcg_5: 0.0213	 ndcg_10: 0.0302	 hit@1:0.008689	 hit@5:0.0340	 hit@10: 0.0623
target: 	 mrr: 0.034860	 ndcg_5: 0.0253	 ndcg_10: 0.0349	 hit@1:0.013240	 hit@5:0.0369	 hit@10: 0.0669
source best!
.............
source: 	 mrr: 0.031069	 ndcg_5: 0.0203	 ndcg_10: 0.0288	 hit@1:0.008436	 hit@5:0.0322	 hit@10: 0.0590
target best!
..............target: 	 mrr: 0.033314	 ndcg_5: 0.0238	 ndcg_10: 0.0331	 hit@1:0.008230	 hit@5:0.0377	 hit@10: 0.0672
epoch 5: train_loss = 1.224804, source_hit@10 = 0.0590, source_ndcg@10 = 0.0288, target_hit@10 = 0.0672, target_ndcg@10 = 0.0331
new best model saved.

2024-08-02 11:15:43.682501: step 1824/24320 (epoch 6/80), loss = 1.212057 (38.563 sec/epoch), lr: 0.004000
Evaluating on dev set...
...........................
source: 	 mrr: 0.031924	 ndcg_5: 0.0213	 ndcg_10: 0.0297	 hit@1:0.007965	 hit@5:0.0348	 hit@10: 0.0608
target: 	 mrr: 0.025715	 ndcg_5: 0.0181	 ndcg_10: 0.0237	 hit@1:0.006969	 hit@5:0.0300	 hit@10: 0.0474
source best!
.............
source: 	 mrr: 0.029196	 ndcg_5: 0.0172	 ndcg_10: 0.0276	 hit@1:0.005368	 hit@5:0.0291	 hit@10: 0.0613
epoch 6: train_loss = 1.212057, source_hit@10 = 0.0613, source_ndcg@10 = 0.0276, target_hit@10 = 0.0474, target_ndcg@10 = 0.0237

2024-08-02 11:16:22.698748: step 2128/24320 (epoch 7/80), loss = 1.192002 (38.527 sec/epoch), lr: 0.004000
Evaluating on dev set...
...........................
source: 	 mrr: 0.032748	 ndcg_5: 0.0208	 ndcg_10: 0.0326	 hit@1:0.007241	 hit@5:0.0355	 hit@10: 0.0717
target: 	 mrr: 0.034407	 ndcg_5: 0.0248	 ndcg_10: 0.0331	 hit@1:0.011847	 hit@5:0.0383	 hit@10: 0.0648
source best!
.............
source: 	 mrr: 0.033611	 ndcg_5: 0.0228	 ndcg_10: 0.0332	 hit@1:0.008436	 hit@5:0.0383	 hit@10: 0.0706
epoch 7: train_loss = 1.192002, source_hit@10 = 0.0706, source_ndcg@10 = 0.0332, target_hit@10 = 0.0648, target_ndcg@10 = 0.0331
new best model saved.

2024-08-02 11:17:02.013762: step 2432/24320 (epoch 8/80), loss = 1.186764 (38.671 sec/epoch), lr: 0.004000
Evaluating on dev set...
...........................
source: 	 mrr: 0.031264	 ndcg_5: 0.0214	 ndcg_10: 0.0315	 hit@1:0.004345	 hit@5:0.0391	 hit@10: 0.0710
target: 	 mrr: 0.034159	 ndcg_5: 0.0242	 ndcg_10: 0.0344	 hit@1:0.006969	 hit@5:0.0390	 hit@10: 0.0704
epoch 8: train_loss = 1.186764, source_hit@10 = 0.0710, source_ndcg@10 = 0.0315, target_hit@10 = 0.0704, target_ndcg@10 = 0.0344

2024-08-02 11:17:41.013492: step 2736/24320 (epoch 9/80), loss = 1.178299 (38.655 sec/epoch), lr: 0.004000
Evaluating on dev set...
...........................
source: 	 mrr: 0.033200	 ndcg_5: 0.0222	 ndcg_10: 0.0328	 hit@1:0.007241	 hit@5:0.0377	 hit@10: 0.0710
target: 	 mrr: 0.032606	 ndcg_5: 0.0234	 ndcg_10: 0.0328	 hit@1:0.009059	 hit@5:0.0376	 hit@10: 0.0669
source best!
.............
source: 	 mrr: 0.031724	 ndcg_5: 0.0192	 ndcg_10: 0.0294	 hit@1:0.008436	 hit@5:0.0299	 hit@10: 0.0621
epoch 9: train_loss = 1.178299, source_hit@10 = 0.0621, source_ndcg@10 = 0.0294, target_hit@10 = 0.0669, target_ndcg@10 = 0.0328

2024-08-02 11:18:19.713661: step 3040/24320 (epoch 10/80), loss = 1.170492 (38.226 sec/epoch), lr: 0.004000
Evaluating on dev set...
...........................
source: 	 mrr: 0.032283	 ndcg_5: 0.0197	 ndcg_10: 0.0306	 hit@1:0.007965	 hit@5:0.0304	 hit@10: 0.0644
target: 	 mrr: 0.034914	 ndcg_5: 0.0240	 ndcg_10: 0.0341	 hit@1:0.011847	 hit@5:0.0362	 hit@10: 0.0683
target best!
..............target: 	 mrr: 0.036578	 ndcg_5: 0.0271	 ndcg_10: 0.0374	 hit@1:0.009602	 hit@5:0.0446	 hit@10: 0.0761
epoch 10: train_loss = 1.170492, source_hit@10 = 0.0644, source_ndcg@10 = 0.0306, target_hit@10 = 0.0761, target_ndcg@10 = 0.0374

2024-08-02 11:18:58.956405: step 3344/24320 (epoch 11/80), loss = 1.170566 (38.760 sec/epoch), lr: 0.004000
Evaluating on dev set...
...........................
source: 	 mrr: 0.033017	 ndcg_5: 0.0209	 ndcg_10: 0.0317	 hit@1:0.007965	 hit@5:0.0333	 hit@10: 0.0673
target: 	 mrr: 0.045890	 ndcg_5: 0.0361	 ndcg_10: 0.0489	 hit@1:0.018815	 hit@5:0.0544	 hit@10: 0.0941
target best!
..............target: 	 mrr: 0.050085	 ndcg_5: 0.0398	 ndcg_10: 0.0547	 hit@1:0.017147	 hit@5:0.0604	 hit@10: 0.1063
epoch 11: train_loss = 1.170566, source_hit@10 = 0.0673, source_ndcg@10 = 0.0317, target_hit@10 = 0.1063, target_ndcg@10 = 0.0547
new best model saved.

2024-08-02 11:19:38.174080: step 3648/24320 (epoch 12/80), loss = 1.162844 (38.527 sec/epoch), lr: 0.004000
Evaluating on dev set...
...........................
source: 	 mrr: 0.037237	 ndcg_5: 0.0267	 ndcg_10: 0.0377	 hit@1:0.012310	 hit@5:0.0420	 hit@10: 0.0760
target: 	 mrr: 0.033930	 ndcg_5: 0.0241	 ndcg_10: 0.0338	 hit@1:0.009059	 hit@5:0.0390	 hit@10: 0.0690
source best!
.............
source: 	 mrr: 0.036129	 ndcg_5: 0.0266	 ndcg_10: 0.0370	 hit@1:0.010736	 hit@5:0.0422	 hit@10: 0.0752
epoch 12: train_loss = 1.162844, source_hit@10 = 0.0752, source_ndcg@10 = 0.0370, target_hit@10 = 0.0690, target_ndcg@10 = 0.0338

2024-08-02 11:20:18.163936: step 3952/24320 (epoch 13/80), loss = 1.157597 (39.487 sec/epoch), lr: 0.003800
Evaluating on dev set...
...........................
source: 	 mrr: 0.036584	 ndcg_5: 0.0252	 ndcg_10: 0.0372	 hit@1:0.010862	 hit@5:0.0384	 hit@10: 0.0753
target: 	 mrr: 0.042716	 ndcg_5: 0.0316	 ndcg_10: 0.0430	 hit@1:0.017422	 hit@5:0.0460	 hit@10: 0.0822
epoch 13: train_loss = 1.157597, source_hit@10 = 0.0753, source_ndcg@10 = 0.0372, target_hit@10 = 0.0822, target_ndcg@10 = 0.0430

2024-08-02 11:20:57.606205: step 4256/24320 (epoch 14/80), loss = 1.154375 (39.106 sec/epoch), lr: 0.003800
Evaluating on dev set...
...........................
source: 	 mrr: 0.036445	 ndcg_5: 0.0271	 ndcg_10: 0.0368	 hit@1:0.013034	 hit@5:0.0420	 hit@10: 0.0724
target: 	 mrr: 0.028008	 ndcg_5: 0.0191	 ndcg_10: 0.0278	 hit@1:0.005575	 hit@5:0.0334	 hit@10: 0.0606
epoch 14: train_loss = 1.154375, source_hit@10 = 0.0724, source_ndcg@10 = 0.0368, target_hit@10 = 0.0606, target_ndcg@10 = 0.0278

2024-08-02 11:21:37.630457: step 4560/24320 (epoch 15/80), loss = 1.145187 (39.659 sec/epoch), lr: 0.003610
Evaluating on dev set...
...........................
source: 	 mrr: 0.032176	 ndcg_5: 0.0234	 ndcg_10: 0.0321	 hit@1:0.008689	 hit@5:0.0384	 hit@10: 0.0652
target: 	 mrr: 0.037946	 ndcg_5: 0.0279	 ndcg_10: 0.0406	 hit@1:0.011150	 hit@5:0.0460	 hit@10: 0.0850
epoch 15: train_loss = 1.145187, source_hit@10 = 0.0652, source_ndcg@10 = 0.0321, target_hit@10 = 0.0850, target_ndcg@10 = 0.0406

2024-08-02 11:22:16.974940: step 4864/24320 (epoch 16/80), loss = 1.134124 (39.006 sec/epoch), lr: 0.003610
Evaluating on dev set...
...........................
source: 	 mrr: 0.031394	 ndcg_5: 0.0213	 ndcg_10: 0.0298	 hit@1:0.009413	 hit@5:0.0348	 hit@10: 0.0623
target: 	 mrr: 0.039567	 ndcg_5: 0.0306	 ndcg_10: 0.0396	 hit@1:0.012544	 hit@5:0.0474	 hit@10: 0.0753
epoch 16: train_loss = 1.134124, source_hit@10 = 0.0623, source_ndcg@10 = 0.0298, target_hit@10 = 0.0753, target_ndcg@10 = 0.0396

2024-08-02 11:22:55.930698: step 5168/24320 (epoch 17/80), loss = 1.119533 (38.603 sec/epoch), lr: 0.003610
Evaluating on dev set...
...........................
source: 	 mrr: 0.028594	 ndcg_5: 0.0181	 ndcg_10: 0.0271	 hit@1:0.005069	 hit@5:0.0340	 hit@10: 0.0623
target: 	 mrr: 0.034003	 ndcg_5: 0.0236	 ndcg_10: 0.0357	 hit@1:0.007666	 hit@5:0.0397	 hit@10: 0.0780
epoch 17: train_loss = 1.119533, source_hit@10 = 0.0623, source_ndcg@10 = 0.0271, target_hit@10 = 0.0780, target_ndcg@10 = 0.0357

2024-08-02 11:23:35.454088: step 5472/24320 (epoch 18/80), loss = 1.113906 (39.184 sec/epoch), lr: 0.003429
Evaluating on dev set...
...........................
source: 	 mrr: 0.035543	 ndcg_5: 0.0237	 ndcg_10: 0.0368	 hit@1:0.006517	 hit@5:0.0413	 hit@10: 0.0818
target: 	 mrr: 0.025445	 ndcg_5: 0.0168	 ndcg_10: 0.0239	 hit@1:0.004878	 hit@5:0.0286	 hit@10: 0.0509
epoch 18: train_loss = 1.113906, source_hit@10 = 0.0818, source_ndcg@10 = 0.0368, target_hit@10 = 0.0509, target_ndcg@10 = 0.0239

2024-08-02 11:24:14.869940: step 5776/24320 (epoch 19/80), loss = 1.108564 (39.076 sec/epoch), lr: 0.003258
Evaluating on dev set...
...........................
source: 	 mrr: 0.034724	 ndcg_5: 0.0225	 ndcg_10: 0.0315	 hit@1:0.007965	 hit@5:0.0369	 hit@10: 0.0644
target: 	 mrr: 0.038343	 ndcg_5: 0.0278	 ndcg_10: 0.0394	 hit@1:0.012544	 hit@5:0.0425	 hit@10: 0.0780
epoch 19: train_loss = 1.108564, source_hit@10 = 0.0644, source_ndcg@10 = 0.0315, target_hit@10 = 0.0780, target_ndcg@10 = 0.0394

2024-08-02 11:24:53.806253: step 6080/24320 (epoch 20/80), loss = 1.107858 (38.596 sec/epoch), lr: 0.003258
Evaluating on dev set...
...........................
source: 	 mrr: 0.033972	 ndcg_5: 0.0236	 ndcg_10: 0.0309	 hit@1:0.006517	 hit@5:0.0398	 hit@10: 0.0630
target: 	 mrr: 0.025227	 ndcg_5: 0.0194	 ndcg_10: 0.0241	 hit@1:0.007666	 hit@5:0.0321	 hit@10: 0.0474
epoch 20: train_loss = 1.107858, source_hit@10 = 0.0630, source_ndcg@10 = 0.0309, target_hit@10 = 0.0474, target_ndcg@10 = 0.0241

2024-08-02 11:25:32.894360: step 6384/24320 (epoch 21/80), loss = 1.104539 (38.738 sec/epoch), lr: 0.003095
Evaluating on dev set...
...........................
source: 	 mrr: 0.026470	 ndcg_5: 0.0153	 ndcg_10: 0.0245	 hit@1:0.004345	 hit@5:0.0268	 hit@10: 0.0558
target: 	 mrr: 0.040398	 ndcg_5: 0.0312	 ndcg_10: 0.0435	 hit@1:0.010453	 hit@5:0.0509	 hit@10: 0.0892
epoch 21: train_loss = 1.104539, source_hit@10 = 0.0558, source_ndcg@10 = 0.0245, target_hit@10 = 0.0892, target_ndcg@10 = 0.0435

2024-08-02 11:26:11.630915: step 6688/24320 (epoch 22/80), loss = 1.102806 (38.379 sec/epoch), lr: 0.003095
Evaluating on dev set...
...........................
source: 	 mrr: 0.040261	 ndcg_5: 0.0307	 ndcg_10: 0.0410	 hit@1:0.014482	 hit@5:0.0500	 hit@10: 0.0818
target: 	 mrr: 0.031396	 ndcg_5: 0.0221	 ndcg_10: 0.0309	 hit@1:0.009059	 hit@5:0.0362	 hit@10: 0.0634
source best!
.............
source: 	 mrr: 0.041106	 ndcg_5: 0.0305	 ndcg_10: 0.0437	 hit@1:0.011503	 hit@5:0.0506	 hit@10: 0.0913
epoch 22: train_loss = 1.102806, source_hit@10 = 0.0913, source_ndcg@10 = 0.0437, target_hit@10 = 0.0634, target_ndcg@10 = 0.0309

2024-08-02 11:26:50.843150: step 6992/24320 (epoch 23/80), loss = 1.101575 (38.706 sec/epoch), lr: 0.003095
Evaluating on dev set...
...........................
source: 	 mrr: 0.037416	 ndcg_5: 0.0271	 ndcg_10: 0.0356	 hit@1:0.011586	 hit@5:0.0434	 hit@10: 0.0695
target: 	 mrr: 0.036680	 ndcg_5: 0.0280	 ndcg_10: 0.0402	 hit@1:0.006969	 hit@5:0.0474	 hit@10: 0.0864
epoch 23: train_loss = 1.101575, source_hit@10 = 0.0695, source_ndcg@10 = 0.0356, target_hit@10 = 0.0864, target_ndcg@10 = 0.0402

2024-08-02 11:27:30.207336: step 7296/24320 (epoch 24/80), loss = 1.099861 (39.020 sec/epoch), lr: 0.003095
Evaluating on dev set...
...........................
source: 	 mrr: 0.038576	 ndcg_5: 0.0270	 ndcg_10: 0.0374	 hit@1:0.010862	 hit@5:0.0434	 hit@10: 0.0753
target: 	 mrr: 0.038380	 ndcg_5: 0.0307	 ndcg_10: 0.0415	 hit@1:0.009756	 hit@5:0.0530	 hit@10: 0.0864
epoch 24: train_loss = 1.099861, source_hit@10 = 0.0753, source_ndcg@10 = 0.0374, target_hit@10 = 0.0864, target_ndcg@10 = 0.0415

2024-08-02 11:28:09.515030: step 7600/24320 (epoch 25/80), loss = 1.096373 (38.952 sec/epoch), lr: 0.003095
Evaluating on dev set...
...........................
source: 	 mrr: 0.031566	 ndcg_5: 0.0218	 ndcg_10: 0.0296	 hit@1:0.006517	 hit@5:0.0377	 hit@10: 0.0623
target: 	 mrr: 0.032466	 ndcg_5: 0.0235	 ndcg_10: 0.0352	 hit@1:0.006272	 hit@5:0.0425	 hit@10: 0.0787
epoch 25: train_loss = 1.096373, source_hit@10 = 0.0623, source_ndcg@10 = 0.0296, target_hit@10 = 0.0787, target_ndcg@10 = 0.0352

2024-08-02 11:28:48.422966: step 7904/24320 (epoch 26/80), loss = 1.094766 (38.571 sec/epoch), lr: 0.002940
Evaluating on dev set...
...........................
source: 	 mrr: 0.039643	 ndcg_5: 0.0295	 ndcg_10: 0.0394	 hit@1:0.013034	 hit@5:0.0478	 hit@10: 0.0789
target: 	 mrr: 0.042359	 ndcg_5: 0.0348	 ndcg_10: 0.0466	 hit@1:0.011150	 hit@5:0.0592	 hit@10: 0.0955
epoch 26: train_loss = 1.094766, source_hit@10 = 0.0789, source_ndcg@10 = 0.0394, target_hit@10 = 0.0955, target_ndcg@10 = 0.0466

2024-08-02 11:29:27.133511: step 8208/24320 (epoch 27/80), loss = 1.097112 (38.352 sec/epoch), lr: 0.002940
Evaluating on dev set...
...........................
source: 	 mrr: 0.029251	 ndcg_5: 0.0186	 ndcg_10: 0.0294	 hit@1:0.004345	 hit@5:0.0333	 hit@10: 0.0673
target: 	 mrr: 0.043630	 ndcg_5: 0.0353	 ndcg_10: 0.0440	 hit@1:0.017422	 hit@5:0.0530	 hit@10: 0.0801
epoch 27: train_loss = 1.097112, source_hit@10 = 0.0673, source_ndcg@10 = 0.0294, target_hit@10 = 0.0801, target_ndcg@10 = 0.0440

2024-08-02 11:30:06.502002: step 8512/24320 (epoch 28/80), loss = 1.088743 (39.011 sec/epoch), lr: 0.002793
Evaluating on dev set...
...........................
source: 	 mrr: 0.032023	 ndcg_5: 0.0226	 ndcg_10: 0.0314	 hit@1:0.007241	 hit@5:0.0398	 hit@10: 0.0673
target: 	 mrr: 0.042568	 ndcg_5: 0.0327	 ndcg_10: 0.0467	 hit@1:0.014634	 hit@5:0.0516	 hit@10: 0.0948
epoch 28: train_loss = 1.088743, source_hit@10 = 0.0673, source_ndcg@10 = 0.0314, target_hit@10 = 0.0948, target_ndcg@10 = 0.0467

2024-08-02 11:30:45.728161: step 8816/24320 (epoch 29/80), loss = 1.088069 (38.890 sec/epoch), lr: 0.002793
Evaluating on dev set...
...........................
source: 	 mrr: 0.037213	 ndcg_5: 0.0271	 ndcg_10: 0.0355	 hit@1:0.013034	 hit@5:0.0420	 hit@10: 0.0681
target: 	 mrr: 0.041710	 ndcg_5: 0.0304	 ndcg_10: 0.0406	 hit@1:0.016028	 hit@5:0.0439	 hit@10: 0.0753
epoch 29: train_loss = 1.088069, source_hit@10 = 0.0681, source_ndcg@10 = 0.0355, target_hit@10 = 0.0753, target_ndcg@10 = 0.0406

