nohup: ignoring input
using gpu:1 to train the model
using gpu:1 to train the model
cuda:1
Namespace(A_split=False, JK='sum', a_fold=100, aggregate=False, batch_size=1024, beta=1.5, conv_layers=4, cuda=True, decay_epoch=10, device=device(type='cuda', index=1), device_id='1', domains='game_video', dropout=0.5, epoch=70, feature_dim=126, hidden_dim=126, inter_tau=0.2, intra_tau=1, lambda_constra=0.3, lambda_critic=0.5, leakey=0.01, load=False, log='logs.txt', log_epoch=1, lr=0.001, lr_decay=0.95, min_epoch=50, mode='train', model_file=None, model_name='gv', momentum=0.98, num_latent_factors=3, num_negative=100, optim='adam', patience=50, proj_layers=1, projection=1, residual=1, save=True, save_dir='./saved_models', seed=32, similarity_tau=0.1, test_sample_number=999, transfer_epoch=40, user_batch_size=256, weight_decay=0.0002)
number_user 25025
number_item 12319
/home/hourun/invariantCDR_v2/invariantCDR/utils/GraphMaker.py:46: RuntimeWarning: divide by zero encountered in power
  r_inv = np.power(rowsum, -1).flatten()
real graph loaded!
number_user 19457
number_item 8751
real graph loaded!
graph loaded!
Loading data from game_video with batch size 1024...
unseen test: 0
test length: 1381
unseen test: 0
test length: 1304
unseen test: 0
test length: 1435
unseen test: 0
test length: 1458
source_user_num 25025
target_user_num 19457
source_item_num 12319
target_item_num 8751
shared users id: 1737
test users 226, 217
unseen test: 0
dev length: 1000
unseen test: 0
dev length: 1000
source train data : 155036, target train data: 156091, source test data : 1304, target test data : 1458, source dev data : 1000, target dev data : 1000
2024-07-31 11:09:45.024429: step 304/21280 (epoch 1/70), loss = 1.309881 (38.552 sec/epoch), lr: 0.001000
Evaluating on dev set...
...........................
source: 	 mrr: 0.009752	 ndcg_5: 0.0057	 ndcg_10: 0.0099	 hit@1:0.000000	 hit@5:0.0116	 hit@10: 0.0246
target: 	 mrr: 0.027611	 ndcg_5: 0.0184	 ndcg_10: 0.0276	 hit@1:0.006272	 hit@5:0.0307	 hit@10: 0.0592
source best!
.............
source: 	 mrr: 0.015448	 ndcg_5: 0.0103	 ndcg_10: 0.0161	 hit@1:0.006135	 hit@5:0.0146	 hit@10: 0.0330
target best!
..............target: 	 mrr: 0.034341	 ndcg_5: 0.0271	 ndcg_10: 0.0338	 hit@1:0.011660	 hit@5:0.0425	 hit@10: 0.0631
epoch 1: train_loss = 1.309881, source_hit@10 = 0.0330, source_ndcg@10 = 0.0161, target_hit@10 = 0.0631, target_ndcg@10 = 0.0338

2024-07-31 11:10:23.408238: step 608/21280 (epoch 2/70), loss = 1.058882 (37.763 sec/epoch), lr: 0.001000
Evaluating on dev set...
...........................
source: 	 mrr: 0.035152	 ndcg_5: 0.0265	 ndcg_10: 0.0348	 hit@1:0.007965	 hit@5:0.0463	 hit@10: 0.0724
target: 	 mrr: 0.032055	 ndcg_5: 0.0241	 ndcg_10: 0.0321	 hit@1:0.009756	 hit@5:0.0369	 hit@10: 0.0620
source best!
.............
source: 	 mrr: 0.038231	 ndcg_5: 0.0293	 ndcg_10: 0.0389	 hit@1:0.009969	 hit@5:0.0506	 hit@10: 0.0805
target best!
..............target: 	 mrr: 0.030987	 ndcg_5: 0.0225	 ndcg_10: 0.0295	 hit@1:0.011660	 hit@5:0.0343	 hit@10: 0.0562
epoch 2: train_loss = 1.058882, source_hit@10 = 0.0805, source_ndcg@10 = 0.0389, target_hit@10 = 0.0562, target_ndcg@10 = 0.0295
new best model saved.

2024-07-31 11:11:02.788806: step 912/21280 (epoch 3/70), loss = 0.991614 (38.602 sec/epoch), lr: 0.001000
Evaluating on dev set...
...........................
source: 	 mrr: 0.033898	 ndcg_5: 0.0220	 ndcg_10: 0.0319	 hit@1:0.007965	 hit@5:0.0369	 hit@10: 0.0681
target: 	 mrr: 0.030947	 ndcg_5: 0.0205	 ndcg_10: 0.0307	 hit@1:0.009059	 hit@5:0.0334	 hit@10: 0.0655
epoch 3: train_loss = 0.991614, source_hit@10 = 0.0681, source_ndcg@10 = 0.0319, target_hit@10 = 0.0655, target_ndcg@10 = 0.0307

2024-07-31 11:11:42.001573: step 1216/21280 (epoch 4/70), loss = 0.960873 (38.876 sec/epoch), lr: 0.001000
Evaluating on dev set...
...........................
source: 	 mrr: 0.042260	 ndcg_5: 0.0329	 ndcg_10: 0.0426	 hit@1:0.011586	 hit@5:0.0543	 hit@10: 0.0840
target: 	 mrr: 0.050367	 ndcg_5: 0.0434	 ndcg_10: 0.0572	 hit@1:0.016725	 hit@5:0.0697	 hit@10: 0.1136
source best!
.............
source: 	 mrr: 0.039562	 ndcg_5: 0.0282	 ndcg_10: 0.0388	 hit@1:0.011503	 hit@5:0.0452	 hit@10: 0.0790
target best!
..............target: 	 mrr: 0.051784	 ndcg_5: 0.0462	 ndcg_10: 0.0575	 hit@1:0.018519	 hit@5:0.0741	 hit@10: 0.1097
epoch 4: train_loss = 0.960873, source_hit@10 = 0.0790, source_ndcg@10 = 0.0388, target_hit@10 = 0.1097, target_ndcg@10 = 0.0575
new best model saved.

2024-07-31 11:12:21.458590: step 1520/21280 (epoch 5/70), loss = 0.942218 (38.679 sec/epoch), lr: 0.001000
Evaluating on dev set...
...........................
source: 	 mrr: 0.040478	 ndcg_5: 0.0297	 ndcg_10: 0.0397	 hit@1:0.013034	 hit@5:0.0471	 hit@10: 0.0775
target: 	 mrr: 0.045890	 ndcg_5: 0.0375	 ndcg_10: 0.0485	 hit@1:0.013937	 hit@5:0.0585	 hit@10: 0.0927
epoch 5: train_loss = 0.942218, source_hit@10 = 0.0775, source_ndcg@10 = 0.0397, target_hit@10 = 0.0927, target_ndcg@10 = 0.0485

2024-07-31 11:12:59.857069: step 1824/21280 (epoch 6/70), loss = 0.930326 (38.048 sec/epoch), lr: 0.001000
Evaluating on dev set...
...........................
source: 	 mrr: 0.041343	 ndcg_5: 0.0314	 ndcg_10: 0.0413	 hit@1:0.014482	 hit@5:0.0492	 hit@10: 0.0804
target: 	 mrr: 0.051386	 ndcg_5: 0.0423	 ndcg_10: 0.0554	 hit@1:0.020209	 hit@5:0.0634	 hit@10: 0.1045
target best!
..............target: 	 mrr: 0.049233	 ndcg_5: 0.0400	 ndcg_10: 0.0531	 hit@1:0.019204	 hit@5:0.0624	 hit@10: 0.1029
epoch 6: train_loss = 0.930326, source_hit@10 = 0.0804, source_ndcg@10 = 0.0413, target_hit@10 = 0.1029, target_ndcg@10 = 0.0531
new best model saved.

2024-07-31 11:13:39.741150: step 2128/21280 (epoch 7/70), loss = 0.918247 (39.223 sec/epoch), lr: 0.001000
Evaluating on dev set...
...........................
source: 	 mrr: 0.039776	 ndcg_5: 0.0323	 ndcg_10: 0.0390	 hit@1:0.009413	 hit@5:0.0550	 hit@10: 0.0768
target: 	 mrr: 0.054574	 ndcg_5: 0.0469	 ndcg_10: 0.0584	 hit@1:0.020906	 hit@5:0.0718	 hit@10: 0.1080
target best!
..............target: 	 mrr: 0.050483	 ndcg_5: 0.0436	 ndcg_10: 0.0549	 hit@1:0.019204	 hit@5:0.0693	 hit@10: 0.1043
epoch 7: train_loss = 0.918247, source_hit@10 = 0.0768, source_ndcg@10 = 0.0390, target_hit@10 = 0.1043, target_ndcg@10 = 0.0549
new best model saved.

2024-07-31 11:14:18.935916: step 2432/21280 (epoch 8/70), loss = 0.894038 (38.533 sec/epoch), lr: 0.001000
Evaluating on dev set...
...........................
source: 	 mrr: 0.033904	 ndcg_5: 0.0222	 ndcg_10: 0.0331	 hit@1:0.007241	 hit@5:0.0369	 hit@10: 0.0710
target: 	 mrr: 0.045567	 ndcg_5: 0.0360	 ndcg_10: 0.0457	 hit@1:0.014634	 hit@5:0.0544	 hit@10: 0.0850
epoch 8: train_loss = 0.894038, source_hit@10 = 0.0710, source_ndcg@10 = 0.0331, target_hit@10 = 0.0850, target_ndcg@10 = 0.0457

2024-07-31 11:14:58.138667: step 2736/21280 (epoch 9/70), loss = 0.879903 (38.864 sec/epoch), lr: 0.001000
Evaluating on dev set...
...........................
source: 	 mrr: 0.043417	 ndcg_5: 0.0332	 ndcg_10: 0.0419	 hit@1:0.018103	 hit@5:0.0492	 hit@10: 0.0768
target: 	 mrr: 0.042809	 ndcg_5: 0.0320	 ndcg_10: 0.0453	 hit@1:0.013240	 hit@5:0.0502	 hit@10: 0.0920
source best!
.............
source: 	 mrr: 0.041866	 ndcg_5: 0.0342	 ndcg_10: 0.0450	 hit@1:0.012270	 hit@5:0.0560	 hit@10: 0.0897
epoch 9: train_loss = 0.879903, source_hit@10 = 0.0897, source_ndcg@10 = 0.0450, target_hit@10 = 0.0920, target_ndcg@10 = 0.0453

2024-07-31 11:15:37.555617: step 3040/21280 (epoch 10/70), loss = 0.870811 (38.948 sec/epoch), lr: 0.001000
Evaluating on dev set...
...........................
source: 	 mrr: 0.039423	 ndcg_5: 0.0271	 ndcg_10: 0.0397	 hit@1:0.011586	 hit@5:0.0434	 hit@10: 0.0818
target: 	 mrr: 0.052716	 ndcg_5: 0.0458	 ndcg_10: 0.0581	 hit@1:0.019512	 hit@5:0.0739	 hit@10: 0.1115
epoch 10: train_loss = 0.870811, source_hit@10 = 0.0818, source_ndcg@10 = 0.0397, target_hit@10 = 0.1115, target_ndcg@10 = 0.0581

2024-07-31 11:16:16.113994: step 3344/21280 (epoch 11/70), loss = 0.867160 (38.213 sec/epoch), lr: 0.001000
Evaluating on dev set...
...........................
source: 	 mrr: 0.037966	 ndcg_5: 0.0252	 ndcg_10: 0.0410	 hit@1:0.010862	 hit@5:0.0391	 hit@10: 0.0883
target: 	 mrr: 0.046505	 ndcg_5: 0.0387	 ndcg_10: 0.0501	 hit@1:0.015331	 hit@5:0.0613	 hit@10: 0.0976
epoch 11: train_loss = 0.867160, source_hit@10 = 0.0883, source_ndcg@10 = 0.0410, target_hit@10 = 0.0976, target_ndcg@10 = 0.0501

2024-07-31 11:16:55.390467: step 3648/21280 (epoch 12/70), loss = 0.861155 (38.942 sec/epoch), lr: 0.000950
Evaluating on dev set...
...........................
source: 	 mrr: 0.047634	 ndcg_5: 0.0383	 ndcg_10: 0.0483	 hit@1:0.018103	 hit@5:0.0572	 hit@10: 0.0883
target: 	 mrr: 0.054154	 ndcg_5: 0.0461	 ndcg_10: 0.0572	 hit@1:0.019512	 hit@5:0.0718	 hit@10: 0.1066
source best!
.............
source: 	 mrr: 0.041183	 ndcg_5: 0.0318	 ndcg_10: 0.0414	 hit@1:0.011503	 hit@5:0.0506	 hit@10: 0.0805
epoch 12: train_loss = 0.861155, source_hit@10 = 0.0805, source_ndcg@10 = 0.0414, target_hit@10 = 0.1066, target_ndcg@10 = 0.0572
new best model saved.

2024-07-31 11:17:34.407458: step 3952/21280 (epoch 13/70), loss = 0.858603 (38.381 sec/epoch), lr: 0.000950
Evaluating on dev set...
...........................
source: 	 mrr: 0.037745	 ndcg_5: 0.0277	 ndcg_10: 0.0376	 hit@1:0.010862	 hit@5:0.0442	 hit@10: 0.0746
target: 	 mrr: 0.053257	 ndcg_5: 0.0439	 ndcg_10: 0.0587	 hit@1:0.020209	 hit@5:0.0676	 hit@10: 0.1136
epoch 13: train_loss = 0.858603, source_hit@10 = 0.0746, source_ndcg@10 = 0.0376, target_hit@10 = 0.1136, target_ndcg@10 = 0.0587

2024-07-31 11:18:13.262456: step 4256/21280 (epoch 14/70), loss = 0.854195 (38.514 sec/epoch), lr: 0.000902
Evaluating on dev set...
...........................
source: 	 mrr: 0.041381	 ndcg_5: 0.0312	 ndcg_10: 0.0410	 hit@1:0.013034	 hit@5:0.0485	 hit@10: 0.0789
target: 	 mrr: 0.045605	 ndcg_5: 0.0379	 ndcg_10: 0.0483	 hit@1:0.016028	 hit@5:0.0606	 hit@10: 0.0927
epoch 14: train_loss = 0.854195, source_hit@10 = 0.0789, source_ndcg@10 = 0.0410, target_hit@10 = 0.0927, target_ndcg@10 = 0.0483

2024-07-31 11:18:52.837976: step 4560/21280 (epoch 15/70), loss = 0.847629 (39.240 sec/epoch), lr: 0.000857
Evaluating on dev set...
...........................
source: 	 mrr: 0.038079	 ndcg_5: 0.0298	 ndcg_10: 0.0376	 hit@1:0.011586	 hit@5:0.0485	 hit@10: 0.0724
target: 	 mrr: 0.047846	 ndcg_5: 0.0418	 ndcg_10: 0.0517	 hit@1:0.016028	 hit@5:0.0655	 hit@10: 0.0962
epoch 15: train_loss = 0.847629, source_hit@10 = 0.0724, source_ndcg@10 = 0.0376, target_hit@10 = 0.0962, target_ndcg@10 = 0.0517

2024-07-31 11:19:31.571092: step 4864/21280 (epoch 16/70), loss = 0.844959 (38.399 sec/epoch), lr: 0.000815
Evaluating on dev set...
...........................
source: 	 mrr: 0.043988	 ndcg_5: 0.0347	 ndcg_10: 0.0445	 hit@1:0.017379	 hit@5:0.0507	 hit@10: 0.0818
target: 	 mrr: 0.041363	 ndcg_5: 0.0326	 ndcg_10: 0.0414	 hit@1:0.015331	 hit@5:0.0495	 hit@10: 0.0774
epoch 16: train_loss = 0.844959, source_hit@10 = 0.0818, source_ndcg@10 = 0.0445, target_hit@10 = 0.0774, target_ndcg@10 = 0.0414

2024-07-31 11:20:11.127758: step 5168/21280 (epoch 17/70), loss = 0.839669 (39.218 sec/epoch), lr: 0.000774
Evaluating on dev set...
...........................
source: 	 mrr: 0.042906	 ndcg_5: 0.0321	 ndcg_10: 0.0428	 hit@1:0.015930	 hit@5:0.0485	 hit@10: 0.0825
target: 	 mrr: 0.044798	 ndcg_5: 0.0352	 ndcg_10: 0.0497	 hit@1:0.012544	 hit@5:0.0592	 hit@10: 0.1038
epoch 17: train_loss = 0.839669, source_hit@10 = 0.0825, source_ndcg@10 = 0.0428, target_hit@10 = 0.1038, target_ndcg@10 = 0.0497

2024-07-31 11:20:50.093950: step 5472/21280 (epoch 18/70), loss = 0.838154 (38.624 sec/epoch), lr: 0.000774
Evaluating on dev set...
...........................
source: 	 mrr: 0.047155	 ndcg_5: 0.0352	 ndcg_10: 0.0467	 hit@1:0.020275	 hit@5:0.0492	 hit@10: 0.0840
target: 	 mrr: 0.046143	 ndcg_5: 0.0371	 ndcg_10: 0.0513	 hit@1:0.013937	 hit@5:0.0592	 hit@10: 0.1031
epoch 18: train_loss = 0.838154, source_hit@10 = 0.0840, source_ndcg@10 = 0.0467, target_hit@10 = 0.1031, target_ndcg@10 = 0.0513

2024-07-31 11:21:28.914107: step 5776/21280 (epoch 19/70), loss = 0.835178 (38.485 sec/epoch), lr: 0.000774
Evaluating on dev set...
...........................
source: 	 mrr: 0.047558	 ndcg_5: 0.0392	 ndcg_10: 0.0478	 hit@1:0.022448	 hit@5:0.0572	 hit@10: 0.0840
target: 	 mrr: 0.048547	 ndcg_5: 0.0442	 ndcg_10: 0.0539	 hit@1:0.016028	 hit@5:0.0732	 hit@10: 0.1031
epoch 19: train_loss = 0.835178, source_hit@10 = 0.0840, source_ndcg@10 = 0.0478, target_hit@10 = 0.1031, target_ndcg@10 = 0.0539

2024-07-31 11:22:08.523009: step 6080/21280 (epoch 20/70), loss = 0.832755 (39.272 sec/epoch), lr: 0.000774
Evaluating on dev set...
...........................
source: 	 mrr: 0.038934	 ndcg_5: 0.0285	 ndcg_10: 0.0382	 hit@1:0.011586	 hit@5:0.0449	 hit@10: 0.0753
target: 	 mrr: 0.044434	 ndcg_5: 0.0356	 ndcg_10: 0.0469	 hit@1:0.016028	 hit@5:0.0551	 hit@10: 0.0899
epoch 20: train_loss = 0.832755, source_hit@10 = 0.0753, source_ndcg@10 = 0.0382, target_hit@10 = 0.0899, target_ndcg@10 = 0.0469

2024-07-31 11:22:47.900125: step 6384/21280 (epoch 21/70), loss = 0.829711 (39.026 sec/epoch), lr: 0.000735
Evaluating on dev set...
...........................
source: 	 mrr: 0.036998	 ndcg_5: 0.0260	 ndcg_10: 0.0392	 hit@1:0.011586	 hit@5:0.0398	 hit@10: 0.0818
target: 	 mrr: 0.046822	 ndcg_5: 0.0381	 ndcg_10: 0.0504	 hit@1:0.018815	 hit@5:0.0571	 hit@10: 0.0955
epoch 21: train_loss = 0.829711, source_hit@10 = 0.0818, source_ndcg@10 = 0.0392, target_hit@10 = 0.0955, target_ndcg@10 = 0.0504

2024-07-31 11:23:27.005219: step 6688/21280 (epoch 22/70), loss = 0.827396 (38.767 sec/epoch), lr: 0.000735
Evaluating on dev set...
...........................
source: 	 mrr: 0.039916	 ndcg_5: 0.0312	 ndcg_10: 0.0383	 hit@1:0.014482	 hit@5:0.0478	 hit@10: 0.0702
target: 	 mrr: 0.035715	 ndcg_5: 0.0280	 ndcg_10: 0.0395	 hit@1:0.006272	 hit@5:0.0488	 hit@10: 0.0843
epoch 22: train_loss = 0.827396, source_hit@10 = 0.0702, source_ndcg@10 = 0.0383, target_hit@10 = 0.0843, target_ndcg@10 = 0.0395

2024-07-31 11:24:05.790658: step 6992/21280 (epoch 23/70), loss = 0.825250 (38.448 sec/epoch), lr: 0.000698
Evaluating on dev set...
...........................
source: 	 mrr: 0.037372	 ndcg_5: 0.0282	 ndcg_10: 0.0389	 hit@1:0.012310	 hit@5:0.0449	 hit@10: 0.0789
target: 	 mrr: 0.042951	 ndcg_5: 0.0367	 ndcg_10: 0.0486	 hit@1:0.011150	 hit@5:0.0627	 hit@10: 0.0997
epoch 23: train_loss = 0.825250, source_hit@10 = 0.0789, source_ndcg@10 = 0.0389, target_hit@10 = 0.0997, target_ndcg@10 = 0.0486

2024-07-31 11:24:44.921119: step 7296/21280 (epoch 24/70), loss = 0.823431 (38.793 sec/epoch), lr: 0.000698
Evaluating on dev set...
...........................
source: 	 mrr: 0.032395	 ndcg_5: 0.0218	 ndcg_10: 0.0326	 hit@1:0.008689	 hit@5:0.0362	 hit@10: 0.0695
target: 	 mrr: 0.047419	 ndcg_5: 0.0387	 ndcg_10: 0.0540	 hit@1:0.013937	 hit@5:0.0634	 hit@10: 0.1108
epoch 24: train_loss = 0.823431, source_hit@10 = 0.0695, source_ndcg@10 = 0.0326, target_hit@10 = 0.1108, target_ndcg@10 = 0.0540

2024-07-31 11:25:23.475400: step 7600/21280 (epoch 25/70), loss = 0.820864 (38.214 sec/epoch), lr: 0.000663
Evaluating on dev set...
...........................
source: 	 mrr: 0.036822	 ndcg_5: 0.0273	 ndcg_10: 0.0361	 hit@1:0.013758	 hit@5:0.0420	 hit@10: 0.0695
target: 	 mrr: 0.041918	 ndcg_5: 0.0324	 ndcg_10: 0.0452	 hit@1:0.013240	 hit@5:0.0502	 hit@10: 0.0899
epoch 25: train_loss = 0.820864, source_hit@10 = 0.0695, source_ndcg@10 = 0.0361, target_hit@10 = 0.0899, target_ndcg@10 = 0.0452

2024-07-31 11:26:02.655762: step 7904/21280 (epoch 26/70), loss = 0.817220 (38.814 sec/epoch), lr: 0.000630
Evaluating on dev set...
...........................
source: 	 mrr: 0.039860	 ndcg_5: 0.0296	 ndcg_10: 0.0398	 hit@1:0.012310	 hit@5:0.0449	 hit@10: 0.0768
target: 	 mrr: 0.048603	 ndcg_5: 0.0416	 ndcg_10: 0.0522	 hit@1:0.016725	 hit@5:0.0669	 hit@10: 0.0997
epoch 26: train_loss = 0.817220, source_hit@10 = 0.0768, source_ndcg@10 = 0.0398, target_hit@10 = 0.0997, target_ndcg@10 = 0.0522

2024-07-31 11:26:41.397104: step 8208/21280 (epoch 27/70), loss = 0.818320 (38.401 sec/epoch), lr: 0.000630
Evaluating on dev set...
...........................
source: 	 mrr: 0.037035	 ndcg_5: 0.0283	 ndcg_10: 0.0371	 hit@1:0.013758	 hit@5:0.0427	 hit@10: 0.0702
target: 	 mrr: 0.050109	 ndcg_5: 0.0420	 ndcg_10: 0.0541	 hit@1:0.019512	 hit@5:0.0655	 hit@10: 0.1024
epoch 27: train_loss = 0.818320, source_hit@10 = 0.0702, source_ndcg@10 = 0.0371, target_hit@10 = 0.1024, target_ndcg@10 = 0.0541

2024-07-31 11:27:20.539210: step 8512/21280 (epoch 28/70), loss = 0.813057 (38.769 sec/epoch), lr: 0.000599
Evaluating on dev set...
...........................
source: 	 mrr: 0.026348	 ndcg_5: 0.0169	 ndcg_10: 0.0265	 hit@1:0.006517	 hit@5:0.0268	 hit@10: 0.0565
target: 	 mrr: 0.046644	 ndcg_5: 0.0379	 ndcg_10: 0.0505	 hit@1:0.016725	 hit@5:0.0606	 hit@10: 0.1003
epoch 28: train_loss = 0.813057, source_hit@10 = 0.0565, source_ndcg@10 = 0.0265, target_hit@10 = 0.1003, target_ndcg@10 = 0.0505

2024-07-31 11:27:59.832208: step 8816/21280 (epoch 29/70), loss = 0.811389 (38.936 sec/epoch), lr: 0.000569
Evaluating on dev set...
...........................
source: 	 mrr: 0.030317	 ndcg_5: 0.0215	 ndcg_10: 0.0296	 hit@1:0.010138	 hit@5:0.0319	 hit@10: 0.0572
target: 	 mrr: 0.049832	 ndcg_5: 0.0418	 ndcg_10: 0.0537	 hit@1:0.019512	 hit@5:0.0627	 hit@10: 0.0997
epoch 29: train_loss = 0.811389, source_hit@10 = 0.0572, source_ndcg@10 = 0.0296, target_hit@10 = 0.0997, target_ndcg@10 = 0.0537

2024-07-31 11:28:38.841360: step 9120/21280 (epoch 30/70), loss = 0.810043 (38.666 sec/epoch), lr: 0.000569
Evaluating on dev set...
...........................
source: 	 mrr: 0.034602	 ndcg_5: 0.0272	 ndcg_10: 0.0343	 hit@1:0.012310	 hit@5:0.0413	 hit@10: 0.0637
target: 	 mrr: 0.046570	 ndcg_5: 0.0384	 ndcg_10: 0.0490	 hit@1:0.018815	 hit@5:0.0592	 hit@10: 0.0927
epoch 30: train_loss = 0.810043, source_hit@10 = 0.0637, source_ndcg@10 = 0.0343, target_hit@10 = 0.0927, target_ndcg@10 = 0.0490

2024-07-31 11:29:17.738398: step 9424/21280 (epoch 31/70), loss = 0.810272 (38.557 sec/epoch), lr: 0.000569
Evaluating on dev set...
...........................
source: 	 mrr: 0.026640	 ndcg_5: 0.0177	 ndcg_10: 0.0255	 hit@1:0.005793	 hit@5:0.0297	 hit@10: 0.0543
target: 	 mrr: 0.047816	 ndcg_5: 0.0420	 ndcg_10: 0.0512	 hit@1:0.016028	 hit@5:0.0683	 hit@10: 0.0962
epoch 31: train_loss = 0.810272, source_hit@10 = 0.0543, source_ndcg@10 = 0.0255, target_hit@10 = 0.0962, target_ndcg@10 = 0.0512

2024-07-31 11:29:56.501685: step 9728/21280 (epoch 32/70), loss = 0.805227 (38.427 sec/epoch), lr: 0.000540
Evaluating on dev set...
...........................
source: 	 mrr: 0.031782	 ndcg_5: 0.0239	 ndcg_10: 0.0334	 hit@1:0.008689	 hit@5:0.0384	 hit@10: 0.0688
target: 	 mrr: 0.039423	 ndcg_5: 0.0305	 ndcg_10: 0.0426	 hit@1:0.011150	 hit@5:0.0509	 hit@10: 0.0885
epoch 32: train_loss = 0.805227, source_hit@10 = 0.0688, source_ndcg@10 = 0.0334, target_hit@10 = 0.0885, target_ndcg@10 = 0.0426

2024-07-31 11:30:35.163850: step 10032/21280 (epoch 33/70), loss = 0.802741 (38.326 sec/epoch), lr: 0.000513
Evaluating on dev set...
...........................
source: 	 mrr: 0.032835	 ndcg_5: 0.0251	 ndcg_10: 0.0338	 hit@1:0.010138	 hit@5:0.0398	 hit@10: 0.0666
target: 	 mrr: 0.047827	 ndcg_5: 0.0417	 ndcg_10: 0.0522	 hit@1:0.016028	 hit@5:0.0669	 hit@10: 0.0990
epoch 33: train_loss = 0.802741, source_hit@10 = 0.0666, source_ndcg@10 = 0.0338, target_hit@10 = 0.0990, target_ndcg@10 = 0.0522

2024-07-31 11:31:14.483097: step 10336/21280 (epoch 34/70), loss = 0.802054 (38.949 sec/epoch), lr: 0.000513
Evaluating on dev set...
...........................
source: 	 mrr: 0.025376	 ndcg_5: 0.0161	 ndcg_10: 0.0246	 hit@1:0.003621	 hit@5:0.0275	 hit@10: 0.0543
target: 	 mrr: 0.048033	 ndcg_5: 0.0380	 ndcg_10: 0.0515	 hit@1:0.018815	 hit@5:0.0557	 hit@10: 0.0983
epoch 34: train_loss = 0.802054, source_hit@10 = 0.0543, source_ndcg@10 = 0.0246, target_hit@10 = 0.0983, target_ndcg@10 = 0.0515

2024-07-31 11:31:53.136034: step 10640/21280 (epoch 35/70), loss = 0.796836 (38.312 sec/epoch), lr: 0.000488
Evaluating on dev set...
...........................
source: 	 mrr: 0.029102	 ndcg_5: 0.0210	 ndcg_10: 0.0259	 hit@1:0.010138	 hit@5:0.0311	 hit@10: 0.0463
target: 	 mrr: 0.044140	 ndcg_5: 0.0358	 ndcg_10: 0.0483	 hit@1:0.011847	 hit@5:0.0578	 hit@10: 0.0962
epoch 35: train_loss = 0.796836, source_hit@10 = 0.0463, source_ndcg@10 = 0.0259, target_hit@10 = 0.0962, target_ndcg@10 = 0.0483

2024-07-31 11:32:32.428815: step 10944/21280 (epoch 36/70), loss = 0.798110 (38.947 sec/epoch), lr: 0.000463
Evaluating on dev set...
...........................
source: 	 mrr: 0.027757	 ndcg_5: 0.0177	 ndcg_10: 0.0268	 hit@1:0.005793	 hit@5:0.0297	 hit@10: 0.0579
target: 	 mrr: 0.046466	 ndcg_5: 0.0390	 ndcg_10: 0.0503	 hit@1:0.016725	 hit@5:0.0606	 hit@10: 0.0962
epoch 36: train_loss = 0.798110, source_hit@10 = 0.0579, source_ndcg@10 = 0.0268, target_hit@10 = 0.0962, target_ndcg@10 = 0.0503

2024-07-31 11:33:11.574809: step 11248/21280 (epoch 37/70), loss = 0.797911 (38.804 sec/epoch), lr: 0.000463
Evaluating on dev set...
...........................
source: 	 mrr: 0.037715	 ndcg_5: 0.0295	 ndcg_10: 0.0380	 hit@1:0.010138	 hit@5:0.0471	 hit@10: 0.0739
target: 	 mrr: 0.044187	 ndcg_5: 0.0357	 ndcg_10: 0.0481	 hit@1:0.016028	 hit@5:0.0557	 hit@10: 0.0948
epoch 37: train_loss = 0.797911, source_hit@10 = 0.0739, source_ndcg@10 = 0.0380, target_hit@10 = 0.0948, target_ndcg@10 = 0.0481

2024-07-31 11:33:50.624268: step 11552/21280 (epoch 38/70), loss = 0.796793 (38.711 sec/epoch), lr: 0.000463
Evaluating on dev set...
...........................
source: 	 mrr: 0.034120	 ndcg_5: 0.0262	 ndcg_10: 0.0357	 hit@1:0.010862	 hit@5:0.0427	 hit@10: 0.0724
target: 	 mrr: 0.043488	 ndcg_5: 0.0351	 ndcg_10: 0.0489	 hit@1:0.012544	 hit@5:0.0571	 hit@10: 0.1003
epoch 38: train_loss = 0.796793, source_hit@10 = 0.0724, source_ndcg@10 = 0.0357, target_hit@10 = 0.1003, target_ndcg@10 = 0.0489

2024-07-31 11:34:29.880760: step 11856/21280 (epoch 39/70), loss = 0.793787 (38.921 sec/epoch), lr: 0.000440
Evaluating on dev set...
...........................
source: 	 mrr: 0.032411	 ndcg_5: 0.0240	 ndcg_10: 0.0330	 hit@1:0.010138	 hit@5:0.0384	 hit@10: 0.0666
target: 	 mrr: 0.044533	 ndcg_5: 0.0361	 ndcg_10: 0.0473	 hit@1:0.017422	 hit@5:0.0551	 hit@10: 0.0906
epoch 39: train_loss = 0.793787, source_hit@10 = 0.0666, source_ndcg@10 = 0.0330, target_hit@10 = 0.0906, target_ndcg@10 = 0.0473

