nohup: ignoring input
using gpu:0 to train the model
using gpu:0 to train the model
cuda:0
Namespace(A_split=False, JK='sum', a_fold=100, aggregate=False, batch_size=1024, beta=1.5, conv_layers=4, cuda=True, decay_epoch=10, device=device(type='cuda', index=0), device_id='0', domains='game_video', dropout=0.5, epoch=80, feature_dim=126, hidden_dim=126, inter_tau=0.2, intra_tau=1, lambda_constra=0.3, lambda_critic=0.3, leakey=0.01, load=False, log='logs.txt', log_epoch=1, lr=0.004, lr_decay=0.95, min_epoch=50, mode='train', model_file=None, model_name='gv', momentum=0.98, num_latent_factors=3, num_negative=100, optim='adam', patience=50, proj_layers=1, projection=1, residual=1, save=True, save_dir='./saved_models', seed=32, similarity_tau=0.1, test_sample_number=999, transfer_epoch=50, user_batch_size=256, weight_decay=0.0002)
number_user 25025
number_item 12319
/home/hourun/invariantCDR_v2/invariantCDR/utils/GraphMaker.py:46: RuntimeWarning: divide by zero encountered in power
  r_inv = np.power(rowsum, -1).flatten()
real graph loaded!
number_user 19457
number_item 8751
real graph loaded!
graph loaded!
Loading data from game_video with batch size 1024...
unseen test: 0
test length: 1381
unseen test: 0
test length: 1304
unseen test: 0
test length: 1435
unseen test: 0
test length: 1458
source_user_num 25025
target_user_num 19457
source_item_num 12319
target_item_num 8751
shared users id: 1737
test users 226, 217
unseen test: 0
dev length: 1000
unseen test: 0
dev length: 1000
source train data : 155036, target train data: 156091, source test data : 1304, target test data : 1458, source dev data : 1000, target dev data : 1000
2024-07-31 15:53:36.955570: step 304/24320 (epoch 1/80), loss = 1.567080 (34.412 sec/epoch), lr: 0.004000
Evaluating on dev set...
...........................
source: 	 mrr: 0.033436	 ndcg_5: 0.0239	 ndcg_10: 0.0336	 hit@1:0.006517	 hit@5:0.0413	 hit@10: 0.0717
target: 	 mrr: 0.029106	 ndcg_5: 0.0200	 ndcg_10: 0.0271	 hit@1:0.009059	 hit@5:0.0293	 hit@10: 0.0516
source best!
.............
source: 	 mrr: 0.035886	 ndcg_5: 0.0264	 ndcg_10: 0.0389	 hit@1:0.008436	 hit@5:0.0468	 hit@10: 0.0859
target best!
..............target: 	 mrr: 0.031585	 ndcg_5: 0.0244	 ndcg_10: 0.0330	 hit@1:0.010974	 hit@5:0.0377	 hit@10: 0.0645
epoch 1: train_loss = 1.567080, source_hit@10 = 0.0859, source_ndcg@10 = 0.0389, target_hit@10 = 0.0645, target_ndcg@10 = 0.0330

2024-07-31 15:54:11.728385: step 608/24320 (epoch 2/80), loss = 1.389426 (34.238 sec/epoch), lr: 0.004000
Evaluating on dev set...
...........................
source: 	 mrr: 0.032413	 ndcg_5: 0.0234	 ndcg_10: 0.0288	 hit@1:0.008689	 hit@5:0.0384	 hit@10: 0.0550
target: 	 mrr: 0.023446	 ndcg_5: 0.0150	 ndcg_10: 0.0195	 hit@1:0.008362	 hit@5:0.0223	 hit@10: 0.0362
epoch 2: train_loss = 1.389426, source_hit@10 = 0.0550, source_ndcg@10 = 0.0288, target_hit@10 = 0.0362, target_ndcg@10 = 0.0195

2024-07-31 15:54:46.921842: step 912/24320 (epoch 3/80), loss = 1.362381 (34.901 sec/epoch), lr: 0.004000
Evaluating on dev set...
...........................
source: 	 mrr: 0.035315	 ndcg_5: 0.0259	 ndcg_10: 0.0325	 hit@1:0.012310	 hit@5:0.0398	 hit@10: 0.0608
target: 	 mrr: 0.033889	 ndcg_5: 0.0246	 ndcg_10: 0.0340	 hit@1:0.007666	 hit@5:0.0418	 hit@10: 0.0704
source best!
.............
source: 	 mrr: 0.035919	 ndcg_5: 0.0269	 ndcg_10: 0.0352	 hit@1:0.006902	 hit@5:0.0460	 hit@10: 0.0721
target best!
..............target: 	 mrr: 0.037872	 ndcg_5: 0.0282	 ndcg_10: 0.0377	 hit@1:0.011660	 hit@5:0.0446	 hit@10: 0.0734
epoch 3: train_loss = 1.362381, source_hit@10 = 0.0721, source_ndcg@10 = 0.0352, target_hit@10 = 0.0734, target_ndcg@10 = 0.0377
new best model saved.

2024-07-31 15:55:24.062030: step 1216/24320 (epoch 4/80), loss = 1.350906 (36.505 sec/epoch), lr: 0.004000
Evaluating on dev set...
...........................
source: 	 mrr: 0.039271	 ndcg_5: 0.0275	 ndcg_10: 0.0397	 hit@1:0.011586	 hit@5:0.0434	 hit@10: 0.0811
target: 	 mrr: 0.039847	 ndcg_5: 0.0295	 ndcg_10: 0.0396	 hit@1:0.016725	 hit@5:0.0425	 hit@10: 0.0746
source best!
.............
source: 	 mrr: 0.036124	 ndcg_5: 0.0229	 ndcg_10: 0.0385	 hit@1:0.008436	 hit@5:0.0376	 hit@10: 0.0867
target best!
..............target: 	 mrr: 0.036617	 ndcg_5: 0.0261	 ndcg_10: 0.0359	 hit@1:0.011660	 hit@5:0.0405	 hit@10: 0.0706
epoch 4: train_loss = 1.350906, source_hit@10 = 0.0867, source_ndcg@10 = 0.0385, target_hit@10 = 0.0706, target_ndcg@10 = 0.0359
new best model saved.

2024-07-31 15:56:01.032291: step 1520/24320 (epoch 5/80), loss = 1.343155 (36.330 sec/epoch), lr: 0.004000
Evaluating on dev set...
...........................
source: 	 mrr: 0.036211	 ndcg_5: 0.0251	 ndcg_10: 0.0342	 hit@1:0.011586	 hit@5:0.0406	 hit@10: 0.0688
target: 	 mrr: 0.024241	 ndcg_5: 0.0161	 ndcg_10: 0.0201	 hit@1:0.008362	 hit@5:0.0230	 hit@10: 0.0355
epoch 5: train_loss = 1.343155, source_hit@10 = 0.0688, source_ndcg@10 = 0.0342, target_hit@10 = 0.0355, target_ndcg@10 = 0.0201

2024-07-31 15:56:38.438520: step 1824/24320 (epoch 6/80), loss = 1.336530 (37.112 sec/epoch), lr: 0.004000
Evaluating on dev set...
...........................
source: 	 mrr: 0.033079	 ndcg_5: 0.0241	 ndcg_10: 0.0314	 hit@1:0.008689	 hit@5:0.0406	 hit@10: 0.0630
target: 	 mrr: 0.051523	 ndcg_5: 0.0436	 ndcg_10: 0.0544	 hit@1:0.021603	 hit@5:0.0662	 hit@10: 0.1003
target best!
..............target: 	 mrr: 0.046229	 ndcg_5: 0.0375	 ndcg_10: 0.0494	 hit@1:0.016461	 hit@5:0.0604	 hit@10: 0.0967
epoch 6: train_loss = 1.336530, source_hit@10 = 0.0630, source_ndcg@10 = 0.0314, target_hit@10 = 0.0967, target_ndcg@10 = 0.0494
new best model saved.

2024-07-31 15:57:15.716347: step 2128/24320 (epoch 7/80), loss = 1.322717 (36.752 sec/epoch), lr: 0.004000
Evaluating on dev set...
...........................
source: 	 mrr: 0.017748	 ndcg_5: 0.0118	 ndcg_10: 0.0167	 hit@1:0.003621	 hit@5:0.0188	 hit@10: 0.0340
target: 	 mrr: 0.046346	 ndcg_5: 0.0373	 ndcg_10: 0.0514	 hit@1:0.014634	 hit@5:0.0599	 hit@10: 0.1045
epoch 7: train_loss = 1.322717, source_hit@10 = 0.0340, source_ndcg@10 = 0.0167, target_hit@10 = 0.1045, target_ndcg@10 = 0.0514

2024-07-31 15:57:52.539506: step 2432/24320 (epoch 8/80), loss = 1.313833 (36.531 sec/epoch), lr: 0.004000
Evaluating on dev set...
...........................
source: 	 mrr: 0.030773	 ndcg_5: 0.0219	 ndcg_10: 0.0305	 hit@1:0.007965	 hit@5:0.0362	 hit@10: 0.0630
target: 	 mrr: 0.023131	 ndcg_5: 0.0143	 ndcg_10: 0.0220	 hit@1:0.004181	 hit@5:0.0244	 hit@10: 0.0481
epoch 8: train_loss = 1.313833, source_hit@10 = 0.0630, source_ndcg@10 = 0.0305, target_hit@10 = 0.0481, target_ndcg@10 = 0.0220

2024-07-31 15:58:29.640191: step 2736/24320 (epoch 9/80), loss = 1.308606 (36.807 sec/epoch), lr: 0.004000
Evaluating on dev set...
...........................
source: 	 mrr: 0.021731	 ndcg_5: 0.0144	 ndcg_10: 0.0201	 hit@1:0.005793	 hit@5:0.0239	 hit@10: 0.0413
target: 	 mrr: 0.040339	 ndcg_5: 0.0281	 ndcg_10: 0.0392	 hit@1:0.018815	 hit@5:0.0390	 hit@10: 0.0739
epoch 9: train_loss = 1.308606, source_hit@10 = 0.0413, source_ndcg@10 = 0.0201, target_hit@10 = 0.0739, target_ndcg@10 = 0.0392

2024-07-31 15:59:06.662619: step 3040/24320 (epoch 10/80), loss = 1.301861 (36.729 sec/epoch), lr: 0.004000
Evaluating on dev set...
...........................
source: 	 mrr: 0.031379	 ndcg_5: 0.0207	 ndcg_10: 0.0308	 hit@1:0.007965	 hit@5:0.0348	 hit@10: 0.0659
target: 	 mrr: 0.041097	 ndcg_5: 0.0302	 ndcg_10: 0.0410	 hit@1:0.013937	 hit@5:0.0467	 hit@10: 0.0808
epoch 10: train_loss = 1.301861, source_hit@10 = 0.0659, source_ndcg@10 = 0.0308, target_hit@10 = 0.0808, target_ndcg@10 = 0.0410

2024-07-31 15:59:43.413519: step 3344/24320 (epoch 11/80), loss = 1.299184 (36.458 sec/epoch), lr: 0.004000
Evaluating on dev set...
...........................
source: 	 mrr: 0.018086	 ndcg_5: 0.0121	 ndcg_10: 0.0164	 hit@1:0.002896	 hit@5:0.0196	 hit@10: 0.0333
target: 	 mrr: 0.043484	 ndcg_5: 0.0368	 ndcg_10: 0.0486	 hit@1:0.011150	 hit@5:0.0613	 hit@10: 0.0983
epoch 11: train_loss = 1.299184, source_hit@10 = 0.0333, source_ndcg@10 = 0.0164, target_hit@10 = 0.0983, target_ndcg@10 = 0.0486

2024-07-31 16:00:20.643280: step 3648/24320 (epoch 12/80), loss = 1.292768 (36.938 sec/epoch), lr: 0.003800
Evaluating on dev set...
...........................
source: 	 mrr: 0.020465	 ndcg_5: 0.0144	 ndcg_10: 0.0184	 hit@1:0.004345	 hit@5:0.0246	 hit@10: 0.0369
target: 	 mrr: 0.044543	 ndcg_5: 0.0367	 ndcg_10: 0.0491	 hit@1:0.013937	 hit@5:0.0613	 hit@10: 0.0997
epoch 12: train_loss = 1.292768, source_hit@10 = 0.0369, source_ndcg@10 = 0.0184, target_hit@10 = 0.0997, target_ndcg@10 = 0.0491

2024-07-31 16:00:57.171606: step 3952/24320 (epoch 13/80), loss = 1.289267 (36.230 sec/epoch), lr: 0.003800
Evaluating on dev set...
...........................
source: 	 mrr: 0.019947	 ndcg_5: 0.0138	 ndcg_10: 0.0182	 hit@1:0.005069	 hit@5:0.0224	 hit@10: 0.0362
target: 	 mrr: 0.039256	 ndcg_5: 0.0276	 ndcg_10: 0.0421	 hit@1:0.010453	 hit@5:0.0432	 hit@10: 0.0885
epoch 13: train_loss = 1.289267, source_hit@10 = 0.0362, source_ndcg@10 = 0.0182, target_hit@10 = 0.0885, target_ndcg@10 = 0.0421

2024-07-31 16:01:33.708643: step 4256/24320 (epoch 14/80), loss = 1.277087 (36.241 sec/epoch), lr: 0.003610
Evaluating on dev set...
...........................
source: 	 mrr: 0.034190	 ndcg_5: 0.0237	 ndcg_10: 0.0337	 hit@1:0.009413	 hit@5:0.0377	 hit@10: 0.0688
target: 	 mrr: 0.032476	 ndcg_5: 0.0241	 ndcg_10: 0.0329	 hit@1:0.010453	 hit@5:0.0376	 hit@10: 0.0648
epoch 14: train_loss = 1.277087, source_hit@10 = 0.0688, source_ndcg@10 = 0.0337, target_hit@10 = 0.0648, target_ndcg@10 = 0.0329

2024-07-31 16:02:11.126509: step 4560/24320 (epoch 15/80), loss = 1.263679 (37.126 sec/epoch), lr: 0.003610
Evaluating on dev set...
...........................
source: 	 mrr: 0.030410	 ndcg_5: 0.0207	 ndcg_10: 0.0292	 hit@1:0.009413	 hit@5:0.0333	 hit@10: 0.0601
target: 	 mrr: 0.041320	 ndcg_5: 0.0332	 ndcg_10: 0.0431	 hit@1:0.011847	 hit@5:0.0557	 hit@10: 0.0864
epoch 15: train_loss = 1.263679, source_hit@10 = 0.0601, source_ndcg@10 = 0.0292, target_hit@10 = 0.0864, target_ndcg@10 = 0.0431

2024-07-31 16:02:48.449841: step 4864/24320 (epoch 16/80), loss = 1.256506 (37.032 sec/epoch), lr: 0.003610
Evaluating on dev set...
...........................
source: 	 mrr: 0.033297	 ndcg_5: 0.0230	 ndcg_10: 0.0324	 hit@1:0.008689	 hit@5:0.0369	 hit@10: 0.0666
target: 	 mrr: 0.037826	 ndcg_5: 0.0293	 ndcg_10: 0.0372	 hit@1:0.014634	 hit@5:0.0446	 hit@10: 0.0690
epoch 16: train_loss = 1.256506, source_hit@10 = 0.0666, source_ndcg@10 = 0.0324, target_hit@10 = 0.0690, target_ndcg@10 = 0.0372

2024-07-31 16:03:25.820138: step 5168/24320 (epoch 17/80), loss = 1.250711 (37.071 sec/epoch), lr: 0.003429
Evaluating on dev set...
...........................
source: 	 mrr: 0.024875	 ndcg_5: 0.0156	 ndcg_10: 0.0237	 hit@1:0.003621	 hit@5:0.0275	 hit@10: 0.0529
target: 	 mrr: 0.028560	 ndcg_5: 0.0190	 ndcg_10: 0.0280	 hit@1:0.006272	 hit@5:0.0321	 hit@10: 0.0606
epoch 17: train_loss = 1.250711, source_hit@10 = 0.0529, source_ndcg@10 = 0.0237, target_hit@10 = 0.0606, target_ndcg@10 = 0.0280

2024-07-31 16:04:03.026102: step 5472/24320 (epoch 18/80), loss = 1.244605 (36.909 sec/epoch), lr: 0.003258
Evaluating on dev set...
...........................
source: 	 mrr: 0.029336	 ndcg_5: 0.0212	 ndcg_10: 0.0268	 hit@1:0.009413	 hit@5:0.0340	 hit@10: 0.0514
target: 	 mrr: 0.047910	 ndcg_5: 0.0393	 ndcg_10: 0.0520	 hit@1:0.016028	 hit@5:0.0613	 hit@10: 0.1017
epoch 18: train_loss = 1.244605, source_hit@10 = 0.0514, source_ndcg@10 = 0.0268, target_hit@10 = 0.1017, target_ndcg@10 = 0.0520

2024-07-31 16:04:40.272002: step 5776/24320 (epoch 19/80), loss = 1.240172 (36.953 sec/epoch), lr: 0.003258
Evaluating on dev set...
...........................
source: 	 mrr: 0.019853	 ndcg_5: 0.0085	 ndcg_10: 0.0138	 hit@1:0.000724	 hit@5:0.0167	 hit@10: 0.0333
target: 	 mrr: 0.046443	 ndcg_5: 0.0379	 ndcg_10: 0.0486	 hit@1:0.016725	 hit@5:0.0599	 hit@10: 0.0934
epoch 19: train_loss = 1.240172, source_hit@10 = 0.0333, source_ndcg@10 = 0.0138, target_hit@10 = 0.0934, target_ndcg@10 = 0.0486

2024-07-31 16:05:17.423983: step 6080/24320 (epoch 20/80), loss = 1.233003 (36.855 sec/epoch), lr: 0.003095
Evaluating on dev set...
...........................
source: 	 mrr: 0.031840	 ndcg_5: 0.0212	 ndcg_10: 0.0301	 hit@1:0.006517	 hit@5:0.0355	 hit@10: 0.0637
target: 	 mrr: 0.056709	 ndcg_5: 0.0478	 ndcg_10: 0.0621	 hit@1:0.024390	 hit@5:0.0718	 hit@10: 0.1164
target best!
..............target: 	 mrr: 0.054566	 ndcg_5: 0.0470	 ndcg_10: 0.0595	 hit@1:0.017833	 hit@5:0.0748	 hit@10: 0.1132
epoch 20: train_loss = 1.233003, source_hit@10 = 0.0637, source_ndcg@10 = 0.0301, target_hit@10 = 0.1132, target_ndcg@10 = 0.0595

2024-07-31 16:05:54.723252: step 6384/24320 (epoch 21/80), loss = 1.230152 (36.879 sec/epoch), lr: 0.003095
Evaluating on dev set...
...........................
source: 	 mrr: 0.033735	 ndcg_5: 0.0224	 ndcg_10: 0.0316	 hit@1:0.008689	 hit@5:0.0362	 hit@10: 0.0652
target: 	 mrr: 0.053806	 ndcg_5: 0.0456	 ndcg_10: 0.0583	 hit@1:0.019512	 hit@5:0.0718	 hit@10: 0.1115
epoch 21: train_loss = 1.230152, source_hit@10 = 0.0652, source_ndcg@10 = 0.0316, target_hit@10 = 0.1115, target_ndcg@10 = 0.0583

2024-07-31 16:06:31.581731: step 6688/24320 (epoch 22/80), loss = 1.226039 (36.565 sec/epoch), lr: 0.002940
Evaluating on dev set...
...........................
source: 	 mrr: 0.036554	 ndcg_5: 0.0263	 ndcg_10: 0.0339	 hit@1:0.013034	 hit@5:0.0391	 hit@10: 0.0630
target: 	 mrr: 0.046194	 ndcg_5: 0.0391	 ndcg_10: 0.0486	 hit@1:0.015331	 hit@5:0.0627	 hit@10: 0.0927
epoch 22: train_loss = 1.226039, source_hit@10 = 0.0630, source_ndcg@10 = 0.0339, target_hit@10 = 0.0927, target_ndcg@10 = 0.0486

2024-07-31 16:07:08.598212: step 6992/24320 (epoch 23/80), loss = 1.220614 (36.717 sec/epoch), lr: 0.002793
Evaluating on dev set...
...........................
source: 	 mrr: 0.036834	 ndcg_5: 0.0272	 ndcg_10: 0.0371	 hit@1:0.011586	 hit@5:0.0434	 hit@10: 0.0746
target: 	 mrr: 0.053254	 ndcg_5: 0.0435	 ndcg_10: 0.0580	 hit@1:0.020906	 hit@5:0.0662	 hit@10: 0.1115
epoch 23: train_loss = 1.220614, source_hit@10 = 0.0746, source_ndcg@10 = 0.0371, target_hit@10 = 0.1115, target_ndcg@10 = 0.0580

2024-07-31 16:07:45.808454: step 7296/24320 (epoch 24/80), loss = 1.218549 (36.914 sec/epoch), lr: 0.002793
Evaluating on dev set...
...........................
source: 	 mrr: 0.038688	 ndcg_5: 0.0277	 ndcg_10: 0.0358	 hit@1:0.011586	 hit@5:0.0427	 hit@10: 0.0681
target: 	 mrr: 0.046141	 ndcg_5: 0.0353	 ndcg_10: 0.0522	 hit@1:0.014634	 hit@5:0.0564	 hit@10: 0.1094
epoch 24: train_loss = 1.218549, source_hit@10 = 0.0681, source_ndcg@10 = 0.0358, target_hit@10 = 0.1094, target_ndcg@10 = 0.0522

2024-07-31 16:08:22.273163: step 7600/24320 (epoch 25/80), loss = 1.214129 (36.159 sec/epoch), lr: 0.002654
Evaluating on dev set...
...........................
source: 	 mrr: 0.026929	 ndcg_5: 0.0182	 ndcg_10: 0.0244	 hit@1:0.007241	 hit@5:0.0290	 hit@10: 0.0478
target: 	 mrr: 0.061081	 ndcg_5: 0.0503	 ndcg_10: 0.0640	 hit@1:0.028571	 hit@5:0.0704	 hit@10: 0.1129
target best!
..............target: 	 mrr: 0.057132	 ndcg_5: 0.0495	 ndcg_10: 0.0656	 hit@1:0.017833	 hit@5:0.0802	 hit@10: 0.1303
epoch 25: train_loss = 1.214129, source_hit@10 = 0.0478, source_ndcg@10 = 0.0244, target_hit@10 = 0.1303, target_ndcg@10 = 0.0656

2024-07-31 16:08:59.359561: step 7904/24320 (epoch 26/80), loss = 1.211696 (36.666 sec/epoch), lr: 0.002654
Evaluating on dev set...
...........................
source: 	 mrr: 0.041328	 ndcg_5: 0.0295	 ndcg_10: 0.0373	 hit@1:0.018103	 hit@5:0.0413	 hit@10: 0.0652
target: 	 mrr: 0.045898	 ndcg_5: 0.0360	 ndcg_10: 0.0501	 hit@1:0.017422	 hit@5:0.0578	 hit@10: 0.1017
source best!
.............
source: 	 mrr: 0.035391	 ndcg_5: 0.0266	 ndcg_10: 0.0354	 hit@1:0.009969	 hit@5:0.0445	 hit@10: 0.0721
epoch 26: train_loss = 1.211696, source_hit@10 = 0.0721, source_ndcg@10 = 0.0354, target_hit@10 = 0.1017, target_ndcg@10 = 0.0501

2024-07-31 16:09:36.501284: step 8208/24320 (epoch 27/80), loss = 1.212696 (36.715 sec/epoch), lr: 0.002521
Evaluating on dev set...
...........................
source: 	 mrr: 0.016801	 ndcg_5: 0.0109	 ndcg_10: 0.0156	 hit@1:0.003621	 hit@5:0.0188	 hit@10: 0.0333
target: 	 mrr: 0.052146	 ndcg_5: 0.0445	 ndcg_10: 0.0542	 hit@1:0.019512	 hit@5:0.0662	 hit@10: 0.0969
epoch 27: train_loss = 1.212696, source_hit@10 = 0.0333, source_ndcg@10 = 0.0156, target_hit@10 = 0.0969, target_ndcg@10 = 0.0542

2024-07-31 16:10:13.167328: step 8512/24320 (epoch 28/80), loss = 1.205966 (36.374 sec/epoch), lr: 0.002395
Evaluating on dev set...
...........................
source: 	 mrr: 0.036592	 ndcg_5: 0.0245	 ndcg_10: 0.0342	 hit@1:0.010862	 hit@5:0.0377	 hit@10: 0.0681
target: 	 mrr: 0.054590	 ndcg_5: 0.0459	 ndcg_10: 0.0602	 hit@1:0.020906	 hit@5:0.0718	 hit@10: 0.1157
epoch 28: train_loss = 1.205966, source_hit@10 = 0.0681, source_ndcg@10 = 0.0342, target_hit@10 = 0.1157, target_ndcg@10 = 0.0602

2024-07-31 16:10:49.859704: step 8816/24320 (epoch 29/80), loss = 1.206167 (36.397 sec/epoch), lr: 0.002395
Evaluating on dev set...
...........................
source: 	 mrr: 0.033419	 ndcg_5: 0.0210	 ndcg_10: 0.0309	 hit@1:0.009413	 hit@5:0.0319	 hit@10: 0.0630
target: 	 mrr: 0.045074	 ndcg_5: 0.0335	 ndcg_10: 0.0499	 hit@1:0.009756	 hit@5:0.0564	 hit@10: 0.1066
epoch 29: train_loss = 1.206167, source_hit@10 = 0.0630, source_ndcg@10 = 0.0309, target_hit@10 = 0.1066, target_ndcg@10 = 0.0499

2024-07-31 16:11:27.272841: step 9120/24320 (epoch 30/80), loss = 1.205102 (37.120 sec/epoch), lr: 0.002275
Evaluating on dev set...
...........................
source: 	 mrr: 0.035181	 ndcg_5: 0.0236	 ndcg_10: 0.0333	 hit@1:0.010138	 hit@5:0.0369	 hit@10: 0.0673
target: 	 mrr: 0.054432	 ndcg_5: 0.0473	 ndcg_10: 0.0613	 hit@1:0.016725	 hit@5:0.0774	 hit@10: 0.1206
epoch 30: train_loss = 1.205102, source_hit@10 = 0.0673, source_ndcg@10 = 0.0333, target_hit@10 = 0.1206, target_ndcg@10 = 0.0613

2024-07-31 16:12:04.344336: step 9424/24320 (epoch 31/80), loss = 1.202622 (36.775 sec/epoch), lr: 0.002275
Evaluating on dev set...
...........................
source: 	 mrr: 0.034435	 ndcg_5: 0.0256	 ndcg_10: 0.0326	 hit@1:0.009413	 hit@5:0.0420	 hit@10: 0.0637
target: 	 mrr: 0.050887	 ndcg_5: 0.0419	 ndcg_10: 0.0558	 hit@1:0.017422	 hit@5:0.0669	 hit@10: 0.1101
epoch 31: train_loss = 1.202622, source_hit@10 = 0.0637, source_ndcg@10 = 0.0326, target_hit@10 = 0.1101, target_ndcg@10 = 0.0558

2024-07-31 16:12:41.553281: step 9728/24320 (epoch 32/80), loss = 1.201694 (36.913 sec/epoch), lr: 0.002161
Evaluating on dev set...
...........................
source: 	 mrr: 0.033779	 ndcg_5: 0.0238	 ndcg_10: 0.0322	 hit@1:0.008689	 hit@5:0.0384	 hit@10: 0.0644
target: 	 mrr: 0.042387	 ndcg_5: 0.0346	 ndcg_10: 0.0477	 hit@1:0.010453	 hit@5:0.0592	 hit@10: 0.0997
epoch 32: train_loss = 1.201694, source_hit@10 = 0.0644, source_ndcg@10 = 0.0322, target_hit@10 = 0.0997, target_ndcg@10 = 0.0477

2024-07-31 16:13:18.922694: step 10032/24320 (epoch 33/80), loss = 1.197343 (37.071 sec/epoch), lr: 0.002053
Evaluating on dev set...
...........................
source: 	 mrr: 0.038109	 ndcg_5: 0.0281	 ndcg_10: 0.0402	 hit@1:0.010138	 hit@5:0.0485	 hit@10: 0.0869
target: 	 mrr: 0.059166	 ndcg_5: 0.0496	 ndcg_10: 0.0668	 hit@1:0.023693	 hit@5:0.0753	 hit@10: 0.1289
epoch 33: train_loss = 1.197343, source_hit@10 = 0.0869, source_ndcg@10 = 0.0402, target_hit@10 = 0.1289, target_ndcg@10 = 0.0668

2024-07-31 16:13:55.691184: step 10336/24320 (epoch 34/80), loss = 1.194859 (36.476 sec/epoch), lr: 0.002053
Evaluating on dev set...
...........................
source: 	 mrr: 0.035903	 ndcg_5: 0.0240	 ndcg_10: 0.0355	 hit@1:0.008689	 hit@5:0.0406	 hit@10: 0.0768
target: 	 mrr: 0.058174	 ndcg_5: 0.0499	 ndcg_10: 0.0616	 hit@1:0.025784	 hit@5:0.0753	 hit@10: 0.1115
epoch 34: train_loss = 1.194859, source_hit@10 = 0.0768, source_ndcg@10 = 0.0355, target_hit@10 = 0.1115, target_ndcg@10 = 0.0616

2024-07-31 16:14:32.701728: step 10640/24320 (epoch 35/80), loss = 1.191858 (36.714 sec/epoch), lr: 0.001951
Evaluating on dev set...
...........................
source: 	 mrr: 0.034108	 ndcg_5: 0.0222	 ndcg_10: 0.0299	 hit@1:0.010862	 hit@5:0.0340	 hit@10: 0.0579
target: 	 mrr: 0.059282	 ndcg_5: 0.0495	 ndcg_10: 0.0654	 hit@1:0.025087	 hit@5:0.0746	 hit@10: 0.1240
epoch 35: train_loss = 1.191858, source_hit@10 = 0.0579, source_ndcg@10 = 0.0299, target_hit@10 = 0.1240, target_ndcg@10 = 0.0654

2024-07-31 16:15:09.686645: step 10944/24320 (epoch 36/80), loss = 1.189689 (36.692 sec/epoch), lr: 0.001853
Evaluating on dev set...
...........................
source: 	 mrr: 0.038087	 ndcg_5: 0.0262	 ndcg_10: 0.0377	 hit@1:0.009413	 hit@5:0.0427	 hit@10: 0.0789
target: 	 mrr: 0.054902	 ndcg_5: 0.0464	 ndcg_10: 0.0604	 hit@1:0.020906	 hit@5:0.0732	 hit@10: 0.1164
epoch 36: train_loss = 1.189689, source_hit@10 = 0.0789, source_ndcg@10 = 0.0377, target_hit@10 = 0.1164, target_ndcg@10 = 0.0604

2024-07-31 16:15:45.996304: step 11248/24320 (epoch 37/80), loss = 1.187282 (36.013 sec/epoch), lr: 0.001761
Evaluating on dev set...
...........................
source: 	 mrr: 0.037148	 ndcg_5: 0.0265	 ndcg_10: 0.0371	 hit@1:0.011586	 hit@5:0.0427	 hit@10: 0.0753
target: 	 mrr: 0.048806	 ndcg_5: 0.0406	 ndcg_10: 0.0518	 hit@1:0.016725	 hit@5:0.0634	 hit@10: 0.0990
epoch 37: train_loss = 1.187282, source_hit@10 = 0.0753, source_ndcg@10 = 0.0371, target_hit@10 = 0.0990, target_ndcg@10 = 0.0518

2024-07-31 16:16:22.739771: step 11552/24320 (epoch 38/80), loss = 1.183107 (36.450 sec/epoch), lr: 0.001672
Evaluating on dev set...
...........................
source: 	 mrr: 0.040456	 ndcg_5: 0.0290	 ndcg_10: 0.0414	 hit@1:0.010138	 hit@5:0.0471	 hit@10: 0.0854
target: 	 mrr: 0.052731	 ndcg_5: 0.0446	 ndcg_10: 0.0565	 hit@1:0.018815	 hit@5:0.0697	 hit@10: 0.1073
epoch 38: train_loss = 1.183107, source_hit@10 = 0.0854, source_ndcg@10 = 0.0414, target_hit@10 = 0.1073, target_ndcg@10 = 0.0565

2024-07-31 16:16:59.586247: step 11856/24320 (epoch 39/80), loss = 1.182370 (36.551 sec/epoch), lr: 0.001672
Evaluating on dev set...
...........................
source: 	 mrr: 0.038686	 ndcg_5: 0.0283	 ndcg_10: 0.0407	 hit@1:0.007965	 hit@5:0.0492	 hit@10: 0.0876
target: 	 mrr: 0.057884	 ndcg_5: 0.0490	 ndcg_10: 0.0624	 hit@1:0.025784	 hit@5:0.0725	 hit@10: 0.1143
epoch 39: train_loss = 1.182370, source_hit@10 = 0.0876, source_ndcg@10 = 0.0407, target_hit@10 = 0.1143, target_ndcg@10 = 0.0624

2024-07-31 16:17:36.243994: step 12160/24320 (epoch 40/80), loss = 1.182148 (36.364 sec/epoch), lr: 0.001672
Evaluating on dev set...
...........................
source: 	 mrr: 0.038625	 ndcg_5: 0.0283	 ndcg_10: 0.0384	 hit@1:0.011586	 hit@5:0.0449	 hit@10: 0.0760
target: 	 mrr: 0.047304	 ndcg_5: 0.0415	 ndcg_10: 0.0523	 hit@1:0.012544	 hit@5:0.0711	 hit@10: 0.1045
epoch 40: train_loss = 1.182148, source_hit@10 = 0.0760, source_ndcg@10 = 0.0384, target_hit@10 = 0.1045, target_ndcg@10 = 0.0523

2024-07-31 16:18:13.004321: step 12464/24320 (epoch 41/80), loss = 1.178557 (36.462 sec/epoch), lr: 0.001589
Evaluating on dev set...
...........................
source: 	 mrr: 0.038701	 ndcg_5: 0.0270	 ndcg_10: 0.0362	 hit@1:0.013034	 hit@5:0.0406	 hit@10: 0.0688
target: 	 mrr: 0.047254	 ndcg_5: 0.0383	 ndcg_10: 0.0512	 hit@1:0.015331	 hit@5:0.0613	 hit@10: 0.1010
epoch 41: train_loss = 1.178557, source_hit@10 = 0.0688, source_ndcg@10 = 0.0362, target_hit@10 = 0.1010, target_ndcg@10 = 0.0512

2024-07-31 16:18:50.129281: step 12768/24320 (epoch 42/80), loss = 1.179760 (36.832 sec/epoch), lr: 0.001589
Evaluating on dev set...
...........................
source: 	 mrr: 0.043085	 ndcg_5: 0.0306	 ndcg_10: 0.0449	 hit@1:0.013758	 hit@5:0.0463	 hit@10: 0.0912
target: 	 mrr: 0.050998	 ndcg_5: 0.0423	 ndcg_10: 0.0543	 hit@1:0.019512	 hit@5:0.0655	 hit@10: 0.1024
source best!
.............
source: 	 mrr: 0.041539	 ndcg_5: 0.0307	 ndcg_10: 0.0413	 hit@1:0.012270	 hit@5:0.0491	 hit@10: 0.0821
epoch 42: train_loss = 1.179760, source_hit@10 = 0.0821, source_ndcg@10 = 0.0413, target_hit@10 = 0.1024, target_ndcg@10 = 0.0543

2024-07-31 16:19:27.281521: step 13072/24320 (epoch 43/80), loss = 1.177664 (36.717 sec/epoch), lr: 0.001589
Evaluating on dev set...
...........................
source: 	 mrr: 0.040902	 ndcg_5: 0.0305	 ndcg_10: 0.0405	 hit@1:0.011586	 hit@5:0.0485	 hit@10: 0.0804
target: 	 mrr: 0.056868	 ndcg_5: 0.0489	 ndcg_10: 0.0626	 hit@1:0.025784	 hit@5:0.0725	 hit@10: 0.1150
epoch 43: train_loss = 1.177664, source_hit@10 = 0.0804, source_ndcg@10 = 0.0405, target_hit@10 = 0.1150, target_ndcg@10 = 0.0626

2024-07-31 16:20:04.664735: step 13376/24320 (epoch 44/80), loss = 1.175891 (37.090 sec/epoch), lr: 0.001589
Evaluating on dev set...
...........................
source: 	 mrr: 0.045571	 ndcg_5: 0.0343	 ndcg_10: 0.0466	 hit@1:0.016655	 hit@5:0.0521	 hit@10: 0.0905
target: 	 mrr: 0.042820	 ndcg_5: 0.0333	 ndcg_10: 0.0478	 hit@1:0.013937	 hit@5:0.0537	 hit@10: 0.0990
source best!
.............
source: 	 mrr: 0.041534	 ndcg_5: 0.0318	 ndcg_10: 0.0424	 hit@1:0.013037	 hit@5:0.0514	 hit@10: 0.0844
epoch 44: train_loss = 1.175891, source_hit@10 = 0.0844, source_ndcg@10 = 0.0424, target_hit@10 = 0.0990, target_ndcg@10 = 0.0478

2024-07-31 16:20:41.391162: step 13680/24320 (epoch 45/80), loss = 1.173877 (36.242 sec/epoch), lr: 0.001509
Evaluating on dev set...
...........................
source: 	 mrr: 0.041386	 ndcg_5: 0.0310	 ndcg_10: 0.0421	 hit@1:0.013034	 hit@5:0.0500	 hit@10: 0.0847
target: 	 mrr: 0.043728	 ndcg_5: 0.0368	 ndcg_10: 0.0471	 hit@1:0.016725	 hit@5:0.0592	 hit@10: 0.0913
epoch 45: train_loss = 1.173877, source_hit@10 = 0.0847, source_ndcg@10 = 0.0421, target_hit@10 = 0.0913, target_ndcg@10 = 0.0471

2024-07-31 16:21:18.636674: step 13984/24320 (epoch 46/80), loss = 1.171384 (36.934 sec/epoch), lr: 0.001434
Evaluating on dev set...
...........................
source: 	 mrr: 0.030240	 ndcg_5: 0.0188	 ndcg_10: 0.0263	 hit@1:0.004345	 hit@5:0.0333	 hit@10: 0.0565
target: 	 mrr: 0.060305	 ndcg_5: 0.0508	 ndcg_10: 0.0653	 hit@1:0.028571	 hit@5:0.0739	 hit@10: 0.1185
epoch 46: train_loss = 1.171384, source_hit@10 = 0.0565, source_ndcg@10 = 0.0263, target_hit@10 = 0.1185, target_ndcg@10 = 0.0653

2024-07-31 16:21:55.505977: step 14288/24320 (epoch 47/80), loss = 1.171161 (36.575 sec/epoch), lr: 0.001434
Evaluating on dev set...
...........................
source: 	 mrr: 0.043943	 ndcg_5: 0.0336	 ndcg_10: 0.0447	 hit@1:0.013034	 hit@5:0.0543	 hit@10: 0.0883
target: 	 mrr: 0.056741	 ndcg_5: 0.0496	 ndcg_10: 0.0614	 hit@1:0.021603	 hit@5:0.0767	 hit@10: 0.1136
epoch 47: train_loss = 1.171161, source_hit@10 = 0.0883, source_ndcg@10 = 0.0447, target_hit@10 = 0.1136, target_ndcg@10 = 0.0614

2024-07-31 16:22:32.754375: step 14592/24320 (epoch 48/80), loss = 1.170382 (36.935 sec/epoch), lr: 0.001434
Evaluating on dev set...
...........................
source: 	 mrr: 0.036419	 ndcg_5: 0.0252	 ndcg_10: 0.0356	 hit@1:0.007241	 hit@5:0.0427	 hit@10: 0.0753
target: 	 mrr: 0.057849	 ndcg_5: 0.0497	 ndcg_10: 0.0633	 hit@1:0.022997	 hit@5:0.0746	 hit@10: 0.1171
epoch 48: train_loss = 1.170382, source_hit@10 = 0.0753, source_ndcg@10 = 0.0356, target_hit@10 = 0.1171, target_ndcg@10 = 0.0633

2024-07-31 16:23:09.562235: step 14896/24320 (epoch 49/80), loss = 1.165728 (36.512 sec/epoch), lr: 0.001362
Evaluating on dev set...
...........................
source: 	 mrr: 0.038553	 ndcg_5: 0.0269	 ndcg_10: 0.0381	 hit@1:0.008689	 hit@5:0.0442	 hit@10: 0.0789
target: 	 mrr: 0.056601	 ndcg_5: 0.0487	 ndcg_10: 0.0636	 hit@1:0.020906	 hit@5:0.0760	 hit@10: 0.1220
epoch 49: train_loss = 1.165728, source_hit@10 = 0.0789, source_ndcg@10 = 0.0381, target_hit@10 = 0.1220, target_ndcg@10 = 0.0636

2024-07-31 16:23:46.492321: step 15200/24320 (epoch 50/80), loss = 1.166016 (36.622 sec/epoch), lr: 0.001362
Evaluating on dev set...
...........................
source: 	 mrr: 0.039189	 ndcg_5: 0.0270	 ndcg_10: 0.0384	 hit@1:0.011586	 hit@5:0.0427	 hit@10: 0.0789
target: 	 mrr: 0.059927	 ndcg_5: 0.0516	 ndcg_10: 0.0671	 hit@1:0.025087	 hit@5:0.0767	 hit@10: 0.1254
epoch 50: train_loss = 1.166016, source_hit@10 = 0.0789, source_ndcg@10 = 0.0384, target_hit@10 = 0.1254, target_ndcg@10 = 0.0671
shift to transfer learning mode

2024-07-31 16:24:23.982694: step 15504/24320 (epoch 51/80), loss = 1.164087 (37.182 sec/epoch), lr: 0.001362
Evaluating on dev set...
...........................
source: 	 mrr: 0.039113	 ndcg_5: 0.0279	 ndcg_10: 0.0395	 hit@1:0.011586	 hit@5:0.0449	 hit@10: 0.0811
target: 	 mrr: 0.054011	 ndcg_5: 0.0457	 ndcg_10: 0.0598	 hit@1:0.020209	 hit@5:0.0711	 hit@10: 0.1150
epoch 51: train_loss = 1.164087, source_hit@10 = 0.0811, source_ndcg@10 = 0.0395, target_hit@10 = 0.1150, target_ndcg@10 = 0.0598

2024-07-31 16:25:01.105141: step 15808/24320 (epoch 52/80), loss = 1.162420 (36.827 sec/epoch), lr: 0.001294
Evaluating on dev set...
...........................
source: 	 mrr: 0.035187	 ndcg_5: 0.0240	 ndcg_10: 0.0358	 hit@1:0.008689	 hit@5:0.0406	 hit@10: 0.0768
target: 	 mrr: 0.059713	 ndcg_5: 0.0531	 ndcg_10: 0.0668	 hit@1:0.025087	 hit@5:0.0822	 hit@10: 0.1254
epoch 52: train_loss = 1.162420, source_hit@10 = 0.0768, source_ndcg@10 = 0.0358, target_hit@10 = 0.1254, target_ndcg@10 = 0.0668

2024-07-31 16:25:38.298005: step 16112/24320 (epoch 53/80), loss = 1.160903 (36.894 sec/epoch), lr: 0.001294
Evaluating on dev set...
...........................
source: 	 mrr: 0.042425	 ndcg_5: 0.0315	 ndcg_10: 0.0459	 hit@1:0.010862	 hit@5:0.0529	 hit@10: 0.0978
target: 	 mrr: 0.059437	 ndcg_5: 0.0517	 ndcg_10: 0.0671	 hit@1:0.024390	 hit@5:0.0801	 hit@10: 0.1275
epoch 53: train_loss = 1.160903, source_hit@10 = 0.0978, source_ndcg@10 = 0.0459, target_hit@10 = 0.1275, target_ndcg@10 = 0.0671

2024-07-31 16:26:15.725629: step 16416/24320 (epoch 54/80), loss = 1.156426 (37.133 sec/epoch), lr: 0.001294
Evaluating on dev set...
...........................
source: 	 mrr: 0.027980	 ndcg_5: 0.0169	 ndcg_10: 0.0261	 hit@1:0.005793	 hit@5:0.0275	 hit@10: 0.0558
target: 	 mrr: 0.055038	 ndcg_5: 0.0453	 ndcg_10: 0.0599	 hit@1:0.022997	 hit@5:0.0676	 hit@10: 0.1129
epoch 54: train_loss = 1.156426, source_hit@10 = 0.0558, source_ndcg@10 = 0.0261, target_hit@10 = 0.1129, target_ndcg@10 = 0.0599

2024-07-31 16:26:52.812937: step 16720/24320 (epoch 55/80), loss = 1.155372 (36.795 sec/epoch), lr: 0.001229
Evaluating on dev set...
...........................
source: 	 mrr: 0.025677	 ndcg_5: 0.0173	 ndcg_10: 0.0215	 hit@1:0.007241	 hit@5:0.0268	 hit@10: 0.0398
target: 	 mrr: 0.055824	 ndcg_5: 0.0487	 ndcg_10: 0.0614	 hit@1:0.020906	 hit@5:0.0753	 hit@10: 0.1150
epoch 55: train_loss = 1.155372, source_hit@10 = 0.0398, source_ndcg@10 = 0.0215, target_hit@10 = 0.1150, target_ndcg@10 = 0.0614

2024-07-31 16:27:30.387628: step 17024/24320 (epoch 56/80), loss = 1.153342 (37.277 sec/epoch), lr: 0.001168
Evaluating on dev set...
...........................
source: 	 mrr: 0.040632	 ndcg_5: 0.0288	 ndcg_10: 0.0410	 hit@1:0.010138	 hit@5:0.0463	 hit@10: 0.0847
target: 	 mrr: 0.059682	 ndcg_5: 0.0512	 ndcg_10: 0.0654	 hit@1:0.025087	 hit@5:0.0774	 hit@10: 0.1213
epoch 56: train_loss = 1.153342, source_hit@10 = 0.0847, source_ndcg@10 = 0.0410, target_hit@10 = 0.1213, target_ndcg@10 = 0.0654

2024-07-31 16:28:08.424204: step 17328/24320 (epoch 57/80), loss = 1.151141 (37.744 sec/epoch), lr: 0.001168
Evaluating on dev set...
...........................
source: 	 mrr: 0.039603	 ndcg_5: 0.0291	 ndcg_10: 0.0414	 hit@1:0.007965	 hit@5:0.0514	 hit@10: 0.0905
target: 	 mrr: 0.042331	 ndcg_5: 0.0348	 ndcg_10: 0.0463	 hit@1:0.009756	 hit@5:0.0592	 hit@10: 0.0948
epoch 57: train_loss = 1.151141, source_hit@10 = 0.0905, source_ndcg@10 = 0.0414, target_hit@10 = 0.0948, target_ndcg@10 = 0.0463
early termination of training
