nohup: ignoring input
using gpu:0 to train the model
using gpu:0 to train the model
cuda:0
Namespace(A_split=False, JK='sum', a_fold=100, aggregate=False, alpha=0.5, batch_size=1024, beta_inter=0.4, conv_layers=4, cuda=True, decay_epoch=10, device=device(type='cuda', index=0), device_id='0', domains='game_video', dropout=0.5, epoch=80, feature_dim=126, hidden_dim=126, inter_tau=0.2, intra_tau=1, lambda_critic=0.4, leakey=0.01, load=False, log='logs.txt', log_epoch=1, lr=0.004, lr_decay=0.95, min_epoch=50, mode='train', model_file=None, model_name='gv', momentum=0.98, num_latent_factors=3, num_negative=100, optim='adam', patience=50, proj_layers=1, projection=1, residual=1, save=True, save_dir='./saved_models', seed=37, similarity_tau=0.1, test_sample_number=999, transfer_epoch=50, user_batch_size=256, weight_decay=0.0002)
number_user 25025
number_item 12319
/home/hourun/invariantCDR_v2/invariantCDR/utils/GraphMaker.py:46: RuntimeWarning: divide by zero encountered in power
  r_inv = np.power(rowsum, -1).flatten()
real graph loaded!
number_user 19457
number_item 8751
real graph loaded!
graph loaded!
Loading data from game_video with batch size 1024...
unseen test: 0
test length: 1381
unseen test: 0
test length: 1304
unseen test: 0
test length: 1435
unseen test: 0
test length: 1458
source_user_num 25025
target_user_num 19457
source_item_num 12319
target_item_num 8751
shared users id: 1737
test users 226, 217
unseen test: 0
dev length: 1000
unseen test: 0
dev length: 1000
source train data : 155036, target train data: 156091, source test data : 1304, target test data : 1458, source dev data : 1000, target dev data : 1000
2024-08-01 14:22:03.583602: step 304/24320 (epoch 1/80), loss = 1.385309 (36.772 sec/epoch), lr: 0.004000
Evaluating on dev set...
...........................
source: 	 mrr: 0.033696	 ndcg_5: 0.0232	 ndcg_10: 0.0346	 hit@1:0.007241	 hit@5:0.0398	 hit@10: 0.0753
target: 	 mrr: 0.036620	 ndcg_5: 0.0270	 ndcg_10: 0.0395	 hit@1:0.011150	 hit@5:0.0425	 hit@10: 0.0815
source best!
.............
source: 	 mrr: 0.033255	 ndcg_5: 0.0221	 ndcg_10: 0.0331	 hit@1:0.009969	 hit@5:0.0353	 hit@10: 0.0698
target best!
..............target: 	 mrr: 0.031976	 ndcg_5: 0.0221	 ndcg_10: 0.0314	 hit@1:0.010288	 hit@5:0.0357	 hit@10: 0.0645
epoch 1: train_loss = 1.385309, source_hit@10 = 0.0698, source_ndcg@10 = 0.0331, target_hit@10 = 0.0645, target_ndcg@10 = 0.0314

2024-08-01 14:22:40.765118: step 608/24320 (epoch 2/80), loss = 1.202420 (36.626 sec/epoch), lr: 0.004000
Evaluating on dev set...
...........................
source: 	 mrr: 0.031750	 ndcg_5: 0.0224	 ndcg_10: 0.0308	 hit@1:0.010138	 hit@5:0.0355	 hit@10: 0.0615
target: 	 mrr: 0.030838	 ndcg_5: 0.0230	 ndcg_10: 0.0286	 hit@1:0.009059	 hit@5:0.0376	 hit@10: 0.0551
epoch 2: train_loss = 1.202420, source_hit@10 = 0.0615, source_ndcg@10 = 0.0308, target_hit@10 = 0.0551, target_ndcg@10 = 0.0286

2024-08-01 14:23:17.814466: step 912/24320 (epoch 3/80), loss = 1.172986 (36.760 sec/epoch), lr: 0.004000
Evaluating on dev set...
...........................
source: 	 mrr: 0.025811	 ndcg_5: 0.0184	 ndcg_10: 0.0240	 hit@1:0.006517	 hit@5:0.0319	 hit@10: 0.0492
target: 	 mrr: 0.027782	 ndcg_5: 0.0203	 ndcg_10: 0.0280	 hit@1:0.007666	 hit@5:0.0334	 hit@10: 0.0571
epoch 3: train_loss = 1.172986, source_hit@10 = 0.0492, source_ndcg@10 = 0.0240, target_hit@10 = 0.0571, target_ndcg@10 = 0.0280

2024-08-01 14:23:54.670079: step 1216/24320 (epoch 4/80), loss = 1.163501 (36.575 sec/epoch), lr: 0.004000
Evaluating on dev set...
...........................
source: 	 mrr: 0.025293	 ndcg_5: 0.0175	 ndcg_10: 0.0249	 hit@1:0.006517	 hit@5:0.0282	 hit@10: 0.0507
target: 	 mrr: 0.031978	 ndcg_5: 0.0244	 ndcg_10: 0.0306	 hit@1:0.011847	 hit@5:0.0362	 hit@10: 0.0557
epoch 4: train_loss = 1.163501, source_hit@10 = 0.0507, source_ndcg@10 = 0.0249, target_hit@10 = 0.0557, target_ndcg@10 = 0.0306

2024-08-01 14:24:31.747138: step 1520/24320 (epoch 5/80), loss = 1.154649 (36.773 sec/epoch), lr: 0.004000
Evaluating on dev set...
...........................
source: 	 mrr: 0.036367	 ndcg_5: 0.0247	 ndcg_10: 0.0353	 hit@1:0.010862	 hit@5:0.0384	 hit@10: 0.0710
target: 	 mrr: 0.041471	 ndcg_5: 0.0298	 ndcg_10: 0.0448	 hit@1:0.011847	 hit@5:0.0467	 hit@10: 0.0934
source best!
.............
source: 	 mrr: 0.036957	 ndcg_5: 0.0264	 ndcg_10: 0.0379	 hit@1:0.010736	 hit@5:0.0422	 hit@10: 0.0782
target best!
..............target: 	 mrr: 0.042863	 ndcg_5: 0.0332	 ndcg_10: 0.0443	 hit@1:0.012346	 hit@5:0.0521	 hit@10: 0.0864
epoch 5: train_loss = 1.154649, source_hit@10 = 0.0782, source_ndcg@10 = 0.0379, target_hit@10 = 0.0864, target_ndcg@10 = 0.0443
new best model saved.

2024-08-01 14:25:08.822566: step 1824/24320 (epoch 6/80), loss = 1.137340 (36.441 sec/epoch), lr: 0.004000
Evaluating on dev set...
...........................
source: 	 mrr: 0.031505	 ndcg_5: 0.0221	 ndcg_10: 0.0294	 hit@1:0.006517	 hit@5:0.0369	 hit@10: 0.0587
target: 	 mrr: 0.036637	 ndcg_5: 0.0261	 ndcg_10: 0.0398	 hit@1:0.009059	 hit@5:0.0432	 hit@10: 0.0850
epoch 6: train_loss = 1.137340, source_hit@10 = 0.0587, source_ndcg@10 = 0.0294, target_hit@10 = 0.0850, target_ndcg@10 = 0.0398

2024-08-01 14:25:45.852619: step 2128/24320 (epoch 7/80), loss = 1.126779 (36.738 sec/epoch), lr: 0.004000
Evaluating on dev set...
...........................
source: 	 mrr: 0.036904	 ndcg_5: 0.0243	 ndcg_10: 0.0356	 hit@1:0.010862	 hit@5:0.0391	 hit@10: 0.0739
target: 	 mrr: 0.035271	 ndcg_5: 0.0242	 ndcg_10: 0.0356	 hit@1:0.012544	 hit@5:0.0369	 hit@10: 0.0725
source best!
.............
source: 	 mrr: 0.035934	 ndcg_5: 0.0247	 ndcg_10: 0.0388	 hit@1:0.007669	 hit@5:0.0437	 hit@10: 0.0882
epoch 7: train_loss = 1.126779, source_hit@10 = 0.0882, source_ndcg@10 = 0.0388, target_hit@10 = 0.0725, target_ndcg@10 = 0.0356

2024-08-01 14:26:23.061841: step 2432/24320 (epoch 8/80), loss = 1.118940 (36.807 sec/epoch), lr: 0.004000
Evaluating on dev set...
...........................
source: 	 mrr: 0.015891	 ndcg_5: 0.0086	 ndcg_10: 0.0131	 hit@1:0.002896	 hit@5:0.0152	 hit@10: 0.0290
target: 	 mrr: 0.042406	 ndcg_5: 0.0327	 ndcg_10: 0.0469	 hit@1:0.012544	 hit@5:0.0530	 hit@10: 0.0969
target best!
..............target: 	 mrr: 0.040459	 ndcg_5: 0.0291	 ndcg_10: 0.0454	 hit@1:0.008916	 hit@5:0.0487	 hit@10: 0.0995
epoch 8: train_loss = 1.118940, source_hit@10 = 0.0290, source_ndcg@10 = 0.0131, target_hit@10 = 0.0995, target_ndcg@10 = 0.0454

2024-08-01 14:27:00.359960: step 2736/24320 (epoch 9/80), loss = 1.116666 (36.889 sec/epoch), lr: 0.004000
Evaluating on dev set...
...........................
source: 	 mrr: 0.034357	 ndcg_5: 0.0260	 ndcg_10: 0.0337	 hit@1:0.009413	 hit@5:0.0427	 hit@10: 0.0666
target: 	 mrr: 0.042992	 ndcg_5: 0.0363	 ndcg_10: 0.0445	 hit@1:0.011150	 hit@5:0.0606	 hit@10: 0.0864
target best!
..............target: 	 mrr: 0.039076	 ndcg_5: 0.0295	 ndcg_10: 0.0421	 hit@1:0.010288	 hit@5:0.0494	 hit@10: 0.0885
epoch 9: train_loss = 1.116666, source_hit@10 = 0.0666, source_ndcg@10 = 0.0337, target_hit@10 = 0.0885, target_ndcg@10 = 0.0421

2024-08-01 14:27:37.602100: step 3040/24320 (epoch 10/80), loss = 1.112915 (36.825 sec/epoch), lr: 0.004000
Evaluating on dev set...
...........................
source: 	 mrr: 0.035009	 ndcg_5: 0.0217	 ndcg_10: 0.0337	 hit@1:0.010862	 hit@5:0.0340	 hit@10: 0.0710
target: 	 mrr: 0.048684	 ndcg_5: 0.0400	 ndcg_10: 0.0506	 hit@1:0.020906	 hit@5:0.0592	 hit@10: 0.0920
target best!
..............target: 	 mrr: 0.047996	 ndcg_5: 0.0412	 ndcg_10: 0.0497	 hit@1:0.017833	 hit@5:0.0652	 hit@10: 0.0919
epoch 10: train_loss = 1.112915, source_hit@10 = 0.0710, source_ndcg@10 = 0.0337, target_hit@10 = 0.0919, target_ndcg@10 = 0.0497
new best model saved.

2024-08-01 14:28:14.792532: step 3344/24320 (epoch 11/80), loss = 1.107170 (36.670 sec/epoch), lr: 0.004000
Evaluating on dev set...
...........................
source: 	 mrr: 0.024416	 ndcg_5: 0.0156	 ndcg_10: 0.0210	 hit@1:0.006517	 hit@5:0.0253	 hit@10: 0.0420
target: 	 mrr: 0.040563	 ndcg_5: 0.0314	 ndcg_10: 0.0437	 hit@1:0.011150	 hit@5:0.0523	 hit@10: 0.0899
epoch 11: train_loss = 1.107170, source_hit@10 = 0.0420, source_ndcg@10 = 0.0210, target_hit@10 = 0.0899, target_ndcg@10 = 0.0437

2024-08-01 14:28:51.543083: step 3648/24320 (epoch 12/80), loss = 1.094182 (36.461 sec/epoch), lr: 0.003800
Evaluating on dev set...
...........................
source: 	 mrr: 0.022562	 ndcg_5: 0.0135	 ndcg_10: 0.0186	 hit@1:0.005069	 hit@5:0.0224	 hit@10: 0.0384
target: 	 mrr: 0.039226	 ndcg_5: 0.0287	 ndcg_10: 0.0433	 hit@1:0.007666	 hit@5:0.0502	 hit@10: 0.0955
epoch 12: train_loss = 1.094182, source_hit@10 = 0.0384, source_ndcg@10 = 0.0186, target_hit@10 = 0.0955, target_ndcg@10 = 0.0433

2024-08-01 14:29:28.621995: step 3952/24320 (epoch 13/80), loss = 1.088143 (36.787 sec/epoch), lr: 0.003610
Evaluating on dev set...
...........................
source: 	 mrr: 0.036569	 ndcg_5: 0.0255	 ndcg_10: 0.0367	 hit@1:0.007965	 hit@5:0.0434	 hit@10: 0.0782
target: 	 mrr: 0.043076	 ndcg_5: 0.0345	 ndcg_10: 0.0493	 hit@1:0.011847	 hit@5:0.0592	 hit@10: 0.1052
epoch 13: train_loss = 1.088143, source_hit@10 = 0.0782, source_ndcg@10 = 0.0367, target_hit@10 = 0.1052, target_ndcg@10 = 0.0493

2024-08-01 14:30:05.690747: step 4256/24320 (epoch 14/80), loss = 1.086226 (36.783 sec/epoch), lr: 0.003610
Evaluating on dev set...
...........................
source: 	 mrr: 0.036235	 ndcg_5: 0.0264	 ndcg_10: 0.0355	 hit@1:0.007965	 hit@5:0.0434	 hit@10: 0.0717
target: 	 mrr: 0.039242	 ndcg_5: 0.0285	 ndcg_10: 0.0387	 hit@1:0.015331	 hit@5:0.0404	 hit@10: 0.0732
epoch 14: train_loss = 1.086226, source_hit@10 = 0.0717, source_ndcg@10 = 0.0355, target_hit@10 = 0.0732, target_ndcg@10 = 0.0387

2024-08-01 14:30:43.627662: step 4560/24320 (epoch 15/80), loss = 1.077265 (37.646 sec/epoch), lr: 0.003429
Evaluating on dev set...
...........................
source: 	 mrr: 0.038438	 ndcg_5: 0.0267	 ndcg_10: 0.0395	 hit@1:0.010138	 hit@5:0.0434	 hit@10: 0.0840
target: 	 mrr: 0.048571	 ndcg_5: 0.0392	 ndcg_10: 0.0498	 hit@1:0.022997	 hit@5:0.0544	 hit@10: 0.0878
source best!
.............
source: 	 mrr: 0.040986	 ndcg_5: 0.0313	 ndcg_10: 0.0412	 hit@1:0.012270	 hit@5:0.0514	 hit@10: 0.0821
epoch 15: train_loss = 1.077265, source_hit@10 = 0.0821, source_ndcg@10 = 0.0412, target_hit@10 = 0.0878, target_ndcg@10 = 0.0498
new best model saved.

2024-08-01 14:31:20.438287: step 4864/24320 (epoch 16/80), loss = 1.073941 (36.286 sec/epoch), lr: 0.003429
Evaluating on dev set...
...........................
source: 	 mrr: 0.037774	 ndcg_5: 0.0262	 ndcg_10: 0.0396	 hit@1:0.007965	 hit@5:0.0456	 hit@10: 0.0876
target: 	 mrr: 0.052931	 ndcg_5: 0.0440	 ndcg_10: 0.0577	 hit@1:0.019512	 hit@5:0.0662	 hit@10: 0.1094
target best!
..............target: 	 mrr: 0.054260	 ndcg_5: 0.0460	 ndcg_10: 0.0615	 hit@1:0.019890	 hit@5:0.0720	 hit@10: 0.1207
epoch 16: train_loss = 1.073941, source_hit@10 = 0.0876, source_ndcg@10 = 0.0396, target_hit@10 = 0.1207, target_ndcg@10 = 0.0615
new best model saved.

2024-08-01 14:31:57.514803: step 5168/24320 (epoch 17/80), loss = 1.074281 (36.556 sec/epoch), lr: 0.003429
Evaluating on dev set...
...........................
source: 	 mrr: 0.038678	 ndcg_5: 0.0276	 ndcg_10: 0.0382	 hit@1:0.008689	 hit@5:0.0471	 hit@10: 0.0804
target: 	 mrr: 0.050018	 ndcg_5: 0.0399	 ndcg_10: 0.0532	 hit@1:0.020209	 hit@5:0.0606	 hit@10: 0.1024
source best!
.............
source: 	 mrr: 0.039145	 ndcg_5: 0.0276	 ndcg_10: 0.0383	 hit@1:0.012270	 hit@5:0.0437	 hit@10: 0.0775
epoch 17: train_loss = 1.074281, source_hit@10 = 0.0775, source_ndcg@10 = 0.0383, target_hit@10 = 0.1024, target_ndcg@10 = 0.0532

2024-08-01 14:32:34.881068: step 5472/24320 (epoch 18/80), loss = 1.067255 (36.958 sec/epoch), lr: 0.003258
Evaluating on dev set...
...........................
source: 	 mrr: 0.031910	 ndcg_5: 0.0201	 ndcg_10: 0.0273	 hit@1:0.009413	 hit@5:0.0311	 hit@10: 0.0536
target: 	 mrr: 0.052716	 ndcg_5: 0.0448	 ndcg_10: 0.0594	 hit@1:0.017422	 hit@5:0.0725	 hit@10: 0.1178
epoch 18: train_loss = 1.067255, source_hit@10 = 0.0536, source_ndcg@10 = 0.0273, target_hit@10 = 0.1178, target_ndcg@10 = 0.0594

2024-08-01 14:33:12.216119: step 5776/24320 (epoch 19/80), loss = 1.065623 (37.042 sec/epoch), lr: 0.003095
Evaluating on dev set...
...........................
source: 	 mrr: 0.036687	 ndcg_5: 0.0263	 ndcg_10: 0.0358	 hit@1:0.010862	 hit@5:0.0413	 hit@10: 0.0702
target: 	 mrr: 0.046428	 ndcg_5: 0.0386	 ndcg_10: 0.0493	 hit@1:0.017422	 hit@5:0.0613	 hit@10: 0.0948
epoch 19: train_loss = 1.065623, source_hit@10 = 0.0702, source_ndcg@10 = 0.0358, target_hit@10 = 0.0948, target_ndcg@10 = 0.0493

2024-08-01 14:33:49.011867: step 6080/24320 (epoch 20/80), loss = 1.060865 (36.485 sec/epoch), lr: 0.002940
Evaluating on dev set...
...........................
source: 	 mrr: 0.034854	 ndcg_5: 0.0246	 ndcg_10: 0.0331	 hit@1:0.011586	 hit@5:0.0369	 hit@10: 0.0630
target: 	 mrr: 0.045322	 ndcg_5: 0.0384	 ndcg_10: 0.0483	 hit@1:0.015331	 hit@5:0.0606	 hit@10: 0.0920
epoch 20: train_loss = 1.060865, source_hit@10 = 0.0630, source_ndcg@10 = 0.0331, target_hit@10 = 0.0920, target_ndcg@10 = 0.0483

2024-08-01 14:34:26.327764: step 6384/24320 (epoch 21/80), loss = 1.060197 (36.996 sec/epoch), lr: 0.002793
Evaluating on dev set...
...........................
source: 	 mrr: 0.028172	 ndcg_5: 0.0183	 ndcg_10: 0.0267	 hit@1:0.008689	 hit@5:0.0282	 hit@10: 0.0543
target: 	 mrr: 0.047217	 ndcg_5: 0.0376	 ndcg_10: 0.0535	 hit@1:0.013240	 hit@5:0.0620	 hit@10: 0.1108
epoch 21: train_loss = 1.060197, source_hit@10 = 0.0543, source_ndcg@10 = 0.0267, target_hit@10 = 0.1108, target_ndcg@10 = 0.0535

2024-08-01 14:35:03.203041: step 6688/24320 (epoch 22/80), loss = 1.055765 (36.578 sec/epoch), lr: 0.002654
Evaluating on dev set...
...........................
source: 	 mrr: 0.031843	 ndcg_5: 0.0207	 ndcg_10: 0.0322	 hit@1:0.007241	 hit@5:0.0340	 hit@10: 0.0702
target: 	 mrr: 0.053315	 ndcg_5: 0.0444	 ndcg_10: 0.0580	 hit@1:0.020209	 hit@5:0.0683	 hit@10: 0.1108
target best!
..............target: 	 mrr: 0.046598	 ndcg_5: 0.0378	 ndcg_10: 0.0528	 hit@1:0.009602	 hit@5:0.0658	 hit@10: 0.1132
epoch 22: train_loss = 1.055765, source_hit@10 = 0.0702, source_ndcg@10 = 0.0322, target_hit@10 = 0.1132, target_ndcg@10 = 0.0528

2024-08-01 14:35:40.291270: step 6992/24320 (epoch 23/80), loss = 1.053186 (36.669 sec/epoch), lr: 0.002654
Evaluating on dev set...
...........................
source: 	 mrr: 0.026197	 ndcg_5: 0.0147	 ndcg_10: 0.0225	 hit@1:0.005793	 hit@5:0.0224	 hit@10: 0.0471
target: 	 mrr: 0.052760	 ndcg_5: 0.0439	 ndcg_10: 0.0595	 hit@1:0.016725	 hit@5:0.0711	 hit@10: 0.1199
epoch 23: train_loss = 1.053186, source_hit@10 = 0.0471, source_ndcg@10 = 0.0225, target_hit@10 = 0.1199, target_ndcg@10 = 0.0595

2024-08-01 14:36:17.171478: step 7296/24320 (epoch 24/80), loss = 1.050774 (36.579 sec/epoch), lr: 0.002521
Evaluating on dev set...
...........................
source: 	 mrr: 0.041973	 ndcg_5: 0.0290	 ndcg_10: 0.0427	 hit@1:0.013034	 hit@5:0.0449	 hit@10: 0.0876
target: 	 mrr: 0.055665	 ndcg_5: 0.0473	 ndcg_10: 0.0615	 hit@1:0.020906	 hit@5:0.0746	 hit@10: 0.1192
source best!
.............
source: 	 mrr: 0.042522	 ndcg_5: 0.0317	 ndcg_10: 0.0434	 hit@1:0.013037	 hit@5:0.0521	 hit@10: 0.0890
target best!
..............target: 	 mrr: 0.056230	 ndcg_5: 0.0461	 ndcg_10: 0.0648	 hit@1:0.019204	 hit@5:0.0734	 hit@10: 0.1317
epoch 24: train_loss = 1.050774, source_hit@10 = 0.0890, source_ndcg@10 = 0.0434, target_hit@10 = 0.1317, target_ndcg@10 = 0.0648
new best model saved.

2024-08-01 14:36:54.036420: step 7600/24320 (epoch 25/80), loss = 1.049585 (36.231 sec/epoch), lr: 0.002521
Evaluating on dev set...
...........................
source: 	 mrr: 0.037941	 ndcg_5: 0.0274	 ndcg_10: 0.0394	 hit@1:0.009413	 hit@5:0.0478	 hit@10: 0.0847
target: 	 mrr: 0.053404	 ndcg_5: 0.0458	 ndcg_10: 0.0591	 hit@1:0.016725	 hit@5:0.0739	 hit@10: 0.1150
epoch 25: train_loss = 1.049585, source_hit@10 = 0.0847, source_ndcg@10 = 0.0394, target_hit@10 = 0.1150, target_ndcg@10 = 0.0591

2024-08-01 14:37:30.956168: step 7904/24320 (epoch 26/80), loss = 1.044976 (36.629 sec/epoch), lr: 0.002395
Evaluating on dev set...
...........................
source: 	 mrr: 0.007796	 ndcg_5: 0.0029	 ndcg_10: 0.0043	 hit@1:0.000724	 hit@5:0.0051	 hit@10: 0.0094
target: 	 mrr: 0.053801	 ndcg_5: 0.0471	 ndcg_10: 0.0628	 hit@1:0.012544	 hit@5:0.0794	 hit@10: 0.1282
epoch 26: train_loss = 1.044976, source_hit@10 = 0.0094, source_ndcg@10 = 0.0043, target_hit@10 = 0.1282, target_ndcg@10 = 0.0628

2024-08-01 14:38:07.849748: step 8208/24320 (epoch 27/80), loss = 1.042148 (36.602 sec/epoch), lr: 0.002275
Evaluating on dev set...
...........................
source: 	 mrr: 0.029974	 ndcg_5: 0.0205	 ndcg_10: 0.0275	 hit@1:0.010862	 hit@5:0.0304	 hit@10: 0.0521
target: 	 mrr: 0.049545	 ndcg_5: 0.0431	 ndcg_10: 0.0542	 hit@1:0.011150	 hit@5:0.0725	 hit@10: 0.1073
epoch 27: train_loss = 1.042148, source_hit@10 = 0.0521, source_ndcg@10 = 0.0275, target_hit@10 = 0.1073, target_ndcg@10 = 0.0542

2024-08-01 14:38:44.970865: step 8512/24320 (epoch 28/80), loss = 1.043353 (36.836 sec/epoch), lr: 0.002275
Evaluating on dev set...
...........................
source: 	 mrr: 0.035444	 ndcg_5: 0.0240	 ndcg_10: 0.0366	 hit@1:0.007965	 hit@5:0.0413	 hit@10: 0.0804
target: 	 mrr: 0.052523	 ndcg_5: 0.0439	 ndcg_10: 0.0585	 hit@1:0.018815	 hit@5:0.0697	 hit@10: 0.1150
epoch 28: train_loss = 1.043353, source_hit@10 = 0.0804, source_ndcg@10 = 0.0366, target_hit@10 = 0.1150, target_ndcg@10 = 0.0585

2024-08-01 14:39:21.548705: step 8816/24320 (epoch 29/80), loss = 1.041666 (36.291 sec/epoch), lr: 0.002275
Evaluating on dev set...
...........................
source: 	 mrr: 0.039210	 ndcg_5: 0.0263	 ndcg_10: 0.0409	 hit@1:0.010138	 hit@5:0.0434	 hit@10: 0.0883
target: 	 mrr: 0.053142	 ndcg_5: 0.0452	 ndcg_10: 0.0597	 hit@1:0.017422	 hit@5:0.0725	 hit@10: 0.1185
epoch 29: train_loss = 1.041666, source_hit@10 = 0.0883, source_ndcg@10 = 0.0409, target_hit@10 = 0.1185, target_ndcg@10 = 0.0597

2024-08-01 14:39:58.612317: step 9120/24320 (epoch 30/80), loss = 1.040121 (36.777 sec/epoch), lr: 0.002275
Evaluating on dev set...
...........................
source: 	 mrr: 0.035127	 ndcg_5: 0.0235	 ndcg_10: 0.0341	 hit@1:0.008689	 hit@5:0.0398	 hit@10: 0.0731
target: 	 mrr: 0.052847	 ndcg_5: 0.0468	 ndcg_10: 0.0592	 hit@1:0.018118	 hit@5:0.0767	 hit@10: 0.1150
epoch 30: train_loss = 1.040121, source_hit@10 = 0.0731, source_ndcg@10 = 0.0341, target_hit@10 = 0.1150, target_ndcg@10 = 0.0592

2024-08-01 14:40:35.636222: step 9424/24320 (epoch 31/80), loss = 1.035235 (36.737 sec/epoch), lr: 0.002161
Evaluating on dev set...
...........................
source: 	 mrr: 0.038182	 ndcg_5: 0.0275	 ndcg_10: 0.0385	 hit@1:0.010862	 hit@5:0.0463	 hit@10: 0.0804
target: 	 mrr: 0.048598	 ndcg_5: 0.0411	 ndcg_10: 0.0527	 hit@1:0.019512	 hit@5:0.0641	 hit@10: 0.0997
epoch 31: train_loss = 1.035235, source_hit@10 = 0.0804, source_ndcg@10 = 0.0385, target_hit@10 = 0.0997, target_ndcg@10 = 0.0527

2024-08-01 14:41:12.680352: step 9728/24320 (epoch 32/80), loss = 1.033699 (36.754 sec/epoch), lr: 0.002053
Evaluating on dev set...
...........................
source: 	 mrr: 0.027078	 ndcg_5: 0.0170	 ndcg_10: 0.0264	 hit@1:0.005069	 hit@5:0.0297	 hit@10: 0.0594
target: 	 mrr: 0.051852	 ndcg_5: 0.0436	 ndcg_10: 0.0585	 hit@1:0.014634	 hit@5:0.0725	 hit@10: 0.1192
epoch 32: train_loss = 1.033699, source_hit@10 = 0.0594, source_ndcg@10 = 0.0264, target_hit@10 = 0.1192, target_ndcg@10 = 0.0585

2024-08-01 14:41:49.829029: step 10032/24320 (epoch 33/80), loss = 1.030642 (36.859 sec/epoch), lr: 0.001951
Evaluating on dev set...
...........................
source: 	 mrr: 0.043928	 ndcg_5: 0.0333	 ndcg_10: 0.0432	 hit@1:0.012310	 hit@5:0.0543	 hit@10: 0.0847
target: 	 mrr: 0.054762	 ndcg_5: 0.0477	 ndcg_10: 0.0617	 hit@1:0.016725	 hit@5:0.0787	 hit@10: 0.1220
source best!
.............
source: 	 mrr: 0.042704	 ndcg_5: 0.0298	 ndcg_10: 0.0433	 hit@1:0.013804	 hit@5:0.0460	 hit@10: 0.0882
epoch 33: train_loss = 1.030642, source_hit@10 = 0.0882, source_ndcg@10 = 0.0433, target_hit@10 = 0.1220, target_ndcg@10 = 0.0617
new best model saved.

2024-08-01 14:42:26.750701: step 10336/24320 (epoch 34/80), loss = 1.033508 (36.428 sec/epoch), lr: 0.001951
Evaluating on dev set...
...........................
source: 	 mrr: 0.038779	 ndcg_5: 0.0280	 ndcg_10: 0.0395	 hit@1:0.010138	 hit@5:0.0471	 hit@10: 0.0825
target: 	 mrr: 0.055876	 ndcg_5: 0.0490	 ndcg_10: 0.0622	 hit@1:0.021603	 hit@5:0.0774	 hit@10: 0.1192
target best!
..............target: 	 mrr: 0.058291	 ndcg_5: 0.0489	 ndcg_10: 0.0646	 hit@1:0.024005	 hit@5:0.0748	 hit@10: 0.1235
epoch 34: train_loss = 1.033508, source_hit@10 = 0.0825, source_ndcg@10 = 0.0395, target_hit@10 = 0.1235, target_ndcg@10 = 0.0646

2024-08-01 14:43:03.894708: step 10640/24320 (epoch 35/80), loss = 1.026723 (36.730 sec/epoch), lr: 0.001853
Evaluating on dev set...
...........................
source: 	 mrr: 0.039774	 ndcg_5: 0.0288	 ndcg_10: 0.0412	 hit@1:0.009413	 hit@5:0.0492	 hit@10: 0.0876
target: 	 mrr: 0.057322	 ndcg_5: 0.0482	 ndcg_10: 0.0639	 hit@1:0.021603	 hit@5:0.0746	 hit@10: 0.1233
target best!
..............target: 	 mrr: 0.062381	 ndcg_5: 0.0554	 ndcg_10: 0.0677	 hit@1:0.026749	 hit@5:0.0844	 hit@10: 0.1228
epoch 35: train_loss = 1.026723, source_hit@10 = 0.0876, source_ndcg@10 = 0.0412, target_hit@10 = 0.1228, target_ndcg@10 = 0.0677

2024-08-01 14:43:40.902924: step 10944/24320 (epoch 36/80), loss = 1.026184 (36.589 sec/epoch), lr: 0.001853
Evaluating on dev set...
...........................
source: 	 mrr: 0.034017	 ndcg_5: 0.0235	 ndcg_10: 0.0329	 hit@1:0.010138	 hit@5:0.0377	 hit@10: 0.0673
target: 	 mrr: 0.052906	 ndcg_5: 0.0436	 ndcg_10: 0.0580	 hit@1:0.019512	 hit@5:0.0669	 hit@10: 0.1122
epoch 36: train_loss = 1.026184, source_hit@10 = 0.0673, source_ndcg@10 = 0.0329, target_hit@10 = 0.1122, target_ndcg@10 = 0.0580

2024-08-01 14:44:18.005734: step 11248/24320 (epoch 37/80), loss = 1.025363 (36.814 sec/epoch), lr: 0.001761
Evaluating on dev set...
...........................
source: 	 mrr: 0.044881	 ndcg_5: 0.0333	 ndcg_10: 0.0450	 hit@1:0.017379	 hit@5:0.0500	 hit@10: 0.0862
target: 	 mrr: 0.049208	 ndcg_5: 0.0418	 ndcg_10: 0.0539	 hit@1:0.015331	 hit@5:0.0690	 hit@10: 0.1066
source best!
.............
source: 	 mrr: 0.038163	 ndcg_5: 0.0277	 ndcg_10: 0.0367	 hit@1:0.012270	 hit@5:0.0445	 hit@10: 0.0721
epoch 37: train_loss = 1.025363, source_hit@10 = 0.0721, source_ndcg@10 = 0.0367, target_hit@10 = 0.1066, target_ndcg@10 = 0.0539

2024-08-01 14:44:55.003652: step 11552/24320 (epoch 38/80), loss = 1.024012 (36.580 sec/epoch), lr: 0.001761
Evaluating on dev set...
...........................
source: 	 mrr: 0.043480	 ndcg_5: 0.0318	 ndcg_10: 0.0435	 hit@1:0.014482	 hit@5:0.0485	 hit@10: 0.0854
target: 	 mrr: 0.050251	 ndcg_5: 0.0433	 ndcg_10: 0.0562	 hit@1:0.016028	 hit@5:0.0697	 hit@10: 0.1101
epoch 38: train_loss = 1.024012, source_hit@10 = 0.0854, source_ndcg@10 = 0.0435, target_hit@10 = 0.1101, target_ndcg@10 = 0.0562

2024-08-01 14:45:32.313387: step 11856/24320 (epoch 39/80), loss = 1.020756 (37.014 sec/epoch), lr: 0.001672
Evaluating on dev set...
...........................
source: 	 mrr: 0.040498	 ndcg_5: 0.0285	 ndcg_10: 0.0405	 hit@1:0.012310	 hit@5:0.0456	 hit@10: 0.0833
target: 	 mrr: 0.052975	 ndcg_5: 0.0462	 ndcg_10: 0.0573	 hit@1:0.016028	 hit@5:0.0732	 hit@10: 0.1080
epoch 39: train_loss = 1.020756, source_hit@10 = 0.0833, source_ndcg@10 = 0.0405, target_hit@10 = 0.1080, target_ndcg@10 = 0.0573

2024-08-01 14:46:09.269710: step 12160/24320 (epoch 40/80), loss = 1.018712 (36.671 sec/epoch), lr: 0.001589
Evaluating on dev set...
...........................
source: 	 mrr: 0.040469	 ndcg_5: 0.0307	 ndcg_10: 0.0407	 hit@1:0.013758	 hit@5:0.0485	 hit@10: 0.0797
target: 	 mrr: 0.058323	 ndcg_5: 0.0506	 ndcg_10: 0.0648	 hit@1:0.022300	 hit@5:0.0787	 hit@10: 0.1233
target best!
..............target: 	 mrr: 0.064292	 ndcg_5: 0.0566	 ndcg_10: 0.0715	 hit@1:0.026063	 hit@5:0.0864	 hit@10: 0.1324
epoch 40: train_loss = 1.018712, source_hit@10 = 0.0797, source_ndcg@10 = 0.0407, target_hit@10 = 0.1324, target_ndcg@10 = 0.0715

2024-08-01 14:46:46.059201: step 12464/24320 (epoch 41/80), loss = 1.017960 (36.366 sec/epoch), lr: 0.001589
Evaluating on dev set...
...........................
source: 	 mrr: 0.039621	 ndcg_5: 0.0295	 ndcg_10: 0.0393	 hit@1:0.010138	 hit@5:0.0492	 hit@10: 0.0797
target: 	 mrr: 0.054816	 ndcg_5: 0.0480	 ndcg_10: 0.0600	 hit@1:0.020209	 hit@5:0.0760	 hit@10: 0.1136
epoch 41: train_loss = 1.017960, source_hit@10 = 0.0797, source_ndcg@10 = 0.0393, target_hit@10 = 0.1136, target_ndcg@10 = 0.0600

2024-08-01 14:47:22.943946: step 12768/24320 (epoch 42/80), loss = 1.015851 (36.591 sec/epoch), lr: 0.001509
Evaluating on dev set...
...........................
source: 	 mrr: 0.030139	 ndcg_5: 0.0193	 ndcg_10: 0.0274	 hit@1:0.005793	 hit@5:0.0326	 hit@10: 0.0579
target: 	 mrr: 0.048776	 ndcg_5: 0.0418	 ndcg_10: 0.0527	 hit@1:0.018815	 hit@5:0.0648	 hit@10: 0.0990
epoch 42: train_loss = 1.015851, source_hit@10 = 0.0579, source_ndcg@10 = 0.0274, target_hit@10 = 0.0990, target_ndcg@10 = 0.0527

2024-08-01 14:47:59.761185: step 13072/24320 (epoch 43/80), loss = 1.011537 (36.531 sec/epoch), lr: 0.001434
Evaluating on dev set...
...........................
source: 	 mrr: 0.041934	 ndcg_5: 0.0305	 ndcg_10: 0.0402	 hit@1:0.014482	 hit@5:0.0463	 hit@10: 0.0775
target: 	 mrr: 0.055375	 ndcg_5: 0.0457	 ndcg_10: 0.0618	 hit@1:0.023693	 hit@5:0.0669	 hit@10: 0.1171
epoch 43: train_loss = 1.011537, source_hit@10 = 0.0775, source_ndcg@10 = 0.0402, target_hit@10 = 0.1171, target_ndcg@10 = 0.0618

2024-08-01 14:48:36.491344: step 13376/24320 (epoch 44/80), loss = 1.009631 (36.441 sec/epoch), lr: 0.001434
Evaluating on dev set...
...........................
source: 	 mrr: 0.032655	 ndcg_5: 0.0226	 ndcg_10: 0.0293	 hit@1:0.007965	 hit@5:0.0369	 hit@10: 0.0572
target: 	 mrr: 0.048156	 ndcg_5: 0.0412	 ndcg_10: 0.0535	 hit@1:0.013937	 hit@5:0.0690	 hit@10: 0.1066
epoch 44: train_loss = 1.009631, source_hit@10 = 0.0572, source_ndcg@10 = 0.0293, target_hit@10 = 0.1066, target_ndcg@10 = 0.0535

2024-08-01 14:49:13.412124: step 13680/24320 (epoch 45/80), loss = 1.008246 (36.627 sec/epoch), lr: 0.001362
Evaluating on dev set...
...........................
source: 	 mrr: 0.039794	 ndcg_5: 0.0282	 ndcg_10: 0.0384	 hit@1:0.010862	 hit@5:0.0456	 hit@10: 0.0775
target: 	 mrr: 0.055938	 ndcg_5: 0.0469	 ndcg_10: 0.0609	 hit@1:0.023693	 hit@5:0.0697	 hit@10: 0.1129
epoch 45: train_loss = 1.008246, source_hit@10 = 0.0775, source_ndcg@10 = 0.0384, target_hit@10 = 0.1129, target_ndcg@10 = 0.0609

2024-08-01 14:49:50.118272: step 13984/24320 (epoch 46/80), loss = 1.006829 (36.416 sec/epoch), lr: 0.001362
Evaluating on dev set...
...........................
source: 	 mrr: 0.035966	 ndcg_5: 0.0233	 ndcg_10: 0.0348	 hit@1:0.006517	 hit@5:0.0391	 hit@10: 0.0746
target: 	 mrr: 0.056215	 ndcg_5: 0.0500	 ndcg_10: 0.0627	 hit@1:0.022997	 hit@5:0.0787	 hit@10: 0.1185
epoch 46: train_loss = 1.006829, source_hit@10 = 0.0746, source_ndcg@10 = 0.0348, target_hit@10 = 0.1185, target_ndcg@10 = 0.0627

2024-08-01 14:50:26.952911: step 14288/24320 (epoch 47/80), loss = 1.004474 (36.546 sec/epoch), lr: 0.001294
Evaluating on dev set...
...........................
source: 	 mrr: 0.040134	 ndcg_5: 0.0267	 ndcg_10: 0.0417	 hit@1:0.007241	 hit@5:0.0471	 hit@10: 0.0934
target: 	 mrr: 0.044395	 ndcg_5: 0.0357	 ndcg_10: 0.0502	 hit@1:0.011150	 hit@5:0.0606	 hit@10: 0.1059
epoch 47: train_loss = 1.004474, source_hit@10 = 0.0934, source_ndcg@10 = 0.0417, target_hit@10 = 0.1059, target_ndcg@10 = 0.0502

2024-08-01 14:51:03.609703: step 14592/24320 (epoch 48/80), loss = 1.002973 (36.356 sec/epoch), lr: 0.001229
Evaluating on dev set...
...........................
source: 	 mrr: 0.038957	 ndcg_5: 0.0251	 ndcg_10: 0.0395	 hit@1:0.010862	 hit@5:0.0398	 hit@10: 0.0847
target: 	 mrr: 0.046105	 ndcg_5: 0.0411	 ndcg_10: 0.0524	 hit@1:0.013240	 hit@5:0.0711	 hit@10: 0.1066
epoch 48: train_loss = 1.002973, source_hit@10 = 0.0847, source_ndcg@10 = 0.0395, target_hit@10 = 0.1066, target_ndcg@10 = 0.0524

2024-08-01 14:51:40.639536: step 14896/24320 (epoch 49/80), loss = 1.000252 (36.743 sec/epoch), lr: 0.001229
Evaluating on dev set...
...........................
source: 	 mrr: 0.038654	 ndcg_5: 0.0274	 ndcg_10: 0.0356	 hit@1:0.010138	 hit@5:0.0456	 hit@10: 0.0710
target: 	 mrr: 0.054468	 ndcg_5: 0.0465	 ndcg_10: 0.0600	 hit@1:0.020209	 hit@5:0.0732	 hit@10: 0.1150
epoch 49: train_loss = 1.000252, source_hit@10 = 0.0710, source_ndcg@10 = 0.0356, target_hit@10 = 0.1150, target_ndcg@10 = 0.0600

2024-08-01 14:52:17.356381: step 15200/24320 (epoch 50/80), loss = 1.000235 (36.427 sec/epoch), lr: 0.001229
Evaluating on dev set...
...........................
source: 	 mrr: 0.031854	 ndcg_5: 0.0179	 ndcg_10: 0.0315	 hit@1:0.003621	 hit@5:0.0319	 hit@10: 0.0746
target: 	 mrr: 0.051194	 ndcg_5: 0.0435	 ndcg_10: 0.0574	 hit@1:0.018118	 hit@5:0.0697	 hit@10: 0.1129
epoch 50: train_loss = 1.000235, source_hit@10 = 0.0746, source_ndcg@10 = 0.0315, target_hit@10 = 0.1129, target_ndcg@10 = 0.0574
shift to transfer learning mode

2024-08-01 14:52:54.734109: step 15504/24320 (epoch 51/80), loss = 0.996616 (37.083 sec/epoch), lr: 0.001168
Evaluating on dev set...
...........................
source: 	 mrr: 0.035650	 ndcg_5: 0.0242	 ndcg_10: 0.0349	 hit@1:0.008689	 hit@5:0.0391	 hit@10: 0.0724
target: 	 mrr: 0.048485	 ndcg_5: 0.0410	 ndcg_10: 0.0524	 hit@1:0.017422	 hit@5:0.0648	 hit@10: 0.1010
epoch 51: train_loss = 0.996616, source_hit@10 = 0.0724, source_ndcg@10 = 0.0349, target_hit@10 = 0.1010, target_ndcg@10 = 0.0524

2024-08-01 14:53:32.199396: step 15808/24320 (epoch 52/80), loss = 0.993785 (37.177 sec/epoch), lr: 0.001168
Evaluating on dev set...
...........................
source: 	 mrr: 0.017579	 ndcg_5: 0.0116	 ndcg_10: 0.0184	 hit@1:0.002896	 hit@5:0.0203	 hit@10: 0.0420
target: 	 mrr: 0.051985	 ndcg_5: 0.0433	 ndcg_10: 0.0560	 hit@1:0.022300	 hit@5:0.0641	 hit@10: 0.1031
epoch 52: train_loss = 0.993785, source_hit@10 = 0.0420, source_ndcg@10 = 0.0184, target_hit@10 = 0.1031, target_ndcg@10 = 0.0560

2024-08-01 14:54:09.844698: step 16112/24320 (epoch 53/80), loss = 0.990685 (37.353 sec/epoch), lr: 0.001110
Evaluating on dev set...
...........................
source: 	 mrr: 0.035290	 ndcg_5: 0.0240	 ndcg_10: 0.0352	 hit@1:0.005793	 hit@5:0.0413	 hit@10: 0.0760
target: 	 mrr: 0.049928	 ndcg_5: 0.0409	 ndcg_10: 0.0551	 hit@1:0.017422	 hit@5:0.0634	 hit@10: 0.1066
epoch 53: train_loss = 0.990685, source_hit@10 = 0.0760, source_ndcg@10 = 0.0352, target_hit@10 = 0.1066, target_ndcg@10 = 0.0551

2024-08-01 14:54:47.844254: step 16416/24320 (epoch 54/80), loss = 0.991040 (37.660 sec/epoch), lr: 0.001110
Evaluating on dev set...
...........................
source: 	 mrr: 0.039128	 ndcg_5: 0.0257	 ndcg_10: 0.0375	 hit@1:0.011586	 hit@5:0.0406	 hit@10: 0.0775
target: 	 mrr: 0.052465	 ndcg_5: 0.0442	 ndcg_10: 0.0571	 hit@1:0.023693	 hit@5:0.0648	 hit@10: 0.1052
epoch 54: train_loss = 0.991040, source_hit@10 = 0.0775, source_ndcg@10 = 0.0375, target_hit@10 = 0.1052, target_ndcg@10 = 0.0571

2024-08-01 14:55:25.221962: step 16720/24320 (epoch 55/80), loss = 0.988071 (37.090 sec/epoch), lr: 0.001110
Evaluating on dev set...
...........................
source: 	 mrr: 0.041392	 ndcg_5: 0.0297	 ndcg_10: 0.0416	 hit@1:0.010862	 hit@5:0.0492	 hit@10: 0.0862
target: 	 mrr: 0.046696	 ndcg_5: 0.0382	 ndcg_10: 0.0508	 hit@1:0.016028	 hit@5:0.0585	 hit@10: 0.0976
epoch 55: train_loss = 0.988071, source_hit@10 = 0.0862, source_ndcg@10 = 0.0416, target_hit@10 = 0.0976, target_ndcg@10 = 0.0508

2024-08-01 14:56:02.926905: step 17024/24320 (epoch 56/80), loss = 0.987998 (37.419 sec/epoch), lr: 0.001054
Evaluating on dev set...
...........................
source: 	 mrr: 0.034565	 ndcg_5: 0.0229	 ndcg_10: 0.0330	 hit@1:0.007965	 hit@5:0.0398	 hit@10: 0.0710
target: 	 mrr: 0.051140	 ndcg_5: 0.0436	 ndcg_10: 0.0552	 hit@1:0.020906	 hit@5:0.0655	 hit@10: 0.1017
epoch 56: train_loss = 0.987998, source_hit@10 = 0.0710, source_ndcg@10 = 0.0330, target_hit@10 = 0.1017, target_ndcg@10 = 0.0552

2024-08-01 14:56:40.586640: step 17328/24320 (epoch 57/80), loss = 0.983551 (37.370 sec/epoch), lr: 0.001001
Evaluating on dev set...
...........................
source: 	 mrr: 0.041971	 ndcg_5: 0.0308	 ndcg_10: 0.0433	 hit@1:0.008689	 hit@5:0.0529	 hit@10: 0.0927
target: 	 mrr: 0.053809	 ndcg_5: 0.0443	 ndcg_10: 0.0571	 hit@1:0.022300	 hit@5:0.0662	 hit@10: 0.1059
epoch 57: train_loss = 0.983551, source_hit@10 = 0.0927, source_ndcg@10 = 0.0433, target_hit@10 = 0.1059, target_ndcg@10 = 0.0571

2024-08-01 14:57:17.946889: step 17632/24320 (epoch 58/80), loss = 0.982550 (37.067 sec/epoch), lr: 0.001001
Evaluating on dev set...
...........................
source: 	 mrr: 0.039303	 ndcg_5: 0.0280	 ndcg_10: 0.0395	 hit@1:0.009413	 hit@5:0.0463	 hit@10: 0.0825
target: 	 mrr: 0.052329	 ndcg_5: 0.0447	 ndcg_10: 0.0583	 hit@1:0.018815	 hit@5:0.0690	 hit@10: 0.1108
epoch 58: train_loss = 0.982550, source_hit@10 = 0.0825, source_ndcg@10 = 0.0395, target_hit@10 = 0.1108, target_ndcg@10 = 0.0583

2024-08-01 14:57:56.819499: step 17936/24320 (epoch 59/80), loss = 0.977584 (38.581 sec/epoch), lr: 0.000951
Evaluating on dev set...
...........................
source: 	 mrr: 0.039317	 ndcg_5: 0.0284	 ndcg_10: 0.0399	 hit@1:0.010138	 hit@5:0.0471	 hit@10: 0.0833
target: 	 mrr: 0.054980	 ndcg_5: 0.0491	 ndcg_10: 0.0620	 hit@1:0.018815	 hit@5:0.0787	 hit@10: 0.1192
epoch 59: train_loss = 0.977584, source_hit@10 = 0.0833, source_ndcg@10 = 0.0399, target_hit@10 = 0.1192, target_ndcg@10 = 0.0620

2024-08-01 14:58:34.552233: step 18240/24320 (epoch 60/80), loss = 0.975974 (37.431 sec/epoch), lr: 0.000951
Evaluating on dev set...
...........................
source: 	 mrr: 0.036045	 ndcg_5: 0.0243	 ndcg_10: 0.0369	 hit@1:0.011586	 hit@5:0.0391	 hit@10: 0.0782
target: 	 mrr: 0.050402	 ndcg_5: 0.0446	 ndcg_10: 0.0557	 hit@1:0.015331	 hit@5:0.0739	 hit@10: 0.1080
epoch 60: train_loss = 0.975974, source_hit@10 = 0.0782, source_ndcg@10 = 0.0369, target_hit@10 = 0.1080, target_ndcg@10 = 0.0557

2024-08-01 14:59:12.425374: step 18544/24320 (epoch 61/80), loss = 0.974383 (37.557 sec/epoch), lr: 0.000904
Evaluating on dev set...
...........................
source: 	 mrr: 0.045654	 ndcg_5: 0.0357	 ndcg_10: 0.0468	 hit@1:0.015930	 hit@5:0.0565	 hit@10: 0.0912
target: 	 mrr: 0.049068	 ndcg_5: 0.0405	 ndcg_10: 0.0545	 hit@1:0.018815	 hit@5:0.0627	 hit@10: 0.1059
source best!
.............
source: 	 mrr: 0.037170	 ndcg_5: 0.0255	 ndcg_10: 0.0359	 hit@1:0.008436	 hit@5:0.0422	 hit@10: 0.0744
epoch 61: train_loss = 0.974383, source_hit@10 = 0.0744, source_ndcg@10 = 0.0359, target_hit@10 = 0.1059, target_ndcg@10 = 0.0545

2024-08-01 14:59:50.235962: step 18848/24320 (epoch 62/80), loss = 0.971434 (37.415 sec/epoch), lr: 0.000904
Evaluating on dev set...
...........................
source: 	 mrr: 0.038291	 ndcg_5: 0.0264	 ndcg_10: 0.0384	 hit@1:0.012310	 hit@5:0.0427	 hit@10: 0.0804
target: 	 mrr: 0.056014	 ndcg_5: 0.0487	 ndcg_10: 0.0609	 hit@1:0.022300	 hit@5:0.0746	 hit@10: 0.1129
epoch 62: train_loss = 0.971434, source_hit@10 = 0.0804, source_ndcg@10 = 0.0384, target_hit@10 = 0.1129, target_ndcg@10 = 0.0609

2024-08-01 15:00:27.152291: step 19152/24320 (epoch 63/80), loss = 0.967818 (36.632 sec/epoch), lr: 0.000859
Evaluating on dev set...
...........................
source: 	 mrr: 0.034560	 ndcg_5: 0.0234	 ndcg_10: 0.0317	 hit@1:0.006517	 hit@5:0.0413	 hit@10: 0.0673
target: 	 mrr: 0.048966	 ndcg_5: 0.0414	 ndcg_10: 0.0532	 hit@1:0.014634	 hit@5:0.0648	 hit@10: 0.1017
epoch 63: train_loss = 0.967818, source_hit@10 = 0.0673, source_ndcg@10 = 0.0317, target_hit@10 = 0.1017, target_ndcg@10 = 0.0532

2024-08-01 15:01:05.487002: step 19456/24320 (epoch 64/80), loss = 0.968503 (38.013 sec/epoch), lr: 0.000816
Evaluating on dev set...
...........................
source: 	 mrr: 0.043471	 ndcg_5: 0.0336	 ndcg_10: 0.0470	 hit@1:0.010138	 hit@5:0.0594	 hit@10: 0.1007
target: 	 mrr: 0.046051	 ndcg_5: 0.0345	 ndcg_10: 0.0500	 hit@1:0.013240	 hit@5:0.0530	 hit@10: 0.1003
epoch 64: train_loss = 0.968503, source_hit@10 = 0.1007, source_ndcg@10 = 0.0470, target_hit@10 = 0.1003, target_ndcg@10 = 0.0500

2024-08-01 15:01:43.321444: step 19760/24320 (epoch 65/80), loss = 0.962197 (37.510 sec/epoch), lr: 0.000816
Evaluating on dev set...
...........................
source: 	 mrr: 0.044913	 ndcg_5: 0.0343	 ndcg_10: 0.0463	 hit@1:0.013034	 hit@5:0.0572	 hit@10: 0.0941
target: 	 mrr: 0.048326	 ndcg_5: 0.0399	 ndcg_10: 0.0558	 hit@1:0.016725	 hit@5:0.0634	 hit@10: 0.1136
epoch 65: train_loss = 0.962197, source_hit@10 = 0.0941, source_ndcg@10 = 0.0463, target_hit@10 = 0.1136, target_ndcg@10 = 0.0558

2024-08-01 15:02:21.117687: step 20064/24320 (epoch 66/80), loss = 0.961238 (37.508 sec/epoch), lr: 0.000816
Evaluating on dev set...
...........................
source: 	 mrr: 0.035150	 ndcg_5: 0.0243	 ndcg_10: 0.0332	 hit@1:0.010862	 hit@5:0.0377	 hit@10: 0.0652
target: 	 mrr: 0.051030	 ndcg_5: 0.0425	 ndcg_10: 0.0584	 hit@1:0.017422	 hit@5:0.0676	 hit@10: 0.1171
epoch 66: train_loss = 0.961238, source_hit@10 = 0.0652, source_ndcg@10 = 0.0332, target_hit@10 = 0.1171, target_ndcg@10 = 0.0584

2024-08-01 15:02:58.816797: step 20368/24320 (epoch 67/80), loss = 0.958058 (37.408 sec/epoch), lr: 0.000775
Evaluating on dev set...
...........................
source: 	 mrr: 0.038941	 ndcg_5: 0.0266	 ndcg_10: 0.0399	 hit@1:0.007965	 hit@5:0.0442	 hit@10: 0.0854
target: 	 mrr: 0.050569	 ndcg_5: 0.0443	 ndcg_10: 0.0557	 hit@1:0.016725	 hit@5:0.0732	 hit@10: 0.1087
epoch 67: train_loss = 0.958058, source_hit@10 = 0.0854, source_ndcg@10 = 0.0399, target_hit@10 = 0.1087, target_ndcg@10 = 0.0557

2024-08-01 15:03:36.200148: step 20672/24320 (epoch 68/80), loss = 0.958297 (37.085 sec/epoch), lr: 0.000775
Evaluating on dev set...
...........................
source: 	 mrr: 0.034089	 ndcg_5: 0.0238	 ndcg_10: 0.0349	 hit@1:0.008689	 hit@5:0.0391	 hit@10: 0.0739
target: 	 mrr: 0.047074	 ndcg_5: 0.0380	 ndcg_10: 0.0510	 hit@1:0.016725	 hit@5:0.0592	 hit@10: 0.0997
epoch 68: train_loss = 0.958297, source_hit@10 = 0.0739, source_ndcg@10 = 0.0349, target_hit@10 = 0.0997, target_ndcg@10 = 0.0510

2024-08-01 15:04:14.158434: step 20976/24320 (epoch 69/80), loss = 0.955143 (37.672 sec/epoch), lr: 0.000736
Evaluating on dev set...
...........................
source: 	 mrr: 0.037130	 ndcg_5: 0.0274	 ndcg_10: 0.0373	 hit@1:0.007965	 hit@5:0.0485	 hit@10: 0.0789
target: 	 mrr: 0.045837	 ndcg_5: 0.0392	 ndcg_10: 0.0514	 hit@1:0.010453	 hit@5:0.0669	 hit@10: 0.1052
epoch 69: train_loss = 0.955143, source_hit@10 = 0.0789, source_ndcg@10 = 0.0373, target_hit@10 = 0.1052, target_ndcg@10 = 0.0514

2024-08-01 15:04:51.803026: step 21280/24320 (epoch 70/80), loss = 0.953067 (37.350 sec/epoch), lr: 0.000736
Evaluating on dev set...
...........................
source: 	 mrr: 0.037450	 ndcg_5: 0.0287	 ndcg_10: 0.0373	 hit@1:0.011586	 hit@5:0.0463	 hit@10: 0.0731
target: 	 mrr: 0.053888	 ndcg_5: 0.0462	 ndcg_10: 0.0597	 hit@1:0.021603	 hit@5:0.0718	 hit@10: 0.1136
epoch 70: train_loss = 0.953067, source_hit@10 = 0.0731, source_ndcg@10 = 0.0373, target_hit@10 = 0.1136, target_ndcg@10 = 0.0597

2024-08-01 15:05:29.435361: step 21584/24320 (epoch 71/80), loss = 0.951624 (37.339 sec/epoch), lr: 0.000736
Evaluating on dev set...
...........................
source: 	 mrr: 0.041644	 ndcg_5: 0.0330	 ndcg_10: 0.0428	 hit@1:0.008689	 hit@5:0.0579	 hit@10: 0.0891
target: 	 mrr: 0.052250	 ndcg_5: 0.0415	 ndcg_10: 0.0577	 hit@1:0.020906	 hit@5:0.0620	 hit@10: 0.1122
epoch 71: train_loss = 0.951624, source_hit@10 = 0.0891, source_ndcg@10 = 0.0428, target_hit@10 = 0.1122, target_ndcg@10 = 0.0577

2024-08-01 15:06:07.303781: step 21888/24320 (epoch 72/80), loss = 0.950497 (37.585 sec/epoch), lr: 0.000736
Evaluating on dev set...
...........................
source: 	 mrr: 0.035483	 ndcg_5: 0.0233	 ndcg_10: 0.0332	 hit@1:0.010862	 hit@5:0.0369	 hit@10: 0.0681
target: 	 mrr: 0.049277	 ndcg_5: 0.0426	 ndcg_10: 0.0566	 hit@1:0.012544	 hit@5:0.0718	 hit@10: 0.1150
epoch 72: train_loss = 0.950497, source_hit@10 = 0.0681, source_ndcg@10 = 0.0332, target_hit@10 = 0.1150, target_ndcg@10 = 0.0566

2024-08-01 15:06:45.186051: step 22192/24320 (epoch 73/80), loss = 0.946660 (37.588 sec/epoch), lr: 0.000699
Evaluating on dev set...
...........................
source: 	 mrr: 0.038035	 ndcg_5: 0.0272	 ndcg_10: 0.0375	 hit@1:0.010862	 hit@5:0.0449	 hit@10: 0.0768
target: 	 mrr: 0.049158	 ndcg_5: 0.0414	 ndcg_10: 0.0548	 hit@1:0.016725	 hit@5:0.0662	 hit@10: 0.1080
epoch 73: train_loss = 0.946660, source_hit@10 = 0.0768, source_ndcg@10 = 0.0375, target_hit@10 = 0.1080, target_ndcg@10 = 0.0548

2024-08-01 15:07:23.344187: step 22496/24320 (epoch 74/80), loss = 0.946228 (37.839 sec/epoch), lr: 0.000699
Evaluating on dev set...
...........................
source: 	 mrr: 0.039475	 ndcg_5: 0.0284	 ndcg_10: 0.0404	 hit@1:0.010138	 hit@5:0.0492	 hit@10: 0.0862
target: 	 mrr: 0.051459	 ndcg_5: 0.0449	 ndcg_10: 0.0610	 hit@1:0.012544	 hit@5:0.0774	 hit@10: 0.1275
epoch 74: train_loss = 0.946228, source_hit@10 = 0.0862, source_ndcg@10 = 0.0404, target_hit@10 = 0.1275, target_ndcg@10 = 0.0610

2024-08-01 15:08:01.130811: step 22800/24320 (epoch 75/80), loss = 0.942310 (37.497 sec/epoch), lr: 0.000699
Evaluating on dev set...
...........................
source: 	 mrr: 0.039407	 ndcg_5: 0.0276	 ndcg_10: 0.0389	 hit@1:0.010138	 hit@5:0.0449	 hit@10: 0.0797
target: 	 mrr: 0.050776	 ndcg_5: 0.0408	 ndcg_10: 0.0567	 hit@1:0.016725	 hit@5:0.0641	 hit@10: 0.1129
epoch 75: train_loss = 0.942310, source_hit@10 = 0.0797, source_ndcg@10 = 0.0389, target_hit@10 = 0.1129, target_ndcg@10 = 0.0567

2024-08-01 15:08:39.114382: step 23104/24320 (epoch 76/80), loss = 0.941186 (37.682 sec/epoch), lr: 0.000664
Evaluating on dev set...
...........................
source: 	 mrr: 0.037025	 ndcg_5: 0.0263	 ndcg_10: 0.0359	 hit@1:0.010138	 hit@5:0.0420	 hit@10: 0.0717
target: 	 mrr: 0.052754	 ndcg_5: 0.0449	 ndcg_10: 0.0609	 hit@1:0.015331	 hit@5:0.0739	 hit@10: 0.1233
epoch 76: train_loss = 0.941186, source_hit@10 = 0.0717, source_ndcg@10 = 0.0359, target_hit@10 = 0.1233, target_ndcg@10 = 0.0609

2024-08-01 15:09:15.194284: step 23408/24320 (epoch 77/80), loss = 0.935728 (35.788 sec/epoch), lr: 0.000631
Evaluating on dev set...
...........................
source: 	 mrr: 0.038392	 ndcg_5: 0.0287	 ndcg_10: 0.0381	 hit@1:0.010862	 hit@5:0.0485	 hit@10: 0.0789
target: 	 mrr: 0.053158	 ndcg_5: 0.0455	 ndcg_10: 0.0595	 hit@1:0.020906	 hit@5:0.0711	 hit@10: 0.1143
epoch 77: train_loss = 0.935728, source_hit@10 = 0.0789, source_ndcg@10 = 0.0381, target_hit@10 = 0.1143, target_ndcg@10 = 0.0595

2024-08-01 15:09:49.949263: step 23712/24320 (epoch 78/80), loss = 0.937076 (34.464 sec/epoch), lr: 0.000631
Evaluating on dev set...
...........................
source: 	 mrr: 0.031841	 ndcg_5: 0.0220	 ndcg_10: 0.0317	 hit@1:0.007965	 hit@5:0.0362	 hit@10: 0.0659
target: 	 mrr: 0.053940	 ndcg_5: 0.0449	 ndcg_10: 0.0603	 hit@1:0.018815	 hit@5:0.0690	 hit@10: 0.1164
epoch 78: train_loss = 0.937076, source_hit@10 = 0.0659, source_ndcg@10 = 0.0317, target_hit@10 = 0.1164, target_ndcg@10 = 0.0603

2024-08-01 15:10:24.906744: step 24016/24320 (epoch 79/80), loss = 0.934131 (34.669 sec/epoch), lr: 0.000600
Evaluating on dev set...
...........................
source: 	 mrr: 0.032422	 ndcg_5: 0.0221	 ndcg_10: 0.0309	 hit@1:0.009413	 hit@5:0.0348	 hit@10: 0.0623
target: 	 mrr: 0.053950	 ndcg_5: 0.0474	 ndcg_10: 0.0605	 hit@1:0.018118	 hit@5:0.0767	 hit@10: 0.1178
epoch 79: train_loss = 0.934131, source_hit@10 = 0.0623, source_ndcg@10 = 0.0309, target_hit@10 = 0.1178, target_ndcg@10 = 0.0605

2024-08-01 15:10:59.272387: step 24320/24320 (epoch 80/80), loss = 0.932380 (34.076 sec/epoch), lr: 0.000600
Evaluating on dev set...
...........................
source: 	 mrr: 0.034960	 ndcg_5: 0.0229	 ndcg_10: 0.0365	 hit@1:0.005793	 hit@5:0.0398	 hit@10: 0.0825
target: 	 mrr: 0.054810	 ndcg_5: 0.0481	 ndcg_10: 0.0620	 hit@1:0.020906	 hit@5:0.0767	 hit@10: 0.1199
epoch 80: train_loss = 0.932380, source_hit@10 = 0.0825, source_ndcg@10 = 0.0365, target_hit@10 = 0.1199, target_ndcg@10 = 0.0620

