nohup: ignoring input
using gpu:1 to train the model
using gpu:1 to train the model
cuda:1
Namespace(A_split=False, JK='sum', a_fold=100, aggregate=False, alpha=0.5, batch_size=1024, beta_inter=0.4, conv_layers=4, cuda=True, decay_epoch=10, device=device(type='cuda', index=1), device_id='1', domains='cd_movie', dropout=0.4, epoch=80, feature_dim=126, hidden_dim=126, inter_tau=0.2, intra_tau=1, lambda_critic=0.4, leakey=0.05, load=False, log='logs.txt', log_epoch=1, lr=0.004, lr_decay=0.95, min_epoch=50, mode='train', model_file=None, model_name='cm', momentum=0.9, num_latent_factors=3, num_negative=100, optim='adam', patience=30, proj_layers=1, projection=1, residual=1, save=False, save_dir='./saved_models', seed=32, similarity_tau=0.1, test_sample_number=999, transfer_epoch=40, user_batch_size=256, weight_decay=0.0002)
number_user 50841
number_item 43858
/home/hourun/invariantCDR_v2/invariantCDR/utils/GraphMaker.py:46: RuntimeWarning: divide by zero encountered in power
  r_inv = np.power(rowsum, -1).flatten()
real graph loaded!
number_user 87875
number_item 38643
real graph loaded!
graph loaded!
Loading data from cd_movie with batch size 1024...
unseen test: 0
test length: 19837
unseen test: 0
test length: 19670
unseen test: 0
test length: 28589
unseen test: 0
test length: 28876
source_user_num 50841
target_user_num 87875
source_item_num 43858
target_item_num 38643
shared users id: 15081
test users 1893, 1885
unseen test: 0
dev length: 1000
unseen test: 0
dev length: 1000
source train data : 674233, target train data: 1127424, source test data : 19670, target test data : 28876, source dev data : 1000, target dev data : 1000
2024-08-02 19:36:39.698041: step 1760/140800 (epoch 1/80), loss = 1.248973 (617.032 sec/epoch), lr: 0.004000
Evaluating on dev set...
...................................................................................................................................................................................................................................................................................................................................................................................................................................................................................................
source: 	 mrr: 0.041541	 ndcg_5: 0.0327	 ndcg_10: 0.0443	 hit@1:0.013006	 hit@5:0.0524	 hit@10: 0.0884
target: 	 mrr: 0.051271	 ndcg_5: 0.0398	 ndcg_10: 0.0553	 hit@1:0.015670	 hit@5:0.0647	 hit@10: 0.1128
source best!
....................................................................................................................................................................................................
source: 	 mrr: 0.042737	 ndcg_5: 0.0344	 ndcg_10: 0.0460	 hit@1:0.013523	 hit@5:0.0552	 hit@10: 0.0914
target best!
................................................................................................................................................................................................................................................................................................target: 	 mrr: 0.052000	 ndcg_5: 0.0413	 ndcg_10: 0.0564	 hit@1:0.015999	 hit@5:0.0672	 hit@10: 0.1145
epoch 1: train_loss = 1.248973, source_hit@10 = 0.0914, source_ndcg@10 = 0.0460, target_hit@10 = 0.1145, target_ndcg@10 = 0.0564

2024-08-02 19:47:10.173205: step 3520/140800 (epoch 2/80), loss = 1.185831 (620.399 sec/epoch), lr: 0.004000
Evaluating on dev set...
...................................................................................................................................................................................................................................................................................................................................................................................................................................................................................................
source: 	 mrr: 0.042209	 ndcg_5: 0.0334	 ndcg_10: 0.0444	 hit@1:0.014216	 hit@5:0.0527	 hit@10: 0.0869
target: 	 mrr: 0.052276	 ndcg_5: 0.0417	 ndcg_10: 0.0562	 hit@1:0.016230	 hit@5:0.0672	 hit@10: 0.1125
source best!
....................................................................................................................................................................................................
source: 	 mrr: 0.041886	 ndcg_5: 0.0333	 ndcg_10: 0.0436	 hit@1:0.014337	 hit@5:0.0523	 hit@10: 0.0843
target best!
................................................................................................................................................................................................................................................................................................target: 	 mrr: 0.053371	 ndcg_5: 0.0427	 ndcg_10: 0.0581	 hit@1:0.016969	 hit@5:0.0686	 hit@10: 0.1165
epoch 2: train_loss = 1.185831, source_hit@10 = 0.0843, source_ndcg@10 = 0.0436, target_hit@10 = 0.1165, target_ndcg@10 = 0.0581
new best model saved.

2024-08-02 19:57:41.957787: step 5280/140800 (epoch 3/80), loss = 1.167402 (621.262 sec/epoch), lr: 0.004000
Evaluating on dev set...
...................................................................................................................................................................................................................................................................................................................................................................................................................................................................................................
source: 	 mrr: 0.043743	 ndcg_5: 0.0353	 ndcg_10: 0.0455	 hit@1:0.015678	 hit@5:0.0553	 hit@10: 0.0871
target: 	 mrr: 0.038665	 ndcg_5: 0.0291	 ndcg_10: 0.0397	 hit@1:0.011403	 hit@5:0.0469	 hit@10: 0.0802
source best!
....................................................................................................................................................................................................
source: 	 mrr: 0.042875	 ndcg_5: 0.0338	 ndcg_10: 0.0443	 hit@1:0.015099	 hit@5:0.0525	 hit@10: 0.0850
epoch 3: train_loss = 1.167402, source_hit@10 = 0.0850, source_ndcg@10 = 0.0443, target_hit@10 = 0.0802, target_ndcg@10 = 0.0397

2024-08-02 20:08:10.518940: step 7040/140800 (epoch 4/80), loss = 1.156369 (621.453 sec/epoch), lr: 0.004000
Evaluating on dev set...
...................................................................................................................................................................................................................................................................................................................................................................................................................................................................................................
source: 	 mrr: 0.007889	 ndcg_5: 0.0037	 ndcg_10: 0.0053	 hit@1:0.001412	 hit@5:0.0060	 hit@10: 0.0112
target: 	 mrr: 0.055278	 ndcg_5: 0.0445	 ndcg_10: 0.0597	 hit@1:0.017699	 hit@5:0.0720	 hit@10: 0.1195
target best!
................................................................................................................................................................................................................................................................................................target: 	 mrr: 0.054629	 ndcg_5: 0.0429	 ndcg_10: 0.0587	 hit@1:0.017939	 hit@5:0.0680	 hit@10: 0.1175
epoch 4: train_loss = 1.156369, source_hit@10 = 0.0112, source_ndcg@10 = 0.0053, target_hit@10 = 0.1175, target_ndcg@10 = 0.0587

2024-08-02 20:18:39.969276: step 8800/140800 (epoch 5/80), loss = 1.145041 (621.355 sec/epoch), lr: 0.004000
Evaluating on dev set...
...................................................................................................................................................................................................................................................................................................................................................................................................................................................................................................
source: 	 mrr: 0.045922	 ndcg_5: 0.0366	 ndcg_10: 0.0496	 hit@1:0.014367	 hit@5:0.0589	 hit@10: 0.0996
target: 	 mrr: 0.039929	 ndcg_5: 0.0288	 ndcg_10: 0.0404	 hit@1:0.011018	 hit@5:0.0475	 hit@10: 0.0838
source best!
....................................................................................................................................................................................................
source: 	 mrr: 0.047523	 ndcg_5: 0.0383	 ndcg_10: 0.0513	 hit@1:0.016116	 hit@5:0.0607	 hit@10: 0.1010
epoch 5: train_loss = 1.145041, source_hit@10 = 0.1010, source_ndcg@10 = 0.0513, target_hit@10 = 0.0838, target_ndcg@10 = 0.0404

2024-08-02 20:29:08.611917: step 10560/140800 (epoch 6/80), loss = 1.133119 (621.481 sec/epoch), lr: 0.004000
Evaluating on dev set...
...................................................................................................................................................................................................................................................................................................................................................................................................................................................................................................
source: 	 mrr: 0.028819	 ndcg_5: 0.0204	 ndcg_10: 0.0298	 hit@1:0.007915	 hit@5:0.0332	 hit@10: 0.0624
target: 	 mrr: 0.047082	 ndcg_5: 0.0354	 ndcg_10: 0.0491	 hit@1:0.012697	 hit@5:0.0587	 hit@10: 0.1018
epoch 6: train_loss = 1.133119, source_hit@10 = 0.0624, source_ndcg@10 = 0.0298, target_hit@10 = 0.1018, target_ndcg@10 = 0.0491

2024-08-02 20:39:40.158379: step 12320/140800 (epoch 7/80), loss = 1.118220 (626.391 sec/epoch), lr: 0.004000
Evaluating on dev set...
...................................................................................................................................................................................................................................................................................................................................................................................................................................................................................................
source: 	 mrr: 0.044807	 ndcg_5: 0.0354	 ndcg_10: 0.0475	 hit@1:0.015123	 hit@5:0.0561	 hit@10: 0.0938
target: 	 mrr: 0.047029	 ndcg_5: 0.0350	 ndcg_10: 0.0493	 hit@1:0.012907	 hit@5:0.0576	 hit@10: 0.1022
epoch 7: train_loss = 1.118220, source_hit@10 = 0.0938, source_ndcg@10 = 0.0475, target_hit@10 = 0.1022, target_ndcg@10 = 0.0493

2024-08-02 20:50:07.587022: step 14080/140800 (epoch 8/80), loss = 1.081024 (622.315 sec/epoch), lr: 0.004000
Evaluating on dev set...
...................................................................................................................................................................................................................................................................................................................................................................................................................................................................................................
source: 	 mrr: 0.043873	 ndcg_5: 0.0339	 ndcg_10: 0.0457	 hit@1:0.014670	 hit@5:0.0534	 hit@10: 0.0901
target: 	 mrr: 0.054655	 ndcg_5: 0.0434	 ndcg_10: 0.0586	 hit@1:0.017559	 hit@5:0.0692	 hit@10: 0.1166
epoch 8: train_loss = 1.081024, source_hit@10 = 0.0901, source_ndcg@10 = 0.0457, target_hit@10 = 0.1166, target_ndcg@10 = 0.0586

2024-08-02 21:00:35.256959: step 15840/140800 (epoch 9/80), loss = 1.070369 (622.390 sec/epoch), lr: 0.004000
Evaluating on dev set...
...................................................................................................................................................................................................................................................................................................................................................................................................................................................................................................
source: 	 mrr: 0.051277	 ndcg_5: 0.0425	 ndcg_10: 0.0553	 hit@1:0.018702	 hit@5:0.0659	 hit@10: 0.1060
target: 	 mrr: 0.022307	 ndcg_5: 0.0132	 ndcg_10: 0.0196	 hit@1:0.004023	 hit@5:0.0226	 hit@10: 0.0428
source best!
....................................................................................................................................................................................................
source: 	 mrr: 0.051913	 ndcg_5: 0.0431	 ndcg_10: 0.0561	 hit@1:0.019725	 hit@5:0.0671	 hit@10: 0.1074
epoch 9: train_loss = 1.070369, source_hit@10 = 0.1074, source_ndcg@10 = 0.0561, target_hit@10 = 0.0428, target_ndcg@10 = 0.0196

2024-08-02 21:11:04.188549: step 17600/140800 (epoch 10/80), loss = 1.062006 (621.843 sec/epoch), lr: 0.004000
Evaluating on dev set...
...................................................................................................................................................................................................................................................................................................................................................................................................................................................................................................
source: 	 mrr: 0.049954	 ndcg_5: 0.0396	 ndcg_10: 0.0542	 hit@1:0.016283	 hit@5:0.0628	 hit@10: 0.1083
target: 	 mrr: 0.055003	 ndcg_5: 0.0434	 ndcg_10: 0.0588	 hit@1:0.017629	 hit@5:0.0695	 hit@10: 0.1175
epoch 10: train_loss = 1.062006, source_hit@10 = 0.1083, source_ndcg@10 = 0.0542, target_hit@10 = 0.1175, target_ndcg@10 = 0.0588

2024-08-02 21:21:31.402333: step 19360/140800 (epoch 11/80), loss = 1.052434 (622.090 sec/epoch), lr: 0.004000
Evaluating on dev set...
...................................................................................................................................................................................................................................................................................................................................................................................................................................................................................................
source: 	 mrr: 0.049364	 ndcg_5: 0.0411	 ndcg_10: 0.0532	 hit@1:0.016888	 hit@5:0.0652	 hit@10: 0.1028
target: 	 mrr: 0.048492	 ndcg_5: 0.0386	 ndcg_10: 0.0514	 hit@1:0.015216	 hit@5:0.0622	 hit@10: 0.1020
epoch 11: train_loss = 1.052434, source_hit@10 = 0.1028, source_ndcg@10 = 0.0532, target_hit@10 = 0.1020, target_ndcg@10 = 0.0514

2024-08-02 21:31:59.421940: step 21120/140800 (epoch 12/80), loss = 1.046879 (622.835 sec/epoch), lr: 0.003800
Evaluating on dev set...
...................................................................................................................................................................................................................................................................................................................................................................................................................................................................................................
source: 	 mrr: 0.044706	 ndcg_5: 0.0363	 ndcg_10: 0.0472	 hit@1:0.015779	 hit@5:0.0568	 hit@10: 0.0911
target: 	 mrr: 0.055868	 ndcg_5: 0.0437	 ndcg_10: 0.0602	 hit@1:0.017874	 hit@5:0.0700	 hit@10: 0.1212
target best!
................................................................................................................................................................................................................................................................................................target: 	 mrr: 0.055537	 ndcg_5: 0.0437	 ndcg_10: 0.0599	 hit@1:0.017246	 hit@5:0.0706	 hit@10: 0.1211
epoch 12: train_loss = 1.046879, source_hit@10 = 0.0911, source_ndcg@10 = 0.0472, target_hit@10 = 0.1211, target_ndcg@10 = 0.0599

2024-08-02 21:42:29.507471: step 22880/140800 (epoch 13/80), loss = 1.043692 (622.024 sec/epoch), lr: 0.003800
Evaluating on dev set...
...................................................................................................................................................................................................................................................................................................................................................................................................................................................................................................
source: 	 mrr: 0.016348	 ndcg_5: 0.0108	 ndcg_10: 0.0144	 hit@1:0.004537	 hit@5:0.0168	 hit@10: 0.0282
target: 	 mrr: 0.037892	 ndcg_5: 0.0275	 ndcg_10: 0.0391	 hit@1:0.010529	 hit@5:0.0448	 hit@10: 0.0807
epoch 13: train_loss = 1.043692, source_hit@10 = 0.0282, source_ndcg@10 = 0.0144, target_hit@10 = 0.0807, target_ndcg@10 = 0.0391

2024-08-02 21:52:56.688565: step 24640/140800 (epoch 14/80), loss = 1.040473 (621.982 sec/epoch), lr: 0.003610
Evaluating on dev set...
...................................................................................................................................................................................................................................................................................................................................................................................................................................................................................................
source: 	 mrr: 0.046197	 ndcg_5: 0.0389	 ndcg_10: 0.0490	 hit@1:0.017392	 hit@5:0.0604	 hit@10: 0.0918
target: 	 mrr: 0.040935	 ndcg_5: 0.0311	 ndcg_10: 0.0429	 hit@1:0.011788	 hit@5:0.0507	 hit@10: 0.0877
epoch 14: train_loss = 1.040473, source_hit@10 = 0.0918, source_ndcg@10 = 0.0490, target_hit@10 = 0.0877, target_ndcg@10 = 0.0429

2024-08-02 22:03:22.423770: step 26400/140800 (epoch 15/80), loss = 1.037187 (620.514 sec/epoch), lr: 0.003610
Evaluating on dev set...
...................................................................................................................................................................................................................................................................................................................................................................................................................................................................................................
source: 	 mrr: 0.040268	 ndcg_5: 0.0315	 ndcg_10: 0.0425	 hit@1:0.012603	 hit@5:0.0502	 hit@10: 0.0847
target: 	 mrr: 0.051133	 ndcg_5: 0.0401	 ndcg_10: 0.0546	 hit@1:0.016790	 hit@5:0.0643	 hit@10: 0.1097
epoch 15: train_loss = 1.037187, source_hit@10 = 0.0847, source_ndcg@10 = 0.0425, target_hit@10 = 0.1097, target_ndcg@10 = 0.0546

2024-08-02 22:13:49.450209: step 28160/140800 (epoch 16/80), loss = 1.036405 (621.883 sec/epoch), lr: 0.003610
Evaluating on dev set...
...................................................................................................................................................................................................................................................................................................................................................................................................................................................................................................
source: 	 mrr: 0.056517	 ndcg_5: 0.0471	 ndcg_10: 0.0609	 hit@1:0.020265	 hit@5:0.0741	 hit@10: 0.1173
target: 	 mrr: 0.041883	 ndcg_5: 0.0305	 ndcg_10: 0.0431	 hit@1:0.012103	 hit@5:0.0495	 hit@10: 0.0888
source best!
....................................................................................................................................................................................................
source: 	 mrr: 0.056235	 ndcg_5: 0.0468	 ndcg_10: 0.0610	 hit@1:0.019878	 hit@5:0.0738	 hit@10: 0.1180
epoch 16: train_loss = 1.036405, source_hit@10 = 0.1180, source_ndcg@10 = 0.0610, target_hit@10 = 0.0888, target_ndcg@10 = 0.0431

2024-08-02 22:24:18.542884: step 29920/140800 (epoch 17/80), loss = 1.035646 (621.808 sec/epoch), lr: 0.003610
Evaluating on dev set...
...................................................................................................................................................................................................................................................................................................................................................................................................................................................................................................
source: 	 mrr: 0.053950	 ndcg_5: 0.0445	 ndcg_10: 0.0583	 hit@1:0.019156	 hit@5:0.0696	 hit@10: 0.1127
target: 	 mrr: 0.059095	 ndcg_5: 0.0482	 ndcg_10: 0.0641	 hit@1:0.019938	 hit@5:0.0767	 hit@10: 0.1264
target best!
................................................................................................................................................................................................................................................................................................target: 	 mrr: 0.059493	 ndcg_5: 0.0487	 ndcg_10: 0.0649	 hit@1:0.020224	 hit@5:0.0775	 hit@10: 0.1283
epoch 17: train_loss = 1.035646, source_hit@10 = 0.1127, source_ndcg@10 = 0.0583, target_hit@10 = 0.1283, target_ndcg@10 = 0.0649
new best model saved.

2024-08-02 22:34:49.056137: step 31680/140800 (epoch 18/80), loss = 1.033746 (622.111 sec/epoch), lr: 0.003610
Evaluating on dev set...
...................................................................................................................................................................................................................................................................................................................................................................................................................................................................................................
source: 	 mrr: 0.055671	 ndcg_5: 0.0453	 ndcg_10: 0.0597	 hit@1:0.019660	 hit@5:0.0711	 hit@10: 0.1158
target: 	 mrr: 0.031134	 ndcg_5: 0.0226	 ndcg_10: 0.0303	 hit@1:0.009759	 hit@5:0.0354	 hit@10: 0.0597
epoch 18: train_loss = 1.033746, source_hit@10 = 0.1158, source_ndcg@10 = 0.0597, target_hit@10 = 0.0597, target_ndcg@10 = 0.0303

2024-08-02 22:45:16.472008: step 33440/140800 (epoch 19/80), loss = 1.031539 (622.236 sec/epoch), lr: 0.003429
Evaluating on dev set...
...................................................................................................................................................................................................................................................................................................................................................................................................................................................................................................
source: 	 mrr: 0.049321	 ndcg_5: 0.0401	 ndcg_10: 0.0519	 hit@1:0.018652	 hit@5:0.0616	 hit@10: 0.0986
target: 	 mrr: 0.044955	 ndcg_5: 0.0344	 ndcg_10: 0.0466	 hit@1:0.014586	 hit@5:0.0543	 hit@10: 0.0923
epoch 19: train_loss = 1.031539, source_hit@10 = 0.0986, source_ndcg@10 = 0.0519, target_hit@10 = 0.0923, target_ndcg@10 = 0.0466

2024-08-02 22:55:43.632052: step 35200/140800 (epoch 20/80), loss = 1.030503 (622.009 sec/epoch), lr: 0.003429
Evaluating on dev set...
...................................................................................................................................................................................................................................................................................................................................................................................................................................................................................................
source: 	 mrr: 0.053142	 ndcg_5: 0.0440	 ndcg_10: 0.0574	 hit@1:0.018753	 hit@5:0.0695	 hit@10: 0.1114
target: 	 mrr: 0.024719	 ndcg_5: 0.0179	 ndcg_10: 0.0237	 hit@1:0.007450	 hit@5:0.0286	 hit@10: 0.0466
epoch 20: train_loss = 1.030503, source_hit@10 = 0.1114, source_ndcg@10 = 0.0574, target_hit@10 = 0.0466, target_ndcg@10 = 0.0237

2024-08-02 23:06:11.026829: step 36960/140800 (epoch 21/80), loss = 1.027826 (622.271 sec/epoch), lr: 0.003258
Evaluating on dev set...
...................................................................................................................................................................................................................................................................................................................................................................................................................................................................................................
source: 	 mrr: 0.053783	 ndcg_5: 0.0446	 ndcg_10: 0.0581	 hit@1:0.018602	 hit@5:0.0709	 hit@10: 0.1132
target: 	 mrr: 0.053769	 ndcg_5: 0.0430	 ndcg_10: 0.0580	 hit@1:0.017699	 hit@5:0.0683	 hit@10: 0.1153
epoch 21: train_loss = 1.027826, source_hit@10 = 0.1132, source_ndcg@10 = 0.0581, target_hit@10 = 0.1153, target_ndcg@10 = 0.0580

2024-08-02 23:16:37.362572: step 38720/140800 (epoch 22/80), loss = 1.026395 (621.228 sec/epoch), lr: 0.003258
Evaluating on dev set...
...................................................................................................................................................................................................................................................................................................................................................................................................................................................................................................
source: 	 mrr: 0.039912	 ndcg_5: 0.0305	 ndcg_10: 0.0414	 hit@1:0.013611	 hit@5:0.0477	 hit@10: 0.0816
target: 	 mrr: 0.057324	 ndcg_5: 0.0466	 ndcg_10: 0.0626	 hit@1:0.018469	 hit@5:0.0751	 hit@10: 0.1249
epoch 22: train_loss = 1.026395, source_hit@10 = 0.0816, source_ndcg@10 = 0.0414, target_hit@10 = 0.1249, target_ndcg@10 = 0.0626

2024-08-02 23:27:04.677298: step 40480/140800 (epoch 23/80), loss = 1.022148 (622.085 sec/epoch), lr: 0.003095
Evaluating on dev set...
...................................................................................................................................................................................................................................................................................................................................................................................................................................................................................................
source: 	 mrr: 0.045782	 ndcg_5: 0.0359	 ndcg_10: 0.0490	 hit@1:0.015476	 hit@5:0.0566	 hit@10: 0.0978
target: 	 mrr: 0.038306	 ndcg_5: 0.0284	 ndcg_10: 0.0392	 hit@1:0.011508	 hit@5:0.0461	 hit@10: 0.0799
epoch 23: train_loss = 1.022148, source_hit@10 = 0.0978, source_ndcg@10 = 0.0490, target_hit@10 = 0.0799, target_ndcg@10 = 0.0392

2024-08-02 23:37:30.753532: step 42240/140800 (epoch 24/80), loss = 1.018575 (620.985 sec/epoch), lr: 0.002940
Evaluating on dev set...
...................................................................................................................................................................................................................................................................................................................................................................................................................................................................................................
source: 	 mrr: 0.047529	 ndcg_5: 0.0384	 ndcg_10: 0.0515	 hit@1:0.015476	 hit@5:0.0620	 hit@10: 0.1028
target: 	 mrr: 0.055547	 ndcg_5: 0.0440	 ndcg_10: 0.0596	 hit@1:0.018329	 hit@5:0.0702	 hit@10: 0.1188
epoch 24: train_loss = 1.018575, source_hit@10 = 0.1028, source_ndcg@10 = 0.0515, target_hit@10 = 0.1188, target_ndcg@10 = 0.0596

2024-08-02 23:47:58.086217: step 44000/140800 (epoch 25/80), loss = 1.014265 (622.171 sec/epoch), lr: 0.002940
Evaluating on dev set...
...................................................................................................................................................................................................................................................................................................................................................................................................................................................................................................
source: 	 mrr: 0.044109	 ndcg_5: 0.0356	 ndcg_10: 0.0482	 hit@1:0.013510	 hit@5:0.0580	 hit@10: 0.0970
target: 	 mrr: 0.052134	 ndcg_5: 0.0404	 ndcg_10: 0.0550	 hit@1:0.016790	 hit@5:0.0640	 hit@10: 0.1095
epoch 25: train_loss = 1.014265, source_hit@10 = 0.0970, source_ndcg@10 = 0.0482, target_hit@10 = 0.1095, target_ndcg@10 = 0.0550

2024-08-02 23:58:25.200737: step 45760/140800 (epoch 26/80), loss = 1.005705 (622.020 sec/epoch), lr: 0.002793
Evaluating on dev set...
...................................................................................................................................................................................................................................................................................................................................................................................................................................................................................................
source: 	 mrr: 0.058360	 ndcg_5: 0.0478	 ndcg_10: 0.0639	 hit@1:0.020215	 hit@5:0.0758	 hit@10: 0.1257
target: 	 mrr: 0.059186	 ndcg_5: 0.0486	 ndcg_10: 0.0642	 hit@1:0.020812	 hit@5:0.0771	 hit@10: 0.1258
source best!
....................................................................................................................................................................................................
source: 	 mrr: 0.061986	 ndcg_5: 0.0527	 ndcg_10: 0.0681	 hit@1:0.022217	 hit@5:0.0828	 hit@10: 0.1310
target best!
................................................................................................................................................................................................................................................................................................target: 	 mrr: 0.058918	 ndcg_5: 0.0480	 ndcg_10: 0.0650	 hit@1:0.020051	 hit@5:0.0763	 hit@10: 0.1293
epoch 26: train_loss = 1.005705, source_hit@10 = 0.1310, source_ndcg@10 = 0.0681, target_hit@10 = 0.1293, target_ndcg@10 = 0.0650
new best model saved.

2024-08-03 00:08:58.125628: step 47520/140800 (epoch 27/80), loss = 1.005036 (622.541 sec/epoch), lr: 0.002793
Evaluating on dev set...
...................................................................................................................................................................................................................................................................................................................................................................................................................................................................................................
source: 	 mrr: 0.029198	 ndcg_5: 0.0230	 ndcg_10: 0.0306	 hit@1:0.009175	 hit@5:0.0366	 hit@10: 0.0603
target: 	 mrr: 0.054563	 ndcg_5: 0.0449	 ndcg_10: 0.0594	 hit@1:0.017979	 hit@5:0.0725	 hit@10: 0.1175
epoch 27: train_loss = 1.005036, source_hit@10 = 0.0603, source_ndcg@10 = 0.0306, target_hit@10 = 0.1175, target_ndcg@10 = 0.0594

2024-08-03 00:19:24.867511: step 49280/140800 (epoch 28/80), loss = 1.001769 (621.630 sec/epoch), lr: 0.002654
Evaluating on dev set...
...................................................................................................................................................................................................................................................................................................................................................................................................................................................................................................
source: 	 mrr: 0.049580	 ndcg_5: 0.0408	 ndcg_10: 0.0536	 hit@1:0.017694	 hit@5:0.0646	 hit@10: 0.1047
target: 	 mrr: 0.039770	 ndcg_5: 0.0299	 ndcg_10: 0.0408	 hit@1:0.011508	 hit@5:0.0484	 hit@10: 0.0823
epoch 28: train_loss = 1.001769, source_hit@10 = 0.1047, source_ndcg@10 = 0.0536, target_hit@10 = 0.0823, target_ndcg@10 = 0.0408

2024-08-03 00:29:51.718839: step 51040/140800 (epoch 29/80), loss = 1.000698 (621.736 sec/epoch), lr: 0.002654
Evaluating on dev set...
...................................................................................................................................................................................................................................................................................................................................................................................................................................................................................................
source: 	 mrr: 0.058799	 ndcg_5: 0.0493	 ndcg_10: 0.0638	 hit@1:0.021324	 hit@5:0.0769	 hit@10: 0.1219
target: 	 mrr: 0.058372	 ndcg_5: 0.0465	 ndcg_10: 0.0635	 hit@1:0.018119	 hit@5:0.0750	 hit@10: 0.1278
source best!
....................................................................................................................................................................................................
source: 	 mrr: 0.061127	 ndcg_5: 0.0514	 ndcg_10: 0.0667	 hit@1:0.023589	 hit@5:0.0792	 hit@10: 0.1267
epoch 29: train_loss = 1.000698, source_hit@10 = 0.1267, source_ndcg@10 = 0.0667, target_hit@10 = 0.1278, target_ndcg@10 = 0.0635

2024-08-03 00:40:20.223245: step 52800/140800 (epoch 30/80), loss = 1.000026 (621.377 sec/epoch), lr: 0.002654
Evaluating on dev set...
...................................................................................................................................................................................................................................................................................................................................................................................................................................................................................................
source: 	 mrr: 0.059666	 ndcg_5: 0.0488	 ndcg_10: 0.0646	 hit@1:0.022433	 hit@5:0.0748	 hit@10: 0.1241
target: 	 mrr: 0.032700	 ndcg_5: 0.0236	 ndcg_10: 0.0326	 hit@1:0.010039	 hit@5:0.0375	 hit@10: 0.0657
source best!
....................................................................................................................................................................................................
source: 	 mrr: 0.060960	 ndcg_5: 0.0511	 ndcg_10: 0.0654	 hit@1:0.022572	 hit@5:0.0789	 hit@10: 0.1234
epoch 30: train_loss = 1.000026, source_hit@10 = 0.1234, source_ndcg@10 = 0.0654, target_hit@10 = 0.0657, target_ndcg@10 = 0.0326

2024-08-03 00:50:48.898239: step 54560/140800 (epoch 31/80), loss = 0.996404 (621.433 sec/epoch), lr: 0.002521
Evaluating on dev set...
...................................................................................................................................................................................................................................................................................................................................................................................................................................................................................................
source: 	 mrr: 0.047146	 ndcg_5: 0.0388	 ndcg_10: 0.0496	 hit@1:0.017291	 hit@5:0.0604	 hit@10: 0.0944
target: 	 mrr: 0.057158	 ndcg_5: 0.0466	 ndcg_10: 0.0624	 hit@1:0.019203	 hit@5:0.0742	 hit@10: 0.1233
epoch 31: train_loss = 0.996404, source_hit@10 = 0.0944, source_ndcg@10 = 0.0496, target_hit@10 = 0.1233, target_ndcg@10 = 0.0624

2024-08-03 01:01:16.245201: step 56320/140800 (epoch 32/80), loss = 0.996603 (622.129 sec/epoch), lr: 0.002521
Evaluating on dev set...
...................................................................................................................................................................................................................................................................................................................................................................................................................................................................................................
source: 	 mrr: 0.045142	 ndcg_5: 0.0367	 ndcg_10: 0.0489	 hit@1:0.014821	 hit@5:0.0585	 hit@10: 0.0964
target: 	 mrr: 0.050738	 ndcg_5: 0.0392	 ndcg_10: 0.0534	 hit@1:0.015705	 hit@5:0.0627	 hit@10: 0.1072
epoch 32: train_loss = 0.996603, source_hit@10 = 0.0964, source_ndcg@10 = 0.0489, target_hit@10 = 0.1072, target_ndcg@10 = 0.0534

2024-08-03 01:11:42.711621: step 58080/140800 (epoch 33/80), loss = 0.993205 (621.334 sec/epoch), lr: 0.002395
Evaluating on dev set...
...................................................................................................................................................................................................................................................................................................................................................................................................................................................................................................
source: 	 mrr: 0.053295	 ndcg_5: 0.0438	 ndcg_10: 0.0572	 hit@1:0.019055	 hit@5:0.0684	 hit@10: 0.1101
target: 	 mrr: 0.058384	 ndcg_5: 0.0473	 ndcg_10: 0.0636	 hit@1:0.018713	 hit@5:0.0757	 hit@10: 0.1266
epoch 33: train_loss = 0.993205, source_hit@10 = 0.1101, source_ndcg@10 = 0.0572, target_hit@10 = 0.1266, target_ndcg@10 = 0.0636

2024-08-03 01:22:09.642209: step 59840/140800 (epoch 34/80), loss = 0.992861 (621.795 sec/epoch), lr: 0.002395
Evaluating on dev set...
...................................................................................................................................................................................................................................................................................................................................................................................................................................................................................................
source: 	 mrr: 0.054438	 ndcg_5: 0.0454	 ndcg_10: 0.0586	 hit@1:0.019509	 hit@5:0.0717	 hit@10: 0.1129
target: 	 mrr: 0.059776	 ndcg_5: 0.0481	 ndcg_10: 0.0643	 hit@1:0.019903	 hit@5:0.0763	 hit@10: 0.1269
target best!
................................................................................................................................................................................................................................................................................................target: 	 mrr: 0.059802	 ndcg_5: 0.0480	 ndcg_10: 0.0647	 hit@1:0.020017	 hit@5:0.0764	 hit@10: 0.1283
epoch 34: train_loss = 0.992861, source_hit@10 = 0.1129, source_ndcg@10 = 0.0586, target_hit@10 = 0.1283, target_ndcg@10 = 0.0647

2024-08-03 01:32:39.202184: step 61600/140800 (epoch 35/80), loss = 0.992444 (621.460 sec/epoch), lr: 0.002395
Evaluating on dev set...
...................................................................................................................................................................................................................................................................................................................................................................................................................................................................................................
source: 	 mrr: 0.062393	 ndcg_5: 0.0531	 ndcg_10: 0.0681	 hit@1:0.024096	 hit@5:0.0823	 hit@10: 0.1291
target: 	 mrr: 0.045877	 ndcg_5: 0.0347	 ndcg_10: 0.0481	 hit@1:0.014726	 hit@5:0.0547	 hit@10: 0.0962
source best!
....................................................................................................................................................................................................
source: 	 mrr: 0.063799	 ndcg_5: 0.0541	 ndcg_10: 0.0704	 hit@1:0.025674	 hit@5:0.0824	 hit@10: 0.1332
epoch 35: train_loss = 0.992444, source_hit@10 = 0.1332, source_ndcg@10 = 0.0704, target_hit@10 = 0.0962, target_ndcg@10 = 0.0481

2024-08-03 01:43:07.223089: step 63360/140800 (epoch 36/80), loss = 0.991041 (620.892 sec/epoch), lr: 0.002275
Evaluating on dev set...
...................................................................................................................................................................................................................................................................................................................................................................................................................................................................................................
source: 	 mrr: 0.047451	 ndcg_5: 0.0379	 ndcg_10: 0.0510	 hit@1:0.017442	 hit@5:0.0586	 hit@10: 0.0996
target: 	 mrr: 0.063471	 ndcg_5: 0.0517	 ndcg_10: 0.0695	 hit@1:0.021512	 hit@5:0.0822	 hit@10: 0.1376
target best!
................................................................................................................................................................................................................................................................................................target: 	 mrr: 0.064555	 ndcg_5: 0.0528	 ndcg_10: 0.0707	 hit@1:0.022614	 hit@5:0.0833	 hit@10: 0.1393
epoch 36: train_loss = 0.991041, source_hit@10 = 0.0996, source_ndcg@10 = 0.0510, target_hit@10 = 0.1393, target_ndcg@10 = 0.0707

2024-08-03 01:53:36.877475: step 65120/140800 (epoch 37/80), loss = 0.991003 (621.563 sec/epoch), lr: 0.002275
Evaluating on dev set...
...................................................................................................................................................................................................................................................................................................................................................................................................................................................................................................
source: 	 mrr: 0.058922	 ndcg_5: 0.0494	 ndcg_10: 0.0643	 hit@1:0.022534	 hit@5:0.0766	 hit@10: 0.1230
target: 	 mrr: 0.065130	 ndcg_5: 0.0536	 ndcg_10: 0.0713	 hit@1:0.023226	 hit@5:0.0847	 hit@10: 0.1399
target best!
................................................................................................................................................................................................................................................................................................target: 	 mrr: 0.065958	 ndcg_5: 0.0546	 ndcg_10: 0.0722	 hit@1:0.023203	 hit@5:0.0857	 hit@10: 0.1406
epoch 37: train_loss = 0.991003, source_hit@10 = 0.1230, source_ndcg@10 = 0.0643, target_hit@10 = 0.1406, target_ndcg@10 = 0.0722

2024-08-03 02:04:06.763723: step 66880/140800 (epoch 38/80), loss = 0.990884 (621.764 sec/epoch), lr: 0.002275
Evaluating on dev set...
...................................................................................................................................................................................................................................................................................................................................................................................................................................................................................................
source: 	 mrr: 0.066237	 ndcg_5: 0.0559	 ndcg_10: 0.0721	 hit@1:0.025155	 hit@5:0.0856	 hit@10: 0.1364
target: 	 mrr: 0.056027	 ndcg_5: 0.0447	 ndcg_10: 0.0608	 hit@1:0.018958	 hit@5:0.0712	 hit@10: 0.1213
source best!
....................................................................................................................................................................................................
source: 	 mrr: 0.068469	 ndcg_5: 0.0590	 ndcg_10: 0.0756	 hit@1:0.027555	 hit@5:0.0905	 hit@10: 0.1422
epoch 38: train_loss = 0.990884, source_hit@10 = 0.1422, source_ndcg@10 = 0.0756, target_hit@10 = 0.1213, target_ndcg@10 = 0.0608

2024-08-03 02:14:36.206734: step 68640/140800 (epoch 39/80), loss = 0.988764 (622.296 sec/epoch), lr: 0.002161
Evaluating on dev set...
...................................................................................................................................................................................................................................................................................................................................................................................................................................................................................................
source: 	 mrr: 0.065151	 ndcg_5: 0.0554	 ndcg_10: 0.0708	 hit@1:0.024802	 hit@5:0.0862	 hit@10: 0.1342
target: 	 mrr: 0.059261	 ndcg_5: 0.0488	 ndcg_10: 0.0653	 hit@1:0.020707	 hit@5:0.0774	 hit@10: 0.1288
epoch 39: train_loss = 0.988764, source_hit@10 = 0.1342, source_ndcg@10 = 0.0708, target_hit@10 = 0.1288, target_ndcg@10 = 0.0653

2024-08-03 02:25:03.409392: step 70400/140800 (epoch 40/80), loss = 0.988520 (622.053 sec/epoch), lr: 0.002161
Evaluating on dev set...
...................................................................................................................................................................................................................................................................................................................................................................................................................................................................................................
source: 	 mrr: 0.062596	 ndcg_5: 0.0534	 ndcg_10: 0.0687	 hit@1:0.024147	 hit@5:0.0830	 hit@10: 0.1306
target: 	 mrr: 0.051896	 ndcg_5: 0.0405	 ndcg_10: 0.0549	 hit@1:0.017139	 hit@5:0.0642	 hit@10: 0.1087
epoch 40: train_loss = 0.988520, source_hit@10 = 0.1306, source_ndcg@10 = 0.0687, target_hit@10 = 0.1087, target_ndcg@10 = 0.0549
shift to transfer learning mode

2024-08-03 02:35:36.694706: step 72160/140800 (epoch 41/80), loss = 0.986077 (627.994 sec/epoch), lr: 0.002053
Evaluating on dev set...
...................................................................................................................................................................................................................................................................................................................................................................................................................................................................................................
source: 	 mrr: 0.056459	 ndcg_5: 0.0466	 ndcg_10: 0.0618	 hit@1:0.020265	 hit@5:0.0731	 hit@10: 0.1203
target: 	 mrr: 0.060264	 ndcg_5: 0.0491	 ndcg_10: 0.0655	 hit@1:0.019833	 hit@5:0.0785	 hit@10: 0.1300
epoch 41: train_loss = 0.986077, source_hit@10 = 0.1203, source_ndcg@10 = 0.0618, target_hit@10 = 0.1300, target_ndcg@10 = 0.0655

2024-08-03 02:46:09.103759: step 73920/140800 (epoch 42/80), loss = 0.985004 (627.291 sec/epoch), lr: 0.002053
Evaluating on dev set...
...................................................................................................................................................................................................................................................................................................................................................................................................................................................................................................
source: 	 mrr: 0.036711	 ndcg_5: 0.0287	 ndcg_10: 0.0382	 hit@1:0.011746	 hit@5:0.0460	 hit@10: 0.0756
target: 	 mrr: 0.036827	 ndcg_5: 0.0268	 ndcg_10: 0.0375	 hit@1:0.010983	 hit@5:0.0430	 hit@10: 0.0763
epoch 42: train_loss = 0.985004, source_hit@10 = 0.0756, source_ndcg@10 = 0.0382, target_hit@10 = 0.0763, target_ndcg@10 = 0.0375

2024-08-03 02:56:45.335214: step 75680/140800 (epoch 43/80), loss = 0.982950 (631.063 sec/epoch), lr: 0.001951
Evaluating on dev set...
...................................................................................................................................................................................................................................................................................................................................................................................................................................................................................................
source: 	 mrr: 0.057209	 ndcg_5: 0.0490	 ndcg_10: 0.0626	 hit@1:0.020769	 hit@5:0.0766	 hit@10: 0.1189
target: 	 mrr: 0.057650	 ndcg_5: 0.0458	 ndcg_10: 0.0612	 hit@1:0.018783	 hit@5:0.0727	 hit@10: 0.1207
epoch 43: train_loss = 0.982950, source_hit@10 = 0.1189, source_ndcg@10 = 0.0626, target_hit@10 = 0.1207, target_ndcg@10 = 0.0612

2024-08-03 03:07:19.005437: step 77440/140800 (epoch 44/80), loss = 0.983047 (628.557 sec/epoch), lr: 0.001951
Evaluating on dev set...
...................................................................................................................................................................................................................................................................................................................................................................................................................................................................................................
source: 	 mrr: 0.064858	 ndcg_5: 0.0553	 ndcg_10: 0.0706	 hit@1:0.025659	 hit@5:0.0846	 hit@10: 0.1324
target: 	 mrr: 0.058179	 ndcg_5: 0.0465	 ndcg_10: 0.0635	 hit@1:0.017979	 hit@5:0.0755	 hit@10: 0.1288
epoch 44: train_loss = 0.983047, source_hit@10 = 0.1324, source_ndcg@10 = 0.0706, target_hit@10 = 0.1288, target_ndcg@10 = 0.0635

2024-08-03 03:17:51.650045: step 79200/140800 (epoch 45/80), loss = 0.981614 (627.491 sec/epoch), lr: 0.001951
Evaluating on dev set...
...................................................................................................................................................................................................................................................................................................................................................................................................................................................................................................
source: 	 mrr: 0.065018	 ndcg_5: 0.0554	 ndcg_10: 0.0722	 hit@1:0.024348	 hit@5:0.0865	 hit@10: 0.1388
target: 	 mrr: 0.054584	 ndcg_5: 0.0438	 ndcg_10: 0.0585	 hit@1:0.018049	 hit@5:0.0692	 hit@10: 0.1148
epoch 45: train_loss = 0.981614, source_hit@10 = 0.1388, source_ndcg@10 = 0.0722, target_hit@10 = 0.1148, target_ndcg@10 = 0.0585

2024-08-03 03:28:24.321709: step 80960/140800 (epoch 46/80), loss = 0.979525 (627.551 sec/epoch), lr: 0.001853
Evaluating on dev set...
...................................................................................................................................................................................................................................................................................................................................................................................................................................................................................................
source: 	 mrr: 0.046275	 ndcg_5: 0.0379	 ndcg_10: 0.0491	 hit@1:0.016131	 hit@5:0.0599	 hit@10: 0.0950
target: 	 mrr: 0.050472	 ndcg_5: 0.0389	 ndcg_10: 0.0526	 hit@1:0.016580	 hit@5:0.0613	 hit@10: 0.1043
epoch 46: train_loss = 0.979525, source_hit@10 = 0.0950, source_ndcg@10 = 0.0491, target_hit@10 = 0.1043, target_ndcg@10 = 0.0526

2024-08-03 03:38:56.462751: step 82720/140800 (epoch 47/80), loss = 0.977795 (627.042 sec/epoch), lr: 0.001761
Evaluating on dev set...
...................................................................................................................................................................................................................................................................................................................................................................................................................................................................................................
source: 	 mrr: 0.063869	 ndcg_5: 0.0544	 ndcg_10: 0.0699	 hit@1:0.026163	 hit@5:0.0823	 hit@10: 0.1306
target: 	 mrr: 0.057035	 ndcg_5: 0.0468	 ndcg_10: 0.0620	 hit@1:0.019553	 hit@5:0.0740	 hit@10: 0.1217
epoch 47: train_loss = 0.977795, source_hit@10 = 0.1306, source_ndcg@10 = 0.0699, target_hit@10 = 0.1217, target_ndcg@10 = 0.0620

2024-08-03 03:49:28.491751: step 84480/140800 (epoch 48/80), loss = 0.976821 (626.916 sec/epoch), lr: 0.001761
Evaluating on dev set...
...................................................................................................................................................................................................................................................................................................................................................................................................................................................................................................
source: 	 mrr: 0.059489	 ndcg_5: 0.0509	 ndcg_10: 0.0651	 hit@1:0.022937	 hit@5:0.0788	 hit@10: 0.1230
target: 	 mrr: 0.049481	 ndcg_5: 0.0383	 ndcg_10: 0.0520	 hit@1:0.015985	 hit@5:0.0606	 hit@10: 0.1033
epoch 48: train_loss = 0.976821, source_hit@10 = 0.1230, source_ndcg@10 = 0.0651, target_hit@10 = 0.1033, target_ndcg@10 = 0.0520

2024-08-03 04:00:01.282217: step 86240/140800 (epoch 49/80), loss = 0.974285 (627.663 sec/epoch), lr: 0.001672
Evaluating on dev set...
...................................................................................................................................................................................................................................................................................................................................................................................................................................................................................................
source: 	 mrr: 0.048431	 ndcg_5: 0.0391	 ndcg_10: 0.0524	 hit@1:0.017593	 hit@5:0.0609	 hit@10: 0.1021
target: 	 mrr: 0.060549	 ndcg_5: 0.0495	 ndcg_10: 0.0661	 hit@1:0.020392	 hit@5:0.0792	 hit@10: 0.1307
epoch 49: train_loss = 0.974285, source_hit@10 = 0.1021, source_ndcg@10 = 0.0524, target_hit@10 = 0.1307, target_ndcg@10 = 0.0661

2024-08-03 04:10:33.671851: step 88000/140800 (epoch 50/80), loss = 0.973401 (627.286 sec/epoch), lr: 0.001672
Evaluating on dev set...
...................................................................................................................................................................................................................................................................................................................................................................................................................................................................................................
source: 	 mrr: 0.042007	 ndcg_5: 0.0340	 ndcg_10: 0.0439	 hit@1:0.015476	 hit@5:0.0522	 hit@10: 0.0833
target: 	 mrr: 0.068385	 ndcg_5: 0.0572	 ndcg_10: 0.0759	 hit@1:0.023925	 hit@5:0.0911	 hit@10: 0.1495
target best!
................................................................................................................................................................................................................................................................................................target: 	 mrr: 0.069681	 ndcg_5: 0.0584	 ndcg_10: 0.0775	 hit@1:0.025107	 hit@5:0.0918	 hit@10: 0.1514
epoch 50: train_loss = 0.973401, source_hit@10 = 0.0833, source_ndcg@10 = 0.0439, target_hit@10 = 0.1514, target_ndcg@10 = 0.0775

2024-08-03 04:21:08.499925: step 89760/140800 (epoch 51/80), loss = 0.974133 (626.815 sec/epoch), lr: 0.001672
Evaluating on dev set...
...................................................................................................................................................................................................................................................................................................................................................................................................................................................................................................
source: 	 mrr: 0.048124	 ndcg_5: 0.0406	 ndcg_10: 0.0524	 hit@1:0.017341	 hit@5:0.0642	 hit@10: 0.1011
target: 	 mrr: 0.060458	 ndcg_5: 0.0499	 ndcg_10: 0.0661	 hit@1:0.020882	 hit@5:0.0790	 hit@10: 0.1294
epoch 51: train_loss = 0.974133, source_hit@10 = 0.1011, source_ndcg@10 = 0.0524, target_hit@10 = 0.1294, target_ndcg@10 = 0.0661

2024-08-03 04:31:40.927194: step 91520/140800 (epoch 52/80), loss = 0.971912 (627.296 sec/epoch), lr: 0.001589
Evaluating on dev set...
...................................................................................................................................................................................................................................................................................................................................................................................................................................................................................................
source: 	 mrr: 0.068341	 ndcg_5: 0.0586	 ndcg_10: 0.0758	 hit@1:0.026314	 hit@5:0.0907	 hit@10: 0.1443
target: 	 mrr: 0.059295	 ndcg_5: 0.0483	 ndcg_10: 0.0640	 hit@1:0.020113	 hit@5:0.0764	 hit@10: 0.1250
source best!
....................................................................................................................................................................................................
source: 	 mrr: 0.070498	 ndcg_5: 0.0610	 ndcg_10: 0.0787	 hit@1:0.028063	 hit@5:0.0937	 hit@10: 0.1490
epoch 52: train_loss = 0.971912, source_hit@10 = 0.1490, source_ndcg@10 = 0.0787, target_hit@10 = 0.1250, target_ndcg@10 = 0.0640

2024-08-03 04:42:14.524395: step 93280/140800 (epoch 53/80), loss = 0.970919 (626.445 sec/epoch), lr: 0.001589
Evaluating on dev set...
...................................................................................................................................................................................................................................................................................................................................................................................................................................................................................................
source: 	 mrr: 0.062264	 ndcg_5: 0.0529	 ndcg_10: 0.0677	 hit@1:0.024197	 hit@5:0.0814	 hit@10: 0.1275
target: 	 mrr: 0.056636	 ndcg_5: 0.0454	 ndcg_10: 0.0614	 hit@1:0.017384	 hit@5:0.0738	 hit@10: 0.1233
epoch 53: train_loss = 0.970919, source_hit@10 = 0.1275, source_ndcg@10 = 0.0677, target_hit@10 = 0.1233, target_ndcg@10 = 0.0614

2024-08-03 04:52:47.047655: step 95040/140800 (epoch 54/80), loss = 0.969291 (627.399 sec/epoch), lr: 0.001509
Evaluating on dev set...
...................................................................................................................................................................................................................................................................................................................................................................................................................................................................................................
source: 	 mrr: 0.063513	 ndcg_5: 0.0536	 ndcg_10: 0.0697	 hit@1:0.022735	 hit@5:0.0845	 hit@10: 0.1345
target: 	 mrr: 0.055674	 ndcg_5: 0.0441	 ndcg_10: 0.0597	 hit@1:0.018434	 hit@5:0.0698	 hit@10: 0.1184
epoch 54: train_loss = 0.969291, source_hit@10 = 0.1345, source_ndcg@10 = 0.0697, target_hit@10 = 0.1184, target_ndcg@10 = 0.0597

2024-08-03 05:03:19.525150: step 96800/140800 (epoch 55/80), loss = 0.968440 (627.375 sec/epoch), lr: 0.001509
Evaluating on dev set...
...................................................................................................................................................................................................................................................................................................................................................................................................................................................................................................
source: 	 mrr: 0.058134	 ndcg_5: 0.0496	 ndcg_10: 0.0636	 hit@1:0.021374	 hit@5:0.0778	 hit@10: 0.1214
target: 	 mrr: 0.063901	 ndcg_5: 0.0527	 ndcg_10: 0.0702	 hit@1:0.023051	 hit@5:0.0828	 hit@10: 0.1372
epoch 55: train_loss = 0.968440, source_hit@10 = 0.1214, source_ndcg@10 = 0.0636, target_hit@10 = 0.1372, target_ndcg@10 = 0.0702

2024-08-03 05:13:52.261661: step 98560/140800 (epoch 56/80), loss = 0.967924 (627.452 sec/epoch), lr: 0.001509
Evaluating on dev set...
...................................................................................................................................................................................................................................................................................................................................................................................................................................................................................................
source: 	 mrr: 0.057722	 ndcg_5: 0.0490	 ndcg_10: 0.0638	 hit@1:0.020164	 hit@5:0.0780	 hit@10: 0.1243
target: 	 mrr: 0.067097	 ndcg_5: 0.0545	 ndcg_10: 0.0742	 hit@1:0.023261	 hit@5:0.0859	 hit@10: 0.1473
epoch 56: train_loss = 0.967924, source_hit@10 = 0.1243, source_ndcg@10 = 0.0638, target_hit@10 = 0.1473, target_ndcg@10 = 0.0742

2024-08-03 05:24:25.485162: step 100320/140800 (epoch 57/80), loss = 0.968223 (628.129 sec/epoch), lr: 0.001509
Evaluating on dev set...
...................................................................................................................................................................................................................................................................................................................................................................................................................................................................................................
source: 	 mrr: 0.053599	 ndcg_5: 0.0455	 ndcg_10: 0.0585	 hit@1:0.019811	 hit@5:0.0711	 hit@10: 0.1113
target: 	 mrr: 0.059849	 ndcg_5: 0.0484	 ndcg_10: 0.0660	 hit@1:0.019238	 hit@5:0.0783	 hit@10: 0.1330
epoch 57: train_loss = 0.968223, source_hit@10 = 0.1113, source_ndcg@10 = 0.0585, target_hit@10 = 0.1330, target_ndcg@10 = 0.0660
early termination of training
