nohup: ignoring input
using gpu:0 to train the model
using gpu:0 to train the model
cuda:0
Namespace(A_split=False, JK='sum', a_fold=100, aggregate=False, alpha=0.5, batch_size=1024, beta_inter=0.4, conv_layers=4, cuda=True, decay_epoch=10, device=device(type='cuda', index=0), device_id='0', domains='cd_movie', dropout=0.3, epoch=80, feature_dim=126, hidden_dim=126, inter_tau=0.2, intra_tau=1, lambda_critic=0.4, leakey=0.05, load=False, log='logs.txt', log_epoch=1, lr=0.004, lr_decay=0.95, min_epoch=50, mode='train', model_file=None, model_name='cm', momentum=0.9, num_latent_factors=3, num_negative=100, optim='adam', patience=30, proj_layers=1, projection=1, residual=1, save=False, save_dir='./saved_models', seed=32, similarity_tau=0.1, test_sample_number=999, transfer_epoch=40, user_batch_size=256, weight_decay=0.0002)
number_user 50841
number_item 43858
/home/hourun/invariantCDR_v2/invariantCDR/utils/GraphMaker.py:46: RuntimeWarning: divide by zero encountered in power
  r_inv = np.power(rowsum, -1).flatten()
real graph loaded!
number_user 87875
number_item 38643
real graph loaded!
graph loaded!
Loading data from cd_movie with batch size 1024...
unseen test: 0
test length: 19837
unseen test: 0
test length: 19670
unseen test: 0
test length: 28589
unseen test: 0
test length: 28876
source_user_num 50841
target_user_num 87875
source_item_num 43858
target_item_num 38643
shared users id: 15081
test users 1893, 1885
unseen test: 0
dev length: 1000
unseen test: 0
dev length: 1000
source train data : 674233, target train data: 1127424, source test data : 19670, target test data : 28876, source dev data : 1000, target dev data : 1000
2024-08-02 19:35:34.696454: step 1760/140800 (epoch 1/80), loss = 1.249228 (595.647 sec/epoch), lr: 0.004000
Evaluating on dev set...
...................................................................................................................................................................................................................................................................................................................................................................................................................................................................................................
source: 	 mrr: 0.045172	 ndcg_5: 0.0365	 ndcg_10: 0.0479	 hit@1:0.015879	 hit@5:0.0572	 hit@10: 0.0926
target: 	 mrr: 0.053250	 ndcg_5: 0.0424	 ndcg_10: 0.0571	 hit@1:0.017209	 hit@5:0.0674	 hit@10: 0.1130
source best!
....................................................................................................................................................................................................
source: 	 mrr: 0.046913	 ndcg_5: 0.0385	 ndcg_10: 0.0497	 hit@1:0.017946	 hit@5:0.0595	 hit@10: 0.0947
target best!
................................................................................................................................................................................................................................................................................................target: 	 mrr: 0.053694	 ndcg_5: 0.0428	 ndcg_10: 0.0580	 hit@1:0.017696	 hit@5:0.0680	 hit@10: 0.1154
epoch 1: train_loss = 1.249228, source_hit@10 = 0.0947, source_ndcg@10 = 0.0497, target_hit@10 = 0.1154, target_ndcg@10 = 0.0580

2024-08-02 19:45:42.651711: step 3520/140800 (epoch 2/80), loss = 1.185361 (599.190 sec/epoch), lr: 0.004000
Evaluating on dev set...
...................................................................................................................................................................................................................................................................................................................................................................................................................................................................................................
source: 	 mrr: 0.040692	 ndcg_5: 0.0333	 ndcg_10: 0.0429	 hit@1:0.013359	 hit@5:0.0533	 hit@10: 0.0833
target: 	 mrr: 0.055872	 ndcg_5: 0.0454	 ndcg_10: 0.0605	 hit@1:0.018783	 hit@5:0.0727	 hit@10: 0.1197
target best!
................................................................................................................................................................................................................................................................................................target: 	 mrr: 0.056028	 ndcg_5: 0.0456	 ndcg_10: 0.0613	 hit@1:0.018181	 hit@5:0.0730	 hit@10: 0.1221
epoch 2: train_loss = 1.185361, source_hit@10 = 0.0833, source_ndcg@10 = 0.0429, target_hit@10 = 0.1221, target_ndcg@10 = 0.0613

2024-08-02 19:55:49.692450: step 5280/140800 (epoch 3/80), loss = 1.153074 (600.037 sec/epoch), lr: 0.004000
Evaluating on dev set...
...................................................................................................................................................................................................................................................................................................................................................................................................................................................................................................
source: 	 mrr: 0.039121	 ndcg_5: 0.0305	 ndcg_10: 0.0413	 hit@1:0.012552	 hit@5:0.0489	 hit@10: 0.0828
target: 	 mrr: 0.051451	 ndcg_5: 0.0404	 ndcg_10: 0.0550	 hit@1:0.016335	 hit@5:0.0645	 hit@10: 0.1100
epoch 3: train_loss = 1.153074, source_hit@10 = 0.0828, source_ndcg@10 = 0.0413, target_hit@10 = 0.1100, target_ndcg@10 = 0.0550

2024-08-02 20:05:55.684999: step 7040/140800 (epoch 4/80), loss = 1.110620 (601.450 sec/epoch), lr: 0.004000
Evaluating on dev set...
...................................................................................................................................................................................................................................................................................................................................................................................................................................................................................................
source: 	 mrr: 0.016947	 ndcg_5: 0.0101	 ndcg_10: 0.0144	 hit@1:0.004083	 hit@5:0.0164	 hit@10: 0.0298
target: 	 mrr: 0.043608	 ndcg_5: 0.0327	 ndcg_10: 0.0446	 hit@1:0.013152	 hit@5:0.0525	 hit@10: 0.0896
epoch 4: train_loss = 1.110620, source_hit@10 = 0.0298, source_ndcg@10 = 0.0144, target_hit@10 = 0.0896, target_ndcg@10 = 0.0446

2024-08-02 20:16:01.943289: step 8800/140800 (epoch 5/80), loss = 1.081077 (601.827 sec/epoch), lr: 0.004000
Evaluating on dev set...
...................................................................................................................................................................................................................................................................................................................................................................................................................................................................................................
source: 	 mrr: 0.045587	 ndcg_5: 0.0374	 ndcg_10: 0.0488	 hit@1:0.015476	 hit@5:0.0593	 hit@10: 0.0948
target: 	 mrr: 0.048599	 ndcg_5: 0.0373	 ndcg_10: 0.0517	 hit@1:0.013397	 hit@5:0.0616	 hit@10: 0.1064
source best!
....................................................................................................................................................................................................
source: 	 mrr: 0.045691	 ndcg_5: 0.0368	 ndcg_10: 0.0482	 hit@1:0.016421	 hit@5:0.0571	 hit@10: 0.0924
epoch 5: train_loss = 1.081077, source_hit@10 = 0.0924, source_ndcg@10 = 0.0482, target_hit@10 = 0.1064, target_ndcg@10 = 0.0517

2024-08-02 20:26:10.058999: step 10560/140800 (epoch 6/80), loss = 1.067306 (601.969 sec/epoch), lr: 0.004000
Evaluating on dev set...
...................................................................................................................................................................................................................................................................................................................................................................................................................................................................................................
source: 	 mrr: 0.043505	 ndcg_5: 0.0341	 ndcg_10: 0.0467	 hit@1:0.014065	 hit@5:0.0547	 hit@10: 0.0941
target: 	 mrr: 0.044503	 ndcg_5: 0.0339	 ndcg_10: 0.0477	 hit@1:0.012138	 hit@5:0.0563	 hit@10: 0.0993
epoch 6: train_loss = 1.067306, source_hit@10 = 0.0941, source_ndcg@10 = 0.0467, target_hit@10 = 0.0993, target_ndcg@10 = 0.0477

2024-08-02 20:36:19.761091: step 12320/140800 (epoch 7/80), loss = 1.061560 (605.171 sec/epoch), lr: 0.004000
Evaluating on dev set...
...................................................................................................................................................................................................................................................................................................................................................................................................................................................................................................
source: 	 mrr: 0.031500	 ndcg_5: 0.0237	 ndcg_10: 0.0323	 hit@1:0.008116	 hit@5:0.0396	 hit@10: 0.0661
target: 	 mrr: 0.053709	 ndcg_5: 0.0427	 ndcg_10: 0.0582	 hit@1:0.017000	 hit@5:0.0692	 hit@10: 0.1172
epoch 7: train_loss = 1.061560, source_hit@10 = 0.0661, source_ndcg@10 = 0.0323, target_hit@10 = 0.1172, target_ndcg@10 = 0.0582

2024-08-02 20:46:26.053902: step 14080/140800 (epoch 8/80), loss = 1.049582 (601.832 sec/epoch), lr: 0.004000
Evaluating on dev set...
...................................................................................................................................................................................................................................................................................................................................................................................................................................................................................................
source: 	 mrr: 0.030437	 ndcg_5: 0.0217	 ndcg_10: 0.0303	 hit@1:0.008419	 hit@5:0.0353	 hit@10: 0.0620
target: 	 mrr: 0.041019	 ndcg_5: 0.0316	 ndcg_10: 0.0432	 hit@1:0.011823	 hit@5:0.0517	 hit@10: 0.0881
epoch 8: train_loss = 1.049582, source_hit@10 = 0.0620, source_ndcg@10 = 0.0303, target_hit@10 = 0.0881, target_ndcg@10 = 0.0432

2024-08-02 20:56:33.023446: step 15840/140800 (epoch 9/80), loss = 1.038324 (602.424 sec/epoch), lr: 0.004000
Evaluating on dev set...
...................................................................................................................................................................................................................................................................................................................................................................................................................................................................................................
source: 	 mrr: 0.029578	 ndcg_5: 0.0219	 ndcg_10: 0.0298	 hit@1:0.008923	 hit@5:0.0349	 hit@10: 0.0595
target: 	 mrr: 0.053770	 ndcg_5: 0.0433	 ndcg_10: 0.0584	 hit@1:0.017524	 hit@5:0.0692	 hit@10: 0.1161
epoch 9: train_loss = 1.038324, source_hit@10 = 0.0595, source_ndcg@10 = 0.0298, target_hit@10 = 0.1161, target_ndcg@10 = 0.0584

2024-08-02 21:06:39.185037: step 17600/140800 (epoch 10/80), loss = 1.035034 (601.666 sec/epoch), lr: 0.004000
Evaluating on dev set...
...................................................................................................................................................................................................................................................................................................................................................................................................................................................................................................
source: 	 mrr: 0.059476	 ndcg_5: 0.0509	 ndcg_10: 0.0648	 hit@1:0.023340	 hit@5:0.0781	 hit@10: 0.1214
target: 	 mrr: 0.057250	 ndcg_5: 0.0459	 ndcg_10: 0.0618	 hit@1:0.018469	 hit@5:0.0739	 hit@10: 0.1235
source best!
....................................................................................................................................................................................................
source: 	 mrr: 0.060232	 ndcg_5: 0.0512	 ndcg_10: 0.0661	 hit@1:0.024352	 hit@5:0.0780	 hit@10: 0.1243
target best!
................................................................................................................................................................................................................................................................................................target: 	 mrr: 0.059520	 ndcg_5: 0.0489	 ndcg_10: 0.0641	 hit@1:0.020328	 hit@5:0.0777	 hit@10: 0.1254
epoch 10: train_loss = 1.035034, source_hit@10 = 0.1243, source_ndcg@10 = 0.0661, target_hit@10 = 0.1254, target_ndcg@10 = 0.0641
new best model saved.

2024-08-02 21:16:49.930684: step 19360/140800 (epoch 11/80), loss = 1.033174 (601.653 sec/epoch), lr: 0.004000
Evaluating on dev set...
...................................................................................................................................................................................................................................................................................................................................................................................................................................................................................................
source: 	 mrr: 0.022653	 ndcg_5: 0.0163	 ndcg_10: 0.0215	 hit@1:0.006553	 hit@5:0.0260	 hit@10: 0.0421
target: 	 mrr: 0.058741	 ndcg_5: 0.0483	 ndcg_10: 0.0646	 hit@1:0.018469	 hit@5:0.0785	 hit@10: 0.1292
target best!
................................................................................................................................................................................................................................................................................................target: 	 mrr: 0.058865	 ndcg_5: 0.0476	 ndcg_10: 0.0641	 hit@1:0.019185	 hit@5:0.0761	 hit@10: 0.1273
epoch 11: train_loss = 1.033174, source_hit@10 = 0.0421, source_ndcg@10 = 0.0215, target_hit@10 = 0.1273, target_ndcg@10 = 0.0641

2024-08-02 21:26:59.542426: step 21120/140800 (epoch 12/80), loss = 1.030100 (602.522 sec/epoch), lr: 0.003800
Evaluating on dev set...
...................................................................................................................................................................................................................................................................................................................................................................................................................................................................................................
source: 	 mrr: 0.039548	 ndcg_5: 0.0306	 ndcg_10: 0.0413	 hit@1:0.012552	 hit@5:0.0484	 hit@10: 0.0816
target: 	 mrr: 0.060041	 ndcg_5: 0.0489	 ndcg_10: 0.0655	 hit@1:0.020113	 hit@5:0.0780	 hit@10: 0.1299
target best!
................................................................................................................................................................................................................................................................................................target: 	 mrr: 0.061076	 ndcg_5: 0.0504	 ndcg_10: 0.0670	 hit@1:0.019878	 hit@5:0.0810	 hit@10: 0.1326
epoch 12: train_loss = 1.030100, source_hit@10 = 0.0816, source_ndcg@10 = 0.0413, target_hit@10 = 0.1326, target_ndcg@10 = 0.0670

2024-08-02 21:37:08.705095: step 22880/140800 (epoch 13/80), loss = 1.028270 (602.077 sec/epoch), lr: 0.003800
Evaluating on dev set...
...................................................................................................................................................................................................................................................................................................................................................................................................................................................................................................
source: 	 mrr: 0.057772	 ndcg_5: 0.0486	 ndcg_10: 0.0625	 hit@1:0.022584	 hit@5:0.0743	 hit@10: 0.1175
target: 	 mrr: 0.044267	 ndcg_5: 0.0337	 ndcg_10: 0.0468	 hit@1:0.013187	 hit@5:0.0542	 hit@10: 0.0953
epoch 13: train_loss = 1.028270, source_hit@10 = 0.1175, source_ndcg@10 = 0.0625, target_hit@10 = 0.0953, target_ndcg@10 = 0.0468

2024-08-02 21:47:14.908994: step 24640/140800 (epoch 14/80), loss = 1.026641 (601.751 sec/epoch), lr: 0.003800
Evaluating on dev set...
...................................................................................................................................................................................................................................................................................................................................................................................................................................................................................................
source: 	 mrr: 0.035297	 ndcg_5: 0.0281	 ndcg_10: 0.0371	 hit@1:0.012351	 hit@5:0.0442	 hit@10: 0.0721
target: 	 mrr: 0.056033	 ndcg_5: 0.0454	 ndcg_10: 0.0603	 hit@1:0.018574	 hit@5:0.0726	 hit@10: 0.1191
epoch 14: train_loss = 1.026641, source_hit@10 = 0.0721, source_ndcg@10 = 0.0371, target_hit@10 = 0.1191, target_ndcg@10 = 0.0603

2024-08-02 21:57:21.232392: step 26400/140800 (epoch 15/80), loss = 1.023079 (601.736 sec/epoch), lr: 0.003610
Evaluating on dev set...
...................................................................................................................................................................................................................................................................................................................................................................................................................................................................................................
source: 	 mrr: 0.037613	 ndcg_5: 0.0293	 ndcg_10: 0.0396	 hit@1:0.012048	 hit@5:0.0468	 hit@10: 0.0788
target: 	 mrr: 0.053832	 ndcg_5: 0.0428	 ndcg_10: 0.0585	 hit@1:0.017734	 hit@5:0.0682	 hit@10: 0.1172
epoch 15: train_loss = 1.023079, source_hit@10 = 0.0788, source_ndcg@10 = 0.0396, target_hit@10 = 0.1172, target_ndcg@10 = 0.0585

2024-08-02 22:07:26.847743: step 28160/140800 (epoch 16/80), loss = 1.022671 (601.218 sec/epoch), lr: 0.003610
Evaluating on dev set...
...................................................................................................................................................................................................................................................................................................................................................................................................................................................................................................
source: 	 mrr: 0.052302	 ndcg_5: 0.0437	 ndcg_10: 0.0560	 hit@1:0.019408	 hit@5:0.0674	 hit@10: 0.1056
target: 	 mrr: 0.049804	 ndcg_5: 0.0402	 ndcg_10: 0.0535	 hit@1:0.016475	 hit@5:0.0641	 hit@10: 0.1056
epoch 16: train_loss = 1.022671, source_hit@10 = 0.1056, source_ndcg@10 = 0.0560, target_hit@10 = 0.1056, target_ndcg@10 = 0.0535

2024-08-02 22:17:33.059250: step 29920/140800 (epoch 17/80), loss = 1.021927 (601.772 sec/epoch), lr: 0.003610
Evaluating on dev set...
...................................................................................................................................................................................................................................................................................................................................................................................................................................................................................................
source: 	 mrr: 0.044359	 ndcg_5: 0.0360	 ndcg_10: 0.0463	 hit@1:0.016787	 hit@5:0.0552	 hit@10: 0.0870
target: 	 mrr: 0.052324	 ndcg_5: 0.0414	 ndcg_10: 0.0558	 hit@1:0.016965	 hit@5:0.0660	 hit@10: 0.1107
epoch 17: train_loss = 1.021927, source_hit@10 = 0.0870, source_ndcg@10 = 0.0463, target_hit@10 = 0.1107, target_ndcg@10 = 0.0558

2024-08-02 22:27:39.280916: step 31680/140800 (epoch 18/80), loss = 1.018824 (601.785 sec/epoch), lr: 0.003429
Evaluating on dev set...
...................................................................................................................................................................................................................................................................................................................................................................................................................................................................................................
source: 	 mrr: 0.038010	 ndcg_5: 0.0300	 ndcg_10: 0.0397	 hit@1:0.012754	 hit@5:0.0466	 hit@10: 0.0770
target: 	 mrr: 0.055881	 ndcg_5: 0.0454	 ndcg_10: 0.0607	 hit@1:0.019063	 hit@5:0.0725	 hit@10: 0.1200
epoch 18: train_loss = 1.018824, source_hit@10 = 0.0770, source_ndcg@10 = 0.0397, target_hit@10 = 0.1200, target_ndcg@10 = 0.0607

2024-08-02 22:37:45.382788: step 33440/140800 (epoch 19/80), loss = 1.016147 (601.650 sec/epoch), lr: 0.003258
Evaluating on dev set...
...................................................................................................................................................................................................................................................................................................................................................................................................................................................................................................
source: 	 mrr: 0.046633	 ndcg_5: 0.0375	 ndcg_10: 0.0493	 hit@1:0.016131	 hit@5:0.0593	 hit@10: 0.0960
target: 	 mrr: 0.054153	 ndcg_5: 0.0435	 ndcg_10: 0.0579	 hit@1:0.018224	 hit@5:0.0690	 hit@10: 0.1139
epoch 19: train_loss = 1.016147, source_hit@10 = 0.0960, source_ndcg@10 = 0.0493, target_hit@10 = 0.1139, target_ndcg@10 = 0.0579

2024-08-02 22:47:52.290946: step 35200/140800 (epoch 20/80), loss = 1.015309 (602.388 sec/epoch), lr: 0.003258
Evaluating on dev set...
...................................................................................................................................................................................................................................................................................................................................................................................................................................................................................................
source: 	 mrr: 0.054473	 ndcg_5: 0.0443	 ndcg_10: 0.0584	 hit@1:0.019711	 hit@5:0.0685	 hit@10: 0.1122
target: 	 mrr: 0.058233	 ndcg_5: 0.0475	 ndcg_10: 0.0635	 hit@1:0.018609	 hit@5:0.0770	 hit@10: 0.1270
epoch 20: train_loss = 1.015309, source_hit@10 = 0.1122, source_ndcg@10 = 0.0584, target_hit@10 = 0.1270, target_ndcg@10 = 0.0635

2024-08-02 22:57:58.628962: step 36960/140800 (epoch 21/80), loss = 1.014960 (601.848 sec/epoch), lr: 0.003258
Evaluating on dev set...
...................................................................................................................................................................................................................................................................................................................................................................................................................................................................................................
source: 	 mrr: 0.056148	 ndcg_5: 0.0469	 ndcg_10: 0.0602	 hit@1:0.022231	 hit@5:0.0713	 hit@10: 0.1132
target: 	 mrr: 0.059085	 ndcg_5: 0.0478	 ndcg_10: 0.0645	 hit@1:0.018888	 hit@5:0.0773	 hit@10: 0.1294
epoch 21: train_loss = 1.014960, source_hit@10 = 0.1132, source_ndcg@10 = 0.0602, target_hit@10 = 0.1294, target_ndcg@10 = 0.0645

2024-08-02 23:08:05.317770: step 38720/140800 (epoch 22/80), loss = 1.014532 (602.166 sec/epoch), lr: 0.003258
Evaluating on dev set...
...................................................................................................................................................................................................................................................................................................................................................................................................................................................................................................
source: 	 mrr: 0.059550	 ndcg_5: 0.0494	 ndcg_10: 0.0646	 hit@1:0.021324	 hit@5:0.0774	 hit@10: 0.1247
target: 	 mrr: 0.058494	 ndcg_5: 0.0473	 ndcg_10: 0.0639	 hit@1:0.019098	 hit@5:0.0765	 hit@10: 0.1281
source best!
....................................................................................................................................................................................................
source: 	 mrr: 0.061373	 ndcg_5: 0.0508	 ndcg_10: 0.0664	 hit@1:0.024352	 hit@5:0.0778	 hit@10: 0.1264
epoch 22: train_loss = 1.014532, source_hit@10 = 0.1264, source_ndcg@10 = 0.0664, target_hit@10 = 0.1281, target_ndcg@10 = 0.0639

2024-08-02 23:18:12.522378: step 40480/140800 (epoch 23/80), loss = 1.013792 (601.072 sec/epoch), lr: 0.003258
Evaluating on dev set...
...................................................................................................................................................................................................................................................................................................................................................................................................................................................................................................
source: 	 mrr: 0.055541	 ndcg_5: 0.0471	 ndcg_10: 0.0597	 hit@1:0.021878	 hit@5:0.0721	 hit@10: 0.1115
target: 	 mrr: 0.037600	 ndcg_5: 0.0280	 ndcg_10: 0.0380	 hit@1:0.010843	 hit@5:0.0455	 hit@10: 0.0767
epoch 23: train_loss = 1.013792, source_hit@10 = 0.1115, source_ndcg@10 = 0.0597, target_hit@10 = 0.0767, target_ndcg@10 = 0.0380

2024-08-02 23:28:17.984024: step 42240/140800 (epoch 24/80), loss = 1.012053 (601.090 sec/epoch), lr: 0.003095
Evaluating on dev set...
...................................................................................................................................................................................................................................................................................................................................................................................................................................................................................................
source: 	 mrr: 0.051421	 ndcg_5: 0.0422	 ndcg_10: 0.0563	 hit@1:0.017442	 hit@5:0.0667	 hit@10: 0.1108
target: 	 mrr: 0.063138	 ndcg_5: 0.0518	 ndcg_10: 0.0687	 hit@1:0.022386	 hit@5:0.0811	 hit@10: 0.1337
target best!
................................................................................................................................................................................................................................................................................................target: 	 mrr: 0.061545	 ndcg_5: 0.0503	 ndcg_10: 0.0670	 hit@1:0.021090	 hit@5:0.0797	 hit@10: 0.1318
epoch 24: train_loss = 1.012053, source_hit@10 = 0.1108, source_ndcg@10 = 0.0563, target_hit@10 = 0.1318, target_ndcg@10 = 0.0670

2024-08-02 23:38:26.996399: step 44000/140800 (epoch 25/80), loss = 1.010405 (601.918 sec/epoch), lr: 0.003095
Evaluating on dev set...
...................................................................................................................................................................................................................................................................................................................................................................................................................................................................................................
source: 	 mrr: 0.048758	 ndcg_5: 0.0406	 ndcg_10: 0.0523	 hit@1:0.018954	 hit@5:0.0621	 hit@10: 0.0987
target: 	 mrr: 0.053851	 ndcg_5: 0.0431	 ndcg_10: 0.0571	 hit@1:0.018574	 hit@5:0.0677	 hit@10: 0.1112
epoch 25: train_loss = 1.010405, source_hit@10 = 0.0987, source_ndcg@10 = 0.0523, target_hit@10 = 0.1112, target_ndcg@10 = 0.0571

2024-08-02 23:48:33.157881: step 45760/140800 (epoch 26/80), loss = 1.007465 (601.667 sec/epoch), lr: 0.002940
Evaluating on dev set...
...................................................................................................................................................................................................................................................................................................................................................................................................................................................................................................
source: 	 mrr: 0.052172	 ndcg_5: 0.0423	 ndcg_10: 0.0556	 hit@1:0.017997	 hit@5:0.0664	 hit@10: 0.1075
target: 	 mrr: 0.039231	 ndcg_5: 0.0305	 ndcg_10: 0.0405	 hit@1:0.012697	 hit@5:0.0487	 hit@10: 0.0799
epoch 26: train_loss = 1.007465, source_hit@10 = 0.1075, source_ndcg@10 = 0.0556, target_hit@10 = 0.0799, target_ndcg@10 = 0.0405

2024-08-02 23:58:39.111073: step 47520/140800 (epoch 27/80), loss = 1.006411 (601.488 sec/epoch), lr: 0.002793
Evaluating on dev set...
...................................................................................................................................................................................................................................................................................................................................................................................................................................................................................................
source: 	 mrr: 0.052132	 ndcg_5: 0.0428	 ndcg_10: 0.0563	 hit@1:0.018551	 hit@5:0.0670	 hit@10: 0.1087
target: 	 mrr: 0.061800	 ndcg_5: 0.0509	 ndcg_10: 0.0677	 hit@1:0.022141	 hit@5:0.0802	 hit@10: 0.1325
epoch 27: train_loss = 1.006411, source_hit@10 = 0.1087, source_ndcg@10 = 0.0563, target_hit@10 = 0.1325, target_ndcg@10 = 0.0677

2024-08-03 00:08:45.005263: step 49280/140800 (epoch 28/80), loss = 1.005566 (601.464 sec/epoch), lr: 0.002793
Evaluating on dev set...
...................................................................................................................................................................................................................................................................................................................................................................................................................................................................................................
source: 	 mrr: 0.049884	 ndcg_5: 0.0414	 ndcg_10: 0.0535	 hit@1:0.018551	 hit@5:0.0640	 hit@10: 0.1016
target: 	 mrr: 0.058422	 ndcg_5: 0.0470	 ndcg_10: 0.0636	 hit@1:0.019553	 hit@5:0.0749	 hit@10: 0.1267
epoch 28: train_loss = 1.005566, source_hit@10 = 0.1016, source_ndcg@10 = 0.0535, target_hit@10 = 0.1267, target_ndcg@10 = 0.0636

2024-08-03 00:18:51.914802: step 51040/140800 (epoch 29/80), loss = 1.002544 (602.431 sec/epoch), lr: 0.002654
Evaluating on dev set...
...................................................................................................................................................................................................................................................................................................................................................................................................................................................................................................
source: 	 mrr: 0.022069	 ndcg_5: 0.0156	 ndcg_10: 0.0210	 hit@1:0.006654	 hit@5:0.0243	 hit@10: 0.0410
target: 	 mrr: 0.049740	 ndcg_5: 0.0395	 ndcg_10: 0.0536	 hit@1:0.015600	 hit@5:0.0637	 hit@10: 0.1077
epoch 29: train_loss = 1.002544, source_hit@10 = 0.0410, source_ndcg@10 = 0.0210, target_hit@10 = 0.1077, target_ndcg@10 = 0.0536

2024-08-03 00:28:57.234602: step 52800/140800 (epoch 30/80), loss = 0.999744 (600.782 sec/epoch), lr: 0.002521
Evaluating on dev set...
...................................................................................................................................................................................................................................................................................................................................................................................................................................................................................................
source: 	 mrr: 0.059483	 ndcg_5: 0.0506	 ndcg_10: 0.0648	 hit@1:0.022937	 hit@5:0.0783	 hit@10: 0.1223
target: 	 mrr: 0.046510	 ndcg_5: 0.0355	 ndcg_10: 0.0495	 hit@1:0.013397	 hit@5:0.0588	 hit@10: 0.1026
epoch 30: train_loss = 0.999744, source_hit@10 = 0.1223, source_ndcg@10 = 0.0648, target_hit@10 = 0.1026, target_ndcg@10 = 0.0495

2024-08-03 00:39:02.495374: step 54560/140800 (epoch 31/80), loss = 0.998562 (600.844 sec/epoch), lr: 0.002521
Evaluating on dev set...
...................................................................................................................................................................................................................................................................................................................................................................................................................................................................................................
source: 	 mrr: 0.027344	 ndcg_5: 0.0203	 ndcg_10: 0.0273	 hit@1:0.008469	 hit@5:0.0322	 hit@10: 0.0538
target: 	 mrr: 0.058668	 ndcg_5: 0.0469	 ndcg_10: 0.0631	 hit@1:0.020008	 hit@5:0.0732	 hit@10: 0.1239
epoch 31: train_loss = 0.998562, source_hit@10 = 0.0538, source_ndcg@10 = 0.0273, target_hit@10 = 0.1239, target_ndcg@10 = 0.0631

2024-08-03 00:49:08.794917: step 56320/140800 (epoch 32/80), loss = 0.996095 (601.884 sec/epoch), lr: 0.002395
Evaluating on dev set...
...................................................................................................................................................................................................................................................................................................................................................................................................................................................................................................
source: 	 mrr: 0.058767	 ndcg_5: 0.0489	 ndcg_10: 0.0639	 hit@1:0.021324	 hit@5:0.0766	 hit@10: 0.1233
target: 	 mrr: 0.051638	 ndcg_5: 0.0413	 ndcg_10: 0.0557	 hit@1:0.015740	 hit@5:0.0671	 hit@10: 0.1118
epoch 32: train_loss = 0.996095, source_hit@10 = 0.1233, source_ndcg@10 = 0.0639, target_hit@10 = 0.1118, target_ndcg@10 = 0.0557

2024-08-03 00:59:14.205898: step 58080/140800 (epoch 33/80), loss = 0.995256 (600.998 sec/epoch), lr: 0.002395
Evaluating on dev set...
...................................................................................................................................................................................................................................................................................................................................................................................................................................................................................................
source: 	 mrr: 0.021278	 ndcg_5: 0.0149	 ndcg_10: 0.0198	 hit@1:0.005848	 hit@5:0.0241	 hit@10: 0.0394
target: 	 mrr: 0.062749	 ndcg_5: 0.0508	 ndcg_10: 0.0688	 hit@1:0.021827	 hit@5:0.0802	 hit@10: 0.1363
epoch 33: train_loss = 0.995256, source_hit@10 = 0.0394, source_ndcg@10 = 0.0198, target_hit@10 = 0.1363, target_ndcg@10 = 0.0688

2024-08-03 01:09:19.826367: step 59840/140800 (epoch 34/80), loss = 0.992754 (601.186 sec/epoch), lr: 0.002275
Evaluating on dev set...
...................................................................................................................................................................................................................................................................................................................................................................................................................................................................................................
source: 	 mrr: 0.061890	 ndcg_5: 0.0524	 ndcg_10: 0.0681	 hit@1:0.024046	 hit@5:0.0809	 hit@10: 0.1298
target: 	 mrr: 0.033531	 ndcg_5: 0.0236	 ndcg_10: 0.0328	 hit@1:0.008850	 hit@5:0.0391	 hit@10: 0.0682
source best!
....................................................................................................................................................................................................
source: 	 mrr: 0.062155	 ndcg_5: 0.0525	 ndcg_10: 0.0676	 hit@1:0.024301	 hit@5:0.0805	 hit@10: 0.1276
epoch 34: train_loss = 0.992754, source_hit@10 = 0.1276, source_ndcg@10 = 0.0676, target_hit@10 = 0.0682, target_ndcg@10 = 0.0328

2024-08-03 01:19:27.954993: step 61600/140800 (epoch 35/80), loss = 0.992581 (601.974 sec/epoch), lr: 0.002275
Evaluating on dev set...
...................................................................................................................................................................................................................................................................................................................................................................................................................................................................................................
source: 	 mrr: 0.044846	 ndcg_5: 0.0370	 ndcg_10: 0.0478	 hit@1:0.017593	 hit@5:0.0565	 hit@10: 0.0903
target: 	 mrr: 0.063001	 ndcg_5: 0.0511	 ndcg_10: 0.0691	 hit@1:0.021337	 hit@5:0.0814	 hit@10: 0.1373
epoch 35: train_loss = 0.992581, source_hit@10 = 0.0903, source_ndcg@10 = 0.0478, target_hit@10 = 0.1373, target_ndcg@10 = 0.0691

2024-08-03 01:29:33.784532: step 63360/140800 (epoch 36/80), loss = 0.992794 (601.338 sec/epoch), lr: 0.002275
Evaluating on dev set...
...................................................................................................................................................................................................................................................................................................................................................................................................................................................................................................
source: 	 mrr: 0.048076	 ndcg_5: 0.0382	 ndcg_10: 0.0512	 hit@1:0.016031	 hit@5:0.0607	 hit@10: 0.1013
target: 	 mrr: 0.056071	 ndcg_5: 0.0451	 ndcg_10: 0.0600	 hit@1:0.019098	 hit@5:0.0712	 hit@10: 0.1178
epoch 36: train_loss = 0.992794, source_hit@10 = 0.1013, source_ndcg@10 = 0.0512, target_hit@10 = 0.1178, target_ndcg@10 = 0.0600

2024-08-03 01:39:40.109967: step 65120/140800 (epoch 37/80), loss = 0.990419 (601.775 sec/epoch), lr: 0.002161
Evaluating on dev set...
...................................................................................................................................................................................................................................................................................................................................................................................................................................................................................................
source: 	 mrr: 0.065252	 ndcg_5: 0.0564	 ndcg_10: 0.0718	 hit@1:0.024802	 hit@5:0.0877	 hit@10: 0.1357
target: 	 mrr: 0.061354	 ndcg_5: 0.0500	 ndcg_10: 0.0673	 hit@1:0.019903	 hit@5:0.0804	 hit@10: 0.1342
source best!
....................................................................................................................................................................................................
source: 	 mrr: 0.065270	 ndcg_5: 0.0556	 ndcg_10: 0.0716	 hit@1:0.025114	 hit@5:0.0859	 hit@10: 0.1357
epoch 37: train_loss = 0.990419, source_hit@10 = 0.1357, source_ndcg@10 = 0.0716, target_hit@10 = 0.1342, target_ndcg@10 = 0.0673
new best model saved.

2024-08-03 01:49:48.268949: step 66880/140800 (epoch 38/80), loss = 0.990076 (601.681 sec/epoch), lr: 0.002161
Evaluating on dev set...
...................................................................................................................................................................................................................................................................................................................................................................................................................................................................................................
source: 	 mrr: 0.051887	 ndcg_5: 0.0426	 ndcg_10: 0.0559	 hit@1:0.019509	 hit@5:0.0659	 hit@10: 0.1075
target: 	 mrr: 0.059894	 ndcg_5: 0.0478	 ndcg_10: 0.0651	 hit@1:0.019483	 hit@5:0.0762	 hit@10: 0.1302
epoch 38: train_loss = 0.990076, source_hit@10 = 0.1075, source_ndcg@10 = 0.0559, target_hit@10 = 0.1302, target_ndcg@10 = 0.0651

2024-08-03 01:59:54.014708: step 68640/140800 (epoch 39/80), loss = 0.987928 (601.340 sec/epoch), lr: 0.002053
Evaluating on dev set...
...................................................................................................................................................................................................................................................................................................................................................................................................................................................................................................
source: 	 mrr: 0.062123	 ndcg_5: 0.0525	 ndcg_10: 0.0685	 hit@1:0.022231	 hit@5:0.0833	 hit@10: 0.1332
target: 	 mrr: 0.055954	 ndcg_5: 0.0459	 ndcg_10: 0.0607	 hit@1:0.018574	 hit@5:0.0736	 hit@10: 0.1199
epoch 39: train_loss = 0.987928, source_hit@10 = 0.1332, source_ndcg@10 = 0.0685, target_hit@10 = 0.1199, target_ndcg@10 = 0.0607

2024-08-03 02:10:00.096208: step 70400/140800 (epoch 40/80), loss = 0.987039 (601.616 sec/epoch), lr: 0.002053
Evaluating on dev set...
...................................................................................................................................................................................................................................................................................................................................................................................................................................................................................................
source: 	 mrr: 0.055272	 ndcg_5: 0.0458	 ndcg_10: 0.0600	 hit@1:0.019711	 hit@5:0.0719	 hit@10: 0.1158
target: 	 mrr: 0.063513	 ndcg_5: 0.0520	 ndcg_10: 0.0702	 hit@1:0.020742	 hit@5:0.0837	 hit@10: 0.1406
target best!
................................................................................................................................................................................................................................................................................................target: 	 mrr: 0.064571	 ndcg_5: 0.0528	 ndcg_10: 0.0711	 hit@1:0.021679	 hit@5:0.0841	 hit@10: 0.1409
epoch 40: train_loss = 0.987039, source_hit@10 = 0.1158, source_ndcg@10 = 0.0600, target_hit@10 = 0.1409, target_ndcg@10 = 0.0711
shift to transfer learning mode

2024-08-03 02:20:11.660601: step 72160/140800 (epoch 41/80), loss = 0.987228 (604.635 sec/epoch), lr: 0.002053
Evaluating on dev set...
...................................................................................................................................................................................................................................................................................................................................................................................................................................................................................................
source: 	 mrr: 0.036107	 ndcg_5: 0.0293	 ndcg_10: 0.0384	 hit@1:0.013157	 hit@5:0.0457	 hit@10: 0.0738
target: 	 mrr: 0.056626	 ndcg_5: 0.0455	 ndcg_10: 0.0612	 hit@1:0.017944	 hit@5:0.0733	 hit@10: 0.1223
epoch 41: train_loss = 0.987228, source_hit@10 = 0.0738, source_ndcg@10 = 0.0384, target_hit@10 = 0.1223, target_ndcg@10 = 0.0612

2024-08-03 02:30:21.060688: step 73920/140800 (epoch 42/80), loss = 0.984009 (604.960 sec/epoch), lr: 0.001951
Evaluating on dev set...
...................................................................................................................................................................................................................................................................................................................................................................................................................................................................................................
source: 	 mrr: 0.054499	 ndcg_5: 0.0452	 ndcg_10: 0.0587	 hit@1:0.020316	 hit@5:0.0695	 hit@10: 0.1116
target: 	 mrr: 0.050499	 ndcg_5: 0.0400	 ndcg_10: 0.0553	 hit@1:0.014866	 hit@5:0.0654	 hit@10: 0.1132
epoch 42: train_loss = 0.984009, source_hit@10 = 0.1116, source_ndcg@10 = 0.0587, target_hit@10 = 0.1132, target_ndcg@10 = 0.0553

2024-08-03 02:40:34.573997: step 75680/140800 (epoch 43/80), loss = 0.984346 (609.077 sec/epoch), lr: 0.001951
Evaluating on dev set...
...................................................................................................................................................................................................................................................................................................................................................................................................................................................................................................
source: 	 mrr: 0.037572	 ndcg_5: 0.0305	 ndcg_10: 0.0395	 hit@1:0.012552	 hit@5:0.0480	 hit@10: 0.0761
target: 	 mrr: 0.052342	 ndcg_5: 0.0412	 ndcg_10: 0.0565	 hit@1:0.015880	 hit@5:0.0668	 hit@10: 0.1144
epoch 43: train_loss = 0.984346, source_hit@10 = 0.0761, source_ndcg@10 = 0.0395, target_hit@10 = 0.1144, target_ndcg@10 = 0.0565

2024-08-03 02:50:43.674579: step 77440/140800 (epoch 44/80), loss = 0.982148 (604.693 sec/epoch), lr: 0.001853
Evaluating on dev set...
...................................................................................................................................................................................................................................................................................................................................................................................................................................................................................................
source: 	 mrr: 0.051289	 ndcg_5: 0.0417	 ndcg_10: 0.0554	 hit@1:0.018854	 hit@5:0.0644	 hit@10: 0.1071
target: 	 mrr: 0.054777	 ndcg_5: 0.0443	 ndcg_10: 0.0594	 hit@1:0.017489	 hit@5:0.0719	 hit@10: 0.1188
epoch 44: train_loss = 0.982148, source_hit@10 = 0.1071, source_ndcg@10 = 0.0554, target_hit@10 = 0.1188, target_ndcg@10 = 0.0594

2024-08-03 03:00:52.999700: step 79200/140800 (epoch 45/80), loss = 0.980474 (604.824 sec/epoch), lr: 0.001853
Evaluating on dev set...
...................................................................................................................................................................................................................................................................................................................................................................................................................................................................................................
source: 	 mrr: 0.043191	 ndcg_5: 0.0346	 ndcg_10: 0.0456	 hit@1:0.015325	 hit@5:0.0540	 hit@10: 0.0884
target: 	 mrr: 0.052697	 ndcg_5: 0.0407	 ndcg_10: 0.0566	 hit@1:0.015985	 hit@5:0.0658	 hit@10: 0.1154
epoch 45: train_loss = 0.980474, source_hit@10 = 0.0884, source_ndcg@10 = 0.0456, target_hit@10 = 0.1154, target_ndcg@10 = 0.0566

2024-08-03 03:11:02.136077: step 80960/140800 (epoch 46/80), loss = 0.978408 (604.685 sec/epoch), lr: 0.001761
Evaluating on dev set...
...................................................................................................................................................................................................................................................................................................................................................................................................................................................................................................
source: 	 mrr: 0.051274	 ndcg_5: 0.0425	 ndcg_10: 0.0560	 hit@1:0.017593	 hit@5:0.0677	 hit@10: 0.1097
target: 	 mrr: 0.063220	 ndcg_5: 0.0520	 ndcg_10: 0.0694	 hit@1:0.021932	 hit@5:0.0826	 hit@10: 0.1369
epoch 46: train_loss = 0.978408, source_hit@10 = 0.1097, source_ndcg@10 = 0.0560, target_hit@10 = 0.1369, target_ndcg@10 = 0.0694

2024-08-03 03:21:11.850947: step 82720/140800 (epoch 47/80), loss = 0.978553 (605.286 sec/epoch), lr: 0.001761
Evaluating on dev set...
...................................................................................................................................................................................................................................................................................................................................................................................................................................................................................................
source: 	 mrr: 0.044765	 ndcg_5: 0.0364	 ndcg_10: 0.0487	 hit@1:0.015174	 hit@5:0.0575	 hit@10: 0.0959
target: 	 mrr: 0.062519	 ndcg_5: 0.0506	 ndcg_10: 0.0684	 hit@1:0.021372	 hit@5:0.0801	 hit@10: 0.1358
epoch 47: train_loss = 0.978553, source_hit@10 = 0.0959, source_ndcg@10 = 0.0487, target_hit@10 = 0.1358, target_ndcg@10 = 0.0684

2024-08-03 03:31:20.915581: step 84480/140800 (epoch 48/80), loss = 0.976151 (604.566 sec/epoch), lr: 0.001672
Evaluating on dev set...
...................................................................................................................................................................................................................................................................................................................................................................................................................................................................................................
source: 	 mrr: 0.057107	 ndcg_5: 0.0488	 ndcg_10: 0.0619	 hit@1:0.021828	 hit@5:0.0755	 hit@10: 0.1163
target: 	 mrr: 0.059785	 ndcg_5: 0.0482	 ndcg_10: 0.0653	 hit@1:0.020043	 hit@5:0.0766	 hit@10: 0.1296
epoch 48: train_loss = 0.976151, source_hit@10 = 0.1163, source_ndcg@10 = 0.0619, target_hit@10 = 0.1296, target_ndcg@10 = 0.0653

2024-08-03 03:41:29.302035: step 86240/140800 (epoch 49/80), loss = 0.975292 (603.965 sec/epoch), lr: 0.001672
Evaluating on dev set...
...................................................................................................................................................................................................................................................................................................................................................................................................................................................................................................
source: 	 mrr: 0.050726	 ndcg_5: 0.0423	 ndcg_10: 0.0551	 hit@1:0.018450	 hit@5:0.0668	 hit@10: 0.1066
target: 	 mrr: 0.060696	 ndcg_5: 0.0493	 ndcg_10: 0.0659	 hit@1:0.021127	 hit@5:0.0773	 hit@10: 0.1294
epoch 49: train_loss = 0.975292, source_hit@10 = 0.1066, source_ndcg@10 = 0.0551, target_hit@10 = 0.1294, target_ndcg@10 = 0.0659

2024-08-03 03:51:38.224771: step 88000/140800 (epoch 50/80), loss = 0.972961 (604.479 sec/epoch), lr: 0.001589
Evaluating on dev set...
...................................................................................................................................................................................................................................................................................................................................................................................................................................................................................................
source: 	 mrr: 0.059176	 ndcg_5: 0.0506	 ndcg_10: 0.0650	 hit@1:0.022634	 hit@5:0.0781	 hit@10: 0.1230
target: 	 mrr: 0.061310	 ndcg_5: 0.0497	 ndcg_10: 0.0671	 hit@1:0.020567	 hit@5:0.0792	 hit@10: 0.1336
epoch 50: train_loss = 0.972961, source_hit@10 = 0.1230, source_ndcg@10 = 0.0650, target_hit@10 = 0.1336, target_ndcg@10 = 0.0671

2024-08-03 04:01:45.974874: step 89760/140800 (epoch 51/80), loss = 0.973674 (603.301 sec/epoch), lr: 0.001589
Evaluating on dev set...
...................................................................................................................................................................................................................................................................................................................................................................................................................................................................................................
source: 	 mrr: 0.062240	 ndcg_5: 0.0527	 ndcg_10: 0.0675	 hit@1:0.024046	 hit@5:0.0807	 hit@10: 0.1268
target: 	 mrr: 0.064415	 ndcg_5: 0.0524	 ndcg_10: 0.0702	 hit@1:0.023121	 hit@5:0.0824	 hit@10: 0.1380
target best!
................................................................................................................................................................................................................................................................................................target: 	 mrr: 0.064519	 ndcg_5: 0.0533	 ndcg_10: 0.0712	 hit@1:0.021333	 hit@5:0.0853	 hit@10: 0.1411
epoch 51: train_loss = 0.973674, source_hit@10 = 0.1268, source_ndcg@10 = 0.0675, target_hit@10 = 0.1411, target_ndcg@10 = 0.0712

2024-08-03 04:11:57.971684: step 91520/140800 (epoch 52/80), loss = 0.972366 (605.009 sec/epoch), lr: 0.001589
Evaluating on dev set...
...................................................................................................................................................................................................................................................................................................................................................................................................................................................................................................
source: 	 mrr: 0.053562	 ndcg_5: 0.0449	 ndcg_10: 0.0589	 hit@1:0.019761	 hit@5:0.0705	 hit@10: 0.1144
target: 	 mrr: 0.059075	 ndcg_5: 0.0473	 ndcg_10: 0.0633	 hit@1:0.019623	 hit@5:0.0749	 hit@10: 0.1250
epoch 52: train_loss = 0.972366, source_hit@10 = 0.1144, source_ndcg@10 = 0.0589, target_hit@10 = 0.1250, target_ndcg@10 = 0.0633

2024-08-03 04:22:06.393607: step 93280/140800 (epoch 53/80), loss = 0.967952 (603.987 sec/epoch), lr: 0.001509
Evaluating on dev set...
...................................................................................................................................................................................................................................................................................................................................................................................................................................................................................................
source: 	 mrr: 0.063916	 ndcg_5: 0.0541	 ndcg_10: 0.0708	 hit@1:0.021828	 hit@5:0.0856	 hit@10: 0.1375
target: 	 mrr: 0.057160	 ndcg_5: 0.0452	 ndcg_10: 0.0614	 hit@1:0.018189	 hit@5:0.0723	 hit@10: 0.1231
epoch 53: train_loss = 0.967952, source_hit@10 = 0.1375, source_ndcg@10 = 0.0708, target_hit@10 = 0.1231, target_ndcg@10 = 0.0614

2024-08-03 04:32:14.005298: step 95040/140800 (epoch 54/80), loss = 0.967158 (603.160 sec/epoch), lr: 0.001509
Evaluating on dev set...
...................................................................................................................................................................................................................................................................................................................................................................................................................................................................................................
source: 	 mrr: 0.060033	 ndcg_5: 0.0506	 ndcg_10: 0.0657	 hit@1:0.022735	 hit@5:0.0785	 hit@10: 0.1253
target: 	 mrr: 0.064294	 ndcg_5: 0.0524	 ndcg_10: 0.0699	 hit@1:0.022491	 hit@5:0.0827	 hit@10: 0.1372
epoch 54: train_loss = 0.967158, source_hit@10 = 0.1253, source_ndcg@10 = 0.0657, target_hit@10 = 0.1372, target_ndcg@10 = 0.0699

2024-08-03 04:42:22.740576: step 96800/140800 (epoch 55/80), loss = 0.965422 (604.310 sec/epoch), lr: 0.001509
Evaluating on dev set...
...................................................................................................................................................................................................................................................................................................................................................................................................................................................................................................
source: 	 mrr: 0.060850	 ndcg_5: 0.0513	 ndcg_10: 0.0667	 hit@1:0.021223	 hit@5:0.0819	 hit@10: 0.1301
target: 	 mrr: 0.059131	 ndcg_5: 0.0477	 ndcg_10: 0.0652	 hit@1:0.019413	 hit@5:0.0765	 hit@10: 0.1309
epoch 55: train_loss = 0.965422, source_hit@10 = 0.1301, source_ndcg@10 = 0.0667, target_hit@10 = 0.1309, target_ndcg@10 = 0.0652

2024-08-03 04:52:31.397304: step 98560/140800 (epoch 56/80), loss = 0.961993 (604.166 sec/epoch), lr: 0.001434
Evaluating on dev set...
...................................................................................................................................................................................................................................................................................................................................................................................................................................................................................................
source: 	 mrr: 0.042026	 ndcg_5: 0.0332	 ndcg_10: 0.0444	 hit@1:0.014317	 hit@5:0.0524	 hit@10: 0.0871
target: 	 mrr: 0.061674	 ndcg_5: 0.0499	 ndcg_10: 0.0676	 hit@1:0.020567	 hit@5:0.0800	 hit@10: 0.1351
epoch 56: train_loss = 0.961993, source_hit@10 = 0.0871, source_ndcg@10 = 0.0444, target_hit@10 = 0.1351, target_ndcg@10 = 0.0676

2024-08-03 05:02:39.386524: step 100320/140800 (epoch 57/80), loss = 0.955628 (603.566 sec/epoch), lr: 0.001362
Evaluating on dev set...
...................................................................................................................................................................................................................................................................................................................................................................................................................................................................................................
source: 	 mrr: 0.060768	 ndcg_5: 0.0507	 ndcg_10: 0.0670	 hit@1:0.021223	 hit@5:0.0801	 hit@10: 0.1309
target: 	 mrr: 0.065933	 ndcg_5: 0.0542	 ndcg_10: 0.0721	 hit@1:0.023576	 hit@5:0.0852	 hit@10: 0.1407
target best!
................................................................................................................................................................................................................................................................................................target: 	 mrr: 0.065652	 ndcg_5: 0.0545	 ndcg_10: 0.0718	 hit@1:0.022302	 hit@5:0.0869	 hit@10: 0.1408
epoch 57: train_loss = 0.955628, source_hit@10 = 0.1309, source_ndcg@10 = 0.0670, target_hit@10 = 0.1408, target_ndcg@10 = 0.0718

2024-08-03 05:12:49.638376: step 102080/140800 (epoch 58/80), loss = 0.951015 (603.310 sec/epoch), lr: 0.001362
Evaluating on dev set...
...................................................................................................................................................................................................................................................................................................................................................................................................................................................................................................
source: 	 mrr: 0.052016	 ndcg_5: 0.0431	 ndcg_10: 0.0568	 hit@1:0.018097	 hit@5:0.0682	 hit@10: 0.1109
target: 	 mrr: 0.065194	 ndcg_5: 0.0534	 ndcg_10: 0.0717	 hit@1:0.021582	 hit@5:0.0853	 hit@10: 0.1422
epoch 58: train_loss = 0.951015, source_hit@10 = 0.1109, source_ndcg@10 = 0.0568, target_hit@10 = 0.1422, target_ndcg@10 = 0.0717

2024-08-03 05:22:57.668817: step 103840/140800 (epoch 59/80), loss = 0.946770 (603.583 sec/epoch), lr: 0.001294
Evaluating on dev set...
...................................................................................................................................................................................................................................................................................................................................................................................................................................................................................................
source: 	 mrr: 0.059647	 ndcg_5: 0.0504	 ndcg_10: 0.0651	 hit@1:0.022685	 hit@5:0.0780	 hit@10: 0.1237
target: 	 mrr: 0.060910	 ndcg_5: 0.0493	 ndcg_10: 0.0666	 hit@1:0.020078	 hit@5:0.0784	 hit@10: 0.1324
epoch 59: train_loss = 0.946770, source_hit@10 = 0.1237, source_ndcg@10 = 0.0651, target_hit@10 = 0.1324, target_ndcg@10 = 0.0666

2024-08-03 05:32:55.796525: step 105600/140800 (epoch 60/80), loss = 0.944584 (593.687 sec/epoch), lr: 0.001294
Evaluating on dev set...
...................................................................................................................................................................................................................................................................................................................................................................................................................................................................................................
source: 	 mrr: 0.066202	 ndcg_5: 0.0560	 ndcg_10: 0.0722	 hit@1:0.025760	 hit@5:0.0858	 hit@10: 0.1362
target: 	 mrr: 0.065265	 ndcg_5: 0.0535	 ndcg_10: 0.0719	 hit@1:0.022351	 hit@5:0.0851	 hit@10: 0.1427
source best!
....................................................................................................................................................................................................
source: 	 mrr: 0.066264	 ndcg_5: 0.0561	 ndcg_10: 0.0722	 hit@1:0.025979	 hit@5:0.0860	 hit@10: 0.1361
epoch 60: train_loss = 0.944584, source_hit@10 = 0.1361, source_ndcg@10 = 0.0722, target_hit@10 = 0.1427, target_ndcg@10 = 0.0719
new best model saved.

2024-08-03 05:42:54.173834: step 107360/140800 (epoch 61/80), loss = 0.943503 (592.097 sec/epoch), lr: 0.001294
Evaluating on dev set...
...................................................................................................................................................................................................................................................................................................................................................................................................................................................................................................
source: 	 mrr: 0.059700	 ndcg_5: 0.0498	 ndcg_10: 0.0656	 hit@1:0.021173	 hit@5:0.0784	 hit@10: 0.1277
target: 	 mrr: 0.059169	 ndcg_5: 0.0475	 ndcg_10: 0.0639	 hit@1:0.019063	 hit@5:0.0759	 hit@10: 0.1268
epoch 61: train_loss = 0.943503, source_hit@10 = 0.1277, source_ndcg@10 = 0.0656, target_hit@10 = 0.1268, target_ndcg@10 = 0.0639

2024-08-03 05:52:49.576406: step 109120/140800 (epoch 62/80), loss = 0.941561 (591.045 sec/epoch), lr: 0.001229
Evaluating on dev set...
...................................................................................................................................................................................................................................................................................................................................................................................................................................................................................................
source: 	 mrr: 0.057216	 ndcg_5: 0.0482	 ndcg_10: 0.0627	 hit@1:0.020164	 hit@5:0.0764	 hit@10: 0.1214
target: 	 mrr: 0.068970	 ndcg_5: 0.0567	 ndcg_10: 0.0763	 hit@1:0.024730	 hit@5:0.0888	 hit@10: 0.1498
target best!
................................................................................................................................................................................................................................................................................................target: 	 mrr: 0.069122	 ndcg_5: 0.0578	 ndcg_10: 0.0764	 hit@1:0.023722	 hit@5:0.0917	 hit@10: 0.1494
epoch 62: train_loss = 0.941561, source_hit@10 = 0.1214, source_ndcg@10 = 0.0627, target_hit@10 = 0.1494, target_ndcg@10 = 0.0764

2024-08-03 06:02:46.814979: step 110880/140800 (epoch 63/80), loss = 0.939570 (590.359 sec/epoch), lr: 0.001229
Evaluating on dev set...
...................................................................................................................................................................................................................................................................................................................................................................................................................................................................................................
source: 	 mrr: 0.063672	 ndcg_5: 0.0533	 ndcg_10: 0.0698	 hit@1:0.023643	 hit@5:0.0829	 hit@10: 0.1345
target: 	 mrr: 0.070492	 ndcg_5: 0.0590	 ndcg_10: 0.0784	 hit@1:0.024975	 hit@5:0.0936	 hit@10: 0.1542
target best!
................................................................................................................................................................................................................................................................................................target: 	 mrr: 0.070047	 ndcg_5: 0.0580	 ndcg_10: 0.0771	 hit@1:0.024692	 hit@5:0.0913	 hit@10: 0.1505
epoch 63: train_loss = 0.939570, source_hit@10 = 0.1345, source_ndcg@10 = 0.0698, target_hit@10 = 0.1505, target_ndcg@10 = 0.0771

2024-08-03 06:12:46.229934: step 112640/140800 (epoch 64/80), loss = 0.938886 (592.496 sec/epoch), lr: 0.001229
Evaluating on dev set...
...................................................................................................................................................................................................................................................................................................................................................................................................................................................................................................
source: 	 mrr: 0.063205	 ndcg_5: 0.0537	 ndcg_10: 0.0695	 hit@1:0.022382	 hit@5:0.0843	 hit@10: 0.1332
target: 	 mrr: 0.066029	 ndcg_5: 0.0540	 ndcg_10: 0.0723	 hit@1:0.022561	 hit@5:0.0857	 hit@10: 0.1424
epoch 64: train_loss = 0.938886, source_hit@10 = 0.1332, source_ndcg@10 = 0.0695, target_hit@10 = 0.1424, target_ndcg@10 = 0.0723

2024-08-03 06:22:42.755626: step 114400/140800 (epoch 65/80), loss = 0.937532 (592.163 sec/epoch), lr: 0.001168
Evaluating on dev set...
...................................................................................................................................................................................................................................................................................................................................................................................................................................................................................................
source: 	 mrr: 0.064510	 ndcg_5: 0.0543	 ndcg_10: 0.0716	 hit@1:0.023038	 hit@5:0.0856	 hit@10: 0.1394
target: 	 mrr: 0.059498	 ndcg_5: 0.0495	 ndcg_10: 0.0642	 hit@1:0.021337	 hit@5:0.0779	 hit@10: 0.1240
epoch 65: train_loss = 0.937532, source_hit@10 = 0.1394, source_ndcg@10 = 0.0716, target_hit@10 = 0.1240, target_ndcg@10 = 0.0642

2024-08-03 06:32:38.238407: step 116160/140800 (epoch 66/80), loss = 0.934463 (591.132 sec/epoch), lr: 0.001110
Evaluating on dev set...
...................................................................................................................................................................................................................................................................................................................................................................................................................................................................................................
source: 	 mrr: 0.057244	 ndcg_5: 0.0477	 ndcg_10: 0.0621	 hit@1:0.021173	 hit@5:0.0739	 hit@10: 0.1189
target: 	 mrr: 0.069589	 ndcg_5: 0.0578	 ndcg_10: 0.0768	 hit@1:0.025115	 hit@5:0.0910	 hit@10: 0.1502
epoch 66: train_loss = 0.934463, source_hit@10 = 0.1189, source_ndcg@10 = 0.0621, target_hit@10 = 0.1502, target_ndcg@10 = 0.0768

2024-08-03 06:42:33.841492: step 117920/140800 (epoch 67/80), loss = 0.934154 (591.248 sec/epoch), lr: 0.001110
Evaluating on dev set...
...................................................................................................................................................................................................................................................................................................................................................................................................................................................................................................
source: 	 mrr: 0.066265	 ndcg_5: 0.0563	 ndcg_10: 0.0735	 hit@1:0.024651	 hit@5:0.0881	 hit@10: 0.1419
target: 	 mrr: 0.069930	 ndcg_5: 0.0579	 ndcg_10: 0.0769	 hit@1:0.025254	 hit@5:0.0908	 hit@10: 0.1501
source best!
....................................................................................................................................................................................................
source: 	 mrr: 0.067290	 ndcg_5: 0.0570	 ndcg_10: 0.0740	 hit@1:0.026538	 hit@5:0.0876	 hit@10: 0.1407
epoch 67: train_loss = 0.934154, source_hit@10 = 0.1407, source_ndcg@10 = 0.0740, target_hit@10 = 0.1501, target_ndcg@10 = 0.0769

2024-08-03 06:52:31.263811: step 119680/140800 (epoch 68/80), loss = 0.933808 (591.362 sec/epoch), lr: 0.001110
Evaluating on dev set...
...................................................................................................................................................................................................................................................................................................................................................................................................................................................................................................
source: 	 mrr: 0.058251	 ndcg_5: 0.0498	 ndcg_10: 0.0640	 hit@1:0.021324	 hit@5:0.0778	 hit@10: 0.1222
target: 	 mrr: 0.065832	 ndcg_5: 0.0544	 ndcg_10: 0.0724	 hit@1:0.022386	 hit@5:0.0866	 hit@10: 0.1426
epoch 68: train_loss = 0.933808, source_hit@10 = 0.1222, source_ndcg@10 = 0.0640, target_hit@10 = 0.1426, target_ndcg@10 = 0.0724

2024-08-03 07:02:27.444898: step 121440/140800 (epoch 69/80), loss = 0.930435 (591.832 sec/epoch), lr: 0.001054
Evaluating on dev set...
...................................................................................................................................................................................................................................................................................................................................................................................................................................................................................................
source: 	 mrr: 0.064427	 ndcg_5: 0.0552	 ndcg_10: 0.0705	 hit@1:0.024853	 hit@5:0.0852	 hit@10: 0.1331
target: 	 mrr: 0.070298	 ndcg_5: 0.0585	 ndcg_10: 0.0779	 hit@1:0.025464	 hit@5:0.0917	 hit@10: 0.1521
epoch 69: train_loss = 0.930435, source_hit@10 = 0.1331, source_ndcg@10 = 0.0705, target_hit@10 = 0.1521, target_ndcg@10 = 0.0779

2024-08-03 07:12:23.279900: step 123200/140800 (epoch 70/80), loss = 0.930384 (591.448 sec/epoch), lr: 0.001054
Evaluating on dev set...
...................................................................................................................................................................................................................................................................................................................................................................................................................................................................................................
source: 	 mrr: 0.069512	 ndcg_5: 0.0601	 ndcg_10: 0.0766	 hit@1:0.026415	 hit@5:0.0932	 hit@10: 0.1444
target: 	 mrr: 0.056741	 ndcg_5: 0.0452	 ndcg_10: 0.0607	 hit@1:0.018574	 hit@5:0.0724	 hit@10: 0.1211
source best!
....................................................................................................................................................................................................
source: 	 mrr: 0.070412	 ndcg_5: 0.0608	 ndcg_10: 0.0780	 hit@1:0.027656	 hit@5:0.0940	 hit@10: 0.1473
epoch 70: train_loss = 0.930384, source_hit@10 = 0.1473, source_ndcg@10 = 0.0780, target_hit@10 = 0.1211, target_ndcg@10 = 0.0607

2024-08-03 07:22:20.291526: step 124960/140800 (epoch 71/80), loss = 0.927993 (590.955 sec/epoch), lr: 0.001001
Evaluating on dev set...
...................................................................................................................................................................................................................................................................................................................................................................................................................................................................................................
source: 	 mrr: 0.064760	 ndcg_5: 0.0549	 ndcg_10: 0.0712	 hit@1:0.024298	 hit@5:0.0855	 hit@10: 0.1364
target: 	 mrr: 0.060065	 ndcg_5: 0.0489	 ndcg_10: 0.0646	 hit@1:0.020148	 hit@5:0.0778	 hit@10: 0.1269
epoch 71: train_loss = 0.927993, source_hit@10 = 0.1364, source_ndcg@10 = 0.0712, target_hit@10 = 0.1269, target_ndcg@10 = 0.0646

2024-08-03 07:32:15.556964: step 126720/140800 (epoch 72/80), loss = 0.925551 (590.926 sec/epoch), lr: 0.000951
Evaluating on dev set...
...................................................................................................................................................................................................................................................................................................................................................................................................................................................................................................
source: 	 mrr: 0.066494	 ndcg_5: 0.0564	 ndcg_10: 0.0733	 hit@1:0.024802	 hit@5:0.0871	 hit@10: 0.1400
target: 	 mrr: 0.068528	 ndcg_5: 0.0568	 ndcg_10: 0.0750	 hit@1:0.024625	 hit@5:0.0892	 hit@10: 0.1458
epoch 72: train_loss = 0.925551, source_hit@10 = 0.1400, source_ndcg@10 = 0.0733, target_hit@10 = 0.1458, target_ndcg@10 = 0.0750

2024-08-03 07:42:09.296250: step 128480/140800 (epoch 73/80), loss = 0.924555 (589.378 sec/epoch), lr: 0.000951
Evaluating on dev set...
...................................................................................................................................................................................................................................................................................................................................................................................................................................................................................................
source: 	 mrr: 0.068076	 ndcg_5: 0.0579	 ndcg_10: 0.0750	 hit@1:0.026214	 hit@5:0.0889	 hit@10: 0.1420
target: 	 mrr: 0.071223	 ndcg_5: 0.0603	 ndcg_10: 0.0787	 hit@1:0.026129	 hit@5:0.0947	 hit@10: 0.1521
target best!
................................................................................................................................................................................................................................................................................................target: 	 mrr: 0.070600	 ndcg_5: 0.0593	 ndcg_10: 0.0780	 hit@1:0.025627	 hit@5:0.0931	 hit@10: 0.1512
epoch 73: train_loss = 0.924555, source_hit@10 = 0.1420, source_ndcg@10 = 0.0750, target_hit@10 = 0.1512, target_ndcg@10 = 0.0780

2024-08-03 07:52:07.315540: step 130240/140800 (epoch 74/80), loss = 0.925095 (591.173 sec/epoch), lr: 0.000951
Evaluating on dev set...
...................................................................................................................................................................................................................................................................................................................................................................................................................................................................................................
source: 	 mrr: 0.070480	 ndcg_5: 0.0603	 ndcg_10: 0.0782	 hit@1:0.026970	 hit@5:0.0931	 hit@10: 0.1488
target: 	 mrr: 0.070179	 ndcg_5: 0.0590	 ndcg_10: 0.0776	 hit@1:0.024975	 hit@5:0.0936	 hit@10: 0.1511
source best!
....................................................................................................................................................................................................
source: 	 mrr: 0.071827	 ndcg_5: 0.0617	 ndcg_10: 0.0793	 hit@1:0.029283	 hit@5:0.0939	 hit@10: 0.1485
epoch 74: train_loss = 0.925095, source_hit@10 = 0.1485, source_ndcg@10 = 0.0793, target_hit@10 = 0.1511, target_ndcg@10 = 0.0776

2024-08-03 08:02:03.538937: step 132000/140800 (epoch 75/80), loss = 0.924195 (590.164 sec/epoch), lr: 0.000951
Evaluating on dev set...
...................................................................................................................................................................................................................................................................................................................................................................................................................................................................................................
source: 	 mrr: 0.069816	 ndcg_5: 0.0604	 ndcg_10: 0.0774	 hit@1:0.027272	 hit@5:0.0933	 hit@10: 0.1462
target: 	 mrr: 0.071655	 ndcg_5: 0.0594	 ndcg_10: 0.0786	 hit@1:0.027563	 hit@5:0.0912	 hit@10: 0.1509
target best!
................................................................................................................................................................................................................................................................................................target: 	 mrr: 0.069409	 ndcg_5: 0.0575	 ndcg_10: 0.0770	 hit@1:0.024415	 hit@5:0.0906	 hit@10: 0.1512
epoch 75: train_loss = 0.924195, source_hit@10 = 0.1462, source_ndcg@10 = 0.0774, target_hit@10 = 0.1512, target_ndcg@10 = 0.0770

2024-08-03 08:12:00.971647: step 133760/140800 (epoch 76/80), loss = 0.924414 (590.565 sec/epoch), lr: 0.000951
Evaluating on dev set...
...................................................................................................................................................................................................................................................................................................................................................................................................................................................................................................
source: 	 mrr: 0.061395	 ndcg_5: 0.0525	 ndcg_10: 0.0669	 hit@1:0.022584	 hit@5:0.0820	 hit@10: 0.1269
target: 	 mrr: 0.070435	 ndcg_5: 0.0587	 ndcg_10: 0.0771	 hit@1:0.026199	 hit@5:0.0913	 hit@10: 0.1488
epoch 76: train_loss = 0.924414, source_hit@10 = 0.1269, source_ndcg@10 = 0.0669, target_hit@10 = 0.1488, target_ndcg@10 = 0.0771

2024-08-03 08:21:57.244062: step 135520/140800 (epoch 77/80), loss = 0.922972 (591.921 sec/epoch), lr: 0.000904
Evaluating on dev set...
...................................................................................................................................................................................................................................................................................................................................................................................................................................................................................................
source: 	 mrr: 0.057413	 ndcg_5: 0.0481	 ndcg_10: 0.0627	 hit@1:0.020820	 hit@5:0.0758	 hit@10: 0.1211
target: 	 mrr: 0.071138	 ndcg_5: 0.0593	 ndcg_10: 0.0787	 hit@1:0.026234	 hit@5:0.0928	 hit@10: 0.1532
epoch 77: train_loss = 0.922972, source_hit@10 = 0.1211, source_ndcg@10 = 0.0627, target_hit@10 = 0.1532, target_ndcg@10 = 0.0787

2024-08-03 08:31:53.573644: step 137280/140800 (epoch 78/80), loss = 0.919653 (591.987 sec/epoch), lr: 0.000859
Evaluating on dev set...
...................................................................................................................................................................................................................................................................................................................................................................................................................................................................................................
source: 	 mrr: 0.068918	 ndcg_5: 0.0598	 ndcg_10: 0.0764	 hit@1:0.025558	 hit@5:0.0935	 hit@10: 0.1449
target: 	 mrr: 0.068056	 ndcg_5: 0.0561	 ndcg_10: 0.0752	 hit@1:0.023261	 hit@5:0.0891	 hit@10: 0.1485
epoch 78: train_loss = 0.919653, source_hit@10 = 0.1449, source_ndcg@10 = 0.0764, target_hit@10 = 0.1485, target_ndcg@10 = 0.0752

2024-08-03 08:41:50.380112: step 139040/140800 (epoch 79/80), loss = 0.919836 (592.433 sec/epoch), lr: 0.000859
Evaluating on dev set...
...................................................................................................................................................................................................................................................................................................................................................................................................................................................................................................
source: 	 mrr: 0.067510	 ndcg_5: 0.0574	 ndcg_10: 0.0746	 hit@1:0.025155	 hit@5:0.0899	 hit@10: 0.1433
target: 	 mrr: 0.070911	 ndcg_5: 0.0590	 ndcg_10: 0.0776	 hit@1:0.026059	 hit@5:0.0920	 hit@10: 0.1500
epoch 79: train_loss = 0.919836, source_hit@10 = 0.1433, source_ndcg@10 = 0.0746, target_hit@10 = 0.1500, target_ndcg@10 = 0.0776

2024-08-03 08:51:49.065858: step 140800/140800 (epoch 80/80), loss = 0.919122 (594.316 sec/epoch), lr: 0.000859
Evaluating on dev set...
...................................................................................................................................................................................................................................................................................................................................................................................................................................................................................................
source: 	 mrr: 0.070967	 ndcg_5: 0.0606	 ndcg_10: 0.0788	 hit@1:0.028180	 hit@5:0.0929	 hit@10: 0.1495
target: 	 mrr: 0.066200	 ndcg_5: 0.0547	 ndcg_10: 0.0723	 hit@1:0.023156	 hit@5:0.0859	 hit@10: 0.1410
source best!
....................................................................................................................................................................................................
source: 	 mrr: 0.072757	 ndcg_5: 0.0634	 ndcg_10: 0.0807	 hit@1:0.029639	 hit@5:0.0976	 hit@10: 0.1513
epoch 80: train_loss = 0.919122, source_hit@10 = 0.1513, source_ndcg@10 = 0.0807, target_hit@10 = 0.1410, target_ndcg@10 = 0.0723

