nohup: ignoring input
using gpu:1 to train the model
using gpu:1 to train the model
cuda:1
Namespace(A_split=False, JK='sum', a_fold=100, aggregate=False, alpha=0.5, batch_size=1024, beta_inter=0.4, conv_layers=4, cuda=True, decay_epoch=10, device=device(type='cuda', index=1), device_id='1', domains='cell_electronic', dropout=0.5, epoch=80, feature_dim=126, hidden_dim=126, inter_tau=0.3, intra_tau=1, lambda_critic=0.4, leakey=0.05, load=False, log='logs.txt', log_epoch=1, lr=0.004, lr_decay=0.95, min_epoch=50, mode='train', model_file=None, model_name='ce', momentum=0.9, num_latent_factors=3, num_negative=100, optim='adam', patience=30, proj_layers=1, projection=1, residual=1, save=False, save_dir='./saved_models', seed=32, similarity_tau=0.1, test_sample_number=999, transfer_epoch=40, user_batch_size=256, weight_decay=0.0002)
number_user 27519
number_item 9481
/home/disk2/lhr/invariantCDR/invariantCDR/utils/GraphMaker.py:45: RuntimeWarning: divide by zero encountered in power
  r_inv = np.power(rowsum, -1).flatten()
real graph loaded!
number_user 107984
number_item 40460
real graph loaded!
graph loaded!
Loading data from cell_electronic with batch size 1024...
unseen test: 0
test length: 6417
unseen test: 0
test length: 6322
unseen test: 0
test length: 15199
unseen test: 0
test length: 15053
source_user_num 27519
target_user_num 107984
source_item_num 9481
target_item_num 40460
shared users id: 16337
test users 2049, 2042
unseen test: 0
dev length: 1000
unseen test: 0
dev length: 1000
source train data : 148271, target train data: 821301, source test data : 6322, target test data : 15053, source dev data : 1000, target dev data : 1000
2024-08-03 16:32:49.333671: step 947/75760 (epoch 1/80), loss = 1.366129 (561.117 sec/epoch), lr: 0.004000
Evaluating on dev set...
.......................................................................................................................................................................................................................
source: 	 mrr: 0.065235	 ndcg_5: 0.0565	 ndcg_10: 0.0732	 hit@1:0.024155	 hit@5:0.0876	 hit@10: 0.1396
target: 	 mrr: 0.059259	 ndcg_5: 0.0481	 ndcg_10: 0.0664	 hit@1:0.020330	 hit@5:0.0768	 hit@10: 0.1339
source best!
...............................................................
source: 	 mrr: 0.070860	 ndcg_5: 0.0624	 ndcg_10: 0.0786	 hit@1:0.029579	 hit@5:0.0949	 hit@10: 0.1452
target best!
......................................................................................................................................................target: 	 mrr: 0.061408	 ndcg_5: 0.0498	 ndcg_10: 0.0684	 hit@1:0.022720	 hit@5:0.0773	 hit@10: 0.1354
epoch 1: train_loss = 1.366129, source_hit@10 = 0.1452, source_ndcg@10 = 0.0786, target_hit@10 = 0.1354, target_ndcg@10 = 0.0684

2024-08-03 16:42:19.282573: step 1894/75760 (epoch 2/80), loss = 1.267676 (562.071 sec/epoch), lr: 0.004000
Evaluating on dev set...
.......................................................................................................................................................................................................................
source: 	 mrr: 0.031812	 ndcg_5: 0.0238	 ndcg_10: 0.0323	 hit@1:0.010285	 hit@5:0.0383	 hit@10: 0.0650
target: 	 mrr: 0.064034	 ndcg_5: 0.0543	 ndcg_10: 0.0722	 hit@1:0.021646	 hit@5:0.0873	 hit@10: 0.1428
target best!
......................................................................................................................................................target: 	 mrr: 0.063825	 ndcg_5: 0.0536	 ndcg_10: 0.0734	 hit@1:0.020727	 hit@5:0.0869	 hit@10: 0.1484
epoch 2: train_loss = 1.267676, source_hit@10 = 0.0650, source_ndcg@10 = 0.0323, target_hit@10 = 0.1484, target_ndcg@10 = 0.0734

2024-08-03 16:51:51.399739: step 2841/75760 (epoch 3/80), loss = 1.261378 (565.330 sec/epoch), lr: 0.004000
Evaluating on dev set...
.......................................................................................................................................................................................................................
source: 	 mrr: 0.062610	 ndcg_5: 0.0531	 ndcg_10: 0.0702	 hit@1:0.022440	 hit@5:0.0827	 hit@10: 0.1365
target: 	 mrr: 0.058904	 ndcg_5: 0.0469	 ndcg_10: 0.0665	 hit@1:0.017370	 hit@5:0.0769	 hit@10: 0.1378
epoch 3: train_loss = 1.261378, source_hit@10 = 0.1365, source_ndcg@10 = 0.0702, target_hit@10 = 0.1378, target_ndcg@10 = 0.0665

2024-08-03 17:01:16.794388: step 3788/75760 (epoch 4/80), loss = 1.259374 (561.151 sec/epoch), lr: 0.004000
Evaluating on dev set...
.......................................................................................................................................................................................................................
source: 	 mrr: 0.068349	 ndcg_5: 0.0585	 ndcg_10: 0.0748	 hit@1:0.028518	 hit@5:0.0888	 hit@10: 0.1398
target: 	 mrr: 0.050089	 ndcg_5: 0.0365	 ndcg_10: 0.0534	 hit@1:0.014343	 hit@5:0.0591	 hit@10: 0.1122
source best!
...............................................................
source: 	 mrr: 0.070566	 ndcg_5: 0.0605	 ndcg_10: 0.0776	 hit@1:0.028314	 hit@5:0.0913	 hit@10: 0.1447
epoch 4: train_loss = 1.259374, source_hit@10 = 0.1447, source_ndcg@10 = 0.0776, target_hit@10 = 0.1122, target_ndcg@10 = 0.0534

2024-08-03 17:10:48.636364: step 4735/75760 (epoch 5/80), loss = 1.255707 (566.752 sec/epoch), lr: 0.004000
Evaluating on dev set...
.......................................................................................................................................................................................................................
source: 	 mrr: 0.065368	 ndcg_5: 0.0573	 ndcg_10: 0.0735	 hit@1:0.024310	 hit@5:0.0899	 hit@10: 0.1406
target: 	 mrr: 0.044359	 ndcg_5: 0.0320	 ndcg_10: 0.0495	 hit@1:0.010198	 hit@5:0.0566	 hit@10: 0.1110
epoch 5: train_loss = 1.255707, source_hit@10 = 0.1406, source_ndcg@10 = 0.0735, target_hit@10 = 0.1110, target_ndcg@10 = 0.0495

2024-08-03 17:20:14.220310: step 5682/75760 (epoch 6/80), loss = 1.251472 (561.482 sec/epoch), lr: 0.004000
Evaluating on dev set...
.......................................................................................................................................................................................................................
source: 	 mrr: 0.065244	 ndcg_5: 0.0556	 ndcg_10: 0.0746	 hit@1:0.024934	 hit@5:0.0860	 hit@10: 0.1457
target: 	 mrr: 0.056508	 ndcg_5: 0.0456	 ndcg_10: 0.0613	 hit@1:0.018883	 hit@5:0.0725	 hit@10: 0.1217
epoch 6: train_loss = 1.251472, source_hit@10 = 0.1457, source_ndcg@10 = 0.0746, target_hit@10 = 0.1217, target_ndcg@10 = 0.0613

2024-08-03 17:29:38.638968: step 6629/75760 (epoch 7/80), loss = 1.248708 (560.312 sec/epoch), lr: 0.004000
Evaluating on dev set...
.......................................................................................................................................................................................................................
source: 	 mrr: 0.033783	 ndcg_5: 0.0252	 ndcg_10: 0.0327	 hit@1:0.011532	 hit@5:0.0391	 hit@10: 0.0628
target: 	 mrr: 0.074759	 ndcg_5: 0.0660	 ndcg_10: 0.0844	 hit@1:0.028883	 hit@5:0.1024	 hit@10: 0.1597
target best!
......................................................................................................................................................target: 	 mrr: 0.076431	 ndcg_5: 0.0681	 ndcg_10: 0.0871	 hit@1:0.029363	 hit@5:0.1060	 hit@10: 0.1655
epoch 7: train_loss = 1.248708, source_hit@10 = 0.0628, source_ndcg@10 = 0.0327, target_hit@10 = 0.1655, target_ndcg@10 = 0.0871

2024-08-03 17:39:07.444950: step 7576/75760 (epoch 8/80), loss = 1.242902 (562.201 sec/epoch), lr: 0.004000
Evaluating on dev set...
.......................................................................................................................................................................................................................
source: 	 mrr: 0.058691	 ndcg_5: 0.0500	 ndcg_10: 0.0653	 hit@1:0.022596	 hit@5:0.0784	 hit@10: 0.1261
target: 	 mrr: 0.072362	 ndcg_5: 0.0647	 ndcg_10: 0.0809	 hit@1:0.028949	 hit@5:0.0993	 hit@10: 0.1495
epoch 8: train_loss = 1.242902, source_hit@10 = 0.1261, source_ndcg@10 = 0.0653, target_hit@10 = 0.1495, target_ndcg@10 = 0.0809

2024-08-03 17:48:36.455070: step 8523/75760 (epoch 9/80), loss = 1.237269 (564.818 sec/epoch), lr: 0.004000
Evaluating on dev set...
.......................................................................................................................................................................................................................
source: 	 mrr: 0.068286	 ndcg_5: 0.0601	 ndcg_10: 0.0765	 hit@1:0.027271	 hit@5:0.0935	 hit@10: 0.1446
target: 	 mrr: 0.070798	 ndcg_5: 0.0629	 ndcg_10: 0.0792	 hit@1:0.027765	 hit@5:0.0973	 hit@10: 0.1479
epoch 9: train_loss = 1.237269, source_hit@10 = 0.1446, source_ndcg@10 = 0.0765, target_hit@10 = 0.1479, target_ndcg@10 = 0.0792

2024-08-03 17:58:03.204623: step 9470/75760 (epoch 10/80), loss = 1.226405 (562.780 sec/epoch), lr: 0.004000
Evaluating on dev set...
.......................................................................................................................................................................................................................
source: 	 mrr: 0.065900	 ndcg_5: 0.0569	 ndcg_10: 0.0744	 hit@1:0.024622	 hit@5:0.0891	 hit@10: 0.1434
target: 	 mrr: 0.071874	 ndcg_5: 0.0621	 ndcg_10: 0.0794	 hit@1:0.028883	 hit@5:0.0948	 hit@10: 0.1488
epoch 10: train_loss = 1.226405, source_hit@10 = 0.1434, source_ndcg@10 = 0.0744, target_hit@10 = 0.1488, target_ndcg@10 = 0.0794

2024-08-03 18:07:27.551985: step 10417/75760 (epoch 11/80), loss = 1.221421 (560.147 sec/epoch), lr: 0.004000
Evaluating on dev set...
.......................................................................................................................................................................................................................
source: 	 mrr: 0.048989	 ndcg_5: 0.0395	 ndcg_10: 0.0549	 hit@1:0.016363	 hit@5:0.0634	 hit@10: 0.1119
target: 	 mrr: 0.061076	 ndcg_5: 0.0520	 ndcg_10: 0.0668	 hit@1:0.023225	 hit@5:0.0804	 hit@10: 0.1265
epoch 11: train_loss = 1.221421, source_hit@10 = 0.1119, source_ndcg@10 = 0.0549, target_hit@10 = 0.1265, target_ndcg@10 = 0.0668

2024-08-03 18:16:50.443179: step 11364/75760 (epoch 12/80), loss = 1.215270 (558.750 sec/epoch), lr: 0.003800
Evaluating on dev set...
.......................................................................................................................................................................................................................
source: 	 mrr: 0.067624	 ndcg_5: 0.0591	 ndcg_10: 0.0744	 hit@1:0.027271	 hit@5:0.0907	 hit@10: 0.1387
target: 	 mrr: 0.075824	 ndcg_5: 0.0663	 ndcg_10: 0.0839	 hit@1:0.031318	 hit@5:0.1009	 hit@10: 0.1557
target best!
......................................................................................................................................................target: 	 mrr: 0.075482	 ndcg_5: 0.0657	 ndcg_10: 0.0831	 hit@1:0.030426	 hit@5:0.1000	 hit@10: 0.1543
epoch 12: train_loss = 1.215270, source_hit@10 = 0.1387, source_ndcg@10 = 0.0744, target_hit@10 = 0.1543, target_ndcg@10 = 0.0831
new best model saved.

2024-08-03 18:26:23.949402: step 12311/75760 (epoch 13/80), loss = 1.212020 (566.353 sec/epoch), lr: 0.003800
Evaluating on dev set...
.......................................................................................................................................................................................................................
source: 	 mrr: 0.065845	 ndcg_5: 0.0567	 ndcg_10: 0.0736	 hit@1:0.024466	 hit@5:0.0890	 hit@10: 0.1420
target: 	 mrr: 0.073390	 ndcg_5: 0.0640	 ndcg_10: 0.0814	 hit@1:0.031515	 hit@5:0.0961	 hit@10: 0.1499
epoch 13: train_loss = 1.212020, source_hit@10 = 0.1420, source_ndcg@10 = 0.0736, target_hit@10 = 0.1499, target_ndcg@10 = 0.0814

2024-08-03 18:35:56.410805: step 13258/75760 (epoch 14/80), loss = 1.207713 (567.367 sec/epoch), lr: 0.003610
Evaluating on dev set...
.......................................................................................................................................................................................................................
source: 	 mrr: 0.041149	 ndcg_5: 0.0314	 ndcg_10: 0.0427	 hit@1:0.013714	 hit@5:0.0492	 hit@10: 0.0849
target: 	 mrr: 0.062483	 ndcg_5: 0.0525	 ndcg_10: 0.0707	 hit@1:0.023159	 hit@5:0.0820	 hit@10: 0.1384
epoch 14: train_loss = 1.207713, source_hit@10 = 0.0849, source_ndcg@10 = 0.0427, target_hit@10 = 0.1384, target_ndcg@10 = 0.0707

2024-08-03 18:45:24.492060: step 14205/75760 (epoch 15/80), loss = 1.200626 (563.876 sec/epoch), lr: 0.003429
Evaluating on dev set...
.......................................................................................................................................................................................................................
source: 	 mrr: 0.061413	 ndcg_5: 0.0507	 ndcg_10: 0.0685	 hit@1:0.019791	 hit@5:0.0807	 hit@10: 0.1360
target: 	 mrr: 0.072697	 ndcg_5: 0.0630	 ndcg_10: 0.0809	 hit@1:0.029476	 hit@5:0.0961	 hit@10: 0.1519
epoch 15: train_loss = 1.200626, source_hit@10 = 0.1360, source_ndcg@10 = 0.0685, target_hit@10 = 0.1519, target_ndcg@10 = 0.0809

2024-08-03 18:54:49.350436: step 15152/75760 (epoch 16/80), loss = 1.203204 (560.850 sec/epoch), lr: 0.003429
Evaluating on dev set...
.......................................................................................................................................................................................................................
source: 	 mrr: 0.072139	 ndcg_5: 0.0641	 ndcg_10: 0.0821	 hit@1:0.028050	 hit@5:0.1000	 hit@10: 0.1560
target: 	 mrr: 0.077378	 ndcg_5: 0.0690	 ndcg_10: 0.0872	 hit@1:0.030397	 hit@5:0.1078	 hit@10: 0.1640
source best!
...............................................................
source: 	 mrr: 0.073642	 ndcg_5: 0.0657	 ndcg_10: 0.0843	 hit@1:0.027207	 hit@5:0.1047	 hit@10: 0.1624
target best!
......................................................................................................................................................target: 	 mrr: 0.079565	 ndcg_5: 0.0711	 ndcg_10: 0.0893	 hit@1:0.031688	 hit@5:0.1097	 hit@10: 0.1662
epoch 16: train_loss = 1.203204, source_hit@10 = 0.1624, source_ndcg@10 = 0.0843, target_hit@10 = 0.1662, target_ndcg@10 = 0.0893
new best model saved.

2024-08-03 19:04:26.571942: step 16099/75760 (epoch 17/80), loss = 1.199065 (568.805 sec/epoch), lr: 0.003429
Evaluating on dev set...
.......................................................................................................................................................................................................................
source: 	 mrr: 0.056589	 ndcg_5: 0.0488	 ndcg_10: 0.0629	 hit@1:0.020103	 hit@5:0.0770	 hit@10: 0.1209
target: 	 mrr: 0.057544	 ndcg_5: 0.0468	 ndcg_10: 0.0645	 hit@1:0.018159	 hit@5:0.0769	 hit@10: 0.1319
epoch 17: train_loss = 1.199065, source_hit@10 = 0.1209, source_ndcg@10 = 0.0629, target_hit@10 = 0.1319, target_ndcg@10 = 0.0645

2024-08-03 19:14:02.713383: step 17046/75760 (epoch 18/80), loss = 1.196935 (572.123 sec/epoch), lr: 0.003258
Evaluating on dev set...
.......................................................................................................................................................................................................................
source: 	 mrr: 0.068963	 ndcg_5: 0.0609	 ndcg_10: 0.0768	 hit@1:0.026336	 hit@5:0.0955	 hit@10: 0.1451
target: 	 mrr: 0.073726	 ndcg_5: 0.0639	 ndcg_10: 0.0828	 hit@1:0.027502	 hit@5:0.1005	 hit@10: 0.1596
epoch 18: train_loss = 1.196935, source_hit@10 = 0.1451, source_ndcg@10 = 0.0768, target_hit@10 = 0.1596, target_ndcg@10 = 0.0828

2024-08-03 19:23:28.846994: step 17993/75760 (epoch 19/80), loss = 1.194617 (562.044 sec/epoch), lr: 0.003258
Evaluating on dev set...
.......................................................................................................................................................................................................................
source: 	 mrr: 0.068422	 ndcg_5: 0.0603	 ndcg_10: 0.0774	 hit@1:0.024934	 hit@5:0.0962	 hit@10: 0.1488
target: 	 mrr: 0.066062	 ndcg_5: 0.0587	 ndcg_10: 0.0772	 hit@1:0.018620	 hit@5:0.0982	 hit@10: 0.1557
epoch 19: train_loss = 1.194617, source_hit@10 = 0.1488, source_ndcg@10 = 0.0774, target_hit@10 = 0.1557, target_ndcg@10 = 0.0772

2024-08-03 19:32:58.776034: step 18940/75760 (epoch 20/80), loss = 1.190408 (565.893 sec/epoch), lr: 0.003095
Evaluating on dev set...
.......................................................................................................................................................................................................................
source: 	 mrr: 0.065867	 ndcg_5: 0.0572	 ndcg_10: 0.0751	 hit@1:0.023843	 hit@5:0.0902	 hit@10: 0.1463
target: 	 mrr: 0.078975	 ndcg_5: 0.0703	 ndcg_10: 0.0882	 hit@1:0.032897	 hit@5:0.1076	 hit@10: 0.1634
target best!
......................................................................................................................................................target: 	 mrr: 0.082670	 ndcg_5: 0.0733	 ndcg_10: 0.0926	 hit@1:0.036737	 hit@5:0.1095	 hit@10: 0.1693
epoch 20: train_loss = 1.190408, source_hit@10 = 0.1463, source_ndcg@10 = 0.0751, target_hit@10 = 0.1693, target_ndcg@10 = 0.0926

2024-08-03 19:42:26.181642: step 19887/75760 (epoch 21/80), loss = 1.187572 (560.791 sec/epoch), lr: 0.003095
Evaluating on dev set...
.......................................................................................................................................................................................................................
source: 	 mrr: 0.072807	 ndcg_5: 0.0649	 ndcg_10: 0.0806	 hit@1:0.030076	 hit@5:0.0996	 hit@10: 0.1482
target: 	 mrr: 0.070647	 ndcg_5: 0.0597	 ndcg_10: 0.0788	 hit@1:0.025594	 hit@5:0.0936	 hit@10: 0.1530
source best!
...............................................................
source: 	 mrr: 0.074067	 ndcg_5: 0.0645	 ndcg_10: 0.0821	 hit@1:0.030370	 hit@5:0.0985	 hit@10: 0.1531
epoch 21: train_loss = 1.187572, source_hit@10 = 0.1531, source_ndcg@10 = 0.0821, target_hit@10 = 0.1530, target_ndcg@10 = 0.0788

2024-08-03 19:51:50.952023: step 20834/75760 (epoch 22/80), loss = 1.185619 (559.549 sec/epoch), lr: 0.002940
Evaluating on dev set...
.......................................................................................................................................................................................................................
source: 	 mrr: 0.067812	 ndcg_5: 0.0594	 ndcg_10: 0.0758	 hit@1:0.026492	 hit@5:0.0927	 hit@10: 0.1435
target: 	 mrr: 0.070981	 ndcg_5: 0.0617	 ndcg_10: 0.0802	 hit@1:0.023686	 hit@5:0.0992	 hit@10: 0.1568
epoch 22: train_loss = 1.185619, source_hit@10 = 0.1435, source_ndcg@10 = 0.0758, target_hit@10 = 0.1568, target_ndcg@10 = 0.0802

2024-08-03 20:01:17.883147: step 21781/75760 (epoch 23/80), loss = 1.181684 (562.822 sec/epoch), lr: 0.002793
Evaluating on dev set...
.......................................................................................................................................................................................................................
source: 	 mrr: 0.067208	 ndcg_5: 0.0599	 ndcg_10: 0.0762	 hit@1:0.023999	 hit@5:0.0960	 hit@10: 0.1466
target: 	 mrr: 0.080970	 ndcg_5: 0.0720	 ndcg_10: 0.0905	 hit@1:0.033226	 hit@5:0.1101	 hit@10: 0.1676
target best!
......................................................................................................................................................target: 	 mrr: 0.082805	 ndcg_5: 0.0741	 ndcg_10: 0.0933	 hit@1:0.033548	 hit@5:0.1139	 hit@10: 0.1737
epoch 23: train_loss = 1.181684, source_hit@10 = 0.1466, source_ndcg@10 = 0.0762, target_hit@10 = 0.1737, target_ndcg@10 = 0.0933

2024-08-03 20:10:52.441139: step 22728/75760 (epoch 24/80), loss = 1.177591 (567.841 sec/epoch), lr: 0.002793
Evaluating on dev set...
.......................................................................................................................................................................................................................
source: 	 mrr: 0.071951	 ndcg_5: 0.0634	 ndcg_10: 0.0809	 hit@1:0.028206	 hit@5:0.0971	 hit@10: 0.1519
target: 	 mrr: 0.084526	 ndcg_5: 0.0764	 ndcg_10: 0.0944	 hit@1:0.035529	 hit@5:0.1159	 hit@10: 0.1715
target best!
......................................................................................................................................................target: 	 mrr: 0.084742	 ndcg_5: 0.0770	 ndcg_10: 0.0962	 hit@1:0.034943	 hit@5:0.1186	 hit@10: 0.1782
epoch 24: train_loss = 1.177591, source_hit@10 = 0.1519, source_ndcg@10 = 0.0809, target_hit@10 = 0.1782, target_ndcg@10 = 0.0962
new best model saved.

2024-08-03 20:20:25.495198: step 23675/75760 (epoch 25/80), loss = 1.175484 (565.873 sec/epoch), lr: 0.002793
Evaluating on dev set...
.......................................................................................................................................................................................................................
source: 	 mrr: 0.066662	 ndcg_5: 0.0574	 ndcg_10: 0.0751	 hit@1:0.025401	 hit@5:0.0893	 hit@10: 0.1445
target: 	 mrr: 0.084126	 ndcg_5: 0.0764	 ndcg_10: 0.0950	 hit@1:0.034279	 hit@5:0.1175	 hit@10: 0.1752
epoch 25: train_loss = 1.175484, source_hit@10 = 0.1445, source_ndcg@10 = 0.0751, target_hit@10 = 0.1752, target_ndcg@10 = 0.0950

2024-08-03 20:29:54.724058: step 24622/75760 (epoch 26/80), loss = 1.175020 (565.236 sec/epoch), lr: 0.002654
Evaluating on dev set...
.......................................................................................................................................................................................................................
source: 	 mrr: 0.070120	 ndcg_5: 0.0626	 ndcg_10: 0.0796	 hit@1:0.026960	 hit@5:0.1005	 hit@10: 0.1538
target: 	 mrr: 0.084461	 ndcg_5: 0.0764	 ndcg_10: 0.0942	 hit@1:0.035923	 hit@5:0.1156	 hit@10: 0.1713
epoch 26: train_loss = 1.175020, source_hit@10 = 0.1538, source_ndcg@10 = 0.0796, target_hit@10 = 0.1713, target_ndcg@10 = 0.0942

2024-08-03 20:39:21.768875: step 25569/75760 (epoch 27/80), loss = 1.171944 (562.948 sec/epoch), lr: 0.002654
Evaluating on dev set...
.......................................................................................................................................................................................................................
source: 	 mrr: 0.073014	 ndcg_5: 0.0655	 ndcg_10: 0.0824	 hit@1:0.028362	 hit@5:0.1025	 hit@10: 0.1552
target: 	 mrr: 0.071467	 ndcg_5: 0.0612	 ndcg_10: 0.0792	 hit@1:0.028357	 hit@5:0.0939	 hit@10: 0.1499
source best!
...............................................................
source: 	 mrr: 0.077933	 ndcg_5: 0.0686	 ndcg_10: 0.0876	 hit@1:0.032901	 hit@5:0.1038	 hit@10: 0.1624
epoch 27: train_loss = 1.171944, source_hit@10 = 0.1624, source_ndcg@10 = 0.0876, target_hit@10 = 0.1499, target_ndcg@10 = 0.0792

2024-08-03 20:48:50.709186: step 26516/75760 (epoch 28/80), loss = 1.167062 (563.657 sec/epoch), lr: 0.002521
Evaluating on dev set...
.......................................................................................................................................................................................................................
source: 	 mrr: 0.053212	 ndcg_5: 0.0454	 ndcg_10: 0.0584	 hit@1:0.019012	 hit@5:0.0714	 hit@10: 0.1122
target: 	 mrr: 0.073717	 ndcg_5: 0.0633	 ndcg_10: 0.0834	 hit@1:0.028094	 hit@5:0.0995	 hit@10: 0.1622
epoch 28: train_loss = 1.167062, source_hit@10 = 0.1122, source_ndcg@10 = 0.0584, target_hit@10 = 0.1622, target_ndcg@10 = 0.0834

2024-08-03 20:58:21.278580: step 27463/75760 (epoch 29/80), loss = 1.165272 (566.361 sec/epoch), lr: 0.002395
Evaluating on dev set...
.......................................................................................................................................................................................................................
source: 	 mrr: 0.054796	 ndcg_5: 0.0462	 ndcg_10: 0.0589	 hit@1:0.021038	 hit@5:0.0722	 hit@10: 0.1119
target: 	 mrr: 0.075099	 ndcg_5: 0.0656	 ndcg_10: 0.0866	 hit@1:0.025199	 hit@5:0.1059	 hit@10: 0.1710
epoch 29: train_loss = 1.165272, source_hit@10 = 0.1119, source_ndcg@10 = 0.0589, target_hit@10 = 0.1710, target_ndcg@10 = 0.0866

2024-08-03 21:07:51.793757: step 28410/75760 (epoch 30/80), loss = 1.163018 (566.526 sec/epoch), lr: 0.002395
Evaluating on dev set...
.......................................................................................................................................................................................................................
source: 	 mrr: 0.074751	 ndcg_5: 0.0675	 ndcg_10: 0.0853	 hit@1:0.029609	 hit@5:0.1057	 hit@10: 0.1610
target: 	 mrr: 0.086490	 ndcg_5: 0.0778	 ndcg_10: 0.0964	 hit@1:0.037042	 hit@5:0.1170	 hit@10: 0.1752
source best!
...............................................................
source: 	 mrr: 0.077280	 ndcg_5: 0.0701	 ndcg_10: 0.0876	 hit@1:0.029105	 hit@5:0.1102	 hit@10: 0.1645
target best!
......................................................................................................................................................target: 	 mrr: 0.086957	 ndcg_5: 0.0778	 ndcg_10: 0.0980	 hit@1:0.037069	 hit@5:0.1174	 hit@10: 0.1802
epoch 30: train_loss = 1.163018, source_hit@10 = 0.1645, source_ndcg@10 = 0.0876, target_hit@10 = 0.1802, target_ndcg@10 = 0.0980
new best model saved.

2024-08-03 21:17:24.897558: step 29357/75760 (epoch 31/80), loss = 1.156107 (564.785 sec/epoch), lr: 0.002395
Evaluating on dev set...
.......................................................................................................................................................................................................................
source: 	 mrr: 0.078842	 ndcg_5: 0.0715	 ndcg_10: 0.0895	 hit@1:0.032570	 hit@5:0.1097	 hit@10: 0.1660
target: 	 mrr: 0.089631	 ndcg_5: 0.0818	 ndcg_10: 0.1010	 hit@1:0.039147	 hit@5:0.1234	 hit@10: 0.1834
source best!
...............................................................
source: 	 mrr: 0.080596	 ndcg_5: 0.0728	 ndcg_10: 0.0913	 hit@1:0.032268	 hit@5:0.1118	 hit@10: 0.1696
target best!
......................................................................................................................................................target: 	 mrr: 0.092529	 ndcg_5: 0.0847	 ndcg_10: 0.1046	 hit@1:0.042051	 hit@5:0.1278	 hit@10: 0.1897
epoch 31: train_loss = 1.156107, source_hit@10 = 0.1696, source_ndcg@10 = 0.0913, target_hit@10 = 0.1897, target_ndcg@10 = 0.1046
new best model saved.

2024-08-03 21:26:58.900749: step 30304/75760 (epoch 32/80), loss = 1.154465 (565.810 sec/epoch), lr: 0.002395
Evaluating on dev set...
.......................................................................................................................................................................................................................
source: 	 mrr: 0.074416	 ndcg_5: 0.0668	 ndcg_10: 0.0830	 hit@1:0.030700	 hit@5:0.1030	 hit@10: 0.1533
target: 	 mrr: 0.078301	 ndcg_5: 0.0699	 ndcg_10: 0.0886	 hit@1:0.030989	 hit@5:0.1084	 hit@10: 0.1665
epoch 32: train_loss = 1.154465, source_hit@10 = 0.1533, source_ndcg@10 = 0.0830, target_hit@10 = 0.1665, target_ndcg@10 = 0.0886

2024-08-03 21:36:27.301919: step 31251/75760 (epoch 33/80), loss = 1.152308 (564.292 sec/epoch), lr: 0.002275
Evaluating on dev set...
.......................................................................................................................................................................................................................
source: 	 mrr: 0.069516	 ndcg_5: 0.0617	 ndcg_10: 0.0777	 hit@1:0.026960	 hit@5:0.0962	 hit@10: 0.1456
target: 	 mrr: 0.088664	 ndcg_5: 0.0805	 ndcg_10: 0.1006	 hit@1:0.037634	 hit@5:0.1223	 hit@10: 0.1850
epoch 33: train_loss = 1.152308, source_hit@10 = 0.1456, source_ndcg@10 = 0.0777, target_hit@10 = 0.1850, target_ndcg@10 = 0.1006

2024-08-03 21:45:56.128338: step 32198/75760 (epoch 34/80), loss = 1.148086 (564.871 sec/epoch), lr: 0.002275
Evaluating on dev set...
.......................................................................................................................................................................................................................
source: 	 mrr: 0.064245	 ndcg_5: 0.0556	 ndcg_10: 0.0722	 hit@1:0.022596	 hit@5:0.0876	 hit@10: 0.1393
target: 	 mrr: 0.060178	 ndcg_5: 0.0497	 ndcg_10: 0.0652	 hit@1:0.021515	 hit@5:0.0784	 hit@10: 0.1267
epoch 34: train_loss = 1.148086, source_hit@10 = 0.1393, source_ndcg@10 = 0.0722, target_hit@10 = 0.1267, target_ndcg@10 = 0.0652

2024-08-03 21:55:20.132412: step 33145/75760 (epoch 35/80), loss = 1.146387 (559.962 sec/epoch), lr: 0.002161
Evaluating on dev set...
.......................................................................................................................................................................................................................
source: 	 mrr: 0.058611	 ndcg_5: 0.0498	 ndcg_10: 0.0651	 hit@1:0.019012	 hit@5:0.0806	 hit@10: 0.1279
target: 	 mrr: 0.077185	 ndcg_5: 0.0679	 ndcg_10: 0.0862	 hit@1:0.030463	 hit@5:0.1042	 hit@10: 0.1611
epoch 35: train_loss = 1.146387, source_hit@10 = 0.1279, source_ndcg@10 = 0.0651, target_hit@10 = 0.1611, target_ndcg@10 = 0.0862

2024-08-03 22:04:45.615638: step 34092/75760 (epoch 36/80), loss = 1.148834 (561.277 sec/epoch), lr: 0.002161
Evaluating on dev set...
.......................................................................................................................................................................................................................
source: 	 mrr: 0.063973	 ndcg_5: 0.0562	 ndcg_10: 0.0720	 hit@1:0.022908	 hit@5:0.0884	 hit@10: 0.1379
target: 	 mrr: 0.078470	 ndcg_5: 0.0691	 ndcg_10: 0.0880	 hit@1:0.030791	 hit@5:0.1068	 hit@10: 0.1654
epoch 36: train_loss = 1.148834, source_hit@10 = 0.1379, source_ndcg@10 = 0.0720, target_hit@10 = 0.1654, target_ndcg@10 = 0.0880

2024-08-03 22:14:22.089807: step 35039/75760 (epoch 37/80), loss = 1.144378 (572.240 sec/epoch), lr: 0.002161
Evaluating on dev set...
.......................................................................................................................................................................................................................
source: 	 mrr: 0.076954	 ndcg_5: 0.0685	 ndcg_10: 0.0872	 hit@1:0.031635	 hit@5:0.1046	 hit@10: 0.1624
target: 	 mrr: 0.081224	 ndcg_5: 0.0728	 ndcg_10: 0.0932	 hit@1:0.031384	 hit@5:0.1136	 hit@10: 0.1772
epoch 37: train_loss = 1.144378, source_hit@10 = 0.1624, source_ndcg@10 = 0.0872, target_hit@10 = 0.1772, target_ndcg@10 = 0.0932

2024-08-03 22:23:52.978895: step 35986/75760 (epoch 38/80), loss = 1.145858 (566.831 sec/epoch), lr: 0.002161
Evaluating on dev set...
.......................................................................................................................................................................................................................
source: 	 mrr: 0.072250	 ndcg_5: 0.0637	 ndcg_10: 0.0828	 hit@1:0.028050	 hit@5:0.0996	 hit@10: 0.1590
target: 	 mrr: 0.074222	 ndcg_5: 0.0648	 ndcg_10: 0.0855	 hit@1:0.025989	 hit@5:0.1047	 hit@10: 0.1692
epoch 38: train_loss = 1.145858, source_hit@10 = 0.1590, source_ndcg@10 = 0.0828, target_hit@10 = 0.1692, target_ndcg@10 = 0.0855

2024-08-03 22:33:27.986455: step 36933/75760 (epoch 39/80), loss = 1.141832 (569.883 sec/epoch), lr: 0.002053
Evaluating on dev set...
.......................................................................................................................................................................................................................
source: 	 mrr: 0.068265	 ndcg_5: 0.0602	 ndcg_10: 0.0762	 hit@1:0.025401	 hit@5:0.0935	 hit@10: 0.1435
target: 	 mrr: 0.084860	 ndcg_5: 0.0764	 ndcg_10: 0.0948	 hit@1:0.038160	 hit@5:0.1139	 hit@10: 0.1711
epoch 39: train_loss = 1.141832, source_hit@10 = 0.1435, source_ndcg@10 = 0.0762, target_hit@10 = 0.1711, target_ndcg@10 = 0.0948

2024-08-03 22:42:58.647596: step 37880/75760 (epoch 40/80), loss = 1.141264 (566.709 sec/epoch), lr: 0.002053
Evaluating on dev set...
.......................................................................................................................................................................................................................
source: 	 mrr: 0.069849	 ndcg_5: 0.0625	 ndcg_10: 0.0798	 hit@1:0.024778	 hit@5:0.0996	 hit@10: 0.1533
target: 	 mrr: 0.092297	 ndcg_5: 0.0837	 ndcg_10: 0.1034	 hit@1:0.042042	 hit@5:0.1237	 hit@10: 0.1846
target best!
......................................................................................................................................................target: 	 mrr: 0.093694	 ndcg_5: 0.0857	 ndcg_10: 0.1042	 hit@1:0.043646	 hit@5:0.1268	 hit@10: 0.1842
epoch 40: train_loss = 1.141264, source_hit@10 = 0.1533, source_ndcg@10 = 0.0798, target_hit@10 = 0.1842, target_ndcg@10 = 0.1042
shift to transfer learning mode

2024-08-03 22:52:37.876836: step 38827/75760 (epoch 41/80), loss = 1.140633 (572.532 sec/epoch), lr: 0.002053
Evaluating on dev set...
.......................................................................................................................................................................................................................
source: 	 mrr: 0.076142	 ndcg_5: 0.0689	 ndcg_10: 0.0853	 hit@1:0.030544	 hit@5:0.1064	 hit@10: 0.1574
target: 	 mrr: 0.089595	 ndcg_5: 0.0815	 ndcg_10: 0.1000	 hit@1:0.039608	 hit@5:0.1226	 hit@10: 0.1801
epoch 41: train_loss = 1.140633, source_hit@10 = 0.1574, source_ndcg@10 = 0.0853, target_hit@10 = 0.1801, target_ndcg@10 = 0.1000

2024-08-03 23:02:09.958125: step 39774/75760 (epoch 42/80), loss = 1.140331 (568.056 sec/epoch), lr: 0.002053
Evaluating on dev set...
.......................................................................................................................................................................................................................
source: 	 mrr: 0.066462	 ndcg_5: 0.0582	 ndcg_10: 0.0748	 hit@1:0.024466	 hit@5:0.0915	 hit@10: 0.1429
target: 	 mrr: 0.073621	 ndcg_5: 0.0647	 ndcg_10: 0.0823	 hit@1:0.028818	 hit@5:0.0999	 hit@10: 0.1547
epoch 42: train_loss = 1.140331, source_hit@10 = 0.1429, source_ndcg@10 = 0.0748, target_hit@10 = 0.1547, target_ndcg@10 = 0.0823

2024-08-03 23:11:40.692945: step 40721/75760 (epoch 43/80), loss = 1.137243 (566.790 sec/epoch), lr: 0.001951
Evaluating on dev set...
.......................................................................................................................................................................................................................
source: 	 mrr: 0.072986	 ndcg_5: 0.0643	 ndcg_10: 0.0826	 hit@1:0.027739	 hit@5:0.1008	 hit@10: 0.1574
target: 	 mrr: 0.088552	 ndcg_5: 0.0807	 ndcg_10: 0.0978	 hit@1:0.041582	 hit@5:0.1183	 hit@10: 0.1714
epoch 43: train_loss = 1.137243, source_hit@10 = 0.1574, source_ndcg@10 = 0.0826, target_hit@10 = 0.1714, target_ndcg@10 = 0.0978

2024-08-03 23:21:15.390018: step 41668/75760 (epoch 44/80), loss = 1.136790 (570.514 sec/epoch), lr: 0.001951
Evaluating on dev set...
.......................................................................................................................................................................................................................
source: 	 mrr: 0.072861	 ndcg_5: 0.0650	 ndcg_10: 0.0821	 hit@1:0.027583	 hit@5:0.1016	 hit@10: 0.1546
target: 	 mrr: 0.088164	 ndcg_5: 0.0781	 ndcg_10: 0.0976	 hit@1:0.040332	 hit@5:0.1144	 hit@10: 0.1749
epoch 44: train_loss = 1.136790, source_hit@10 = 0.1546, source_ndcg@10 = 0.0821, target_hit@10 = 0.1749, target_ndcg@10 = 0.0976

2024-08-03 23:30:45.724495: step 42615/75760 (epoch 45/80), loss = 1.135727 (565.238 sec/epoch), lr: 0.001853
Evaluating on dev set...
.......................................................................................................................................................................................................................
source: 	 mrr: 0.074108	 ndcg_5: 0.0662	 ndcg_10: 0.0842	 hit@1:0.029141	 hit@5:0.1030	 hit@10: 0.1590
target: 	 mrr: 0.090091	 ndcg_5: 0.0816	 ndcg_10: 0.1002	 hit@1:0.041055	 hit@5:0.1211	 hit@10: 0.1792
epoch 45: train_loss = 1.135727, source_hit@10 = 0.1590, source_ndcg@10 = 0.0842, target_hit@10 = 0.1792, target_ndcg@10 = 0.1002

2024-08-03 23:40:14.215648: step 43562/75760 (epoch 46/80), loss = 1.132453 (564.454 sec/epoch), lr: 0.001853
Evaluating on dev set...
.......................................................................................................................................................................................................................
source: 	 mrr: 0.074368	 ndcg_5: 0.0658	 ndcg_10: 0.0849	 hit@1:0.029609	 hit@5:0.1019	 hit@10: 0.1610
target: 	 mrr: 0.081755	 ndcg_5: 0.0723	 ndcg_10: 0.0897	 hit@1:0.036187	 hit@5:0.1074	 hit@10: 0.1611
epoch 46: train_loss = 1.132453, source_hit@10 = 0.1610, source_ndcg@10 = 0.0849, target_hit@10 = 0.1611, target_ndcg@10 = 0.0897

2024-08-03 23:49:45.255123: step 44509/75760 (epoch 47/80), loss = 1.131726 (566.952 sec/epoch), lr: 0.001761
Evaluating on dev set...
.......................................................................................................................................................................................................................
source: 	 mrr: 0.073351	 ndcg_5: 0.0647	 ndcg_10: 0.0826	 hit@1:0.028518	 hit@5:0.1014	 hit@10: 0.1571
target: 	 mrr: 0.088992	 ndcg_5: 0.0800	 ndcg_10: 0.0987	 hit@1:0.041055	 hit@5:0.1179	 hit@10: 0.1761
epoch 47: train_loss = 1.131726, source_hit@10 = 0.1571, source_ndcg@10 = 0.0826, target_hit@10 = 0.1761, target_ndcg@10 = 0.0987

2024-08-03 23:59:21.515030: step 45456/75760 (epoch 48/80), loss = 1.130415 (572.245 sec/epoch), lr: 0.001761
Evaluating on dev set...
.......................................................................................................................................................................................................................
source: 	 mrr: 0.058909	 ndcg_5: 0.0496	 ndcg_10: 0.0658	 hit@1:0.022285	 hit@5:0.0759	 hit@10: 0.1267
target: 	 mrr: 0.087321	 ndcg_5: 0.0794	 ndcg_10: 0.0967	 hit@1:0.039016	 hit@5:0.1189	 hit@10: 0.1723
epoch 48: train_loss = 1.130415, source_hit@10 = 0.1267, source_ndcg@10 = 0.0658, target_hit@10 = 0.1723, target_ndcg@10 = 0.0967

2024-08-04 00:08:54.354770: step 46403/75760 (epoch 49/80), loss = 1.127946 (568.835 sec/epoch), lr: 0.001672
Evaluating on dev set...
.......................................................................................................................................................................................................................
source: 	 mrr: 0.076736	 ndcg_5: 0.0685	 ndcg_10: 0.0868	 hit@1:0.031323	 hit@5:0.1058	 hit@10: 0.1624
target: 	 mrr: 0.089619	 ndcg_5: 0.0810	 ndcg_10: 0.1008	 hit@1:0.039674	 hit@5:0.1218	 hit@10: 0.1835
epoch 49: train_loss = 1.127946, source_hit@10 = 0.1624, source_ndcg@10 = 0.0868, target_hit@10 = 0.1835, target_ndcg@10 = 0.1008

2024-08-04 00:18:25.930606: step 47350/75760 (epoch 50/80), loss = 1.127246 (567.523 sec/epoch), lr: 0.001672
Evaluating on dev set...
.......................................................................................................................................................................................................................
source: 	 mrr: 0.076555	 ndcg_5: 0.0684	 ndcg_10: 0.0866	 hit@1:0.031167	 hit@5:0.1058	 hit@10: 0.1624
target: 	 mrr: 0.092241	 ndcg_5: 0.0838	 ndcg_10: 0.1034	 hit@1:0.041911	 hit@5:0.1242	 hit@10: 0.1852
epoch 50: train_loss = 1.127246, source_hit@10 = 0.1624, source_ndcg@10 = 0.0866, target_hit@10 = 0.1852, target_ndcg@10 = 0.1034

2024-08-04 00:27:49.677596: step 48297/75760 (epoch 51/80), loss = 1.126536 (559.726 sec/epoch), lr: 0.001672
Evaluating on dev set...
.......................................................................................................................................................................................................................
source: 	 mrr: 0.066331	 ndcg_5: 0.0580	 ndcg_10: 0.0760	 hit@1:0.022908	 hit@5:0.0924	 hit@10: 0.1484
target: 	 mrr: 0.073044	 ndcg_5: 0.0630	 ndcg_10: 0.0812	 hit@1:0.028555	 hit@5:0.0976	 hit@10: 0.1542
epoch 51: train_loss = 1.126536, source_hit@10 = 0.1484, source_ndcg@10 = 0.0760, target_hit@10 = 0.1542, target_ndcg@10 = 0.0812

2024-08-04 00:37:08.024489: step 49244/75760 (epoch 52/80), loss = 1.124124 (554.434 sec/epoch), lr: 0.001589
Evaluating on dev set...
.......................................................................................................................................................................................................................
source: 	 mrr: 0.074663	 ndcg_5: 0.0664	 ndcg_10: 0.0846	 hit@1:0.028362	 hit@5:0.1043	 hit@10: 0.1607
target: 	 mrr: 0.092142	 ndcg_5: 0.0830	 ndcg_10: 0.1035	 hit@1:0.040990	 hit@5:0.1236	 hit@10: 0.1875
epoch 52: train_loss = 1.124124, source_hit@10 = 0.1607, source_ndcg@10 = 0.0846, target_hit@10 = 0.1875, target_ndcg@10 = 0.1035

2024-08-04 00:46:27.175844: step 50191/75760 (epoch 53/80), loss = 1.122921 (555.084 sec/epoch), lr: 0.001589
Evaluating on dev set...
.......................................................................................................................................................................................................................
source: 	 mrr: 0.062394	 ndcg_5: 0.0522	 ndcg_10: 0.0698	 hit@1:0.021661	 hit@5:0.0827	 hit@10: 0.1374
target: 	 mrr: 0.085615	 ndcg_5: 0.0773	 ndcg_10: 0.0961	 hit@1:0.037437	 hit@5:0.1162	 hit@10: 0.1749
epoch 53: train_loss = 1.122921, source_hit@10 = 0.1374, source_ndcg@10 = 0.0698, target_hit@10 = 0.1749, target_ndcg@10 = 0.0961

2024-08-04 00:55:43.578475: step 51138/75760 (epoch 54/80), loss = 1.120643 (552.584 sec/epoch), lr: 0.001509
Evaluating on dev set...
.......................................................................................................................................................................................................................
source: 	 mrr: 0.071246	 ndcg_5: 0.0643	 ndcg_10: 0.0827	 hit@1:0.023999	 hit@5:0.1036	 hit@10: 0.1613
target: 	 mrr: 0.092289	 ndcg_5: 0.0838	 ndcg_10: 0.1030	 hit@1:0.043424	 hit@5:0.1228	 hit@10: 0.1824
epoch 54: train_loss = 1.120643, source_hit@10 = 0.1613, source_ndcg@10 = 0.0827, target_hit@10 = 0.1824, target_ndcg@10 = 0.1030

2024-08-04 01:05:05.729820: step 52085/75760 (epoch 55/80), loss = 1.117973 (558.397 sec/epoch), lr: 0.001509
Evaluating on dev set...
.......................................................................................................................................................................................................................
source: 	 mrr: 0.075759	 ndcg_5: 0.0669	 ndcg_10: 0.0864	 hit@1:0.029297	 hit@5:0.1036	 hit@10: 0.1641
target: 	 mrr: 0.085545	 ndcg_5: 0.0756	 ndcg_10: 0.0937	 hit@1:0.040266	 hit@5:0.1099	 hit@10: 0.1664
epoch 55: train_loss = 1.117973, source_hit@10 = 0.1641, source_ndcg@10 = 0.0864, target_hit@10 = 0.1664, target_ndcg@10 = 0.0937

2024-08-04 01:14:25.672647: step 53032/75760 (epoch 56/80), loss = 1.114553 (556.117 sec/epoch), lr: 0.001434
Evaluating on dev set...
.......................................................................................................................................................................................................................
source: 	 mrr: 0.078191	 ndcg_5: 0.0701	 ndcg_10: 0.0892	 hit@1:0.030076	 hit@5:0.1089	 hit@10: 0.1683
target: 	 mrr: 0.093309	 ndcg_5: 0.0843	 ndcg_10: 0.1038	 hit@1:0.042898	 hit@5:0.1239	 hit@10: 0.1849
target best!
......................................................................................................................................................target: 	 mrr: 0.093297	 ndcg_5: 0.0848	 ndcg_10: 0.1049	 hit@1:0.042450	 hit@5:0.1266	 hit@10: 0.1890
epoch 56: train_loss = 1.114553, source_hit@10 = 0.1683, source_ndcg@10 = 0.0892, target_hit@10 = 0.1890, target_ndcg@10 = 0.1049
new best model saved.

2024-08-04 01:23:51.115701: step 53979/75760 (epoch 57/80), loss = 1.112051 (558.548 sec/epoch), lr: 0.001434
Evaluating on dev set...
.......................................................................................................................................................................................................................
source: 	 mrr: 0.080012	 ndcg_5: 0.0735	 ndcg_10: 0.0909	 hit@1:0.033193	 hit@5:0.1139	 hit@10: 0.1678
target: 	 mrr: 0.092291	 ndcg_5: 0.0840	 ndcg_10: 0.1042	 hit@1:0.041253	 hit@5:0.1263	 hit@10: 0.1893
source best!
...............................................................
source: 	 mrr: 0.079439	 ndcg_5: 0.0707	 ndcg_10: 0.0888	 hit@1:0.032110	 hit@5:0.1082	 hit@10: 0.1647
epoch 57: train_loss = 1.112051, source_hit@10 = 0.1647, source_ndcg@10 = 0.0888, target_hit@10 = 0.1893, target_ndcg@10 = 0.1042
new best model saved.

2024-08-04 01:33:22.568878: step 54926/75760 (epoch 58/80), loss = 1.118641 (565.869 sec/epoch), lr: 0.001434
Evaluating on dev set...
.......................................................................................................................................................................................................................
source: 	 mrr: 0.045987	 ndcg_5: 0.0373	 ndcg_10: 0.0523	 hit@1:0.012779	 hit@5:0.0633	 hit@10: 0.1100
target: 	 mrr: 0.078991	 ndcg_5: 0.0681	 ndcg_10: 0.0889	 hit@1:0.030857	 hit@5:0.1054	 hit@10: 0.1698
epoch 58: train_loss = 1.118641, source_hit@10 = 0.1100, source_ndcg@10 = 0.0523, target_hit@10 = 0.1698, target_ndcg@10 = 0.0889

2024-08-04 01:42:42.472462: step 55873/75760 (epoch 59/80), loss = 1.115819 (556.071 sec/epoch), lr: 0.001362
Evaluating on dev set...
.......................................................................................................................................................................................................................
source: 	 mrr: 0.083134	 ndcg_5: 0.0766	 ndcg_10: 0.0935	 hit@1:0.034751	 hit@5:0.1170	 hit@10: 0.1695
target: 	 mrr: 0.088809	 ndcg_5: 0.0791	 ndcg_10: 0.1002	 hit@1:0.038753	 hit@5:0.1184	 hit@10: 0.1840
source best!
...............................................................
source: 	 mrr: 0.084675	 ndcg_5: 0.0767	 ndcg_10: 0.0946	 hit@1:0.036539	 hit@5:0.1159	 hit@10: 0.1715
epoch 59: train_loss = 1.115819, source_hit@10 = 0.1715, source_ndcg@10 = 0.0946, target_hit@10 = 0.1840, target_ndcg@10 = 0.1002

2024-08-04 01:52:03.493900: step 56820/75760 (epoch 60/80), loss = 1.110876 (556.084 sec/epoch), lr: 0.001362
Evaluating on dev set...
.......................................................................................................................................................................................................................
source: 	 mrr: 0.074656	 ndcg_5: 0.0672	 ndcg_10: 0.0837	 hit@1:0.029453	 hit@5:0.1024	 hit@10: 0.1540
target: 	 mrr: 0.084116	 ndcg_5: 0.0751	 ndcg_10: 0.0934	 hit@1:0.036318	 hit@5:0.1132	 hit@10: 0.1702
epoch 60: train_loss = 1.110876, source_hit@10 = 0.1540, source_ndcg@10 = 0.0837, target_hit@10 = 0.1702, target_ndcg@10 = 0.0934

2024-08-04 02:01:23.304295: step 57767/75760 (epoch 61/80), loss = 1.105364 (555.931 sec/epoch), lr: 0.001294
Evaluating on dev set...
.......................................................................................................................................................................................................................
source: 	 mrr: 0.074086	 ndcg_5: 0.0657	 ndcg_10: 0.0832	 hit@1:0.026960	 hit@5:0.1022	 hit@10: 0.1566
target: 	 mrr: 0.091965	 ndcg_5: 0.0827	 ndcg_10: 0.1015	 hit@1:0.044082	 hit@5:0.1205	 hit@10: 0.1792
epoch 61: train_loss = 1.105364, source_hit@10 = 0.1566, source_ndcg@10 = 0.0832, target_hit@10 = 0.1792, target_ndcg@10 = 0.1015

2024-08-04 02:10:49.814387: step 58714/75760 (epoch 62/80), loss = 1.103775 (562.715 sec/epoch), lr: 0.001294
Evaluating on dev set...
.......................................................................................................................................................................................................................
source: 	 mrr: 0.079381	 ndcg_5: 0.0722	 ndcg_10: 0.0890	 hit@1:0.030544	 hit@5:0.1116	 hit@10: 0.1636
target: 	 mrr: 0.092224	 ndcg_5: 0.0822	 ndcg_10: 0.1026	 hit@1:0.041779	 hit@5:0.1212	 hit@10: 0.1845
epoch 62: train_loss = 1.103775, source_hit@10 = 0.1636, source_ndcg@10 = 0.0890, target_hit@10 = 0.1845, target_ndcg@10 = 0.1026

2024-08-04 02:20:21.697909: step 59661/75760 (epoch 63/80), loss = 1.099989 (567.729 sec/epoch), lr: 0.001294
Evaluating on dev set...
.......................................................................................................................................................................................................................
source: 	 mrr: 0.081897	 ndcg_5: 0.0730	 ndcg_10: 0.0922	 hit@1:0.035842	 hit@5:0.1102	 hit@10: 0.1694
target: 	 mrr: 0.082753	 ndcg_5: 0.0746	 ndcg_10: 0.0929	 hit@1:0.033884	 hit@5:0.1143	 hit@10: 0.1713
epoch 63: train_loss = 1.099989, source_hit@10 = 0.1694, source_ndcg@10 = 0.0922, target_hit@10 = 0.1713, target_ndcg@10 = 0.0929

2024-08-04 02:29:46.372582: step 60608/75760 (epoch 64/80), loss = 1.094614 (560.804 sec/epoch), lr: 0.001229
Evaluating on dev set...
.......................................................................................................................................................................................................................
source: 	 mrr: 0.079189	 ndcg_5: 0.0708	 ndcg_10: 0.0909	 hit@1:0.031479	 hit@5:0.1100	 hit@10: 0.1725
target: 	 mrr: 0.081439	 ndcg_5: 0.0722	 ndcg_10: 0.0909	 hit@1:0.033621	 hit@5:0.1103	 hit@10: 0.1687
epoch 64: train_loss = 1.094614, source_hit@10 = 0.1725, source_ndcg@10 = 0.0909, target_hit@10 = 0.1687, target_ndcg@10 = 0.0909

2024-08-04 02:39:12.572401: step 61555/75760 (epoch 65/80), loss = 1.087655 (562.257 sec/epoch), lr: 0.001168
Evaluating on dev set...
.......................................................................................................................................................................................................................
source: 	 mrr: 0.082002	 ndcg_5: 0.0720	 ndcg_10: 0.0920	 hit@1:0.035219	 hit@5:0.1078	 hit@10: 0.1695
target: 	 mrr: 0.095021	 ndcg_5: 0.0860	 ndcg_10: 0.1062	 hit@1:0.043950	 hit@5:0.1267	 hit@10: 0.1892
target best!
......................................................................................................................................................target: 	 mrr: 0.098184	 ndcg_5: 0.0894	 ndcg_10: 0.1101	 hit@1:0.046502	 hit@5:0.1309	 hit@10: 0.1954
epoch 65: train_loss = 1.087655, source_hit@10 = 0.1695, source_ndcg@10 = 0.0920, target_hit@10 = 0.1954, target_ndcg@10 = 0.1101
new best model saved.

2024-08-04 02:48:43.758291: step 62502/75760 (epoch 66/80), loss = 1.082702 (563.626 sec/epoch), lr: 0.001168
Evaluating on dev set...
.......................................................................................................................................................................................................................
source: 	 mrr: 0.081942	 ndcg_5: 0.0735	 ndcg_10: 0.0924	 hit@1:0.034907	 hit@5:0.1124	 hit@10: 0.1711
target: 	 mrr: 0.083450	 ndcg_5: 0.0749	 ndcg_10: 0.0922	 hit@1:0.038424	 hit@5:0.1111	 hit@10: 0.1653
epoch 66: train_loss = 1.082702, source_hit@10 = 0.1711, source_ndcg@10 = 0.0924, target_hit@10 = 0.1653, target_ndcg@10 = 0.0922

2024-08-04 02:58:16.731873: step 63449/75760 (epoch 67/80), loss = 1.077976 (569.114 sec/epoch), lr: 0.001110
Evaluating on dev set...
.......................................................................................................................................................................................................................
source: 	 mrr: 0.081145	 ndcg_5: 0.0722	 ndcg_10: 0.0925	 hit@1:0.031323	 hit@5:0.1114	 hit@10: 0.1742
target: 	 mrr: 0.094078	 ndcg_5: 0.0849	 ndcg_10: 0.1043	 hit@1:0.045135	 hit@5:0.1242	 hit@10: 0.1844
epoch 67: train_loss = 1.077976, source_hit@10 = 0.1742, source_ndcg@10 = 0.0925, target_hit@10 = 0.1844, target_ndcg@10 = 0.1043

2024-08-04 03:07:44.788459: step 64396/75760 (epoch 68/80), loss = 1.076015 (562.999 sec/epoch), lr: 0.001110
Evaluating on dev set...
.......................................................................................................................................................................................................................
source: 	 mrr: 0.079908	 ndcg_5: 0.0736	 ndcg_10: 0.0912	 hit@1:0.030232	 hit@5:0.1166	 hit@10: 0.1713
target: 	 mrr: 0.096474	 ndcg_5: 0.0866	 ndcg_10: 0.1072	 hit@1:0.045727	 hit@5:0.1260	 hit@10: 0.1899
target best!
......................................................................................................................................................target: 	 mrr: 0.098748	 ndcg_5: 0.0898	 ndcg_10: 0.1107	 hit@1:0.046569	 hit@5:0.1317	 hit@10: 0.1964
epoch 68: train_loss = 1.076015, source_hit@10 = 0.1713, source_ndcg@10 = 0.0912, target_hit@10 = 0.1964, target_ndcg@10 = 0.1107

2024-08-04 03:17:17.654231: step 65343/75760 (epoch 69/80), loss = 1.070650 (566.243 sec/epoch), lr: 0.001110
Evaluating on dev set...
.......................................................................................................................................................................................................................
source: 	 mrr: 0.076937	 ndcg_5: 0.0690	 ndcg_10: 0.0863	 hit@1:0.030856	 hit@5:0.1066	 hit@10: 0.1602
target: 	 mrr: 0.081508	 ndcg_5: 0.0715	 ndcg_10: 0.0906	 hit@1:0.034542	 hit@5:0.1080	 hit@10: 0.1674
epoch 69: train_loss = 1.070650, source_hit@10 = 0.1602, source_ndcg@10 = 0.0863, target_hit@10 = 0.1674, target_ndcg@10 = 0.0906

2024-08-04 03:26:53.462022: step 66290/75760 (epoch 70/80), loss = 1.064569 (571.779 sec/epoch), lr: 0.001054
Evaluating on dev set...
.......................................................................................................................................................................................................................
source: 	 mrr: 0.080367	 ndcg_5: 0.0722	 ndcg_10: 0.0902	 hit@1:0.032881	 hit@5:0.1106	 hit@10: 0.1661
target: 	 mrr: 0.090455	 ndcg_5: 0.0813	 ndcg_10: 0.1012	 hit@1:0.040595	 hit@5:0.1215	 hit@10: 0.1832
epoch 70: train_loss = 1.064569, source_hit@10 = 0.1661, source_ndcg@10 = 0.0902, target_hit@10 = 0.1832, target_ndcg@10 = 0.1012

2024-08-04 03:36:24.306388: step 67237/75760 (epoch 71/80), loss = 1.064763 (566.647 sec/epoch), lr: 0.001054
Evaluating on dev set...
.......................................................................................................................................................................................................................
source: 	 mrr: 0.080216	 ndcg_5: 0.0705	 ndcg_10: 0.0899	 hit@1:0.035686	 hit@5:0.1046	 hit@10: 0.1650
target: 	 mrr: 0.089916	 ndcg_5: 0.0810	 ndcg_10: 0.1007	 hit@1:0.039674	 hit@5:0.1210	 hit@10: 0.1822
epoch 71: train_loss = 1.064763, source_hit@10 = 0.1650, source_ndcg@10 = 0.0899, target_hit@10 = 0.1822, target_ndcg@10 = 0.1007

2024-08-04 03:45:56.227888: step 68184/75760 (epoch 72/80), loss = 1.058491 (566.769 sec/epoch), lr: 0.001001
Evaluating on dev set...
.......................................................................................................................................................................................................................
source: 	 mrr: 0.081425	 ndcg_5: 0.0716	 ndcg_10: 0.0918	 hit@1:0.034440	 hit@5:0.1080	 hit@10: 0.1706
target: 	 mrr: 0.090864	 ndcg_5: 0.0819	 ndcg_10: 0.1012	 hit@1:0.041582	 hit@5:0.1214	 hit@10: 0.1813
epoch 72: train_loss = 1.058491, source_hit@10 = 0.1706, source_ndcg@10 = 0.0918, target_hit@10 = 0.1813, target_ndcg@10 = 0.1012

2024-08-04 03:55:29.665966: step 69131/75760 (epoch 73/80), loss = 1.053690 (569.323 sec/epoch), lr: 0.001001
Evaluating on dev set...
.......................................................................................................................................................................................................................
source: 	 mrr: 0.077581	 ndcg_5: 0.0693	 ndcg_10: 0.0869	 hit@1:0.031011	 hit@5:0.1066	 hit@10: 0.1614
target: 	 mrr: 0.085759	 ndcg_5: 0.0764	 ndcg_10: 0.0946	 hit@1:0.038884	 hit@5:0.1132	 hit@10: 0.1699
epoch 73: train_loss = 1.053690, source_hit@10 = 0.1614, source_ndcg@10 = 0.0869, target_hit@10 = 0.1699, target_ndcg@10 = 0.0946

2024-08-04 04:05:03.901187: step 70078/75760 (epoch 74/80), loss = 1.047881 (570.135 sec/epoch), lr: 0.000951
Evaluating on dev set...
.......................................................................................................................................................................................................................
source: 	 mrr: 0.083094	 ndcg_5: 0.0748	 ndcg_10: 0.0942	 hit@1:0.034751	 hit@5:0.1136	 hit@10: 0.1739
target: 	 mrr: 0.088300	 ndcg_5: 0.0794	 ndcg_10: 0.0984	 hit@1:0.040661	 hit@5:0.1171	 hit@10: 0.1764
epoch 74: train_loss = 1.047881, source_hit@10 = 0.1739, source_ndcg@10 = 0.0942, target_hit@10 = 0.1764, target_ndcg@10 = 0.0984

2024-08-04 04:14:32.956911: step 71025/75760 (epoch 75/80), loss = 1.043981 (565.058 sec/epoch), lr: 0.000951
Evaluating on dev set...
.......................................................................................................................................................................................................................
source: 	 mrr: 0.078997	 ndcg_5: 0.0698	 ndcg_10: 0.0885	 hit@1:0.035063	 hit@5:0.1039	 hit@10: 0.1622
target: 	 mrr: 0.078043	 ndcg_5: 0.0681	 ndcg_10: 0.0857	 hit@1:0.034410	 hit@5:0.1017	 hit@10: 0.1564
epoch 75: train_loss = 1.043981, source_hit@10 = 0.1622, source_ndcg@10 = 0.0885, target_hit@10 = 0.1564, target_ndcg@10 = 0.0857

2024-08-04 04:24:00.578245: step 71972/75760 (epoch 76/80), loss = 1.036940 (563.567 sec/epoch), lr: 0.000904
Evaluating on dev set...
.......................................................................................................................................................................................................................
source: 	 mrr: 0.082153	 ndcg_5: 0.0739	 ndcg_10: 0.0943	 hit@1:0.033505	 hit@5:0.1134	 hit@10: 0.1766
target: 	 mrr: 0.090023	 ndcg_5: 0.0806	 ndcg_10: 0.1005	 hit@1:0.041516	 hit@5:0.1191	 hit@10: 0.1810
epoch 76: train_loss = 1.036940, source_hit@10 = 0.1766, source_ndcg@10 = 0.0943, target_hit@10 = 0.1810, target_ndcg@10 = 0.1005

2024-08-04 04:33:25.643452: step 72919/75760 (epoch 77/80), loss = 1.035549 (560.896 sec/epoch), lr: 0.000904
Evaluating on dev set...
.......................................................................................................................................................................................................................
source: 	 mrr: 0.083635	 ndcg_5: 0.0754	 ndcg_10: 0.0949	 hit@1:0.036154	 hit@5:0.1141	 hit@10: 0.1745
target: 	 mrr: 0.085339	 ndcg_5: 0.0760	 ndcg_10: 0.0957	 hit@1:0.037305	 hit@5:0.1145	 hit@10: 0.1762
source best!
...............................................................
source: 	 mrr: 0.083621	 ndcg_5: 0.0744	 ndcg_10: 0.0946	 hit@1:0.034957	 hit@5:0.1126	 hit@10: 0.1754
epoch 77: train_loss = 1.035549, source_hit@10 = 0.1754, source_ndcg@10 = 0.0946, target_hit@10 = 0.1762, target_ndcg@10 = 0.0957

2024-08-04 04:42:56.102232: step 73866/75760 (epoch 78/80), loss = 1.030994 (565.360 sec/epoch), lr: 0.000859
Evaluating on dev set...
.......................................................................................................................................................................................................................
source: 	 mrr: 0.069001	 ndcg_5: 0.0610	 ndcg_10: 0.0803	 hit@1:0.024778	 hit@5:0.0979	 hit@10: 0.1586
target: 	 mrr: 0.090719	 ndcg_5: 0.0825	 ndcg_10: 0.1018	 hit@1:0.041647	 hit@5:0.1236	 hit@10: 0.1836
epoch 78: train_loss = 1.030994, source_hit@10 = 0.1586, source_ndcg@10 = 0.0803, target_hit@10 = 0.1836, target_ndcg@10 = 0.1018

2024-08-04 04:52:20.395062: step 74813/75760 (epoch 79/80), loss = 1.025872 (560.370 sec/epoch), lr: 0.000816
Evaluating on dev set...
.......................................................................................................................................................................................................................
source: 	 mrr: 0.085897	 ndcg_5: 0.0777	 ndcg_10: 0.0969	 hit@1:0.036621	 hit@5:0.1166	 hit@10: 0.1758
target: 	 mrr: 0.092405	 ndcg_5: 0.0840	 ndcg_10: 0.1027	 hit@1:0.043292	 hit@5:0.1240	 hit@10: 0.1822
source best!
...............................................................
source: 	 mrr: 0.090368	 ndcg_5: 0.0814	 ndcg_10: 0.1016	 hit@1:0.041601	 hit@5:0.1202	 hit@10: 0.1836
epoch 79: train_loss = 1.025872, source_hit@10 = 0.1836, source_ndcg@10 = 0.1016, target_hit@10 = 0.1822, target_ndcg@10 = 0.1027

2024-08-04 05:01:49.169122: step 75760/75760 (epoch 80/80), loss = 1.022572 (562.476 sec/epoch), lr: 0.000816
Evaluating on dev set...
.......................................................................................................................................................................................................................
source: 	 mrr: 0.078542	 ndcg_5: 0.0710	 ndcg_10: 0.0886	 hit@1:0.033037	 hit@5:0.1089	 hit@10: 0.1636
target: 	 mrr: 0.090720	 ndcg_5: 0.0817	 ndcg_10: 0.1020	 hit@1:0.040792	 hit@5:0.1213	 hit@10: 0.1844
epoch 80: train_loss = 1.022572, source_hit@10 = 0.1636, source_ndcg@10 = 0.0886, target_hit@10 = 0.1844, target_ndcg@10 = 0.1020

