nohup: ignoring input
/home1/lhr/anaconda3/envs/torch/lib/python3.8/site-packages/torch_geometric/typing.py:54: UserWarning: An issue occurred while importing 'pyg-lib'. Disabling its usage. Stacktrace: /lib/x86_64-linux-gnu/libm.so.6: version `GLIBC_2.29' not found (required by /home1/lhr/anaconda3/envs/torch/lib/python3.8/site-packages/libpyg.so)
  warnings.warn(f"An issue occurred while importing 'pyg-lib'. "
/home1/lhr/anaconda3/envs/torch/lib/python3.8/site-packages/torch_geometric/typing.py:110: UserWarning: An issue occurred while importing 'torch-sparse'. Disabling its usage. Stacktrace: /lib/x86_64-linux-gnu/libm.so.6: version `GLIBC_2.29' not found (required by /home1/lhr/anaconda3/envs/torch/lib/python3.8/site-packages/libpyg.so)
  warnings.warn(f"An issue occurred while importing 'torch-sparse'. "
using gpu:1 to train the model
using gpu:1 to train the model
cuda:1
Namespace(A_split=False, JK='sum', a_fold=100, aggregate=False, alpha=0.5, batch_size=1024, beta_inter=0.5, conv_layers=4, cuda=True, decay_epoch=10, device=device(type='cuda', index=1), device_id='1', domains='cell_electronic', dropout=0.5, epoch=80, feature_dim=126, hidden_dim=126, inter_tau=0.2, intra_tau=1, lambda_critic=0.4, leakey=0.05, load=False, log='logs.txt', log_epoch=1, lr=0.004, lr_decay=0.95, min_epoch=50, mode='train', model_file=None, model_name='ce', momentum=0.9, num_latent_factors=3, num_negative=100, optim='adam', patience=30, proj_layers=1, projection=1, residual=1, save=False, save_dir='./saved_models', seed=32, similarity_tau=0.1, test_sample_number=999, transfer_epoch=40, user_batch_size=256, weight_decay=0.0002)
number_user 27519
number_item 9481
/home1/lhr/invariantCDR/invariantCDR/utils/GraphMaker.py:45: RuntimeWarning: divide by zero encountered in power
  r_inv = np.power(rowsum, -1).flatten()
/home1/lhr/invariantCDR/invariantCDR/utils/GraphMaker.py:68: UserWarning: torch.sparse.SparseTensor(indices, values, shape, *, device=) is deprecated.  Please use torch.sparse_coo_tensor(indices, values, shape, dtype=, device=). (Triggered internally at /opt/conda/conda-bld/pytorch_1711403590347/work/torch/csrc/utils/tensor_new.cpp:618.)
  return torch.sparse.FloatTensor(indices, values, shape)
real graph loaded!
number_user 107984
number_item 40460
real graph loaded!
graph loaded!
Loading data from cell_electronic with batch size 1024...
unseen test: 0
test length: 6417
unseen test: 0
test length: 6322
unseen test: 0
test length: 15199
unseen test: 0
test length: 15053
source_user_num 27519
target_user_num 107984
source_item_num 9481
target_item_num 40460
shared users id: 16337
test users 2049, 2042
unseen test: 0
dev length: 1000
unseen test: 0
dev length: 1000
source train data : 148271, target train data: 821301, source test data : 6322, target test data : 15053, source dev data : 1000, target dev data : 1000
2024-08-03 19:44:40.273913: step 947/75760 (epoch 1/80), loss = 1.367859 (691.855 sec/epoch), lr: 0.004000
Evaluating on dev set...
.......................................................................................................................................................................................................................
source: 	 mrr: 0.064521	 ndcg_5: 0.0564	 ndcg_10: 0.0736	 hit@1:0.023220	 hit@5:0.0891	 hit@10: 0.1424
target: 	 mrr: 0.063238	 ndcg_5: 0.0537	 ndcg_10: 0.0728	 hit@1:0.020001	 hit@5:0.0877	 hit@10: 0.1476
source best!
...............................................................
source: 	 mrr: 0.064194	 ndcg_5: 0.0556	 ndcg_10: 0.0711	 hit@1:0.023568	 hit@5:0.0879	 hit@10: 0.1363
target best!
......................................................................................................................................................target: 	 mrr: 0.065668	 ndcg_5: 0.0554	 ndcg_10: 0.0759	 hit@1:0.021790	 hit@5:0.0895	 hit@10: 0.1535
epoch 1: train_loss = 1.367859, source_hit@10 = 0.1363, source_ndcg@10 = 0.0711, target_hit@10 = 0.1535, target_ndcg@10 = 0.0759

2024-08-03 19:56:20.370027: step 1894/75760 (epoch 2/80), loss = 1.288957 (689.484 sec/epoch), lr: 0.004000
Evaluating on dev set...
.......................................................................................................................................................................................................................
source: 	 mrr: 0.054046	 ndcg_5: 0.0428	 ndcg_10: 0.0620	 hit@1:0.015272	 hit@5:0.0711	 hit@10: 0.1307
target: 	 mrr: 0.071621	 ndcg_5: 0.0625	 ndcg_10: 0.0822	 hit@1:0.027173	 hit@5:0.0981	 hit@10: 0.1594
target best!
......................................................................................................................................................target: 	 mrr: 0.075088	 ndcg_5: 0.0662	 ndcg_10: 0.0856	 hit@1:0.029296	 hit@5:0.1024	 hit@10: 0.1627
epoch 2: train_loss = 1.288957, source_hit@10 = 0.1307, source_ndcg@10 = 0.0620, target_hit@10 = 0.1627, target_ndcg@10 = 0.0856

2024-08-03 20:08:00.033332: step 2841/75760 (epoch 3/80), loss = 1.280106 (690.734 sec/epoch), lr: 0.004000
Evaluating on dev set...
.......................................................................................................................................................................................................................
source: 	 mrr: 0.063620	 ndcg_5: 0.0550	 ndcg_10: 0.0699	 hit@1:0.022908	 hit@5:0.0868	 hit@10: 0.1337
target: 	 mrr: 0.055885	 ndcg_5: 0.0449	 ndcg_10: 0.0645	 hit@1:0.017304	 hit@5:0.0734	 hit@10: 0.1345
epoch 3: train_loss = 1.280106, source_hit@10 = 0.1337, source_ndcg@10 = 0.0699, target_hit@10 = 0.1345, target_ndcg@10 = 0.0645

2024-08-03 20:19:49.804174: step 3788/75760 (epoch 4/80), loss = 1.272267 (703.298 sec/epoch), lr: 0.004000
Evaluating on dev set...
.......................................................................................................................................................................................................................
source: 	 mrr: 0.053646	 ndcg_5: 0.0459	 ndcg_10: 0.0601	 hit@1:0.019168	 hit@5:0.0734	 hit@10: 0.1175
target: 	 mrr: 0.065894	 ndcg_5: 0.0553	 ndcg_10: 0.0751	 hit@1:0.022173	 hit@5:0.0882	 hit@10: 0.1494
epoch 4: train_loss = 1.272267, source_hit@10 = 0.1175, source_ndcg@10 = 0.0601, target_hit@10 = 0.1494, target_ndcg@10 = 0.0751

2024-08-03 20:31:15.407248: step 4735/75760 (epoch 5/80), loss = 1.252954 (680.289 sec/epoch), lr: 0.004000
Evaluating on dev set...
.......................................................................................................................................................................................................................
source: 	 mrr: 0.057698	 ndcg_5: 0.0496	 ndcg_10: 0.0674	 hit@1:0.017921	 hit@5:0.0821	 hit@10: 0.1378
target: 	 mrr: 0.043510	 ndcg_5: 0.0304	 ndcg_10: 0.0474	 hit@1:0.011580	 hit@5:0.0506	 hit@10: 0.1038
epoch 5: train_loss = 1.252954, source_hit@10 = 0.1378, source_ndcg@10 = 0.0674, target_hit@10 = 0.1038, target_ndcg@10 = 0.0474

2024-08-03 20:42:40.296866: step 5682/75760 (epoch 6/80), loss = 1.249580 (679.470 sec/epoch), lr: 0.004000
Evaluating on dev set...
.......................................................................................................................................................................................................................
source: 	 mrr: 0.037342	 ndcg_5: 0.0289	 ndcg_10: 0.0402	 hit@1:0.010753	 hit@5:0.0480	 hit@10: 0.0834
target: 	 mrr: 0.054814	 ndcg_5: 0.0455	 ndcg_10: 0.0626	 hit@1:0.017041	 hit@5:0.0743	 hit@10: 0.1278
epoch 6: train_loss = 1.249580, source_hit@10 = 0.0834, source_ndcg@10 = 0.0402, target_hit@10 = 0.1278, target_ndcg@10 = 0.0626

2024-08-03 20:56:55.730351: step 6629/75760 (epoch 7/80), loss = 1.247300 (849.954 sec/epoch), lr: 0.004000
Evaluating on dev set...
.......................................................................................................................................................................................................................
source: 	 mrr: 0.058280	 ndcg_5: 0.0506	 ndcg_10: 0.0657	 hit@1:0.022596	 hit@5:0.0787	 hit@10: 0.1259
target: 	 mrr: 0.052846	 ndcg_5: 0.0432	 ndcg_10: 0.0588	 hit@1:0.017830	 hit@5:0.0690	 hit@10: 0.1177
epoch 7: train_loss = 1.247300, source_hit@10 = 0.1259, source_ndcg@10 = 0.0657, target_hit@10 = 0.1177, target_ndcg@10 = 0.0588

2024-08-03 21:08:23.106882: step 7576/75760 (epoch 8/80), loss = 1.244800 (682.044 sec/epoch), lr: 0.004000
Evaluating on dev set...
.......................................................................................................................................................................................................................
source: 	 mrr: 0.070698	 ndcg_5: 0.0635	 ndcg_10: 0.0795	 hit@1:0.027583	 hit@5:0.0988	 hit@10: 0.1480
target: 	 mrr: 0.053333	 ndcg_5: 0.0461	 ndcg_10: 0.0613	 hit@1:0.018225	 hit@5:0.0745	 hit@10: 0.1218
source best!
...............................................................
source: 	 mrr: 0.074158	 ndcg_5: 0.0669	 ndcg_10: 0.0834	 hit@1:0.030054	 hit@5:0.1036	 hit@10: 0.1552
epoch 8: train_loss = 1.244800, source_hit@10 = 0.1552, source_ndcg@10 = 0.0834, target_hit@10 = 0.1218, target_ndcg@10 = 0.0613

2024-08-03 21:29:27.293550: step 8523/75760 (epoch 9/80), loss = 1.241721 (1257.662 sec/epoch), lr: 0.004000
Evaluating on dev set...
.......................................................................................................................................................................................................................
source: 	 mrr: 0.055472	 ndcg_5: 0.0463	 ndcg_10: 0.0634	 hit@1:0.015895	 hit@5:0.0770	 hit@10: 0.1303
target: 	 mrr: 0.065838	 ndcg_5: 0.0557	 ndcg_10: 0.0747	 hit@1:0.022633	 hit@5:0.0891	 hit@10: 0.1482
epoch 9: train_loss = 1.241721, source_hit@10 = 0.1303, source_ndcg@10 = 0.0634, target_hit@10 = 0.1482, target_ndcg@10 = 0.0747

2024-08-03 21:51:25.048960: step 9470/75760 (epoch 10/80), loss = 1.241036 (1284.600 sec/epoch), lr: 0.004000
Evaluating on dev set...
.......................................................................................................................................................................................................................
source: 	 mrr: 0.032828	 ndcg_5: 0.0266	 ndcg_10: 0.0365	 hit@1:0.008571	 hit@5:0.0463	 hit@10: 0.0771
target: 	 mrr: 0.068611	 ndcg_5: 0.0598	 ndcg_10: 0.0772	 hit@1:0.024015	 hit@5:0.0947	 hit@10: 0.1490
epoch 10: train_loss = 1.241036, source_hit@10 = 0.0771, source_ndcg@10 = 0.0365, target_hit@10 = 0.1490, target_ndcg@10 = 0.0772

2024-08-03 22:11:15.469771: step 10417/75760 (epoch 11/80), loss = 1.237760 (1158.588 sec/epoch), lr: 0.004000
Evaluating on dev set...
.......................................................................................................................................................................................................................
source: 	 mrr: 0.066063	 ndcg_5: 0.0590	 ndcg_10: 0.0772	 hit@1:0.021817	 hit@5:0.0965	 hit@10: 0.1535
target: 	 mrr: 0.057035	 ndcg_5: 0.0491	 ndcg_10: 0.0646	 hit@1:0.017567	 hit@5:0.0809	 hit@10: 0.1289
epoch 11: train_loss = 1.237760, source_hit@10 = 0.1535, source_ndcg@10 = 0.0772, target_hit@10 = 0.1289, target_ndcg@10 = 0.0646

2024-08-03 22:29:59.820673: step 11364/75760 (epoch 12/80), loss = 1.230612 (1114.357 sec/epoch), lr: 0.004000
Evaluating on dev set...
.......................................................................................................................................................................................................................
source: 	 mrr: 0.054676	 ndcg_5: 0.0439	 ndcg_10: 0.0612	 hit@1:0.018077	 hit@5:0.0707	 hit@10: 0.1248
target: 	 mrr: 0.062901	 ndcg_5: 0.0528	 ndcg_10: 0.0713	 hit@1:0.023094	 hit@5:0.0830	 hit@10: 0.1407
epoch 12: train_loss = 1.230612, source_hit@10 = 0.1248, source_ndcg@10 = 0.0612, target_hit@10 = 0.1407, target_ndcg@10 = 0.0713

2024-08-03 22:52:05.844806: step 12311/75760 (epoch 13/80), loss = 1.225000 (1294.675 sec/epoch), lr: 0.003800
Evaluating on dev set...
.......................................................................................................................................................................................................................
source: 	 mrr: 0.066588	 ndcg_5: 0.0578	 ndcg_10: 0.0761	 hit@1:0.024155	 hit@5:0.0921	 hit@10: 0.1491
target: 	 mrr: 0.060667	 ndcg_5: 0.0521	 ndcg_10: 0.0684	 hit@1:0.022370	 hit@5:0.0818	 hit@10: 0.1324
epoch 13: train_loss = 1.225000, source_hit@10 = 0.1491, source_ndcg@10 = 0.0761, target_hit@10 = 0.1324, target_ndcg@10 = 0.0684

2024-08-03 23:14:11.551324: step 13258/75760 (epoch 14/80), loss = 1.221861 (1292.336 sec/epoch), lr: 0.003800
Evaluating on dev set...
.......................................................................................................................................................................................................................
source: 	 mrr: 0.053152	 ndcg_5: 0.0419	 ndcg_10: 0.0596	 hit@1:0.017142	 hit@5:0.0678	 hit@10: 0.1230
target: 	 mrr: 0.044709	 ndcg_5: 0.0349	 ndcg_10: 0.0485	 hit@1:0.012961	 hit@5:0.0576	 hit@10: 0.1002
epoch 14: train_loss = 1.221861, source_hit@10 = 0.1230, source_ndcg@10 = 0.0596, target_hit@10 = 0.1002, target_ndcg@10 = 0.0485

2024-08-03 23:32:49.001073: step 14205/75760 (epoch 15/80), loss = 1.218968 (1096.934 sec/epoch), lr: 0.003610
Evaluating on dev set...
.......................................................................................................................................................................................................................
source: 	 mrr: 0.040563	 ndcg_5: 0.0324	 ndcg_10: 0.0440	 hit@1:0.013869	 hit@5:0.0513	 hit@10: 0.0874
target: 	 mrr: 0.075365	 ndcg_5: 0.0670	 ndcg_10: 0.0848	 hit@1:0.029147	 hit@5:0.1052	 hit@10: 0.1606
target best!
......................................................................................................................................................target: 	 mrr: 0.079111	 ndcg_5: 0.0708	 ndcg_10: 0.0887	 hit@1:0.032950	 hit@5:0.1085	 hit@10: 0.1645
epoch 15: train_loss = 1.218968, source_hit@10 = 0.0874, source_ndcg@10 = 0.0440, target_hit@10 = 0.1645, target_ndcg@10 = 0.0887

2024-08-03 23:52:47.409584: step 15152/75760 (epoch 16/80), loss = 1.209891 (1140.059 sec/epoch), lr: 0.003610
Evaluating on dev set...
.......................................................................................................................................................................................................................
source: 	 mrr: 0.068500	 ndcg_5: 0.0598	 ndcg_10: 0.0773	 hit@1:0.025557	 hit@5:0.0935	 hit@10: 0.1482
target: 	 mrr: 0.047921	 ndcg_5: 0.0392	 ndcg_10: 0.0545	 hit@1:0.015462	 hit@5:0.0638	 hit@10: 0.1117
epoch 16: train_loss = 1.209891, source_hit@10 = 0.1482, source_ndcg@10 = 0.0773, target_hit@10 = 0.1117, target_ndcg@10 = 0.0545

2024-08-04 00:15:25.770022: step 16099/75760 (epoch 17/80), loss = 1.197710 (1324.974 sec/epoch), lr: 0.003610
Evaluating on dev set...
.......................................................................................................................................................................................................................
source: 	 mrr: 0.035666	 ndcg_5: 0.0283	 ndcg_10: 0.0371	 hit@1:0.012155	 hit@5:0.0443	 hit@10: 0.0718
target: 	 mrr: 0.063586	 ndcg_5: 0.0554	 ndcg_10: 0.0724	 hit@1:0.022041	 hit@5:0.0882	 hit@10: 0.1414
epoch 17: train_loss = 1.197710, source_hit@10 = 0.0718, source_ndcg@10 = 0.0371, target_hit@10 = 0.1414, target_ndcg@10 = 0.0724

2024-08-04 00:37:48.694675: step 17046/75760 (epoch 18/80), loss = 1.193049 (1310.386 sec/epoch), lr: 0.003429
Evaluating on dev set...
.......................................................................................................................................................................................................................
source: 	 mrr: 0.058765	 ndcg_5: 0.0480	 ndcg_10: 0.0655	 hit@1:0.021194	 hit@5:0.0753	 hit@10: 0.1297
target: 	 mrr: 0.078871	 ndcg_5: 0.0714	 ndcg_10: 0.0895	 hit@1:0.032173	 hit@5:0.1109	 hit@10: 0.1671
target best!
......................................................................................................................................................target: 	 mrr: 0.082193	 ndcg_5: 0.0751	 ndcg_10: 0.0931	 hit@1:0.033947	 hit@5:0.1163	 hit@10: 0.1721
epoch 18: train_loss = 1.193049, source_hit@10 = 0.1297, source_ndcg@10 = 0.0655, target_hit@10 = 0.1721, target_ndcg@10 = 0.0931

2024-08-04 00:56:53.892783: step 17993/75760 (epoch 19/80), loss = 1.190196 (1128.483 sec/epoch), lr: 0.003429
Evaluating on dev set...
.......................................................................................................................................................................................................................
source: 	 mrr: 0.064325	 ndcg_5: 0.0564	 ndcg_10: 0.0727	 hit@1:0.022440	 hit@5:0.0901	 hit@10: 0.1412
target: 	 mrr: 0.061230	 ndcg_5: 0.0518	 ndcg_10: 0.0686	 hit@1:0.020857	 hit@5:0.0832	 hit@10: 0.1353
epoch 19: train_loss = 1.190196, source_hit@10 = 0.1412, source_ndcg@10 = 0.0727, target_hit@10 = 0.1353, target_ndcg@10 = 0.0686

2024-08-04 01:17:24.048989: step 18940/75760 (epoch 20/80), loss = 1.188995 (1221.361 sec/epoch), lr: 0.003258
Evaluating on dev set...
.......................................................................................................................................................................................................................
source: 	 mrr: 0.068671	 ndcg_5: 0.0605	 ndcg_10: 0.0793	 hit@1:0.024778	 hit@5:0.0960	 hit@10: 0.1546
target: 	 mrr: 0.045731	 ndcg_5: 0.0378	 ndcg_10: 0.0510	 hit@1:0.015264	 hit@5:0.0610	 hit@10: 0.1024
epoch 20: train_loss = 1.188995, source_hit@10 = 0.1546, source_ndcg@10 = 0.0793, target_hit@10 = 0.1024, target_ndcg@10 = 0.0510

2024-08-04 01:39:49.885298: step 19887/75760 (epoch 21/80), loss = 1.184510 (1312.231 sec/epoch), lr: 0.003095
Evaluating on dev set...
.......................................................................................................................................................................................................................
source: 	 mrr: 0.070136	 ndcg_5: 0.0621	 ndcg_10: 0.0799	 hit@1:0.025557	 hit@5:0.0991	 hit@10: 0.1544
target: 	 mrr: 0.036645	 ndcg_5: 0.0278	 ndcg_10: 0.0364	 hit@1:0.012961	 hit@5:0.0423	 hit@10: 0.0691
epoch 21: train_loss = 1.184510, source_hit@10 = 0.1544, source_ndcg@10 = 0.0799, target_hit@10 = 0.0691, target_ndcg@10 = 0.0364

2024-08-04 02:00:25.690477: step 20834/75760 (epoch 22/80), loss = 1.182384 (1204.354 sec/epoch), lr: 0.002940
Evaluating on dev set...
.......................................................................................................................................................................................................................
source: 	 mrr: 0.065376	 ndcg_5: 0.0569	 ndcg_10: 0.0737	 hit@1:0.026960	 hit@5:0.0863	 hit@10: 0.1384
target: 	 mrr: 0.071136	 ndcg_5: 0.0628	 ndcg_10: 0.0819	 hit@1:0.025199	 hit@5:0.1011	 hit@10: 0.1604
epoch 22: train_loss = 1.182384, source_hit@10 = 0.1384, source_ndcg@10 = 0.0737, target_hit@10 = 0.1604, target_ndcg@10 = 0.0819

2024-08-04 02:18:21.411744: step 21781/75760 (epoch 23/80), loss = 1.181690 (1065.591 sec/epoch), lr: 0.002940
Evaluating on dev set...
.......................................................................................................................................................................................................................
source: 	 mrr: 0.071702	 ndcg_5: 0.0644	 ndcg_10: 0.0819	 hit@1:0.027271	 hit@5:0.1016	 hit@10: 0.1554
target: 	 mrr: 0.071332	 ndcg_5: 0.0625	 ndcg_10: 0.0821	 hit@1:0.026252	 hit@5:0.0988	 hit@10: 0.1597
source best!
...............................................................
source: 	 mrr: 0.076844	 ndcg_5: 0.0699	 ndcg_10: 0.0863	 hit@1:0.031161	 hit@5:0.1074	 hit@10: 0.1583
epoch 23: train_loss = 1.181690, source_hit@10 = 0.1583, source_ndcg@10 = 0.0863, target_hit@10 = 0.1597, target_ndcg@10 = 0.0821

2024-08-04 02:40:45.472453: step 22728/75760 (epoch 24/80), loss = 1.180206 (1331.587 sec/epoch), lr: 0.002940
Evaluating on dev set...
.......................................................................................................................................................................................................................
source: 	 mrr: 0.064075	 ndcg_5: 0.0544	 ndcg_10: 0.0699	 hit@1:0.023531	 hit@5:0.0842	 hit@10: 0.1328
target: 	 mrr: 0.071212	 ndcg_5: 0.0614	 ndcg_10: 0.0807	 hit@1:0.025725	 hit@5:0.0970	 hit@10: 0.1570
epoch 24: train_loss = 1.180206, source_hit@10 = 0.1328, source_ndcg@10 = 0.0699, target_hit@10 = 0.1570, target_ndcg@10 = 0.0807

2024-08-04 03:02:54.772554: step 23675/75760 (epoch 25/80), loss = 1.177111 (1300.882 sec/epoch), lr: 0.002793
Evaluating on dev set...
.......................................................................................................................................................................................................................
source: 	 mrr: 0.075556	 ndcg_5: 0.0668	 ndcg_10: 0.0840	 hit@1:0.031479	 hit@5:0.1010	 hit@10: 0.1547
target: 	 mrr: 0.078497	 ndcg_5: 0.0701	 ndcg_10: 0.0887	 hit@1:0.031778	 hit@5:0.1078	 hit@10: 0.1659
source best!
...............................................................
source: 	 mrr: 0.079256	 ndcg_5: 0.0706	 ndcg_10: 0.0891	 hit@1:0.033376	 hit@5:0.1069	 hit@10: 0.1643
epoch 25: train_loss = 1.177111, source_hit@10 = 0.1643, source_ndcg@10 = 0.0891, target_hit@10 = 0.1659, target_ndcg@10 = 0.0887
new best model saved.

2024-08-04 03:22:02.549010: step 24622/75760 (epoch 26/80), loss = 1.178527 (1105.669 sec/epoch), lr: 0.002793
Evaluating on dev set...
.......................................................................................................................................................................................................................
source: 	 mrr: 0.072295	 ndcg_5: 0.0643	 ndcg_10: 0.0813	 hit@1:0.028518	 hit@5:0.1002	 hit@10: 0.1529
target: 	 mrr: 0.036051	 ndcg_5: 0.0273	 ndcg_10: 0.0347	 hit@1:0.013685	 hit@5:0.0409	 hit@10: 0.0637
epoch 26: train_loss = 1.178527, source_hit@10 = 0.1529, source_ndcg@10 = 0.0813, target_hit@10 = 0.0637, target_ndcg@10 = 0.0347

2024-08-04 03:41:37.105742: step 25569/75760 (epoch 27/80), loss = 1.172074 (1164.626 sec/epoch), lr: 0.002654
Evaluating on dev set...
.......................................................................................................................................................................................................................
source: 	 mrr: 0.073142	 ndcg_5: 0.0648	 ndcg_10: 0.0809	 hit@1:0.030700	 hit@5:0.0990	 hit@10: 0.1491
target: 	 mrr: 0.050796	 ndcg_5: 0.0394	 ndcg_10: 0.0568	 hit@1:0.015922	 hit@5:0.0645	 hit@10: 0.1190
epoch 27: train_loss = 1.172074, source_hit@10 = 0.1491, source_ndcg@10 = 0.0809, target_hit@10 = 0.1190, target_ndcg@10 = 0.0568

2024-08-04 04:04:02.213804: step 26516/75760 (epoch 28/80), loss = 1.170900 (1314.338 sec/epoch), lr: 0.002654
Evaluating on dev set...
.......................................................................................................................................................................................................................
source: 	 mrr: 0.070985	 ndcg_5: 0.0613	 ndcg_10: 0.0795	 hit@1:0.026180	 hit@5:0.0947	 hit@10: 0.1510
target: 	 mrr: 0.054607	 ndcg_5: 0.0448	 ndcg_10: 0.0619	 hit@1:0.017567	 hit@5:0.0730	 hit@10: 0.1261
epoch 28: train_loss = 1.170900, source_hit@10 = 0.1510, source_ndcg@10 = 0.0795, target_hit@10 = 0.1261, target_ndcg@10 = 0.0619

2024-08-04 04:26:33.141524: step 27463/75760 (epoch 29/80), loss = 1.172451 (1327.788 sec/epoch), lr: 0.002654
Evaluating on dev set...
.......................................................................................................................................................................................................................
source: 	 mrr: 0.042222	 ndcg_5: 0.0311	 ndcg_10: 0.0449	 hit@1:0.011999	 hit@5:0.0502	 hit@10: 0.0938
target: 	 mrr: 0.058958	 ndcg_5: 0.0480	 ndcg_10: 0.0664	 hit@1:0.019672	 hit@5:0.0772	 hit@10: 0.1344
epoch 29: train_loss = 1.172451, source_hit@10 = 0.0938, source_ndcg@10 = 0.0449, target_hit@10 = 0.1344, target_ndcg@10 = 0.0664

2024-08-04 04:45:26.829148: step 28410/75760 (epoch 30/80), loss = 1.167591 (1112.412 sec/epoch), lr: 0.002521
Evaluating on dev set...
.......................................................................................................................................................................................................................
source: 	 mrr: 0.074478	 ndcg_5: 0.0640	 ndcg_10: 0.0844	 hit@1:0.029453	 hit@5:0.0980	 hit@10: 0.1613
target: 	 mrr: 0.058567	 ndcg_5: 0.0494	 ndcg_10: 0.0667	 hit@1:0.019409	 hit@5:0.0807	 hit@10: 0.1349
epoch 30: train_loss = 1.167591, source_hit@10 = 0.1613, source_ndcg@10 = 0.0844, target_hit@10 = 0.1349, target_ndcg@10 = 0.0667

2024-08-04 05:04:41.119986: step 29357/75760 (epoch 31/80), loss = 1.167122 (1144.555 sec/epoch), lr: 0.002521
Evaluating on dev set...
.......................................................................................................................................................................................................................
source: 	 mrr: 0.050025	 ndcg_5: 0.0414	 ndcg_10: 0.0578	 hit@1:0.014960	 hit@5:0.0693	 hit@10: 0.1205
target: 	 mrr: 0.070187	 ndcg_5: 0.0604	 ndcg_10: 0.0801	 hit@1:0.025923	 hit@5:0.0957	 hit@10: 0.1570
epoch 31: train_loss = 1.167122, source_hit@10 = 0.1205, source_ndcg@10 = 0.0578, target_hit@10 = 0.1570, target_ndcg@10 = 0.0801

2024-08-04 05:27:02.849390: step 30304/75760 (epoch 32/80), loss = 1.162000 (1309.117 sec/epoch), lr: 0.002395
Evaluating on dev set...
.......................................................................................................................................................................................................................
source: 	 mrr: 0.073604	 ndcg_5: 0.0644	 ndcg_10: 0.0816	 hit@1:0.030544	 hit@5:0.0980	 hit@10: 0.1513
target: 	 mrr: 0.053733	 ndcg_5: 0.0432	 ndcg_10: 0.0584	 hit@1:0.019278	 hit@5:0.0672	 hit@10: 0.1145
epoch 32: train_loss = 1.162000, source_hit@10 = 0.1513, source_ndcg@10 = 0.0816, target_hit@10 = 0.1145, target_ndcg@10 = 0.0584

2024-08-04 05:48:18.111092: step 31251/75760 (epoch 33/80), loss = 1.162744 (1263.424 sec/epoch), lr: 0.002395
Evaluating on dev set...
.......................................................................................................................................................................................................................
source: 	 mrr: 0.073908	 ndcg_5: 0.0665	 ndcg_10: 0.0844	 hit@1:0.029453	 hit@5:0.1036	 hit@10: 0.1594
target: 	 mrr: 0.059951	 ndcg_5: 0.0510	 ndcg_10: 0.0687	 hit@1:0.020001	 hit@5:0.0832	 hit@10: 0.1380
epoch 33: train_loss = 1.162744, source_hit@10 = 0.1594, source_ndcg@10 = 0.0844, target_hit@10 = 0.1380, target_ndcg@10 = 0.0687

2024-08-04 06:06:21.289253: step 32198/75760 (epoch 34/80), loss = 1.158834 (1073.554 sec/epoch), lr: 0.002395
Evaluating on dev set...
.......................................................................................................................................................................................................................
source: 	 mrr: 0.057248	 ndcg_5: 0.0487	 ndcg_10: 0.0616	 hit@1:0.022129	 hit@5:0.0751	 hit@10: 0.1153
target: 	 mrr: 0.059377	 ndcg_5: 0.0521	 ndcg_10: 0.0681	 hit@1:0.022567	 hit@5:0.0814	 hit@10: 0.1311
epoch 34: train_loss = 1.158834, source_hit@10 = 0.1153, source_ndcg@10 = 0.0616, target_hit@10 = 0.1311, target_ndcg@10 = 0.0681

2024-08-04 06:27:41.983125: step 33145/75760 (epoch 35/80), loss = 1.152593 (1272.258 sec/epoch), lr: 0.002275
Evaluating on dev set...
.......................................................................................................................................................................................................................
source: 	 mrr: 0.051745	 ndcg_5: 0.0450	 ndcg_10: 0.0571	 hit@1:0.019168	 hit@5:0.0712	 hit@10: 0.1094
target: 	 mrr: 0.080870	 ndcg_5: 0.0725	 ndcg_10: 0.0919	 hit@1:0.032371	 hit@5:0.1126	 hit@10: 0.1727
target best!
......................................................................................................................................................target: 	 mrr: 0.080734	 ndcg_5: 0.0732	 ndcg_10: 0.0930	 hit@1:0.031024	 hit@5:0.1157	 hit@10: 0.1772
epoch 35: train_loss = 1.152593, source_hit@10 = 0.1094, source_ndcg@10 = 0.0571, target_hit@10 = 0.1772, target_ndcg@10 = 0.0930

2024-08-04 06:50:33.100695: step 34092/75760 (epoch 36/80), loss = 1.148109 (1315.319 sec/epoch), lr: 0.002275
Evaluating on dev set...
.......................................................................................................................................................................................................................
source: 	 mrr: 0.079736	 ndcg_5: 0.0714	 ndcg_10: 0.0887	 hit@1:0.034596	 hit@5:0.1080	 hit@10: 0.1619
target: 	 mrr: 0.063250	 ndcg_5: 0.0531	 ndcg_10: 0.0734	 hit@1:0.020922	 hit@5:0.0861	 hit@10: 0.1491
source best!
...............................................................
source: 	 mrr: 0.086593	 ndcg_5: 0.0776	 ndcg_10: 0.0965	 hit@1:0.039544	 hit@5:0.1142	 hit@10: 0.1732
epoch 36: train_loss = 1.148109, source_hit@10 = 0.1732, source_ndcg@10 = 0.0965, target_hit@10 = 0.1491, target_ndcg@10 = 0.0734

2024-08-04 07:10:18.556328: step 35039/75760 (epoch 37/80), loss = 1.142885 (1144.704 sec/epoch), lr: 0.002275
Evaluating on dev set...
.......................................................................................................................................................................................................................
source: 	 mrr: 0.049108	 ndcg_5: 0.0384	 ndcg_10: 0.0524	 hit@1:0.015116	 hit@5:0.0619	 hit@10: 0.1057
target: 	 mrr: 0.080055	 ndcg_5: 0.0714	 ndcg_10: 0.0900	 hit@1:0.032831	 hit@5:0.1100	 hit@10: 0.1682
epoch 37: train_loss = 1.142885, source_hit@10 = 0.1057, source_ndcg@10 = 0.0524, target_hit@10 = 0.1682, target_ndcg@10 = 0.0900

2024-08-04 07:29:02.289860: step 35986/75760 (epoch 38/80), loss = 1.137959 (1113.744 sec/epoch), lr: 0.002161
Evaluating on dev set...
.......................................................................................................................................................................................................................
source: 	 mrr: 0.079998	 ndcg_5: 0.0723	 ndcg_10: 0.0905	 hit@1:0.032881	 hit@5:0.1103	 hit@10: 0.1666
target: 	 mrr: 0.085344	 ndcg_5: 0.0767	 ndcg_10: 0.0964	 hit@1:0.037173	 hit@5:0.1160	 hit@10: 0.1771
source best!
...............................................................
source: 	 mrr: 0.082963	 ndcg_5: 0.0754	 ndcg_10: 0.0938	 hit@1:0.035906	 hit@5:0.1158	 hit@10: 0.1729
target best!
......................................................................................................................................................target: 	 mrr: 0.087731	 ndcg_5: 0.0784	 ndcg_10: 0.0971	 hit@1:0.040789	 hit@5:0.1153	 hit@10: 0.1735
epoch 38: train_loss = 1.137959, source_hit@10 = 0.1729, source_ndcg@10 = 0.0938, target_hit@10 = 0.1735, target_ndcg@10 = 0.0971
new best model saved.

2024-08-04 07:51:59.114731: step 36933/75760 (epoch 39/80), loss = 1.132310 (1312.070 sec/epoch), lr: 0.002161
Evaluating on dev set...
.......................................................................................................................................................................................................................
source: 	 mrr: 0.064956	 ndcg_5: 0.0555	 ndcg_10: 0.0725	 hit@1:0.024310	 hit@5:0.0870	 hit@10: 0.1395
target: 	 mrr: 0.089613	 ndcg_5: 0.0819	 ndcg_10: 0.1007	 hit@1:0.040003	 hit@5:0.1222	 hit@10: 0.1807
target best!
......................................................................................................................................................target: 	 mrr: 0.091470	 ndcg_5: 0.0843	 ndcg_10: 0.1026	 hit@1:0.041454	 hit@5:0.1262	 hit@10: 0.1832
epoch 39: train_loss = 1.132310, source_hit@10 = 0.1395, source_ndcg@10 = 0.0725, target_hit@10 = 0.1832, target_ndcg@10 = 0.1026

2024-08-04 08:14:51.464321: step 37880/75760 (epoch 40/80), loss = 1.128158 (1317.364 sec/epoch), lr: 0.002053
Evaluating on dev set...
.......................................................................................................................................................................................................................
source: 	 mrr: 0.073438	 ndcg_5: 0.0652	 ndcg_10: 0.0812	 hit@1:0.030388	 hit@5:0.1004	 hit@10: 0.1499
target: 	 mrr: 0.086263	 ndcg_5: 0.0768	 ndcg_10: 0.0959	 hit@1:0.038489	 hit@5:0.1143	 hit@10: 0.1736
epoch 40: train_loss = 1.128158, source_hit@10 = 0.1499, source_ndcg@10 = 0.0812, target_hit@10 = 0.1736, target_ndcg@10 = 0.0959
shift to transfer learning mode

2024-08-04 08:33:56.570185: step 38827/75760 (epoch 41/80), loss = 1.127022 (1112.986 sec/epoch), lr: 0.002053
Evaluating on dev set...
.......................................................................................................................................................................................................................
source: 	 mrr: 0.081185	 ndcg_5: 0.0727	 ndcg_10: 0.0910	 hit@1:0.035842	 hit@5:0.1089	 hit@10: 0.1661
target: 	 mrr: 0.090170	 ndcg_5: 0.0814	 ndcg_10: 0.1002	 hit@1:0.040463	 hit@5:0.1205	 hit@10: 0.1790
source best!
...............................................................
source: 	 mrr: 0.080853	 ndcg_5: 0.0706	 ndcg_10: 0.0913	 hit@1:0.034799	 hit@5:0.1061	 hit@10: 0.1704
target best!
......................................................................................................................................................target: 	 mrr: 0.090362	 ndcg_5: 0.0812	 ndcg_10: 0.1007	 hit@1:0.042051	 hit@5:0.1201	 hit@10: 0.1806
epoch 41: train_loss = 1.127022, source_hit@10 = 0.1704, source_ndcg@10 = 0.0913, target_hit@10 = 0.1806, target_ndcg@10 = 0.1007
new best model saved.

2024-08-04 08:54:29.176853: step 39774/75760 (epoch 42/80), loss = 1.127162 (1172.939 sec/epoch), lr: 0.002053
Evaluating on dev set...
.......................................................................................................................................................................................................................
source: 	 mrr: 0.071742	 ndcg_5: 0.0627	 ndcg_10: 0.0818	 hit@1:0.027427	 hit@5:0.0979	 hit@10: 0.1572
target: 	 mrr: 0.087983	 ndcg_5: 0.0800	 ndcg_10: 0.0983	 hit@1:0.040463	 hit@5:0.1182	 hit@10: 0.1751
epoch 42: train_loss = 1.127162, source_hit@10 = 0.1572, source_ndcg@10 = 0.0818, target_hit@10 = 0.1751, target_ndcg@10 = 0.0983

2024-08-04 09:17:28.442297: step 40721/75760 (epoch 43/80), loss = 1.122108 (1346.135 sec/epoch), lr: 0.001951
Evaluating on dev set...
.......................................................................................................................................................................................................................
source: 	 mrr: 0.071737	 ndcg_5: 0.0635	 ndcg_10: 0.0811	 hit@1:0.026804	 hit@5:0.1000	 hit@10: 0.1551
target: 	 mrr: 0.081013	 ndcg_5: 0.0725	 ndcg_10: 0.0909	 hit@1:0.033028	 hit@5:0.1109	 hit@10: 0.1684
epoch 43: train_loss = 1.122108, source_hit@10 = 0.1551, source_ndcg@10 = 0.0811, target_hit@10 = 0.1684, target_ndcg@10 = 0.0909

2024-08-04 09:38:17.934210: step 41668/75760 (epoch 44/80), loss = 1.118616 (1217.796 sec/epoch), lr: 0.001853
Evaluating on dev set...
.......................................................................................................................................................................................................................
source: 	 mrr: 0.081506	 ndcg_5: 0.0726	 ndcg_10: 0.0907	 hit@1:0.035219	 hit@5:0.1089	 hit@10: 0.1652
target: 	 mrr: 0.080299	 ndcg_5: 0.0713	 ndcg_10: 0.0896	 hit@1:0.032963	 hit@5:0.1088	 hit@10: 0.1655
source best!
...............................................................
source: 	 mrr: 0.084303	 ndcg_5: 0.0757	 ndcg_10: 0.0951	 hit@1:0.035432	 hit@5:0.1148	 hit@10: 0.1754
epoch 44: train_loss = 1.118616, source_hit@10 = 0.1754, source_ndcg@10 = 0.0951, target_hit@10 = 0.1655, target_ndcg@10 = 0.0896

2024-08-04 09:56:32.534152: step 42615/75760 (epoch 45/80), loss = 1.117823 (1081.413 sec/epoch), lr: 0.001853
Evaluating on dev set...
.......................................................................................................................................................................................................................
source: 	 mrr: 0.072871	 ndcg_5: 0.0638	 ndcg_10: 0.0833	 hit@1:0.027739	 hit@5:0.0996	 hit@10: 0.1604
target: 	 mrr: 0.077189	 ndcg_5: 0.0708	 ndcg_10: 0.0881	 hit@1:0.030989	 hit@5:0.1090	 hit@10: 0.1630
epoch 45: train_loss = 1.117823, source_hit@10 = 0.1604, source_ndcg@10 = 0.0833, target_hit@10 = 0.1630, target_ndcg@10 = 0.0881

2024-08-04 10:18:24.551708: step 43562/75760 (epoch 46/80), loss = 1.114312 (1303.261 sec/epoch), lr: 0.001761
Evaluating on dev set...
.......................................................................................................................................................................................................................
source: 	 mrr: 0.079396	 ndcg_5: 0.0697	 ndcg_10: 0.0891	 hit@1:0.035063	 hit@5:0.1035	 hit@10: 0.1638
target: 	 mrr: 0.093895	 ndcg_5: 0.0854	 ndcg_10: 0.1047	 hit@1:0.044477	 hit@5:0.1250	 hit@10: 0.1852
target best!
......................................................................................................................................................target: 	 mrr: 0.095614	 ndcg_5: 0.0872	 ndcg_10: 0.1066	 hit@1:0.046170	 hit@5:0.1271	 hit@10: 0.1877
epoch 46: train_loss = 1.114312, source_hit@10 = 0.1638, source_ndcg@10 = 0.0891, target_hit@10 = 0.1877, target_ndcg@10 = 0.1066
new best model saved.

2024-08-04 10:40:40.367035: step 44509/75760 (epoch 47/80), loss = 1.111695 (1281.098 sec/epoch), lr: 0.001761
Evaluating on dev set...
.......................................................................................................................................................................................................................
source: 	 mrr: 0.076255	 ndcg_5: 0.0674	 ndcg_10: 0.0839	 hit@1:0.034284	 hit@5:0.1007	 hit@10: 0.1524
target: 	 mrr: 0.086492	 ndcg_5: 0.0778	 ndcg_10: 0.0971	 hit@1:0.037502	 hit@5:0.1160	 hit@10: 0.1760
epoch 47: train_loss = 1.111695, source_hit@10 = 0.1524, source_ndcg@10 = 0.0839, target_hit@10 = 0.1760, target_ndcg@10 = 0.0971

2024-08-04 10:59:51.804770: step 45456/75760 (epoch 48/80), loss = 1.107689 (1119.543 sec/epoch), lr: 0.001672
Evaluating on dev set...
.......................................................................................................................................................................................................................
source: 	 mrr: 0.079681	 ndcg_5: 0.0712	 ndcg_10: 0.0885	 hit@1:0.033349	 hit@5:0.1080	 hit@10: 0.1621
target: 	 mrr: 0.095231	 ndcg_5: 0.0874	 ndcg_10: 0.1052	 hit@1:0.045990	 hit@5:0.1274	 hit@10: 0.1827
target best!
......................................................................................................................................................target: 	 mrr: 0.096229	 ndcg_5: 0.0890	 ndcg_10: 0.1072	 hit@1:0.045174	 hit@5:0.1311	 hit@10: 0.1881
epoch 48: train_loss = 1.107689, source_hit@10 = 0.1621, source_ndcg@10 = 0.0885, target_hit@10 = 0.1881, target_ndcg@10 = 0.1072

2024-08-04 11:18:21.304120: step 46403/75760 (epoch 49/80), loss = 1.105326 (1092.343 sec/epoch), lr: 0.001672
Evaluating on dev set...
.......................................................................................................................................................................................................................
source: 	 mrr: 0.073610	 ndcg_5: 0.0651	 ndcg_10: 0.0821	 hit@1:0.030076	 hit@5:0.1007	 hit@10: 0.1533
target: 	 mrr: 0.088795	 ndcg_5: 0.0793	 ndcg_10: 0.0981	 hit@1:0.041319	 hit@5:0.1161	 hit@10: 0.1746
epoch 49: train_loss = 1.105326, source_hit@10 = 0.1533, source_ndcg@10 = 0.0821, target_hit@10 = 0.1746, target_ndcg@10 = 0.0981

2024-08-04 11:39:57.470179: step 47350/75760 (epoch 50/80), loss = 1.101854 (1265.088 sec/epoch), lr: 0.001589
Evaluating on dev set...
.......................................................................................................................................................................................................................
source: 	 mrr: 0.076727	 ndcg_5: 0.0678	 ndcg_10: 0.0851	 hit@1:0.034128	 hit@5:0.1019	 hit@10: 0.1560
target: 	 mrr: 0.093626	 ndcg_5: 0.0861	 ndcg_10: 0.1055	 hit@1:0.042042	 hit@5:0.1283	 hit@10: 0.1884
epoch 50: train_loss = 1.101854, source_hit@10 = 0.1560, source_ndcg@10 = 0.0851, target_hit@10 = 0.1884, target_ndcg@10 = 0.1055

2024-08-04 12:01:28.088079: step 48297/75760 (epoch 51/80), loss = 1.101310 (1259.937 sec/epoch), lr: 0.001589
Evaluating on dev set...
.......................................................................................................................................................................................................................
source: 	 mrr: 0.062884	 ndcg_5: 0.0534	 ndcg_10: 0.0704	 hit@1:0.022596	 hit@5:0.0838	 hit@10: 0.1368
target: 	 mrr: 0.087963	 ndcg_5: 0.0804	 ndcg_10: 0.0974	 hit@1:0.040529	 hit@5:0.1193	 hit@10: 0.1724
epoch 51: train_loss = 1.101310, source_hit@10 = 0.1368, source_ndcg@10 = 0.0704, target_hit@10 = 0.1724, target_ndcg@10 = 0.0974

2024-08-04 12:19:47.506386: step 49244/75760 (epoch 52/80), loss = 1.097664 (1068.517 sec/epoch), lr: 0.001509
Evaluating on dev set...
.......................................................................................................................................................................................................................
source: 	 mrr: 0.077017	 ndcg_5: 0.0682	 ndcg_10: 0.0875	 hit@1:0.030856	 hit@5:0.1055	 hit@10: 0.1652
target: 	 mrr: 0.087501	 ndcg_5: 0.0788	 ndcg_10: 0.0972	 hit@1:0.039147	 hit@5:0.1170	 hit@10: 0.1745
epoch 52: train_loss = 1.097664, source_hit@10 = 0.1652, source_ndcg@10 = 0.0875, target_hit@10 = 0.1745, target_ndcg@10 = 0.0972

2024-08-04 12:38:24.248432: step 50191/75760 (epoch 53/80), loss = 1.096913 (1099.568 sec/epoch), lr: 0.001509
Evaluating on dev set...
.......................................................................................................................................................................................................................
source: 	 mrr: 0.062017	 ndcg_5: 0.0538	 ndcg_10: 0.0687	 hit@1:0.022285	 hit@5:0.0856	 hit@10: 0.1318
target: 	 mrr: 0.084350	 ndcg_5: 0.0759	 ndcg_10: 0.0952	 hit@1:0.036450	 hit@5:0.1148	 hit@10: 0.1751
epoch 53: train_loss = 1.096913, source_hit@10 = 0.1318, source_ndcg@10 = 0.0687, target_hit@10 = 0.1751, target_ndcg@10 = 0.0952

2024-08-04 12:58:56.780778: step 51138/75760 (epoch 54/80), loss = 1.094794 (1215.960 sec/epoch), lr: 0.001434
Evaluating on dev set...
.......................................................................................................................................................................................................................
source: 	 mrr: 0.082242	 ndcg_5: 0.0762	 ndcg_10: 0.0936	 hit@1:0.034751	 hit@5:0.1170	 hit@10: 0.1714
target: 	 mrr: 0.089772	 ndcg_5: 0.0805	 ndcg_10: 0.0981	 hit@1:0.043555	 hit@5:0.1163	 hit@10: 0.1709
source best!
...............................................................
source: 	 mrr: 0.081517	 ndcg_5: 0.0733	 ndcg_10: 0.0931	 hit@1:0.032110	 hit@5:0.1131	 hit@10: 0.1743
epoch 54: train_loss = 1.094794, source_hit@10 = 0.1743, source_ndcg@10 = 0.0931, target_hit@10 = 0.1709, target_ndcg@10 = 0.0981

2024-08-04 13:19:51.494071: step 52085/75760 (epoch 55/80), loss = 1.090458 (1233.102 sec/epoch), lr: 0.001434
Evaluating on dev set...
.......................................................................................................................................................................................................................
source: 	 mrr: 0.067641	 ndcg_5: 0.0592	 ndcg_10: 0.0768	 hit@1:0.025245	 hit@5:0.0930	 hit@10: 0.1479
target: 	 mrr: 0.088497	 ndcg_5: 0.0791	 ndcg_10: 0.0970	 hit@1:0.041911	 hit@5:0.1149	 hit@10: 0.1708
epoch 55: train_loss = 1.090458, source_hit@10 = 0.1479, source_ndcg@10 = 0.0768, target_hit@10 = 0.1708, target_ndcg@10 = 0.0970

2024-08-04 13:37:40.861613: step 53032/75760 (epoch 56/80), loss = 1.089333 (1057.384 sec/epoch), lr: 0.001362
Evaluating on dev set...
.......................................................................................................................................................................................................................
source: 	 mrr: 0.077816	 ndcg_5: 0.0699	 ndcg_10: 0.0878	 hit@1:0.031635	 hit@5:0.1080	 hit@10: 0.1635
target: 	 mrr: 0.088152	 ndcg_5: 0.0780	 ndcg_10: 0.0973	 hit@1:0.041187	 hit@5:0.1140	 hit@10: 0.1743
epoch 56: train_loss = 1.089333, source_hit@10 = 0.1635, source_ndcg@10 = 0.0878, target_hit@10 = 0.1743, target_ndcg@10 = 0.0973

2024-08-04 13:56:08.858550: step 53979/75760 (epoch 57/80), loss = 1.087358 (1091.373 sec/epoch), lr: 0.001362
Evaluating on dev set...
.......................................................................................................................................................................................................................
source: 	 mrr: 0.075609	 ndcg_5: 0.0656	 ndcg_10: 0.0843	 hit@1:0.032881	 hit@5:0.0983	 hit@10: 0.1565
target: 	 mrr: 0.087787	 ndcg_5: 0.0788	 ndcg_10: 0.0980	 hit@1:0.039542	 hit@5:0.1174	 hit@10: 0.1774
epoch 57: train_loss = 1.087358, source_hit@10 = 0.1565, source_ndcg@10 = 0.0843, target_hit@10 = 0.1774, target_ndcg@10 = 0.0980

2024-08-04 14:17:11.721309: step 54926/75760 (epoch 58/80), loss = 1.083084 (1245.466 sec/epoch), lr: 0.001294
Evaluating on dev set...
.......................................................................................................................................................................................................................
source: 	 mrr: 0.082152	 ndcg_5: 0.0739	 ndcg_10: 0.0929	 hit@1:0.034440	 hit@5:0.1125	 hit@10: 0.1716
target: 	 mrr: 0.088445	 ndcg_5: 0.0798	 ndcg_10: 0.0983	 hit@1:0.040134	 hit@5:0.1184	 hit@10: 0.1759
epoch 58: train_loss = 1.083084, source_hit@10 = 0.1716, source_ndcg@10 = 0.0929, target_hit@10 = 0.1759, target_ndcg@10 = 0.0983

2024-08-04 14:37:00.946472: step 55873/75760 (epoch 59/80), loss = 1.083004 (1181.857 sec/epoch), lr: 0.001294
Evaluating on dev set...
.......................................................................................................................................................................................................................
source: 	 mrr: 0.086369	 ndcg_5: 0.0793	 ndcg_10: 0.0975	 hit@1:0.038336	 hit@5:0.1201	 hit@10: 0.1766
target: 	 mrr: 0.089314	 ndcg_5: 0.0806	 ndcg_10: 0.0995	 hit@1:0.040068	 hit@5:0.1197	 hit@10: 0.1784
source best!
...............................................................
source: 	 mrr: 0.087762	 ndcg_5: 0.0803	 ndcg_10: 0.0989	 hit@1:0.038754	 hit@5:0.1215	 hit@10: 0.1794
epoch 59: train_loss = 1.083004, source_hit@10 = 0.1794, source_ndcg@10 = 0.0989, target_hit@10 = 0.1784, target_ndcg@10 = 0.0995

2024-08-04 14:54:41.012928: step 56820/75760 (epoch 60/80), loss = 1.084412 (1047.371 sec/epoch), lr: 0.001294
Evaluating on dev set...
.......................................................................................................................................................................................................................
source: 	 mrr: 0.061366	 ndcg_5: 0.0522	 ndcg_10: 0.0689	 hit@1:0.020570	 hit@5:0.0824	 hit@10: 0.1345
target: 	 mrr: 0.092358	 ndcg_5: 0.0835	 ndcg_10: 0.1022	 hit@1:0.044279	 hit@5:0.1220	 hit@10: 0.1801
epoch 60: train_loss = 1.084412, source_hit@10 = 0.1345, source_ndcg@10 = 0.0689, target_hit@10 = 0.1801, target_ndcg@10 = 0.1022

2024-08-04 15:14:21.677912: step 57767/75760 (epoch 61/80), loss = 1.079258 (1172.081 sec/epoch), lr: 0.001229
Evaluating on dev set...
.......................................................................................................................................................................................................................
source: 	 mrr: 0.082574	 ndcg_5: 0.0740	 ndcg_10: 0.0941	 hit@1:0.034596	 hit@5:0.1138	 hit@10: 0.1763
target: 	 mrr: 0.080316	 ndcg_5: 0.0723	 ndcg_10: 0.0895	 hit@1:0.034344	 hit@5:0.1094	 hit@10: 0.1628
epoch 61: train_loss = 1.079258, source_hit@10 = 0.1763, source_ndcg@10 = 0.0941, target_hit@10 = 0.1628, target_ndcg@10 = 0.0895

2024-08-04 15:35:11.743872: step 58714/75760 (epoch 62/80), loss = 1.081024 (1233.433 sec/epoch), lr: 0.001229
Evaluating on dev set...
.......................................................................................................................................................................................................................
source: 	 mrr: 0.068550	 ndcg_5: 0.0592	 ndcg_10: 0.0775	 hit@1:0.025401	 hit@5:0.0924	 hit@10: 0.1496
target: 	 mrr: 0.090134	 ndcg_5: 0.0822	 ndcg_10: 0.1008	 hit@1:0.042042	 hit@5:0.1220	 hit@10: 0.1800
epoch 62: train_loss = 1.081024, source_hit@10 = 0.1496, source_ndcg@10 = 0.0775, target_hit@10 = 0.1800, target_ndcg@10 = 0.1008

2024-08-04 15:54:27.411012: step 59661/75760 (epoch 63/80), loss = 1.075186 (1139.965 sec/epoch), lr: 0.001168
Evaluating on dev set...
.......................................................................................................................................................................................................................
source: 	 mrr: 0.084018	 ndcg_5: 0.0761	 ndcg_10: 0.0953	 hit@1:0.035375	 hit@5:0.1164	 hit@10: 0.1756
target: 	 mrr: 0.091862	 ndcg_5: 0.0833	 ndcg_10: 0.1022	 hit@1:0.042569	 hit@5:0.1232	 hit@10: 0.1820
epoch 63: train_loss = 1.075186, source_hit@10 = 0.1756, source_ndcg@10 = 0.0953, target_hit@10 = 0.1820, target_ndcg@10 = 0.1022

2024-08-04 16:12:29.647187: step 60608/75760 (epoch 64/80), loss = 1.075334 (1072.373 sec/epoch), lr: 0.001168
Evaluating on dev set...
.......................................................................................................................................................................................................................
source: 	 mrr: 0.082435	 ndcg_5: 0.0740	 ndcg_10: 0.0929	 hit@1:0.035686	 hit@5:0.1117	 hit@10: 0.1708
target: 	 mrr: 0.068503	 ndcg_5: 0.0584	 ndcg_10: 0.0758	 hit@1:0.027173	 hit@5:0.0899	 hit@10: 0.1440
epoch 64: train_loss = 1.075334, source_hit@10 = 0.1708, source_ndcg@10 = 0.0929, target_hit@10 = 0.1440, target_ndcg@10 = 0.0758

2024-08-04 16:33:11.667364: step 61555/75760 (epoch 65/80), loss = 1.071348 (1225.299 sec/epoch), lr: 0.001110
Evaluating on dev set...
.......................................................................................................................................................................................................................
source: 	 mrr: 0.085529	 ndcg_5: 0.0767	 ndcg_10: 0.0959	 hit@1:0.038024	 hit@5:0.1142	 hit@10: 0.1736
target: 	 mrr: 0.092343	 ndcg_5: 0.0833	 ndcg_10: 0.1029	 hit@1:0.042569	 hit@5:0.1226	 hit@10: 0.1834
epoch 65: train_loss = 1.071348, source_hit@10 = 0.1736, source_ndcg@10 = 0.0959, target_hit@10 = 0.1834, target_ndcg@10 = 0.1029

2024-08-04 16:54:01.530246: step 62502/75760 (epoch 66/80), loss = 1.069845 (1233.414 sec/epoch), lr: 0.001110
Evaluating on dev set...
.......................................................................................................................................................................................................................
source: 	 mrr: 0.085842	 ndcg_5: 0.0789	 ndcg_10: 0.0955	 hit@1:0.039271	 hit@5:0.1181	 hit@10: 0.1702
target: 	 mrr: 0.091529	 ndcg_5: 0.0824	 ndcg_10: 0.1014	 hit@1:0.042174	 hit@5:0.1215	 hit@10: 0.1804
epoch 66: train_loss = 1.069845, source_hit@10 = 0.1702, source_ndcg@10 = 0.0955, target_hit@10 = 0.1804, target_ndcg@10 = 0.1014

2024-08-04 17:12:24.761789: step 63449/75760 (epoch 67/80), loss = 1.067793 (1086.598 sec/epoch), lr: 0.001054
Evaluating on dev set...
.......................................................................................................................................................................................................................
source: 	 mrr: 0.083418	 ndcg_5: 0.0747	 ndcg_10: 0.0939	 hit@1:0.035998	 hit@5:0.1131	 hit@10: 0.1730
target: 	 mrr: 0.090848	 ndcg_5: 0.0809	 ndcg_10: 0.1003	 hit@1:0.043292	 hit@5:0.1178	 hit@10: 0.1785
epoch 67: train_loss = 1.067793, source_hit@10 = 0.1730, source_ndcg@10 = 0.0939, target_hit@10 = 0.1785, target_ndcg@10 = 0.1003

2024-08-04 17:31:08.824426: step 64396/75760 (epoch 68/80), loss = 1.066159 (1107.470 sec/epoch), lr: 0.001001
Evaluating on dev set...
.......................................................................................................................................................................................................................
source: 	 mrr: 0.082246	 ndcg_5: 0.0751	 ndcg_10: 0.0927	 hit@1:0.034907	 hit@5:0.1158	 hit@10: 0.1706
target: 	 mrr: 0.091845	 ndcg_5: 0.0826	 ndcg_10: 0.1020	 hit@1:0.043292	 hit@5:0.1206	 hit@10: 0.1807
epoch 68: train_loss = 1.066159, source_hit@10 = 0.1706, source_ndcg@10 = 0.0927, target_hit@10 = 0.1807, target_ndcg@10 = 0.1020

2024-08-04 17:51:54.777396: step 65343/75760 (epoch 69/80), loss = 1.061457 (1229.032 sec/epoch), lr: 0.000951
Evaluating on dev set...
.......................................................................................................................................................................................................................
source: 	 mrr: 0.083737	 ndcg_5: 0.0752	 ndcg_10: 0.0930	 hit@1:0.037245	 hit@5:0.1120	 hit@10: 0.1671
target: 	 mrr: 0.092450	 ndcg_5: 0.0829	 ndcg_10: 0.1029	 hit@1:0.043227	 hit@5:0.1211	 hit@10: 0.1834
epoch 69: train_loss = 1.061457, source_hit@10 = 0.1671, source_ndcg@10 = 0.0930, target_hit@10 = 0.1834, target_ndcg@10 = 0.1029

2024-08-04 18:12:19.520136: step 66290/75760 (epoch 70/80), loss = 1.058744 (1207.926 sec/epoch), lr: 0.000951
Evaluating on dev set...
.......................................................................................................................................................................................................................
source: 	 mrr: 0.072021	 ndcg_5: 0.0632	 ndcg_10: 0.0802	 hit@1:0.029609	 hit@5:0.0968	 hit@10: 0.1496
target: 	 mrr: 0.091312	 ndcg_5: 0.0820	 ndcg_10: 0.1006	 hit@1:0.043950	 hit@5:0.1193	 hit@10: 0.1773
epoch 70: train_loss = 1.058744, source_hit@10 = 0.1496, source_ndcg@10 = 0.0802, target_hit@10 = 0.1773, target_ndcg@10 = 0.1006

2024-08-04 18:30:14.535901: step 67237/75760 (epoch 71/80), loss = 1.056413 (1064.857 sec/epoch), lr: 0.000904
Evaluating on dev set...
.......................................................................................................................................................................................................................
source: 	 mrr: 0.080685	 ndcg_5: 0.0725	 ndcg_10: 0.0911	 hit@1:0.034128	 hit@5:0.1099	 hit@10: 0.1677
target: 	 mrr: 0.089999	 ndcg_5: 0.0813	 ndcg_10: 0.0984	 hit@1:0.042569	 hit@5:0.1192	 hit@10: 0.1728
epoch 71: train_loss = 1.056413, source_hit@10 = 0.1677, source_ndcg@10 = 0.0911, target_hit@10 = 0.1728, target_ndcg@10 = 0.0984

2024-08-04 18:49:36.580249: step 68184/75760 (epoch 72/80), loss = 1.054939 (1153.813 sec/epoch), lr: 0.000904
Evaluating on dev set...
.......................................................................................................................................................................................................................
source: 	 mrr: 0.080416	 ndcg_5: 0.0710	 ndcg_10: 0.0897	 hit@1:0.033972	 hit@5:0.1060	 hit@10: 0.1639
target: 	 mrr: 0.096322	 ndcg_5: 0.0876	 ndcg_10: 0.1062	 hit@1:0.047701	 hit@5:0.1268	 hit@10: 0.1845
target best!
......................................................................................................................................................target: 	 mrr: 0.098004	 ndcg_5: 0.0894	 ndcg_10: 0.1089	 hit@1:0.048695	 hit@5:0.1292	 hit@10: 0.1901
epoch 72: train_loss = 1.054939, source_hit@10 = 0.1639, source_ndcg@10 = 0.0897, target_hit@10 = 0.1901, target_ndcg@10 = 0.1089

2024-08-04 19:10:36.089247: step 69131/75760 (epoch 73/80), loss = 1.053907 (1231.122 sec/epoch), lr: 0.000904
Evaluating on dev set...
.......................................................................................................................................................................................................................
source: 	 mrr: 0.066026	 ndcg_5: 0.0590	 ndcg_10: 0.0746	 hit@1:0.023843	 hit@5:0.0938	 hit@10: 0.1424
target: 	 mrr: 0.090214	 ndcg_5: 0.0806	 ndcg_10: 0.1002	 hit@1:0.041516	 hit@5:0.1189	 hit@10: 0.1796
epoch 73: train_loss = 1.053907, source_hit@10 = 0.1424, source_ndcg@10 = 0.0746, target_hit@10 = 0.1796, target_ndcg@10 = 0.1002

2024-08-04 19:29:56.859152: step 70078/75760 (epoch 74/80), loss = 1.049304 (1143.490 sec/epoch), lr: 0.000859
Evaluating on dev set...
.......................................................................................................................................................................................................................
source: 	 mrr: 0.075379	 ndcg_5: 0.0670	 ndcg_10: 0.0854	 hit@1:0.031011	 hit@5:0.1019	 hit@10: 0.1594
target: 	 mrr: 0.090572	 ndcg_5: 0.0805	 ndcg_10: 0.0987	 hit@1:0.044213	 hit@5:0.1162	 hit@10: 0.1728
epoch 74: train_loss = 1.049304, source_hit@10 = 0.1594, source_ndcg@10 = 0.0854, target_hit@10 = 0.1728, target_ndcg@10 = 0.0987

2024-08-04 19:47:26.446789: step 71025/75760 (epoch 75/80), loss = 1.049378 (1039.399 sec/epoch), lr: 0.000859
Evaluating on dev set...
.......................................................................................................................................................................................................................
source: 	 mrr: 0.081891	 ndcg_5: 0.0731	 ndcg_10: 0.0921	 hit@1:0.034596	 hit@5:0.1108	 hit@10: 0.1702
target: 	 mrr: 0.091214	 ndcg_5: 0.0825	 ndcg_10: 0.1018	 hit@1:0.041647	 hit@5:0.1234	 hit@10: 0.1832
epoch 75: train_loss = 1.049378, source_hit@10 = 0.1702, source_ndcg@10 = 0.0921, target_hit@10 = 0.1832, target_ndcg@10 = 0.1018

2024-08-04 20:08:28.548829: step 71972/75760 (epoch 76/80), loss = 1.045787 (1245.263 sec/epoch), lr: 0.000859
Evaluating on dev set...
.......................................................................................................................................................................................................................
source: 	 mrr: 0.078012	 ndcg_5: 0.0690	 ndcg_10: 0.0885	 hit@1:0.031791	 hit@5:0.1063	 hit@10: 0.1671
target: 	 mrr: 0.089880	 ndcg_5: 0.0812	 ndcg_10: 0.0988	 hit@1:0.043621	 hit@5:0.1177	 hit@10: 0.1725
epoch 76: train_loss = 1.045787, source_hit@10 = 0.1671, source_ndcg@10 = 0.0885, target_hit@10 = 0.1725, target_ndcg@10 = 0.0988

2024-08-04 20:29:25.030223: step 72919/75760 (epoch 77/80), loss = 1.042795 (1248.619 sec/epoch), lr: 0.000816
Evaluating on dev set...
.......................................................................................................................................................................................................................
source: 	 mrr: 0.084276	 ndcg_5: 0.0771	 ndcg_10: 0.0943	 hit@1:0.036777	 hit@5:0.1172	 hit@10: 0.1706
target: 	 mrr: 0.087590	 ndcg_5: 0.0785	 ndcg_10: 0.0983	 hit@1:0.038424	 hit@5:0.1182	 hit@10: 0.1799
epoch 77: train_loss = 1.042795, source_hit@10 = 0.1706, source_ndcg@10 = 0.0943, target_hit@10 = 0.1799, target_ndcg@10 = 0.0983
early termination of training
