nohup: ignoring input
using gpu:0 to train the model
using gpu:0 to train the model
cuda:0
Namespace(A_split=False, JK='sum', a_fold=100, aggregate=False, alpha=0.5, batch_size=1024, beta_inter=0.4, conv_layers=4, cuda=True, decay_epoch=10, device=device(type='cuda', index=0), device_id='0', domains='cell_electronic', dropout=0.5, epoch=80, feature_dim=126, hidden_dim=126, inter_tau=0.2, intra_tau=1, lambda_critic=0.4, leakey=0.05, load=False, log='logs.txt', log_epoch=1, lr=0.004, lr_decay=0.95, min_epoch=50, mode='train', model_file=None, model_name='ce', momentum=0.9, num_latent_factors=3, num_negative=100, optim='adam', patience=30, proj_layers=1, projection=1, residual=1, save=False, save_dir='./saved_models', seed=32, similarity_tau=0.2, test_sample_number=999, transfer_epoch=40, user_batch_size=256, weight_decay=0.0002)
number_user 27519
number_item 9481
/home/hourun/invariantCDR_v2/invariantCDR/utils/GraphMaker.py:45: RuntimeWarning: divide by zero encountered in power
  r_inv = np.power(rowsum, -1).flatten()
real graph loaded!
number_user 107984
number_item 40460
real graph loaded!
graph loaded!
Loading data from cell_electronic with batch size 1024...
unseen test: 0
test length: 6417
unseen test: 0
test length: 6322
unseen test: 0
test length: 15199
unseen test: 0
test length: 15053
source_user_num 27519
target_user_num 107984
source_item_num 9481
target_item_num 40460
shared users id: 16337
test users 2049, 2042
unseen test: 0
dev length: 1000
unseen test: 0
dev length: 1000
source train data : 148271, target train data: 821301, source test data : 6322, target test data : 15053, source dev data : 1000, target dev data : 1000
2024-08-04 00:27:31.657349: step 947/75760 (epoch 1/80), loss = 1.359124 (242.544 sec/epoch), lr: 0.004000
Evaluating on dev set...
.......................................................................................................................................................................................................................
source: 	 mrr: 0.050266	 ndcg_5: 0.0385	 ndcg_10: 0.0577	 hit@1:0.012779	 hit@5:0.0650	 hit@10: 0.1248
target: 	 mrr: 0.059239	 ndcg_5: 0.0517	 ndcg_10: 0.0682	 hit@1:0.019278	 hit@5:0.0853	 hit@10: 0.1365
source best!
...............................................................
source: 	 mrr: 0.053399	 ndcg_5: 0.0423	 ndcg_10: 0.0608	 hit@1:0.015818	 hit@5:0.0704	 hit@10: 0.1284
target best!
......................................................................................................................................................target: 	 mrr: 0.062618	 ndcg_5: 0.0548	 ndcg_10: 0.0716	 hit@1:0.022321	 hit@5:0.0880	 hit@10: 0.1404
epoch 1: train_loss = 1.359124, source_hit@10 = 0.1284, source_ndcg@10 = 0.0608, target_hit@10 = 0.1404, target_ndcg@10 = 0.0716

2024-08-04 00:31:38.879590: step 1894/75760 (epoch 2/80), loss = 1.280977 (243.341 sec/epoch), lr: 0.004000
Evaluating on dev set...
.......................................................................................................................................................................................................................
source: 	 mrr: 0.060763	 ndcg_5: 0.0506	 ndcg_10: 0.0660	 hit@1:0.023531	 hit@5:0.0773	 hit@10: 0.1254
target: 	 mrr: 0.066983	 ndcg_5: 0.0578	 ndcg_10: 0.0772	 hit@1:0.023028	 hit@5:0.0936	 hit@10: 0.1540
source best!
...............................................................
source: 	 mrr: 0.063951	 ndcg_5: 0.0541	 ndcg_10: 0.0702	 hit@1:0.024518	 hit@5:0.0830	 hit@10: 0.1332
target best!
......................................................................................................................................................target: 	 mrr: 0.069177	 ndcg_5: 0.0599	 ndcg_10: 0.0795	 hit@1:0.025311	 hit@5:0.0959	 hit@10: 0.1568
epoch 2: train_loss = 1.280977, source_hit@10 = 0.1332, source_ndcg@10 = 0.0702, target_hit@10 = 0.1568, target_ndcg@10 = 0.0795
new best model saved.

2024-08-04 00:35:46.220342: step 2841/75760 (epoch 3/80), loss = 1.269126 (243.275 sec/epoch), lr: 0.004000
Evaluating on dev set...
.......................................................................................................................................................................................................................
source: 	 mrr: 0.048233	 ndcg_5: 0.0388	 ndcg_10: 0.0520	 hit@1:0.016207	 hit@5:0.0616	 hit@10: 0.1029
target: 	 mrr: 0.077756	 ndcg_5: 0.0703	 ndcg_10: 0.0883	 hit@1:0.030791	 hit@5:0.1086	 hit@10: 0.1645
target best!
......................................................................................................................................................target: 	 mrr: 0.080450	 ndcg_5: 0.0738	 ndcg_10: 0.0911	 hit@1:0.033150	 hit@5:0.1141	 hit@10: 0.1680
epoch 3: train_loss = 1.269126, source_hit@10 = 0.1029, source_ndcg@10 = 0.0520, target_hit@10 = 0.1680, target_ndcg@10 = 0.0911

2024-08-04 00:39:53.291807: step 3788/75760 (epoch 4/80), loss = 1.264220 (243.754 sec/epoch), lr: 0.004000
Evaluating on dev set...
.......................................................................................................................................................................................................................
source: 	 mrr: 0.063159	 ndcg_5: 0.0545	 ndcg_10: 0.0701	 hit@1:0.024155	 hit@5:0.0849	 hit@10: 0.1337
target: 	 mrr: 0.077047	 ndcg_5: 0.0697	 ndcg_10: 0.0856	 hit@1:0.032042	 hit@5:0.1062	 hit@10: 0.1559
source best!
...............................................................
source: 	 mrr: 0.067491	 ndcg_5: 0.0588	 ndcg_10: 0.0760	 hit@1:0.026732	 hit@5:0.0900	 hit@10: 0.1436
epoch 4: train_loss = 1.264220, source_hit@10 = 0.1436, source_ndcg@10 = 0.0760, target_hit@10 = 0.1559, target_ndcg@10 = 0.0856
new best model saved.

2024-08-04 00:43:59.750021: step 4735/75760 (epoch 5/80), loss = 1.252070 (243.682 sec/epoch), lr: 0.004000
Evaluating on dev set...
.......................................................................................................................................................................................................................
source: 	 mrr: 0.039738	 ndcg_5: 0.0302	 ndcg_10: 0.0418	 hit@1:0.011532	 hit@5:0.0497	 hit@10: 0.0863
target: 	 mrr: 0.071523	 ndcg_5: 0.0644	 ndcg_10: 0.0788	 hit@1:0.029936	 hit@5:0.0980	 hit@10: 0.1426
epoch 5: train_loss = 1.252070, source_hit@10 = 0.0863, source_ndcg@10 = 0.0418, target_hit@10 = 0.1426, target_ndcg@10 = 0.0788

2024-08-04 00:48:05.827295: step 5682/75760 (epoch 6/80), loss = 1.236999 (244.038 sec/epoch), lr: 0.004000
Evaluating on dev set...
.......................................................................................................................................................................................................................
source: 	 mrr: 0.063329	 ndcg_5: 0.0550	 ndcg_10: 0.0699	 hit@1:0.024155	 hit@5:0.0862	 hit@10: 0.1326
target: 	 mrr: 0.077788	 ndcg_5: 0.0689	 ndcg_10: 0.0874	 hit@1:0.031384	 hit@5:0.1055	 hit@10: 0.1628
source best!
...............................................................
source: 	 mrr: 0.063807	 ndcg_5: 0.0536	 ndcg_10: 0.0697	 hit@1:0.024834	 hit@5:0.0830	 hit@10: 0.1330
target best!
......................................................................................................................................................target: 	 mrr: 0.078224	 ndcg_5: 0.0695	 ndcg_10: 0.0876	 hit@1:0.031356	 hit@5:0.1071	 hit@10: 0.1633
epoch 6: train_loss = 1.236999, source_hit@10 = 0.1330, source_ndcg@10 = 0.0697, target_hit@10 = 0.1633, target_ndcg@10 = 0.0876
new best model saved.

2024-08-04 00:52:13.932035: step 6629/75760 (epoch 7/80), loss = 1.226728 (244.067 sec/epoch), lr: 0.004000
Evaluating on dev set...
.......................................................................................................................................................................................................................
source: 	 mrr: 0.035934	 ndcg_5: 0.0262	 ndcg_10: 0.0390	 hit@1:0.008883	 hit@5:0.0443	 hit@10: 0.0843
target: 	 mrr: 0.074273	 ndcg_5: 0.0650	 ndcg_10: 0.0840	 hit@1:0.029081	 hit@5:0.1003	 hit@10: 0.1597
epoch 7: train_loss = 1.226728, source_hit@10 = 0.0843, source_ndcg@10 = 0.0390, target_hit@10 = 0.1597, target_ndcg@10 = 0.0840

2024-08-04 00:56:20.397949: step 7576/75760 (epoch 8/80), loss = 1.210259 (244.416 sec/epoch), lr: 0.004000
Evaluating on dev set...
.......................................................................................................................................................................................................................
source: 	 mrr: 0.041283	 ndcg_5: 0.0325	 ndcg_10: 0.0444	 hit@1:0.011999	 hit@5:0.0531	 hit@10: 0.0904
target: 	 mrr: 0.062422	 ndcg_5: 0.0500	 ndcg_10: 0.0712	 hit@1:0.018291	 hit@5:0.0818	 hit@10: 0.1482
epoch 8: train_loss = 1.210259, source_hit@10 = 0.0904, source_ndcg@10 = 0.0444, target_hit@10 = 0.1482, target_ndcg@10 = 0.0712

2024-08-04 01:00:23.215884: step 8523/75760 (epoch 9/80), loss = 1.191551 (240.770 sec/epoch), lr: 0.004000
Evaluating on dev set...
.......................................................................................................................................................................................................................
source: 	 mrr: 0.049843	 ndcg_5: 0.0404	 ndcg_10: 0.0547	 hit@1:0.017454	 hit@5:0.0637	 hit@10: 0.1082
target: 	 mrr: 0.070392	 ndcg_5: 0.0610	 ndcg_10: 0.0801	 hit@1:0.023949	 hit@5:0.0988	 hit@10: 0.1582
epoch 9: train_loss = 1.191551, source_hit@10 = 0.1082, source_ndcg@10 = 0.0547, target_hit@10 = 0.1582, target_ndcg@10 = 0.0801

2024-08-04 01:04:23.390566: step 9470/75760 (epoch 10/80), loss = 1.188334 (238.198 sec/epoch), lr: 0.004000
Evaluating on dev set...
.......................................................................................................................................................................................................................
source: 	 mrr: 0.070140	 ndcg_5: 0.0618	 ndcg_10: 0.0777	 hit@1:0.029609	 hit@5:0.0940	 hit@10: 0.1431
target: 	 mrr: 0.071704	 ndcg_5: 0.0608	 ndcg_10: 0.0811	 hit@1:0.025002	 hit@5:0.0969	 hit@10: 0.1599
source best!
...............................................................
source: 	 mrr: 0.066863	 ndcg_5: 0.0589	 ndcg_10: 0.0755	 hit@1:0.024834	 hit@5:0.0936	 hit@10: 0.1454
epoch 10: train_loss = 1.188334, source_hit@10 = 0.1454, source_ndcg@10 = 0.0755, target_hit@10 = 0.1599, target_ndcg@10 = 0.0811
new best model saved.

2024-08-04 01:08:23.776849: step 10417/75760 (epoch 11/80), loss = 1.183089 (237.686 sec/epoch), lr: 0.004000
Evaluating on dev set...
.......................................................................................................................................................................................................................
source: 	 mrr: 0.068623	 ndcg_5: 0.0615	 ndcg_10: 0.0768	 hit@1:0.026648	 hit@5:0.0960	 hit@10: 0.1435
target: 	 mrr: 0.053940	 ndcg_5: 0.0398	 ndcg_10: 0.0592	 hit@1:0.014146	 hit@5:0.0658	 hit@10: 0.1267
epoch 11: train_loss = 1.183089, source_hit@10 = 0.1435, source_ndcg@10 = 0.0768, target_hit@10 = 0.1267, target_ndcg@10 = 0.0592

2024-08-04 01:12:23.494749: step 11364/75760 (epoch 12/80), loss = 1.177378 (237.739 sec/epoch), lr: 0.003800
Evaluating on dev set...
.......................................................................................................................................................................................................................
source: 	 mrr: 0.066778	 ndcg_5: 0.0591	 ndcg_10: 0.0742	 hit@1:0.027115	 hit@5:0.0904	 hit@10: 0.1374
target: 	 mrr: 0.062357	 ndcg_5: 0.0509	 ndcg_10: 0.0695	 hit@1:0.020199	 hit@5:0.0820	 hit@10: 0.1397
epoch 12: train_loss = 1.177378, source_hit@10 = 0.1374, source_ndcg@10 = 0.0742, target_hit@10 = 0.1397, target_ndcg@10 = 0.0695

2024-08-04 01:16:24.573774: step 12311/75760 (epoch 13/80), loss = 1.177008 (239.119 sec/epoch), lr: 0.003800
Evaluating on dev set...
.......................................................................................................................................................................................................................
source: 	 mrr: 0.056223	 ndcg_5: 0.0463	 ndcg_10: 0.0614	 hit@1:0.019791	 hit@5:0.0723	 hit@10: 0.1197
target: 	 mrr: 0.070211	 ndcg_5: 0.0601	 ndcg_10: 0.0794	 hit@1:0.023883	 hit@5:0.0964	 hit@10: 0.1563
epoch 13: train_loss = 1.177008, source_hit@10 = 0.1197, source_ndcg@10 = 0.0614, target_hit@10 = 0.1563, target_ndcg@10 = 0.0794

2024-08-04 01:20:24.060231: step 13258/75760 (epoch 14/80), loss = 1.174639 (237.524 sec/epoch), lr: 0.003610
Evaluating on dev set...
.......................................................................................................................................................................................................................
source: 	 mrr: 0.057408	 ndcg_5: 0.0502	 ndcg_10: 0.0651	 hit@1:0.021505	 hit@5:0.0789	 hit@10: 0.1250
target: 	 mrr: 0.072764	 ndcg_5: 0.0631	 ndcg_10: 0.0831	 hit@1:0.024870	 hit@5:0.1015	 hit@10: 0.1638
epoch 14: train_loss = 1.174639, source_hit@10 = 0.1250, source_ndcg@10 = 0.0651, target_hit@10 = 0.1638, target_ndcg@10 = 0.0831

2024-08-04 01:24:23.355015: step 14205/75760 (epoch 15/80), loss = 1.173149 (237.334 sec/epoch), lr: 0.003610
Evaluating on dev set...
.......................................................................................................................................................................................................................
source: 	 mrr: 0.046119	 ndcg_5: 0.0372	 ndcg_10: 0.0512	 hit@1:0.013402	 hit@5:0.0619	 hit@10: 0.1050
target: 	 mrr: 0.057938	 ndcg_5: 0.0456	 ndcg_10: 0.0654	 hit@1:0.015988	 hit@5:0.0766	 hit@10: 0.1386
epoch 15: train_loss = 1.173149, source_hit@10 = 0.1050, source_ndcg@10 = 0.0512, target_hit@10 = 0.1386, target_ndcg@10 = 0.0654

2024-08-04 01:28:24.012422: step 15152/75760 (epoch 16/80), loss = 1.170567 (238.698 sec/epoch), lr: 0.003429
Evaluating on dev set...
.......................................................................................................................................................................................................................
source: 	 mrr: 0.058514	 ndcg_5: 0.0486	 ndcg_10: 0.0646	 hit@1:0.020570	 hit@5:0.0770	 hit@10: 0.1275
target: 	 mrr: 0.073540	 ndcg_5: 0.0630	 ndcg_10: 0.0828	 hit@1:0.026515	 hit@5:0.0995	 hit@10: 0.1613
epoch 16: train_loss = 1.170567, source_hit@10 = 0.1275, source_ndcg@10 = 0.0646, target_hit@10 = 0.1613, target_ndcg@10 = 0.0828

2024-08-04 01:32:23.721303: step 16099/75760 (epoch 17/80), loss = 1.167366 (237.752 sec/epoch), lr: 0.003429
Evaluating on dev set...
.......................................................................................................................................................................................................................
source: 	 mrr: 0.038040	 ndcg_5: 0.0286	 ndcg_10: 0.0377	 hit@1:0.014025	 hit@5:0.0433	 hit@10: 0.0715
target: 	 mrr: 0.068633	 ndcg_5: 0.0582	 ndcg_10: 0.0770	 hit@1:0.023949	 hit@5:0.0921	 hit@10: 0.1509
epoch 17: train_loss = 1.167366, source_hit@10 = 0.0715, source_ndcg@10 = 0.0377, target_hit@10 = 0.1509, target_ndcg@10 = 0.0770

2024-08-04 01:36:23.451155: step 17046/75760 (epoch 18/80), loss = 1.166630 (237.745 sec/epoch), lr: 0.003258
Evaluating on dev set...
.......................................................................................................................................................................................................................
source: 	 mrr: 0.063231	 ndcg_5: 0.0544	 ndcg_10: 0.0708	 hit@1:0.023375	 hit@5:0.0856	 hit@10: 0.1365
target: 	 mrr: 0.054009	 ndcg_5: 0.0407	 ndcg_10: 0.0583	 hit@1:0.016054	 hit@5:0.0659	 hit@10: 0.1209
epoch 18: train_loss = 1.166630, source_hit@10 = 0.1365, source_ndcg@10 = 0.0708, target_hit@10 = 0.1209, target_ndcg@10 = 0.0583

2024-08-04 01:40:23.076189: step 17993/75760 (epoch 19/80), loss = 1.164775 (237.655 sec/epoch), lr: 0.003258
Evaluating on dev set...
.......................................................................................................................................................................................................................
source: 	 mrr: 0.045296	 ndcg_5: 0.0347	 ndcg_10: 0.0473	 hit@1:0.014337	 hit@5:0.0555	 hit@10: 0.0951
target: 	 mrr: 0.073420	 ndcg_5: 0.0627	 ndcg_10: 0.0813	 hit@1:0.027304	 hit@5:0.0974	 hit@10: 0.1553
epoch 19: train_loss = 1.164775, source_hit@10 = 0.0951, source_ndcg@10 = 0.0473, target_hit@10 = 0.1553, target_ndcg@10 = 0.0813

2024-08-04 01:44:22.833762: step 18940/75760 (epoch 20/80), loss = 1.165732 (237.796 sec/epoch), lr: 0.003258
Evaluating on dev set...
.......................................................................................................................................................................................................................
source: 	 mrr: 0.074543	 ndcg_5: 0.0667	 ndcg_10: 0.0862	 hit@1:0.028986	 hit@5:0.1043	 hit@10: 0.1649
target: 	 mrr: 0.074278	 ndcg_5: 0.0650	 ndcg_10: 0.0827	 hit@1:0.029147	 hit@5:0.0999	 hit@10: 0.1548
source best!
...............................................................
source: 	 mrr: 0.075706	 ndcg_5: 0.0662	 ndcg_10: 0.0858	 hit@1:0.030528	 hit@5:0.1016	 hit@10: 0.1623
epoch 20: train_loss = 1.165732, source_hit@10 = 0.1623, source_ndcg@10 = 0.0858, target_hit@10 = 0.1548, target_ndcg@10 = 0.0827
new best model saved.

2024-08-04 01:48:22.615276: step 19887/75760 (epoch 21/80), loss = 1.165527 (237.057 sec/epoch), lr: 0.003258
Evaluating on dev set...
.......................................................................................................................................................................................................................
source: 	 mrr: 0.070903	 ndcg_5: 0.0631	 ndcg_10: 0.0792	 hit@1:0.029921	 hit@5:0.0971	 hit@10: 0.1470
target: 	 mrr: 0.052761	 ndcg_5: 0.0420	 ndcg_10: 0.0601	 hit@1:0.013422	 hit@5:0.0724	 hit@10: 0.1289
epoch 21: train_loss = 1.165527, source_hit@10 = 0.1470, source_ndcg@10 = 0.0792, target_hit@10 = 0.1289, target_ndcg@10 = 0.0601

2024-08-04 01:52:22.697929: step 20834/75760 (epoch 22/80), loss = 1.162284 (238.123 sec/epoch), lr: 0.003095
Evaluating on dev set...
.......................................................................................................................................................................................................................
source: 	 mrr: 0.073571	 ndcg_5: 0.0652	 ndcg_10: 0.0837	 hit@1:0.027271	 hit@5:0.1025	 hit@10: 0.1600
target: 	 mrr: 0.075858	 ndcg_5: 0.0664	 ndcg_10: 0.0851	 hit@1:0.028423	 hit@5:0.1035	 hit@10: 0.1617
epoch 22: train_loss = 1.162284, source_hit@10 = 0.1600, source_ndcg@10 = 0.0837, target_hit@10 = 0.1617, target_ndcg@10 = 0.0851

2024-08-04 01:56:22.271558: step 21781/75760 (epoch 23/80), loss = 1.161591 (237.601 sec/epoch), lr: 0.003095
Evaluating on dev set...
.......................................................................................................................................................................................................................
source: 	 mrr: 0.044691	 ndcg_5: 0.0349	 ndcg_10: 0.0474	 hit@1:0.016207	 hit@5:0.0539	 hit@10: 0.0929
target: 	 mrr: 0.079916	 ndcg_5: 0.0703	 ndcg_10: 0.0902	 hit@1:0.030857	 hit@5:0.1093	 hit@10: 0.1713
target best!
......................................................................................................................................................target: 	 mrr: 0.079545	 ndcg_5: 0.0697	 ndcg_10: 0.0899	 hit@1:0.030625	 hit@5:0.1084	 hit@10: 0.1713
epoch 23: train_loss = 1.161591, source_hit@10 = 0.0929, source_ndcg@10 = 0.0474, target_hit@10 = 0.1713, target_ndcg@10 = 0.0899

2024-08-04 02:00:23.271545: step 22728/75760 (epoch 24/80), loss = 1.161543 (237.708 sec/epoch), lr: 0.002940
Evaluating on dev set...
.......................................................................................................................................................................................................................
source: 	 mrr: 0.071677	 ndcg_5: 0.0618	 ndcg_10: 0.0792	 hit@1:0.030076	 hit@5:0.0933	 hit@10: 0.1474
target: 	 mrr: 0.079304	 ndcg_5: 0.0706	 ndcg_10: 0.0887	 hit@1:0.031778	 hit@5:0.1093	 hit@10: 0.1653
epoch 24: train_loss = 1.161543, source_hit@10 = 0.1474, source_ndcg@10 = 0.0792, target_hit@10 = 0.1653, target_ndcg@10 = 0.0887

2024-08-04 02:04:22.879523: step 23675/75760 (epoch 25/80), loss = 1.159695 (237.634 sec/epoch), lr: 0.002940
Evaluating on dev set...
.......................................................................................................................................................................................................................
source: 	 mrr: 0.059918	 ndcg_5: 0.0505	 ndcg_10: 0.0649	 hit@1:0.023220	 hit@5:0.0776	 hit@10: 0.1226
target: 	 mrr: 0.072102	 ndcg_5: 0.0625	 ndcg_10: 0.0812	 hit@1:0.026318	 hit@5:0.0993	 hit@10: 0.1572
epoch 25: train_loss = 1.159695, source_hit@10 = 0.1226, source_ndcg@10 = 0.0649, target_hit@10 = 0.1572, target_ndcg@10 = 0.0812

2024-08-04 02:08:22.195780: step 24622/75760 (epoch 26/80), loss = 1.159774 (237.354 sec/epoch), lr: 0.002793
Evaluating on dev set...
.......................................................................................................................................................................................................................
source: 	 mrr: 0.072488	 ndcg_5: 0.0652	 ndcg_10: 0.0821	 hit@1:0.026648	 hit@5:0.1019	 hit@10: 0.1547
target: 	 mrr: 0.064088	 ndcg_5: 0.0544	 ndcg_10: 0.0711	 hit@1:0.021251	 hit@5:0.0880	 hit@10: 0.1398
epoch 26: train_loss = 1.159774, source_hit@10 = 0.1547, source_ndcg@10 = 0.0821, target_hit@10 = 0.1398, target_ndcg@10 = 0.0711

2024-08-04 02:12:21.369687: step 25569/75760 (epoch 27/80), loss = 1.156191 (237.201 sec/epoch), lr: 0.002793
Evaluating on dev set...
.......................................................................................................................................................................................................................
source: 	 mrr: 0.073569	 ndcg_5: 0.0659	 ndcg_10: 0.0843	 hit@1:0.028206	 hit@5:0.1039	 hit@10: 0.1614
target: 	 mrr: 0.076216	 ndcg_5: 0.0665	 ndcg_10: 0.0857	 hit@1:0.028752	 hit@5:0.1048	 hit@10: 0.1648
epoch 27: train_loss = 1.156191, source_hit@10 = 0.1614, source_ndcg@10 = 0.0843, target_hit@10 = 0.1648, target_ndcg@10 = 0.0857

2024-08-04 02:16:21.210187: step 26516/75760 (epoch 28/80), loss = 1.154670 (237.785 sec/epoch), lr: 0.002793
Evaluating on dev set...
.......................................................................................................................................................................................................................
source: 	 mrr: 0.073833	 ndcg_5: 0.0651	 ndcg_10: 0.0831	 hit@1:0.031011	 hit@5:0.0990	 hit@10: 0.1551
target: 	 mrr: 0.078908	 ndcg_5: 0.0699	 ndcg_10: 0.0875	 hit@1:0.033160	 hit@5:0.1059	 hit@10: 0.1604
epoch 28: train_loss = 1.154670, source_hit@10 = 0.1551, source_ndcg@10 = 0.0831, target_hit@10 = 0.1604, target_ndcg@10 = 0.0875

2024-08-04 02:20:20.695101: step 27463/75760 (epoch 29/80), loss = 1.157358 (237.526 sec/epoch), lr: 0.002793
Evaluating on dev set...
.......................................................................................................................................................................................................................
source: 	 mrr: 0.066834	 ndcg_5: 0.0570	 ndcg_10: 0.0748	 hit@1:0.025557	 hit@5:0.0888	 hit@10: 0.1443
target: 	 mrr: 0.077689	 ndcg_5: 0.0686	 ndcg_10: 0.0856	 hit@1:0.032568	 hit@5:0.1039	 hit@10: 0.1568
epoch 29: train_loss = 1.157358, source_hit@10 = 0.1443, source_ndcg@10 = 0.0748, target_hit@10 = 0.1568, target_ndcg@10 = 0.0856

2024-08-04 02:24:19.454707: step 28410/75760 (epoch 30/80), loss = 1.153875 (236.755 sec/epoch), lr: 0.002654
Evaluating on dev set...
.......................................................................................................................................................................................................................
source: 	 mrr: 0.071174	 ndcg_5: 0.0639	 ndcg_10: 0.0788	 hit@1:0.030388	 hit@5:0.0971	 hit@10: 0.1434
target: 	 mrr: 0.088099	 ndcg_5: 0.0800	 ndcg_10: 0.0987	 hit@1:0.039082	 hit@5:0.1204	 hit@10: 0.1784
target best!
......................................................................................................................................................target: 	 mrr: 0.088016	 ndcg_5: 0.0793	 ndcg_10: 0.0980	 hit@1:0.039394	 hit@5:0.1184	 hit@10: 0.1765
epoch 30: train_loss = 1.153875, source_hit@10 = 0.1434, source_ndcg@10 = 0.0788, target_hit@10 = 0.1765, target_ndcg@10 = 0.0980
new best model saved.

2024-08-04 02:28:19.854336: step 29357/75760 (epoch 31/80), loss = 1.154532 (236.911 sec/epoch), lr: 0.002654
Evaluating on dev set...
.......................................................................................................................................................................................................................
source: 	 mrr: 0.063255	 ndcg_5: 0.0533	 ndcg_10: 0.0708	 hit@1:0.024622	 hit@5:0.0821	 hit@10: 0.1368
target: 	 mrr: 0.080832	 ndcg_5: 0.0715	 ndcg_10: 0.0900	 hit@1:0.033292	 hit@5:0.1086	 hit@10: 0.1663
epoch 31: train_loss = 1.154532, source_hit@10 = 0.1368, source_ndcg@10 = 0.0708, target_hit@10 = 0.1663, target_ndcg@10 = 0.0900

2024-08-04 02:32:20.260814: step 30304/75760 (epoch 32/80), loss = 1.150722 (238.431 sec/epoch), lr: 0.002521
Evaluating on dev set...
.......................................................................................................................................................................................................................
source: 	 mrr: 0.077631	 ndcg_5: 0.0693	 ndcg_10: 0.0866	 hit@1:0.033349	 hit@5:0.1041	 hit@10: 0.1579
target: 	 mrr: 0.072440	 ndcg_5: 0.0619	 ndcg_10: 0.0801	 hit@1:0.028752	 hit@5:0.0943	 hit@10: 0.1512
source best!
...............................................................
source: 	 mrr: 0.078526	 ndcg_5: 0.0710	 ndcg_10: 0.0885	 hit@1:0.032426	 hit@5:0.1088	 hit@10: 0.1634
epoch 32: train_loss = 1.150722, source_hit@10 = 0.1634, source_ndcg@10 = 0.0885, target_hit@10 = 0.1512, target_ndcg@10 = 0.0801

2024-08-04 02:36:20.405852: step 31251/75760 (epoch 33/80), loss = 1.150612 (237.652 sec/epoch), lr: 0.002521
Evaluating on dev set...
.......................................................................................................................................................................................................................
source: 	 mrr: 0.077155	 ndcg_5: 0.0692	 ndcg_10: 0.0866	 hit@1:0.029765	 hit@5:0.1071	 hit@10: 0.1611
target: 	 mrr: 0.081189	 ndcg_5: 0.0718	 ndcg_10: 0.0908	 hit@1:0.032634	 hit@5:0.1110	 hit@10: 0.1702
epoch 33: train_loss = 1.150612, source_hit@10 = 0.1611, source_ndcg@10 = 0.0866, target_hit@10 = 0.1702, target_ndcg@10 = 0.0908

2024-08-04 02:40:19.727794: step 32198/75760 (epoch 34/80), loss = 1.148260 (237.358 sec/epoch), lr: 0.002521
Evaluating on dev set...
.......................................................................................................................................................................................................................
source: 	 mrr: 0.075157	 ndcg_5: 0.0659	 ndcg_10: 0.0851	 hit@1:0.030232	 hit@5:0.1008	 hit@10: 0.1604
target: 	 mrr: 0.077352	 ndcg_5: 0.0686	 ndcg_10: 0.0865	 hit@1:0.030463	 hit@5:0.1060	 hit@10: 0.1615
epoch 34: train_loss = 1.148260, source_hit@10 = 0.1604, source_ndcg@10 = 0.0851, target_hit@10 = 0.1615, target_ndcg@10 = 0.0865

2024-08-04 02:44:18.499009: step 33145/75760 (epoch 35/80), loss = 1.145142 (236.809 sec/epoch), lr: 0.002395
Evaluating on dev set...
.......................................................................................................................................................................................................................
source: 	 mrr: 0.073738	 ndcg_5: 0.0629	 ndcg_10: 0.0813	 hit@1:0.032258	 hit@5:0.0930	 hit@10: 0.1501
target: 	 mrr: 0.068374	 ndcg_5: 0.0574	 ndcg_10: 0.0750	 hit@1:0.024738	 hit@5:0.0900	 hit@10: 0.1447
epoch 35: train_loss = 1.145142, source_hit@10 = 0.1501, source_ndcg@10 = 0.0813, target_hit@10 = 0.1447, target_ndcg@10 = 0.0750

2024-08-04 02:48:17.381897: step 34092/75760 (epoch 36/80), loss = 1.143484 (236.917 sec/epoch), lr: 0.002275
Evaluating on dev set...
.......................................................................................................................................................................................................................
source: 	 mrr: 0.080933	 ndcg_5: 0.0737	 ndcg_10: 0.0922	 hit@1:0.034128	 hit@5:0.1128	 hit@10: 0.1706
target: 	 mrr: 0.072772	 ndcg_5: 0.0626	 ndcg_10: 0.0808	 hit@1:0.029410	 hit@5:0.0955	 hit@10: 0.1519
source best!
...............................................................
source: 	 mrr: 0.081976	 ndcg_5: 0.0737	 ndcg_10: 0.0927	 hit@1:0.034641	 hit@5:0.1126	 hit@10: 0.1716
epoch 36: train_loss = 1.143484, source_hit@10 = 0.1716, source_ndcg@10 = 0.0927, target_hit@10 = 0.1519, target_ndcg@10 = 0.0808

2024-08-04 02:52:17.265245: step 35039/75760 (epoch 37/80), loss = 1.141915 (237.375 sec/epoch), lr: 0.002275
Evaluating on dev set...
.......................................................................................................................................................................................................................
source: 	 mrr: 0.049672	 ndcg_5: 0.0389	 ndcg_10: 0.0532	 hit@1:0.017454	 hit@5:0.0609	 hit@10: 0.1050
target: 	 mrr: 0.064061	 ndcg_5: 0.0544	 ndcg_10: 0.0704	 hit@1:0.022370	 hit@5:0.0862	 hit@10: 0.1359
epoch 37: train_loss = 1.141915, source_hit@10 = 0.1050, source_ndcg@10 = 0.0532, target_hit@10 = 0.1359, target_ndcg@10 = 0.0704

2024-08-04 02:56:16.779756: step 35986/75760 (epoch 38/80), loss = 1.139596 (237.540 sec/epoch), lr: 0.002161
Evaluating on dev set...
.......................................................................................................................................................................................................................
source: 	 mrr: 0.068302	 ndcg_5: 0.0590	 ndcg_10: 0.0771	 hit@1:0.024622	 hit@5:0.0930	 hit@10: 0.1491
target: 	 mrr: 0.064671	 ndcg_5: 0.0544	 ndcg_10: 0.0723	 hit@1:0.021251	 hit@5:0.0879	 hit@10: 0.1437
epoch 38: train_loss = 1.139596, source_hit@10 = 0.1491, source_ndcg@10 = 0.0771, target_hit@10 = 0.1437, target_ndcg@10 = 0.0723

2024-08-04 03:00:16.507857: step 36933/75760 (epoch 39/80), loss = 1.136054 (237.770 sec/epoch), lr: 0.002161
Evaluating on dev set...
.......................................................................................................................................................................................................................
source: 	 mrr: 0.054996	 ndcg_5: 0.0466	 ndcg_10: 0.0615	 hit@1:0.018077	 hit@5:0.0754	 hit@10: 0.1222
target: 	 mrr: 0.078428	 ndcg_5: 0.0696	 ndcg_10: 0.0881	 hit@1:0.030199	 hit@5:0.1081	 hit@10: 0.1655
epoch 39: train_loss = 1.136054, source_hit@10 = 0.1222, source_ndcg@10 = 0.0615, target_hit@10 = 0.1655, target_ndcg@10 = 0.0881

2024-08-04 03:04:16.189326: step 37880/75760 (epoch 40/80), loss = 1.136362 (237.721 sec/epoch), lr: 0.002161
Evaluating on dev set...
.......................................................................................................................................................................................................................
source: 	 mrr: 0.073650	 ndcg_5: 0.0673	 ndcg_10: 0.0832	 hit@1:0.030232	 hit@5:0.1047	 hit@10: 0.1543
target: 	 mrr: 0.055780	 ndcg_5: 0.0451	 ndcg_10: 0.0606	 hit@1:0.018291	 hit@5:0.0718	 hit@10: 0.1203
epoch 40: train_loss = 1.136362, source_hit@10 = 0.1543, source_ndcg@10 = 0.0832, target_hit@10 = 0.1203, target_ndcg@10 = 0.0606
shift to transfer learning mode

2024-08-04 03:08:17.031128: step 38827/75760 (epoch 41/80), loss = 1.132689 (238.887 sec/epoch), lr: 0.002053
Evaluating on dev set...
.......................................................................................................................................................................................................................
source: 	 mrr: 0.081632	 ndcg_5: 0.0743	 ndcg_10: 0.0903	 hit@1:0.035219	 hit@5:0.1127	 hit@10: 0.1625
target: 	 mrr: 0.035486	 ndcg_5: 0.0230	 ndcg_10: 0.0337	 hit@1:0.009606	 hit@5:0.0371	 hit@10: 0.0707
source best!
...............................................................
source: 	 mrr: 0.082641	 ndcg_5: 0.0754	 ndcg_10: 0.0936	 hit@1:0.034325	 hit@5:0.1161	 hit@10: 0.1730
epoch 41: train_loss = 1.132689, source_hit@10 = 0.1730, source_ndcg@10 = 0.0936, target_hit@10 = 0.0707, target_ndcg@10 = 0.0337

2024-08-04 03:12:18.487094: step 39774/75760 (epoch 42/80), loss = 1.129380 (238.964 sec/epoch), lr: 0.001951
Evaluating on dev set...
.......................................................................................................................................................................................................................
source: 	 mrr: 0.054969	 ndcg_5: 0.0467	 ndcg_10: 0.0605	 hit@1:0.017921	 hit@5:0.0751	 hit@10: 0.1183
target: 	 mrr: 0.077876	 ndcg_5: 0.0688	 ndcg_10: 0.0882	 hit@1:0.029541	 hit@5:0.1081	 hit@10: 0.1686
epoch 42: train_loss = 1.129380, source_hit@10 = 0.1183, source_ndcg@10 = 0.0605, target_hit@10 = 0.1686, target_ndcg@10 = 0.0882

2024-08-04 03:16:19.330862: step 40721/75760 (epoch 43/80), loss = 1.127769 (238.879 sec/epoch), lr: 0.001951
Evaluating on dev set...
.......................................................................................................................................................................................................................
source: 	 mrr: 0.073641	 ndcg_5: 0.0636	 ndcg_10: 0.0835	 hit@1:0.029609	 hit@5:0.0983	 hit@10: 0.1604
target: 	 mrr: 0.072955	 ndcg_5: 0.0637	 ndcg_10: 0.0823	 hit@1:0.028291	 hit@5:0.0992	 hit@10: 0.1569
epoch 43: train_loss = 1.127769, source_hit@10 = 0.1604, source_ndcg@10 = 0.0835, target_hit@10 = 0.1569, target_ndcg@10 = 0.0823

2024-08-04 03:20:19.671795: step 41668/75760 (epoch 44/80), loss = 1.125440 (238.353 sec/epoch), lr: 0.001951
Evaluating on dev set...
.......................................................................................................................................................................................................................
source: 	 mrr: 0.082294	 ndcg_5: 0.0741	 ndcg_10: 0.0933	 hit@1:0.036621	 hit@5:0.1113	 hit@10: 0.1708
target: 	 mrr: 0.076752	 ndcg_5: 0.0673	 ndcg_10: 0.0852	 hit@1:0.031778	 hit@5:0.1030	 hit@10: 0.1585
source best!
...............................................................
source: 	 mrr: 0.083964	 ndcg_5: 0.0746	 ndcg_10: 0.0938	 hit@1:0.037014	 hit@5:0.1109	 hit@10: 0.1704
epoch 44: train_loss = 1.125440, source_hit@10 = 0.1704, source_ndcg@10 = 0.0938, target_hit@10 = 0.1585, target_ndcg@10 = 0.0852

2024-08-04 03:24:21.293859: step 42615/75760 (epoch 45/80), loss = 1.123905 (239.088 sec/epoch), lr: 0.001951
Evaluating on dev set...
.......................................................................................................................................................................................................................
source: 	 mrr: 0.069501	 ndcg_5: 0.0622	 ndcg_10: 0.0774	 hit@1:0.028830	 hit@5:0.0955	 hit@10: 0.1426
target: 	 mrr: 0.074107	 ndcg_5: 0.0645	 ndcg_10: 0.0826	 hit@1:0.028949	 hit@5:0.1007	 hit@10: 0.1573
epoch 45: train_loss = 1.123905, source_hit@10 = 0.1426, source_ndcg@10 = 0.0774, target_hit@10 = 0.1573, target_ndcg@10 = 0.0826

2024-08-04 03:28:21.936332: step 43562/75760 (epoch 46/80), loss = 1.120324 (238.691 sec/epoch), lr: 0.001853
Evaluating on dev set...
.......................................................................................................................................................................................................................
source: 	 mrr: 0.082005	 ndcg_5: 0.0741	 ndcg_10: 0.0923	 hit@1:0.035219	 hit@5:0.1125	 hit@10: 0.1695
target: 	 mrr: 0.047764	 ndcg_5: 0.0367	 ndcg_10: 0.0502	 hit@1:0.015593	 hit@5:0.0582	 hit@10: 0.1003
epoch 46: train_loss = 1.120324, source_hit@10 = 0.1695, source_ndcg@10 = 0.0923, target_hit@10 = 0.1003, target_ndcg@10 = 0.0502

2024-08-04 03:32:22.385260: step 44509/75760 (epoch 47/80), loss = 1.118272 (238.471 sec/epoch), lr: 0.001761
Evaluating on dev set...
.......................................................................................................................................................................................................................
source: 	 mrr: 0.080218	 ndcg_5: 0.0714	 ndcg_10: 0.0883	 hit@1:0.036466	 hit@5:0.1060	 hit@10: 0.1583
target: 	 mrr: 0.082320	 ndcg_5: 0.0736	 ndcg_10: 0.0928	 hit@1:0.033555	 hit@5:0.1130	 hit@10: 0.1725
epoch 47: train_loss = 1.118272, source_hit@10 = 0.1583, source_ndcg@10 = 0.0883, target_hit@10 = 0.1725, target_ndcg@10 = 0.0928

2024-08-04 03:36:22.412089: step 45456/75760 (epoch 48/80), loss = 1.114459 (238.067 sec/epoch), lr: 0.001761
Evaluating on dev set...
.......................................................................................................................................................................................................................
source: 	 mrr: 0.055809	 ndcg_5: 0.0478	 ndcg_10: 0.0620	 hit@1:0.020726	 hit@5:0.0751	 hit@10: 0.1194
target: 	 mrr: 0.083699	 ndcg_5: 0.0736	 ndcg_10: 0.0939	 hit@1:0.037173	 hit@5:0.1099	 hit@10: 0.1730
epoch 48: train_loss = 1.114459, source_hit@10 = 0.1194, source_ndcg@10 = 0.0620, target_hit@10 = 0.1730, target_ndcg@10 = 0.0939

2024-08-04 03:40:22.857883: step 46403/75760 (epoch 49/80), loss = 1.109454 (238.488 sec/epoch), lr: 0.001672
Evaluating on dev set...
.......................................................................................................................................................................................................................
source: 	 mrr: 0.085244	 ndcg_5: 0.0777	 ndcg_10: 0.0952	 hit@1:0.038336	 hit@5:0.1158	 hit@10: 0.1706
target: 	 mrr: 0.085330	 ndcg_5: 0.0774	 ndcg_10: 0.0966	 hit@1:0.034937	 hit@5:0.1191	 hit@10: 0.1787
source best!
...............................................................
source: 	 mrr: 0.085236	 ndcg_5: 0.0776	 ndcg_10: 0.0966	 hit@1:0.037488	 hit@5:0.1183	 hit@10: 0.1775
epoch 49: train_loss = 1.109454, source_hit@10 = 0.1775, source_ndcg@10 = 0.0966, target_hit@10 = 0.1787, target_ndcg@10 = 0.0966
new best model saved.

2024-08-04 03:44:24.283126: step 47350/75760 (epoch 50/80), loss = 1.109101 (238.723 sec/epoch), lr: 0.001672
Evaluating on dev set...
.......................................................................................................................................................................................................................
source: 	 mrr: 0.076626	 ndcg_5: 0.0683	 ndcg_10: 0.0857	 hit@1:0.033661	 hit@5:0.1033	 hit@10: 0.1577
target: 	 mrr: 0.079554	 ndcg_5: 0.0715	 ndcg_10: 0.0919	 hit@1:0.029278	 hit@5:0.1140	 hit@10: 0.1772
epoch 50: train_loss = 1.109101, source_hit@10 = 0.1577, source_ndcg@10 = 0.0857, target_hit@10 = 0.1772, target_ndcg@10 = 0.0919

2024-08-04 03:48:24.573599: step 48297/75760 (epoch 51/80), loss = 1.105313 (238.334 sec/epoch), lr: 0.001589
Evaluating on dev set...
.......................................................................................................................................................................................................................
source: 	 mrr: 0.083938	 ndcg_5: 0.0751	 ndcg_10: 0.0937	 hit@1:0.038024	 hit@5:0.1116	 hit@10: 0.1699
target: 	 mrr: 0.067514	 ndcg_5: 0.0565	 ndcg_10: 0.0761	 hit@1:0.022765	 hit@5:0.0907	 hit@10: 0.1513
epoch 51: train_loss = 1.105313, source_hit@10 = 0.1699, source_ndcg@10 = 0.0937, target_hit@10 = 0.1513, target_ndcg@10 = 0.0761

2024-08-04 03:52:25.137777: step 49244/75760 (epoch 52/80), loss = 1.101906 (238.608 sec/epoch), lr: 0.001509
Evaluating on dev set...
.......................................................................................................................................................................................................................
source: 	 mrr: 0.076233	 ndcg_5: 0.0691	 ndcg_10: 0.0856	 hit@1:0.030232	 hit@5:0.1072	 hit@10: 0.1586
target: 	 mrr: 0.088056	 ndcg_5: 0.0808	 ndcg_10: 0.0993	 hit@1:0.037371	 hit@5:0.1230	 hit@10: 0.1803
epoch 52: train_loss = 1.101906, source_hit@10 = 0.1586, source_ndcg@10 = 0.0856, target_hit@10 = 0.1803, target_ndcg@10 = 0.0993

2024-08-04 03:56:27.368216: step 50191/75760 (epoch 53/80), loss = 1.100538 (240.266 sec/epoch), lr: 0.001509
Evaluating on dev set...
.......................................................................................................................................................................................................................
source: 	 mrr: 0.083065	 ndcg_5: 0.0754	 ndcg_10: 0.0948	 hit@1:0.035531	 hit@5:0.1149	 hit@10: 0.1753
target: 	 mrr: 0.081846	 ndcg_5: 0.0734	 ndcg_10: 0.0929	 hit@1:0.032239	 hit@5:0.1139	 hit@10: 0.1742
epoch 53: train_loss = 1.100538, source_hit@10 = 0.1753, source_ndcg@10 = 0.0948, target_hit@10 = 0.1742, target_ndcg@10 = 0.0929

2024-08-04 04:00:27.969624: step 51138/75760 (epoch 54/80), loss = 1.101422 (238.629 sec/epoch), lr: 0.001509
Evaluating on dev set...
.......................................................................................................................................................................................................................
source: 	 mrr: 0.086799	 ndcg_5: 0.0782	 ndcg_10: 0.0978	 hit@1:0.039271	 hit@5:0.1161	 hit@10: 0.1766
target: 	 mrr: 0.086049	 ndcg_5: 0.0779	 ndcg_10: 0.0967	 hit@1:0.036318	 hit@5:0.1181	 hit@10: 0.1765
source best!
...............................................................
source: 	 mrr: 0.084633	 ndcg_5: 0.0761	 ndcg_10: 0.0956	 hit@1:0.036539	 hit@5:0.1152	 hit@10: 0.1756
epoch 54: train_loss = 1.101422, source_hit@10 = 0.1756, source_ndcg@10 = 0.0956, target_hit@10 = 0.1765, target_ndcg@10 = 0.0967

2024-08-04 04:04:29.104843: step 52085/75760 (epoch 55/80), loss = 1.097112 (238.639 sec/epoch), lr: 0.001509
Evaluating on dev set...
.......................................................................................................................................................................................................................
source: 	 mrr: 0.086926	 ndcg_5: 0.0791	 ndcg_10: 0.0982	 hit@1:0.037868	 hit@5:0.1191	 hit@10: 0.1786
target: 	 mrr: 0.083162	 ndcg_5: 0.0734	 ndcg_10: 0.0915	 hit@1:0.036779	 hit@5:0.1088	 hit@10: 0.1649
source best!
...............................................................
source: 	 mrr: 0.087924	 ndcg_5: 0.0794	 ndcg_10: 0.0997	 hit@1:0.038437	 hit@5:0.1197	 hit@10: 0.1825
epoch 55: train_loss = 1.097112, source_hit@10 = 0.1825, source_ndcg@10 = 0.0997, target_hit@10 = 0.1649, target_ndcg@10 = 0.0915

2024-08-04 04:08:29.509997: step 53032/75760 (epoch 56/80), loss = 1.092255 (237.906 sec/epoch), lr: 0.001434
Evaluating on dev set...
.......................................................................................................................................................................................................................
source: 	 mrr: 0.081360	 ndcg_5: 0.0733	 ndcg_10: 0.0923	 hit@1:0.035375	 hit@5:0.1111	 hit@10: 0.1703
target: 	 mrr: 0.091618	 ndcg_5: 0.0835	 ndcg_10: 0.1026	 hit@1:0.041187	 hit@5:0.1242	 hit@10: 0.1839
target best!
......................................................................................................................................................target: 	 mrr: 0.092468	 ndcg_5: 0.0841	 ndcg_10: 0.1034	 hit@1:0.043048	 hit@5:0.1249	 hit@10: 0.1845
epoch 56: train_loss = 1.092255, source_hit@10 = 0.1703, source_ndcg@10 = 0.0923, target_hit@10 = 0.1845, target_ndcg@10 = 0.1034

2024-08-04 04:12:31.186969: step 53979/75760 (epoch 57/80), loss = 1.087574 (238.411 sec/epoch), lr: 0.001434
Evaluating on dev set...
.......................................................................................................................................................................................................................
source: 	 mrr: 0.085581	 ndcg_5: 0.0784	 ndcg_10: 0.0973	 hit@1:0.037401	 hit@5:0.1186	 hit@10: 0.1775
target: 	 mrr: 0.069061	 ndcg_5: 0.0611	 ndcg_10: 0.0772	 hit@1:0.025265	 hit@5:0.0968	 hit@10: 0.1467
epoch 57: train_loss = 1.087574, source_hit@10 = 0.1775, source_ndcg@10 = 0.0973, target_hit@10 = 0.1467, target_ndcg@10 = 0.0772

2024-08-04 04:16:31.187995: step 54926/75760 (epoch 58/80), loss = 1.084217 (238.034 sec/epoch), lr: 0.001362
Evaluating on dev set...
.......................................................................................................................................................................................................................
source: 	 mrr: 0.085885	 ndcg_5: 0.0778	 ndcg_10: 0.0962	 hit@1:0.038647	 hit@5:0.1155	 hit@10: 0.1722
target: 	 mrr: 0.087564	 ndcg_5: 0.0794	 ndcg_10: 0.0980	 hit@1:0.038818	 hit@5:0.1195	 hit@10: 0.1770
epoch 58: train_loss = 1.084217, source_hit@10 = 0.1722, source_ndcg@10 = 0.0962, target_hit@10 = 0.1770, target_ndcg@10 = 0.0980

2024-08-04 04:20:31.276799: step 55873/75760 (epoch 59/80), loss = 1.083594 (238.123 sec/epoch), lr: 0.001362
Evaluating on dev set...
.......................................................................................................................................................................................................................
source: 	 mrr: 0.088098	 ndcg_5: 0.0807	 ndcg_10: 0.0998	 hit@1:0.039738	 hit@5:0.1209	 hit@10: 0.1805
target: 	 mrr: 0.089834	 ndcg_5: 0.0825	 ndcg_10: 0.1002	 hit@1:0.041253	 hit@5:0.1223	 hit@10: 0.1774
source best!
...............................................................
source: 	 mrr: 0.086762	 ndcg_5: 0.0780	 ndcg_10: 0.0987	 hit@1:0.038437	 hit@5:0.1172	 hit@10: 0.1814
epoch 59: train_loss = 1.083594, source_hit@10 = 0.1814, source_ndcg@10 = 0.0987, target_hit@10 = 0.1774, target_ndcg@10 = 0.1002

2024-08-04 04:24:32.171262: step 56820/75760 (epoch 60/80), loss = 1.083389 (238.394 sec/epoch), lr: 0.001362
Evaluating on dev set...
.......................................................................................................................................................................................................................
source: 	 mrr: 0.075986	 ndcg_5: 0.0683	 ndcg_10: 0.0858	 hit@1:0.031167	 hit@5:0.1053	 hit@10: 0.1596
target: 	 mrr: 0.080427	 ndcg_5: 0.0713	 ndcg_10: 0.0907	 hit@1:0.032107	 hit@5:0.1097	 hit@10: 0.1702
epoch 60: train_loss = 1.083389, source_hit@10 = 0.1596, source_ndcg@10 = 0.0858, target_hit@10 = 0.1702, target_ndcg@10 = 0.0907

2024-08-04 04:28:33.126585: step 57767/75760 (epoch 61/80), loss = 1.079181 (238.998 sec/epoch), lr: 0.001294
Evaluating on dev set...
.......................................................................................................................................................................................................................
source: 	 mrr: 0.087797	 ndcg_5: 0.0790	 ndcg_10: 0.0991	 hit@1:0.039738	 hit@5:0.1172	 hit@10: 0.1800
target: 	 mrr: 0.084965	 ndcg_5: 0.0762	 ndcg_10: 0.0952	 hit@1:0.036516	 hit@5:0.1152	 hit@10: 0.1744
epoch 61: train_loss = 1.079181, source_hit@10 = 0.1800, source_ndcg@10 = 0.0991, target_hit@10 = 0.1744, target_ndcg@10 = 0.0952

2024-08-04 04:32:33.207237: step 58714/75760 (epoch 62/80), loss = 1.079627 (237.997 sec/epoch), lr: 0.001294
Evaluating on dev set...
.......................................................................................................................................................................................................................
source: 	 mrr: 0.075810	 ndcg_5: 0.0682	 ndcg_10: 0.0843	 hit@1:0.032881	 hit@5:0.1024	 hit@10: 0.1524
target: 	 mrr: 0.080462	 ndcg_5: 0.0721	 ndcg_10: 0.0914	 hit@1:0.030857	 hit@5:0.1129	 hit@10: 0.1732
epoch 62: train_loss = 1.079627, source_hit@10 = 0.1524, source_ndcg@10 = 0.0843, target_hit@10 = 0.1732, target_ndcg@10 = 0.0914

2024-08-04 04:36:33.102085: step 59661/75760 (epoch 63/80), loss = 1.074170 (237.915 sec/epoch), lr: 0.001229
Evaluating on dev set...
.......................................................................................................................................................................................................................
source: 	 mrr: 0.083495	 ndcg_5: 0.0775	 ndcg_10: 0.0947	 hit@1:0.034751	 hit@5:0.1206	 hit@10: 0.1744
target: 	 mrr: 0.087937	 ndcg_5: 0.0795	 ndcg_10: 0.0986	 hit@1:0.037371	 hit@5:0.1207	 hit@10: 0.1799
epoch 63: train_loss = 1.074170, source_hit@10 = 0.1744, source_ndcg@10 = 0.0947, target_hit@10 = 0.1799, target_ndcg@10 = 0.0986

2024-08-04 04:40:33.364954: step 60608/75760 (epoch 64/80), loss = 1.073474 (238.299 sec/epoch), lr: 0.001229
Evaluating on dev set...
.......................................................................................................................................................................................................................
source: 	 mrr: 0.083090	 ndcg_5: 0.0759	 ndcg_10: 0.0937	 hit@1:0.035842	 hit@5:0.1142	 hit@10: 0.1695
target: 	 mrr: 0.087993	 ndcg_5: 0.0787	 ndcg_10: 0.0984	 hit@1:0.039082	 hit@5:0.1181	 hit@10: 0.1794
epoch 64: train_loss = 1.073474, source_hit@10 = 0.1695, source_ndcg@10 = 0.0937, target_hit@10 = 0.1794, target_ndcg@10 = 0.0984

2024-08-04 04:44:33.489257: step 61555/75760 (epoch 65/80), loss = 1.069040 (238.162 sec/epoch), lr: 0.001168
Evaluating on dev set...
.......................................................................................................................................................................................................................
source: 	 mrr: 0.068211	 ndcg_5: 0.0589	 ndcg_10: 0.0743	 hit@1:0.029297	 hit@5:0.0873	 hit@10: 0.1351
target: 	 mrr: 0.087378	 ndcg_5: 0.0796	 ndcg_10: 0.0969	 hit@1:0.039739	 hit@5:0.1190	 hit@10: 0.1727
epoch 65: train_loss = 1.069040, source_hit@10 = 0.1351, source_ndcg@10 = 0.0743, target_hit@10 = 0.1727, target_ndcg@10 = 0.0969

2024-08-04 04:48:33.882365: step 62502/75760 (epoch 66/80), loss = 1.066088 (238.431 sec/epoch), lr: 0.001110
Evaluating on dev set...
.......................................................................................................................................................................................................................
source: 	 mrr: 0.087575	 ndcg_5: 0.0797	 ndcg_10: 0.0985	 hit@1:0.039427	 hit@5:0.1180	 hit@10: 0.1764
target: 	 mrr: 0.084882	 ndcg_5: 0.0773	 ndcg_10: 0.0944	 hit@1:0.039147	 hit@5:0.1155	 hit@10: 0.1685
epoch 66: train_loss = 1.066088, source_hit@10 = 0.1764, source_ndcg@10 = 0.0985, target_hit@10 = 0.1685, target_ndcg@10 = 0.0944

2024-08-04 04:52:34.299518: step 63449/75760 (epoch 67/80), loss = 1.063998 (238.454 sec/epoch), lr: 0.001110
Evaluating on dev set...
.......................................................................................................................................................................................................................
source: 	 mrr: 0.078632	 ndcg_5: 0.0718	 ndcg_10: 0.0895	 hit@1:0.031635	 hit@5:0.1106	 hit@10: 0.1658
target: 	 mrr: 0.067784	 ndcg_5: 0.0567	 ndcg_10: 0.0740	 hit@1:0.025594	 hit@5:0.0875	 hit@10: 0.1419
epoch 67: train_loss = 1.063998, source_hit@10 = 0.1658, source_ndcg@10 = 0.0895, target_hit@10 = 0.1419, target_ndcg@10 = 0.0740

2024-08-04 04:56:35.059311: step 64396/75760 (epoch 68/80), loss = 1.061745 (238.781 sec/epoch), lr: 0.001054
Evaluating on dev set...
.......................................................................................................................................................................................................................
source: 	 mrr: 0.077987	 ndcg_5: 0.0711	 ndcg_10: 0.0880	 hit@1:0.033193	 hit@5:0.1085	 hit@10: 0.1610
target: 	 mrr: 0.096758	 ndcg_5: 0.0882	 ndcg_10: 0.1070	 hit@1:0.048293	 hit@5:0.1278	 hit@10: 0.1860
target best!
......................................................................................................................................................target: 	 mrr: 0.097797	 ndcg_5: 0.0906	 ndcg_10: 0.1093	 hit@1:0.047565	 hit@5:0.1326	 hit@10: 0.1911
epoch 68: train_loss = 1.061745, source_hit@10 = 0.1610, source_ndcg@10 = 0.0880, target_hit@10 = 0.1911, target_ndcg@10 = 0.1093

2024-08-04 05:00:36.963525: step 65343/75760 (epoch 69/80), loss = 1.059917 (238.639 sec/epoch), lr: 0.001054
Evaluating on dev set...
.......................................................................................................................................................................................................................
source: 	 mrr: 0.082226	 ndcg_5: 0.0735	 ndcg_10: 0.0918	 hit@1:0.035998	 hit@5:0.1096	 hit@10: 0.1663
target: 	 mrr: 0.086503	 ndcg_5: 0.0776	 ndcg_10: 0.0963	 hit@1:0.038160	 hit@5:0.1157	 hit@10: 0.1738
epoch 69: train_loss = 1.059917, source_hit@10 = 0.1663, source_ndcg@10 = 0.0918, target_hit@10 = 0.1738, target_ndcg@10 = 0.0963

2024-08-04 05:04:37.306559: step 66290/75760 (epoch 70/80), loss = 1.053692 (238.380 sec/epoch), lr: 0.001001
Evaluating on dev set...
.......................................................................................................................................................................................................................
source: 	 mrr: 0.087581	 ndcg_5: 0.0803	 ndcg_10: 0.0988	 hit@1:0.039115	 hit@5:0.1205	 hit@10: 0.1780
target: 	 mrr: 0.092351	 ndcg_5: 0.0831	 ndcg_10: 0.1036	 hit@1:0.041779	 hit@5:0.1222	 hit@10: 0.1856
epoch 70: train_loss = 1.053692, source_hit@10 = 0.1780, source_ndcg@10 = 0.0988, target_hit@10 = 0.1856, target_ndcg@10 = 0.1036

2024-08-04 05:08:38.481475: step 67237/75760 (epoch 71/80), loss = 1.051499 (239.214 sec/epoch), lr: 0.001001
Evaluating on dev set...
.......................................................................................................................................................................................................................
source: 	 mrr: 0.078235	 ndcg_5: 0.0701	 ndcg_10: 0.0859	 hit@1:0.034440	 hit@5:0.1041	 hit@10: 0.1532
target: 	 mrr: 0.088625	 ndcg_5: 0.0806	 ndcg_10: 0.0993	 hit@1:0.039739	 hit@5:0.1210	 hit@10: 0.1790
epoch 71: train_loss = 1.051499, source_hit@10 = 0.1532, source_ndcg@10 = 0.0859, target_hit@10 = 0.1790, target_ndcg@10 = 0.0993

2024-08-04 05:12:38.836256: step 68184/75760 (epoch 72/80), loss = 1.046859 (238.359 sec/epoch), lr: 0.000951
Evaluating on dev set...
.......................................................................................................................................................................................................................
source: 	 mrr: 0.081316	 ndcg_5: 0.0736	 ndcg_10: 0.0918	 hit@1:0.035531	 hit@5:0.1120	 hit@10: 0.1688
target: 	 mrr: 0.094120	 ndcg_5: 0.0849	 ndcg_10: 0.1042	 hit@1:0.043884	 hit@5:0.1236	 hit@10: 0.1836
epoch 72: train_loss = 1.046859, source_hit@10 = 0.1688, source_ndcg@10 = 0.0918, target_hit@10 = 0.1836, target_ndcg@10 = 0.1042

2024-08-04 05:16:39.556312: step 69131/75760 (epoch 73/80), loss = 1.044870 (238.766 sec/epoch), lr: 0.000951
Evaluating on dev set...
.......................................................................................................................................................................................................................
source: 	 mrr: 0.078941	 ndcg_5: 0.0694	 ndcg_10: 0.0881	 hit@1:0.034128	 hit@5:0.1047	 hit@10: 0.1625
target: 	 mrr: 0.091210	 ndcg_5: 0.0829	 ndcg_10: 0.1033	 hit@1:0.039805	 hit@5:0.1249	 hit@10: 0.1883
epoch 73: train_loss = 1.044870, source_hit@10 = 0.1625, source_ndcg@10 = 0.0881, target_hit@10 = 0.1883, target_ndcg@10 = 0.1033

2024-08-04 05:20:39.782613: step 70078/75760 (epoch 74/80), loss = 1.040093 (238.275 sec/epoch), lr: 0.000904
Evaluating on dev set...
.......................................................................................................................................................................................................................
source: 	 mrr: 0.083211	 ndcg_5: 0.0753	 ndcg_10: 0.0947	 hit@1:0.036310	 hit@5:0.1136	 hit@10: 0.1739
target: 	 mrr: 0.090101	 ndcg_5: 0.0808	 ndcg_10: 0.1021	 hit@1:0.038160	 hit@5:0.1225	 hit@10: 0.1884
epoch 74: train_loss = 1.040093, source_hit@10 = 0.1739, source_ndcg@10 = 0.0947, target_hit@10 = 0.1884, target_ndcg@10 = 0.1021

2024-08-04 05:24:40.557770: step 71025/75760 (epoch 75/80), loss = 1.037253 (238.817 sec/epoch), lr: 0.000904
Evaluating on dev set...
.......................................................................................................................................................................................................................
source: 	 mrr: 0.087229	 ndcg_5: 0.0800	 ndcg_10: 0.0982	 hit@1:0.037868	 hit@5:0.1201	 hit@10: 0.1773
target: 	 mrr: 0.083545	 ndcg_5: 0.0741	 ndcg_10: 0.0933	 hit@1:0.036187	 hit@5:0.1120	 hit@10: 0.1715
epoch 75: train_loss = 1.037253, source_hit@10 = 0.1773, source_ndcg@10 = 0.0982, target_hit@10 = 0.1715, target_ndcg@10 = 0.0933

2024-08-04 05:28:41.682995: step 71972/75760 (epoch 76/80), loss = 1.032036 (239.176 sec/epoch), lr: 0.000859
Evaluating on dev set...
.......................................................................................................................................................................................................................
source: 	 mrr: 0.085981	 ndcg_5: 0.0775	 ndcg_10: 0.0975	 hit@1:0.037712	 hit@5:0.1159	 hit@10: 0.1783
target: 	 mrr: 0.082627	 ndcg_5: 0.0726	 ndcg_10: 0.0917	 hit@1:0.036713	 hit@5:0.1079	 hit@10: 0.1674
epoch 76: train_loss = 1.032036, source_hit@10 = 0.1783, source_ndcg@10 = 0.0975, target_hit@10 = 0.1674, target_ndcg@10 = 0.0917

2024-08-04 05:32:41.799448: step 72919/75760 (epoch 77/80), loss = 1.026549 (238.157 sec/epoch), lr: 0.000816
Evaluating on dev set...
.......................................................................................................................................................................................................................
source: 	 mrr: 0.049380	 ndcg_5: 0.0419	 ndcg_10: 0.0536	 hit@1:0.019012	 hit@5:0.0651	 hit@10: 0.1016
target: 	 mrr: 0.092527	 ndcg_5: 0.0832	 ndcg_10: 0.1034	 hit@1:0.043029	 hit@5:0.1228	 hit@10: 0.1855
epoch 77: train_loss = 1.026549, source_hit@10 = 0.1016, source_ndcg@10 = 0.0536, target_hit@10 = 0.1855, target_ndcg@10 = 0.1034

2024-08-04 05:36:41.845534: step 73866/75760 (epoch 78/80), loss = 1.020919 (238.089 sec/epoch), lr: 0.000775
Evaluating on dev set...
.......................................................................................................................................................................................................................
source: 	 mrr: 0.086941	 ndcg_5: 0.0796	 ndcg_10: 0.0967	 hit@1:0.039894	 hit@5:0.1184	 hit@10: 0.1717
target: 	 mrr: 0.093772	 ndcg_5: 0.0846	 ndcg_10: 0.1050	 hit@1:0.043490	 hit@5:0.1247	 hit@10: 0.1878
epoch 78: train_loss = 1.020919, source_hit@10 = 0.1717, source_ndcg@10 = 0.0967, target_hit@10 = 0.1878, target_ndcg@10 = 0.1050

2024-08-04 05:40:42.260986: step 74813/75760 (epoch 79/80), loss = 1.017625 (238.460 sec/epoch), lr: 0.000775
Evaluating on dev set...
.......................................................................................................................................................................................................................
source: 	 mrr: 0.078504	 ndcg_5: 0.0691	 ndcg_10: 0.0884	 hit@1:0.034907	 hit@5:0.1032	 hit@10: 0.1632
target: 	 mrr: 0.092768	 ndcg_5: 0.0835	 ndcg_10: 0.1029	 hit@1:0.043358	 hit@5:0.1224	 hit@10: 0.1828
epoch 79: train_loss = 1.017625, source_hit@10 = 0.1632, source_ndcg@10 = 0.0884, target_hit@10 = 0.1828, target_ndcg@10 = 0.1029

2024-08-04 05:44:42.235082: step 75760/75760 (epoch 80/80), loss = 1.012278 (238.022 sec/epoch), lr: 0.000736
Evaluating on dev set...
.......................................................................................................................................................................................................................
source: 	 mrr: 0.084923	 ndcg_5: 0.0783	 ndcg_10: 0.0950	 hit@1:0.037245	 hit@5:0.1189	 hit@10: 0.1713
target: 	 mrr: 0.091279	 ndcg_5: 0.0825	 ndcg_10: 0.1029	 hit@1:0.041121	 hit@5:0.1236	 hit@10: 0.1871
epoch 80: train_loss = 1.012278, source_hit@10 = 0.1713, source_ndcg@10 = 0.0950, target_hit@10 = 0.1871, target_ndcg@10 = 0.1029
early termination of training
