nohup: ignoring input
/home1/lhr/anaconda3/envs/torch/lib/python3.8/site-packages/torch_geometric/typing.py:54: UserWarning: An issue occurred while importing 'pyg-lib'. Disabling its usage. Stacktrace: /lib/x86_64-linux-gnu/libm.so.6: version `GLIBC_2.29' not found (required by /home1/lhr/anaconda3/envs/torch/lib/python3.8/site-packages/libpyg.so)
  warnings.warn(f"An issue occurred while importing 'pyg-lib'. "
/home1/lhr/anaconda3/envs/torch/lib/python3.8/site-packages/torch_geometric/typing.py:110: UserWarning: An issue occurred while importing 'torch-sparse'. Disabling its usage. Stacktrace: /lib/x86_64-linux-gnu/libm.so.6: version `GLIBC_2.29' not found (required by /home1/lhr/anaconda3/envs/torch/lib/python3.8/site-packages/libpyg.so)
  warnings.warn(f"An issue occurred while importing 'torch-sparse'. "
using gpu:5 to train the model
using gpu:5 to train the model
cuda:5
Namespace(A_split=False, JK='sum', a_fold=100, aggregate=False, alpha=0.5, batch_size=1024, beta_inter=0.4, conv_layers=4, cuda=True, decay_epoch=10, device=device(type='cuda', index=5), device_id='5', domains='cell_electronic', dropout=0.5, epoch=80, feature_dim=126, hidden_dim=126, inter_tau=0.2, intra_tau=1, lambda_critic=0.4, leakey=0.05, load=False, log='logs.txt', log_epoch=1, lr=0.004, lr_decay=0.95, min_epoch=50, mode='train', model_file=None, model_name='ce', momentum=0.9, num_latent_factors=3, num_negative=100, optim='adam', patience=30, proj_layers=1, projection=1, residual=1, save=False, save_dir='./saved_models', seed=32, similarity_tau=0.05, test_sample_number=999, transfer_epoch=40, user_batch_size=256, weight_decay=0.0002)
number_user 27519
number_item 9481
/home1/lhr/invariantCDR/invariantCDR/utils/GraphMaker.py:45: RuntimeWarning: divide by zero encountered in power
  r_inv = np.power(rowsum, -1).flatten()
/home1/lhr/invariantCDR/invariantCDR/utils/GraphMaker.py:68: UserWarning: torch.sparse.SparseTensor(indices, values, shape, *, device=) is deprecated.  Please use torch.sparse_coo_tensor(indices, values, shape, dtype=, device=). (Triggered internally at /opt/conda/conda-bld/pytorch_1711403590347/work/torch/csrc/utils/tensor_new.cpp:618.)
  return torch.sparse.FloatTensor(indices, values, shape)
real graph loaded!
number_user 107984
number_item 40460
real graph loaded!
graph loaded!
Loading data from cell_electronic with batch size 1024...
unseen test: 0
test length: 6417
unseen test: 0
test length: 6322
unseen test: 0
test length: 15199
unseen test: 0
test length: 15053
source_user_num 27519
target_user_num 107984
source_item_num 9481
target_item_num 40460
shared users id: 16337
test users 2049, 2042
unseen test: 0
dev length: 1000
unseen test: 0
dev length: 1000
source train data : 148271, target train data: 821301, source test data : 6322, target test data : 15053, source dev data : 1000, target dev data : 1000
2024-08-04 11:10:24.751606: step 947/75760 (epoch 1/80), loss = 1.363280 (679.318 sec/epoch), lr: 0.004000
Evaluating on dev set...
.......................................................................................................................................................................................................................
source: 	 mrr: 0.064382	 ndcg_5: 0.0571	 ndcg_10: 0.0721	 hit@1:0.023531	 hit@5:0.0918	 hit@10: 0.1378
target: 	 mrr: 0.069967	 ndcg_5: 0.0623	 ndcg_10: 0.0806	 hit@1:0.026449	 hit@5:0.0985	 hit@10: 0.1553
source best!
...............................................................
source: 	 mrr: 0.067798	 ndcg_5: 0.0600	 ndcg_10: 0.0753	 hit@1:0.025467	 hit@5:0.0949	 hit@10: 0.1424
target best!
......................................................................................................................................................target: 	 mrr: 0.070351	 ndcg_5: 0.0620	 ndcg_10: 0.0804	 hit@1:0.026440	 hit@5:0.0974	 hit@10: 0.1545
epoch 1: train_loss = 1.363280, source_hit@10 = 0.1424, source_ndcg@10 = 0.0753, target_hit@10 = 0.1545, target_ndcg@10 = 0.0804

2024-08-04 11:21:50.869744: step 1894/75760 (epoch 2/80), loss = 1.267908 (675.959 sec/epoch), lr: 0.004000
Evaluating on dev set...
.......................................................................................................................................................................................................................
source: 	 mrr: 0.039916	 ndcg_5: 0.0265	 ndcg_10: 0.0409	 hit@1:0.008883	 hit@5:0.0449	 hit@10: 0.0899
target: 	 mrr: 0.068402	 ndcg_5: 0.0590	 ndcg_10: 0.0782	 hit@1:0.024541	 hit@5:0.0937	 hit@10: 0.1533
epoch 2: train_loss = 1.267908, source_hit@10 = 0.0899, source_ndcg@10 = 0.0409, target_hit@10 = 0.1533, target_ndcg@10 = 0.0782

2024-08-04 11:33:13.691393: step 2841/75760 (epoch 3/80), loss = 1.258389 (677.603 sec/epoch), lr: 0.004000
Evaluating on dev set...
.......................................................................................................................................................................................................................
source: 	 mrr: 0.064996	 ndcg_5: 0.0562	 ndcg_10: 0.0720	 hit@1:0.024934	 hit@5:0.0874	 hit@10: 0.1364
target: 	 mrr: 0.067939	 ndcg_5: 0.0595	 ndcg_10: 0.0783	 hit@1:0.024212	 hit@5:0.0951	 hit@10: 0.1536
source best!
...............................................................
source: 	 mrr: 0.068812	 ndcg_5: 0.0599	 ndcg_10: 0.0761	 hit@1:0.027523	 hit@5:0.0927	 hit@10: 0.1428
epoch 3: train_loss = 1.258389, source_hit@10 = 0.1428, source_ndcg@10 = 0.0761, target_hit@10 = 0.1536, target_ndcg@10 = 0.0783

2024-08-04 11:44:37.507856: step 3788/75760 (epoch 4/80), loss = 1.254160 (677.409 sec/epoch), lr: 0.004000
Evaluating on dev set...
.......................................................................................................................................................................................................................
source: 	 mrr: 0.060752	 ndcg_5: 0.0520	 ndcg_10: 0.0680	 hit@1:0.020415	 hit@5:0.0835	 hit@10: 0.1332
target: 	 mrr: 0.049412	 ndcg_5: 0.0372	 ndcg_10: 0.0552	 hit@1:0.013093	 hit@5:0.0620	 hit@10: 0.1179
epoch 4: train_loss = 1.254160, source_hit@10 = 0.1332, source_ndcg@10 = 0.0680, target_hit@10 = 0.1179, target_ndcg@10 = 0.0552

2024-08-04 11:55:59.991106: step 4735/75760 (epoch 5/80), loss = 1.249468 (677.685 sec/epoch), lr: 0.004000
Evaluating on dev set...
.......................................................................................................................................................................................................................
source: 	 mrr: 0.069906	 ndcg_5: 0.0612	 ndcg_10: 0.0775	 hit@1:0.028674	 hit@5:0.0933	 hit@10: 0.1443
target: 	 mrr: 0.059655	 ndcg_5: 0.0471	 ndcg_10: 0.0659	 hit@1:0.020001	 hit@5:0.0747	 hit@10: 0.1334
source best!
...............................................................
source: 	 mrr: 0.073226	 ndcg_5: 0.0647	 ndcg_10: 0.0808	 hit@1:0.029421	 hit@5:0.0985	 hit@10: 0.1487
epoch 5: train_loss = 1.249468, source_hit@10 = 0.1487, source_ndcg@10 = 0.0808, target_hit@10 = 0.1334, target_ndcg@10 = 0.0659

2024-08-04 12:07:24.033274: step 5682/75760 (epoch 6/80), loss = 1.244998 (677.593 sec/epoch), lr: 0.004000
Evaluating on dev set...
.......................................................................................................................................................................................................................
source: 	 mrr: 0.066101	 ndcg_5: 0.0576	 ndcg_10: 0.0730	 hit@1:0.025869	 hit@5:0.0890	 hit@10: 0.1368
target: 	 mrr: 0.067602	 ndcg_5: 0.0584	 ndcg_10: 0.0765	 hit@1:0.024081	 hit@5:0.0930	 hit@10: 0.1493
epoch 6: train_loss = 1.244998, source_hit@10 = 0.1368, source_ndcg@10 = 0.0730, target_hit@10 = 0.1493, target_ndcg@10 = 0.0765

2024-08-04 12:18:43.647426: step 6629/75760 (epoch 7/80), loss = 1.243322 (674.726 sec/epoch), lr: 0.004000
Evaluating on dev set...
.......................................................................................................................................................................................................................
source: 	 mrr: 0.060567	 ndcg_5: 0.0520	 ndcg_10: 0.0672	 hit@1:0.022596	 hit@5:0.0823	 hit@10: 0.1292
target: 	 mrr: 0.043235	 ndcg_5: 0.0332	 ndcg_10: 0.0459	 hit@1:0.013422	 hit@5:0.0533	 hit@10: 0.0930
epoch 7: train_loss = 1.243322, source_hit@10 = 0.1292, source_ndcg@10 = 0.0672, target_hit@10 = 0.0930, target_ndcg@10 = 0.0459

2024-08-04 12:30:03.667554: step 7576/75760 (epoch 8/80), loss = 1.241132 (675.006 sec/epoch), lr: 0.004000
Evaluating on dev set...
.......................................................................................................................................................................................................................
source: 	 mrr: 0.047745	 ndcg_5: 0.0392	 ndcg_10: 0.0514	 hit@1:0.016674	 hit@5:0.0614	 hit@10: 0.0994
target: 	 mrr: 0.065947	 ndcg_5: 0.0562	 ndcg_10: 0.0774	 hit@1:0.021317	 hit@5:0.0920	 hit@10: 0.1579
epoch 8: train_loss = 1.241132, source_hit@10 = 0.0994, source_ndcg@10 = 0.0514, target_hit@10 = 0.1579, target_ndcg@10 = 0.0774

2024-08-04 12:41:21.941650: step 8523/75760 (epoch 9/80), loss = 1.242155 (673.292 sec/epoch), lr: 0.004000
Evaluating on dev set...
.......................................................................................................................................................................................................................
source: 	 mrr: 0.050285	 ndcg_5: 0.0409	 ndcg_10: 0.0559	 hit@1:0.015739	 hit@5:0.0662	 hit@10: 0.1127
target: 	 mrr: 0.057278	 ndcg_5: 0.0463	 ndcg_10: 0.0654	 hit@1:0.017238	 hit@5:0.0760	 hit@10: 0.1355
epoch 9: train_loss = 1.242155, source_hit@10 = 0.1127, source_ndcg@10 = 0.0559, target_hit@10 = 0.1355, target_ndcg@10 = 0.0654

2024-08-04 12:52:40.453217: step 9470/75760 (epoch 10/80), loss = 1.240001 (673.593 sec/epoch), lr: 0.004000
Evaluating on dev set...
.......................................................................................................................................................................................................................
source: 	 mrr: 0.059678	 ndcg_5: 0.0504	 ndcg_10: 0.0667	 hit@1:0.022440	 hit@5:0.0782	 hit@10: 0.1286
target: 	 mrr: 0.066781	 ndcg_5: 0.0582	 ndcg_10: 0.0762	 hit@1:0.022107	 hit@5:0.0951	 hit@10: 0.1506
epoch 10: train_loss = 1.240001, source_hit@10 = 0.1286, source_ndcg@10 = 0.0667, target_hit@10 = 0.1506, target_ndcg@10 = 0.0762

2024-08-04 13:04:01.576859: step 10417/75760 (epoch 11/80), loss = 1.236230 (675.661 sec/epoch), lr: 0.004000
Evaluating on dev set...
.......................................................................................................................................................................................................................
source: 	 mrr: 0.036995	 ndcg_5: 0.0288	 ndcg_10: 0.0375	 hit@1:0.012623	 hit@5:0.0441	 hit@10: 0.0712
target: 	 mrr: 0.074137	 ndcg_5: 0.0663	 ndcg_10: 0.0815	 hit@1:0.033028	 hit@5:0.0984	 hit@10: 0.1454
target best!
......................................................................................................................................................target: 	 mrr: 0.075506	 ndcg_5: 0.0691	 ndcg_10: 0.0831	 hit@1:0.032685	 hit@5:0.1043	 hit@10: 0.1479
epoch 11: train_loss = 1.236230, source_hit@10 = 0.0712, source_ndcg@10 = 0.0375, target_hit@10 = 0.1479, target_ndcg@10 = 0.0831

2024-08-04 13:15:25.840575: step 11364/75760 (epoch 12/80), loss = 1.224602 (675.500 sec/epoch), lr: 0.003800
Evaluating on dev set...
.......................................................................................................................................................................................................................
source: 	 mrr: 0.061330	 ndcg_5: 0.0537	 ndcg_10: 0.0681	 hit@1:0.024934	 hit@5:0.0826	 hit@10: 0.1273
target: 	 mrr: 0.077013	 ndcg_5: 0.0687	 ndcg_10: 0.0867	 hit@1:0.029607	 hit@5:0.1068	 hit@10: 0.1626
target best!
......................................................................................................................................................target: 	 mrr: 0.078373	 ndcg_5: 0.0703	 ndcg_10: 0.0882	 hit@1:0.031489	 hit@5:0.1087	 hit@10: 0.1642
epoch 12: train_loss = 1.224602, source_hit@10 = 0.1273, source_ndcg@10 = 0.0681, target_hit@10 = 0.1642, target_ndcg@10 = 0.0882

2024-08-04 13:26:47.881678: step 12311/75760 (epoch 13/80), loss = 1.215259 (674.203 sec/epoch), lr: 0.003800
Evaluating on dev set...
.......................................................................................................................................................................................................................
source: 	 mrr: 0.009312	 ndcg_5: 0.0030	 ndcg_10: 0.0053	 hit@1:0.000468	 hit@5:0.0059	 hit@10: 0.0128
target: 	 mrr: 0.062714	 ndcg_5: 0.0530	 ndcg_10: 0.0705	 hit@1:0.021844	 hit@5:0.0850	 hit@10: 0.1394
epoch 13: train_loss = 1.215259, source_hit@10 = 0.0128, source_ndcg@10 = 0.0053, target_hit@10 = 0.1394, target_ndcg@10 = 0.0705

2024-08-04 13:38:07.014444: step 13258/75760 (epoch 14/80), loss = 1.205186 (674.414 sec/epoch), lr: 0.003610
Evaluating on dev set...
.......................................................................................................................................................................................................................
source: 	 mrr: 0.060080	 ndcg_5: 0.0508	 ndcg_10: 0.0668	 hit@1:0.021817	 hit@5:0.0798	 hit@10: 0.1300
target: 	 mrr: 0.048036	 ndcg_5: 0.0374	 ndcg_10: 0.0497	 hit@1:0.016054	 hit@5:0.0590	 hit@10: 0.0974
epoch 14: train_loss = 1.205186, source_hit@10 = 0.1300, source_ndcg@10 = 0.0668, target_hit@10 = 0.0974, target_ndcg@10 = 0.0497

2024-08-04 13:49:27.454966: step 14205/75760 (epoch 15/80), loss = 1.203544 (675.232 sec/epoch), lr: 0.003610
Evaluating on dev set...
.......................................................................................................................................................................................................................
source: 	 mrr: 0.042157	 ndcg_5: 0.0327	 ndcg_10: 0.0456	 hit@1:0.013090	 hit@5:0.0528	 hit@10: 0.0930
target: 	 mrr: 0.060743	 ndcg_5: 0.0505	 ndcg_10: 0.0673	 hit@1:0.019409	 hit@5:0.0821	 hit@10: 0.1343
epoch 15: train_loss = 1.203544, source_hit@10 = 0.0930, source_ndcg@10 = 0.0456, target_hit@10 = 0.1343, target_ndcg@10 = 0.0673

2024-08-04 14:00:49.438053: step 15152/75760 (epoch 16/80), loss = 1.198012 (677.123 sec/epoch), lr: 0.003429
Evaluating on dev set...
.......................................................................................................................................................................................................................
source: 	 mrr: 0.063101	 ndcg_5: 0.0548	 ndcg_10: 0.0685	 hit@1:0.025869	 hit@5:0.0842	 hit@10: 0.1270
target: 	 mrr: 0.063173	 ndcg_5: 0.0556	 ndcg_10: 0.0722	 hit@1:0.022238	 hit@5:0.0890	 hit@10: 0.1407
epoch 16: train_loss = 1.198012, source_hit@10 = 0.1270, source_ndcg@10 = 0.0685, target_hit@10 = 0.1407, target_ndcg@10 = 0.0722

2024-08-04 14:12:12.033600: step 16099/75760 (epoch 17/80), loss = 1.194583 (677.263 sec/epoch), lr: 0.003429
Evaluating on dev set...
.......................................................................................................................................................................................................................
source: 	 mrr: 0.060072	 ndcg_5: 0.0516	 ndcg_10: 0.0680	 hit@1:0.020726	 hit@5:0.0840	 hit@10: 0.1351
target: 	 mrr: 0.028383	 ndcg_5: 0.0213	 ndcg_10: 0.0263	 hit@1:0.010198	 hit@5:0.0318	 hit@10: 0.0476
epoch 17: train_loss = 1.194583, source_hit@10 = 0.1351, source_ndcg@10 = 0.0680, target_hit@10 = 0.0476, target_ndcg@10 = 0.0263

2024-08-04 14:23:33.582825: step 17046/75760 (epoch 18/80), loss = 1.190213 (676.256 sec/epoch), lr: 0.003258
Evaluating on dev set...
.......................................................................................................................................................................................................................
source: 	 mrr: 0.020023	 ndcg_5: 0.0115	 ndcg_10: 0.0167	 hit@1:0.004987	 hit@5:0.0181	 hit@10: 0.0344
target: 	 mrr: 0.062928	 ndcg_5: 0.0556	 ndcg_10: 0.0702	 hit@1:0.025528	 hit@5:0.0851	 hit@10: 0.1307
epoch 18: train_loss = 1.190213, source_hit@10 = 0.0344, source_ndcg@10 = 0.0167, target_hit@10 = 0.1307, target_ndcg@10 = 0.0702

2024-08-04 14:34:52.207640: step 17993/75760 (epoch 19/80), loss = 1.185694 (673.339 sec/epoch), lr: 0.003095
Evaluating on dev set...
.......................................................................................................................................................................................................................
source: 	 mrr: 0.021679	 ndcg_5: 0.0156	 ndcg_10: 0.0214	 hit@1:0.007013	 hit@5:0.0240	 hit@10: 0.0421
target: 	 mrr: 0.075950	 ndcg_5: 0.0659	 ndcg_10: 0.0832	 hit@1:0.034937	 hit@5:0.0965	 hit@10: 0.1503
epoch 19: train_loss = 1.185694, source_hit@10 = 0.0421, source_ndcg@10 = 0.0214, target_hit@10 = 0.1503, target_ndcg@10 = 0.0832

2024-08-04 14:46:10.553916: step 18940/75760 (epoch 20/80), loss = 1.184148 (673.172 sec/epoch), lr: 0.003095
Evaluating on dev set...
.......................................................................................................................................................................................................................
source: 	 mrr: 0.074108	 ndcg_5: 0.0654	 ndcg_10: 0.0834	 hit@1:0.030076	 hit@5:0.1000	 hit@10: 0.1563
target: 	 mrr: 0.060220	 ndcg_5: 0.0506	 ndcg_10: 0.0657	 hit@1:0.021778	 hit@5:0.0784	 hit@10: 0.1255
source best!
...............................................................
source: 	 mrr: 0.077540	 ndcg_5: 0.0688	 ndcg_10: 0.0860	 hit@1:0.032901	 hit@5:0.1039	 hit@10: 0.1577
epoch 20: train_loss = 1.184148, source_hit@10 = 0.1577, source_ndcg@10 = 0.0860, target_hit@10 = 0.1255, target_ndcg@10 = 0.0657

2024-08-04 14:57:30.819712: step 19887/75760 (epoch 21/80), loss = 1.181995 (673.914 sec/epoch), lr: 0.003095
Evaluating on dev set...
.......................................................................................................................................................................................................................
source: 	 mrr: 0.057596	 ndcg_5: 0.0495	 ndcg_10: 0.0647	 hit@1:0.020882	 hit@5:0.0779	 hit@10: 0.1253
target: 	 mrr: 0.086433	 ndcg_5: 0.0776	 ndcg_10: 0.0951	 hit@1:0.041911	 hit@5:0.1117	 hit@10: 0.1664
target best!
......................................................................................................................................................target: 	 mrr: 0.088780	 ndcg_5: 0.0802	 ndcg_10: 0.0986	 hit@1:0.043048	 hit@5:0.1163	 hit@10: 0.1737
epoch 21: train_loss = 1.181995, source_hit@10 = 0.1253, source_ndcg@10 = 0.0647, target_hit@10 = 0.1737, target_ndcg@10 = 0.0986

2024-08-04 15:08:53.816084: step 20834/75760 (epoch 22/80), loss = 1.181815 (674.690 sec/epoch), lr: 0.003095
Evaluating on dev set...
.......................................................................................................................................................................................................................
source: 	 mrr: 0.036220	 ndcg_5: 0.0291	 ndcg_10: 0.0407	 hit@1:0.008259	 hit@5:0.0506	 hit@10: 0.0865
target: 	 mrr: 0.083164	 ndcg_5: 0.0743	 ndcg_10: 0.0922	 hit@1:0.035989	 hit@5:0.1123	 hit@10: 0.1677
epoch 22: train_loss = 1.181815, source_hit@10 = 0.0865, source_ndcg@10 = 0.0407, target_hit@10 = 0.1677, target_ndcg@10 = 0.0922

2024-08-04 15:20:12.606191: step 21781/75760 (epoch 23/80), loss = 1.179941 (673.830 sec/epoch), lr: 0.002940
Evaluating on dev set...
.......................................................................................................................................................................................................................
source: 	 mrr: 0.034449	 ndcg_5: 0.0280	 ndcg_10: 0.0352	 hit@1:0.012311	 hit@5:0.0432	 hit@10: 0.0656
target: 	 mrr: 0.051065	 ndcg_5: 0.0437	 ndcg_10: 0.0563	 hit@1:0.019738	 hit@5:0.0674	 hit@10: 0.1066
epoch 23: train_loss = 1.179941, source_hit@10 = 0.0656, source_ndcg@10 = 0.0352, target_hit@10 = 0.1066, target_ndcg@10 = 0.0563

2024-08-04 15:31:31.285099: step 22728/75760 (epoch 24/80), loss = 1.174179 (674.032 sec/epoch), lr: 0.002793
Evaluating on dev set...
.......................................................................................................................................................................................................................
source: 	 mrr: 0.061027	 ndcg_5: 0.0498	 ndcg_10: 0.0682	 hit@1:0.020726	 hit@5:0.0789	 hit@10: 0.1359
target: 	 mrr: 0.070068	 ndcg_5: 0.0619	 ndcg_10: 0.0793	 hit@1:0.026120	 hit@5:0.0985	 hit@10: 0.1524
epoch 24: train_loss = 1.174179, source_hit@10 = 0.1359, source_ndcg@10 = 0.0682, target_hit@10 = 0.1524, target_ndcg@10 = 0.0793

2024-08-04 15:42:52.169512: step 23675/75760 (epoch 25/80), loss = 1.171797 (676.164 sec/epoch), lr: 0.002793
Evaluating on dev set...
.......................................................................................................................................................................................................................
source: 	 mrr: 0.045728	 ndcg_5: 0.0361	 ndcg_10: 0.0481	 hit@1:0.015272	 hit@5:0.0567	 hit@10: 0.0941
target: 	 mrr: 0.074309	 ndcg_5: 0.0659	 ndcg_10: 0.0817	 hit@1:0.033028	 hit@5:0.0980	 hit@10: 0.1472
epoch 25: train_loss = 1.171797, source_hit@10 = 0.0941, source_ndcg@10 = 0.0481, target_hit@10 = 0.1472, target_ndcg@10 = 0.0817

2024-08-04 15:54:17.453481: step 24622/75760 (epoch 26/80), loss = 1.169663 (680.592 sec/epoch), lr: 0.002654
Evaluating on dev set...
.......................................................................................................................................................................................................................
source: 	 mrr: 0.071805	 ndcg_5: 0.0629	 ndcg_10: 0.0806	 hit@1:0.027583	 hit@5:0.0977	 hit@10: 0.1529
target: 	 mrr: 0.087787	 ndcg_5: 0.0792	 ndcg_10: 0.0972	 hit@1:0.040661	 hit@5:0.1174	 hit@10: 0.1736
target best!
......................................................................................................................................................target: 	 mrr: 0.085813	 ndcg_5: 0.0764	 ndcg_10: 0.0952	 hit@1:0.038464	 hit@5:0.1132	 hit@10: 0.1712
epoch 26: train_loss = 1.169663, source_hit@10 = 0.1529, source_ndcg@10 = 0.0806, target_hit@10 = 0.1712, target_ndcg@10 = 0.0952

2024-08-04 16:05:44.946659: step 25569/75760 (epoch 27/80), loss = 1.166918 (679.499 sec/epoch), lr: 0.002654
Evaluating on dev set...
.......................................................................................................................................................................................................................
source: 	 mrr: 0.069519	 ndcg_5: 0.0613	 ndcg_10: 0.0793	 hit@1:0.025557	 hit@5:0.0966	 hit@10: 0.1526
target: 	 mrr: 0.069527	 ndcg_5: 0.0600	 ndcg_10: 0.0794	 hit@1:0.023620	 hit@5:0.0968	 hit@10: 0.1572
epoch 27: train_loss = 1.166918, source_hit@10 = 0.1526, source_ndcg@10 = 0.0793, target_hit@10 = 0.1572, target_ndcg@10 = 0.0794

2024-08-04 16:17:10.302763: step 26516/75760 (epoch 28/80), loss = 1.163522 (680.436 sec/epoch), lr: 0.002521
Evaluating on dev set...
.......................................................................................................................................................................................................................
source: 	 mrr: 0.073434	 ndcg_5: 0.0650	 ndcg_10: 0.0825	 hit@1:0.030076	 hit@5:0.0991	 hit@10: 0.1535
target: 	 mrr: 0.030862	 ndcg_5: 0.0246	 ndcg_10: 0.0299	 hit@1:0.011448	 hit@5:0.0371	 hit@10: 0.0535
epoch 28: train_loss = 1.163522, source_hit@10 = 0.1535, source_ndcg@10 = 0.0825, target_hit@10 = 0.0535, target_ndcg@10 = 0.0299

2024-08-04 16:28:35.514305: step 27463/75760 (epoch 29/80), loss = 1.160208 (680.373 sec/epoch), lr: 0.002395
Evaluating on dev set...
.......................................................................................................................................................................................................................
source: 	 mrr: 0.022565	 ndcg_5: 0.0176	 ndcg_10: 0.0227	 hit@1:0.007480	 hit@5:0.0279	 hit@10: 0.0438
target: 	 mrr: 0.075902	 ndcg_5: 0.0670	 ndcg_10: 0.0872	 hit@1:0.028620	 hit@5:0.1054	 hit@10: 0.1683
epoch 29: train_loss = 1.160208, source_hit@10 = 0.0438, source_ndcg@10 = 0.0227, target_hit@10 = 0.1683, target_ndcg@10 = 0.0872

2024-08-04 16:39:57.978441: step 28410/75760 (epoch 30/80), loss = 1.156157 (677.787 sec/epoch), lr: 0.002275
Evaluating on dev set...
.......................................................................................................................................................................................................................
source: 	 mrr: 0.057030	 ndcg_5: 0.0485	 ndcg_10: 0.0631	 hit@1:0.020259	 hit@5:0.0765	 hit@10: 0.1217
target: 	 mrr: 0.068975	 ndcg_5: 0.0593	 ndcg_10: 0.0763	 hit@1:0.026449	 hit@5:0.0915	 hit@10: 0.1442
epoch 30: train_loss = 1.156157, source_hit@10 = 0.1217, source_ndcg@10 = 0.0631, target_hit@10 = 0.1442, target_ndcg@10 = 0.0763

2024-08-04 16:51:21.055197: step 29357/75760 (epoch 31/80), loss = 1.155038 (677.688 sec/epoch), lr: 0.002275
Evaluating on dev set...
.......................................................................................................................................................................................................................
source: 	 mrr: 0.026856	 ndcg_5: 0.0205	 ndcg_10: 0.0278	 hit@1:0.009818	 hit@5:0.0316	 hit@10: 0.0545
target: 	 mrr: 0.030062	 ndcg_5: 0.0231	 ndcg_10: 0.0303	 hit@1:0.010264	 hit@5:0.0356	 hit@10: 0.0582
epoch 31: train_loss = 1.155038, source_hit@10 = 0.0545, source_ndcg@10 = 0.0278, target_hit@10 = 0.0582, target_ndcg@10 = 0.0303

2024-08-04 17:02:44.179134: step 30304/75760 (epoch 32/80), loss = 1.149187 (678.346 sec/epoch), lr: 0.002161
Evaluating on dev set...
.......................................................................................................................................................................................................................
source: 	 mrr: 0.056176	 ndcg_5: 0.0478	 ndcg_10: 0.0637	 hit@1:0.018233	 hit@5:0.0782	 hit@10: 0.1273
target: 	 mrr: 0.087044	 ndcg_5: 0.0802	 ndcg_10: 0.0972	 hit@1:0.037897	 hit@5:0.1213	 hit@10: 0.1742
epoch 32: train_loss = 1.149187, source_hit@10 = 0.1273, source_ndcg@10 = 0.0637, target_hit@10 = 0.1742, target_ndcg@10 = 0.0972

2024-08-04 17:14:03.533456: step 31251/75760 (epoch 33/80), loss = 1.148799 (674.291 sec/epoch), lr: 0.002161
Evaluating on dev set...
.......................................................................................................................................................................................................................
source: 	 mrr: 0.056263	 ndcg_5: 0.0452	 ndcg_10: 0.0621	 hit@1:0.019168	 hit@5:0.0725	 hit@10: 0.1248
target: 	 mrr: 0.068108	 ndcg_5: 0.0572	 ndcg_10: 0.0770	 hit@1:0.024146	 hit@5:0.0897	 hit@10: 0.1515
epoch 33: train_loss = 1.148799, source_hit@10 = 0.1248, source_ndcg@10 = 0.0621, target_hit@10 = 0.1515, target_ndcg@10 = 0.0770

2024-08-04 17:25:23.630164: step 32198/75760 (epoch 34/80), loss = 1.144319 (675.390 sec/epoch), lr: 0.002053
Evaluating on dev set...
.......................................................................................................................................................................................................................
source: 	 mrr: 0.029568	 ndcg_5: 0.0241	 ndcg_10: 0.0309	 hit@1:0.009974	 hit@5:0.0380	 hit@10: 0.0591
target: 	 mrr: 0.084644	 ndcg_5: 0.0753	 ndcg_10: 0.0947	 hit@1:0.036845	 hit@5:0.1134	 hit@10: 0.1738
epoch 34: train_loss = 1.144319, source_hit@10 = 0.0591, source_ndcg@10 = 0.0309, target_hit@10 = 0.1738, target_ndcg@10 = 0.0947

2024-08-04 17:36:46.204775: step 33145/75760 (epoch 35/80), loss = 1.139975 (677.408 sec/epoch), lr: 0.001951
Evaluating on dev set...
.......................................................................................................................................................................................................................
source: 	 mrr: 0.065640	 ndcg_5: 0.0554	 ndcg_10: 0.0730	 hit@1:0.023531	 hit@5:0.0873	 hit@10: 0.1421
target: 	 mrr: 0.050998	 ndcg_5: 0.0412	 ndcg_10: 0.0553	 hit@1:0.019212	 hit@5:0.0632	 hit@10: 0.1072
epoch 35: train_loss = 1.139975, source_hit@10 = 0.1421, source_ndcg@10 = 0.0730, target_hit@10 = 0.1072, target_ndcg@10 = 0.0553

2024-08-04 17:48:09.991049: step 34092/75760 (epoch 36/80), loss = 1.139323 (678.637 sec/epoch), lr: 0.001951
Evaluating on dev set...
.......................................................................................................................................................................................................................
source: 	 mrr: 0.065368	 ndcg_5: 0.0558	 ndcg_10: 0.0737	 hit@1:0.025245	 hit@5:0.0874	 hit@10: 0.1432
target: 	 mrr: 0.051527	 ndcg_5: 0.0427	 ndcg_10: 0.0542	 hit@1:0.019146	 hit@5:0.0659	 hit@10: 0.1016
epoch 36: train_loss = 1.139323, source_hit@10 = 0.1432, source_ndcg@10 = 0.0737, target_hit@10 = 0.1016, target_ndcg@10 = 0.0542

2024-08-04 17:59:33.733152: step 35039/75760 (epoch 37/80), loss = 1.135137 (678.781 sec/epoch), lr: 0.001951
Evaluating on dev set...
.......................................................................................................................................................................................................................
source: 	 mrr: 0.066202	 ndcg_5: 0.0570	 ndcg_10: 0.0746	 hit@1:0.023843	 hit@5:0.0896	 hit@10: 0.1441
target: 	 mrr: 0.089517	 ndcg_5: 0.0808	 ndcg_10: 0.0988	 hit@1:0.042240	 hit@5:0.1180	 hit@10: 0.1741
target best!
......................................................................................................................................................target: 	 mrr: 0.092332	 ndcg_5: 0.0831	 ndcg_10: 0.1019	 hit@1:0.044443	 hit@5:0.1200	 hit@10: 0.1785
epoch 37: train_loss = 1.135137, source_hit@10 = 0.1441, source_ndcg@10 = 0.0746, target_hit@10 = 0.1785, target_ndcg@10 = 0.1019

2024-08-04 18:11:00.942108: step 35986/75760 (epoch 38/80), loss = 1.131437 (678.726 sec/epoch), lr: 0.001951
Evaluating on dev set...
.......................................................................................................................................................................................................................
source: 	 mrr: 0.061024	 ndcg_5: 0.0517	 ndcg_10: 0.0681	 hit@1:0.022596	 hit@5:0.0812	 hit@10: 0.1317
target: 	 mrr: 0.092285	 ndcg_5: 0.0840	 ndcg_10: 0.1023	 hit@1:0.044477	 hit@5:0.1234	 hit@10: 0.1805
target best!
......................................................................................................................................................target: 	 mrr: 0.092607	 ndcg_5: 0.0841	 ndcg_10: 0.1024	 hit@1:0.043181	 hit@5:0.1233	 hit@10: 0.1802
epoch 38: train_loss = 1.131437, source_hit@10 = 0.1317, source_ndcg@10 = 0.0681, target_hit@10 = 0.1802, target_ndcg@10 = 0.1024

2024-08-04 18:22:26.292569: step 36933/75760 (epoch 39/80), loss = 1.122985 (676.719 sec/epoch), lr: 0.001853
Evaluating on dev set...
.......................................................................................................................................................................................................................
source: 	 mrr: 0.075043	 ndcg_5: 0.0677	 ndcg_10: 0.0858	 hit@1:0.029297	 hit@5:0.1066	 hit@10: 0.1627
target: 	 mrr: 0.078313	 ndcg_5: 0.0698	 ndcg_10: 0.0865	 hit@1:0.035200	 hit@5:0.1038	 hit@10: 0.1559
source best!
...............................................................
source: 	 mrr: 0.077076	 ndcg_5: 0.0672	 ndcg_10: 0.0873	 hit@1:0.031636	 hit@5:0.1020	 hit@10: 0.1650
epoch 39: train_loss = 1.122985, source_hit@10 = 0.1650, source_ndcg@10 = 0.0873, target_hit@10 = 0.1559, target_ndcg@10 = 0.0865

2024-08-04 18:33:50.902688: step 37880/75760 (epoch 40/80), loss = 1.118885 (678.071 sec/epoch), lr: 0.001853
Evaluating on dev set...
.......................................................................................................................................................................................................................
source: 	 mrr: 0.033238	 ndcg_5: 0.0256	 ndcg_10: 0.0374	 hit@1:0.008571	 hit@5:0.0436	 hit@10: 0.0804
target: 	 mrr: 0.087005	 ndcg_5: 0.0781	 ndcg_10: 0.0973	 hit@1:0.039082	 hit@5:0.1165	 hit@10: 0.1760
epoch 40: train_loss = 1.118885, source_hit@10 = 0.0804, source_ndcg@10 = 0.0374, target_hit@10 = 0.1760, target_ndcg@10 = 0.0973
shift to transfer learning mode

2024-08-04 18:45:19.705321: step 38827/75760 (epoch 41/80), loss = 1.113499 (684.020 sec/epoch), lr: 0.001761
Evaluating on dev set...
.......................................................................................................................................................................................................................
source: 	 mrr: 0.031109	 ndcg_5: 0.0245	 ndcg_10: 0.0313	 hit@1:0.008415	 hit@5:0.0413	 hit@10: 0.0625
target: 	 mrr: 0.089164	 ndcg_5: 0.0803	 ndcg_10: 0.0994	 hit@1:0.041713	 hit@5:0.1178	 hit@10: 0.1771
epoch 41: train_loss = 1.113499, source_hit@10 = 0.0625, source_ndcg@10 = 0.0313, target_hit@10 = 0.1771, target_ndcg@10 = 0.0994

2024-08-04 18:56:52.031339: step 39774/75760 (epoch 42/80), loss = 1.111153 (687.248 sec/epoch), lr: 0.001761
Evaluating on dev set...
.......................................................................................................................................................................................................................
source: 	 mrr: 0.074636	 ndcg_5: 0.0653	 ndcg_10: 0.0843	 hit@1:0.028830	 hit@5:0.1008	 hit@10: 0.1600
target: 	 mrr: 0.071709	 ndcg_5: 0.0623	 ndcg_10: 0.0793	 hit@1:0.030528	 hit@5:0.0940	 hit@10: 0.1469
epoch 42: train_loss = 1.111153, source_hit@10 = 0.1600, source_ndcg@10 = 0.0843, target_hit@10 = 0.1469, target_ndcg@10 = 0.0793

2024-08-04 19:08:21.087478: step 40721/75760 (epoch 43/80), loss = 1.108979 (683.882 sec/epoch), lr: 0.001761
Evaluating on dev set...
.......................................................................................................................................................................................................................
source: 	 mrr: 0.071075	 ndcg_5: 0.0623	 ndcg_10: 0.0813	 hit@1:0.025557	 hit@5:0.0990	 hit@10: 0.1577
target: 	 mrr: 0.074377	 ndcg_5: 0.0660	 ndcg_10: 0.0820	 hit@1:0.032173	 hit@5:0.0992	 hit@10: 0.1492
epoch 43: train_loss = 1.108979, source_hit@10 = 0.1577, source_ndcg@10 = 0.0813, target_hit@10 = 0.1492, target_ndcg@10 = 0.0820

2024-08-04 19:19:51.308477: step 41668/75760 (epoch 44/80), loss = 1.105457 (685.533 sec/epoch), lr: 0.001672
Evaluating on dev set...
.......................................................................................................................................................................................................................
source: 	 mrr: 0.044779	 ndcg_5: 0.0339	 ndcg_10: 0.0488	 hit@1:0.014337	 hit@5:0.0542	 hit@10: 0.1013
target: 	 mrr: 0.092796	 ndcg_5: 0.0836	 ndcg_10: 0.1033	 hit@1:0.043292	 hit@5:0.1223	 hit@10: 0.1838
target best!
......................................................................................................................................................target: 	 mrr: 0.094333	 ndcg_5: 0.0859	 ndcg_10: 0.1057	 hit@1:0.044443	 hit@5:0.1265	 hit@10: 0.1879
epoch 44: train_loss = 1.105457, source_hit@10 = 0.1013, source_ndcg@10 = 0.0488, target_hit@10 = 0.1879, target_ndcg@10 = 0.1057

2024-08-04 19:31:23.269405: step 42615/75760 (epoch 45/80), loss = 1.101962 (682.972 sec/epoch), lr: 0.001589
Evaluating on dev set...
.......................................................................................................................................................................................................................
source: 	 mrr: 0.019134	 ndcg_5: 0.0146	 ndcg_10: 0.0183	 hit@1:0.007324	 hit@5:0.0215	 hit@10: 0.0332
target: 	 mrr: 0.093618	 ndcg_5: 0.0844	 ndcg_10: 0.1045	 hit@1:0.044740	 hit@5:0.1240	 hit@10: 0.1865
target best!
......................................................................................................................................................target: 	 mrr: 0.096809	 ndcg_5: 0.0875	 ndcg_10: 0.1076	 hit@1:0.046967	 hit@5:0.1264	 hit@10: 0.1889
epoch 45: train_loss = 1.101962, source_hit@10 = 0.0332, source_ndcg@10 = 0.0183, target_hit@10 = 0.1889, target_ndcg@10 = 0.1076

2024-08-04 19:42:54.383486: step 43562/75760 (epoch 46/80), loss = 1.096847 (682.071 sec/epoch), lr: 0.001509
Evaluating on dev set...
.......................................................................................................................................................................................................................
source: 	 mrr: 0.075647	 ndcg_5: 0.0680	 ndcg_10: 0.0850	 hit@1:0.030232	 hit@5:0.1049	 hit@10: 0.1579
target: 	 mrr: 0.071551	 ndcg_5: 0.0612	 ndcg_10: 0.0786	 hit@1:0.029212	 hit@5:0.0930	 hit@10: 0.1470
source best!
...............................................................
source: 	 mrr: 0.075247	 ndcg_5: 0.0661	 ndcg_10: 0.0857	 hit@1:0.028947	 hit@5:0.1027	 hit@10: 0.1634
epoch 46: train_loss = 1.096847, source_hit@10 = 0.1634, source_ndcg@10 = 0.0857, target_hit@10 = 0.1470, target_ndcg@10 = 0.0786

2024-08-04 19:54:24.233165: step 44509/75760 (epoch 47/80), loss = 1.094355 (683.535 sec/epoch), lr: 0.001509
Evaluating on dev set...
.......................................................................................................................................................................................................................
source: 	 mrr: 0.028888	 ndcg_5: 0.0235	 ndcg_10: 0.0305	 hit@1:0.008259	 hit@5:0.0383	 hit@10: 0.0603
target: 	 mrr: 0.084444	 ndcg_5: 0.0765	 ndcg_10: 0.0946	 hit@1:0.036910	 hit@5:0.1152	 hit@10: 0.1709
epoch 47: train_loss = 1.094355, source_hit@10 = 0.0603, source_ndcg@10 = 0.0305, target_hit@10 = 0.1709, target_ndcg@10 = 0.0946

2024-08-04 20:05:52.813404: step 45456/75760 (epoch 48/80), loss = 1.089361 (683.491 sec/epoch), lr: 0.001434
Evaluating on dev set...
.......................................................................................................................................................................................................................
source: 	 mrr: 0.051482	 ndcg_5: 0.0409	 ndcg_10: 0.0575	 hit@1:0.017454	 hit@5:0.0658	 hit@10: 0.1177
target: 	 mrr: 0.087142	 ndcg_5: 0.0777	 ndcg_10: 0.0973	 hit@1:0.039147	 hit@5:0.1161	 hit@10: 0.1773
epoch 48: train_loss = 1.089361, source_hit@10 = 0.1177, source_ndcg@10 = 0.0575, target_hit@10 = 0.1773, target_ndcg@10 = 0.0973

2024-08-04 20:17:26.887428: step 46403/75760 (epoch 49/80), loss = 1.086502 (689.176 sec/epoch), lr: 0.001434
Evaluating on dev set...
.......................................................................................................................................................................................................................
source: 	 mrr: 0.029270	 ndcg_5: 0.0232	 ndcg_10: 0.0298	 hit@1:0.009350	 hit@5:0.0362	 hit@10: 0.0570
target: 	 mrr: 0.092340	 ndcg_5: 0.0831	 ndcg_10: 0.1027	 hit@1:0.043095	 hit@5:0.1215	 hit@10: 0.1824
epoch 49: train_loss = 1.086502, source_hit@10 = 0.0570, source_ndcg@10 = 0.0298, target_hit@10 = 0.1824, target_ndcg@10 = 0.1027

2024-08-04 20:28:56.945215: step 47350/75760 (epoch 50/80), loss = 1.083574 (684.693 sec/epoch), lr: 0.001362
Evaluating on dev set...
.......................................................................................................................................................................................................................
source: 	 mrr: 0.082497	 ndcg_5: 0.0746	 ndcg_10: 0.0934	 hit@1:0.035531	 hit@5:0.1138	 hit@10: 0.1725
target: 	 mrr: 0.087476	 ndcg_5: 0.0785	 ndcg_10: 0.0979	 hit@1:0.039279	 hit@5:0.1173	 hit@10: 0.1776
source best!
...............................................................
source: 	 mrr: 0.084692	 ndcg_5: 0.0754	 ndcg_10: 0.0970	 hit@1:0.036065	 hit@5:0.1148	 hit@10: 0.1821
epoch 50: train_loss = 1.083574, source_hit@10 = 0.1821, source_ndcg@10 = 0.0970, target_hit@10 = 0.1776, target_ndcg@10 = 0.0979
new best model saved.

2024-08-04 20:40:31.263609: step 48297/75760 (epoch 51/80), loss = 1.082574 (687.973 sec/epoch), lr: 0.001362
Evaluating on dev set...
.......................................................................................................................................................................................................................
source: 	 mrr: 0.053668	 ndcg_5: 0.0426	 ndcg_10: 0.0613	 hit@1:0.017142	 hit@5:0.0693	 hit@10: 0.1276
target: 	 mrr: 0.089167	 ndcg_5: 0.0809	 ndcg_10: 0.0995	 hit@1:0.039805	 hit@5:0.1207	 hit@10: 0.1784
epoch 51: train_loss = 1.082574, source_hit@10 = 0.1276, source_ndcg@10 = 0.0613, target_hit@10 = 0.1784, target_ndcg@10 = 0.0995

2024-08-04 20:52:04.362875: step 49244/75760 (epoch 52/80), loss = 1.078359 (687.633 sec/epoch), lr: 0.001294
Evaluating on dev set...
.......................................................................................................................................................................................................................
source: 	 mrr: 0.071040	 ndcg_5: 0.0615	 ndcg_10: 0.0798	 hit@1:0.025713	 hit@5:0.0958	 hit@10: 0.1529
target: 	 mrr: 0.085226	 ndcg_5: 0.0761	 ndcg_10: 0.0944	 hit@1:0.037831	 hit@5:0.1138	 hit@10: 0.1708
epoch 52: train_loss = 1.078359, source_hit@10 = 0.1529, source_ndcg@10 = 0.0798, target_hit@10 = 0.1708, target_ndcg@10 = 0.0944

2024-08-04 21:03:38.006664: step 50191/75760 (epoch 53/80), loss = 1.077105 (688.580 sec/epoch), lr: 0.001294
Evaluating on dev set...
.......................................................................................................................................................................................................................
source: 	 mrr: 0.081860	 ndcg_5: 0.0726	 ndcg_10: 0.0917	 hit@1:0.036154	 hit@5:0.1080	 hit@10: 0.1669
target: 	 mrr: 0.085813	 ndcg_5: 0.0774	 ndcg_10: 0.0964	 hit@1:0.037305	 hit@5:0.1170	 hit@10: 0.1761
epoch 53: train_loss = 1.077105, source_hit@10 = 0.1669, source_ndcg@10 = 0.0917, target_hit@10 = 0.1761, target_ndcg@10 = 0.0964

2024-08-04 21:15:10.365222: step 51138/75760 (epoch 54/80), loss = 1.076603 (687.280 sec/epoch), lr: 0.001294
Evaluating on dev set...
.......................................................................................................................................................................................................................
source: 	 mrr: 0.055865	 ndcg_5: 0.0465	 ndcg_10: 0.0629	 hit@1:0.019012	 hit@5:0.0756	 hit@10: 0.1267
target: 	 mrr: 0.071846	 ndcg_5: 0.0627	 ndcg_10: 0.0794	 hit@1:0.030134	 hit@5:0.0947	 hit@10: 0.1468
epoch 54: train_loss = 1.076603, source_hit@10 = 0.1267, source_ndcg@10 = 0.0629, target_hit@10 = 0.1468, target_ndcg@10 = 0.0794

2024-08-04 21:26:44.670408: step 52085/75760 (epoch 55/80), loss = 1.071181 (689.096 sec/epoch), lr: 0.001229
Evaluating on dev set...
.......................................................................................................................................................................................................................
source: 	 mrr: 0.051936	 ndcg_5: 0.0418	 ndcg_10: 0.0578	 hit@1:0.016986	 hit@5:0.0672	 hit@10: 0.1167
target: 	 mrr: 0.092771	 ndcg_5: 0.0848	 ndcg_10: 0.1024	 hit@1:0.044279	 hit@5:0.1243	 hit@10: 0.1792
epoch 55: train_loss = 1.071181, source_hit@10 = 0.1167, source_ndcg@10 = 0.0578, target_hit@10 = 0.1792, target_ndcg@10 = 0.1024

2024-08-04 21:38:15.987360: step 53032/75760 (epoch 56/80), loss = 1.070200 (686.177 sec/epoch), lr: 0.001229
Evaluating on dev set...
.......................................................................................................................................................................................................................
source: 	 mrr: 0.041023	 ndcg_5: 0.0327	 ndcg_10: 0.0434	 hit@1:0.013246	 hit@5:0.0525	 hit@10: 0.0860
target: 	 mrr: 0.095940	 ndcg_5: 0.0867	 ndcg_10: 0.1079	 hit@1:0.046121	 hit@5:0.1266	 hit@10: 0.1926
target best!
......................................................................................................................................................target: 	 mrr: 0.096514	 ndcg_5: 0.0885	 ndcg_10: 0.1080	 hit@1:0.045307	 hit@5:0.1305	 hit@10: 0.1911
epoch 56: train_loss = 1.070200, source_hit@10 = 0.0860, source_ndcg@10 = 0.0434, target_hit@10 = 0.1911, target_ndcg@10 = 0.1080

2024-08-04 21:49:53.285641: step 53979/75760 (epoch 57/80), loss = 1.065962 (688.246 sec/epoch), lr: 0.001168
Evaluating on dev set...
.......................................................................................................................................................................................................................
source: 	 mrr: 0.067842	 ndcg_5: 0.0598	 ndcg_10: 0.0777	 hit@1:0.024466	 hit@5:0.0955	 hit@10: 0.1510
target: 	 mrr: 0.080729	 ndcg_5: 0.0724	 ndcg_10: 0.0902	 hit@1:0.033292	 hit@5:0.1101	 hit@10: 0.1657
epoch 57: train_loss = 1.065962, source_hit@10 = 0.1510, source_ndcg@10 = 0.0777, target_hit@10 = 0.1657, target_ndcg@10 = 0.0902

2024-08-04 22:01:25.566865: step 54926/75760 (epoch 58/80), loss = 1.064186 (686.759 sec/epoch), lr: 0.001168
Evaluating on dev set...
.......................................................................................................................................................................................................................
source: 	 mrr: 0.058361	 ndcg_5: 0.0507	 ndcg_10: 0.0673	 hit@1:0.018544	 hit@5:0.0829	 hit@10: 0.1348
target: 	 mrr: 0.092573	 ndcg_5: 0.0833	 ndcg_10: 0.1025	 hit@1:0.042963	 hit@5:0.1221	 hit@10: 0.1819
epoch 58: train_loss = 1.064186, source_hit@10 = 0.1348, source_ndcg@10 = 0.0673, target_hit@10 = 0.1819, target_ndcg@10 = 0.1025

2024-08-04 22:12:56.887621: step 55873/75760 (epoch 59/80), loss = 1.063110 (686.053 sec/epoch), lr: 0.001168
Evaluating on dev set...
.......................................................................................................................................................................................................................
source: 	 mrr: 0.069649	 ndcg_5: 0.0609	 ndcg_10: 0.0779	 hit@1:0.028362	 hit@5:0.0921	 hit@10: 0.1449
target: 	 mrr: 0.090152	 ndcg_5: 0.0814	 ndcg_10: 0.1009	 hit@1:0.041713	 hit@5:0.1205	 hit@10: 0.1813
epoch 59: train_loss = 1.063110, source_hit@10 = 0.1449, source_ndcg@10 = 0.0779, target_hit@10 = 0.1813, target_ndcg@10 = 0.1009

2024-08-04 22:24:27.580930: step 56820/75760 (epoch 60/80), loss = 1.063212 (685.651 sec/epoch), lr: 0.001168
Evaluating on dev set...
.......................................................................................................................................................................................................................
source: 	 mrr: 0.072714	 ndcg_5: 0.0637	 ndcg_10: 0.0824	 hit@1:0.029297	 hit@5:0.0971	 hit@10: 0.1552
target: 	 mrr: 0.089675	 ndcg_5: 0.0798	 ndcg_10: 0.1001	 hit@1:0.041253	 hit@5:0.1170	 hit@10: 0.1804
epoch 60: train_loss = 1.063212, source_hit@10 = 0.1552, source_ndcg@10 = 0.0824, target_hit@10 = 0.1804, target_ndcg@10 = 0.1001

2024-08-04 22:35:56.310988: step 57767/75760 (epoch 61/80), loss = 1.060873 (683.596 sec/epoch), lr: 0.001168
Evaluating on dev set...
.......................................................................................................................................................................................................................
source: 	 mrr: 0.033830	 ndcg_5: 0.0252	 ndcg_10: 0.0349	 hit@1:0.011064	 hit@5:0.0391	 hit@10: 0.0692
target: 	 mrr: 0.081683	 ndcg_5: 0.0715	 ndcg_10: 0.0913	 hit@1:0.034213	 hit@5:0.1080	 hit@10: 0.1694
epoch 61: train_loss = 1.060873, source_hit@10 = 0.0692, source_ndcg@10 = 0.0349, target_hit@10 = 0.1694, target_ndcg@10 = 0.0913

2024-08-04 22:47:23.970987: step 58714/75760 (epoch 62/80), loss = 1.059001 (682.668 sec/epoch), lr: 0.001110
Evaluating on dev set...
.......................................................................................................................................................................................................................
source: 	 mrr: 0.080929	 ndcg_5: 0.0727	 ndcg_10: 0.0921	 hit@1:0.034907	 hit@5:0.1096	 hit@10: 0.1699
target: 	 mrr: 0.065682	 ndcg_5: 0.0558	 ndcg_10: 0.0718	 hit@1:0.025725	 hit@5:0.0858	 hit@10: 0.1357
epoch 62: train_loss = 1.059001, source_hit@10 = 0.1699, source_ndcg@10 = 0.0921, target_hit@10 = 0.1357, target_ndcg@10 = 0.0718

2024-08-04 22:58:52.434205: step 59661/75760 (epoch 63/80), loss = 1.056481 (683.535 sec/epoch), lr: 0.001110
Evaluating on dev set...
.......................................................................................................................................................................................................................
source: 	 mrr: 0.062254	 ndcg_5: 0.0544	 ndcg_10: 0.0706	 hit@1:0.021661	 hit@5:0.0866	 hit@10: 0.1374
target: 	 mrr: 0.082506	 ndcg_5: 0.0726	 ndcg_10: 0.0923	 hit@1:0.036187	 hit@5:0.1088	 hit@10: 0.1700
epoch 63: train_loss = 1.056481, source_hit@10 = 0.1374, source_ndcg@10 = 0.0706, target_hit@10 = 0.1700, target_ndcg@10 = 0.0923

2024-08-04 23:10:20.545218: step 60608/75760 (epoch 64/80), loss = 1.053682 (682.673 sec/epoch), lr: 0.001054
Evaluating on dev set...
.......................................................................................................................................................................................................................
source: 	 mrr: 0.067226	 ndcg_5: 0.0579	 ndcg_10: 0.0746	 hit@1:0.024934	 hit@5:0.0909	 hit@10: 0.1431
target: 	 mrr: 0.081783	 ndcg_5: 0.0721	 ndcg_10: 0.0913	 hit@1:0.035068	 hit@5:0.1089	 hit@10: 0.1687
epoch 64: train_loss = 1.053682, source_hit@10 = 0.1431, source_ndcg@10 = 0.0746, target_hit@10 = 0.1687, target_ndcg@10 = 0.0913

2024-08-04 23:21:49.992378: step 61555/75760 (epoch 65/80), loss = 1.053540 (683.955 sec/epoch), lr: 0.001054
Evaluating on dev set...
.......................................................................................................................................................................................................................
source: 	 mrr: 0.050917	 ndcg_5: 0.0425	 ndcg_10: 0.0576	 hit@1:0.016051	 hit@5:0.0690	 hit@10: 0.1164
target: 	 mrr: 0.089651	 ndcg_5: 0.0798	 ndcg_10: 0.1006	 hit@1:0.040726	 hit@5:0.1184	 hit@10: 0.1830
epoch 65: train_loss = 1.053540, source_hit@10 = 0.1164, source_ndcg@10 = 0.0576, target_hit@10 = 0.1830, target_ndcg@10 = 0.1006

2024-08-04 23:33:17.818632: step 62502/75760 (epoch 66/80), loss = 1.049354 (683.009 sec/epoch), lr: 0.001001
Evaluating on dev set...
.......................................................................................................................................................................................................................
source: 	 mrr: 0.074436	 ndcg_5: 0.0672	 ndcg_10: 0.0842	 hit@1:0.030232	 hit@5:0.1041	 hit@10: 0.1569
target: 	 mrr: 0.095167	 ndcg_5: 0.0864	 ndcg_10: 0.1064	 hit@1:0.044740	 hit@5:0.1269	 hit@10: 0.1890
epoch 66: train_loss = 1.049354, source_hit@10 = 0.1569, source_ndcg@10 = 0.0842, target_hit@10 = 0.1890, target_ndcg@10 = 0.1064

2024-08-04 23:44:44.929760: step 63449/75760 (epoch 67/80), loss = 1.047492 (682.117 sec/epoch), lr: 0.001001
Evaluating on dev set...
.......................................................................................................................................................................................................................
source: 	 mrr: 0.063126	 ndcg_5: 0.0545	 ndcg_10: 0.0709	 hit@1:0.022440	 hit@5:0.0863	 hit@10: 0.1376
target: 	 mrr: 0.083696	 ndcg_5: 0.0734	 ndcg_10: 0.0921	 hit@1:0.038489	 hit@5:0.1077	 hit@10: 0.1660
epoch 67: train_loss = 1.047492, source_hit@10 = 0.1376, source_ndcg@10 = 0.0709, target_hit@10 = 0.1660, target_ndcg@10 = 0.0921

2024-08-04 23:56:12.128449: step 64396/75760 (epoch 68/80), loss = 1.044002 (682.026 sec/epoch), lr: 0.000951
Evaluating on dev set...
.......................................................................................................................................................................................................................
source: 	 mrr: 0.076716	 ndcg_5: 0.0672	 ndcg_10: 0.0869	 hit@1:0.031946	 hit@5:0.1011	 hit@10: 0.1624
target: 	 mrr: 0.088694	 ndcg_5: 0.0804	 ndcg_10: 0.0984	 hit@1:0.040595	 hit@5:0.1197	 hit@10: 0.1757
epoch 68: train_loss = 1.044002, source_hit@10 = 0.1624, source_ndcg@10 = 0.0869, target_hit@10 = 0.1757, target_ndcg@10 = 0.0984

2024-08-05 00:07:40.495068: step 65343/75760 (epoch 69/80), loss = 1.041062 (683.262 sec/epoch), lr: 0.000951
Evaluating on dev set...
.......................................................................................................................................................................................................................
source: 	 mrr: 0.040090	 ndcg_5: 0.0321	 ndcg_10: 0.0431	 hit@1:0.012934	 hit@5:0.0513	 hit@10: 0.0857
target: 	 mrr: 0.073210	 ndcg_5: 0.0626	 ndcg_10: 0.0810	 hit@1:0.030463	 hit@5:0.0942	 hit@10: 0.1515
epoch 69: train_loss = 1.041062, source_hit@10 = 0.0857, source_ndcg@10 = 0.0431, target_hit@10 = 0.1515, target_ndcg@10 = 0.0810

2024-08-05 00:19:12.047179: step 66290/75760 (epoch 70/80), loss = 1.035195 (686.112 sec/epoch), lr: 0.000904
Evaluating on dev set...
.......................................................................................................................................................................................................................
source: 	 mrr: 0.083507	 ndcg_5: 0.0759	 ndcg_10: 0.0941	 hit@1:0.035063	 hit@5:0.1161	 hit@10: 0.1725
target: 	 mrr: 0.092852	 ndcg_5: 0.0844	 ndcg_10: 0.1036	 hit@1:0.042898	 hit@5:0.1256	 hit@10: 0.1854
source best!
...............................................................
source: 	 mrr: 0.083340	 ndcg_5: 0.0753	 ndcg_10: 0.0953	 hit@1:0.033534	 hit@5:0.1161	 hit@10: 0.1783
epoch 70: train_loss = 1.035195, source_hit@10 = 0.1783, source_ndcg@10 = 0.0953, target_hit@10 = 0.1854, target_ndcg@10 = 0.1036

2024-08-05 00:30:41.793724: step 67237/75760 (epoch 71/80), loss = 1.032983 (682.921 sec/epoch), lr: 0.000904
Evaluating on dev set...
.......................................................................................................................................................................................................................
source: 	 mrr: 0.059255	 ndcg_5: 0.0523	 ndcg_10: 0.0680	 hit@1:0.021973	 hit@5:0.0827	 hit@10: 0.1317
target: 	 mrr: 0.075709	 ndcg_5: 0.0664	 ndcg_10: 0.0842	 hit@1:0.031515	 hit@5:0.1007	 hit@10: 0.1561
epoch 71: train_loss = 1.032983, source_hit@10 = 0.1317, source_ndcg@10 = 0.0680, target_hit@10 = 0.1561, target_ndcg@10 = 0.0842

2024-08-05 00:42:08.526199: step 68184/75760 (epoch 72/80), loss = 1.029722 (681.463 sec/epoch), lr: 0.000859
Evaluating on dev set...
.......................................................................................................................................................................................................................
source: 	 mrr: 0.082233	 ndcg_5: 0.0739	 ndcg_10: 0.0938	 hit@1:0.035063	 hit@5:0.1125	 hit@10: 0.1744
target: 	 mrr: 0.091480	 ndcg_5: 0.0824	 ndcg_10: 0.1019	 hit@1:0.041647	 hit@5:0.1224	 hit@10: 0.1829
epoch 72: train_loss = 1.029722, source_hit@10 = 0.1744, source_ndcg@10 = 0.0938, target_hit@10 = 0.1829, target_ndcg@10 = 0.1019

2024-08-05 00:53:35.361709: step 69131/75760 (epoch 73/80), loss = 1.027950 (681.753 sec/epoch), lr: 0.000859
Evaluating on dev set...
.......................................................................................................................................................................................................................
source: 	 mrr: 0.086021	 ndcg_5: 0.0777	 ndcg_10: 0.0970	 hit@1:0.037868	 hit@5:0.1169	 hit@10: 0.1769
target: 	 mrr: 0.074791	 ndcg_5: 0.0658	 ndcg_10: 0.0845	 hit@1:0.030463	 hit@5:0.1008	 hit@10: 0.1590
source best!
...............................................................
source: 	 mrr: 0.089302	 ndcg_5: 0.0807	 ndcg_10: 0.1011	 hit@1:0.038754	 hit@5:0.1208	 hit@10: 0.1846
epoch 73: train_loss = 1.027950, source_hit@10 = 0.1846, source_ndcg@10 = 0.1011, target_hit@10 = 0.1590, target_ndcg@10 = 0.0845

2024-08-05 01:05:01.763813: step 70078/75760 (epoch 74/80), loss = 1.022434 (680.200 sec/epoch), lr: 0.000816
Evaluating on dev set...
.......................................................................................................................................................................................................................
source: 	 mrr: 0.076943	 ndcg_5: 0.0694	 ndcg_10: 0.0870	 hit@1:0.030856	 hit@5:0.1066	 hit@10: 0.1613
target: 	 mrr: 0.087588	 ndcg_5: 0.0785	 ndcg_10: 0.0986	 hit@1:0.037963	 hit@5:0.1184	 hit@10: 0.1813
epoch 74: train_loss = 1.022434, source_hit@10 = 0.1613, source_ndcg@10 = 0.0870, target_hit@10 = 0.1813, target_ndcg@10 = 0.0986

2024-08-05 01:16:27.627261: step 71025/75760 (epoch 75/80), loss = 1.020825 (681.218 sec/epoch), lr: 0.000816
Evaluating on dev set...
.......................................................................................................................................................................................................................
source: 	 mrr: 0.070921	 ndcg_5: 0.0613	 ndcg_10: 0.0808	 hit@1:0.028362	 hit@5:0.0941	 hit@10: 0.1547
target: 	 mrr: 0.096774	 ndcg_5: 0.0877	 ndcg_10: 0.1082	 hit@1:0.045398	 hit@5:0.1287	 hit@10: 0.1928
target best!
......................................................................................................................................................target: 	 mrr: 0.099121	 ndcg_5: 0.0909	 ndcg_10: 0.1106	 hit@1:0.047300	 hit@5:0.1333	 hit@10: 0.1946
epoch 75: train_loss = 1.020825, source_hit@10 = 0.1547, source_ndcg@10 = 0.0808, target_hit@10 = 0.1946, target_ndcg@10 = 0.1106

2024-08-05 01:27:57.619151: step 71972/75760 (epoch 76/80), loss = 1.017066 (681.907 sec/epoch), lr: 0.000816
Evaluating on dev set...
.......................................................................................................................................................................................................................
source: 	 mrr: 0.078869	 ndcg_5: 0.0715	 ndcg_10: 0.0904	 hit@1:0.030076	 hit@5:0.1122	 hit@10: 0.1711
target: 	 mrr: 0.093480	 ndcg_5: 0.0852	 ndcg_10: 0.1052	 hit@1:0.042569	 hit@5:0.1275	 hit@10: 0.1896
epoch 76: train_loss = 1.017066, source_hit@10 = 0.1711, source_ndcg@10 = 0.0904, target_hit@10 = 0.1896, target_ndcg@10 = 0.1052

2024-08-05 01:39:23.355466: step 72919/75760 (epoch 77/80), loss = 1.016985 (680.879 sec/epoch), lr: 0.000816
Evaluating on dev set...
.......................................................................................................................................................................................................................
source: 	 mrr: 0.080229	 ndcg_5: 0.0715	 ndcg_10: 0.0899	 hit@1:0.035375	 hit@5:0.1075	 hit@10: 0.1644
target: 	 mrr: 0.081206	 ndcg_5: 0.0727	 ndcg_10: 0.0915	 hit@1:0.035660	 hit@5:0.1099	 hit@10: 0.1686
epoch 77: train_loss = 1.016985, source_hit@10 = 0.1644, source_ndcg@10 = 0.0899, target_hit@10 = 0.1686, target_ndcg@10 = 0.0915

2024-08-05 01:50:49.630641: step 73866/75760 (epoch 78/80), loss = 1.013308 (681.059 sec/epoch), lr: 0.000775
Evaluating on dev set...
.......................................................................................................................................................................................................................
source: 	 mrr: 0.087477	 ndcg_5: 0.0815	 ndcg_10: 0.0996	 hit@1:0.037712	 hit@5:0.1247	 hit@10: 0.1809
target: 	 mrr: 0.091965	 ndcg_5: 0.0833	 ndcg_10: 0.1025	 hit@1:0.041845	 hit@5:0.1240	 hit@10: 0.1836
source best!
...............................................................
source: 	 mrr: 0.090481	 ndcg_5: 0.0826	 ndcg_10: 0.1011	 hit@1:0.040810	 hit@5:0.1232	 hit@10: 0.1806
epoch 78: train_loss = 1.013308, source_hit@10 = 0.1806, source_ndcg@10 = 0.1011, target_hit@10 = 0.1836, target_ndcg@10 = 0.1025

2024-08-05 02:02:17.834825: step 74813/75760 (epoch 79/80), loss = 1.011243 (681.808 sec/epoch), lr: 0.000775
Evaluating on dev set...
.......................................................................................................................................................................................................................
source: 	 mrr: 0.070556	 ndcg_5: 0.0623	 ndcg_10: 0.0805	 hit@1:0.027583	 hit@5:0.0965	 hit@10: 0.1532
target: 	 mrr: 0.101186	 ndcg_5: 0.0914	 ndcg_10: 0.1127	 hit@1:0.049937	 hit@5:0.1317	 hit@10: 0.1983
target best!
......................................................................................................................................................target: 	 mrr: 0.100850	 ndcg_5: 0.0924	 ndcg_10: 0.1138	 hit@1:0.047300	 hit@5:0.1364	 hit@10: 0.2026
epoch 79: train_loss = 1.011243, source_hit@10 = 0.1532, source_ndcg@10 = 0.0805, target_hit@10 = 0.2026, target_ndcg@10 = 0.1138

2024-08-05 02:13:47.032115: step 75760/75760 (epoch 80/80), loss = 1.006419 (681.005 sec/epoch), lr: 0.000736
Evaluating on dev set...
.......................................................................................................................................................................................................................
source: 	 mrr: 0.077486	 ndcg_5: 0.0694	 ndcg_10: 0.0875	 hit@1:0.031167	 hit@5:0.1067	 hit@10: 0.1632
target: 	 mrr: 0.097519	 ndcg_5: 0.0883	 ndcg_10: 0.1103	 hit@1:0.045464	 hit@5:0.1301	 hit@10: 0.1985
epoch 80: train_loss = 1.006419, source_hit@10 = 0.1632, source_ndcg@10 = 0.0875, target_hit@10 = 0.1985, target_ndcg@10 = 0.1103

