nohup: ignoring input
using gpu:1 to train the model
using gpu:1 to train the model
cuda:1
Namespace(A_split=False, JK='sum', a_fold=100, aggregate=False, alpha=0.5, batch_size=1024, beta_inter=0.4, conv_layers=4, cuda=True, decay_epoch=10, device=device(type='cuda', index=1), device_id='1', domains='cell_electronic', dropout=0.5, epoch=80, feature_dim=126, hidden_dim=126, inter_tau=0.2, intra_tau=1, lambda_critic=0.4, leakey=0.05, load=False, log='logs.txt', log_epoch=1, lr=0.004, lr_decay=0.95, min_epoch=50, mode='train', model_file=None, model_name='ce', momentum=0.9, num_latent_factors=3, num_negative=100, optim='adam', patience=30, proj_layers=1, projection=1, residual=1, save=False, save_dir='./saved_models', seed=32, similarity_tau=0.1, test_sample_number=999, transfer_epoch=40, user_batch_size=256, weight_decay=0.0002)
number_user 27519
number_item 9481
/home/hourun/invariantCDR_v2/invariantCDR/utils/GraphMaker.py:45: RuntimeWarning: divide by zero encountered in power
  r_inv = np.power(rowsum, -1).flatten()
real graph loaded!
number_user 107984
number_item 40460
real graph loaded!
graph loaded!
Loading data from cell_electronic with batch size 1024...
unseen test: 0
test length: 6417
unseen test: 0
test length: 6322
unseen test: 0
test length: 15199
unseen test: 0
test length: 15053
source_user_num 27519
target_user_num 107984
source_item_num 9481
target_item_num 40460
shared users id: 16337
test users 2049, 2042
unseen test: 0
dev length: 1000
unseen test: 0
dev length: 1000
source train data : 148271, target train data: 821301, source test data : 6322, target test data : 15053, source dev data : 1000, target dev data : 1000
2024-08-03 19:21:21.702802: step 947/75760 (epoch 1/80), loss = 1.378014 (250.645 sec/epoch), lr: 0.004000
Evaluating on dev set...
.......................................................................................................................................................................................................................
source: 	 mrr: 0.063725	 ndcg_5: 0.0532	 ndcg_10: 0.0723	 hit@1:0.023843	 hit@5:0.0832	 hit@10: 0.1429
target: 	 mrr: 0.063224	 ndcg_5: 0.0535	 ndcg_10: 0.0708	 hit@1:0.022107	 hit@5:0.0855	 hit@10: 0.1391
source best!
...............................................................
source: 	 mrr: 0.068918	 ndcg_5: 0.0594	 ndcg_10: 0.0775	 hit@1:0.026574	 hit@5:0.0925	 hit@10: 0.1493
target best!
......................................................................................................................................................target: 	 mrr: 0.064433	 ndcg_5: 0.0541	 ndcg_10: 0.0731	 hit@1:0.022454	 hit@5:0.0866	 hit@10: 0.1455
epoch 1: train_loss = 1.378014, source_hit@10 = 0.1493, source_ndcg@10 = 0.0775, target_hit@10 = 0.1455, target_ndcg@10 = 0.0731

2024-08-03 19:25:38.406547: step 1894/75760 (epoch 2/80), loss = 1.279222 (252.255 sec/epoch), lr: 0.004000
Evaluating on dev set...
.......................................................................................................................................................................................................................
source: 	 mrr: 0.049641	 ndcg_5: 0.0401	 ndcg_10: 0.0567	 hit@1:0.015584	 hit@5:0.0656	 hit@10: 0.1177
target: 	 mrr: 0.048277	 ndcg_5: 0.0395	 ndcg_10: 0.0530	 hit@1:0.015198	 hit@5:0.0644	 hit@10: 0.1063
epoch 2: train_loss = 1.279222, source_hit@10 = 0.1177, source_ndcg@10 = 0.0567, target_hit@10 = 0.1063, target_ndcg@10 = 0.0530

2024-08-03 19:29:52.770749: step 2841/75760 (epoch 3/80), loss = 1.268987 (252.032 sec/epoch), lr: 0.004000
Evaluating on dev set...
.......................................................................................................................................................................................................................
source: 	 mrr: 0.059263	 ndcg_5: 0.0511	 ndcg_10: 0.0677	 hit@1:0.021505	 hit@5:0.0809	 hit@10: 0.1331
target: 	 mrr: 0.064182	 ndcg_5: 0.0565	 ndcg_10: 0.0726	 hit@1:0.021712	 hit@5:0.0913	 hit@10: 0.1412
target best!
......................................................................................................................................................target: 	 mrr: 0.065387	 ndcg_5: 0.0578	 ndcg_10: 0.0744	 hit@1:0.022653	 hit@5:0.0933	 hit@10: 0.1446
epoch 3: train_loss = 1.268987, source_hit@10 = 0.1331, source_ndcg@10 = 0.0677, target_hit@10 = 0.1446, target_ndcg@10 = 0.0744

2024-08-03 19:34:08.498762: step 3788/75760 (epoch 4/80), loss = 1.266108 (251.906 sec/epoch), lr: 0.004000
Evaluating on dev set...
.......................................................................................................................................................................................................................
source: 	 mrr: 0.067948	 ndcg_5: 0.0591	 ndcg_10: 0.0748	 hit@1:0.027271	 hit@5:0.0902	 hit@10: 0.1388
target: 	 mrr: 0.073224	 ndcg_5: 0.0640	 ndcg_10: 0.0820	 hit@1:0.029081	 hit@5:0.0984	 hit@10: 0.1543
source best!
...............................................................
source: 	 mrr: 0.071721	 ndcg_5: 0.0628	 ndcg_10: 0.0792	 hit@1:0.029737	 hit@5:0.0951	 hit@10: 0.1460
target best!
......................................................................................................................................................target: 	 mrr: 0.073799	 ndcg_5: 0.0654	 ndcg_10: 0.0834	 hit@1:0.028964	 hit@5:0.1020	 hit@10: 0.1581
epoch 4: train_loss = 1.266108, source_hit@10 = 0.1460, source_ndcg@10 = 0.0792, target_hit@10 = 0.1581, target_ndcg@10 = 0.0834
new best model saved.

2024-08-03 19:38:25.042990: step 4735/75760 (epoch 5/80), loss = 1.262400 (251.769 sec/epoch), lr: 0.004000
Evaluating on dev set...
.......................................................................................................................................................................................................................
source: 	 mrr: 0.032796	 ndcg_5: 0.0243	 ndcg_10: 0.0336	 hit@1:0.010129	 hit@5:0.0390	 hit@10: 0.0679
target: 	 mrr: 0.070269	 ndcg_5: 0.0615	 ndcg_10: 0.0804	 hit@1:0.025199	 hit@5:0.0986	 hit@10: 0.1572
epoch 5: train_loss = 1.262400, source_hit@10 = 0.0679, source_ndcg@10 = 0.0336, target_hit@10 = 0.1572, target_ndcg@10 = 0.0804

2024-08-03 19:42:39.564898: step 5682/75760 (epoch 6/80), loss = 1.247580 (252.174 sec/epoch), lr: 0.004000
Evaluating on dev set...
.......................................................................................................................................................................................................................
source: 	 mrr: 0.046829	 ndcg_5: 0.0362	 ndcg_10: 0.0515	 hit@1:0.012934	 hit@5:0.0597	 hit@10: 0.1069
target: 	 mrr: 0.071910	 ndcg_5: 0.0626	 ndcg_10: 0.0803	 hit@1:0.031976	 hit@5:0.0937	 hit@10: 0.1490
epoch 6: train_loss = 1.247580, source_hit@10 = 0.1069, source_ndcg@10 = 0.0515, target_hit@10 = 0.1490, target_ndcg@10 = 0.0803

2024-08-03 19:46:54.534495: step 6629/75760 (epoch 7/80), loss = 1.231547 (252.669 sec/epoch), lr: 0.004000
Evaluating on dev set...
.......................................................................................................................................................................................................................
source: 	 mrr: 0.055238	 ndcg_5: 0.0488	 ndcg_10: 0.0618	 hit@1:0.020103	 hit@5:0.0779	 hit@10: 0.1183
target: 	 mrr: 0.063473	 ndcg_5: 0.0525	 ndcg_10: 0.0711	 hit@1:0.023752	 hit@5:0.0809	 hit@10: 0.1389
epoch 7: train_loss = 1.231547, source_hit@10 = 0.1183, source_ndcg@10 = 0.0618, target_hit@10 = 0.1389, target_ndcg@10 = 0.0711

2024-08-03 19:51:09.475156: step 7576/75760 (epoch 8/80), loss = 1.211262 (252.620 sec/epoch), lr: 0.004000
Evaluating on dev set...
.......................................................................................................................................................................................................................
source: 	 mrr: 0.046780	 ndcg_5: 0.0357	 ndcg_10: 0.0481	 hit@1:0.016986	 hit@5:0.0545	 hit@10: 0.0933
target: 	 mrr: 0.066147	 ndcg_5: 0.0551	 ndcg_10: 0.0725	 hit@1:0.024738	 hit@5:0.0847	 hit@10: 0.1385
epoch 8: train_loss = 1.211262, source_hit@10 = 0.0933, source_ndcg@10 = 0.0481, target_hit@10 = 0.1385, target_ndcg@10 = 0.0725

2024-08-03 19:55:24.924523: step 8523/75760 (epoch 9/80), loss = 1.199464 (253.152 sec/epoch), lr: 0.004000
Evaluating on dev set...
.......................................................................................................................................................................................................................
source: 	 mrr: 0.018295	 ndcg_5: 0.0120	 ndcg_10: 0.0164	 hit@1:0.005143	 hit@5:0.0189	 hit@10: 0.0327
target: 	 mrr: 0.080939	 ndcg_5: 0.0724	 ndcg_10: 0.0903	 hit@1:0.034015	 hit@5:0.1105	 hit@10: 0.1661
target best!
......................................................................................................................................................target: 	 mrr: 0.081923	 ndcg_5: 0.0723	 ndcg_10: 0.0911	 hit@1:0.035275	 hit@5:0.1083	 hit@10: 0.1667
epoch 9: train_loss = 1.199464, source_hit@10 = 0.0327, source_ndcg@10 = 0.0164, target_hit@10 = 0.1667, target_ndcg@10 = 0.0911

2024-08-03 19:59:41.519785: step 9470/75760 (epoch 10/80), loss = 1.191514 (252.714 sec/epoch), lr: 0.004000
Evaluating on dev set...
.......................................................................................................................................................................................................................
source: 	 mrr: 0.043614	 ndcg_5: 0.0381	 ndcg_10: 0.0473	 hit@1:0.016674	 hit@5:0.0588	 hit@10: 0.0874
target: 	 mrr: 0.084623	 ndcg_5: 0.0760	 ndcg_10: 0.0945	 hit@1:0.036647	 hit@5:0.1145	 hit@10: 0.1719
target best!
......................................................................................................................................................target: 	 mrr: 0.084927	 ndcg_5: 0.0758	 ndcg_10: 0.0935	 hit@1:0.038663	 hit@5:0.1125	 hit@10: 0.1675
epoch 10: train_loss = 1.191514, source_hit@10 = 0.0874, source_ndcg@10 = 0.0473, target_hit@10 = 0.1675, target_ndcg@10 = 0.0935

2024-08-03 20:03:59.103605: step 10417/75760 (epoch 11/80), loss = 1.187602 (253.713 sec/epoch), lr: 0.004000
Evaluating on dev set...
.......................................................................................................................................................................................................................
source: 	 mrr: 0.028758	 ndcg_5: 0.0210	 ndcg_10: 0.0278	 hit@1:0.011532	 hit@5:0.0309	 hit@10: 0.0520
target: 	 mrr: 0.064984	 ndcg_5: 0.0544	 ndcg_10: 0.0710	 hit@1:0.023488	 hit@5:0.0849	 hit@10: 0.1365
epoch 11: train_loss = 1.187602, source_hit@10 = 0.0520, source_ndcg@10 = 0.0278, target_hit@10 = 0.1365, target_ndcg@10 = 0.0710

2024-08-03 20:08:14.275868: step 11364/75760 (epoch 12/80), loss = 1.178280 (252.842 sec/epoch), lr: 0.003800
Evaluating on dev set...
.......................................................................................................................................................................................................................
source: 	 mrr: 0.017808	 ndcg_5: 0.0114	 ndcg_10: 0.0161	 hit@1:0.004831	 hit@5:0.0182	 hit@10: 0.0330
target: 	 mrr: 0.085480	 ndcg_5: 0.0754	 ndcg_10: 0.0944	 hit@1:0.038818	 hit@5:0.1113	 hit@10: 0.1704
target best!
......................................................................................................................................................target: 	 mrr: 0.088259	 ndcg_5: 0.0785	 ndcg_10: 0.0968	 hit@1:0.041321	 hit@5:0.1149	 hit@10: 0.1717
epoch 12: train_loss = 1.178280, source_hit@10 = 0.0330, source_ndcg@10 = 0.0161, target_hit@10 = 0.1717, target_ndcg@10 = 0.0968

2024-08-03 20:12:33.312137: step 12311/75760 (epoch 13/80), loss = 1.174124 (255.217 sec/epoch), lr: 0.003800
Evaluating on dev set...
.......................................................................................................................................................................................................................
source: 	 mrr: 0.056583	 ndcg_5: 0.0480	 ndcg_10: 0.0636	 hit@1:0.022285	 hit@5:0.0745	 hit@10: 0.1230
target: 	 mrr: 0.082951	 ndcg_5: 0.0729	 ndcg_10: 0.0915	 hit@1:0.036910	 hit@5:0.1078	 hit@10: 0.1657
epoch 13: train_loss = 1.174124, source_hit@10 = 0.1230, source_ndcg@10 = 0.0636, target_hit@10 = 0.1657, target_ndcg@10 = 0.0915

2024-08-03 20:16:48.690739: step 13258/75760 (epoch 14/80), loss = 1.169598 (253.004 sec/epoch), lr: 0.003800
Evaluating on dev set...
.......................................................................................................................................................................................................................
source: 	 mrr: 0.056175	 ndcg_5: 0.0491	 ndcg_10: 0.0635	 hit@1:0.020570	 hit@5:0.0773	 hit@10: 0.1220
target: 	 mrr: 0.035460	 ndcg_5: 0.0276	 ndcg_10: 0.0353	 hit@1:0.013027	 hit@5:0.0424	 hit@10: 0.0664
epoch 14: train_loss = 1.169598, source_hit@10 = 0.1220, source_ndcg@10 = 0.0635, target_hit@10 = 0.0664, target_ndcg@10 = 0.0353

2024-08-03 20:21:04.007499: step 14205/75760 (epoch 15/80), loss = 1.166520 (252.992 sec/epoch), lr: 0.003610
Evaluating on dev set...
.......................................................................................................................................................................................................................
source: 	 mrr: 0.030530	 ndcg_5: 0.0221	 ndcg_10: 0.0313	 hit@1:0.007792	 hit@5:0.0365	 hit@10: 0.0656
target: 	 mrr: 0.076988	 ndcg_5: 0.0684	 ndcg_10: 0.0876	 hit@1:0.027962	 hit@5:0.1081	 hit@10: 0.1673
epoch 15: train_loss = 1.166520, source_hit@10 = 0.0656, source_ndcg@10 = 0.0313, target_hit@10 = 0.1673, target_ndcg@10 = 0.0876

2024-08-03 20:25:19.766554: step 15152/75760 (epoch 16/80), loss = 1.163532 (253.454 sec/epoch), lr: 0.003610
Evaluating on dev set...
.......................................................................................................................................................................................................................
source: 	 mrr: 0.068135	 ndcg_5: 0.0581	 ndcg_10: 0.0761	 hit@1:0.027427	 hit@5:0.0885	 hit@10: 0.1441
target: 	 mrr: 0.085004	 ndcg_5: 0.0756	 ndcg_10: 0.0929	 hit@1:0.038687	 hit@5:0.1112	 hit@10: 0.1649
source best!
...............................................................
source: 	 mrr: 0.069898	 ndcg_5: 0.0616	 ndcg_10: 0.0772	 hit@1:0.026574	 hit@5:0.0962	 hit@10: 0.1450
epoch 16: train_loss = 1.163532, source_hit@10 = 0.1450, source_ndcg@10 = 0.0772, target_hit@10 = 0.1649, target_ndcg@10 = 0.0929

2024-08-03 20:29:36.037325: step 16099/75760 (epoch 17/80), loss = 1.161333 (253.322 sec/epoch), lr: 0.003610
Evaluating on dev set...
.......................................................................................................................................................................................................................
source: 	 mrr: 0.064640	 ndcg_5: 0.0544	 ndcg_10: 0.0720	 hit@1:0.023531	 hit@5:0.0846	 hit@10: 0.1390
target: 	 mrr: 0.076953	 ndcg_5: 0.0673	 ndcg_10: 0.0857	 hit@1:0.030857	 hit@5:0.1034	 hit@10: 0.1607
epoch 17: train_loss = 1.161333, source_hit@10 = 0.1390, source_ndcg@10 = 0.0720, target_hit@10 = 0.1607, target_ndcg@10 = 0.0857

2024-08-03 20:33:51.996607: step 17046/75760 (epoch 18/80), loss = 1.159765 (253.625 sec/epoch), lr: 0.003429
Evaluating on dev set...
.......................................................................................................................................................................................................................
source: 	 mrr: 0.052368	 ndcg_5: 0.0426	 ndcg_10: 0.0591	 hit@1:0.019947	 hit@5:0.0655	 hit@10: 0.1167
target: 	 mrr: 0.067500	 ndcg_5: 0.0577	 ndcg_10: 0.0750	 hit@1:0.024212	 hit@5:0.0907	 hit@10: 0.1447
epoch 18: train_loss = 1.159765, source_hit@10 = 0.1167, source_ndcg@10 = 0.0591, target_hit@10 = 0.1447, target_ndcg@10 = 0.0750

2024-08-03 20:38:07.416210: step 17993/75760 (epoch 19/80), loss = 1.155926 (253.091 sec/epoch), lr: 0.003258
Evaluating on dev set...
.......................................................................................................................................................................................................................
source: 	 mrr: 0.068874	 ndcg_5: 0.0603	 ndcg_10: 0.0761	 hit@1:0.027739	 hit@5:0.0926	 hit@10: 0.1415
target: 	 mrr: 0.079081	 ndcg_5: 0.0689	 ndcg_10: 0.0878	 hit@1:0.032765	 hit@5:0.1055	 hit@10: 0.1640
source best!
...............................................................
source: 	 mrr: 0.073757	 ndcg_5: 0.0657	 ndcg_10: 0.0833	 hit@1:0.030686	 hit@5:0.1001	 hit@10: 0.1550
epoch 19: train_loss = 1.155926, source_hit@10 = 0.1550, source_ndcg@10 = 0.0833, target_hit@10 = 0.1640, target_ndcg@10 = 0.0878

2024-08-03 20:42:23.275962: step 18940/75760 (epoch 20/80), loss = 1.156206 (252.917 sec/epoch), lr: 0.003258
Evaluating on dev set...
.......................................................................................................................................................................................................................
source: 	 mrr: 0.034268	 ndcg_5: 0.0252	 ndcg_10: 0.0365	 hit@1:0.010441	 hit@5:0.0402	 hit@10: 0.0754
target: 	 mrr: 0.075100	 ndcg_5: 0.0659	 ndcg_10: 0.0850	 hit@1:0.029344	 hit@5:0.1029	 hit@10: 0.1620
epoch 20: train_loss = 1.156206, source_hit@10 = 0.0754, source_ndcg@10 = 0.0365, target_hit@10 = 0.1620, target_ndcg@10 = 0.0850

2024-08-03 20:46:38.542169: step 19887/75760 (epoch 21/80), loss = 1.152674 (252.966 sec/epoch), lr: 0.003095
Evaluating on dev set...
.......................................................................................................................................................................................................................
source: 	 mrr: 0.035753	 ndcg_5: 0.0260	 ndcg_10: 0.0378	 hit@1:0.011999	 hit@5:0.0404	 hit@10: 0.0775
target: 	 mrr: 0.077681	 ndcg_5: 0.0683	 ndcg_10: 0.0846	 hit@1:0.033160	 hit@5:0.1020	 hit@10: 0.1529
epoch 21: train_loss = 1.152674, source_hit@10 = 0.0775, source_ndcg@10 = 0.0378, target_hit@10 = 0.1529, target_ndcg@10 = 0.0846

2024-08-03 20:50:53.918186: step 20834/75760 (epoch 22/80), loss = 1.152230 (253.073 sec/epoch), lr: 0.003095
Evaluating on dev set...
.......................................................................................................................................................................................................................
source: 	 mrr: 0.073563	 ndcg_5: 0.0662	 ndcg_10: 0.0831	 hit@1:0.028206	 hit@5:0.1029	 hit@10: 0.1552
target: 	 mrr: 0.091463	 ndcg_5: 0.0829	 ndcg_10: 0.1005	 hit@1:0.042634	 hit@5:0.1213	 hit@10: 0.1761
source best!
...............................................................
source: 	 mrr: 0.077292	 ndcg_5: 0.0696	 ndcg_10: 0.0864	 hit@1:0.032585	 hit@5:0.1061	 hit@10: 0.1583
target best!
......................................................................................................................................................target: 	 mrr: 0.092847	 ndcg_5: 0.0834	 ndcg_10: 0.1010	 hit@1:0.045240	 hit@5:0.1199	 hit@10: 0.1749
epoch 22: train_loss = 1.152230, source_hit@10 = 0.1583, source_ndcg@10 = 0.0864, target_hit@10 = 0.1749, target_ndcg@10 = 0.1010
new best model saved.

2024-08-03 20:55:11.542835: step 21781/75760 (epoch 23/80), loss = 1.153003 (252.829 sec/epoch), lr: 0.003095
Evaluating on dev set...
.......................................................................................................................................................................................................................
source: 	 mrr: 0.045818	 ndcg_5: 0.0382	 ndcg_10: 0.0504	 hit@1:0.015272	 hit@5:0.0612	 hit@10: 0.0997
target: 	 mrr: 0.081688	 ndcg_5: 0.0724	 ndcg_10: 0.0908	 hit@1:0.034739	 hit@5:0.1093	 hit@10: 0.1664
epoch 23: train_loss = 1.153003, source_hit@10 = 0.0997, source_ndcg@10 = 0.0504, target_hit@10 = 0.1664, target_ndcg@10 = 0.0908

2024-08-03 20:59:27.304550: step 22728/75760 (epoch 24/80), loss = 1.149743 (253.446 sec/epoch), lr: 0.002940
Evaluating on dev set...
.......................................................................................................................................................................................................................
source: 	 mrr: 0.050811	 ndcg_5: 0.0432	 ndcg_10: 0.0551	 hit@1:0.018544	 hit@5:0.0669	 hit@10: 0.1043
target: 	 mrr: 0.062667	 ndcg_5: 0.0519	 ndcg_10: 0.0698	 hit@1:0.023094	 hit@5:0.0815	 hit@10: 0.1375
epoch 24: train_loss = 1.149743, source_hit@10 = 0.1043, source_ndcg@10 = 0.0551, target_hit@10 = 0.1375, target_ndcg@10 = 0.0698

2024-08-03 21:03:43.026863: step 23675/75760 (epoch 25/80), loss = 1.146938 (253.412 sec/epoch), lr: 0.002793
Evaluating on dev set...
.......................................................................................................................................................................................................................
source: 	 mrr: 0.046123	 ndcg_5: 0.0386	 ndcg_10: 0.0518	 hit@1:0.015428	 hit@5:0.0630	 hit@10: 0.1039
target: 	 mrr: 0.091301	 ndcg_5: 0.0830	 ndcg_10: 0.1014	 hit@1:0.042832	 hit@5:0.1219	 hit@10: 0.1792
epoch 25: train_loss = 1.146938, source_hit@10 = 0.1039, source_ndcg@10 = 0.0518, target_hit@10 = 0.1792, target_ndcg@10 = 0.1014

2024-08-03 21:07:58.330589: step 24622/75760 (epoch 26/80), loss = 1.146697 (252.996 sec/epoch), lr: 0.002793
Evaluating on dev set...
.......................................................................................................................................................................................................................
source: 	 mrr: 0.024514	 ndcg_5: 0.0171	 ndcg_10: 0.0232	 hit@1:0.009350	 hit@5:0.0246	 hit@10: 0.0438
target: 	 mrr: 0.092996	 ndcg_5: 0.0854	 ndcg_10: 0.1023	 hit@1:0.042437	 hit@5:0.1251	 hit@10: 0.1778
target best!
......................................................................................................................................................target: 	 mrr: 0.092191	 ndcg_5: 0.0835	 ndcg_10: 0.1018	 hit@1:0.043446	 hit@5:0.1213	 hit@10: 0.1784
epoch 26: train_loss = 1.146697, source_hit@10 = 0.0438, source_ndcg@10 = 0.0232, target_hit@10 = 0.1784, target_ndcg@10 = 0.1018

2024-08-03 21:12:15.485332: step 25569/75760 (epoch 27/80), loss = 1.142538 (253.310 sec/epoch), lr: 0.002654
Evaluating on dev set...
.......................................................................................................................................................................................................................
source: 	 mrr: 0.066430	 ndcg_5: 0.0582	 ndcg_10: 0.0753	 hit@1:0.025557	 hit@5:0.0907	 hit@10: 0.1441
target: 	 mrr: 0.082357	 ndcg_5: 0.0742	 ndcg_10: 0.0910	 hit@1:0.035858	 hit@5:0.1113	 hit@10: 0.1638
epoch 27: train_loss = 1.142538, source_hit@10 = 0.1441, source_ndcg@10 = 0.0753, target_hit@10 = 0.1638, target_ndcg@10 = 0.0910

2024-08-03 21:16:31.230489: step 26516/75760 (epoch 28/80), loss = 1.140855 (253.431 sec/epoch), lr: 0.002654
Evaluating on dev set...
.......................................................................................................................................................................................................................
source: 	 mrr: 0.026116	 ndcg_5: 0.0204	 ndcg_10: 0.0263	 hit@1:0.010285	 hit@5:0.0307	 hit@10: 0.0489
target: 	 mrr: 0.084078	 ndcg_5: 0.0748	 ndcg_10: 0.0931	 hit@1:0.036647	 hit@5:0.1122	 hit@10: 0.1690
epoch 28: train_loss = 1.140855, source_hit@10 = 0.0489, source_ndcg@10 = 0.0263, target_hit@10 = 0.1690, target_ndcg@10 = 0.0931

2024-08-03 21:20:46.776248: step 27463/75760 (epoch 29/80), loss = 1.139375 (253.166 sec/epoch), lr: 0.002521
Evaluating on dev set...
.......................................................................................................................................................................................................................
source: 	 mrr: 0.051683	 ndcg_5: 0.0424	 ndcg_10: 0.0572	 hit@1:0.018544	 hit@5:0.0665	 hit@10: 0.1131
target: 	 mrr: 0.088960	 ndcg_5: 0.0806	 ndcg_10: 0.0988	 hit@1:0.038621	 hit@5:0.1208	 hit@10: 0.1772
epoch 29: train_loss = 1.139375, source_hit@10 = 0.1131, source_ndcg@10 = 0.0572, target_hit@10 = 0.1772, target_ndcg@10 = 0.0988

2024-08-03 21:25:02.646859: step 28410/75760 (epoch 30/80), loss = 1.137722 (253.560 sec/epoch), lr: 0.002521
Evaluating on dev set...
.......................................................................................................................................................................................................................
source: 	 mrr: 0.039807	 ndcg_5: 0.0314	 ndcg_10: 0.0419	 hit@1:0.012934	 hit@5:0.0505	 hit@10: 0.0829
target: 	 mrr: 0.086652	 ndcg_5: 0.0790	 ndcg_10: 0.0970	 hit@1:0.036384	 hit@5:0.1201	 hit@10: 0.1764
epoch 30: train_loss = 1.137722, source_hit@10 = 0.0829, source_ndcg@10 = 0.0419, target_hit@10 = 0.1764, target_ndcg@10 = 0.0970

2024-08-03 21:29:18.085487: step 29357/75760 (epoch 31/80), loss = 1.134147 (253.111 sec/epoch), lr: 0.002395
Evaluating on dev set...
.......................................................................................................................................................................................................................
source: 	 mrr: 0.066406	 ndcg_5: 0.0581	 ndcg_10: 0.0730	 hit@1:0.027427	 hit@5:0.0879	 hit@10: 0.1339
target: 	 mrr: 0.070530	 ndcg_5: 0.0624	 ndcg_10: 0.0775	 hit@1:0.030134	 hit@5:0.0934	 hit@10: 0.1407
epoch 31: train_loss = 1.134147, source_hit@10 = 0.1339, source_ndcg@10 = 0.0730, target_hit@10 = 0.1407, target_ndcg@10 = 0.0775

2024-08-03 21:33:32.873774: step 30304/75760 (epoch 32/80), loss = 1.131857 (252.492 sec/epoch), lr: 0.002395
Evaluating on dev set...
.......................................................................................................................................................................................................................
source: 	 mrr: 0.031766	 ndcg_5: 0.0268	 ndcg_10: 0.0340	 hit@1:0.010285	 hit@5:0.0427	 hit@10: 0.0655
target: 	 mrr: 0.087199	 ndcg_5: 0.0792	 ndcg_10: 0.0959	 hit@1:0.040134	 hit@5:0.1173	 hit@10: 0.1692
epoch 32: train_loss = 1.131857, source_hit@10 = 0.0655, source_ndcg@10 = 0.0340, target_hit@10 = 0.1692, target_ndcg@10 = 0.0959

2024-08-03 21:37:47.851256: step 31251/75760 (epoch 33/80), loss = 1.128979 (252.572 sec/epoch), lr: 0.002275
Evaluating on dev set...
.......................................................................................................................................................................................................................
source: 	 mrr: 0.028292	 ndcg_5: 0.0213	 ndcg_10: 0.0282	 hit@1:0.010441	 hit@5:0.0321	 hit@10: 0.0535
target: 	 mrr: 0.086461	 ndcg_5: 0.0787	 ndcg_10: 0.0976	 hit@1:0.036384	 hit@5:0.1205	 hit@10: 0.1794
epoch 33: train_loss = 1.128979, source_hit@10 = 0.0535, source_ndcg@10 = 0.0282, target_hit@10 = 0.1794, target_ndcg@10 = 0.0976

2024-08-03 21:42:02.916185: step 32198/75760 (epoch 34/80), loss = 1.124665 (252.755 sec/epoch), lr: 0.002161
Evaluating on dev set...
.......................................................................................................................................................................................................................
source: 	 mrr: 0.075058	 ndcg_5: 0.0674	 ndcg_10: 0.0834	 hit@1:0.032414	 hit@5:0.1010	 hit@10: 0.1504
target: 	 mrr: 0.089909	 ndcg_5: 0.0814	 ndcg_10: 0.1000	 hit@1:0.040924	 hit@5:0.1206	 hit@10: 0.1782
source best!
...............................................................
source: 	 mrr: 0.075677	 ndcg_5: 0.0686	 ndcg_10: 0.0839	 hit@1:0.031319	 hit@5:0.1050	 hit@10: 0.1526
epoch 34: train_loss = 1.124665, source_hit@10 = 0.1526, source_ndcg@10 = 0.0839, target_hit@10 = 0.1782, target_ndcg@10 = 0.1000

2024-08-03 21:46:18.865573: step 33145/75760 (epoch 35/80), loss = 1.119762 (252.950 sec/epoch), lr: 0.002161
Evaluating on dev set...
.......................................................................................................................................................................................................................
source: 	 mrr: 0.049293	 ndcg_5: 0.0405	 ndcg_10: 0.0554	 hit@1:0.016363	 hit@5:0.0656	 hit@10: 0.1117
target: 	 mrr: 0.082690	 ndcg_5: 0.0729	 ndcg_10: 0.0908	 hit@1:0.035792	 hit@5:0.1094	 hit@10: 0.1653
epoch 35: train_loss = 1.119762, source_hit@10 = 0.1117, source_ndcg@10 = 0.0554, target_hit@10 = 0.1653, target_ndcg@10 = 0.0908

2024-08-03 21:50:33.934921: step 34092/75760 (epoch 36/80), loss = 1.117724 (252.733 sec/epoch), lr: 0.002053
Evaluating on dev set...
.......................................................................................................................................................................................................................
source: 	 mrr: 0.080477	 ndcg_5: 0.0730	 ndcg_10: 0.0899	 hit@1:0.035842	 hit@5:0.1086	 hit@10: 0.1614
target: 	 mrr: 0.088877	 ndcg_5: 0.0805	 ndcg_10: 0.0995	 hit@1:0.039345	 hit@5:0.1209	 hit@10: 0.1800
source best!
...............................................................
source: 	 mrr: 0.081614	 ndcg_5: 0.0736	 ndcg_10: 0.0914	 hit@1:0.036539	 hit@5:0.1095	 hit@10: 0.1651
epoch 36: train_loss = 1.117724, source_hit@10 = 0.1651, source_ndcg@10 = 0.0914, target_hit@10 = 0.1800, target_ndcg@10 = 0.0995
new best model saved.

2024-08-03 21:54:49.447697: step 35039/75760 (epoch 37/80), loss = 1.113451 (252.255 sec/epoch), lr: 0.002053
Evaluating on dev set...
.......................................................................................................................................................................................................................
source: 	 mrr: 0.077875	 ndcg_5: 0.0703	 ndcg_10: 0.0862	 hit@1:0.034128	 hit@5:0.1058	 hit@10: 0.1551
target: 	 mrr: 0.088647	 ndcg_5: 0.0811	 ndcg_10: 0.0990	 hit@1:0.039739	 hit@5:0.1214	 hit@10: 0.1771
epoch 37: train_loss = 1.113451, source_hit@10 = 0.1551, source_ndcg@10 = 0.0862, target_hit@10 = 0.1771, target_ndcg@10 = 0.0990

2024-08-03 21:59:04.313758: step 35986/75760 (epoch 38/80), loss = 1.110586 (252.546 sec/epoch), lr: 0.001951
Evaluating on dev set...
.......................................................................................................................................................................................................................
source: 	 mrr: 0.045910	 ndcg_5: 0.0374	 ndcg_10: 0.0508	 hit@1:0.016051	 hit@5:0.0588	 hit@10: 0.1005
target: 	 mrr: 0.094792	 ndcg_5: 0.0867	 ndcg_10: 0.1049	 hit@1:0.044674	 hit@5:0.1268	 hit@10: 0.1836
target best!
......................................................................................................................................................target: 	 mrr: 0.093856	 ndcg_5: 0.0855	 ndcg_10: 0.1039	 hit@1:0.044177	 hit@5:0.1257	 hit@10: 0.1828
epoch 38: train_loss = 1.110586, source_hit@10 = 0.1005, source_ndcg@10 = 0.0508, target_hit@10 = 0.1828, target_ndcg@10 = 0.1039

2024-08-03 22:03:20.353276: step 36933/75760 (epoch 39/80), loss = 1.104049 (252.106 sec/epoch), lr: 0.001853
Evaluating on dev set...
.......................................................................................................................................................................................................................
source: 	 mrr: 0.072045	 ndcg_5: 0.0629	 ndcg_10: 0.0799	 hit@1:0.031791	 hit@5:0.0944	 hit@10: 0.1476
target: 	 mrr: 0.090624	 ndcg_5: 0.0823	 ndcg_10: 0.0997	 hit@1:0.042634	 hit@5:0.1199	 hit@10: 0.1741
epoch 39: train_loss = 1.104049, source_hit@10 = 0.1476, source_ndcg@10 = 0.0799, target_hit@10 = 0.1741, target_ndcg@10 = 0.0997

2024-08-03 22:07:35.281158: step 37880/75760 (epoch 40/80), loss = 1.101471 (252.633 sec/epoch), lr: 0.001853
Evaluating on dev set...
.......................................................................................................................................................................................................................
source: 	 mrr: 0.069393	 ndcg_5: 0.0608	 ndcg_10: 0.0766	 hit@1:0.029297	 hit@5:0.0919	 hit@10: 0.1410
target: 	 mrr: 0.090443	 ndcg_5: 0.0820	 ndcg_10: 0.1003	 hit@1:0.040726	 hit@5:0.1217	 hit@10: 0.1787
epoch 40: train_loss = 1.101471, source_hit@10 = 0.1410, source_ndcg@10 = 0.0766, target_hit@10 = 0.1787, target_ndcg@10 = 0.1003
shift to transfer learning mode

2024-08-03 22:11:53.390879: step 38827/75760 (epoch 41/80), loss = 1.096068 (255.782 sec/epoch), lr: 0.001761
Evaluating on dev set...
.......................................................................................................................................................................................................................
source: 	 mrr: 0.072316	 ndcg_5: 0.0643	 ndcg_10: 0.0810	 hit@1:0.028830	 hit@5:0.0982	 hit@10: 0.1502
target: 	 mrr: 0.061966	 ndcg_5: 0.0535	 ndcg_10: 0.0674	 hit@1:0.025462	 hit@5:0.0803	 hit@10: 0.1238
epoch 41: train_loss = 1.096068, source_hit@10 = 0.1502, source_ndcg@10 = 0.0810, target_hit@10 = 0.1238, target_ndcg@10 = 0.0674

2024-08-03 22:16:11.651906: step 39774/75760 (epoch 42/80), loss = 1.093308 (255.961 sec/epoch), lr: 0.001672
Evaluating on dev set...
.......................................................................................................................................................................................................................
source: 	 mrr: 0.077713	 ndcg_5: 0.0706	 ndcg_10: 0.0878	 hit@1:0.034907	 hit@5:0.1064	 hit@10: 0.1600
target: 	 mrr: 0.087343	 ndcg_5: 0.0786	 ndcg_10: 0.0974	 hit@1:0.039410	 hit@5:0.1165	 hit@10: 0.1750
epoch 42: train_loss = 1.093308, source_hit@10 = 0.1600, source_ndcg@10 = 0.0878, target_hit@10 = 0.1750, target_ndcg@10 = 0.0974

2024-08-03 22:20:30.445905: step 40721/75760 (epoch 43/80), loss = 1.090043 (256.495 sec/epoch), lr: 0.001672
Evaluating on dev set...
.......................................................................................................................................................................................................................
source: 	 mrr: 0.078975	 ndcg_5: 0.0707	 ndcg_10: 0.0874	 hit@1:0.036777	 hit@5:0.1046	 hit@10: 0.1565
target: 	 mrr: 0.081966	 ndcg_5: 0.0732	 ndcg_10: 0.0902	 hit@1:0.035594	 hit@5:0.1105	 hit@10: 0.1635
epoch 43: train_loss = 1.090043, source_hit@10 = 0.1565, source_ndcg@10 = 0.0874, target_hit@10 = 0.1635, target_ndcg@10 = 0.0902

2024-08-03 22:24:48.134632: step 41668/75760 (epoch 44/80), loss = 1.087872 (255.377 sec/epoch), lr: 0.001589
Evaluating on dev set...
.......................................................................................................................................................................................................................
source: 	 mrr: 0.062240	 ndcg_5: 0.0533	 ndcg_10: 0.0693	 hit@1:0.024778	 hit@5:0.0815	 hit@10: 0.1312
target: 	 mrr: 0.088857	 ndcg_5: 0.0800	 ndcg_10: 0.0993	 hit@1:0.039410	 hit@5:0.1201	 hit@10: 0.1800
epoch 44: train_loss = 1.087872, source_hit@10 = 0.1312, source_ndcg@10 = 0.0693, target_hit@10 = 0.1800, target_ndcg@10 = 0.0993

2024-08-03 22:29:06.875909: step 42615/75760 (epoch 45/80), loss = 1.083744 (256.406 sec/epoch), lr: 0.001509
Evaluating on dev set...
.......................................................................................................................................................................................................................
source: 	 mrr: 0.082475	 ndcg_5: 0.0733	 ndcg_10: 0.0914	 hit@1:0.038492	 hit@5:0.1075	 hit@10: 0.1633
target: 	 mrr: 0.093143	 ndcg_5: 0.0850	 ndcg_10: 0.1039	 hit@1:0.042437	 hit@5:0.1261	 hit@10: 0.1848
source best!
...............................................................
source: 	 mrr: 0.086614	 ndcg_5: 0.0784	 ndcg_10: 0.0956	 hit@1:0.040652	 hit@5:0.1153	 hit@10: 0.1688
epoch 45: train_loss = 1.083744, source_hit@10 = 0.1688, source_ndcg@10 = 0.0956, target_hit@10 = 0.1848, target_ndcg@10 = 0.1039
new best model saved.

2024-08-03 22:33:26.965130: step 43562/75760 (epoch 46/80), loss = 1.080655 (256.819 sec/epoch), lr: 0.001509
Evaluating on dev set...
.......................................................................................................................................................................................................................
source: 	 mrr: 0.082448	 ndcg_5: 0.0743	 ndcg_10: 0.0921	 hit@1:0.035686	 hit@5:0.1120	 hit@10: 0.1674
target: 	 mrr: 0.087842	 ndcg_5: 0.0784	 ndcg_10: 0.0973	 hit@1:0.039674	 hit@5:0.1159	 hit@10: 0.1749
epoch 46: train_loss = 1.080655, source_hit@10 = 0.1674, source_ndcg@10 = 0.0921, target_hit@10 = 0.1749, target_ndcg@10 = 0.0973

2024-08-03 22:37:45.125548: step 44509/75760 (epoch 47/80), loss = 1.078361 (255.840 sec/epoch), lr: 0.001434
Evaluating on dev set...
.......................................................................................................................................................................................................................
source: 	 mrr: 0.083171	 ndcg_5: 0.0742	 ndcg_10: 0.0918	 hit@1:0.038336	 hit@5:0.1085	 hit@10: 0.1638
target: 	 mrr: 0.093825	 ndcg_5: 0.0865	 ndcg_10: 0.1054	 hit@1:0.041976	 hit@5:0.1301	 hit@10: 0.1889
source best!
...............................................................
source: 	 mrr: 0.085130	 ndcg_5: 0.0767	 ndcg_10: 0.0948	 hit@1:0.038437	 hit@5:0.1136	 hit@10: 0.1700
epoch 47: train_loss = 1.078361, source_hit@10 = 0.1700, source_ndcg@10 = 0.0948, target_hit@10 = 0.1889, target_ndcg@10 = 0.1054

2024-08-03 22:42:04.677550: step 45456/75760 (epoch 48/80), loss = 1.077028 (256.601 sec/epoch), lr: 0.001434
Evaluating on dev set...
.......................................................................................................................................................................................................................
source: 	 mrr: 0.075123	 ndcg_5: 0.0674	 ndcg_10: 0.0851	 hit@1:0.031323	 hit@5:0.1036	 hit@10: 0.1580
target: 	 mrr: 0.083269	 ndcg_5: 0.0754	 ndcg_10: 0.0928	 hit@1:0.035529	 hit@5:0.1138	 hit@10: 0.1678
epoch 48: train_loss = 1.077028, source_hit@10 = 0.1580, source_ndcg@10 = 0.0851, target_hit@10 = 0.1678, target_ndcg@10 = 0.0928

2024-08-03 22:46:23.476710: step 46403/75760 (epoch 49/80), loss = 1.073080 (256.420 sec/epoch), lr: 0.001362
Evaluating on dev set...
.......................................................................................................................................................................................................................
source: 	 mrr: 0.063741	 ndcg_5: 0.0555	 ndcg_10: 0.0716	 hit@1:0.024155	 hit@5:0.0865	 hit@10: 0.1360
target: 	 mrr: 0.083738	 ndcg_5: 0.0739	 ndcg_10: 0.0932	 hit@1:0.037305	 hit@5:0.1105	 hit@10: 0.1702
epoch 49: train_loss = 1.073080, source_hit@10 = 0.1360, source_ndcg@10 = 0.0716, target_hit@10 = 0.1702, target_ndcg@10 = 0.0932

2024-08-03 22:50:36.451412: step 47350/75760 (epoch 50/80), loss = 1.069343 (250.679 sec/epoch), lr: 0.001294
Evaluating on dev set...
.......................................................................................................................................................................................................................
source: 	 mrr: 0.087829	 ndcg_5: 0.0800	 ndcg_10: 0.0982	 hit@1:0.040362	 hit@5:0.1192	 hit@10: 0.1761
target: 	 mrr: 0.093990	 ndcg_5: 0.0856	 ndcg_10: 0.1052	 hit@1:0.042437	 hit@5:0.1270	 hit@10: 0.1880
source best!
...............................................................
source: 	 mrr: 0.091560	 ndcg_5: 0.0833	 ndcg_10: 0.1018	 hit@1:0.040968	 hit@5:0.1237	 hit@10: 0.1806
epoch 50: train_loss = 1.069343, source_hit@10 = 0.1806, source_ndcg@10 = 0.1018, target_hit@10 = 0.1880, target_ndcg@10 = 0.1052
new best model saved.

2024-08-03 22:54:49.949289: step 48297/75760 (epoch 51/80), loss = 1.070438 (250.299 sec/epoch), lr: 0.001294
Evaluating on dev set...
.......................................................................................................................................................................................................................
source: 	 mrr: 0.059956	 ndcg_5: 0.0523	 ndcg_10: 0.0658	 hit@1:0.022752	 hit@5:0.0818	 hit@10: 0.1239
target: 	 mrr: 0.077437	 ndcg_5: 0.0685	 ndcg_10: 0.0875	 hit@1:0.030002	 hit@5:0.1059	 hit@10: 0.1649
epoch 51: train_loss = 1.070438, source_hit@10 = 0.1239, source_ndcg@10 = 0.0658, target_hit@10 = 0.1649, target_ndcg@10 = 0.0875

2024-08-03 22:59:03.068851: step 49244/75760 (epoch 52/80), loss = 1.066142 (250.868 sec/epoch), lr: 0.001229
Evaluating on dev set...
.......................................................................................................................................................................................................................
source: 	 mrr: 0.087557	 ndcg_5: 0.0805	 ndcg_10: 0.0973	 hit@1:0.039115	 hit@5:0.1200	 hit@10: 0.1725
target: 	 mrr: 0.086954	 ndcg_5: 0.0781	 ndcg_10: 0.0966	 hit@1:0.039279	 hit@5:0.1158	 hit@10: 0.1736
epoch 52: train_loss = 1.066142, source_hit@10 = 0.1725, source_ndcg@10 = 0.0973, target_hit@10 = 0.1736, target_ndcg@10 = 0.0966

2024-08-03 23:03:18.187098: step 50191/75760 (epoch 53/80), loss = 1.064755 (252.865 sec/epoch), lr: 0.001229
Evaluating on dev set...
.......................................................................................................................................................................................................................
source: 	 mrr: 0.078321	 ndcg_5: 0.0723	 ndcg_10: 0.0873	 hit@1:0.033505	 hit@5:0.1108	 hit@10: 0.1576
target: 	 mrr: 0.088331	 ndcg_5: 0.0799	 ndcg_10: 0.0983	 hit@1:0.039805	 hit@5:0.1193	 hit@10: 0.1768
epoch 53: train_loss = 1.064755, source_hit@10 = 0.1576, source_ndcg@10 = 0.0873, target_hit@10 = 0.1768, target_ndcg@10 = 0.0983

2024-08-03 23:07:30.945082: step 51138/75760 (epoch 54/80), loss = 1.062935 (250.501 sec/epoch), lr: 0.001168
Evaluating on dev set...
.......................................................................................................................................................................................................................
source: 	 mrr: 0.076509	 ndcg_5: 0.0687	 ndcg_10: 0.0864	 hit@1:0.032881	 hit@5:0.1043	 hit@10: 0.1597
target: 	 mrr: 0.087593	 ndcg_5: 0.0787	 ndcg_10: 0.0982	 hit@1:0.037766	 hit@5:0.1189	 hit@10: 0.1795
epoch 54: train_loss = 1.062935, source_hit@10 = 0.1597, source_ndcg@10 = 0.0864, target_hit@10 = 0.1795, target_ndcg@10 = 0.0982

2024-08-03 23:11:43.369743: step 52085/75760 (epoch 55/80), loss = 1.056349 (250.177 sec/epoch), lr: 0.001110
Evaluating on dev set...
.......................................................................................................................................................................................................................
source: 	 mrr: 0.078797	 ndcg_5: 0.0702	 ndcg_10: 0.0887	 hit@1:0.033193	 hit@5:0.1060	 hit@10: 0.1632
target: 	 mrr: 0.089107	 ndcg_5: 0.0802	 ndcg_10: 0.0994	 hit@1:0.040332	 hit@5:0.1196	 hit@10: 0.1795
epoch 55: train_loss = 1.056349, source_hit@10 = 0.1632, source_ndcg@10 = 0.0887, target_hit@10 = 0.1795, target_ndcg@10 = 0.0994

2024-08-03 23:15:55.693394: step 53032/75760 (epoch 56/80), loss = 1.055375 (250.080 sec/epoch), lr: 0.001110
Evaluating on dev set...
.......................................................................................................................................................................................................................
source: 	 mrr: 0.073430	 ndcg_5: 0.0648	 ndcg_10: 0.0817	 hit@1:0.031791	 hit@5:0.0979	 hit@10: 0.1501
target: 	 mrr: 0.092013	 ndcg_5: 0.0841	 ndcg_10: 0.1033	 hit@1:0.040661	 hit@5:0.1264	 hit@10: 0.1859
epoch 56: train_loss = 1.055375, source_hit@10 = 0.1501, source_ndcg@10 = 0.0817, target_hit@10 = 0.1859, target_ndcg@10 = 0.1033

2024-08-03 23:20:06.834820: step 53979/75760 (epoch 57/80), loss = 1.051129 (248.860 sec/epoch), lr: 0.001054
Evaluating on dev set...
.......................................................................................................................................................................................................................
source: 	 mrr: 0.079938	 ndcg_5: 0.0716	 ndcg_10: 0.0898	 hit@1:0.033972	 hit@5:0.1078	 hit@10: 0.1647
target: 	 mrr: 0.087812	 ndcg_5: 0.0785	 ndcg_10: 0.0968	 hit@1:0.040003	 hit@5:0.1153	 hit@10: 0.1720
epoch 57: train_loss = 1.051129, source_hit@10 = 0.1647, source_ndcg@10 = 0.0898, target_hit@10 = 0.1720, target_ndcg@10 = 0.0968

2024-08-03 23:24:19.556913: step 54926/75760 (epoch 58/80), loss = 1.048767 (250.470 sec/epoch), lr: 0.001054
Evaluating on dev set...
.......................................................................................................................................................................................................................
source: 	 mrr: 0.087060	 ndcg_5: 0.0794	 ndcg_10: 0.0968	 hit@1:0.038959	 hit@5:0.1180	 hit@10: 0.1719
target: 	 mrr: 0.086745	 ndcg_5: 0.0772	 ndcg_10: 0.0965	 hit@1:0.038029	 hit@5:0.1152	 hit@10: 0.1750
epoch 58: train_loss = 1.048767, source_hit@10 = 0.1719, source_ndcg@10 = 0.0968, target_hit@10 = 0.1750, target_ndcg@10 = 0.0965

2024-08-03 23:28:31.715439: step 55873/75760 (epoch 59/80), loss = 1.048824 (249.894 sec/epoch), lr: 0.001054
Evaluating on dev set...
.......................................................................................................................................................................................................................
source: 	 mrr: 0.071871	 ndcg_5: 0.0639	 ndcg_10: 0.0804	 hit@1:0.029765	 hit@5:0.0994	 hit@10: 0.1505
target: 	 mrr: 0.099351	 ndcg_5: 0.0915	 ndcg_10: 0.1109	 hit@1:0.047043	 hit@5:0.1343	 hit@10: 0.1945
target best!
......................................................................................................................................................target: 	 mrr: 0.100400	 ndcg_5: 0.0921	 ndcg_10: 0.1128	 hit@1:0.048163	 hit@5:0.1348	 hit@10: 0.1994
epoch 59: train_loss = 1.048824, source_hit@10 = 0.1505, source_ndcg@10 = 0.0804, target_hit@10 = 0.1994, target_ndcg@10 = 0.1128

2024-08-03 23:32:45.130330: step 56820/75760 (epoch 60/80), loss = 1.047638 (249.665 sec/epoch), lr: 0.001001
Evaluating on dev set...
.......................................................................................................................................................................................................................
source: 	 mrr: 0.078298	 ndcg_5: 0.0694	 ndcg_10: 0.0887	 hit@1:0.033193	 hit@5:0.1064	 hit@10: 0.1660
target: 	 mrr: 0.083302	 ndcg_5: 0.0741	 ndcg_10: 0.0932	 hit@1:0.035923	 hit@5:0.1116	 hit@10: 0.1710
epoch 60: train_loss = 1.047638, source_hit@10 = 0.1660, source_ndcg@10 = 0.0887, target_hit@10 = 0.1710, target_ndcg@10 = 0.0932

2024-08-03 23:36:57.126771: step 57767/75760 (epoch 61/80), loss = 1.041373 (249.752 sec/epoch), lr: 0.000951
Evaluating on dev set...
.......................................................................................................................................................................................................................
source: 	 mrr: 0.069866	 ndcg_5: 0.0618	 ndcg_10: 0.0771	 hit@1:0.028674	 hit@5:0.0933	 hit@10: 0.1412
target: 	 mrr: 0.095788	 ndcg_5: 0.0870	 ndcg_10: 0.1073	 hit@1:0.044542	 hit@5:0.1290	 hit@10: 0.1919
epoch 61: train_loss = 1.041373, source_hit@10 = 0.1412, source_ndcg@10 = 0.0771, target_hit@10 = 0.1919, target_ndcg@10 = 0.1073

2024-08-03 23:41:10.186319: step 58714/75760 (epoch 62/80), loss = 1.043439 (250.775 sec/epoch), lr: 0.000951
Evaluating on dev set...
.......................................................................................................................................................................................................................
source: 	 mrr: 0.070337	 ndcg_5: 0.0623	 ndcg_10: 0.0785	 hit@1:0.028830	 hit@5:0.0952	 hit@10: 0.1452
target: 	 mrr: 0.088299	 ndcg_5: 0.0792	 ndcg_10: 0.0980	 hit@1:0.038095	 hit@5:0.1193	 hit@10: 0.1777
epoch 62: train_loss = 1.043439, source_hit@10 = 0.1452, source_ndcg@10 = 0.0785, target_hit@10 = 0.1777, target_ndcg@10 = 0.0980

2024-08-03 23:45:21.788006: step 59661/75760 (epoch 63/80), loss = 1.035637 (249.340 sec/epoch), lr: 0.000904
Evaluating on dev set...
.......................................................................................................................................................................................................................
source: 	 mrr: 0.043487	 ndcg_5: 0.0365	 ndcg_10: 0.0473	 hit@1:0.015272	 hit@5:0.0586	 hit@10: 0.0919
target: 	 mrr: 0.086921	 ndcg_5: 0.0771	 ndcg_10: 0.0984	 hit@1:0.036845	 hit@5:0.1168	 hit@10: 0.1830
epoch 63: train_loss = 1.035637, source_hit@10 = 0.0919, source_ndcg@10 = 0.0473, target_hit@10 = 0.1830, target_ndcg@10 = 0.0984

2024-08-03 23:49:33.055570: step 60608/75760 (epoch 64/80), loss = 1.032654 (249.024 sec/epoch), lr: 0.000859
Evaluating on dev set...
.......................................................................................................................................................................................................................
source: 	 mrr: 0.082866	 ndcg_5: 0.0757	 ndcg_10: 0.0928	 hit@1:0.036154	 hit@5:0.1152	 hit@10: 0.1685
target: 	 mrr: 0.095253	 ndcg_5: 0.0866	 ndcg_10: 0.1069	 hit@1:0.043884	 hit@5:0.1282	 hit@10: 0.1911
epoch 64: train_loss = 1.032654, source_hit@10 = 0.1685, source_ndcg@10 = 0.0928, target_hit@10 = 0.1911, target_ndcg@10 = 0.1069

2024-08-03 23:53:45.820260: step 61555/75760 (epoch 65/80), loss = 1.028160 (250.504 sec/epoch), lr: 0.000859
Evaluating on dev set...
.......................................................................................................................................................................................................................
source: 	 mrr: 0.085202	 ndcg_5: 0.0779	 ndcg_10: 0.0955	 hit@1:0.037245	 hit@5:0.1178	 hit@10: 0.1728
target: 	 mrr: 0.092992	 ndcg_5: 0.0846	 ndcg_10: 0.1035	 hit@1:0.042174	 hit@5:0.1263	 hit@10: 0.1850
epoch 65: train_loss = 1.028160, source_hit@10 = 0.1728, source_ndcg@10 = 0.0955, target_hit@10 = 0.1850, target_ndcg@10 = 0.1035

2024-08-03 23:57:58.356546: step 62502/75760 (epoch 66/80), loss = 1.025180 (250.293 sec/epoch), lr: 0.000859
Evaluating on dev set...
.......................................................................................................................................................................................................................
source: 	 mrr: 0.084530	 ndcg_5: 0.0765	 ndcg_10: 0.0943	 hit@1:0.037712	 hit@5:0.1145	 hit@10: 0.1699
target: 	 mrr: 0.086054	 ndcg_5: 0.0773	 ndcg_10: 0.0968	 hit@1:0.036845	 hit@5:0.1176	 hit@10: 0.1784
epoch 66: train_loss = 1.025180, source_hit@10 = 0.1699, source_ndcg@10 = 0.0943, target_hit@10 = 0.1784, target_ndcg@10 = 0.0968

2024-08-04 00:02:11.282689: step 63449/75760 (epoch 67/80), loss = 1.019470 (250.677 sec/epoch), lr: 0.000816
Evaluating on dev set...
.......................................................................................................................................................................................................................
source: 	 mrr: 0.079315	 ndcg_5: 0.0716	 ndcg_10: 0.0881	 hit@1:0.034907	 hit@5:0.1080	 hit@10: 0.1597
target: 	 mrr: 0.095624	 ndcg_5: 0.0872	 ndcg_10: 0.1071	 hit@1:0.043490	 hit@5:0.1297	 hit@10: 0.1914
epoch 67: train_loss = 1.019470, source_hit@10 = 0.1597, source_ndcg@10 = 0.0881, target_hit@10 = 0.1914, target_ndcg@10 = 0.1071

2024-08-04 00:06:23.729427: step 64396/75760 (epoch 68/80), loss = 1.017177 (250.188 sec/epoch), lr: 0.000816
Evaluating on dev set...
.......................................................................................................................................................................................................................
source: 	 mrr: 0.079974	 ndcg_5: 0.0734	 ndcg_10: 0.0901	 hit@1:0.031791	 hit@5:0.1141	 hit@10: 0.1658
target: 	 mrr: 0.088947	 ndcg_5: 0.0799	 ndcg_10: 0.0999	 hit@1:0.040726	 hit@5:0.1183	 hit@10: 0.1807
epoch 68: train_loss = 1.017177, source_hit@10 = 0.1658, source_ndcg@10 = 0.0901, target_hit@10 = 0.1807, target_ndcg@10 = 0.0999

2024-08-04 00:10:36.073284: step 65343/75760 (epoch 69/80), loss = 1.010150 (250.081 sec/epoch), lr: 0.000775
Evaluating on dev set...
.......................................................................................................................................................................................................................
source: 	 mrr: 0.086304	 ndcg_5: 0.0781	 ndcg_10: 0.0959	 hit@1:0.039427	 hit@5:0.1150	 hit@10: 0.1703
target: 	 mrr: 0.087350	 ndcg_5: 0.0778	 ndcg_10: 0.0979	 hit@1:0.036910	 hit@5:0.1169	 hit@10: 0.1793
epoch 69: train_loss = 1.010150, source_hit@10 = 0.1703, source_ndcg@10 = 0.0959, target_hit@10 = 0.1793, target_ndcg@10 = 0.0979

2024-08-04 00:14:46.921843: step 66290/75760 (epoch 70/80), loss = 1.006439 (248.600 sec/epoch), lr: 0.000775
Evaluating on dev set...
.......................................................................................................................................................................................................................
source: 	 mrr: 0.080477	 ndcg_5: 0.0726	 ndcg_10: 0.0897	 hit@1:0.034440	 hit@5:0.1105	 hit@10: 0.1633
target: 	 mrr: 0.095767	 ndcg_5: 0.0878	 ndcg_10: 0.1077	 hit@1:0.043555	 hit@5:0.1307	 hit@10: 0.1926
epoch 70: train_loss = 1.006439, source_hit@10 = 0.1633, source_ndcg@10 = 0.0897, target_hit@10 = 0.1926, target_ndcg@10 = 0.1077

2024-08-04 00:18:58.995120: step 67237/75760 (epoch 71/80), loss = 1.004985 (249.809 sec/epoch), lr: 0.000775
Evaluating on dev set...
.......................................................................................................................................................................................................................
source: 	 mrr: 0.088400	 ndcg_5: 0.0794	 ndcg_10: 0.0979	 hit@1:0.043167	 hit@5:0.1153	 hit@10: 0.1727
target: 	 mrr: 0.097125	 ndcg_5: 0.0885	 ndcg_10: 0.1087	 hit@1:0.045266	 hit@5:0.1311	 hit@10: 0.1938
source best!
...............................................................
source: 	 mrr: 0.089970	 ndcg_5: 0.0821	 ndcg_10: 0.1008	 hit@1:0.040968	 hit@5:0.1218	 hit@10: 0.1798
epoch 71: train_loss = 1.004985, source_hit@10 = 0.1798, source_ndcg@10 = 0.1008, target_hit@10 = 0.1938, target_ndcg@10 = 0.1087

2024-08-04 00:23:12.810202: step 68184/75760 (epoch 72/80), loss = 1.004973 (250.961 sec/epoch), lr: 0.000775
Evaluating on dev set...
.......................................................................................................................................................................................................................
source: 	 mrr: 0.077141	 ndcg_5: 0.0676	 ndcg_10: 0.0859	 hit@1:0.033037	 hit@5:0.1016	 hit@10: 0.1588
target: 	 mrr: 0.097474	 ndcg_5: 0.0896	 ndcg_10: 0.1090	 hit@1:0.045792	 hit@5:0.1317	 hit@10: 0.1923
epoch 72: train_loss = 1.004973, source_hit@10 = 0.1588, source_ndcg@10 = 0.0859, target_hit@10 = 0.1923, target_ndcg@10 = 0.1090

2024-08-04 00:27:29.452762: step 69131/75760 (epoch 73/80), loss = 0.999364 (254.365 sec/epoch), lr: 0.000736
Evaluating on dev set...
.......................................................................................................................................................................................................................
source: 	 mrr: 0.081742	 ndcg_5: 0.0727	 ndcg_10: 0.0910	 hit@1:0.036310	 hit@5:0.1082	 hit@10: 0.1650
target: 	 mrr: 0.098439	 ndcg_5: 0.0906	 ndcg_10: 0.1108	 hit@1:0.045200	 hit@5:0.1347	 hit@10: 0.1974
epoch 73: train_loss = 0.999364, source_hit@10 = 0.1650, source_ndcg@10 = 0.0910, target_hit@10 = 0.1974, target_ndcg@10 = 0.1108

2024-08-04 00:31:47.165623: step 70078/75760 (epoch 74/80), loss = 0.997099 (255.418 sec/epoch), lr: 0.000736
Evaluating on dev set...
.......................................................................................................................................................................................................................
source: 	 mrr: 0.073294	 ndcg_5: 0.0656	 ndcg_10: 0.0825	 hit@1:0.031791	 hit@5:0.0993	 hit@10: 0.1516
target: 	 mrr: 0.094761	 ndcg_5: 0.0857	 ndcg_10: 0.1062	 hit@1:0.044082	 hit@5:0.1265	 hit@10: 0.1905
epoch 74: train_loss = 0.997099, source_hit@10 = 0.1516, source_ndcg@10 = 0.0825, target_hit@10 = 0.1905, target_ndcg@10 = 0.1062

2024-08-04 00:36:05.046354: step 71025/75760 (epoch 75/80), loss = 0.994085 (255.566 sec/epoch), lr: 0.000699
Evaluating on dev set...
.......................................................................................................................................................................................................................
source: 	 mrr: 0.077096	 ndcg_5: 0.0691	 ndcg_10: 0.0848	 hit@1:0.033816	 hit@5:0.1043	 hit@10: 0.1533
target: 	 mrr: 0.099601	 ndcg_5: 0.0920	 ndcg_10: 0.1119	 hit@1:0.047306	 hit@5:0.1352	 hit@10: 0.1974
target best!
......................................................................................................................................................target: 	 mrr: 0.099867	 ndcg_5: 0.0922	 ndcg_10: 0.1129	 hit@1:0.046768	 hit@5:0.1363	 hit@10: 0.2008
epoch 75: train_loss = 0.994085, source_hit@10 = 0.1533, source_ndcg@10 = 0.0848, target_hit@10 = 0.2008, target_ndcg@10 = 0.1129

2024-08-04 00:40:24.404886: step 71972/75760 (epoch 76/80), loss = 0.989851 (255.554 sec/epoch), lr: 0.000699
Evaluating on dev set...
.......................................................................................................................................................................................................................
source: 	 mrr: 0.063699	 ndcg_5: 0.0543	 ndcg_10: 0.0710	 hit@1:0.023999	 hit@5:0.0854	 hit@10: 0.1374
target: 	 mrr: 0.099586	 ndcg_5: 0.0914	 ndcg_10: 0.1115	 hit@1:0.047306	 hit@5:0.1336	 hit@10: 0.1959
epoch 76: train_loss = 0.989851, source_hit@10 = 0.1374, source_ndcg@10 = 0.0710, target_hit@10 = 0.1959, target_ndcg@10 = 0.1115

2024-08-04 00:44:42.611679: step 72919/75760 (epoch 77/80), loss = 0.986957 (255.890 sec/epoch), lr: 0.000664
Evaluating on dev set...
.......................................................................................................................................................................................................................
source: 	 mrr: 0.075244	 ndcg_5: 0.0658	 ndcg_10: 0.0845	 hit@1:0.031167	 hit@5:0.0991	 hit@10: 0.1569
target: 	 mrr: 0.092246	 ndcg_5: 0.0842	 ndcg_10: 0.1042	 hit@1:0.041187	 hit@5:0.1267	 hit@10: 0.1885
epoch 77: train_loss = 0.986957, source_hit@10 = 0.1569, source_ndcg@10 = 0.0845, target_hit@10 = 0.1885, target_ndcg@10 = 0.1042

2024-08-04 00:49:00.890419: step 73866/75760 (epoch 78/80), loss = 0.984844 (255.984 sec/epoch), lr: 0.000664
Evaluating on dev set...
.......................................................................................................................................................................................................................
source: 	 mrr: 0.077061	 ndcg_5: 0.0690	 ndcg_10: 0.0854	 hit@1:0.034751	 hit@5:0.1024	 hit@10: 0.1535
target: 	 mrr: 0.094507	 ndcg_5: 0.0863	 ndcg_10: 0.1062	 hit@1:0.043292	 hit@5:0.1286	 hit@10: 0.1905
epoch 78: train_loss = 0.984844, source_hit@10 = 0.1535, source_ndcg@10 = 0.0854, target_hit@10 = 0.1905, target_ndcg@10 = 0.1062

2024-08-04 00:53:18.689503: step 74813/75760 (epoch 79/80), loss = 0.981688 (255.495 sec/epoch), lr: 0.000664
Evaluating on dev set...
.......................................................................................................................................................................................................................
source: 	 mrr: 0.070487	 ndcg_5: 0.0621	 ndcg_10: 0.0781	 hit@1:0.029921	 hit@5:0.0937	 hit@10: 0.1434
target: 	 mrr: 0.097357	 ndcg_5: 0.0881	 ndcg_10: 0.1088	 hit@1:0.046187	 hit@5:0.1291	 hit@10: 0.1932
epoch 79: train_loss = 0.981688, source_hit@10 = 0.1434, source_ndcg@10 = 0.0781, target_hit@10 = 0.1932, target_ndcg@10 = 0.1088

2024-08-04 00:57:36.675594: step 75760/75760 (epoch 80/80), loss = 0.976822 (255.696 sec/epoch), lr: 0.000631
Evaluating on dev set...
.......................................................................................................................................................................................................................
source: 	 mrr: 0.079675	 ndcg_5: 0.0724	 ndcg_10: 0.0897	 hit@1:0.033505	 hit@5:0.1111	 hit@10: 0.1652
target: 	 mrr: 0.101203	 ndcg_5: 0.0931	 ndcg_10: 0.1133	 hit@1:0.049082	 hit@5:0.1361	 hit@10: 0.1991
target best!
......................................................................................................................................................target: 	 mrr: 0.102445	 ndcg_5: 0.0944	 ndcg_10: 0.1148	 hit@1:0.048628	 hit@5:0.1382	 hit@10: 0.2012
epoch 80: train_loss = 0.976822, source_hit@10 = 0.1652, source_ndcg@10 = 0.0897, target_hit@10 = 0.2012, target_ndcg@10 = 0.1148

