using gpu:0 to train the model
using gpu:0 to train the model
cuda:0
Namespace(A_split=False, JK='sum', a_fold=100, aggregate=False, alpha=0.3, batch_size=1024, beta_inter=0.4, conv_layers=4, cuda=True, decay_epoch=10, device=device(type='cuda', index=0), device_id='0', domains='cell_electronic', dropout=0.5, epoch=80, feature_dim=126, hidden_dim=126, inter_tau=0.2, intra_tau=1, lambda_critic=0.4, leakey=0.05, load=False, log='logs.txt', log_epoch=1, lr=0.004, lr_decay=0.95, min_epoch=50, mode='train', model_file=None, model_name='ce', momentum=0.9, num_latent_factors=3, num_negative=100, optim='adam', patience=30, proj_layers=1, projection=1, residual=1, save=False, save_dir='./saved_models', seed=32, similarity_tau=0.1, test_sample_number=999, transfer_epoch=40, user_batch_size=256, weight_decay=0.0002)
number_user 27519
number_item 9481
/home/hourun/invariantCDR_v2/invariantCDR/utils/GraphMaker.py:45: RuntimeWarning: divide by zero encountered in power
  r_inv = np.power(rowsum, -1).flatten()
real graph loaded!
number_user 107984
number_item 40460
real graph loaded!
graph loaded!
Loading data from cell_electronic with batch size 1024...
unseen test: 0
test length: 6417
unseen test: 0
test length: 6322
unseen test: 0
test length: 15199
unseen test: 0
test length: 15053
source_user_num 27519
target_user_num 107984
source_item_num 9481
target_item_num 40460
shared users id: 16337
test users 2049, 2042
unseen test: 0
dev length: 1000
unseen test: 0
dev length: 1000
source train data : 148271, target train data: 821301, source test data : 6322, target test data : 15053, source dev data : 1000, target dev data : 1000
2024-08-04 19:19:55.366876: step 947/75760 (epoch 1/80), loss = 1.371679 (242.547 sec/epoch), lr: 0.004000
Evaluating on dev set...
.......................................................................................................................................................................................................................
source: 	 mrr: 0.050753	 ndcg_5: 0.0421	 ndcg_10: 0.0578	 hit@1:0.014649	 hit@5:0.0711	 hit@10: 0.1195
target: 	 mrr: 0.073514	 ndcg_5: 0.0654	 ndcg_10: 0.0831	 hit@1:0.030528	 hit@5:0.1009	 hit@10: 0.1558
source best!
...............................................................
source: 	 mrr: 0.056635	 ndcg_5: 0.0475	 ndcg_10: 0.0637	 hit@1:0.018507	 hit@5:0.0773	 hit@10: 0.1283
target best!
......................................................................................................................................................target: 	 mrr: 0.074273	 ndcg_5: 0.0657	 ndcg_10: 0.0834	 hit@1:0.030227	 hit@5:0.1004	 hit@10: 0.1553
epoch 1: train_loss = 1.371679, source_hit@10 = 0.1283, source_ndcg@10 = 0.0637, target_hit@10 = 0.1553, target_ndcg@10 = 0.0834

2024-08-04 19:24:01.392836: step 1894/75760 (epoch 2/80), loss = 1.286706 (242.070 sec/epoch), lr: 0.004000
Evaluating on dev set...
.......................................................................................................................................................................................................................
source: 	 mrr: 0.063443	 ndcg_5: 0.0556	 ndcg_10: 0.0714	 hit@1:0.024310	 hit@5:0.0866	 hit@10: 0.1356
target: 	 mrr: 0.062690	 ndcg_5: 0.0537	 ndcg_10: 0.0736	 hit@1:0.018488	 hit@5:0.0895	 hit@10: 0.1512
source best!
...............................................................
source: 	 mrr: 0.067676	 ndcg_5: 0.0602	 ndcg_10: 0.0763	 hit@1:0.026890	 hit@5:0.0930	 hit@10: 0.1428
epoch 2: train_loss = 1.286706, source_hit@10 = 0.1428, source_ndcg@10 = 0.0763, target_hit@10 = 0.1512, target_ndcg@10 = 0.0736
new best model saved.

2024-08-04 19:28:07.441503: step 2841/75760 (epoch 3/80), loss = 1.277893 (243.239 sec/epoch), lr: 0.004000
Evaluating on dev set...
.......................................................................................................................................................................................................................
source: 	 mrr: 0.054190	 ndcg_5: 0.0439	 ndcg_10: 0.0619	 hit@1:0.017142	 hit@5:0.0707	 hit@10: 0.1270
target: 	 mrr: 0.068093	 ndcg_5: 0.0605	 ndcg_10: 0.0775	 hit@1:0.024607	 hit@5:0.0970	 hit@10: 0.1500
epoch 3: train_loss = 1.277893, source_hit@10 = 0.1270, source_ndcg@10 = 0.0619, target_hit@10 = 0.1500, target_ndcg@10 = 0.0775

2024-08-04 19:32:12.565114: step 3788/75760 (epoch 4/80), loss = 1.274139 (243.112 sec/epoch), lr: 0.004000
Evaluating on dev set...
.......................................................................................................................................................................................................................
source: 	 mrr: 0.047055	 ndcg_5: 0.0390	 ndcg_10: 0.0524	 hit@1:0.016674	 hit@5:0.0611	 hit@10: 0.1032
target: 	 mrr: 0.064598	 ndcg_5: 0.0556	 ndcg_10: 0.0754	 hit@1:0.020330	 hit@5:0.0918	 hit@10: 0.1530
epoch 4: train_loss = 1.274139, source_hit@10 = 0.1032, source_ndcg@10 = 0.0524, target_hit@10 = 0.1530, target_ndcg@10 = 0.0754

2024-08-04 19:36:18.756560: step 4735/75760 (epoch 5/80), loss = 1.255367 (244.154 sec/epoch), lr: 0.004000
Evaluating on dev set...
.......................................................................................................................................................................................................................
source: 	 mrr: 0.035717	 ndcg_5: 0.0255	 ndcg_10: 0.0383	 hit@1:0.008571	 hit@5:0.0435	 hit@10: 0.0835
target: 	 mrr: 0.071314	 ndcg_5: 0.0627	 ndcg_10: 0.0820	 hit@1:0.026120	 hit@5:0.0995	 hit@10: 0.1592
epoch 5: train_loss = 1.255367, source_hit@10 = 0.0835, source_ndcg@10 = 0.0383, target_hit@10 = 0.1592, target_ndcg@10 = 0.0820

2024-08-04 19:40:24.486975: step 5682/75760 (epoch 6/80), loss = 1.246922 (243.718 sec/epoch), lr: 0.004000
Evaluating on dev set...
.......................................................................................................................................................................................................................
source: 	 mrr: 0.073522	 ndcg_5: 0.0660	 ndcg_10: 0.0817	 hit@1:0.029921	 hit@5:0.1002	 hit@10: 0.1488
target: 	 mrr: 0.067005	 ndcg_5: 0.0591	 ndcg_10: 0.0772	 hit@1:0.023028	 hit@5:0.0971	 hit@10: 0.1532
source best!
...............................................................
source: 	 mrr: 0.073642	 ndcg_5: 0.0644	 ndcg_10: 0.0832	 hit@1:0.030212	 hit@5:0.0981	 hit@10: 0.1569
epoch 6: train_loss = 1.246922, source_hit@10 = 0.1569, source_ndcg@10 = 0.0832, target_hit@10 = 0.1532, target_ndcg@10 = 0.0772
new best model saved.

2024-08-04 19:44:30.875185: step 6629/75760 (epoch 7/80), loss = 1.244271 (243.597 sec/epoch), lr: 0.004000
Evaluating on dev set...
.......................................................................................................................................................................................................................
source: 	 mrr: 0.045890	 ndcg_5: 0.0373	 ndcg_10: 0.0518	 hit@1:0.013246	 hit@5:0.0612	 hit@10: 0.1066
target: 	 mrr: 0.070139	 ndcg_5: 0.0609	 ndcg_10: 0.0788	 hit@1:0.027370	 hit@5:0.0945	 hit@10: 0.1502
epoch 7: train_loss = 1.244271, source_hit@10 = 0.1066, source_ndcg@10 = 0.0518, target_hit@10 = 0.1502, target_ndcg@10 = 0.0788

2024-08-04 19:48:36.502083: step 7576/75760 (epoch 8/80), loss = 1.240463 (243.535 sec/epoch), lr: 0.004000
Evaluating on dev set...
.......................................................................................................................................................................................................................
source: 	 mrr: 0.057909	 ndcg_5: 0.0508	 ndcg_10: 0.0656	 hit@1:0.021350	 hit@5:0.0809	 hit@10: 0.1267
target: 	 mrr: 0.071919	 ndcg_5: 0.0647	 ndcg_10: 0.0812	 hit@1:0.028818	 hit@5:0.1017	 hit@10: 0.1526
epoch 8: train_loss = 1.240463, source_hit@10 = 0.1267, source_ndcg@10 = 0.0656, target_hit@10 = 0.1526, target_ndcg@10 = 0.0812

2024-08-04 19:52:42.378493: step 8523/75760 (epoch 9/80), loss = 1.240624 (243.803 sec/epoch), lr: 0.004000
Evaluating on dev set...
.......................................................................................................................................................................................................................
source: 	 mrr: 0.048042	 ndcg_5: 0.0399	 ndcg_10: 0.0512	 hit@1:0.016986	 hit@5:0.0626	 hit@10: 0.0977
target: 	 mrr: 0.064924	 ndcg_5: 0.0555	 ndcg_10: 0.0757	 hit@1:0.020462	 hit@5:0.0914	 hit@10: 0.1542
epoch 9: train_loss = 1.240624, source_hit@10 = 0.0977, source_ndcg@10 = 0.0512, target_hit@10 = 0.1542, target_ndcg@10 = 0.0757

2024-08-04 19:56:48.377483: step 9470/75760 (epoch 10/80), loss = 1.237937 (243.955 sec/epoch), lr: 0.004000
Evaluating on dev set...
.......................................................................................................................................................................................................................
source: 	 mrr: 0.071584	 ndcg_5: 0.0643	 ndcg_10: 0.0801	 hit@1:0.028674	 hit@5:0.0990	 hit@10: 0.1484
target: 	 mrr: 0.048568	 ndcg_5: 0.0371	 ndcg_10: 0.0531	 hit@1:0.014343	 hit@5:0.0611	 hit@10: 0.1110
epoch 10: train_loss = 1.237937, source_hit@10 = 0.1484, source_ndcg@10 = 0.0801, target_hit@10 = 0.1110, target_ndcg@10 = 0.0531

2024-08-04 20:00:55.141525: step 10417/75760 (epoch 11/80), loss = 1.235510 (244.748 sec/epoch), lr: 0.004000
Evaluating on dev set...
.......................................................................................................................................................................................................................
source: 	 mrr: 0.066524	 ndcg_5: 0.0593	 ndcg_10: 0.0756	 hit@1:0.025245	 hit@5:0.0946	 hit@10: 0.1448
target: 	 mrr: 0.074731	 ndcg_5: 0.0665	 ndcg_10: 0.0834	 hit@1:0.029410	 hit@5:0.1020	 hit@10: 0.1544
target best!
......................................................................................................................................................target: 	 mrr: 0.076669	 ndcg_5: 0.0683	 ndcg_10: 0.0858	 hit@1:0.031024	 hit@5:0.1038	 hit@10: 0.1582
epoch 11: train_loss = 1.235510, source_hit@10 = 0.1448, source_ndcg@10 = 0.0756, target_hit@10 = 0.1582, target_ndcg@10 = 0.0858

2024-08-04 20:05:02.577319: step 11364/75760 (epoch 12/80), loss = 1.228546 (244.053 sec/epoch), lr: 0.004000
Evaluating on dev set...
.......................................................................................................................................................................................................................
source: 	 mrr: 0.071404	 ndcg_5: 0.0641	 ndcg_10: 0.0785	 hit@1:0.030700	 hit@5:0.0969	 hit@10: 0.1417
target: 	 mrr: 0.067203	 ndcg_5: 0.0596	 ndcg_10: 0.0751	 hit@1:0.025331	 hit@5:0.0932	 hit@10: 0.1415
epoch 12: train_loss = 1.228546, source_hit@10 = 0.1417, source_ndcg@10 = 0.0785, target_hit@10 = 0.1415, target_ndcg@10 = 0.0751

2024-08-04 20:09:10.375716: step 12311/75760 (epoch 13/80), loss = 1.220214 (245.767 sec/epoch), lr: 0.003800
Evaluating on dev set...
.......................................................................................................................................................................................................................
source: 	 mrr: 0.044792	 ndcg_5: 0.0362	 ndcg_10: 0.0481	 hit@1:0.013714	 hit@5:0.0581	 hit@10: 0.0955
target: 	 mrr: 0.068027	 ndcg_5: 0.0590	 ndcg_10: 0.0768	 hit@1:0.024081	 hit@5:0.0947	 hit@10: 0.1500
epoch 13: train_loss = 1.220214, source_hit@10 = 0.0955, source_ndcg@10 = 0.0481, target_hit@10 = 0.1500, target_ndcg@10 = 0.0768

2024-08-04 20:13:16.189130: step 13258/75760 (epoch 14/80), loss = 1.213027 (243.796 sec/epoch), lr: 0.003610
Evaluating on dev set...
.......................................................................................................................................................................................................................
source: 	 mrr: 0.063891	 ndcg_5: 0.0529	 ndcg_10: 0.0699	 hit@1:0.024310	 hit@5:0.0806	 hit@10: 0.1336
target: 	 mrr: 0.055628	 ndcg_5: 0.0444	 ndcg_10: 0.0617	 hit@1:0.016383	 hit@5:0.0728	 hit@10: 0.1267
epoch 14: train_loss = 1.213027, source_hit@10 = 0.1336, source_ndcg@10 = 0.0699, target_hit@10 = 0.1267, target_ndcg@10 = 0.0617

2024-08-04 20:17:22.302264: step 14205/75760 (epoch 15/80), loss = 1.203637 (244.103 sec/epoch), lr: 0.003610
Evaluating on dev set...
.......................................................................................................................................................................................................................
source: 	 mrr: 0.076003	 ndcg_5: 0.0670	 ndcg_10: 0.0844	 hit@1:0.032414	 hit@5:0.1007	 hit@10: 0.1549
target: 	 mrr: 0.062753	 ndcg_5: 0.0505	 ndcg_10: 0.0696	 hit@1:0.021383	 hit@5:0.0812	 hit@10: 0.1406
source best!
...............................................................
source: 	 mrr: 0.077687	 ndcg_5: 0.0689	 ndcg_10: 0.0865	 hit@1:0.033059	 hit@5:0.1046	 hit@10: 0.1596
epoch 15: train_loss = 1.203637, source_hit@10 = 0.1596, source_ndcg@10 = 0.0865, target_hit@10 = 0.1406, target_ndcg@10 = 0.0696

2024-08-04 20:21:28.843447: step 15152/75760 (epoch 16/80), loss = 1.199679 (243.976 sec/epoch), lr: 0.003610
Evaluating on dev set...
.......................................................................................................................................................................................................................
source: 	 mrr: 0.068809	 ndcg_5: 0.0606	 ndcg_10: 0.0752	 hit@1:0.029609	 hit@5:0.0915	 hit@10: 0.1370
target: 	 mrr: 0.072828	 ndcg_5: 0.0635	 ndcg_10: 0.0824	 hit@1:0.027831	 hit@5:0.0993	 hit@10: 0.1581
epoch 16: train_loss = 1.199679, source_hit@10 = 0.1370, source_ndcg@10 = 0.0752, target_hit@10 = 0.1581, target_ndcg@10 = 0.0824

2024-08-04 20:25:34.696350: step 16099/75760 (epoch 17/80), loss = 1.197423 (243.838 sec/epoch), lr: 0.003610
Evaluating on dev set...
.......................................................................................................................................................................................................................
source: 	 mrr: 0.063277	 ndcg_5: 0.0554	 ndcg_10: 0.0712	 hit@1:0.023375	 hit@5:0.0877	 hit@10: 0.1371
target: 	 mrr: 0.079013	 ndcg_5: 0.0710	 ndcg_10: 0.0887	 hit@1:0.033818	 hit@5:0.1085	 hit@10: 0.1636
target best!
......................................................................................................................................................target: 	 mrr: 0.079004	 ndcg_5: 0.0698	 ndcg_10: 0.0885	 hit@1:0.034013	 hit@5:0.1053	 hit@10: 0.1640
epoch 17: train_loss = 1.197423, source_hit@10 = 0.1371, source_ndcg@10 = 0.0712, target_hit@10 = 0.1640, target_ndcg@10 = 0.0885

2024-08-04 20:29:41.938714: step 17046/75760 (epoch 18/80), loss = 1.197096 (243.868 sec/epoch), lr: 0.003610
Evaluating on dev set...
.......................................................................................................................................................................................................................
source: 	 mrr: 0.064850	 ndcg_5: 0.0568	 ndcg_10: 0.0729	 hit@1:0.025090	 hit@5:0.0880	 hit@10: 0.1382
target: 	 mrr: 0.075187	 ndcg_5: 0.0665	 ndcg_10: 0.0849	 hit@1:0.028949	 hit@5:0.1036	 hit@10: 0.1612
epoch 18: train_loss = 1.197096, source_hit@10 = 0.1382, source_ndcg@10 = 0.0729, target_hit@10 = 0.1612, target_ndcg@10 = 0.0849

2024-08-04 20:33:47.863506: step 17993/75760 (epoch 19/80), loss = 1.191543 (243.910 sec/epoch), lr: 0.003429
Evaluating on dev set...
.......................................................................................................................................................................................................................
source: 	 mrr: 0.053729	 ndcg_5: 0.0452	 ndcg_10: 0.0592	 hit@1:0.019012	 hit@5:0.0706	 hit@10: 0.1141
target: 	 mrr: 0.035246	 ndcg_5: 0.0264	 ndcg_10: 0.0331	 hit@1:0.012435	 hit@5:0.0401	 hit@10: 0.0609
epoch 19: train_loss = 1.191543, source_hit@10 = 0.1141, source_ndcg@10 = 0.0592, target_hit@10 = 0.0609, target_ndcg@10 = 0.0331

2024-08-04 20:37:53.940456: step 18940/75760 (epoch 20/80), loss = 1.189230 (244.058 sec/epoch), lr: 0.003258
Evaluating on dev set...
.......................................................................................................................................................................................................................
source: 	 mrr: 0.061921	 ndcg_5: 0.0523	 ndcg_10: 0.0697	 hit@1:0.020882	 hit@5:0.0835	 hit@10: 0.1378
target: 	 mrr: 0.069630	 ndcg_5: 0.0620	 ndcg_10: 0.0791	 hit@1:0.027568	 hit@5:0.0957	 hit@10: 0.1486
epoch 20: train_loss = 1.189230, source_hit@10 = 0.1378, source_ndcg@10 = 0.0697, target_hit@10 = 0.1486, target_ndcg@10 = 0.0791

2024-08-04 20:42:00.130466: step 19887/75760 (epoch 21/80), loss = 1.186735 (244.171 sec/epoch), lr: 0.003258
Evaluating on dev set...
.......................................................................................................................................................................................................................
source: 	 mrr: 0.061034	 ndcg_5: 0.0517	 ndcg_10: 0.0681	 hit@1:0.022129	 hit@5:0.0813	 hit@10: 0.1326
target: 	 mrr: 0.079284	 ndcg_5: 0.0715	 ndcg_10: 0.0900	 hit@1:0.031713	 hit@5:0.1105	 hit@10: 0.1681
target best!
......................................................................................................................................................target: 	 mrr: 0.079838	 ndcg_5: 0.0721	 ndcg_10: 0.0916	 hit@1:0.031024	 hit@5:0.1127	 hit@10: 0.1730
epoch 21: train_loss = 1.186735, source_hit@10 = 0.1326, source_ndcg@10 = 0.0681, target_hit@10 = 0.1730, target_ndcg@10 = 0.0916

2024-08-04 20:46:07.732883: step 20834/75760 (epoch 22/80), loss = 1.186132 (244.261 sec/epoch), lr: 0.003258
Evaluating on dev set...
.......................................................................................................................................................................................................................
source: 	 mrr: 0.061254	 ndcg_5: 0.0514	 ndcg_10: 0.0674	 hit@1:0.022440	 hit@5:0.0799	 hit@10: 0.1295
target: 	 mrr: 0.070904	 ndcg_5: 0.0608	 ndcg_10: 0.0797	 hit@1:0.029541	 hit@5:0.0924	 hit@10: 0.1509
epoch 22: train_loss = 1.186132, source_hit@10 = 0.1295, source_ndcg@10 = 0.0674, target_hit@10 = 0.1509, target_ndcg@10 = 0.0797

2024-08-04 20:50:13.451883: step 21781/75760 (epoch 23/80), loss = 1.176591 (243.670 sec/epoch), lr: 0.003095
Evaluating on dev set...
.......................................................................................................................................................................................................................
source: 	 mrr: 0.033719	 ndcg_5: 0.0270	 ndcg_10: 0.0344	 hit@1:0.012623	 hit@5:0.0407	 hit@10: 0.0637
target: 	 mrr: 0.081998	 ndcg_5: 0.0725	 ndcg_10: 0.0939	 hit@1:0.033292	 hit@5:0.1110	 hit@10: 0.1774
target best!
......................................................................................................................................................target: 	 mrr: 0.082588	 ndcg_5: 0.0740	 ndcg_10: 0.0947	 hit@1:0.032950	 hit@5:0.1154	 hit@10: 0.1796
epoch 23: train_loss = 1.176591, source_hit@10 = 0.0637, source_ndcg@10 = 0.0344, target_hit@10 = 0.1796, target_ndcg@10 = 0.0947

2024-08-04 20:54:20.978909: step 22728/75760 (epoch 24/80), loss = 1.171075 (244.147 sec/epoch), lr: 0.002940
Evaluating on dev set...
.......................................................................................................................................................................................................................
source: 	 mrr: 0.024003	 ndcg_5: 0.0178	 ndcg_10: 0.0241	 hit@1:0.006389	 hit@5:0.0295	 hit@10: 0.0494
target: 	 mrr: 0.052898	 ndcg_5: 0.0409	 ndcg_10: 0.0579	 hit@1:0.016514	 hit@5:0.0660	 hit@10: 0.1191
epoch 24: train_loss = 1.171075, source_hit@10 = 0.0494, source_ndcg@10 = 0.0241, target_hit@10 = 0.1191, target_ndcg@10 = 0.0579

2024-08-04 20:58:27.042555: step 23675/75760 (epoch 25/80), loss = 1.168617 (244.043 sec/epoch), lr: 0.002793
Evaluating on dev set...
.......................................................................................................................................................................................................................
source: 	 mrr: 0.067181	 ndcg_5: 0.0582	 ndcg_10: 0.0747	 hit@1:0.026025	 hit@5:0.0904	 hit@10: 0.1418
target: 	 mrr: 0.081997	 ndcg_5: 0.0741	 ndcg_10: 0.0933	 hit@1:0.031384	 hit@5:0.1157	 hit@10: 0.1756
epoch 25: train_loss = 1.168617, source_hit@10 = 0.1418, source_ndcg@10 = 0.0747, target_hit@10 = 0.1756, target_ndcg@10 = 0.0933

2024-08-04 21:02:33.542157: step 24622/75760 (epoch 26/80), loss = 1.170111 (244.478 sec/epoch), lr: 0.002793
Evaluating on dev set...
.......................................................................................................................................................................................................................
source: 	 mrr: 0.076322	 ndcg_5: 0.0683	 ndcg_10: 0.0861	 hit@1:0.031167	 hit@5:0.1041	 hit@10: 0.1594
target: 	 mrr: 0.084595	 ndcg_5: 0.0764	 ndcg_10: 0.0959	 hit@1:0.035463	 hit@5:0.1176	 hit@10: 0.1778
source best!
...............................................................
source: 	 mrr: 0.078856	 ndcg_5: 0.0697	 ndcg_10: 0.0885	 hit@1:0.032743	 hit@5:0.1049	 hit@10: 0.1632
target best!
......................................................................................................................................................target: 	 mrr: 0.083460	 ndcg_5: 0.0756	 ndcg_10: 0.0957	 hit@1:0.032884	 hit@5:0.1184	 hit@10: 0.1811
epoch 26: train_loss = 1.170111, source_hit@10 = 0.1632, source_ndcg@10 = 0.0885, target_hit@10 = 0.1811, target_ndcg@10 = 0.0957
new best model saved.

2024-08-04 21:06:41.371923: step 25569/75760 (epoch 27/80), loss = 1.165983 (243.750 sec/epoch), lr: 0.002793
Evaluating on dev set...
.......................................................................................................................................................................................................................
source: 	 mrr: 0.078152	 ndcg_5: 0.0702	 ndcg_10: 0.0883	 hit@1:0.034596	 hit@5:0.1069	 hit@10: 0.1635
target: 	 mrr: 0.075550	 ndcg_5: 0.0672	 ndcg_10: 0.0847	 hit@1:0.028555	 hit@5:0.1051	 hit@10: 0.1599
source best!
...............................................................
source: 	 mrr: 0.082918	 ndcg_5: 0.0733	 ndcg_10: 0.0922	 hit@1:0.035590	 hit@5:0.1084	 hit@10: 0.1669
epoch 27: train_loss = 1.165983, source_hit@10 = 0.1669, source_ndcg@10 = 0.0922, target_hit@10 = 0.1599, target_ndcg@10 = 0.0847

2024-08-04 21:10:47.873105: step 26516/75760 (epoch 28/80), loss = 1.163631 (243.921 sec/epoch), lr: 0.002654
Evaluating on dev set...
.......................................................................................................................................................................................................................
source: 	 mrr: 0.071848	 ndcg_5: 0.0635	 ndcg_10: 0.0804	 hit@1:0.029141	 hit@5:0.0971	 hit@10: 0.1493
target: 	 mrr: 0.079864	 ndcg_5: 0.0712	 ndcg_10: 0.0894	 hit@1:0.031647	 hit@5:0.1100	 hit@10: 0.1662
epoch 28: train_loss = 1.163631, source_hit@10 = 0.1493, source_ndcg@10 = 0.0804, target_hit@10 = 0.1662, target_ndcg@10 = 0.0894

2024-08-04 21:14:53.551621: step 27463/75760 (epoch 29/80), loss = 1.161733 (243.641 sec/epoch), lr: 0.002521
Evaluating on dev set...
.......................................................................................................................................................................................................................
source: 	 mrr: 0.063295	 ndcg_5: 0.0542	 ndcg_10: 0.0701	 hit@1:0.022752	 hit@5:0.0851	 hit@10: 0.1346
target: 	 mrr: 0.075437	 ndcg_5: 0.0652	 ndcg_10: 0.0861	 hit@1:0.028949	 hit@5:0.1011	 hit@10: 0.1659
epoch 29: train_loss = 1.161733, source_hit@10 = 0.1346, source_ndcg@10 = 0.0701, target_hit@10 = 0.1659, target_ndcg@10 = 0.0861

2024-08-04 21:18:59.361181: step 28410/75760 (epoch 30/80), loss = 1.158875 (243.780 sec/epoch), lr: 0.002395
Evaluating on dev set...
.......................................................................................................................................................................................................................
source: 	 mrr: 0.073316	 ndcg_5: 0.0641	 ndcg_10: 0.0826	 hit@1:0.030232	 hit@5:0.0974	 hit@10: 0.1549
target: 	 mrr: 0.069467	 ndcg_5: 0.0601	 ndcg_10: 0.0777	 hit@1:0.026449	 hit@5:0.0937	 hit@10: 0.1484
epoch 30: train_loss = 1.158875, source_hit@10 = 0.1549, source_ndcg@10 = 0.0826, target_hit@10 = 0.1484, target_ndcg@10 = 0.0777

2024-08-04 21:23:05.398838: step 29357/75760 (epoch 31/80), loss = 1.157594 (244.030 sec/epoch), lr: 0.002395
Evaluating on dev set...
.......................................................................................................................................................................................................................
source: 	 mrr: 0.058117	 ndcg_5: 0.0483	 ndcg_10: 0.0647	 hit@1:0.020570	 hit@5:0.0768	 hit@10: 0.1281
target: 	 mrr: 0.080639	 ndcg_5: 0.0716	 ndcg_10: 0.0904	 hit@1:0.033489	 hit@5:0.1097	 hit@10: 0.1682
epoch 31: train_loss = 1.157594, source_hit@10 = 0.1281, source_ndcg@10 = 0.0647, target_hit@10 = 0.1682, target_ndcg@10 = 0.0904

2024-08-04 21:27:11.915922: step 30304/75760 (epoch 32/80), loss = 1.151299 (244.501 sec/epoch), lr: 0.002275
Evaluating on dev set...
.......................................................................................................................................................................................................................
source: 	 mrr: 0.076757	 ndcg_5: 0.0688	 ndcg_10: 0.0865	 hit@1:0.031011	 hit@5:0.1064	 hit@10: 0.1621
target: 	 mrr: 0.085385	 ndcg_5: 0.0760	 ndcg_10: 0.0958	 hit@1:0.036976	 hit@5:0.1144	 hit@10: 0.1761
target best!
......................................................................................................................................................target: 	 mrr: 0.084672	 ndcg_5: 0.0755	 ndcg_10: 0.0954	 hit@1:0.035940	 hit@5:0.1152	 hit@10: 0.1771
epoch 32: train_loss = 1.151299, source_hit@10 = 0.1621, source_ndcg@10 = 0.0865, target_hit@10 = 0.1771, target_ndcg@10 = 0.0954

2024-08-04 21:31:19.418444: step 31251/75760 (epoch 33/80), loss = 1.148954 (244.155 sec/epoch), lr: 0.002275
Evaluating on dev set...
.......................................................................................................................................................................................................................
source: 	 mrr: 0.072960	 ndcg_5: 0.0632	 ndcg_10: 0.0816	 hit@1:0.030076	 hit@5:0.0966	 hit@10: 0.1537
target: 	 mrr: 0.078600	 ndcg_5: 0.0701	 ndcg_10: 0.0906	 hit@1:0.029278	 hit@5:0.1110	 hit@10: 0.1747
epoch 33: train_loss = 1.148954, source_hit@10 = 0.1537, source_ndcg@10 = 0.0816, target_hit@10 = 0.1747, target_ndcg@10 = 0.0906

2024-08-04 21:35:24.942329: step 32198/75760 (epoch 34/80), loss = 1.146379 (243.476 sec/epoch), lr: 0.002161
Evaluating on dev set...
.......................................................................................................................................................................................................................
source: 	 mrr: 0.074963	 ndcg_5: 0.0658	 ndcg_10: 0.0837	 hit@1:0.031635	 hit@5:0.0996	 hit@10: 0.1549
target: 	 mrr: 0.087449	 ndcg_5: 0.0788	 ndcg_10: 0.0983	 hit@1:0.037108	 hit@5:0.1196	 hit@10: 0.1799
target best!
......................................................................................................................................................target: 	 mrr: 0.089484	 ndcg_5: 0.0801	 ndcg_10: 0.0994	 hit@1:0.039992	 hit@5:0.1187	 hit@10: 0.1788
epoch 34: train_loss = 1.146379, source_hit@10 = 0.1549, source_ndcg@10 = 0.0837, target_hit@10 = 0.1788, target_ndcg@10 = 0.0994

2024-08-04 21:39:32.459887: step 33145/75760 (epoch 35/80), loss = 1.143972 (244.134 sec/epoch), lr: 0.002161
Evaluating on dev set...
.......................................................................................................................................................................................................................
source: 	 mrr: 0.076328	 ndcg_5: 0.0673	 ndcg_10: 0.0841	 hit@1:0.032258	 hit@5:0.1019	 hit@10: 0.1546
target: 	 mrr: 0.075448	 ndcg_5: 0.0663	 ndcg_10: 0.0860	 hit@1:0.027568	 hit@5:0.1051	 hit@10: 0.1661
epoch 35: train_loss = 1.143972, source_hit@10 = 0.1546, source_ndcg@10 = 0.0841, target_hit@10 = 0.1661, target_ndcg@10 = 0.0860

2024-08-04 21:43:38.386768: step 34092/75760 (epoch 36/80), loss = 1.141934 (243.904 sec/epoch), lr: 0.002053
Evaluating on dev set...
.......................................................................................................................................................................................................................
source: 	 mrr: 0.080246	 ndcg_5: 0.0708	 ndcg_10: 0.0895	 hit@1:0.035375	 hit@5:0.1055	 hit@10: 0.1633
target: 	 mrr: 0.077009	 ndcg_5: 0.0685	 ndcg_10: 0.0875	 hit@1:0.029541	 hit@5:0.1070	 hit@10: 0.1663
source best!
...............................................................
source: 	 mrr: 0.083639	 ndcg_5: 0.0752	 ndcg_10: 0.0953	 hit@1:0.035748	 hit@5:0.1134	 hit@10: 0.1762
epoch 36: train_loss = 1.141934, source_hit@10 = 0.1762, source_ndcg@10 = 0.0953, target_hit@10 = 0.1663, target_ndcg@10 = 0.0875

2024-08-04 21:47:45.177808: step 35039/75760 (epoch 37/80), loss = 1.137979 (244.227 sec/epoch), lr: 0.002053
Evaluating on dev set...
.......................................................................................................................................................................................................................
source: 	 mrr: 0.076099	 ndcg_5: 0.0665	 ndcg_10: 0.0847	 hit@1:0.031479	 hit@5:0.1005	 hit@10: 0.1568
target: 	 mrr: 0.084063	 ndcg_5: 0.0736	 ndcg_10: 0.0940	 hit@1:0.036713	 hit@5:0.1106	 hit@10: 0.1742
epoch 37: train_loss = 1.137979, source_hit@10 = 0.1568, source_ndcg@10 = 0.0847, target_hit@10 = 0.1742, target_ndcg@10 = 0.0940

2024-08-04 21:51:50.936530: step 35986/75760 (epoch 38/80), loss = 1.136840 (243.705 sec/epoch), lr: 0.002053
Evaluating on dev set...
.......................................................................................................................................................................................................................
source: 	 mrr: 0.079729	 ndcg_5: 0.0711	 ndcg_10: 0.0893	 hit@1:0.034440	 hit@5:0.1071	 hit@10: 0.1639
target: 	 mrr: 0.083915	 ndcg_5: 0.0745	 ndcg_10: 0.0941	 hit@1:0.036581	 hit@5:0.1120	 hit@10: 0.1732
epoch 38: train_loss = 1.136840, source_hit@10 = 0.1639, source_ndcg@10 = 0.0893, target_hit@10 = 0.1732, target_ndcg@10 = 0.0941

2024-08-04 21:55:57.386681: step 36933/75760 (epoch 39/80), loss = 1.132571 (244.330 sec/epoch), lr: 0.002053
Evaluating on dev set...
.......................................................................................................................................................................................................................
source: 	 mrr: 0.082031	 ndcg_5: 0.0731	 ndcg_10: 0.0922	 hit@1:0.036466	 hit@5:0.1097	 hit@10: 0.1689
target: 	 mrr: 0.080733	 ndcg_5: 0.0706	 ndcg_10: 0.0894	 hit@1:0.034542	 hit@5:0.1067	 hit@10: 0.1653
source best!
...............................................................
source: 	 mrr: 0.084889	 ndcg_5: 0.0760	 ndcg_10: 0.0964	 hit@1:0.037646	 hit@5:0.1142	 hit@10: 0.1780
epoch 39: train_loss = 1.132571, source_hit@10 = 0.1780, source_ndcg@10 = 0.0964, target_hit@10 = 0.1653, target_ndcg@10 = 0.0894

2024-08-04 22:00:03.531076: step 37880/75760 (epoch 40/80), loss = 1.128252 (243.560 sec/epoch), lr: 0.001951
Evaluating on dev set...
.......................................................................................................................................................................................................................
source: 	 mrr: 0.078486	 ndcg_5: 0.0703	 ndcg_10: 0.0887	 hit@1:0.033037	 hit@5:0.1075	 hit@10: 0.1652
target: 	 mrr: 0.072261	 ndcg_5: 0.0624	 ndcg_10: 0.0815	 hit@1:0.027962	 hit@5:0.0970	 hit@10: 0.1562
epoch 40: train_loss = 1.128252, source_hit@10 = 0.1652, source_ndcg@10 = 0.0887, target_hit@10 = 0.1562, target_ndcg@10 = 0.0815
shift to transfer learning mode

2024-08-04 22:04:10.392683: step 38827/75760 (epoch 41/80), loss = 1.124592 (244.859 sec/epoch), lr: 0.001853
Evaluating on dev set...
.......................................................................................................................................................................................................................
source: 	 mrr: 0.075937	 ndcg_5: 0.0656	 ndcg_10: 0.0854	 hit@1:0.033661	 hit@5:0.0979	 hit@10: 0.1596
target: 	 mrr: 0.080755	 ndcg_5: 0.0707	 ndcg_10: 0.0917	 hit@1:0.032239	 hit@5:0.1090	 hit@10: 0.1745
epoch 41: train_loss = 1.124592, source_hit@10 = 0.1596, source_ndcg@10 = 0.0854, target_hit@10 = 0.1745, target_ndcg@10 = 0.0917

2024-08-04 22:08:18.311918: step 39774/75760 (epoch 42/80), loss = 1.123781 (245.889 sec/epoch), lr: 0.001853
Evaluating on dev set...
.......................................................................................................................................................................................................................
source: 	 mrr: 0.074552	 ndcg_5: 0.0657	 ndcg_10: 0.0842	 hit@1:0.028050	 hit@5:0.1019	 hit@10: 0.1594
target: 	 mrr: 0.081471	 ndcg_5: 0.0727	 ndcg_10: 0.0901	 hit@1:0.036516	 hit@5:0.1082	 hit@10: 0.1625
epoch 42: train_loss = 1.123781, source_hit@10 = 0.1594, source_ndcg@10 = 0.0842, target_hit@10 = 0.1625, target_ndcg@10 = 0.0901

2024-08-04 22:12:25.778935: step 40721/75760 (epoch 43/80), loss = 1.118586 (245.436 sec/epoch), lr: 0.001761
Evaluating on dev set...
.......................................................................................................................................................................................................................
source: 	 mrr: 0.083409	 ndcg_5: 0.0740	 ndcg_10: 0.0938	 hit@1:0.038180	 hit@5:0.1094	 hit@10: 0.1711
target: 	 mrr: 0.071760	 ndcg_5: 0.0648	 ndcg_10: 0.0806	 hit@1:0.027765	 hit@5:0.1011	 hit@10: 0.1501
source best!
...............................................................
source: 	 mrr: 0.084434	 ndcg_5: 0.0759	 ndcg_10: 0.0946	 hit@1:0.036065	 hit@5:0.1142	 hit@10: 0.1724
epoch 43: train_loss = 1.118586, source_hit@10 = 0.1724, source_ndcg@10 = 0.0946, target_hit@10 = 0.1501, target_ndcg@10 = 0.0806

2024-08-04 22:16:34.039297: step 41668/75760 (epoch 44/80), loss = 1.115141 (245.668 sec/epoch), lr: 0.001672
Evaluating on dev set...
.......................................................................................................................................................................................................................
source: 	 mrr: 0.079298	 ndcg_5: 0.0699	 ndcg_10: 0.0897	 hit@1:0.033037	 hit@5:0.1060	 hit@10: 0.1675
target: 	 mrr: 0.090364	 ndcg_5: 0.0815	 ndcg_10: 0.1006	 hit@1:0.041187	 hit@5:0.1209	 hit@10: 0.1803
target best!
......................................................................................................................................................target: 	 mrr: 0.091216	 ndcg_5: 0.0823	 ndcg_10: 0.1019	 hit@1:0.041653	 hit@5:0.1223	 hit@10: 0.1833
epoch 44: train_loss = 1.115141, source_hit@10 = 0.1675, source_ndcg@10 = 0.0897, target_hit@10 = 0.1833, target_ndcg@10 = 0.1019

2024-08-04 22:20:42.621395: step 42615/75760 (epoch 45/80), loss = 1.112006 (245.260 sec/epoch), lr: 0.001672
Evaluating on dev set...
.......................................................................................................................................................................................................................
source: 	 mrr: 0.082845	 ndcg_5: 0.0757	 ndcg_10: 0.0938	 hit@1:0.034284	 hit@5:0.1161	 hit@10: 0.1724
target: 	 mrr: 0.089627	 ndcg_5: 0.0811	 ndcg_10: 0.0999	 hit@1:0.040068	 hit@5:0.1213	 hit@10: 0.1797
epoch 45: train_loss = 1.112006, source_hit@10 = 0.1724, source_ndcg@10 = 0.0938, target_hit@10 = 0.1797, target_ndcg@10 = 0.0999

2024-08-04 22:24:51.337930: step 43562/75760 (epoch 46/80), loss = 1.109227 (246.706 sec/epoch), lr: 0.001672
Evaluating on dev set...
.......................................................................................................................................................................................................................
source: 	 mrr: 0.072068	 ndcg_5: 0.0609	 ndcg_10: 0.0817	 hit@1:0.028050	 hit@5:0.0929	 hit@10: 0.1572
target: 	 mrr: 0.085156	 ndcg_5: 0.0763	 ndcg_10: 0.0950	 hit@1:0.037700	 hit@5:0.1145	 hit@10: 0.1728
epoch 46: train_loss = 1.109227, source_hit@10 = 0.1572, source_ndcg@10 = 0.0817, target_hit@10 = 0.1728, target_ndcg@10 = 0.0950

2024-08-04 22:28:59.005453: step 44509/75760 (epoch 47/80), loss = 1.105095 (245.578 sec/epoch), lr: 0.001589
Evaluating on dev set...
.......................................................................................................................................................................................................................
source: 	 mrr: 0.075446	 ndcg_5: 0.0677	 ndcg_10: 0.0842	 hit@1:0.030232	 hit@5:0.1053	 hit@10: 0.1568
target: 	 mrr: 0.086324	 ndcg_5: 0.0776	 ndcg_10: 0.0974	 hit@1:0.036976	 hit@5:0.1182	 hit@10: 0.1799
epoch 47: train_loss = 1.105095, source_hit@10 = 0.1568, source_ndcg@10 = 0.0842, target_hit@10 = 0.1799, target_ndcg@10 = 0.0974

2024-08-04 22:33:06.527105: step 45456/75760 (epoch 48/80), loss = 1.102687 (245.496 sec/epoch), lr: 0.001589
Evaluating on dev set...
.......................................................................................................................................................................................................................
source: 	 mrr: 0.081675	 ndcg_5: 0.0743	 ndcg_10: 0.0937	 hit@1:0.032258	 hit@5:0.1147	 hit@10: 0.1748
target: 	 mrr: 0.090880	 ndcg_5: 0.0834	 ndcg_10: 0.1016	 hit@1:0.040266	 hit@5:0.1261	 hit@10: 0.1828
target best!
......................................................................................................................................................target: 	 mrr: 0.092164	 ndcg_5: 0.0847	 ndcg_10: 0.1036	 hit@1:0.040457	 hit@5:0.1278	 hit@10: 0.1866
epoch 48: train_loss = 1.102687, source_hit@10 = 0.1748, source_ndcg@10 = 0.0937, target_hit@10 = 0.1866, target_ndcg@10 = 0.1036

2024-08-04 22:37:16.062762: step 46403/75760 (epoch 49/80), loss = 1.099169 (246.203 sec/epoch), lr: 0.001589
Evaluating on dev set...
.......................................................................................................................................................................................................................
source: 	 mrr: 0.076363	 ndcg_5: 0.0676	 ndcg_10: 0.0867	 hit@1:0.029921	 hit@5:0.1053	 hit@10: 0.1643
target: 	 mrr: 0.092455	 ndcg_5: 0.0838	 ndcg_10: 0.1038	 hit@1:0.042700	 hit@5:0.1249	 hit@10: 0.1871
target best!
......................................................................................................................................................target: 	 mrr: 0.092826	 ndcg_5: 0.0841	 ndcg_10: 0.1043	 hit@1:0.042716	 hit@5:0.1253	 hit@10: 0.1883
epoch 49: train_loss = 1.099169, source_hit@10 = 0.1643, source_ndcg@10 = 0.0867, target_hit@10 = 0.1883, target_ndcg@10 = 0.1043

2024-08-04 22:41:25.711277: step 47350/75760 (epoch 50/80), loss = 1.096012 (246.321 sec/epoch), lr: 0.001509
Evaluating on dev set...
.......................................................................................................................................................................................................................
source: 	 mrr: 0.085428	 ndcg_5: 0.0773	 ndcg_10: 0.0971	 hit@1:0.037556	 hit@5:0.1170	 hit@10: 0.1783
target: 	 mrr: 0.091692	 ndcg_5: 0.0831	 ndcg_10: 0.1020	 hit@1:0.042240	 hit@5:0.1232	 hit@10: 0.1819
source best!
...............................................................
source: 	 mrr: 0.088428	 ndcg_5: 0.0783	 ndcg_10: 0.0984	 hit@1:0.040494	 hit@5:0.1153	 hit@10: 0.1780
epoch 50: train_loss = 1.096012, source_hit@10 = 0.1780, source_ndcg@10 = 0.0984, target_hit@10 = 0.1819, target_ndcg@10 = 0.1020
new best model saved.

2024-08-04 22:45:33.920445: step 48297/75760 (epoch 51/80), loss = 1.095008 (245.428 sec/epoch), lr: 0.001509
Evaluating on dev set...
.......................................................................................................................................................................................................................
source: 	 mrr: 0.081764	 ndcg_5: 0.0730	 ndcg_10: 0.0914	 hit@1:0.034751	 hit@5:0.1105	 hit@10: 0.1674
target: 	 mrr: 0.076177	 ndcg_5: 0.0656	 ndcg_10: 0.0845	 hit@1:0.031647	 hit@5:0.0995	 hit@10: 0.1582
epoch 51: train_loss = 1.095008, source_hit@10 = 0.1674, source_ndcg@10 = 0.0914, target_hit@10 = 0.1582, target_ndcg@10 = 0.0845

2024-08-04 22:49:40.999067: step 49244/75760 (epoch 52/80), loss = 1.089564 (245.040 sec/epoch), lr: 0.001434
Evaluating on dev set...
.......................................................................................................................................................................................................................
source: 	 mrr: 0.075919	 ndcg_5: 0.0668	 ndcg_10: 0.0842	 hit@1:0.031791	 hit@5:0.1018	 hit@10: 0.1555
target: 	 mrr: 0.085235	 ndcg_5: 0.0768	 ndcg_10: 0.0968	 hit@1:0.034213	 hit@5:0.1190	 hit@10: 0.1810
epoch 52: train_loss = 1.089564, source_hit@10 = 0.1555, source_ndcg@10 = 0.0842, target_hit@10 = 0.1810, target_ndcg@10 = 0.0968

2024-08-04 22:53:49.549137: step 50191/75760 (epoch 53/80), loss = 1.089758 (246.510 sec/epoch), lr: 0.001434
Evaluating on dev set...
.......................................................................................................................................................................................................................
source: 	 mrr: 0.077371	 ndcg_5: 0.0687	 ndcg_10: 0.0859	 hit@1:0.032414	 hit@5:0.1050	 hit@10: 0.1586
target: 	 mrr: 0.090033	 ndcg_5: 0.0808	 ndcg_10: 0.1001	 hit@1:0.042437	 hit@5:0.1179	 hit@10: 0.1780
epoch 53: train_loss = 1.089758, source_hit@10 = 0.1586, source_ndcg@10 = 0.0859, target_hit@10 = 0.1780, target_ndcg@10 = 0.1001

2024-08-04 22:57:51.908473: step 51138/75760 (epoch 54/80), loss = 1.088748 (240.357 sec/epoch), lr: 0.001434
Evaluating on dev set...
.......................................................................................................................................................................................................................
source: 	 mrr: 0.082264	 ndcg_5: 0.0737	 ndcg_10: 0.0932	 hit@1:0.034596	 hit@5:0.1114	 hit@10: 0.1722
target: 	 mrr: 0.079394	 ndcg_5: 0.0691	 ndcg_10: 0.0894	 hit@1:0.031713	 hit@5:0.1061	 hit@10: 0.1694
epoch 54: train_loss = 1.088748, source_hit@10 = 0.1722, source_ndcg@10 = 0.0932, target_hit@10 = 0.1694, target_ndcg@10 = 0.0894

2024-08-04 23:01:53.616544: step 52085/75760 (epoch 55/80), loss = 1.082853 (239.709 sec/epoch), lr: 0.001362
Evaluating on dev set...
.......................................................................................................................................................................................................................
source: 	 mrr: 0.078613	 ndcg_5: 0.0696	 ndcg_10: 0.0896	 hit@1:0.031479	 hit@5:0.1064	 hit@10: 0.1686
target: 	 mrr: 0.097107	 ndcg_5: 0.0891	 ndcg_10: 0.1086	 hit@1:0.045595	 hit@5:0.1311	 hit@10: 0.1919
target best!
......................................................................................................................................................target: 	 mrr: 0.098130	 ndcg_5: 0.0893	 ndcg_10: 0.1099	 hit@1:0.046835	 hit@5:0.1303	 hit@10: 0.1943
epoch 55: train_loss = 1.082853, source_hit@10 = 0.1686, source_ndcg@10 = 0.0896, target_hit@10 = 0.1943, target_ndcg@10 = 0.1099

2024-08-04 23:05:55.683418: step 53032/75760 (epoch 56/80), loss = 1.081731 (238.767 sec/epoch), lr: 0.001362
Evaluating on dev set...
.......................................................................................................................................................................................................................
source: 	 mrr: 0.068484	 ndcg_5: 0.0607	 ndcg_10: 0.0775	 hit@1:0.026336	 hit@5:0.0957	 hit@10: 0.1482
target: 	 mrr: 0.098521	 ndcg_5: 0.0898	 ndcg_10: 0.1092	 hit@1:0.047898	 hit@5:0.1302	 hit@10: 0.1905
target best!
......................................................................................................................................................target: 	 mrr: 0.097724	 ndcg_5: 0.0888	 ndcg_10: 0.1093	 hit@1:0.046835	 hit@5:0.1295	 hit@10: 0.1931
epoch 56: train_loss = 1.081731, source_hit@10 = 0.1482, source_ndcg@10 = 0.0775, target_hit@10 = 0.1931, target_ndcg@10 = 0.1093

2024-08-04 23:09:58.028877: step 53979/75760 (epoch 57/80), loss = 1.077709 (239.075 sec/epoch), lr: 0.001294
Evaluating on dev set...
.......................................................................................................................................................................................................................
source: 	 mrr: 0.077667	 ndcg_5: 0.0686	 ndcg_10: 0.0871	 hit@1:0.032881	 hit@5:0.1035	 hit@10: 0.1611
target: 	 mrr: 0.090167	 ndcg_5: 0.0813	 ndcg_10: 0.0996	 hit@1:0.042108	 hit@5:0.1197	 hit@10: 0.1766
epoch 57: train_loss = 1.077709, source_hit@10 = 0.1611, source_ndcg@10 = 0.0871, target_hit@10 = 0.1766, target_ndcg@10 = 0.0996

2024-08-04 23:13:58.794130: step 54926/75760 (epoch 58/80), loss = 1.077152 (238.780 sec/epoch), lr: 0.001294
Evaluating on dev set...
.......................................................................................................................................................................................................................
source: 	 mrr: 0.080398	 ndcg_5: 0.0730	 ndcg_10: 0.0912	 hit@1:0.032881	 hit@5:0.1113	 hit@10: 0.1677
target: 	 mrr: 0.096646	 ndcg_5: 0.0887	 ndcg_10: 0.1092	 hit@1:0.045200	 hit@5:0.1313	 hit@10: 0.1947
epoch 58: train_loss = 1.077152, source_hit@10 = 0.1677, source_ndcg@10 = 0.0912, target_hit@10 = 0.1947, target_ndcg@10 = 0.1092

2024-08-04 23:17:59.269358: step 55873/75760 (epoch 59/80), loss = 1.077079 (238.499 sec/epoch), lr: 0.001294
Evaluating on dev set...
.......................................................................................................................................................................................................................
source: 	 mrr: 0.087952	 ndcg_5: 0.0819	 ndcg_10: 0.0994	 hit@1:0.039582	 hit@5:0.1240	 hit@10: 0.1786
target: 	 mrr: 0.091612	 ndcg_5: 0.0841	 ndcg_10: 0.1025	 hit@1:0.042174	 hit@5:0.1244	 hit@10: 0.1813
source best!
...............................................................
source: 	 mrr: 0.086410	 ndcg_5: 0.0783	 ndcg_10: 0.0984	 hit@1:0.036539	 hit@5:0.1188	 hit@10: 0.1810
epoch 59: train_loss = 1.077079, source_hit@10 = 0.1810, source_ndcg@10 = 0.0984, target_hit@10 = 0.1813, target_ndcg@10 = 0.1025

2024-08-04 23:22:00.213801: step 56820/75760 (epoch 60/80), loss = 1.077268 (238.430 sec/epoch), lr: 0.001294
Evaluating on dev set...
.......................................................................................................................................................................................................................
source: 	 mrr: 0.082519	 ndcg_5: 0.0748	 ndcg_10: 0.0935	 hit@1:0.035219	 hit@5:0.1145	 hit@10: 0.1727
target: 	 mrr: 0.093497	 ndcg_5: 0.0848	 ndcg_10: 0.1056	 hit@1:0.041976	 hit@5:0.1264	 hit@10: 0.1910
epoch 60: train_loss = 1.077268, source_hit@10 = 0.1727, source_ndcg@10 = 0.0935, target_hit@10 = 0.1910, target_ndcg@10 = 0.1056

