nohup: ignoring input
using gpu:0 to train the model
using gpu:0 to train the model
cuda:0
Namespace(A_split=False, JK='sum', a_fold=100, aggregate=False, alpha=0.4, batch_size=1024, beta_inter=0.55, conv_layers=4, cuda=True, decay_epoch=10, device=device(type='cuda', index=0), device_id='0', domains='cell_electronic', dropout=0.4, epoch=80, feature_dim=126, hidden_dim=126, inter_tau=0.2, intra_tau=1, lambda_critic=0.4, leakey=0.05, load=False, log='logs.txt', log_epoch=1, lr=0.004, lr_decay=0.95, min_epoch=50, mode='train', model_file=None, model_name='ce', momentum=0.98, num_latent_factors=3, num_negative=100, optim='adam', patience=20, proj_layers=1, projection=1, rectify_epoch=30, residual=1, save=False, save_dir='./saved_models', seed=32, similarity_tau=0.1, test_sample_number=999, user_batch_size=256, weight_decay=0.0002)
number_user 27519
number_item 9481
/home/hourun/invariantCDR_v2/invariantCDR/utils/GraphMaker.py:46: RuntimeWarning: divide by zero encountered in power
  r_inv = np.power(rowsum, -1).flatten()
real graph loaded!
number_user 107984
number_item 40460
real graph loaded!
graph loaded!
Loading data from cell_electronic with batch size 1024...
unseen test: 0
test length: 6417
unseen test: 0
test length: 6322
unseen test: 0
test length: 15199
unseen test: 0
test length: 15053
source_user_num 27519
target_user_num 107984
source_item_num 9481
target_item_num 40460
shared users id: 16337
test users 2049, 2042
unseen test: 0
dev length: 1000
unseen test: 0
dev length: 1000
source train data : 148271, target train data: 821301, source test data : 6322, target test data : 15053, source dev data : 1000, target dev data : 1000
2024-08-07 15:45:34.398547: step 947/75760 (epoch 1/80), loss = 1.364330 (243.068 sec/epoch), lr: 0.004000
Evaluating on dev set...
.......................................................................................................................................................................................................................
source: 	 mrr: 0.061410	 ndcg_5: 0.0513	 ndcg_10: 0.0695	 hit@1:0.021194	 hit@5:0.0823	 hit@10: 0.1388
target: 	 mrr: 0.062377	 ndcg_5: 0.0517	 ndcg_10: 0.0717	 hit@1:0.020396	 hit@5:0.0838	 hit@10: 0.1463
source best!
...............................................................
source: 	 mrr: 0.064219	 ndcg_5: 0.0539	 ndcg_10: 0.0708	 hit@1:0.022936	 hit@5:0.0849	 hit@10: 0.1378
target best!
......................................................................................................................................................target: 	 mrr: 0.063458	 ndcg_5: 0.0524	 ndcg_10: 0.0718	 hit@1:0.022055	 hit@5:0.0837	 hit@10: 0.1441
epoch 1: train_loss = 1.364330, source_hit@10 = 0.1378, source_ndcg@10 = 0.0708, target_hit@10 = 0.1441, target_ndcg@10 = 0.0718

2024-08-07 15:49:42.704057: step 1894/75760 (epoch 2/80), loss = 1.276563 (244.337 sec/epoch), lr: 0.004000
Evaluating on dev set...
.......................................................................................................................................................................................................................
source: 	 mrr: 0.057241	 ndcg_5: 0.0502	 ndcg_10: 0.0639	 hit@1:0.019012	 hit@5:0.0804	 hit@10: 0.1230
target: 	 mrr: 0.050303	 ndcg_5: 0.0400	 ndcg_10: 0.0572	 hit@1:0.014738	 hit@5:0.0661	 hit@10: 0.1200
epoch 2: train_loss = 1.276563, source_hit@10 = 0.1230, source_ndcg@10 = 0.0639, target_hit@10 = 0.1200, target_ndcg@10 = 0.0572

2024-08-07 15:53:49.455789: step 2841/75760 (epoch 3/80), loss = 1.260892 (244.740 sec/epoch), lr: 0.004000
Evaluating on dev set...
.......................................................................................................................................................................................................................
source: 	 mrr: 0.056725	 ndcg_5: 0.0493	 ndcg_10: 0.0633	 hit@1:0.021194	 hit@5:0.0767	 hit@10: 0.1200
target: 	 mrr: 0.063013	 ndcg_5: 0.0538	 ndcg_10: 0.0740	 hit@1:0.018620	 hit@5:0.0896	 hit@10: 0.1522
target best!
......................................................................................................................................................target: 	 mrr: 0.064409	 ndcg_5: 0.0547	 ndcg_10: 0.0759	 hit@1:0.020594	 hit@5:0.0901	 hit@10: 0.1557
epoch 3: train_loss = 1.260892, source_hit@10 = 0.1200, source_ndcg@10 = 0.0633, target_hit@10 = 0.1557, target_ndcg@10 = 0.0759
new best model saved.

2024-08-07 15:57:57.779179: step 3788/75760 (epoch 4/80), loss = 1.254221 (244.700 sec/epoch), lr: 0.004000
Evaluating on dev set...
.......................................................................................................................................................................................................................
source: 	 mrr: 0.064614	 ndcg_5: 0.0564	 ndcg_10: 0.0723	 hit@1:0.022285	 hit@5:0.0902	 hit@10: 0.1396
target: 	 mrr: 0.042249	 ndcg_5: 0.0327	 ndcg_10: 0.0452	 hit@1:0.013356	 hit@5:0.0522	 hit@10: 0.0909
source best!
...............................................................
source: 	 mrr: 0.068004	 ndcg_5: 0.0580	 ndcg_10: 0.0772	 hit@1:0.024676	 hit@5:0.0902	 hit@10: 0.1500
epoch 4: train_loss = 1.254221, source_hit@10 = 0.1500, source_ndcg@10 = 0.0772, target_hit@10 = 0.0909, target_ndcg@10 = 0.0452
new best model saved.

2024-08-07 16:02:05.612229: step 4735/75760 (epoch 5/80), loss = 1.247685 (245.066 sec/epoch), lr: 0.004000
Evaluating on dev set...
.......................................................................................................................................................................................................................
source: 	 mrr: 0.064735	 ndcg_5: 0.0556	 ndcg_10: 0.0730	 hit@1:0.025090	 hit@5:0.0866	 hit@10: 0.1409
target: 	 mrr: 0.052944	 ndcg_5: 0.0414	 ndcg_10: 0.0564	 hit@1:0.018225	 hit@5:0.0642	 hit@10: 0.1112
source best!
...............................................................
source: 	 mrr: 0.069777	 ndcg_5: 0.0610	 ndcg_10: 0.0775	 hit@1:0.029421	 hit@5:0.0929	 hit@10: 0.1444
epoch 5: train_loss = 1.247685, source_hit@10 = 0.1444, source_ndcg@10 = 0.0775, target_hit@10 = 0.1112, target_ndcg@10 = 0.0564
new best model saved.

2024-08-07 16:06:13.639161: step 5682/75760 (epoch 6/80), loss = 1.242452 (245.281 sec/epoch), lr: 0.004000
Evaluating on dev set...
.......................................................................................................................................................................................................................
source: 	 mrr: 0.070362	 ndcg_5: 0.0629	 ndcg_10: 0.0803	 hit@1:0.026492	 hit@5:0.0991	 hit@10: 0.1533
target: 	 mrr: 0.025919	 ndcg_5: 0.0113	 ndcg_10: 0.0205	 hit@1:0.004606	 hit@5:0.0184	 hit@10: 0.0474
source best!
...............................................................
source: 	 mrr: 0.072773	 ndcg_5: 0.0630	 ndcg_10: 0.0823	 hit@1:0.029579	 hit@5:0.0963	 hit@10: 0.1563
epoch 6: train_loss = 1.242452, source_hit@10 = 0.1563, source_ndcg@10 = 0.0823, target_hit@10 = 0.0474, target_ndcg@10 = 0.0205
new best model saved.

2024-08-07 16:10:21.990442: step 6629/75760 (epoch 7/80), loss = 1.238241 (245.517 sec/epoch), lr: 0.004000
Evaluating on dev set...
.......................................................................................................................................................................................................................
source: 	 mrr: 0.056303	 ndcg_5: 0.0475	 ndcg_10: 0.0631	 hit@1:0.018389	 hit@5:0.0760	 hit@10: 0.1250
target: 	 mrr: 0.049581	 ndcg_5: 0.0359	 ndcg_10: 0.0543	 hit@1:0.012567	 hit@5:0.0600	 hit@10: 0.1176
epoch 7: train_loss = 1.238241, source_hit@10 = 0.1250, source_ndcg@10 = 0.0631, target_hit@10 = 0.1176, target_ndcg@10 = 0.0543

2024-08-07 16:14:28.353937: step 7576/75760 (epoch 8/80), loss = 1.233813 (244.342 sec/epoch), lr: 0.004000
Evaluating on dev set...
.......................................................................................................................................................................................................................
source: 	 mrr: 0.068851	 ndcg_5: 0.0587	 ndcg_10: 0.0783	 hit@1:0.026960	 hit@5:0.0904	 hit@10: 0.1512
target: 	 mrr: 0.067971	 ndcg_5: 0.0590	 ndcg_10: 0.0756	 hit@1:0.025791	 hit@5:0.0920	 hit@10: 0.1433
target best!
......................................................................................................................................................target: 	 mrr: 0.067188	 ndcg_5: 0.0583	 ndcg_10: 0.0757	 hit@1:0.024646	 hit@5:0.0921	 hit@10: 0.1461
epoch 8: train_loss = 1.233813, source_hit@10 = 0.1512, source_ndcg@10 = 0.0783, target_hit@10 = 0.1461, target_ndcg@10 = 0.0757
new best model saved.

2024-08-07 16:18:36.501516: step 8523/75760 (epoch 9/80), loss = 1.227124 (244.466 sec/epoch), lr: 0.004000
Evaluating on dev set...
.......................................................................................................................................................................................................................
source: 	 mrr: 0.037747	 ndcg_5: 0.0289	 ndcg_10: 0.0390	 hit@1:0.010909	 hit@5:0.0475	 hit@10: 0.0796
target: 	 mrr: 0.061788	 ndcg_5: 0.0533	 ndcg_10: 0.0713	 hit@1:0.019080	 hit@5:0.0883	 hit@10: 0.1441
epoch 9: train_loss = 1.227124, source_hit@10 = 0.0796, source_ndcg@10 = 0.0390, target_hit@10 = 0.1441, target_ndcg@10 = 0.0713

2024-08-07 16:22:43.577815: step 9470/75760 (epoch 10/80), loss = 1.215627 (245.065 sec/epoch), lr: 0.004000
Evaluating on dev set...
.......................................................................................................................................................................................................................
source: 	 mrr: 0.056325	 ndcg_5: 0.0466	 ndcg_10: 0.0629	 hit@1:0.018077	 hit@5:0.0746	 hit@10: 0.1254
target: 	 mrr: 0.025891	 ndcg_5: 0.0147	 ndcg_10: 0.0196	 hit@1:0.005461	 hit@5:0.0238	 hit@10: 0.0393
epoch 10: train_loss = 1.215627, source_hit@10 = 0.1254, source_ndcg@10 = 0.0629, target_hit@10 = 0.0393, target_ndcg@10 = 0.0196

2024-08-07 16:26:51.178293: step 10417/75760 (epoch 11/80), loss = 1.212123 (245.529 sec/epoch), lr: 0.004000
Evaluating on dev set...
.......................................................................................................................................................................................................................
source: 	 mrr: 0.076682	 ndcg_5: 0.0693	 ndcg_10: 0.0858	 hit@1:0.031323	 hit@5:0.1055	 hit@10: 0.1566
target: 	 mrr: 0.064296	 ndcg_5: 0.0549	 ndcg_10: 0.0734	 hit@1:0.023357	 hit@5:0.0877	 hit@10: 0.1451
source best!
...............................................................
source: 	 mrr: 0.077172	 ndcg_5: 0.0708	 ndcg_10: 0.0867	 hit@1:0.030212	 hit@5:0.1098	 hit@10: 0.1593
epoch 11: train_loss = 1.212123, source_hit@10 = 0.1593, source_ndcg@10 = 0.0867, target_hit@10 = 0.1451, target_ndcg@10 = 0.0734
new best model saved.

2024-08-07 16:30:59.143684: step 11364/75760 (epoch 12/80), loss = 1.207341 (245.213 sec/epoch), lr: 0.004000
Evaluating on dev set...
.......................................................................................................................................................................................................................
source: 	 mrr: 0.018749	 ndcg_5: 0.0121	 ndcg_10: 0.0168	 hit@1:0.004987	 hit@5:0.0189	 hit@10: 0.0338
target: 	 mrr: 0.043105	 ndcg_5: 0.0327	 ndcg_10: 0.0441	 hit@1:0.015067	 hit@5:0.0502	 hit@10: 0.0858
epoch 12: train_loss = 1.207341, source_hit@10 = 0.0338, source_ndcg@10 = 0.0168, target_hit@10 = 0.0858, target_ndcg@10 = 0.0441

2024-08-07 16:35:08.490613: step 12311/75760 (epoch 13/80), loss = 1.200847 (247.346 sec/epoch), lr: 0.003800
Evaluating on dev set...
.......................................................................................................................................................................................................................
source: 	 mrr: 0.051980	 ndcg_5: 0.0419	 ndcg_10: 0.0579	 hit@1:0.015428	 hit@5:0.0692	 hit@10: 0.1186
target: 	 mrr: 0.062803	 ndcg_5: 0.0548	 ndcg_10: 0.0714	 hit@1:0.018949	 hit@5:0.0905	 hit@10: 0.1421
epoch 13: train_loss = 1.200847, source_hit@10 = 0.1186, source_ndcg@10 = 0.0579, target_hit@10 = 0.1421, target_ndcg@10 = 0.0714

2024-08-07 16:39:15.880547: step 13258/75760 (epoch 14/80), loss = 1.192645 (245.335 sec/epoch), lr: 0.003800
Evaluating on dev set...
.......................................................................................................................................................................................................................
source: 	 mrr: 0.069174	 ndcg_5: 0.0598	 ndcg_10: 0.0762	 hit@1:0.028050	 hit@5:0.0909	 hit@10: 0.1418
target: 	 mrr: 0.051958	 ndcg_5: 0.0404	 ndcg_10: 0.0581	 hit@1:0.014080	 hit@5:0.0679	 hit@10: 0.1232
epoch 14: train_loss = 1.192645, source_hit@10 = 0.1418, source_ndcg@10 = 0.0762, target_hit@10 = 0.1232, target_ndcg@10 = 0.0581

2024-08-07 16:43:23.266890: step 14205/75760 (epoch 15/80), loss = 1.183877 (245.361 sec/epoch), lr: 0.003800
Evaluating on dev set...
.......................................................................................................................................................................................................................
source: 	 mrr: 0.056030	 ndcg_5: 0.0475	 ndcg_10: 0.0617	 hit@1:0.017142	 hit@5:0.0779	 hit@10: 0.1222
target: 	 mrr: 0.046191	 ndcg_5: 0.0342	 ndcg_10: 0.0474	 hit@1:0.013290	 hit@5:0.0549	 hit@10: 0.0960
epoch 15: train_loss = 1.183877, source_hit@10 = 0.1222, source_ndcg@10 = 0.0617, target_hit@10 = 0.0960, target_ndcg@10 = 0.0474

2024-08-07 16:47:30.763811: step 15152/75760 (epoch 16/80), loss = 1.179687 (245.493 sec/epoch), lr: 0.003610
Evaluating on dev set...
.......................................................................................................................................................................................................................
source: 	 mrr: 0.064820	 ndcg_5: 0.0558	 ndcg_10: 0.0715	 hit@1:0.024155	 hit@5:0.0860	 hit@10: 0.1353
target: 	 mrr: 0.076665	 ndcg_5: 0.0661	 ndcg_10: 0.0868	 hit@1:0.029147	 hit@5:0.1028	 hit@10: 0.1670
target best!
......................................................................................................................................................target: 	 mrr: 0.078104	 ndcg_5: 0.0675	 ndcg_10: 0.0876	 hit@1:0.030625	 hit@5:0.1044	 hit@10: 0.1666
epoch 16: train_loss = 1.179687, source_hit@10 = 0.1353, source_ndcg@10 = 0.0715, target_hit@10 = 0.1666, target_ndcg@10 = 0.0876
new best model saved.

2024-08-07 16:51:39.750704: step 16099/75760 (epoch 17/80), loss = 1.175400 (245.454 sec/epoch), lr: 0.003610
Evaluating on dev set...
.......................................................................................................................................................................................................................
source: 	 mrr: 0.050748	 ndcg_5: 0.0416	 ndcg_10: 0.0548	 hit@1:0.017609	 hit@5:0.0664	 hit@10: 0.1075
target: 	 mrr: 0.071075	 ndcg_5: 0.0633	 ndcg_10: 0.0799	 hit@1:0.027897	 hit@5:0.0982	 hit@10: 0.1497
epoch 17: train_loss = 1.175400, source_hit@10 = 0.1075, source_ndcg@10 = 0.0548, target_hit@10 = 0.1497, target_ndcg@10 = 0.0799

2024-08-07 16:55:47.202800: step 17046/75760 (epoch 18/80), loss = 1.169308 (245.407 sec/epoch), lr: 0.003429
Evaluating on dev set...
.......................................................................................................................................................................................................................
source: 	 mrr: 0.068957	 ndcg_5: 0.0600	 ndcg_10: 0.0769	 hit@1:0.026492	 hit@5:0.0930	 hit@10: 0.1459
target: 	 mrr: 0.058027	 ndcg_5: 0.0467	 ndcg_10: 0.0643	 hit@1:0.017567	 hit@5:0.0774	 hit@10: 0.1320
epoch 18: train_loss = 1.169308, source_hit@10 = 0.1459, source_ndcg@10 = 0.0769, target_hit@10 = 0.1320, target_ndcg@10 = 0.0643

2024-08-07 16:59:54.934296: step 17993/75760 (epoch 19/80), loss = 1.167814 (245.680 sec/epoch), lr: 0.003429
Evaluating on dev set...
.......................................................................................................................................................................................................................
source: 	 mrr: 0.069273	 ndcg_5: 0.0610	 ndcg_10: 0.0760	 hit@1:0.027271	 hit@5:0.0944	 hit@10: 0.1412
target: 	 mrr: 0.042825	 ndcg_5: 0.0333	 ndcg_10: 0.0451	 hit@1:0.013882	 hit@5:0.0532	 hit@10: 0.0901
epoch 19: train_loss = 1.167814, source_hit@10 = 0.1412, source_ndcg@10 = 0.0760, target_hit@10 = 0.0901, target_ndcg@10 = 0.0451

2024-08-07 17:04:03.132356: step 18940/75760 (epoch 20/80), loss = 1.165744 (246.167 sec/epoch), lr: 0.003258
Evaluating on dev set...
.......................................................................................................................................................................................................................
source: 	 mrr: 0.062790	 ndcg_5: 0.0546	 ndcg_10: 0.0721	 hit@1:0.022596	 hit@5:0.0868	 hit@10: 0.1415
target: 	 mrr: 0.049800	 ndcg_5: 0.0398	 ndcg_10: 0.0528	 hit@1:0.016383	 hit@5:0.0633	 hit@10: 0.1038
epoch 20: train_loss = 1.165744, source_hit@10 = 0.1415, source_ndcg@10 = 0.0721, target_hit@10 = 0.1038, target_ndcg@10 = 0.0528

2024-08-07 17:08:10.479970: step 19887/75760 (epoch 21/80), loss = 1.162867 (245.332 sec/epoch), lr: 0.003258
Evaluating on dev set...
.......................................................................................................................................................................................................................
source: 	 mrr: 0.050034	 ndcg_5: 0.0410	 ndcg_10: 0.0548	 hit@1:0.019168	 hit@5:0.0634	 hit@10: 0.1064
target: 	 mrr: 0.068808	 ndcg_5: 0.0594	 ndcg_10: 0.0761	 hit@1:0.025857	 hit@5:0.0925	 hit@10: 0.1445
epoch 21: train_loss = 1.162867, source_hit@10 = 0.1064, source_ndcg@10 = 0.0548, target_hit@10 = 0.1445, target_ndcg@10 = 0.0761

2024-08-07 17:12:17.091276: step 20834/75760 (epoch 22/80), loss = 1.163834 (244.592 sec/epoch), lr: 0.003258
Evaluating on dev set...
.......................................................................................................................................................................................................................
source: 	 mrr: 0.073243	 ndcg_5: 0.0652	 ndcg_10: 0.0801	 hit@1:0.031011	 hit@5:0.0982	 hit@10: 0.1446
target: 	 mrr: 0.051362	 ndcg_5: 0.0362	 ndcg_10: 0.0557	 hit@1:0.013422	 hit@5:0.0605	 hit@10: 0.1217
epoch 22: train_loss = 1.163834, source_hit@10 = 0.1446, source_ndcg@10 = 0.0801, target_hit@10 = 0.1217, target_ndcg@10 = 0.0557

2024-08-07 17:16:24.526723: step 21781/75760 (epoch 23/80), loss = 1.163897 (245.368 sec/epoch), lr: 0.003258
Evaluating on dev set...
.......................................................................................................................................................................................................................
source: 	 mrr: 0.045948	 ndcg_5: 0.0377	 ndcg_10: 0.0488	 hit@1:0.017454	 hit@5:0.0583	 hit@10: 0.0929
target: 	 mrr: 0.066326	 ndcg_5: 0.0560	 ndcg_10: 0.0753	 hit@1:0.025791	 hit@5:0.0864	 hit@10: 0.1463
epoch 23: train_loss = 1.163897, source_hit@10 = 0.0929, source_ndcg@10 = 0.0488, target_hit@10 = 0.1463, target_ndcg@10 = 0.0753

2024-08-07 17:20:31.844314: step 22728/75760 (epoch 24/80), loss = 1.159862 (245.298 sec/epoch), lr: 0.003095
Evaluating on dev set...
.......................................................................................................................................................................................................................
source: 	 mrr: 0.069716	 ndcg_5: 0.0611	 ndcg_10: 0.0765	 hit@1:0.029297	 hit@5:0.0927	 hit@10: 0.1407
target: 	 mrr: 0.057299	 ndcg_5: 0.0478	 ndcg_10: 0.0621	 hit@1:0.022633	 hit@5:0.0734	 hit@10: 0.1180
epoch 24: train_loss = 1.159862, source_hit@10 = 0.1407, source_ndcg@10 = 0.0765, target_hit@10 = 0.1180, target_ndcg@10 = 0.0621

2024-08-07 17:24:39.362691: step 23675/75760 (epoch 25/80), loss = 1.158159 (245.460 sec/epoch), lr: 0.003095
Evaluating on dev set...
.......................................................................................................................................................................................................................
source: 	 mrr: 0.056058	 ndcg_5: 0.0473	 ndcg_10: 0.0617	 hit@1:0.020570	 hit@5:0.0736	 hit@10: 0.1184
target: 	 mrr: 0.045066	 ndcg_5: 0.0325	 ndcg_10: 0.0457	 hit@1:0.012764	 hit@5:0.0524	 hit@10: 0.0934
epoch 25: train_loss = 1.158159, source_hit@10 = 0.1184, source_ndcg@10 = 0.0617, target_hit@10 = 0.0934, target_ndcg@10 = 0.0457

2024-08-07 17:28:46.261715: step 24622/75760 (epoch 26/80), loss = 1.157851 (244.885 sec/epoch), lr: 0.002940
Evaluating on dev set...
.......................................................................................................................................................................................................................
source: 	 mrr: 0.057261	 ndcg_5: 0.0500	 ndcg_10: 0.0651	 hit@1:0.020415	 hit@5:0.0806	 hit@10: 0.1272
target: 	 mrr: 0.048171	 ndcg_5: 0.0368	 ndcg_10: 0.0520	 hit@1:0.013817	 hit@5:0.0609	 hit@10: 0.1084
epoch 26: train_loss = 1.157851, source_hit@10 = 0.1272, source_ndcg@10 = 0.0651, target_hit@10 = 0.1084, target_ndcg@10 = 0.0520

2024-08-07 17:32:53.480523: step 25569/75760 (epoch 27/80), loss = 1.153819 (245.200 sec/epoch), lr: 0.002940
Evaluating on dev set...
.......................................................................................................................................................................................................................
source: 	 mrr: 0.058385	 ndcg_5: 0.0488	 ndcg_10: 0.0651	 hit@1:0.019947	 hit@5:0.0778	 hit@10: 0.1284
target: 	 mrr: 0.047115	 ndcg_5: 0.0366	 ndcg_10: 0.0501	 hit@1:0.016646	 hit@5:0.0576	 hit@10: 0.1000
epoch 27: train_loss = 1.153819, source_hit@10 = 0.1284, source_ndcg@10 = 0.0651, target_hit@10 = 0.1000, target_ndcg@10 = 0.0501

2024-08-07 17:37:00.895948: step 26516/75760 (epoch 28/80), loss = 1.151695 (245.368 sec/epoch), lr: 0.002940
Evaluating on dev set...
.......................................................................................................................................................................................................................
source: 	 mrr: 0.043370	 ndcg_5: 0.0364	 ndcg_10: 0.0474	 hit@1:0.014804	 hit@5:0.0575	 hit@10: 0.0915
target: 	 mrr: 0.055933	 ndcg_5: 0.0442	 ndcg_10: 0.0608	 hit@1:0.017435	 hit@5:0.0717	 hit@10: 0.1238
epoch 28: train_loss = 1.151695, source_hit@10 = 0.0915, source_ndcg@10 = 0.0474, target_hit@10 = 0.1238, target_ndcg@10 = 0.0608

2024-08-07 17:41:08.298000: step 27463/75760 (epoch 29/80), loss = 1.149125 (245.392 sec/epoch), lr: 0.002793
Evaluating on dev set...
.......................................................................................................................................................................................................................
source: 	 mrr: 0.048341	 ndcg_5: 0.0387	 ndcg_10: 0.0520	 hit@1:0.016207	 hit@5:0.0623	 hit@10: 0.1043
target: 	 mrr: 0.076665	 ndcg_5: 0.0655	 ndcg_10: 0.0848	 hit@1:0.030923	 hit@5:0.0995	 hit@10: 0.1595
epoch 29: train_loss = 1.149125, source_hit@10 = 0.1043, source_ndcg@10 = 0.0520, target_hit@10 = 0.1595, target_ndcg@10 = 0.0848

2024-08-07 17:45:15.912949: step 28410/75760 (epoch 30/80), loss = 1.149575 (245.569 sec/epoch), lr: 0.002793
Evaluating on dev set...
.......................................................................................................................................................................................................................
source: 	 mrr: 0.057502	 ndcg_5: 0.0488	 ndcg_10: 0.0630	 hit@1:0.022752	 hit@5:0.0737	 hit@10: 0.1175
target: 	 mrr: 0.040820	 ndcg_5: 0.0304	 ndcg_10: 0.0444	 hit@1:0.010132	 hit@5:0.0512	 hit@10: 0.0948
epoch 30: train_loss = 1.149575, source_hit@10 = 0.1175, source_ndcg@10 = 0.0630, target_hit@10 = 0.0948, target_ndcg@10 = 0.0444
shift to transfer learning mode

2024-08-07 17:49:26.281613: step 29357/75760 (epoch 31/80), loss = 1.147713 (248.352 sec/epoch), lr: 0.002654
Evaluating on dev set...
.......................................................................................................................................................................................................................
source: 	 mrr: 0.075545	 ndcg_5: 0.0670	 ndcg_10: 0.0854	 hit@1:0.029765	 hit@5:0.1035	 hit@10: 0.1602
target: 	 mrr: 0.046538	 ndcg_5: 0.0346	 ndcg_10: 0.0478	 hit@1:0.014146	 hit@5:0.0550	 hit@10: 0.0961
epoch 31: train_loss = 1.147713, source_hit@10 = 0.1602, source_ndcg@10 = 0.0854, target_hit@10 = 0.0961, target_ndcg@10 = 0.0478

2024-08-07 17:53:36.252869: step 30304/75760 (epoch 32/80), loss = 1.145690 (247.952 sec/epoch), lr: 0.002654
Evaluating on dev set...
.......................................................................................................................................................................................................................
source: 	 mrr: 0.066167	 ndcg_5: 0.0561	 ndcg_10: 0.0745	 hit@1:0.026180	 hit@5:0.0863	 hit@10: 0.1438
target: 	 mrr: 0.070497	 ndcg_5: 0.0606	 ndcg_10: 0.0781	 hit@1:0.026252	 hit@5:0.0947	 hit@10: 0.1492
epoch 32: train_loss = 1.145690, source_hit@10 = 0.1438, source_ndcg@10 = 0.0745, target_hit@10 = 0.1492, target_ndcg@10 = 0.0781

2024-08-07 17:57:46.689544: step 31251/75760 (epoch 33/80), loss = 1.144958 (248.387 sec/epoch), lr: 0.002654
Evaluating on dev set...
.......................................................................................................................................................................................................................
source: 	 mrr: 0.076779	 ndcg_5: 0.0684	 ndcg_10: 0.0839	 hit@1:0.034907	 hit@5:0.1007	 hit@10: 0.1490
target: 	 mrr: 0.079237	 ndcg_5: 0.0704	 ndcg_10: 0.0908	 hit@1:0.030528	 hit@5:0.1110	 hit@10: 0.1744
source best!
...............................................................
source: 	 mrr: 0.075357	 ndcg_5: 0.0683	 ndcg_10: 0.0840	 hit@1:0.028630	 hit@5:0.1060	 hit@10: 0.1545
target best!
......................................................................................................................................................target: 	 mrr: 0.079597	 ndcg_5: 0.0697	 ndcg_10: 0.0907	 hit@1:0.030492	 hit@5:0.1091	 hit@10: 0.1743
epoch 33: train_loss = 1.144958, source_hit@10 = 0.1545, source_ndcg@10 = 0.0840, target_hit@10 = 0.1743, target_ndcg@10 = 0.0907
new best model saved.

2024-08-07 18:01:59.181895: step 32198/75760 (epoch 34/80), loss = 1.144881 (248.366 sec/epoch), lr: 0.002654
Evaluating on dev set...
.......................................................................................................................................................................................................................
source: 	 mrr: 0.081680	 ndcg_5: 0.0734	 ndcg_10: 0.0915	 hit@1:0.036777	 hit@5:0.1099	 hit@10: 0.1667
target: 	 mrr: 0.050281	 ndcg_5: 0.0387	 ndcg_10: 0.0545	 hit@1:0.015988	 hit@5:0.0615	 hit@10: 0.1109
source best!
...............................................................
source: 	 mrr: 0.084775	 ndcg_5: 0.0768	 ndcg_10: 0.0959	 hit@1:0.036223	 hit@5:0.1152	 hit@10: 0.1743
epoch 34: train_loss = 1.144881, source_hit@10 = 0.1743, source_ndcg@10 = 0.0959, target_hit@10 = 0.1109, target_ndcg@10 = 0.0545
new best model saved.

2024-08-07 18:06:11.157100: step 33145/75760 (epoch 35/80), loss = 1.142286 (249.083 sec/epoch), lr: 0.002521
Evaluating on dev set...
.......................................................................................................................................................................................................................
source: 	 mrr: 0.053864	 ndcg_5: 0.0451	 ndcg_10: 0.0590	 hit@1:0.020415	 hit@5:0.0703	 hit@10: 0.1133
target: 	 mrr: 0.054470	 ndcg_5: 0.0402	 ndcg_10: 0.0584	 hit@1:0.018356	 hit@5:0.0623	 hit@10: 0.1192
epoch 35: train_loss = 1.142286, source_hit@10 = 0.1133, source_ndcg@10 = 0.0590, target_hit@10 = 0.1192, target_ndcg@10 = 0.0584

2024-08-07 18:10:21.876199: step 34092/75760 (epoch 36/80), loss = 1.139801 (248.694 sec/epoch), lr: 0.002395
Evaluating on dev set...
.......................................................................................................................................................................................................................
source: 	 mrr: 0.065998	 ndcg_5: 0.0591	 ndcg_10: 0.0749	 hit@1:0.025557	 hit@5:0.0909	 hit@10: 0.1403
target: 	 mrr: 0.041371	 ndcg_5: 0.0296	 ndcg_10: 0.0461	 hit@1:0.010593	 hit@5:0.0499	 hit@10: 0.1019
epoch 36: train_loss = 1.139801, source_hit@10 = 0.1403, source_ndcg@10 = 0.0749, target_hit@10 = 0.1019, target_ndcg@10 = 0.0461

2024-08-07 18:14:33.015381: step 35039/75760 (epoch 37/80), loss = 1.135252 (249.114 sec/epoch), lr: 0.002275
Evaluating on dev set...
.......................................................................................................................................................................................................................
source: 	 mrr: 0.081441	 ndcg_5: 0.0720	 ndcg_10: 0.0912	 hit@1:0.035375	 hit@5:0.1080	 hit@10: 0.1677
target: 	 mrr: 0.073228	 ndcg_5: 0.0661	 ndcg_10: 0.0853	 hit@1:0.026646	 hit@5:0.1053	 hit@10: 0.1653
epoch 37: train_loss = 1.135252, source_hit@10 = 0.1677, source_ndcg@10 = 0.0912, target_hit@10 = 0.1653, target_ndcg@10 = 0.0853

2024-08-07 18:18:43.866185: step 35986/75760 (epoch 38/80), loss = 1.135551 (248.815 sec/epoch), lr: 0.002275
Evaluating on dev set...
.......................................................................................................................................................................................................................
source: 	 mrr: 0.073653	 ndcg_5: 0.0657	 ndcg_10: 0.0818	 hit@1:0.031323	 hit@5:0.1008	 hit@10: 0.1508
target: 	 mrr: 0.075214	 ndcg_5: 0.0635	 ndcg_10: 0.0830	 hit@1:0.030726	 hit@5:0.0958	 hit@10: 0.1567
epoch 38: train_loss = 1.135551, source_hit@10 = 0.1508, source_ndcg@10 = 0.0818, target_hit@10 = 0.1567, target_ndcg@10 = 0.0830

2024-08-07 18:22:54.384426: step 36933/75760 (epoch 39/80), loss = 1.130112 (248.490 sec/epoch), lr: 0.002161
Evaluating on dev set...
.......................................................................................................................................................................................................................
source: 	 mrr: 0.086576	 ndcg_5: 0.0788	 ndcg_10: 0.0963	 hit@1:0.039738	 hit@5:0.1169	 hit@10: 0.1710
target: 	 mrr: 0.060033	 ndcg_5: 0.0485	 ndcg_10: 0.0642	 hit@1:0.019541	 hit@5:0.0770	 hit@10: 0.1259
source best!
...............................................................
source: 	 mrr: 0.087690	 ndcg_5: 0.0796	 ndcg_10: 0.0993	 hit@1:0.038279	 hit@5:0.1201	 hit@10: 0.1814
epoch 39: train_loss = 1.130112, source_hit@10 = 0.1814, source_ndcg@10 = 0.0993, target_hit@10 = 0.1259, target_ndcg@10 = 0.0642
new best model saved.

2024-08-07 18:27:06.638661: step 37880/75760 (epoch 40/80), loss = 1.126812 (249.497 sec/epoch), lr: 0.002053
Evaluating on dev set...
.......................................................................................................................................................................................................................
source: 	 mrr: 0.077664	 ndcg_5: 0.0682	 ndcg_10: 0.0868	 hit@1:0.032570	 hit@5:0.1035	 hit@10: 0.1616
target: 	 mrr: 0.058778	 ndcg_5: 0.0481	 ndcg_10: 0.0677	 hit@1:0.014935	 hit@5:0.0836	 hit@10: 0.1444
epoch 40: train_loss = 1.126812, source_hit@10 = 0.1616, source_ndcg@10 = 0.0868, target_hit@10 = 0.1444, target_ndcg@10 = 0.0677

2024-08-07 18:31:18.429451: step 38827/75760 (epoch 41/80), loss = 1.122101 (249.661 sec/epoch), lr: 0.001951
Evaluating on dev set...
.......................................................................................................................................................................................................................
source: 	 mrr: 0.076907	 ndcg_5: 0.0678	 ndcg_10: 0.0864	 hit@1:0.031011	 hit@5:0.1035	 hit@10: 0.1611
target: 	 mrr: 0.082679	 ndcg_5: 0.0728	 ndcg_10: 0.0922	 hit@1:0.034937	 hit@5:0.1097	 hit@10: 0.1699
target best!
......................................................................................................................................................target: 	 mrr: 0.083442	 ndcg_5: 0.0748	 ndcg_10: 0.0929	 hit@1:0.034545	 hit@5:0.1136	 hit@10: 0.1702
epoch 41: train_loss = 1.122101, source_hit@10 = 0.1611, source_ndcg@10 = 0.0864, target_hit@10 = 0.1702, target_ndcg@10 = 0.0929
new best model saved.

2024-08-07 18:35:29.468756: step 39774/75760 (epoch 42/80), loss = 1.118659 (247.495 sec/epoch), lr: 0.001951
Evaluating on dev set...
.......................................................................................................................................................................................................................
source: 	 mrr: 0.078150	 ndcg_5: 0.0695	 ndcg_10: 0.0880	 hit@1:0.032570	 hit@5:0.1060	 hit@10: 0.1639
target: 	 mrr: 0.084336	 ndcg_5: 0.0746	 ndcg_10: 0.0918	 hit@1:0.038621	 hit@5:0.1092	 hit@10: 0.1625
target best!
......................................................................................................................................................target: 	 mrr: 0.084126	 ndcg_5: 0.0742	 ndcg_10: 0.0921	 hit@1:0.037933	 hit@5:0.1095	 hit@10: 0.1650
epoch 42: train_loss = 1.118659, source_hit@10 = 0.1639, source_ndcg@10 = 0.0880, target_hit@10 = 0.1650, target_ndcg@10 = 0.0921
new best model saved.

2024-08-07 18:39:41.890207: step 40721/75760 (epoch 43/80), loss = 1.114180 (248.888 sec/epoch), lr: 0.001951
Evaluating on dev set...
.......................................................................................................................................................................................................................
source: 	 mrr: 0.045031	 ndcg_5: 0.0370	 ndcg_10: 0.0482	 hit@1:0.017298	 hit@5:0.0566	 hit@10: 0.0915
target: 	 mrr: 0.083655	 ndcg_5: 0.0745	 ndcg_10: 0.0931	 hit@1:0.034673	 hit@5:0.1132	 hit@10: 0.1710
epoch 43: train_loss = 1.114180, source_hit@10 = 0.0915, source_ndcg@10 = 0.0482, target_hit@10 = 0.1710, target_ndcg@10 = 0.0931

2024-08-07 18:43:52.353123: step 41668/75760 (epoch 44/80), loss = 1.108067 (248.439 sec/epoch), lr: 0.001853
Evaluating on dev set...
.......................................................................................................................................................................................................................
source: 	 mrr: 0.076816	 ndcg_5: 0.0688	 ndcg_10: 0.0860	 hit@1:0.031479	 hit@5:0.1063	 hit@10: 0.1602
target: 	 mrr: 0.076598	 ndcg_5: 0.0680	 ndcg_10: 0.0871	 hit@1:0.029541	 hit@5:0.1063	 hit@10: 0.1654
epoch 44: train_loss = 1.108067, source_hit@10 = 0.1602, source_ndcg@10 = 0.0860, target_hit@10 = 0.1654, target_ndcg@10 = 0.0871

2024-08-07 18:48:02.924079: step 42615/75760 (epoch 45/80), loss = 1.106457 (248.554 sec/epoch), lr: 0.001853
Evaluating on dev set...
.......................................................................................................................................................................................................................
source: 	 mrr: 0.076411	 ndcg_5: 0.0683	 ndcg_10: 0.0850	 hit@1:0.033037	 hit@5:0.1043	 hit@10: 0.1561
target: 	 mrr: 0.089584	 ndcg_5: 0.0791	 ndcg_10: 0.0997	 hit@1:0.040463	 hit@5:0.1166	 hit@10: 0.1804
target best!
......................................................................................................................................................target: 	 mrr: 0.089019	 ndcg_5: 0.0789	 ndcg_10: 0.0992	 hit@1:0.040258	 hit@5:0.1174	 hit@10: 0.1804
epoch 45: train_loss = 1.106457, source_hit@10 = 0.1561, source_ndcg@10 = 0.0850, target_hit@10 = 0.1804, target_ndcg@10 = 0.0992
new best model saved.

2024-08-07 18:52:14.950691: step 43562/75760 (epoch 46/80), loss = 1.103158 (248.387 sec/epoch), lr: 0.001853
Evaluating on dev set...
.......................................................................................................................................................................................................................
source: 	 mrr: 0.058095	 ndcg_5: 0.0476	 ndcg_10: 0.0631	 hit@1:0.021661	 hit@5:0.0742	 hit@10: 0.1222
target: 	 mrr: 0.077364	 ndcg_5: 0.0669	 ndcg_10: 0.0865	 hit@1:0.030726	 hit@5:0.1029	 hit@10: 0.1639
epoch 46: train_loss = 1.103158, source_hit@10 = 0.1222, source_ndcg@10 = 0.0631, target_hit@10 = 0.1639, target_ndcg@10 = 0.0865

2024-08-07 18:56:25.799096: step 44509/75760 (epoch 47/80), loss = 1.099599 (248.799 sec/epoch), lr: 0.001761
Evaluating on dev set...
.......................................................................................................................................................................................................................
source: 	 mrr: 0.087469	 ndcg_5: 0.0788	 ndcg_10: 0.0973	 hit@1:0.041764	 hit@5:0.1147	 hit@10: 0.1722
target: 	 mrr: 0.068350	 ndcg_5: 0.0600	 ndcg_10: 0.0807	 hit@1:0.017304	 hit@5:0.1041	 hit@10: 0.1684
source best!
...............................................................
source: 	 mrr: 0.088287	 ndcg_5: 0.0792	 ndcg_10: 0.0996	 hit@1:0.039861	 hit@5:0.1169	 hit@10: 0.1803
epoch 47: train_loss = 1.099599, source_hit@10 = 0.1803, source_ndcg@10 = 0.0996, target_hit@10 = 0.1684, target_ndcg@10 = 0.0807
new best model saved.

2024-08-07 19:00:36.492200: step 45456/75760 (epoch 48/80), loss = 1.097218 (247.892 sec/epoch), lr: 0.001761
Evaluating on dev set...
.......................................................................................................................................................................................................................
source: 	 mrr: 0.085001	 ndcg_5: 0.0762	 ndcg_10: 0.0932	 hit@1:0.039894	 hit@5:0.1122	 hit@10: 0.1646
target: 	 mrr: 0.067844	 ndcg_5: 0.0582	 ndcg_10: 0.0750	 hit@1:0.026910	 hit@5:0.0893	 hit@10: 0.1417
epoch 48: train_loss = 1.097218, source_hit@10 = 0.1646, source_ndcg@10 = 0.0932, target_hit@10 = 0.1417, target_ndcg@10 = 0.0750

2024-08-07 19:04:46.184993: step 46403/75760 (epoch 49/80), loss = 1.091667 (247.675 sec/epoch), lr: 0.001672
Evaluating on dev set...
.......................................................................................................................................................................................................................
source: 	 mrr: 0.080307	 ndcg_5: 0.0714	 ndcg_10: 0.0880	 hit@1:0.035842	 hit@5:0.1058	 hit@10: 0.1571
target: 	 mrr: 0.067568	 ndcg_5: 0.0576	 ndcg_10: 0.0775	 hit@1:0.019738	 hit@5:0.0967	 hit@10: 0.1585
epoch 49: train_loss = 1.091667, source_hit@10 = 0.1571, source_ndcg@10 = 0.0880, target_hit@10 = 0.1585, target_ndcg@10 = 0.0775

2024-08-07 19:08:56.419988: step 47350/75760 (epoch 50/80), loss = 1.088681 (248.154 sec/epoch), lr: 0.001589
Evaluating on dev set...
.......................................................................................................................................................................................................................
source: 	 mrr: 0.070136	 ndcg_5: 0.0617	 ndcg_10: 0.0783	 hit@1:0.028050	 hit@5:0.0955	 hit@10: 0.1477
target: 	 mrr: 0.080882	 ndcg_5: 0.0719	 ndcg_10: 0.0905	 hit@1:0.034410	 hit@5:0.1084	 hit@10: 0.1665
epoch 50: train_loss = 1.088681, source_hit@10 = 0.1477, source_ndcg@10 = 0.0783, target_hit@10 = 0.1665, target_ndcg@10 = 0.0905

2024-08-07 19:13:06.207641: step 48297/75760 (epoch 51/80), loss = 1.086429 (247.773 sec/epoch), lr: 0.001589
Evaluating on dev set...
.......................................................................................................................................................................................................................
source: 	 mrr: 0.078260	 ndcg_5: 0.0710	 ndcg_10: 0.0883	 hit@1:0.032258	 hit@5:0.1085	 hit@10: 0.1625
target: 	 mrr: 0.083217	 ndcg_5: 0.0730	 ndcg_10: 0.0935	 hit@1:0.034937	 hit@5:0.1115	 hit@10: 0.1753
epoch 51: train_loss = 1.086429, source_hit@10 = 0.1625, source_ndcg@10 = 0.0883, target_hit@10 = 0.1753, target_ndcg@10 = 0.0935

2024-08-07 19:17:16.747324: step 49244/75760 (epoch 52/80), loss = 1.085755 (248.494 sec/epoch), lr: 0.001589
Evaluating on dev set...
.......................................................................................................................................................................................................................
source: 	 mrr: 0.083672	 ndcg_5: 0.0758	 ndcg_10: 0.0923	 hit@1:0.038492	 hit@5:0.1117	 hit@10: 0.1635
target: 	 mrr: 0.076546	 ndcg_5: 0.0682	 ndcg_10: 0.0877	 hit@1:0.028489	 hit@5:0.1084	 hit@10: 0.1692
epoch 52: train_loss = 1.085755, source_hit@10 = 0.1635, source_ndcg@10 = 0.0923, target_hit@10 = 0.1692, target_ndcg@10 = 0.0877

2024-08-07 19:21:28.633248: step 50191/75760 (epoch 53/80), loss = 1.082939 (249.868 sec/epoch), lr: 0.001509
Evaluating on dev set...
.......................................................................................................................................................................................................................
source: 	 mrr: 0.072438	 ndcg_5: 0.0641	 ndcg_10: 0.0801	 hit@1:0.031946	 hit@5:0.0963	 hit@10: 0.1463
target: 	 mrr: 0.069586	 ndcg_5: 0.0588	 ndcg_10: 0.0816	 hit@1:0.021449	 hit@5:0.0991	 hit@10: 0.1700
epoch 53: train_loss = 1.082939, source_hit@10 = 0.1463, source_ndcg@10 = 0.0801, target_hit@10 = 0.1700, target_ndcg@10 = 0.0816

2024-08-07 19:25:39.758051: step 51138/75760 (epoch 54/80), loss = 1.079793 (249.061 sec/epoch), lr: 0.001434
Evaluating on dev set...
.......................................................................................................................................................................................................................
source: 	 mrr: 0.088020	 ndcg_5: 0.0803	 ndcg_10: 0.0982	 hit@1:0.039894	 hit@5:0.1192	 hit@10: 0.1748
target: 	 mrr: 0.092108	 ndcg_5: 0.0815	 ndcg_10: 0.1026	 hit@1:0.043161	 hit@5:0.1188	 hit@10: 0.1846
source best!
...............................................................
source: 	 mrr: 0.090078	 ndcg_5: 0.0825	 ndcg_10: 0.1013	 hit@1:0.041759	 hit@5:0.1237	 hit@10: 0.1827
target best!
......................................................................................................................................................target: 	 mrr: 0.095164	 ndcg_5: 0.0852	 ndcg_10: 0.1055	 hit@1:0.046104	 hit@5:0.1233	 hit@10: 0.1867
epoch 54: train_loss = 1.079793, source_hit@10 = 0.1827, source_ndcg@10 = 0.1013, target_hit@10 = 0.1867, target_ndcg@10 = 0.1055
new best model saved.

2024-08-07 19:29:51.971083: step 52085/75760 (epoch 55/80), loss = 1.076213 (248.074 sec/epoch), lr: 0.001434
Evaluating on dev set...
.......................................................................................................................................................................................................................
source: 	 mrr: 0.079991	 ndcg_5: 0.0725	 ndcg_10: 0.0899	 hit@1:0.033349	 hit@5:0.1099	 hit@10: 0.1641
target: 	 mrr: 0.074491	 ndcg_5: 0.0604	 ndcg_10: 0.0802	 hit@1:0.033094	 hit@5:0.0884	 hit@10: 0.1502
epoch 55: train_loss = 1.076213, source_hit@10 = 0.1641, source_ndcg@10 = 0.0899, target_hit@10 = 0.1502, target_ndcg@10 = 0.0802

2024-08-07 19:34:02.689234: step 53032/75760 (epoch 56/80), loss = 1.074004 (248.651 sec/epoch), lr: 0.001362
Evaluating on dev set...
.......................................................................................................................................................................................................................
source: 	 mrr: 0.074193	 ndcg_5: 0.0651	 ndcg_10: 0.0818	 hit@1:0.031167	 hit@5:0.0977	 hit@10: 0.1498
target: 	 mrr: 0.093503	 ndcg_5: 0.0847	 ndcg_10: 0.1043	 hit@1:0.042898	 hit@5:0.1249	 hit@10: 0.1861
target best!
......................................................................................................................................................target: 	 mrr: 0.094471	 ndcg_5: 0.0852	 ndcg_10: 0.1048	 hit@1:0.045107	 hit@5:0.1244	 hit@10: 0.1856
epoch 56: train_loss = 1.074004, source_hit@10 = 0.1498, source_ndcg@10 = 0.0818, target_hit@10 = 0.1856, target_ndcg@10 = 0.1048
new best model saved.

2024-08-07 19:38:15.158100: step 53979/75760 (epoch 57/80), loss = 1.072608 (248.915 sec/epoch), lr: 0.001362
Evaluating on dev set...
.......................................................................................................................................................................................................................
source: 	 mrr: 0.078005	 ndcg_5: 0.0709	 ndcg_10: 0.0868	 hit@1:0.035686	 hit@5:0.1052	 hit@10: 0.1551
target: 	 mrr: 0.078521	 ndcg_5: 0.0675	 ndcg_10: 0.0864	 hit@1:0.032502	 hit@5:0.1018	 hit@10: 0.1605
epoch 57: train_loss = 1.072608, source_hit@10 = 0.1551, source_ndcg@10 = 0.0868, target_hit@10 = 0.1605, target_ndcg@10 = 0.0864

2024-08-07 19:42:25.344049: step 54926/75760 (epoch 58/80), loss = 1.068504 (248.143 sec/epoch), lr: 0.001294
Evaluating on dev set...
.......................................................................................................................................................................................................................
source: 	 mrr: 0.081810	 ndcg_5: 0.0727	 ndcg_10: 0.0904	 hit@1:0.038180	 hit@5:0.1061	 hit@10: 0.1613
target: 	 mrr: 0.074646	 ndcg_5: 0.0639	 ndcg_10: 0.0829	 hit@1:0.030923	 hit@5:0.0968	 hit@10: 0.1560
epoch 58: train_loss = 1.068504, source_hit@10 = 0.1613, source_ndcg@10 = 0.0904, target_hit@10 = 0.1560, target_ndcg@10 = 0.0829

2024-08-07 19:46:35.705029: step 55873/75760 (epoch 59/80), loss = 1.065621 (248.297 sec/epoch), lr: 0.001229
Evaluating on dev set...
.......................................................................................................................................................................................................................
source: 	 mrr: 0.083189	 ndcg_5: 0.0749	 ndcg_10: 0.0922	 hit@1:0.037712	 hit@5:0.1108	 hit@10: 0.1647
target: 	 mrr: 0.081965	 ndcg_5: 0.0728	 ndcg_10: 0.0938	 hit@1:0.031055	 hit@5:0.1142	 hit@10: 0.1793
epoch 59: train_loss = 1.065621, source_hit@10 = 0.1647, source_ndcg@10 = 0.0922, target_hit@10 = 0.1793, target_ndcg@10 = 0.0938

2024-08-07 19:50:47.694777: step 56820/75760 (epoch 60/80), loss = 1.064875 (249.978 sec/epoch), lr: 0.001229
Evaluating on dev set...
.......................................................................................................................................................................................................................
source: 	 mrr: 0.080259	 ndcg_5: 0.0716	 ndcg_10: 0.0899	 hit@1:0.033816	 hit@5:0.1075	 hit@10: 0.1647
target: 	 mrr: 0.080915	 ndcg_5: 0.0734	 ndcg_10: 0.0928	 hit@1:0.027239	 hit@5:0.1188	 hit@10: 0.1792
epoch 60: train_loss = 1.064875, source_hit@10 = 0.1647, source_ndcg@10 = 0.0899, target_hit@10 = 0.1792, target_ndcg@10 = 0.0928

2024-08-07 19:54:58.729156: step 57767/75760 (epoch 61/80), loss = 1.060270 (249.028 sec/epoch), lr: 0.001168
Evaluating on dev set...
.......................................................................................................................................................................................................................
source: 	 mrr: 0.084395	 ndcg_5: 0.0749	 ndcg_10: 0.0945	 hit@1:0.038803	 hit@5:0.1097	 hit@10: 0.1710
target: 	 mrr: 0.071959	 ndcg_5: 0.0634	 ndcg_10: 0.0817	 hit@1:0.027041	 hit@5:0.1007	 hit@10: 0.1576
epoch 61: train_loss = 1.060270, source_hit@10 = 0.1710, source_ndcg@10 = 0.0945, target_hit@10 = 0.1576, target_ndcg@10 = 0.0817

2024-08-07 19:59:10.644737: step 58714/75760 (epoch 62/80), loss = 1.058761 (249.891 sec/epoch), lr: 0.001110
Evaluating on dev set...
.......................................................................................................................................................................................................................
source: 	 mrr: 0.083361	 ndcg_5: 0.0755	 ndcg_10: 0.0932	 hit@1:0.038336	 hit@5:0.1117	 hit@10: 0.1669
target: 	 mrr: 0.082669	 ndcg_5: 0.0740	 ndcg_10: 0.0909	 hit@1:0.039674	 hit@5:0.1071	 hit@10: 0.1597
epoch 62: train_loss = 1.058761, source_hit@10 = 0.1669, source_ndcg@10 = 0.0932, target_hit@10 = 0.1597, target_ndcg@10 = 0.0909

2024-08-07 20:03:22.021189: step 59661/75760 (epoch 63/80), loss = 1.055429 (249.361 sec/epoch), lr: 0.001110
Evaluating on dev set...
.......................................................................................................................................................................................................................
source: 	 mrr: 0.078612	 ndcg_5: 0.0702	 ndcg_10: 0.0885	 hit@1:0.034440	 hit@5:0.1047	 hit@10: 0.1619
target: 	 mrr: 0.080906	 ndcg_5: 0.0708	 ndcg_10: 0.0904	 hit@1:0.034344	 hit@5:0.1072	 hit@10: 0.1682
epoch 63: train_loss = 1.055429, source_hit@10 = 0.1619, source_ndcg@10 = 0.0885, target_hit@10 = 0.1682, target_ndcg@10 = 0.0904

2024-08-07 20:07:32.245478: step 60608/75760 (epoch 64/80), loss = 1.052958 (248.213 sec/epoch), lr: 0.001054
Evaluating on dev set...
.......................................................................................................................................................................................................................
source: 	 mrr: 0.072489	 ndcg_5: 0.0648	 ndcg_10: 0.0821	 hit@1:0.029453	 hit@5:0.0996	 hit@10: 0.1533
target: 	 mrr: 0.086935	 ndcg_5: 0.0775	 ndcg_10: 0.0958	 hit@1:0.039674	 hit@5:0.1145	 hit@10: 0.1713
epoch 64: train_loss = 1.052958, source_hit@10 = 0.1533, source_ndcg@10 = 0.0821, target_hit@10 = 0.1713, target_ndcg@10 = 0.0958

2024-08-07 20:11:41.949595: step 61555/75760 (epoch 65/80), loss = 1.049010 (247.649 sec/epoch), lr: 0.001001
Evaluating on dev set...
.......................................................................................................................................................................................................................
source: 	 mrr: 0.081157	 ndcg_5: 0.0725	 ndcg_10: 0.0902	 hit@1:0.037712	 hit@5:0.1069	 hit@10: 0.1622
target: 	 mrr: 0.089487	 ndcg_5: 0.0799	 ndcg_10: 0.0985	 hit@1:0.041253	 hit@5:0.1171	 hit@10: 0.1749
epoch 65: train_loss = 1.049010, source_hit@10 = 0.1622, source_ndcg@10 = 0.0902, target_hit@10 = 0.1749, target_ndcg@10 = 0.0985

2024-08-07 20:15:52.961655: step 62502/75760 (epoch 66/80), loss = 1.047923 (248.983 sec/epoch), lr: 0.001001
Evaluating on dev set...
.......................................................................................................................................................................................................................
source: 	 mrr: 0.071492	 ndcg_5: 0.0632	 ndcg_10: 0.0796	 hit@1:0.030388	 hit@5:0.0952	 hit@10: 0.1466
target: 	 mrr: 0.069683	 ndcg_5: 0.0608	 ndcg_10: 0.0770	 hit@1:0.030397	 hit@5:0.0914	 hit@10: 0.1413
epoch 66: train_loss = 1.047923, source_hit@10 = 0.1466, source_ndcg@10 = 0.0796, target_hit@10 = 0.1413, target_ndcg@10 = 0.0770

2024-08-07 20:20:03.155475: step 63449/75760 (epoch 67/80), loss = 1.042530 (248.167 sec/epoch), lr: 0.000951
Evaluating on dev set...
.......................................................................................................................................................................................................................
source: 	 mrr: 0.074440	 ndcg_5: 0.0672	 ndcg_10: 0.0841	 hit@1:0.030076	 hit@5:0.1029	 hit@10: 0.1552
target: 	 mrr: 0.070854	 ndcg_5: 0.0614	 ndcg_10: 0.0787	 hit@1:0.028686	 hit@5:0.0943	 hit@10: 0.1482
epoch 67: train_loss = 1.042530, source_hit@10 = 0.1552, source_ndcg@10 = 0.0841, target_hit@10 = 0.1482, target_ndcg@10 = 0.0787

2024-08-07 20:24:12.760225: step 64396/75760 (epoch 68/80), loss = 1.041598 (247.549 sec/epoch), lr: 0.000951
Evaluating on dev set...
.......................................................................................................................................................................................................................
source: 	 mrr: 0.083434	 ndcg_5: 0.0736	 ndcg_10: 0.0936	 hit@1:0.036777	 hit@5:0.1091	 hit@10: 0.1710
target: 	 mrr: 0.080506	 ndcg_5: 0.0700	 ndcg_10: 0.0903	 hit@1:0.034213	 hit@5:0.1057	 hit@10: 0.1690
epoch 68: train_loss = 1.041598, source_hit@10 = 0.1710, source_ndcg@10 = 0.0936, target_hit@10 = 0.1690, target_ndcg@10 = 0.0903

2024-08-07 20:28:22.729366: step 65343/75760 (epoch 69/80), loss = 1.036903 (247.863 sec/epoch), lr: 0.000951
Evaluating on dev set...
.......................................................................................................................................................................................................................
source: 	 mrr: 0.085294	 ndcg_5: 0.0771	 ndcg_10: 0.0959	 hit@1:0.039271	 hit@5:0.1145	 hit@10: 0.1728
target: 	 mrr: 0.082216	 ndcg_5: 0.0724	 ndcg_10: 0.0924	 hit@1:0.031449	 hit@5:0.1126	 hit@10: 0.1751
epoch 69: train_loss = 1.036903, source_hit@10 = 0.1728, source_ndcg@10 = 0.0959, target_hit@10 = 0.1751, target_ndcg@10 = 0.0924

2024-08-07 20:32:33.260720: step 66290/75760 (epoch 70/80), loss = 1.034367 (248.523 sec/epoch), lr: 0.000951
Evaluating on dev set...
.......................................................................................................................................................................................................................
source: 	 mrr: 0.074383	 ndcg_5: 0.0667	 ndcg_10: 0.0827	 hit@1:0.031479	 hit@5:0.1014	 hit@10: 0.1515
target: 	 mrr: 0.088354	 ndcg_5: 0.0793	 ndcg_10: 0.0996	 hit@1:0.038095	 hit@5:0.1204	 hit@10: 0.1838
epoch 70: train_loss = 1.034367, source_hit@10 = 0.1515, source_ndcg@10 = 0.0827, target_hit@10 = 0.1838, target_ndcg@10 = 0.0996

2024-08-07 20:36:42.781565: step 67237/75760 (epoch 71/80), loss = 1.029663 (247.515 sec/epoch), lr: 0.000904
Evaluating on dev set...
.......................................................................................................................................................................................................................
source: 	 mrr: 0.083119	 ndcg_5: 0.0750	 ndcg_10: 0.0925	 hit@1:0.037868	 hit@5:0.1116	 hit@10: 0.1658
target: 	 mrr: 0.088253	 ndcg_5: 0.0786	 ndcg_10: 0.0973	 hit@1:0.040134	 hit@5:0.1163	 hit@10: 0.1744
epoch 71: train_loss = 1.029663, source_hit@10 = 0.1658, source_ndcg@10 = 0.0925, target_hit@10 = 0.1744, target_ndcg@10 = 0.0973

2024-08-07 20:40:53.600049: step 68184/75760 (epoch 72/80), loss = 1.027770 (248.792 sec/epoch), lr: 0.000904
Evaluating on dev set...
.......................................................................................................................................................................................................................
source: 	 mrr: 0.052577	 ndcg_5: 0.0443	 ndcg_10: 0.0582	 hit@1:0.019012	 hit@5:0.0690	 hit@10: 0.1124
target: 	 mrr: 0.080400	 ndcg_5: 0.0689	 ndcg_10: 0.0899	 hit@1:0.034673	 hit@5:0.1040	 hit@10: 0.1694
epoch 72: train_loss = 1.027770, source_hit@10 = 0.1124, source_ndcg@10 = 0.0582, target_hit@10 = 0.1694, target_ndcg@10 = 0.0899

2024-08-07 20:45:04.538402: step 69131/75760 (epoch 73/80), loss = 1.021826 (248.925 sec/epoch), lr: 0.000859
Evaluating on dev set...
.......................................................................................................................................................................................................................
source: 	 mrr: 0.069924	 ndcg_5: 0.0613	 ndcg_10: 0.0764	 hit@1:0.029609	 hit@5:0.0929	 hit@10: 0.1395
target: 	 mrr: 0.095660	 ndcg_5: 0.0859	 ndcg_10: 0.1055	 hit@1:0.047437	 hit@5:0.1223	 hit@10: 0.1831
target best!
......................................................................................................................................................target: 	 mrr: 0.097692	 ndcg_5: 0.0888	 ndcg_10: 0.1076	 hit@1:0.049093	 hit@5:0.1270	 hit@10: 0.1855
epoch 73: train_loss = 1.021826, source_hit@10 = 0.1395, source_ndcg@10 = 0.0764, target_hit@10 = 0.1855, target_ndcg@10 = 0.1076
new best model saved.

2024-08-07 20:49:16.570393: step 70078/75760 (epoch 74/80), loss = 1.018377 (248.483 sec/epoch), lr: 0.000859
Evaluating on dev set...
.......................................................................................................................................................................................................................
source: 	 mrr: 0.072270	 ndcg_5: 0.0640	 ndcg_10: 0.0801	 hit@1:0.030700	 hit@5:0.0960	 hit@10: 0.1463
target: 	 mrr: 0.082884	 ndcg_5: 0.0749	 ndcg_10: 0.0912	 hit@1:0.037634	 hit@5:0.1114	 hit@10: 0.1626
epoch 74: train_loss = 1.018377, source_hit@10 = 0.1463, source_ndcg@10 = 0.0801, target_hit@10 = 0.1626, target_ndcg@10 = 0.0912

2024-08-07 20:53:26.612214: step 71025/75760 (epoch 75/80), loss = 1.016195 (248.012 sec/epoch), lr: 0.000816
Evaluating on dev set...
.......................................................................................................................................................................................................................
source: 	 mrr: 0.084845	 ndcg_5: 0.0760	 ndcg_10: 0.0940	 hit@1:0.039582	 hit@5:0.1113	 hit@10: 0.1675
target: 	 mrr: 0.077809	 ndcg_5: 0.0705	 ndcg_10: 0.0860	 hit@1:0.036318	 hit@5:0.1040	 hit@10: 0.1521
epoch 75: train_loss = 1.016195, source_hit@10 = 0.1675, source_ndcg@10 = 0.0940, target_hit@10 = 0.1521, target_ndcg@10 = 0.0860

2024-08-07 20:57:37.015537: step 71972/75760 (epoch 76/80), loss = 1.010365 (248.381 sec/epoch), lr: 0.000816
Evaluating on dev set...
.......................................................................................................................................................................................................................
source: 	 mrr: 0.079071	 ndcg_5: 0.0702	 ndcg_10: 0.0871	 hit@1:0.034751	 hit@5:0.1046	 hit@10: 0.1566
target: 	 mrr: 0.090107	 ndcg_5: 0.0812	 ndcg_10: 0.1004	 hit@1:0.041582	 hit@5:0.1193	 hit@10: 0.1794
epoch 76: train_loss = 1.010365, source_hit@10 = 0.1566, source_ndcg@10 = 0.0871, target_hit@10 = 0.1794, target_ndcg@10 = 0.1004

2024-08-07 21:01:47.545973: step 72919/75760 (epoch 77/80), loss = 1.010063 (248.520 sec/epoch), lr: 0.000816
Evaluating on dev set...
.......................................................................................................................................................................................................................
source: 	 mrr: 0.075918	 ndcg_5: 0.0689	 ndcg_10: 0.0850	 hit@1:0.032570	 hit@5:0.1044	 hit@10: 0.1544
target: 	 mrr: 0.090579	 ndcg_5: 0.0818	 ndcg_10: 0.1009	 hit@1:0.040595	 hit@5:0.1217	 hit@10: 0.1814
epoch 77: train_loss = 1.010063, source_hit@10 = 0.1544, source_ndcg@10 = 0.0850, target_hit@10 = 0.1814, target_ndcg@10 = 0.1009

2024-08-07 21:05:58.300292: step 73866/75760 (epoch 78/80), loss = 1.005024 (248.738 sec/epoch), lr: 0.000775
Evaluating on dev set...
.......................................................................................................................................................................................................................
source: 	 mrr: 0.081546	 ndcg_5: 0.0750	 ndcg_10: 0.0918	 hit@1:0.034596	 hit@5:0.1144	 hit@10: 0.1669
target: 	 mrr: 0.092187	 ndcg_5: 0.0834	 ndcg_10: 0.1022	 hit@1:0.042963	 hit@5:0.1224	 hit@10: 0.1811
epoch 78: train_loss = 1.005024, source_hit@10 = 0.1669, source_ndcg@10 = 0.0918, target_hit@10 = 0.1811, target_ndcg@10 = 0.1022

2024-08-07 21:10:08.313796: step 74813/75760 (epoch 79/80), loss = 1.003142 (247.992 sec/epoch), lr: 0.000775
Evaluating on dev set...
.......................................................................................................................................................................................................................
source: 	 mrr: 0.079964	 ndcg_5: 0.0737	 ndcg_10: 0.0892	 hit@1:0.037401	 hit@5:0.1092	 hit@10: 0.1576
target: 	 mrr: 0.084325	 ndcg_5: 0.0756	 ndcg_10: 0.0929	 hit@1:0.037897	 hit@5:0.1120	 hit@10: 0.1661
epoch 79: train_loss = 1.003142, source_hit@10 = 0.1576, source_ndcg@10 = 0.0892, target_hit@10 = 0.1661, target_ndcg@10 = 0.0929

2024-08-07 21:14:18.932162: step 75760/75760 (epoch 80/80), loss = 0.998770 (248.599 sec/epoch), lr: 0.000736
Evaluating on dev set...
.......................................................................................................................................................................................................................
source: 	 mrr: 0.066842	 ndcg_5: 0.0599	 ndcg_10: 0.0741	 hit@1:0.026336	 hit@5:0.0919	 hit@10: 0.1365
target: 	 mrr: 0.084205	 ndcg_5: 0.0750	 ndcg_10: 0.0934	 hit@1:0.038029	 hit@5:0.1113	 hit@10: 0.1684
epoch 80: train_loss = 0.998770, source_hit@10 = 0.1365, source_ndcg@10 = 0.0741, target_hit@10 = 0.1684, target_ndcg@10 = 0.0934

