nohup: ignoring input
/home1/lhr/anaconda3/envs/torch/lib/python3.8/site-packages/torch_geometric/typing.py:54: UserWarning: An issue occurred while importing 'pyg-lib'. Disabling its usage. Stacktrace: /lib/x86_64-linux-gnu/libm.so.6: version `GLIBC_2.29' not found (required by /home1/lhr/anaconda3/envs/torch/lib/python3.8/site-packages/libpyg.so)
  warnings.warn(f"An issue occurred while importing 'pyg-lib'. "
/home1/lhr/anaconda3/envs/torch/lib/python3.8/site-packages/torch_geometric/typing.py:110: UserWarning: An issue occurred while importing 'torch-sparse'. Disabling its usage. Stacktrace: /lib/x86_64-linux-gnu/libm.so.6: version `GLIBC_2.29' not found (required by /home1/lhr/anaconda3/envs/torch/lib/python3.8/site-packages/libpyg.so)
  warnings.warn(f"An issue occurred while importing 'torch-sparse'. "
using gpu:7 to train the model
using gpu:7 to train the model
cuda:7
Namespace(A_split=False, JK='sum', a_fold=100, aggregate=False, alpha=0.5, batch_size=1024, beta_inter=0.3, conv_layers=4, cuda=True, decay_epoch=10, device=device(type='cuda', index=7), device_id='7', domains='cell_electronic', dropout=0.5, epoch=80, feature_dim=126, hidden_dim=126, inter_tau=0.2, intra_tau=1, lambda_critic=0.4, leakey=0.05, load=False, log='logs.txt', log_epoch=1, lr=0.004, lr_decay=0.95, min_epoch=50, mode='train', model_file=None, model_name='ce', momentum=0.9, num_latent_factors=3, num_negative=100, optim='adam', patience=30, proj_layers=1, projection=1, residual=1, save=False, save_dir='./saved_models', seed=32, similarity_tau=0.1, test_sample_number=999, transfer_epoch=40, user_batch_size=256, weight_decay=0.0002)
number_user 27519
number_item 9481
/home1/lhr/invariantCDR/invariantCDR/utils/GraphMaker.py:45: RuntimeWarning: divide by zero encountered in power
  r_inv = np.power(rowsum, -1).flatten()
/home1/lhr/invariantCDR/invariantCDR/utils/GraphMaker.py:68: UserWarning: torch.sparse.SparseTensor(indices, values, shape, *, device=) is deprecated.  Please use torch.sparse_coo_tensor(indices, values, shape, dtype=, device=). (Triggered internally at /opt/conda/conda-bld/pytorch_1711403590347/work/torch/csrc/utils/tensor_new.cpp:618.)
  return torch.sparse.FloatTensor(indices, values, shape)
real graph loaded!
number_user 107984
number_item 40460
real graph loaded!
graph loaded!
Loading data from cell_electronic with batch size 1024...
unseen test: 0
test length: 6417
unseen test: 0
test length: 6322
unseen test: 0
test length: 15199
unseen test: 0
test length: 15053
source_user_num 27519
target_user_num 107984
source_item_num 9481
target_item_num 40460
shared users id: 16337
test users 2049, 2042
unseen test: 0
dev length: 1000
unseen test: 0
dev length: 1000
source train data : 148271, target train data: 821301, source test data : 6322, target test data : 15053, source dev data : 1000, target dev data : 1000
2024-08-03 19:43:58.548310: step 947/75760 (epoch 1/80), loss = 1.370942 (692.635 sec/epoch), lr: 0.004000
Evaluating on dev set...
.......................................................................................................................................................................................................................
source: 	 mrr: 0.060371	 ndcg_5: 0.0514	 ndcg_10: 0.0672	 hit@1:0.020415	 hit@5:0.0823	 hit@10: 0.1312
target: 	 mrr: 0.075752	 ndcg_5: 0.0679	 ndcg_10: 0.0861	 hit@1:0.030002	 hit@5:0.1051	 hit@10: 0.1616
source best!
...............................................................
source: 	 mrr: 0.066105	 ndcg_5: 0.0561	 ndcg_10: 0.0730	 hit@1:0.025150	 hit@5:0.0862	 hit@10: 0.1387
target best!
......................................................................................................................................................target: 	 mrr: 0.077323	 ndcg_5: 0.0682	 ndcg_10: 0.0883	 hit@1:0.032618	 hit@5:0.1039	 hit@10: 0.1663
epoch 1: train_loss = 1.370942, source_hit@10 = 0.1387, source_ndcg@10 = 0.0730, target_hit@10 = 0.1663, target_ndcg@10 = 0.0883

2024-08-03 19:55:37.747733: step 1894/75760 (epoch 2/80), loss = 1.297571 (688.802 sec/epoch), lr: 0.004000
Evaluating on dev set...
.......................................................................................................................................................................................................................
source: 	 mrr: 0.056665	 ndcg_5: 0.0470	 ndcg_10: 0.0654	 hit@1:0.017454	 hit@5:0.0770	 hit@10: 0.1340
target: 	 mrr: 0.055018	 ndcg_5: 0.0460	 ndcg_10: 0.0622	 hit@1:0.017370	 hit@5:0.0753	 hit@10: 0.1257
epoch 2: train_loss = 1.297571, source_hit@10 = 0.1340, source_ndcg@10 = 0.0654, target_hit@10 = 0.1257, target_ndcg@10 = 0.0622

2024-08-03 20:07:12.851343: step 2841/75760 (epoch 3/80), loss = 1.280568 (689.621 sec/epoch), lr: 0.004000
Evaluating on dev set...
.......................................................................................................................................................................................................................
source: 	 mrr: 0.065364	 ndcg_5: 0.0589	 ndcg_10: 0.0728	 hit@1:0.026492	 hit@5:0.0918	 hit@10: 0.1348
target: 	 mrr: 0.074268	 ndcg_5: 0.0675	 ndcg_10: 0.0845	 hit@1:0.027370	 hit@5:0.1069	 hit@10: 0.1598
source best!
...............................................................
source: 	 mrr: 0.069534	 ndcg_5: 0.0617	 ndcg_10: 0.0784	 hit@1:0.027681	 hit@5:0.0944	 hit@10: 0.1465
epoch 3: train_loss = 1.280568, source_hit@10 = 0.1465, source_ndcg@10 = 0.0784, target_hit@10 = 0.1598, target_ndcg@10 = 0.0845
new best model saved.

2024-08-03 20:19:02.945874: step 3788/75760 (epoch 4/80), loss = 1.266873 (703.221 sec/epoch), lr: 0.004000
Evaluating on dev set...
.......................................................................................................................................................................................................................
source: 	 mrr: 0.056031	 ndcg_5: 0.0463	 ndcg_10: 0.0621	 hit@1:0.018700	 hit@5:0.0742	 hit@10: 0.1236
target: 	 mrr: 0.062167	 ndcg_5: 0.0547	 ndcg_10: 0.0730	 hit@1:0.018554	 hit@5:0.0918	 hit@10: 0.1485
epoch 4: train_loss = 1.266873, source_hit@10 = 0.1236, source_ndcg@10 = 0.0621, target_hit@10 = 0.1485, target_ndcg@10 = 0.0730

2024-08-03 20:30:26.254670: step 4735/75760 (epoch 5/80), loss = 1.236736 (678.107 sec/epoch), lr: 0.004000
Evaluating on dev set...
.......................................................................................................................................................................................................................
source: 	 mrr: 0.063321	 ndcg_5: 0.0556	 ndcg_10: 0.0720	 hit@1:0.021038	 hit@5:0.0901	 hit@10: 0.1409
target: 	 mrr: 0.066716	 ndcg_5: 0.0576	 ndcg_10: 0.0739	 hit@1:0.025857	 hit@5:0.0901	 hit@10: 0.1408
epoch 5: train_loss = 1.236736, source_hit@10 = 0.1409, source_ndcg@10 = 0.0720, target_hit@10 = 0.1408, target_ndcg@10 = 0.0739

2024-08-03 20:41:50.031353: step 5682/75760 (epoch 6/80), loss = 1.225569 (678.739 sec/epoch), lr: 0.004000
Evaluating on dev set...
.......................................................................................................................................................................................................................
source: 	 mrr: 0.046846	 ndcg_5: 0.0393	 ndcg_10: 0.0508	 hit@1:0.015428	 hit@5:0.0637	 hit@10: 0.0996
target: 	 mrr: 0.066610	 ndcg_5: 0.0567	 ndcg_10: 0.0763	 hit@1:0.021975	 hit@5:0.0918	 hit@10: 0.1527
epoch 6: train_loss = 1.225569, source_hit@10 = 0.0996, source_ndcg@10 = 0.0508, target_hit@10 = 0.1527, target_ndcg@10 = 0.0763

2024-08-03 20:53:18.272628: step 6629/75760 (epoch 7/80), loss = 1.220432 (682.957 sec/epoch), lr: 0.004000
Evaluating on dev set...
.......................................................................................................................................................................................................................
source: 	 mrr: 0.055427	 ndcg_5: 0.0473	 ndcg_10: 0.0625	 hit@1:0.019791	 hit@5:0.0742	 hit@10: 0.1219
target: 	 mrr: 0.053434	 ndcg_5: 0.0415	 ndcg_10: 0.0590	 hit@1:0.015922	 hit@5:0.0679	 hit@10: 0.1225
epoch 7: train_loss = 1.220432, source_hit@10 = 0.1219, source_ndcg@10 = 0.0625, target_hit@10 = 0.1225, target_ndcg@10 = 0.0590

2024-08-03 21:04:44.162160: step 7576/75760 (epoch 8/80), loss = 1.216947 (680.939 sec/epoch), lr: 0.004000
Evaluating on dev set...
.......................................................................................................................................................................................................................
source: 	 mrr: 0.064298	 ndcg_5: 0.0558	 ndcg_10: 0.0730	 hit@1:0.022129	 hit@5:0.0890	 hit@10: 0.1421
target: 	 mrr: 0.074999	 ndcg_5: 0.0661	 ndcg_10: 0.0858	 hit@1:0.028883	 hit@5:0.1032	 hit@10: 0.1643
epoch 8: train_loss = 1.216947, source_hit@10 = 0.1421, source_ndcg@10 = 0.0730, target_hit@10 = 0.1643, target_ndcg@10 = 0.0858

2024-08-03 21:16:12.907444: step 8523/75760 (epoch 9/80), loss = 1.214290 (683.645 sec/epoch), lr: 0.004000
Evaluating on dev set...
.......................................................................................................................................................................................................................
source: 	 mrr: 0.062669	 ndcg_5: 0.0534	 ndcg_10: 0.0691	 hit@1:0.023220	 hit@5:0.0827	 hit@10: 0.1318
target: 	 mrr: 0.059721	 ndcg_5: 0.0484	 ndcg_10: 0.0669	 hit@1:0.019607	 hit@5:0.0782	 hit@10: 0.1361
epoch 9: train_loss = 1.214290, source_hit@10 = 0.1318, source_ndcg@10 = 0.0691, target_hit@10 = 0.1361, target_ndcg@10 = 0.0669

2024-08-03 21:27:39.609000: step 9470/75760 (epoch 10/80), loss = 1.213188 (681.686 sec/epoch), lr: 0.004000
Evaluating on dev set...
.......................................................................................................................................................................................................................
source: 	 mrr: 0.054577	 ndcg_5: 0.0461	 ndcg_10: 0.0592	 hit@1:0.021038	 hit@5:0.0706	 hit@10: 0.1116
target: 	 mrr: 0.062712	 ndcg_5: 0.0518	 ndcg_10: 0.0694	 hit@1:0.021186	 hit@5:0.0836	 hit@10: 0.1382
epoch 10: train_loss = 1.213188, source_hit@10 = 0.1116, source_ndcg@10 = 0.0592, target_hit@10 = 0.1382, target_ndcg@10 = 0.0694

2024-08-03 21:39:08.642351: step 10417/75760 (epoch 11/80), loss = 1.210653 (683.900 sec/epoch), lr: 0.004000
Evaluating on dev set...
.......................................................................................................................................................................................................................
source: 	 mrr: 0.047457	 ndcg_5: 0.0377	 ndcg_10: 0.0524	 hit@1:0.014960	 hit@5:0.0609	 hit@10: 0.1066
target: 	 mrr: 0.064802	 ndcg_5: 0.0546	 ndcg_10: 0.0740	 hit@1:0.020922	 hit@5:0.0891	 hit@10: 0.1494
epoch 11: train_loss = 1.210653, source_hit@10 = 0.1066, source_ndcg@10 = 0.0524, target_hit@10 = 0.1494, target_ndcg@10 = 0.0740

2024-08-03 21:50:36.518592: step 11364/75760 (epoch 12/80), loss = 1.203008 (683.018 sec/epoch), lr: 0.003800
Evaluating on dev set...
.......................................................................................................................................................................................................................
source: 	 mrr: 0.039838	 ndcg_5: 0.0315	 ndcg_10: 0.0420	 hit@1:0.011844	 hit@5:0.0517	 hit@10: 0.0843
target: 	 mrr: 0.074137	 ndcg_5: 0.0647	 ndcg_10: 0.0841	 hit@1:0.029015	 hit@5:0.1005	 hit@10: 0.1606
epoch 12: train_loss = 1.203008, source_hit@10 = 0.0843, source_ndcg@10 = 0.0420, target_hit@10 = 0.1606, target_ndcg@10 = 0.0841

2024-08-03 22:02:06.728203: step 12311/75760 (epoch 13/80), loss = 1.201854 (684.815 sec/epoch), lr: 0.003800
Evaluating on dev set...
.......................................................................................................................................................................................................................
source: 	 mrr: 0.033824	 ndcg_5: 0.0237	 ndcg_10: 0.0338	 hit@1:0.008727	 hit@5:0.0390	 hit@10: 0.0706
target: 	 mrr: 0.081954	 ndcg_5: 0.0740	 ndcg_10: 0.0927	 hit@1:0.034410	 hit@5:0.1134	 hit@10: 0.1717
target best!
......................................................................................................................................................target: 	 mrr: 0.085866	 ndcg_5: 0.0784	 ndcg_10: 0.0968	 hit@1:0.037069	 hit@5:0.1193	 hit@10: 0.1766
epoch 13: train_loss = 1.201854, source_hit@10 = 0.0706, source_ndcg@10 = 0.0338, target_hit@10 = 0.1766, target_ndcg@10 = 0.0968

2024-08-03 22:13:37.020959: step 13258/75760 (epoch 14/80), loss = 1.200319 (681.285 sec/epoch), lr: 0.003800
Evaluating on dev set...
.......................................................................................................................................................................................................................
source: 	 mrr: 0.030722	 ndcg_5: 0.0237	 ndcg_10: 0.0336	 hit@1:0.006701	 hit@5:0.0405	 hit@10: 0.0712
target: 	 mrr: 0.070882	 ndcg_5: 0.0621	 ndcg_10: 0.0804	 hit@1:0.027436	 hit@5:0.0967	 hit@10: 0.1536
epoch 14: train_loss = 1.200319, source_hit@10 = 0.0712, source_ndcg@10 = 0.0336, target_hit@10 = 0.1536, target_ndcg@10 = 0.0804

2024-08-03 22:25:03.447689: step 14205/75760 (epoch 15/80), loss = 1.189692 (681.278 sec/epoch), lr: 0.003610
Evaluating on dev set...
.......................................................................................................................................................................................................................
source: 	 mrr: 0.033605	 ndcg_5: 0.0249	 ndcg_10: 0.0346	 hit@1:0.010909	 hit@5:0.0383	 hit@10: 0.0686
target: 	 mrr: 0.083797	 ndcg_5: 0.0757	 ndcg_10: 0.0943	 hit@1:0.037042	 hit@5:0.1138	 hit@10: 0.1719
target best!
......................................................................................................................................................target: 	 mrr: 0.085012	 ndcg_5: 0.0769	 ndcg_10: 0.0966	 hit@1:0.036139	 hit@5:0.1167	 hit@10: 0.1777
epoch 15: train_loss = 1.189692, source_hit@10 = 0.0686, source_ndcg@10 = 0.0346, target_hit@10 = 0.1777, target_ndcg@10 = 0.0966

2024-08-03 22:36:35.058283: step 15152/75760 (epoch 16/80), loss = 1.184901 (682.839 sec/epoch), lr: 0.003610
Evaluating on dev set...
.......................................................................................................................................................................................................................
source: 	 mrr: 0.035516	 ndcg_5: 0.0268	 ndcg_10: 0.0367	 hit@1:0.011376	 hit@5:0.0424	 hit@10: 0.0734
target: 	 mrr: 0.070998	 ndcg_5: 0.0617	 ndcg_10: 0.0812	 hit@1:0.026252	 hit@5:0.0973	 hit@10: 0.1575
epoch 16: train_loss = 1.184901, source_hit@10 = 0.0734, source_ndcg@10 = 0.0367, target_hit@10 = 0.1575, target_ndcg@10 = 0.0812

2024-08-03 22:48:02.768994: step 16099/75760 (epoch 17/80), loss = 1.176483 (682.435 sec/epoch), lr: 0.003429
Evaluating on dev set...
.......................................................................................................................................................................................................................
source: 	 mrr: 0.043145	 ndcg_5: 0.0343	 ndcg_10: 0.0456	 hit@1:0.014960	 hit@5:0.0538	 hit@10: 0.0890
target: 	 mrr: 0.078109	 ndcg_5: 0.0675	 ndcg_10: 0.0850	 hit@1:0.035397	 hit@5:0.0994	 hit@10: 0.1538
epoch 17: train_loss = 1.176483, source_hit@10 = 0.0890, source_ndcg@10 = 0.0456, target_hit@10 = 0.1538, target_ndcg@10 = 0.0850

2024-08-03 22:59:33.066366: step 17046/75760 (epoch 18/80), loss = 1.171697 (684.956 sec/epoch), lr: 0.003429
Evaluating on dev set...
.......................................................................................................................................................................................................................
source: 	 mrr: 0.053006	 ndcg_5: 0.0441	 ndcg_10: 0.0597	 hit@1:0.015739	 hit@5:0.0739	 hit@10: 0.1222
target: 	 mrr: 0.080356	 ndcg_5: 0.0718	 ndcg_10: 0.0900	 hit@1:0.032700	 hit@5:0.1105	 hit@10: 0.1669
epoch 18: train_loss = 1.171697, source_hit@10 = 0.1222, source_ndcg@10 = 0.0597, target_hit@10 = 0.1669, target_ndcg@10 = 0.0900

2024-08-03 23:11:00.828185: step 17993/75760 (epoch 19/80), loss = 1.168140 (682.568 sec/epoch), lr: 0.003429
Evaluating on dev set...
.......................................................................................................................................................................................................................
source: 	 mrr: 0.061525	 ndcg_5: 0.0524	 ndcg_10: 0.0677	 hit@1:0.023064	 hit@5:0.0810	 hit@10: 0.1287
target: 	 mrr: 0.078674	 ndcg_5: 0.0699	 ndcg_10: 0.0895	 hit@1:0.031515	 hit@5:0.1080	 hit@10: 0.1692
epoch 19: train_loss = 1.168140, source_hit@10 = 0.1287, source_ndcg@10 = 0.0677, target_hit@10 = 0.1692, target_ndcg@10 = 0.0895

2024-08-03 23:22:28.229701: step 18940/75760 (epoch 20/80), loss = 1.168511 (681.828 sec/epoch), lr: 0.003429
Evaluating on dev set...
.......................................................................................................................................................................................................................
source: 	 mrr: 0.065389	 ndcg_5: 0.0574	 ndcg_10: 0.0741	 hit@1:0.026648	 hit@5:0.0890	 hit@10: 0.1410
target: 	 mrr: 0.081972	 ndcg_5: 0.0724	 ndcg_10: 0.0920	 hit@1:0.034739	 hit@5:0.1095	 hit@10: 0.1705
source best!
...............................................................
source: 	 mrr: 0.069097	 ndcg_5: 0.0620	 ndcg_10: 0.0781	 hit@1:0.026890	 hit@5:0.0973	 hit@10: 0.1473
epoch 20: train_loss = 1.168511, source_hit@10 = 0.1473, source_ndcg@10 = 0.0781, target_hit@10 = 0.1705, target_ndcg@10 = 0.0920

2024-08-03 23:33:54.820539: step 19887/75760 (epoch 21/80), loss = 1.166800 (680.340 sec/epoch), lr: 0.003429
Evaluating on dev set...
.......................................................................................................................................................................................................................
source: 	 mrr: 0.066379	 ndcg_5: 0.0583	 ndcg_10: 0.0744	 hit@1:0.026492	 hit@5:0.0896	 hit@10: 0.1403
target: 	 mrr: 0.070378	 ndcg_5: 0.0611	 ndcg_10: 0.0793	 hit@1:0.024146	 hit@5:0.0987	 hit@10: 0.1553
source best!
...............................................................
source: 	 mrr: 0.069620	 ndcg_5: 0.0606	 ndcg_10: 0.0764	 hit@1:0.028314	 hit@5:0.0916	 hit@10: 0.1409
epoch 21: train_loss = 1.166800, source_hit@10 = 0.1409, source_ndcg@10 = 0.0764, target_hit@10 = 0.1553, target_ndcg@10 = 0.0793

2024-08-03 23:45:22.296756: step 20834/75760 (epoch 22/80), loss = 1.164366 (680.630 sec/epoch), lr: 0.003258
Evaluating on dev set...
.......................................................................................................................................................................................................................
source: 	 mrr: 0.045636	 ndcg_5: 0.0378	 ndcg_10: 0.0532	 hit@1:0.012779	 hit@5:0.0631	 hit@10: 0.1108
target: 	 mrr: 0.069031	 ndcg_5: 0.0582	 ndcg_10: 0.0778	 hit@1:0.025002	 hit@5:0.0915	 hit@10: 0.1524
epoch 22: train_loss = 1.164366, source_hit@10 = 0.1108, source_ndcg@10 = 0.0532, target_hit@10 = 0.1524, target_ndcg@10 = 0.0778

2024-08-04 00:00:09.614448: step 21781/75760 (epoch 23/80), loss = 1.162626 (882.263 sec/epoch), lr: 0.003095
Evaluating on dev set...
.......................................................................................................................................................................................................................
source: 	 mrr: 0.028760	 ndcg_5: 0.0227	 ndcg_10: 0.0290	 hit@1:0.010597	 hit@5:0.0343	 hit@10: 0.0541
target: 	 mrr: 0.072016	 ndcg_5: 0.0633	 ndcg_10: 0.0818	 hit@1:0.025857	 hit@5:0.1003	 hit@10: 0.1580
epoch 23: train_loss = 1.162626, source_hit@10 = 0.0541, source_ndcg@10 = 0.0290, target_hit@10 = 0.1580, target_ndcg@10 = 0.0818

2024-08-04 00:16:55.512071: step 22728/75760 (epoch 24/80), loss = 1.159537 (999.916 sec/epoch), lr: 0.002940
Evaluating on dev set...
.......................................................................................................................................................................................................................
source: 	 mrr: 0.029800	 ndcg_5: 0.0259	 ndcg_10: 0.0323	 hit@1:0.010753	 hit@5:0.0407	 hit@10: 0.0603
target: 	 mrr: 0.074451	 ndcg_5: 0.0651	 ndcg_10: 0.0833	 hit@1:0.029278	 hit@5:0.1011	 hit@10: 0.1580
epoch 24: train_loss = 1.159537, source_hit@10 = 0.0603, source_ndcg@10 = 0.0323, target_hit@10 = 0.1580, target_ndcg@10 = 0.0833

2024-08-04 00:33:59.281682: step 23675/75760 (epoch 25/80), loss = 1.158651 (1012.672 sec/epoch), lr: 0.002940
Evaluating on dev set...
.......................................................................................................................................................................................................................
source: 	 mrr: 0.043674	 ndcg_5: 0.0341	 ndcg_10: 0.0457	 hit@1:0.013714	 hit@5:0.0550	 hit@10: 0.0915
target: 	 mrr: 0.086053	 ndcg_5: 0.0761	 ndcg_10: 0.0954	 hit@1:0.039937	 hit@5:0.1118	 hit@10: 0.1721
target best!
......................................................................................................................................................target: 	 mrr: 0.084809	 ndcg_5: 0.0757	 ndcg_10: 0.0934	 hit@1:0.037401	 hit@5:0.1129	 hit@10: 0.1677
epoch 25: train_loss = 1.158651, source_hit@10 = 0.0915, source_ndcg@10 = 0.0457, target_hit@10 = 0.1677, target_ndcg@10 = 0.0934

2024-08-04 00:51:11.125401: step 24622/75760 (epoch 26/80), loss = 1.158549 (1013.899 sec/epoch), lr: 0.002940
Evaluating on dev set...
.......................................................................................................................................................................................................................
source: 	 mrr: 0.072347	 ndcg_5: 0.0646	 ndcg_10: 0.0805	 hit@1:0.030076	 hit@5:0.0977	 hit@10: 0.1473
target: 	 mrr: 0.082121	 ndcg_5: 0.0730	 ndcg_10: 0.0915	 hit@1:0.035265	 hit@5:0.1103	 hit@10: 0.1680
source best!
...............................................................
source: 	 mrr: 0.075516	 ndcg_5: 0.0675	 ndcg_10: 0.0846	 hit@1:0.031319	 hit@5:0.1025	 hit@10: 0.1558
epoch 26: train_loss = 1.158549, source_hit@10 = 0.1558, source_ndcg@10 = 0.0846, target_hit@10 = 0.1680, target_ndcg@10 = 0.0915
new best model saved.

2024-08-04 01:08:12.565868: step 25569/75760 (epoch 27/80), loss = 1.154836 (1006.424 sec/epoch), lr: 0.002940
Evaluating on dev set...
.......................................................................................................................................................................................................................
source: 	 mrr: 0.060131	 ndcg_5: 0.0535	 ndcg_10: 0.0673	 hit@1:0.021817	 hit@5:0.0845	 hit@10: 0.1267
target: 	 mrr: 0.061163	 ndcg_5: 0.0499	 ndcg_10: 0.0667	 hit@1:0.021186	 hit@5:0.0790	 hit@10: 0.1313
epoch 27: train_loss = 1.154836, source_hit@10 = 0.1267, source_ndcg@10 = 0.0673, target_hit@10 = 0.1313, target_ndcg@10 = 0.0667

2024-08-04 01:25:08.524398: step 26516/75760 (epoch 28/80), loss = 1.152487 (1004.672 sec/epoch), lr: 0.002793
Evaluating on dev set...
.......................................................................................................................................................................................................................
source: 	 mrr: 0.018817	 ndcg_5: 0.0139	 ndcg_10: 0.0185	 hit@1:0.006389	 hit@5:0.0213	 hit@10: 0.0358
target: 	 mrr: 0.068525	 ndcg_5: 0.0583	 ndcg_10: 0.0776	 hit@1:0.023752	 hit@5:0.0936	 hit@10: 0.1532
epoch 28: train_loss = 1.152487, source_hit@10 = 0.0358, source_ndcg@10 = 0.0185, target_hit@10 = 0.1532, target_ndcg@10 = 0.0776

2024-08-04 01:42:18.866091: step 27463/75760 (epoch 29/80), loss = 1.150914 (1024.212 sec/epoch), lr: 0.002654
Evaluating on dev set...
.......................................................................................................................................................................................................................
source: 	 mrr: 0.056118	 ndcg_5: 0.0479	 ndcg_10: 0.0609	 hit@1:0.019947	 hit@5:0.0760	 hit@10: 0.1164
target: 	 mrr: 0.064938	 ndcg_5: 0.0538	 ndcg_10: 0.0716	 hit@1:0.022699	 hit@5:0.0853	 hit@10: 0.1407
epoch 29: train_loss = 1.150914, source_hit@10 = 0.1164, source_ndcg@10 = 0.0609, target_hit@10 = 0.1407, target_ndcg@10 = 0.0716

2024-08-04 01:59:28.033589: step 28410/75760 (epoch 30/80), loss = 1.149728 (1018.666 sec/epoch), lr: 0.002654
Evaluating on dev set...
.......................................................................................................................................................................................................................
source: 	 mrr: 0.057971	 ndcg_5: 0.0494	 ndcg_10: 0.0654	 hit@1:0.019791	 hit@5:0.0781	 hit@10: 0.1273
target: 	 mrr: 0.057088	 ndcg_5: 0.0459	 ndcg_10: 0.0634	 hit@1:0.018356	 hit@5:0.0741	 hit@10: 0.1288
epoch 30: train_loss = 1.149728, source_hit@10 = 0.1273, source_ndcg@10 = 0.0654, target_hit@10 = 0.1288, target_ndcg@10 = 0.0634

2024-08-04 02:16:32.801447: step 29357/75760 (epoch 31/80), loss = 1.148250 (1012.702 sec/epoch), lr: 0.002521
Evaluating on dev set...
.......................................................................................................................................................................................................................
source: 	 mrr: 0.060164	 ndcg_5: 0.0534	 ndcg_10: 0.0668	 hit@1:0.024310	 hit@5:0.0824	 hit@10: 0.1239
target: 	 mrr: 0.084593	 ndcg_5: 0.0759	 ndcg_10: 0.0947	 hit@1:0.036910	 hit@5:0.1149	 hit@10: 0.1734
epoch 31: train_loss = 1.148250, source_hit@10 = 0.1239, source_ndcg@10 = 0.0668, target_hit@10 = 0.1734, target_ndcg@10 = 0.0947

2024-08-04 02:33:33.151295: step 30304/75760 (epoch 32/80), loss = 1.144683 (1014.440 sec/epoch), lr: 0.002521
Evaluating on dev set...
.......................................................................................................................................................................................................................
source: 	 mrr: 0.046746	 ndcg_5: 0.0391	 ndcg_10: 0.0501	 hit@1:0.017765	 hit@5:0.0602	 hit@10: 0.0943
target: 	 mrr: 0.074602	 ndcg_5: 0.0645	 ndcg_10: 0.0830	 hit@1:0.029476	 hit@5:0.0993	 hit@10: 0.1569
epoch 32: train_loss = 1.144683, source_hit@10 = 0.0943, source_ndcg@10 = 0.0501, target_hit@10 = 0.1569, target_ndcg@10 = 0.0830

2024-08-04 02:50:59.271629: step 31251/75760 (epoch 33/80), loss = 1.142334 (1034.735 sec/epoch), lr: 0.002395
Evaluating on dev set...
.......................................................................................................................................................................................................................
source: 	 mrr: 0.063484	 ndcg_5: 0.0552	 ndcg_10: 0.0690	 hit@1:0.026025	 hit@5:0.0837	 hit@10: 0.1269
target: 	 mrr: 0.044271	 ndcg_5: 0.0330	 ndcg_10: 0.0450	 hit@1:0.012567	 hit@5:0.0536	 hit@10: 0.0913
epoch 33: train_loss = 1.142334, source_hit@10 = 0.1269, source_ndcg@10 = 0.0690, target_hit@10 = 0.0913, target_ndcg@10 = 0.0450

2024-08-04 03:08:17.701405: step 32198/75760 (epoch 34/80), loss = 1.138549 (1028.403 sec/epoch), lr: 0.002275
Evaluating on dev set...
.......................................................................................................................................................................................................................
source: 	 mrr: 0.059804	 ndcg_5: 0.0509	 ndcg_10: 0.0677	 hit@1:0.022908	 hit@5:0.0795	 hit@10: 0.1314
target: 	 mrr: 0.065358	 ndcg_5: 0.0551	 ndcg_10: 0.0726	 hit@1:0.023883	 hit@5:0.0874	 hit@10: 0.1419
epoch 34: train_loss = 1.138549, source_hit@10 = 0.1314, source_ndcg@10 = 0.0677, target_hit@10 = 0.1419, target_ndcg@10 = 0.0726

2024-08-04 03:25:39.655866: step 33145/75760 (epoch 35/80), loss = 1.138612 (1030.742 sec/epoch), lr: 0.002275
Evaluating on dev set...
.......................................................................................................................................................................................................................
source: 	 mrr: 0.060062	 ndcg_5: 0.0529	 ndcg_10: 0.0667	 hit@1:0.022908	 hit@5:0.0829	 hit@10: 0.1254
target: 	 mrr: 0.079565	 ndcg_5: 0.0708	 ndcg_10: 0.0888	 hit@1:0.032634	 hit@5:0.1088	 hit@10: 0.1648
epoch 35: train_loss = 1.138612, source_hit@10 = 0.1254, source_ndcg@10 = 0.0667, target_hit@10 = 0.1648, target_ndcg@10 = 0.0888

2024-08-04 03:42:56.134126: step 34092/75760 (epoch 36/80), loss = 1.138212 (1026.442 sec/epoch), lr: 0.002275
Evaluating on dev set...
.......................................................................................................................................................................................................................
source: 	 mrr: 0.069651	 ndcg_5: 0.0624	 ndcg_10: 0.0777	 hit@1:0.028830	 hit@5:0.0954	 hit@10: 0.1426
target: 	 mrr: 0.072156	 ndcg_5: 0.0615	 ndcg_10: 0.0821	 hit@1:0.026120	 hit@5:0.0970	 hit@10: 0.1612
epoch 36: train_loss = 1.138212, source_hit@10 = 0.1426, source_ndcg@10 = 0.0777, target_hit@10 = 0.1612, target_ndcg@10 = 0.0821

2024-08-04 04:00:35.309582: step 35039/75760 (epoch 37/80), loss = 1.135913 (1048.722 sec/epoch), lr: 0.002275
Evaluating on dev set...
.......................................................................................................................................................................................................................
source: 	 mrr: 0.061027	 ndcg_5: 0.0512	 ndcg_10: 0.0668	 hit@1:0.023687	 hit@5:0.0785	 hit@10: 0.1273
target: 	 mrr: 0.082829	 ndcg_5: 0.0730	 ndcg_10: 0.0932	 hit@1:0.033686	 hit@5:0.1113	 hit@10: 0.1743
epoch 37: train_loss = 1.135913, source_hit@10 = 0.1273, source_ndcg@10 = 0.0668, target_hit@10 = 0.1743, target_ndcg@10 = 0.0932

2024-08-04 04:17:57.962064: step 35986/75760 (epoch 38/80), loss = 1.137225 (1036.841 sec/epoch), lr: 0.002275
Evaluating on dev set...
.......................................................................................................................................................................................................................
source: 	 mrr: 0.060619	 ndcg_5: 0.0530	 ndcg_10: 0.0685	 hit@1:0.021661	 hit@5:0.0840	 hit@10: 0.1321
target: 	 mrr: 0.085998	 ndcg_5: 0.0772	 ndcg_10: 0.0958	 hit@1:0.038687	 hit@5:0.1151	 hit@10: 0.1726
epoch 38: train_loss = 1.137225, source_hit@10 = 0.1321, source_ndcg@10 = 0.0685, target_hit@10 = 0.1726, target_ndcg@10 = 0.0958

2024-08-04 04:30:14.794899: step 36933/75760 (epoch 39/80), loss = 1.133781 (727.387 sec/epoch), lr: 0.002275
Evaluating on dev set...
.......................................................................................................................................................................................................................
source: 	 mrr: 0.049445	 ndcg_5: 0.0402	 ndcg_10: 0.0529	 hit@1:0.017765	 hit@5:0.0622	 hit@10: 0.1019
target: 	 mrr: 0.079894	 ndcg_5: 0.0700	 ndcg_10: 0.0891	 hit@1:0.033292	 hit@5:0.1061	 hit@10: 0.1656
epoch 39: train_loss = 1.133781, source_hit@10 = 0.1019, source_ndcg@10 = 0.0529, target_hit@10 = 0.1656, target_ndcg@10 = 0.0891

2024-08-04 04:41:43.195486: step 37880/75760 (epoch 40/80), loss = 1.131800 (682.791 sec/epoch), lr: 0.002161
Evaluating on dev set...
.......................................................................................................................................................................................................................
source: 	 mrr: 0.051836	 ndcg_5: 0.0445	 ndcg_10: 0.0574	 hit@1:0.019635	 hit@5:0.0701	 hit@10: 0.1103
target: 	 mrr: 0.081587	 ndcg_5: 0.0714	 ndcg_10: 0.0911	 hit@1:0.035529	 hit@5:0.1068	 hit@10: 0.1680
epoch 40: train_loss = 1.131800, source_hit@10 = 0.1103, source_ndcg@10 = 0.0574, target_hit@10 = 0.1680, target_ndcg@10 = 0.0911
shift to transfer learning mode

2024-08-04 04:53:20.583118: step 38827/75760 (epoch 41/80), loss = 1.131793 (692.135 sec/epoch), lr: 0.002161
Evaluating on dev set...
.......................................................................................................................................................................................................................
source: 	 mrr: 0.071515	 ndcg_5: 0.0623	 ndcg_10: 0.0792	 hit@1:0.030076	 hit@5:0.0944	 hit@10: 0.1473
target: 	 mrr: 0.068734	 ndcg_5: 0.0586	 ndcg_10: 0.0759	 hit@1:0.026054	 hit@5:0.0907	 hit@10: 0.1450
epoch 41: train_loss = 1.131793, source_hit@10 = 0.1473, source_ndcg@10 = 0.0792, target_hit@10 = 0.1450, target_ndcg@10 = 0.0759

2024-08-04 05:04:58.346100: step 39774/75760 (epoch 42/80), loss = 1.131412 (692.737 sec/epoch), lr: 0.002161
Evaluating on dev set...
.......................................................................................................................................................................................................................
source: 	 mrr: 0.060310	 ndcg_5: 0.0513	 ndcg_10: 0.0666	 hit@1:0.021661	 hit@5:0.0806	 hit@10: 0.1281
target: 	 mrr: 0.074556	 ndcg_5: 0.0658	 ndcg_10: 0.0845	 hit@1:0.027239	 hit@5:0.1040	 hit@10: 0.1622
epoch 42: train_loss = 1.131412, source_hit@10 = 0.1281, source_ndcg@10 = 0.0666, target_hit@10 = 0.1622, target_ndcg@10 = 0.0845

2024-08-04 05:16:36.414714: step 40721/75760 (epoch 43/80), loss = 1.128930 (692.598 sec/epoch), lr: 0.002053
Evaluating on dev set...
.......................................................................................................................................................................................................................
source: 	 mrr: 0.073236	 ndcg_5: 0.0640	 ndcg_10: 0.0831	 hit@1:0.029453	 hit@5:0.0972	 hit@10: 0.1565
target: 	 mrr: 0.076758	 ndcg_5: 0.0664	 ndcg_10: 0.0836	 hit@1:0.034015	 hit@5:0.0976	 hit@10: 0.1512
source best!
...............................................................
source: 	 mrr: 0.075903	 ndcg_5: 0.0680	 ndcg_10: 0.0868	 hit@1:0.029579	 hit@5:0.1061	 hit@10: 0.1642
epoch 43: train_loss = 1.128930, source_hit@10 = 0.1642, source_ndcg@10 = 0.0868, target_hit@10 = 0.1512, target_ndcg@10 = 0.0836

2024-08-04 05:28:17.105925: step 41668/75760 (epoch 44/80), loss = 1.128573 (693.616 sec/epoch), lr: 0.002053
Evaluating on dev set...
.......................................................................................................................................................................................................................
source: 	 mrr: 0.053313	 ndcg_5: 0.0448	 ndcg_10: 0.0592	 hit@1:0.020259	 hit@5:0.0695	 hit@10: 0.1144
target: 	 mrr: 0.087539	 ndcg_5: 0.0787	 ndcg_10: 0.0971	 hit@1:0.040463	 hit@5:0.1159	 hit@10: 0.1732
target best!
......................................................................................................................................................target: 	 mrr: 0.089427	 ndcg_5: 0.0808	 ndcg_10: 0.0995	 hit@1:0.041786	 hit@5:0.1192	 hit@10: 0.1770
epoch 44: train_loss = 1.128573, source_hit@10 = 0.1144, source_ndcg@10 = 0.0592, target_hit@10 = 0.1770, target_ndcg@10 = 0.0995

2024-08-04 05:39:57.034329: step 42615/75760 (epoch 45/80), loss = 1.127329 (691.569 sec/epoch), lr: 0.001951
Evaluating on dev set...
.......................................................................................................................................................................................................................
source: 	 mrr: 0.054533	 ndcg_5: 0.0460	 ndcg_10: 0.0607	 hit@1:0.020103	 hit@5:0.0722	 hit@10: 0.1183
target: 	 mrr: 0.090157	 ndcg_5: 0.0819	 ndcg_10: 0.1014	 hit@1:0.040134	 hit@5:0.1220	 hit@10: 0.1826
target best!
......................................................................................................................................................target: 	 mrr: 0.091738	 ndcg_5: 0.0840	 ndcg_10: 0.1033	 hit@1:0.042317	 hit@5:0.1251	 hit@10: 0.1853
epoch 45: train_loss = 1.127329, source_hit@10 = 0.1183, source_ndcg@10 = 0.0607, target_hit@10 = 0.1853, target_ndcg@10 = 0.1033

2024-08-04 05:51:37.080063: step 43562/75760 (epoch 46/80), loss = 1.127000 (691.304 sec/epoch), lr: 0.001951
Evaluating on dev set...
.......................................................................................................................................................................................................................
source: 	 mrr: 0.068590	 ndcg_5: 0.0591	 ndcg_10: 0.0778	 hit@1:0.026025	 hit@5:0.0921	 hit@10: 0.1501
target: 	 mrr: 0.089148	 ndcg_5: 0.0808	 ndcg_10: 0.0993	 hit@1:0.040068	 hit@5:0.1201	 hit@10: 0.1779
epoch 46: train_loss = 1.127000, source_hit@10 = 0.1501, source_ndcg@10 = 0.0778, target_hit@10 = 0.1779, target_ndcg@10 = 0.0993

2024-08-04 06:03:14.116952: step 44509/75760 (epoch 47/80), loss = 1.126682 (691.662 sec/epoch), lr: 0.001951
Evaluating on dev set...
.......................................................................................................................................................................................................................
source: 	 mrr: 0.069867	 ndcg_5: 0.0618	 ndcg_10: 0.0777	 hit@1:0.028986	 hit@5:0.0941	 hit@10: 0.1435
target: 	 mrr: 0.090404	 ndcg_5: 0.0823	 ndcg_10: 0.1024	 hit@1:0.040595	 hit@5:0.1241	 hit@10: 0.1866
target best!
......................................................................................................................................................target: 	 mrr: 0.091659	 ndcg_5: 0.0829	 ndcg_10: 0.1033	 hit@1:0.041786	 hit@5:0.1231	 hit@10: 0.1863
epoch 47: train_loss = 1.126682, source_hit@10 = 0.1435, source_ndcg@10 = 0.0777, target_hit@10 = 0.1863, target_ndcg@10 = 0.1033

2024-08-04 06:14:53.002009: step 45456/75760 (epoch 48/80), loss = 1.126966 (690.378 sec/epoch), lr: 0.001951
Evaluating on dev set...
.......................................................................................................................................................................................................................
source: 	 mrr: 0.073613	 ndcg_5: 0.0668	 ndcg_10: 0.0828	 hit@1:0.028518	 hit@5:0.1043	 hit@10: 0.1537
target: 	 mrr: 0.085084	 ndcg_5: 0.0769	 ndcg_10: 0.0961	 hit@1:0.036384	 hit@5:0.1169	 hit@10: 0.1765
source best!
...............................................................
source: 	 mrr: 0.074856	 ndcg_5: 0.0666	 ndcg_10: 0.0841	 hit@1:0.030686	 hit@5:0.1025	 hit@10: 0.1574
epoch 48: train_loss = 1.126966, source_hit@10 = 0.1574, source_ndcg@10 = 0.0841, target_hit@10 = 0.1765, target_ndcg@10 = 0.0961

2024-08-04 06:26:37.831046: step 46403/75760 (epoch 49/80), loss = 1.123726 (698.407 sec/epoch), lr: 0.001853
Evaluating on dev set...
.......................................................................................................................................................................................................................
source: 	 mrr: 0.077814	 ndcg_5: 0.0700	 ndcg_10: 0.0871	 hit@1:0.033193	 hit@5:0.1064	 hit@10: 0.1594
target: 	 mrr: 0.091378	 ndcg_5: 0.0826	 ndcg_10: 0.1022	 hit@1:0.041911	 hit@5:0.1226	 hit@10: 0.1833
source best!
...............................................................
source: 	 mrr: 0.079304	 ndcg_5: 0.0710	 ndcg_10: 0.0897	 hit@1:0.032901	 hit@5:0.1088	 hit@10: 0.1667
target best!
......................................................................................................................................................target: 	 mrr: 0.093346	 ndcg_5: 0.0849	 ndcg_10: 0.1051	 hit@1:0.042516	 hit@5:0.1256	 hit@10: 0.1881
epoch 49: train_loss = 1.123726, source_hit@10 = 0.1667, source_ndcg@10 = 0.0897, target_hit@10 = 0.1881, target_ndcg@10 = 0.1051
new best model saved.

2024-08-04 06:38:26.187203: step 47350/75760 (epoch 50/80), loss = 1.124449 (697.172 sec/epoch), lr: 0.001853
Evaluating on dev set...
.......................................................................................................................................................................................................................
source: 	 mrr: 0.076731	 ndcg_5: 0.0691	 ndcg_10: 0.0870	 hit@1:0.031479	 hit@5:0.1072	 hit@10: 0.1625
target: 	 mrr: 0.098415	 ndcg_5: 0.0911	 ndcg_10: 0.1095	 hit@1:0.047240	 hit@5:0.1334	 hit@10: 0.1906
target best!
......................................................................................................................................................target: 	 mrr: 0.098740	 ndcg_5: 0.0910	 ndcg_10: 0.1103	 hit@1:0.047831	 hit@5:0.1328	 hit@10: 0.1927
epoch 50: train_loss = 1.124449, source_hit@10 = 0.1625, source_ndcg@10 = 0.0870, target_hit@10 = 0.1927, target_ndcg@10 = 0.1103
new best model saved.

2024-08-04 06:50:06.789470: step 48297/75760 (epoch 51/80), loss = 1.125780 (691.449 sec/epoch), lr: 0.001853
Evaluating on dev set...
.......................................................................................................................................................................................................................
source: 	 mrr: 0.064037	 ndcg_5: 0.0547	 ndcg_10: 0.0699	 hit@1:0.026492	 hit@5:0.0810	 hit@10: 0.1286
target: 	 mrr: 0.080069	 ndcg_5: 0.0718	 ndcg_10: 0.0892	 hit@1:0.033226	 hit@5:0.1097	 hit@10: 0.1632
epoch 51: train_loss = 1.125780, source_hit@10 = 0.1286, source_ndcg@10 = 0.0699, target_hit@10 = 0.1632, target_ndcg@10 = 0.0892

2024-08-04 07:01:44.782512: step 49244/75760 (epoch 52/80), loss = 1.119669 (692.524 sec/epoch), lr: 0.001761
Evaluating on dev set...
.......................................................................................................................................................................................................................
source: 	 mrr: 0.068764	 ndcg_5: 0.0610	 ndcg_10: 0.0765	 hit@1:0.028362	 hit@5:0.0930	 hit@10: 0.1413
target: 	 mrr: 0.093983	 ndcg_5: 0.0862	 ndcg_10: 0.1054	 hit@1:0.044016	 hit@5:0.1273	 hit@10: 0.1872
epoch 52: train_loss = 1.119669, source_hit@10 = 0.1413, source_ndcg@10 = 0.0765, target_hit@10 = 0.1872, target_ndcg@10 = 0.1054

2024-08-04 07:13:21.542771: step 50191/75760 (epoch 53/80), loss = 1.117604 (691.389 sec/epoch), lr: 0.001761
Evaluating on dev set...
.......................................................................................................................................................................................................................
source: 	 mrr: 0.073910	 ndcg_5: 0.0655	 ndcg_10: 0.0831	 hit@1:0.030076	 hit@5:0.1004	 hit@10: 0.1551
target: 	 mrr: 0.088913	 ndcg_5: 0.0800	 ndcg_10: 0.0980	 hit@1:0.041911	 hit@5:0.1175	 hit@10: 0.1735
epoch 53: train_loss = 1.117604, source_hit@10 = 0.1551, source_ndcg@10 = 0.0831, target_hit@10 = 0.1735, target_ndcg@10 = 0.0980

2024-08-04 07:24:57.483295: step 51138/75760 (epoch 54/80), loss = 1.115228 (690.733 sec/epoch), lr: 0.001761
Evaluating on dev set...
.......................................................................................................................................................................................................................
source: 	 mrr: 0.046216	 ndcg_5: 0.0380	 ndcg_10: 0.0488	 hit@1:0.016363	 hit@5:0.0594	 hit@10: 0.0932
target: 	 mrr: 0.086809	 ndcg_5: 0.0773	 ndcg_10: 0.0967	 hit@1:0.038687	 hit@5:0.1143	 hit@10: 0.1747
epoch 54: train_loss = 1.115228, source_hit@10 = 0.0932, source_ndcg@10 = 0.0488, target_hit@10 = 0.1747, target_ndcg@10 = 0.0967

2024-08-04 07:36:34.565734: step 52085/75760 (epoch 55/80), loss = 1.106013 (691.415 sec/epoch), lr: 0.001672
Evaluating on dev set...
.......................................................................................................................................................................................................................
source: 	 mrr: 0.068571	 ndcg_5: 0.0600	 ndcg_10: 0.0771	 hit@1:0.026804	 hit@5:0.0930	 hit@10: 0.1468
target: 	 mrr: 0.093702	 ndcg_5: 0.0861	 ndcg_10: 0.1037	 hit@1:0.045135	 hit@5:0.1260	 hit@10: 0.1809
epoch 55: train_loss = 1.106013, source_hit@10 = 0.1468, source_ndcg@10 = 0.0771, target_hit@10 = 0.1809, target_ndcg@10 = 0.1037

2024-08-04 07:48:13.578993: step 53032/75760 (epoch 56/80), loss = 1.099539 (693.654 sec/epoch), lr: 0.001672
Evaluating on dev set...
.......................................................................................................................................................................................................................
source: 	 mrr: 0.074936	 ndcg_5: 0.0659	 ndcg_10: 0.0837	 hit@1:0.032258	 hit@5:0.0993	 hit@10: 0.1547
target: 	 mrr: 0.089741	 ndcg_5: 0.0792	 ndcg_10: 0.0999	 hit@1:0.041713	 hit@5:0.1153	 hit@10: 0.1796
epoch 56: train_loss = 1.099539, source_hit@10 = 0.1547, source_ndcg@10 = 0.0837, target_hit@10 = 0.1796, target_ndcg@10 = 0.0999

2024-08-04 07:59:51.487602: step 53979/75760 (epoch 57/80), loss = 1.092728 (692.552 sec/epoch), lr: 0.001672
Evaluating on dev set...
.......................................................................................................................................................................................................................
source: 	 mrr: 0.054544	 ndcg_5: 0.0448	 ndcg_10: 0.0598	 hit@1:0.020259	 hit@5:0.0697	 hit@10: 0.1166
target: 	 mrr: 0.065846	 ndcg_5: 0.0562	 ndcg_10: 0.0716	 hit@1:0.028094	 hit@5:0.0842	 hit@10: 0.1320
epoch 57: train_loss = 1.092728, source_hit@10 = 0.1166, source_ndcg@10 = 0.0598, target_hit@10 = 0.1320, target_ndcg@10 = 0.0716

2024-08-04 08:11:31.884984: step 54926/75760 (epoch 58/80), loss = 1.086666 (694.994 sec/epoch), lr: 0.001589
Evaluating on dev set...
.......................................................................................................................................................................................................................
source: 	 mrr: 0.075189	 ndcg_5: 0.0666	 ndcg_10: 0.0849	 hit@1:0.032258	 hit@5:0.1016	 hit@10: 0.1586
target: 	 mrr: 0.085154	 ndcg_5: 0.0765	 ndcg_10: 0.0955	 hit@1:0.037766	 hit@5:0.1154	 hit@10: 0.1743
epoch 58: train_loss = 1.086666, source_hit@10 = 0.1586, source_ndcg@10 = 0.0849, target_hit@10 = 0.1743, target_ndcg@10 = 0.0955

2024-08-04 08:23:11.626930: step 55873/75760 (epoch 59/80), loss = 1.084465 (693.721 sec/epoch), lr: 0.001589
Evaluating on dev set...
.......................................................................................................................................................................................................................
source: 	 mrr: 0.038386	 ndcg_5: 0.0290	 ndcg_10: 0.0413	 hit@1:0.013246	 hit@5:0.0444	 hit@10: 0.0827
target: 	 mrr: 0.080349	 ndcg_5: 0.0707	 ndcg_10: 0.0886	 hit@1:0.036187	 hit@5:0.1048	 hit@10: 0.1607
epoch 59: train_loss = 1.084465, source_hit@10 = 0.0827, source_ndcg@10 = 0.0413, target_hit@10 = 0.1607, target_ndcg@10 = 0.0886

2024-08-04 08:34:51.705480: step 56820/75760 (epoch 60/80), loss = 1.081541 (694.668 sec/epoch), lr: 0.001509
Evaluating on dev set...
.......................................................................................................................................................................................................................
source: 	 mrr: 0.062420	 ndcg_5: 0.0543	 ndcg_10: 0.0710	 hit@1:0.021350	 hit@5:0.0877	 hit@10: 0.1398
target: 	 mrr: 0.085810	 ndcg_5: 0.0782	 ndcg_10: 0.0959	 hit@1:0.039345	 hit@5:0.1156	 hit@10: 0.1708
epoch 60: train_loss = 1.081541, source_hit@10 = 0.1398, source_ndcg@10 = 0.0710, target_hit@10 = 0.1708, target_ndcg@10 = 0.0959

2024-08-04 08:46:36.491478: step 57767/75760 (epoch 61/80), loss = 1.077574 (699.165 sec/epoch), lr: 0.001509
Evaluating on dev set...
.......................................................................................................................................................................................................................
source: 	 mrr: 0.067626	 ndcg_5: 0.0598	 ndcg_10: 0.0756	 hit@1:0.025401	 hit@5:0.0946	 hit@10: 0.1437
target: 	 mrr: 0.081765	 ndcg_5: 0.0734	 ndcg_10: 0.0905	 hit@1:0.036187	 hit@5:0.1099	 hit@10: 0.1632
epoch 61: train_loss = 1.077574, source_hit@10 = 0.1437, source_ndcg@10 = 0.0756, target_hit@10 = 0.1632, target_ndcg@10 = 0.0905

2024-08-04 08:58:15.962518: step 58714/75760 (epoch 62/80), loss = 1.079121 (694.405 sec/epoch), lr: 0.001509
Evaluating on dev set...
.......................................................................................................................................................................................................................
source: 	 mrr: 0.042890	 ndcg_5: 0.0359	 ndcg_10: 0.0459	 hit@1:0.017142	 hit@5:0.0552	 hit@10: 0.0862
target: 	 mrr: 0.085742	 ndcg_5: 0.0771	 ndcg_10: 0.0953	 hit@1:0.036910	 hit@5:0.1160	 hit@10: 0.1728
epoch 62: train_loss = 1.079121, source_hit@10 = 0.0862, source_ndcg@10 = 0.0459, target_hit@10 = 0.1728, target_ndcg@10 = 0.0953

2024-08-04 09:09:59.726447: step 59661/75760 (epoch 63/80), loss = 1.073972 (697.821 sec/epoch), lr: 0.001434
Evaluating on dev set...
.......................................................................................................................................................................................................................
source: 	 mrr: 0.047177	 ndcg_5: 0.0376	 ndcg_10: 0.0511	 hit@1:0.016830	 hit@5:0.0586	 hit@10: 0.1000
target: 	 mrr: 0.077943	 ndcg_5: 0.0689	 ndcg_10: 0.0876	 hit@1:0.033226	 hit@5:0.1051	 hit@10: 0.1632
epoch 63: train_loss = 1.073972, source_hit@10 = 0.1000, source_ndcg@10 = 0.0511, target_hit@10 = 0.1632, target_ndcg@10 = 0.0876

2024-08-04 09:21:48.134935: step 60608/75760 (epoch 64/80), loss = 1.071975 (702.896 sec/epoch), lr: 0.001362
Evaluating on dev set...
.......................................................................................................................................................................................................................
source: 	 mrr: 0.044612	 ndcg_5: 0.0364	 ndcg_10: 0.0491	 hit@1:0.015272	 hit@5:0.0594	 hit@10: 0.0990
target: 	 mrr: 0.077804	 ndcg_5: 0.0694	 ndcg_10: 0.0877	 hit@1:0.033160	 hit@5:0.1048	 hit@10: 0.1615
epoch 64: train_loss = 1.071975, source_hit@10 = 0.0990, source_ndcg@10 = 0.0491, target_hit@10 = 0.1615, target_ndcg@10 = 0.0877

2024-08-04 09:33:19.515641: step 61555/75760 (epoch 65/80), loss = 1.068037 (686.155 sec/epoch), lr: 0.001294
Evaluating on dev set...
.......................................................................................................................................................................................................................
source: 	 mrr: 0.071344	 ndcg_5: 0.0626	 ndcg_10: 0.0801	 hit@1:0.029297	 hit@5:0.0966	 hit@10: 0.1512
target: 	 mrr: 0.086301	 ndcg_5: 0.0788	 ndcg_10: 0.0963	 hit@1:0.037042	 hit@5:0.1193	 hit@10: 0.1738
epoch 65: train_loss = 1.068037, source_hit@10 = 0.1512, source_ndcg@10 = 0.0801, target_hit@10 = 0.1738, target_ndcg@10 = 0.0963

2024-08-04 09:44:51.926167: step 62502/75760 (epoch 66/80), loss = 1.065911 (687.271 sec/epoch), lr: 0.001294
Evaluating on dev set...
.......................................................................................................................................................................................................................
source: 	 mrr: 0.080315	 ndcg_5: 0.0726	 ndcg_10: 0.0903	 hit@1:0.035531	 hit@5:0.1091	 hit@10: 0.1646
target: 	 mrr: 0.084857	 ndcg_5: 0.0768	 ndcg_10: 0.0941	 hit@1:0.036384	 hit@5:0.1149	 hit@10: 0.1688
source best!
...............................................................
source: 	 mrr: 0.080410	 ndcg_5: 0.0724	 ndcg_10: 0.0915	 hit@1:0.033376	 hit@5:0.1118	 hit@10: 0.1715
epoch 66: train_loss = 1.065911, source_hit@10 = 0.1715, source_ndcg@10 = 0.0915, target_hit@10 = 0.1688, target_ndcg@10 = 0.0941

2024-08-04 09:56:30.840060: step 63449/75760 (epoch 67/80), loss = 1.066293 (692.387 sec/epoch), lr: 0.001294
Evaluating on dev set...
.......................................................................................................................................................................................................................
source: 	 mrr: 0.082771	 ndcg_5: 0.0751	 ndcg_10: 0.0946	 hit@1:0.034440	 hit@5:0.1159	 hit@10: 0.1766
target: 	 mrr: 0.087705	 ndcg_5: 0.0796	 ndcg_10: 0.0980	 hit@1:0.039082	 hit@5:0.1191	 hit@10: 0.1765
source best!
...............................................................
source: 	 mrr: 0.086555	 ndcg_5: 0.0768	 ndcg_10: 0.0983	 hit@1:0.037963	 hit@5:0.1152	 hit@10: 0.1821
epoch 67: train_loss = 1.066293, source_hit@10 = 0.1821, source_ndcg@10 = 0.0983, target_hit@10 = 0.1765, target_ndcg@10 = 0.0980

2024-08-04 10:08:11.395311: step 64396/75760 (epoch 68/80), loss = 1.065825 (693.965 sec/epoch), lr: 0.001294
Evaluating on dev set...
.......................................................................................................................................................................................................................
source: 	 mrr: 0.081115	 ndcg_5: 0.0721	 ndcg_10: 0.0905	 hit@1:0.035842	 hit@5:0.1075	 hit@10: 0.1646
target: 	 mrr: 0.079029	 ndcg_5: 0.0699	 ndcg_10: 0.0874	 hit@1:0.034739	 hit@5:0.1046	 hit@10: 0.1590
epoch 68: train_loss = 1.065825, source_hit@10 = 0.1646, source_ndcg@10 = 0.0905, target_hit@10 = 0.1590, target_ndcg@10 = 0.0874

2024-08-04 10:19:50.662427: step 65343/75760 (epoch 69/80), loss = 1.062525 (693.940 sec/epoch), lr: 0.001229
Evaluating on dev set...
.......................................................................................................................................................................................................................
source: 	 mrr: 0.083561	 ndcg_5: 0.0749	 ndcg_10: 0.0938	 hit@1:0.038180	 hit@5:0.1114	 hit@10: 0.1700
target: 	 mrr: 0.082279	 ndcg_5: 0.0730	 ndcg_10: 0.0904	 hit@1:0.037437	 hit@5:0.1080	 hit@10: 0.1620
source best!
...............................................................
source: 	 mrr: 0.088844	 ndcg_5: 0.0807	 ndcg_10: 0.0999	 hit@1:0.040652	 hit@5:0.1199	 hit@10: 0.1797
epoch 69: train_loss = 1.062525, source_hit@10 = 0.1797, source_ndcg@10 = 0.0999, target_hit@10 = 0.1620, target_ndcg@10 = 0.0904

2024-08-04 10:31:27.531917: step 66290/75760 (epoch 70/80), loss = 1.060546 (690.691 sec/epoch), lr: 0.001229
Evaluating on dev set...
.......................................................................................................................................................................................................................
source: 	 mrr: 0.064415	 ndcg_5: 0.0554	 ndcg_10: 0.0717	 hit@1:0.025245	 hit@5:0.0856	 hit@10: 0.1365
target: 	 mrr: 0.079794	 ndcg_5: 0.0710	 ndcg_10: 0.0882	 hit@1:0.034608	 hit@5:0.1070	 hit@10: 0.1609
epoch 70: train_loss = 1.060546, source_hit@10 = 0.1365, source_ndcg@10 = 0.0717, target_hit@10 = 0.1609, target_ndcg@10 = 0.0882

2024-08-04 10:43:00.828042: step 67237/75760 (epoch 71/80), loss = 1.057388 (688.439 sec/epoch), lr: 0.001168
Evaluating on dev set...
.......................................................................................................................................................................................................................
source: 	 mrr: 0.087136	 ndcg_5: 0.0788	 ndcg_10: 0.0974	 hit@1:0.039894	 hit@5:0.1167	 hit@10: 0.1748
target: 	 mrr: 0.091300	 ndcg_5: 0.0834	 ndcg_10: 0.1019	 hit@1:0.041516	 hit@5:0.1239	 hit@10: 0.1817
source best!
...............................................................
source: 	 mrr: 0.089103	 ndcg_5: 0.0809	 ndcg_10: 0.1008	 hit@1:0.040177	 hit@5:0.1216	 hit@10: 0.1836
epoch 71: train_loss = 1.057388, source_hit@10 = 0.1836, source_ndcg@10 = 0.1008, target_hit@10 = 0.1817, target_ndcg@10 = 0.1019

2024-08-04 10:54:30.684148: step 68184/75760 (epoch 72/80), loss = 1.059611 (683.711 sec/epoch), lr: 0.001168
Evaluating on dev set...
.......................................................................................................................................................................................................................
source: 	 mrr: 0.056163	 ndcg_5: 0.0477	 ndcg_10: 0.0629	 hit@1:0.019480	 hit@5:0.0770	 hit@10: 0.1242
target: 	 mrr: 0.086090	 ndcg_5: 0.0772	 ndcg_10: 0.0962	 hit@1:0.038160	 hit@5:0.1152	 hit@10: 0.1742
epoch 72: train_loss = 1.059611, source_hit@10 = 0.1242, source_ndcg@10 = 0.0629, target_hit@10 = 0.1742, target_ndcg@10 = 0.0962

2024-08-04 11:05:58.522918: step 69131/75760 (epoch 73/80), loss = 1.056399 (682.934 sec/epoch), lr: 0.001110
Evaluating on dev set...
.......................................................................................................................................................................................................................
source: 	 mrr: 0.075897	 ndcg_5: 0.0666	 ndcg_10: 0.0860	 hit@1:0.030700	 hit@5:0.1024	 hit@10: 0.1635
target: 	 mrr: 0.085324	 ndcg_5: 0.0773	 ndcg_10: 0.0960	 hit@1:0.035923	 hit@5:0.1175	 hit@10: 0.1758
epoch 73: train_loss = 1.056399, source_hit@10 = 0.1635, source_ndcg@10 = 0.0860, target_hit@10 = 0.1758, target_ndcg@10 = 0.0960

2024-08-04 11:17:26.328469: step 70078/75760 (epoch 74/80), loss = 1.055069 (682.637 sec/epoch), lr: 0.001110
Evaluating on dev set...
.......................................................................................................................................................................................................................
source: 	 mrr: 0.044854	 ndcg_5: 0.0364	 ndcg_10: 0.0497	 hit@1:0.014804	 hit@5:0.0580	 hit@10: 0.0994
target: 	 mrr: 0.083355	 ndcg_5: 0.0751	 ndcg_10: 0.0936	 hit@1:0.035200	 hit@5:0.1135	 hit@10: 0.1716
epoch 74: train_loss = 1.055069, source_hit@10 = 0.0994, source_ndcg@10 = 0.0497, target_hit@10 = 0.1716, target_ndcg@10 = 0.0936

2024-08-04 11:28:58.733690: step 71025/75760 (epoch 75/80), loss = 1.054044 (687.215 sec/epoch), lr: 0.001054
Evaluating on dev set...
.......................................................................................................................................................................................................................
source: 	 mrr: 0.083907	 ndcg_5: 0.0744	 ndcg_10: 0.0936	 hit@1:0.039115	 hit@5:0.1083	 hit@10: 0.1680
target: 	 mrr: 0.068200	 ndcg_5: 0.0587	 ndcg_10: 0.0764	 hit@1:0.024607	 hit@5:0.0933	 hit@10: 0.1483
epoch 75: train_loss = 1.054044, source_hit@10 = 0.1680, source_ndcg@10 = 0.0936, target_hit@10 = 0.1483, target_ndcg@10 = 0.0764

2024-08-04 11:40:28.997195: step 71972/75760 (epoch 76/80), loss = 1.051225 (685.443 sec/epoch), lr: 0.001054
Evaluating on dev set...
.......................................................................................................................................................................................................................
source: 	 mrr: 0.062166	 ndcg_5: 0.0522	 ndcg_10: 0.0693	 hit@1:0.023375	 hit@5:0.0812	 hit@10: 0.1346
target: 	 mrr: 0.081840	 ndcg_5: 0.0743	 ndcg_10: 0.0913	 hit@1:0.035397	 hit@5:0.1126	 hit@10: 0.1655
epoch 76: train_loss = 1.051225, source_hit@10 = 0.1346, source_ndcg@10 = 0.0693, target_hit@10 = 0.1655, target_ndcg@10 = 0.0913

2024-08-04 11:52:00.662317: step 72919/75760 (epoch 77/80), loss = 1.048913 (686.746 sec/epoch), lr: 0.001001
Evaluating on dev set...
.......................................................................................................................................................................................................................
source: 	 mrr: 0.062548	 ndcg_5: 0.0540	 ndcg_10: 0.0702	 hit@1:0.023220	 hit@5:0.0857	 hit@10: 0.1359
target: 	 mrr: 0.079078	 ndcg_5: 0.0711	 ndcg_10: 0.0889	 hit@1:0.031647	 hit@5:0.1099	 hit@10: 0.1654
epoch 77: train_loss = 1.048913, source_hit@10 = 0.1359, source_ndcg@10 = 0.0702, target_hit@10 = 0.1654, target_ndcg@10 = 0.0889

2024-08-04 12:03:35.618256: step 73866/75760 (epoch 78/80), loss = 1.044032 (689.580 sec/epoch), lr: 0.000951
Evaluating on dev set...
.......................................................................................................................................................................................................................
source: 	 mrr: 0.046850	 ndcg_5: 0.0385	 ndcg_10: 0.0519	 hit@1:0.016363	 hit@5:0.0598	 hit@10: 0.1016
target: 	 mrr: 0.083698	 ndcg_5: 0.0759	 ndcg_10: 0.0930	 hit@1:0.036647	 hit@5:0.1137	 hit@10: 0.1672
epoch 78: train_loss = 1.044032, source_hit@10 = 0.1016, source_ndcg@10 = 0.0519, target_hit@10 = 0.1672, target_ndcg@10 = 0.0930

2024-08-04 12:15:04.895024: step 74813/75760 (epoch 79/80), loss = 1.039004 (684.267 sec/epoch), lr: 0.000904
Evaluating on dev set...
.......................................................................................................................................................................................................................
source: 	 mrr: 0.078650	 ndcg_5: 0.0710	 ndcg_10: 0.0883	 hit@1:0.033661	 hit@5:0.1082	 hit@10: 0.1621
target: 	 mrr: 0.078901	 ndcg_5: 0.0707	 ndcg_10: 0.0884	 hit@1:0.031976	 hit@5:0.1094	 hit@10: 0.1646
epoch 79: train_loss = 1.039004, source_hit@10 = 0.1621, source_ndcg@10 = 0.0883, target_hit@10 = 0.1646, target_ndcg@10 = 0.0884

2024-08-04 12:26:32.239699: step 75760/75760 (epoch 80/80), loss = 1.037079 (682.533 sec/epoch), lr: 0.000904
Evaluating on dev set...
.......................................................................................................................................................................................................................
source: 	 mrr: 0.070010	 ndcg_5: 0.0642	 ndcg_10: 0.0801	 hit@1:0.028050	 hit@5:0.0997	 hit@10: 0.1496
target: 	 mrr: 0.080720	 ndcg_5: 0.0723	 ndcg_10: 0.0913	 hit@1:0.034081	 hit@5:0.1103	 hit@10: 0.1692
epoch 80: train_loss = 1.037079, source_hit@10 = 0.1496, source_ndcg@10 = 0.0801, target_hit@10 = 0.1692, target_ndcg@10 = 0.0913

