nohup: ignoring input
using gpu:1 to train the model
using gpu:1 to train the model
cuda:1
Namespace(A_split=False, JK='sum', a_fold=100, aggregate=False, alpha=0.5, batch_size=1024, beta_inter=0.55, conv_layers=4, cuda=True, decay_epoch=10, device=device(type='cuda', index=1), device_id='1', domains='cell_electronic', dropout=0.4, epoch=80, feature_dim=126, hidden_dim=126, inter_tau=0.2, intra_tau=1, lambda_critic=0.4, leakey=0.05, load=False, log='logs.txt', log_epoch=1, lr=0.004, lr_decay=0.95, min_epoch=50, mode='train', model_file=None, model_name='ce', momentum=0.98, num_latent_factors=3, num_negative=100, optim='adam', patience=20, proj_layers=1, projection=1, rectify_epoch=30, residual=1, save=False, save_dir='./saved_models', seed=32, similarity_tau=0.1, test_sample_number=999, user_batch_size=256, weight_decay=0.0002)
number_user 27519
number_item 9481
/home/hourun/invariantCDR_v2/invariantCDR/utils/GraphMaker.py:46: RuntimeWarning: divide by zero encountered in power
  r_inv = np.power(rowsum, -1).flatten()
real graph loaded!
number_user 107984
number_item 40460
real graph loaded!
graph loaded!
Loading data from cell_electronic with batch size 1024...
unseen test: 0
test length: 6417
unseen test: 0
test length: 6322
unseen test: 0
test length: 15199
unseen test: 0
test length: 15053
source_user_num 27519
target_user_num 107984
source_item_num 9481
target_item_num 40460
shared users id: 16337
test users 2049, 2042
unseen test: 0
dev length: 1000
unseen test: 0
dev length: 1000
source train data : 148271, target train data: 821301, source test data : 6322, target test data : 15053, source dev data : 1000, target dev data : 1000
2024-08-07 15:46:36.892901: step 947/75760 (epoch 1/80), loss = 1.363967 (253.559 sec/epoch), lr: 0.004000
Evaluating on dev set...
.......................................................................................................................................................................................................................
source: 	 mrr: 0.054860	 ndcg_5: 0.0451	 ndcg_10: 0.0649	 hit@1:0.015584	 hit@5:0.0757	 hit@10: 0.1376
target: 	 mrr: 0.046652	 ndcg_5: 0.0355	 ndcg_10: 0.0561	 hit@1:0.010395	 hit@5:0.0624	 hit@10: 0.1265
source best!
...............................................................
source: 	 mrr: 0.054513	 ndcg_5: 0.0436	 ndcg_10: 0.0633	 hit@1:0.015027	 hit@5:0.0737	 hit@10: 0.1351
target best!
......................................................................................................................................................target: 	 mrr: 0.046443	 ndcg_5: 0.0351	 ndcg_10: 0.0553	 hit@1:0.010496	 hit@5:0.0618	 hit@10: 0.1244
epoch 1: train_loss = 1.363967, source_hit@10 = 0.1351, source_ndcg@10 = 0.0633, target_hit@10 = 0.1244, target_ndcg@10 = 0.0553

2024-08-07 15:50:55.777394: step 1894/75760 (epoch 2/80), loss = 1.275759 (254.356 sec/epoch), lr: 0.004000
Evaluating on dev set...
.......................................................................................................................................................................................................................
source: 	 mrr: 0.036686	 ndcg_5: 0.0261	 ndcg_10: 0.0369	 hit@1:0.011376	 hit@5:0.0419	 hit@10: 0.0756
target: 	 mrr: 0.051027	 ndcg_5: 0.0403	 ndcg_10: 0.0586	 hit@1:0.014935	 hit@5:0.0666	 hit@10: 0.1235
target best!
......................................................................................................................................................target: 	 mrr: 0.053022	 ndcg_5: 0.0425	 ndcg_10: 0.0617	 hit@1:0.016542	 hit@5:0.0704	 hit@10: 0.1297
epoch 2: train_loss = 1.275759, source_hit@10 = 0.0756, source_ndcg@10 = 0.0369, target_hit@10 = 0.1297, target_ndcg@10 = 0.0617
new best model saved.

2024-08-07 15:55:13.939669: step 2841/75760 (epoch 3/80), loss = 1.269349 (253.947 sec/epoch), lr: 0.004000
Evaluating on dev set...
.......................................................................................................................................................................................................................
source: 	 mrr: 0.047665	 ndcg_5: 0.0375	 ndcg_10: 0.0520	 hit@1:0.014960	 hit@5:0.0611	 hit@10: 0.1063
target: 	 mrr: 0.076437	 ndcg_5: 0.0688	 ndcg_10: 0.0864	 hit@1:0.031055	 hit@5:0.1070	 hit@10: 0.1615
target best!
......................................................................................................................................................target: 	 mrr: 0.077739	 ndcg_5: 0.0696	 ndcg_10: 0.0868	 hit@1:0.032685	 hit@5:0.1054	 hit@10: 0.1590
epoch 3: train_loss = 1.269349, source_hit@10 = 0.1063, source_ndcg@10 = 0.0520, target_hit@10 = 0.1590, target_ndcg@10 = 0.0868
new best model saved.

2024-08-07 15:59:32.241636: step 3788/75760 (epoch 4/80), loss = 1.265073 (254.085 sec/epoch), lr: 0.004000
Evaluating on dev set...
.......................................................................................................................................................................................................................
source: 	 mrr: 0.058611	 ndcg_5: 0.0510	 ndcg_10: 0.0693	 hit@1:0.018233	 hit@5:0.0854	 hit@10: 0.1426
target: 	 mrr: 0.044287	 ndcg_5: 0.0308	 ndcg_10: 0.0492	 hit@1:0.010527	 hit@5:0.0526	 hit@10: 0.1099
source best!
...............................................................
source: 	 mrr: 0.061367	 ndcg_5: 0.0529	 ndcg_10: 0.0712	 hit@1:0.020089	 hit@5:0.0864	 hit@10: 0.1430
epoch 4: train_loss = 1.265073, source_hit@10 = 0.1430, source_ndcg@10 = 0.0712, target_hit@10 = 0.1099, target_ndcg@10 = 0.0492
new best model saved.

2024-08-07 16:03:50.890981: step 4735/75760 (epoch 5/80), loss = 1.258607 (255.333 sec/epoch), lr: 0.004000
Evaluating on dev set...
.......................................................................................................................................................................................................................
source: 	 mrr: 0.061666	 ndcg_5: 0.0513	 ndcg_10: 0.0696	 hit@1:0.021350	 hit@5:0.0804	 hit@10: 0.1373
target: 	 mrr: 0.075262	 ndcg_5: 0.0660	 ndcg_10: 0.0844	 hit@1:0.032502	 hit@5:0.0993	 hit@10: 0.1566
source best!
...............................................................
source: 	 mrr: 0.068096	 ndcg_5: 0.0577	 ndcg_10: 0.0765	 hit@1:0.026890	 hit@5:0.0886	 hit@10: 0.1469
epoch 5: train_loss = 1.258607, source_hit@10 = 0.1469, source_ndcg@10 = 0.0765, target_hit@10 = 0.1566, target_ndcg@10 = 0.0844
new best model saved.

2024-08-07 16:08:09.828249: step 5682/75760 (epoch 6/80), loss = 1.250551 (255.653 sec/epoch), lr: 0.004000
Evaluating on dev set...
.......................................................................................................................................................................................................................
source: 	 mrr: 0.020387	 ndcg_5: 0.0144	 ndcg_10: 0.0192	 hit@1:0.005922	 hit@5:0.0229	 hit@10: 0.0377
target: 	 mrr: 0.073441	 ndcg_5: 0.0649	 ndcg_10: 0.0822	 hit@1:0.028291	 hit@5:0.1014	 hit@10: 0.1552
epoch 6: train_loss = 1.250551, source_hit@10 = 0.0377, source_ndcg@10 = 0.0192, target_hit@10 = 0.1552, target_ndcg@10 = 0.0822

2024-08-07 16:12:27.576304: step 6629/75760 (epoch 7/80), loss = 1.246876 (255.439 sec/epoch), lr: 0.004000
Evaluating on dev set...
.......................................................................................................................................................................................................................
source: 	 mrr: 0.022323	 ndcg_5: 0.0166	 ndcg_10: 0.0217	 hit@1:0.007948	 hit@5:0.0251	 hit@10: 0.0410
target: 	 mrr: 0.073859	 ndcg_5: 0.0670	 ndcg_10: 0.0837	 hit@1:0.028028	 hit@5:0.1060	 hit@10: 0.1582
epoch 7: train_loss = 1.246876, source_hit@10 = 0.0410, source_ndcg@10 = 0.0217, target_hit@10 = 0.1582, target_ndcg@10 = 0.0837

2024-08-07 16:16:45.283071: step 7576/75760 (epoch 8/80), loss = 1.242420 (255.408 sec/epoch), lr: 0.004000
Evaluating on dev set...
.......................................................................................................................................................................................................................
source: 	 mrr: 0.025403	 ndcg_5: 0.0186	 ndcg_10: 0.0257	 hit@1:0.006701	 hit@5:0.0310	 hit@10: 0.0533
target: 	 mrr: 0.053115	 ndcg_5: 0.0450	 ndcg_10: 0.0613	 hit@1:0.015791	 hit@5:0.0762	 hit@10: 0.1267
epoch 8: train_loss = 1.242420, source_hit@10 = 0.0533, source_ndcg@10 = 0.0257, target_hit@10 = 0.1267, target_ndcg@10 = 0.0613

2024-08-07 16:21:03.062363: step 8523/75760 (epoch 9/80), loss = 1.235173 (255.460 sec/epoch), lr: 0.004000
Evaluating on dev set...
.......................................................................................................................................................................................................................
source: 	 mrr: 0.067382	 ndcg_5: 0.0590	 ndcg_10: 0.0741	 hit@1:0.025869	 hit@5:0.0919	 hit@10: 0.1395
target: 	 mrr: 0.061117	 ndcg_5: 0.0514	 ndcg_10: 0.0689	 hit@1:0.019870	 hit@5:0.0832	 hit@10: 0.1374
source best!
...............................................................
source: 	 mrr: 0.069408	 ndcg_5: 0.0602	 ndcg_10: 0.0779	 hit@1:0.026416	 hit@5:0.0947	 hit@10: 0.1498
epoch 9: train_loss = 1.235173, source_hit@10 = 0.1498, source_ndcg@10 = 0.0779, target_hit@10 = 0.1374, target_ndcg@10 = 0.0689
new best model saved.

2024-08-07 16:25:21.960953: step 9470/75760 (epoch 10/80), loss = 1.217873 (255.639 sec/epoch), lr: 0.004000
Evaluating on dev set...
.......................................................................................................................................................................................................................
source: 	 mrr: 0.053615	 ndcg_5: 0.0430	 ndcg_10: 0.0570	 hit@1:0.020259	 hit@5:0.0655	 hit@10: 0.1092
target: 	 mrr: 0.062377	 ndcg_5: 0.0541	 ndcg_10: 0.0692	 hit@1:0.022107	 hit@5:0.0861	 hit@10: 0.1328
epoch 10: train_loss = 1.217873, source_hit@10 = 0.1092, source_ndcg@10 = 0.0570, target_hit@10 = 0.1328, target_ndcg@10 = 0.0692

2024-08-07 16:29:39.145946: step 10417/75760 (epoch 11/80), loss = 1.213032 (254.848 sec/epoch), lr: 0.004000
Evaluating on dev set...
.......................................................................................................................................................................................................................
source: 	 mrr: 0.030659	 ndcg_5: 0.0238	 ndcg_10: 0.0315	 hit@1:0.009506	 hit@5:0.0380	 hit@10: 0.0617
target: 	 mrr: 0.076548	 ndcg_5: 0.0674	 ndcg_10: 0.0875	 hit@1:0.030397	 hit@5:0.1043	 hit@10: 0.1667
target best!
......................................................................................................................................................target: 	 mrr: 0.077902	 ndcg_5: 0.0694	 ndcg_10: 0.0889	 hit@1:0.031356	 hit@5:0.1076	 hit@10: 0.1678
epoch 11: train_loss = 1.213032, source_hit@10 = 0.0617, source_ndcg@10 = 0.0315, target_hit@10 = 0.1678, target_ndcg@10 = 0.0889
new best model saved.

2024-08-07 16:33:58.988546: step 11364/75760 (epoch 12/80), loss = 1.207347 (255.594 sec/epoch), lr: 0.003800
Evaluating on dev set...
.......................................................................................................................................................................................................................
source: 	 mrr: 0.055524	 ndcg_5: 0.0492	 ndcg_10: 0.0623	 hit@1:0.020415	 hit@5:0.0773	 hit@10: 0.1184
target: 	 mrr: 0.063453	 ndcg_5: 0.0527	 ndcg_10: 0.0720	 hit@1:0.020396	 hit@5:0.0858	 hit@10: 0.1460
epoch 12: train_loss = 1.207347, source_hit@10 = 0.1184, source_ndcg@10 = 0.0623, target_hit@10 = 0.1460, target_ndcg@10 = 0.0720

2024-08-07 16:38:18.874257: step 12311/75760 (epoch 13/80), loss = 1.209148 (257.504 sec/epoch), lr: 0.003800
Evaluating on dev set...
.......................................................................................................................................................................................................................
source: 	 mrr: 0.028371	 ndcg_5: 0.0167	 ndcg_10: 0.0263	 hit@1:0.007792	 hit@5:0.0260	 hit@10: 0.0563
target: 	 mrr: 0.060466	 ndcg_5: 0.0498	 ndcg_10: 0.0682	 hit@1:0.019541	 hit@5:0.0805	 hit@10: 0.1378
epoch 13: train_loss = 1.209148, source_hit@10 = 0.0563, source_ndcg@10 = 0.0263, target_hit@10 = 0.1378, target_ndcg@10 = 0.0682

2024-08-07 16:42:35.971786: step 13258/75760 (epoch 14/80), loss = 1.203979 (254.753 sec/epoch), lr: 0.003610
Evaluating on dev set...
.......................................................................................................................................................................................................................
source: 	 mrr: 0.060681	 ndcg_5: 0.0490	 ndcg_10: 0.0676	 hit@1:0.021973	 hit@5:0.0776	 hit@10: 0.1356
target: 	 mrr: 0.046830	 ndcg_5: 0.0391	 ndcg_10: 0.0530	 hit@1:0.015791	 hit@5:0.0626	 hit@10: 0.1057
epoch 14: train_loss = 1.203979, source_hit@10 = 0.1356, source_ndcg@10 = 0.0676, target_hit@10 = 0.1057, target_ndcg@10 = 0.0530

2024-08-07 16:46:54.408850: step 14205/75760 (epoch 15/80), loss = 1.200815 (256.092 sec/epoch), lr: 0.003610
Evaluating on dev set...
.......................................................................................................................................................................................................................
source: 	 mrr: 0.015836	 ndcg_5: 0.0098	 ndcg_10: 0.0131	 hit@1:0.004987	 hit@5:0.0148	 hit@10: 0.0256
target: 	 mrr: 0.076282	 ndcg_5: 0.0678	 ndcg_10: 0.0858	 hit@1:0.028883	 hit@5:0.1061	 hit@10: 0.1619
epoch 15: train_loss = 1.200815, source_hit@10 = 0.0256, source_ndcg@10 = 0.0131, target_hit@10 = 0.1619, target_ndcg@10 = 0.0858

2024-08-07 16:51:12.503987: step 15152/75760 (epoch 16/80), loss = 1.193344 (255.750 sec/epoch), lr: 0.003429
Evaluating on dev set...
.......................................................................................................................................................................................................................
source: 	 mrr: 0.040951	 ndcg_5: 0.0308	 ndcg_10: 0.0414	 hit@1:0.013090	 hit@5:0.0482	 hit@10: 0.0815
target: 	 mrr: 0.073099	 ndcg_5: 0.0647	 ndcg_10: 0.0826	 hit@1:0.027304	 hit@5:0.1011	 hit@10: 0.1567
epoch 16: train_loss = 1.193344, source_hit@10 = 0.0815, source_ndcg@10 = 0.0414, target_hit@10 = 0.1567, target_ndcg@10 = 0.0826

2024-08-07 16:55:30.517027: step 16099/75760 (epoch 17/80), loss = 1.190495 (255.688 sec/epoch), lr: 0.003429
Evaluating on dev set...
.......................................................................................................................................................................................................................
source: 	 mrr: 0.049090	 ndcg_5: 0.0392	 ndcg_10: 0.0512	 hit@1:0.016207	 hit@5:0.0623	 hit@10: 0.0994
target: 	 mrr: 0.072556	 ndcg_5: 0.0650	 ndcg_10: 0.0822	 hit@1:0.025528	 hit@5:0.1046	 hit@10: 0.1581
epoch 17: train_loss = 1.190495, source_hit@10 = 0.0994, source_ndcg@10 = 0.0512, target_hit@10 = 0.1581, target_ndcg@10 = 0.0822

2024-08-07 16:59:48.041985: step 17046/75760 (epoch 18/80), loss = 1.190114 (255.177 sec/epoch), lr: 0.003429
Evaluating on dev set...
.......................................................................................................................................................................................................................
source: 	 mrr: 0.049375	 ndcg_5: 0.0394	 ndcg_10: 0.0537	 hit@1:0.016830	 hit@5:0.0628	 hit@10: 0.1074
target: 	 mrr: 0.073364	 ndcg_5: 0.0637	 ndcg_10: 0.0808	 hit@1:0.028949	 hit@5:0.0972	 hit@10: 0.1503
epoch 18: train_loss = 1.190114, source_hit@10 = 0.1074, source_ndcg@10 = 0.0537, target_hit@10 = 0.1503, target_ndcg@10 = 0.0808

2024-08-07 17:04:05.969471: step 17993/75760 (epoch 19/80), loss = 1.190129 (255.595 sec/epoch), lr: 0.003429
Evaluating on dev set...
.......................................................................................................................................................................................................................
source: 	 mrr: 0.038571	 ndcg_5: 0.0292	 ndcg_10: 0.0393	 hit@1:0.013714	 hit@5:0.0449	 hit@10: 0.0765
target: 	 mrr: 0.079600	 ndcg_5: 0.0717	 ndcg_10: 0.0895	 hit@1:0.032107	 hit@5:0.1101	 hit@10: 0.1657
target best!
......................................................................................................................................................target: 	 mrr: 0.079190	 ndcg_5: 0.0718	 ndcg_10: 0.0902	 hit@1:0.030758	 hit@5:0.1125	 hit@10: 0.1695
epoch 19: train_loss = 1.190129, source_hit@10 = 0.0765, source_ndcg@10 = 0.0393, target_hit@10 = 0.1695, target_ndcg@10 = 0.0902
new best model saved.

2024-08-07 17:08:25.598838: step 18940/75760 (epoch 20/80), loss = 1.188243 (255.359 sec/epoch), lr: 0.003258
Evaluating on dev set...
.......................................................................................................................................................................................................................
source: 	 mrr: 0.073467	 ndcg_5: 0.0659	 ndcg_10: 0.0831	 hit@1:0.029297	 hit@5:0.1011	 hit@10: 0.1546
target: 	 mrr: 0.071142	 ndcg_5: 0.0649	 ndcg_10: 0.0802	 hit@1:0.030068	 hit@5:0.0992	 hit@10: 0.1467
source best!
...............................................................
source: 	 mrr: 0.074287	 ndcg_5: 0.0672	 ndcg_10: 0.0834	 hit@1:0.030054	 hit@5:0.1046	 hit@10: 0.1547
epoch 20: train_loss = 1.188243, source_hit@10 = 0.1547, source_ndcg@10 = 0.0834, target_hit@10 = 0.1467, target_ndcg@10 = 0.0802
new best model saved.

2024-08-07 17:12:43.893591: step 19887/75760 (epoch 21/80), loss = 1.187089 (254.918 sec/epoch), lr: 0.003258
Evaluating on dev set...
.......................................................................................................................................................................................................................
source: 	 mrr: 0.048105	 ndcg_5: 0.0378	 ndcg_10: 0.0545	 hit@1:0.012779	 hit@5:0.0636	 hit@10: 0.1156
target: 	 mrr: 0.062718	 ndcg_5: 0.0537	 ndcg_10: 0.0711	 hit@1:0.019804	 hit@5:0.0873	 hit@10: 0.1415
epoch 21: train_loss = 1.187089, source_hit@10 = 0.1156, source_ndcg@10 = 0.0545, target_hit@10 = 0.1415, target_ndcg@10 = 0.0711

2024-08-07 17:17:01.358323: step 20834/75760 (epoch 22/80), loss = 1.185063 (255.073 sec/epoch), lr: 0.003095
Evaluating on dev set...
.......................................................................................................................................................................................................................
source: 	 mrr: 0.044755	 ndcg_5: 0.0341	 ndcg_10: 0.0449	 hit@1:0.014804	 hit@5:0.0528	 hit@10: 0.0870
target: 	 mrr: 0.069207	 ndcg_5: 0.0624	 ndcg_10: 0.0782	 hit@1:0.026844	 hit@5:0.0968	 hit@10: 0.1459
epoch 22: train_loss = 1.185063, source_hit@10 = 0.0870, source_ndcg@10 = 0.0449, target_hit@10 = 0.1459, target_ndcg@10 = 0.0782

2024-08-07 17:21:18.711367: step 21781/75760 (epoch 23/80), loss = 1.185056 (254.982 sec/epoch), lr: 0.003095
Evaluating on dev set...
.......................................................................................................................................................................................................................
source: 	 mrr: 0.034210	 ndcg_5: 0.0278	 ndcg_10: 0.0343	 hit@1:0.012623	 hit@5:0.0422	 hit@10: 0.0623
target: 	 mrr: 0.056241	 ndcg_5: 0.0480	 ndcg_10: 0.0631	 hit@1:0.019343	 hit@5:0.0765	 hit@10: 0.1233
epoch 23: train_loss = 1.185056, source_hit@10 = 0.0623, source_ndcg@10 = 0.0343, target_hit@10 = 0.1233, target_ndcg@10 = 0.0631

2024-08-07 17:25:35.811516: step 22728/75760 (epoch 24/80), loss = 1.181549 (254.808 sec/epoch), lr: 0.002940
Evaluating on dev set...
.......................................................................................................................................................................................................................
source: 	 mrr: 0.045915	 ndcg_5: 0.0336	 ndcg_10: 0.0482	 hit@1:0.014493	 hit@5:0.0531	 hit@10: 0.0988
target: 	 mrr: 0.046230	 ndcg_5: 0.0382	 ndcg_10: 0.0528	 hit@1:0.013751	 hit@5:0.0629	 hit@10: 0.1083
epoch 24: train_loss = 1.181549, source_hit@10 = 0.0988, source_ndcg@10 = 0.0482, target_hit@10 = 0.1083, target_ndcg@10 = 0.0528

2024-08-07 17:29:52.755248: step 23675/75760 (epoch 25/80), loss = 1.181471 (254.631 sec/epoch), lr: 0.002940
Evaluating on dev set...
.......................................................................................................................................................................................................................
source: 	 mrr: 0.055032	 ndcg_5: 0.0442	 ndcg_10: 0.0613	 hit@1:0.017298	 hit@5:0.0711	 hit@10: 0.1245
target: 	 mrr: 0.078653	 ndcg_5: 0.0706	 ndcg_10: 0.0880	 hit@1:0.031384	 hit@5:0.1086	 hit@10: 0.1624
epoch 25: train_loss = 1.181471, source_hit@10 = 0.1245, source_ndcg@10 = 0.0613, target_hit@10 = 0.1624, target_ndcg@10 = 0.0880

2024-08-07 17:34:09.745853: step 24622/75760 (epoch 26/80), loss = 1.181596 (254.668 sec/epoch), lr: 0.002940
Evaluating on dev set...
.......................................................................................................................................................................................................................
source: 	 mrr: 0.068984	 ndcg_5: 0.0591	 ndcg_10: 0.0771	 hit@1:0.026180	 hit@5:0.0909	 hit@10: 0.1463
target: 	 mrr: 0.074263	 ndcg_5: 0.0678	 ndcg_10: 0.0836	 hit@1:0.031120	 hit@5:0.1036	 hit@10: 0.1529
epoch 26: train_loss = 1.181596, source_hit@10 = 0.1463, source_ndcg@10 = 0.0771, target_hit@10 = 0.1529, target_ndcg@10 = 0.0836

2024-08-07 17:38:27.502015: step 25569/75760 (epoch 27/80), loss = 1.179548 (255.458 sec/epoch), lr: 0.002940
Evaluating on dev set...
.......................................................................................................................................................................................................................
source: 	 mrr: 0.042708	 ndcg_5: 0.0316	 ndcg_10: 0.0460	 hit@1:0.011064	 hit@5:0.0531	 hit@10: 0.0980
target: 	 mrr: 0.066716	 ndcg_5: 0.0575	 ndcg_10: 0.0752	 hit@1:0.025002	 hit@5:0.0899	 hit@10: 0.1449
epoch 27: train_loss = 1.179548, source_hit@10 = 0.0980, source_ndcg@10 = 0.0460, target_hit@10 = 0.1449, target_ndcg@10 = 0.0752

2024-08-07 17:42:44.914239: step 26516/75760 (epoch 28/80), loss = 1.176818 (255.119 sec/epoch), lr: 0.002793
Evaluating on dev set...
.......................................................................................................................................................................................................................
source: 	 mrr: 0.058627	 ndcg_5: 0.0502	 ndcg_10: 0.0656	 hit@1:0.023531	 hit@5:0.0764	 hit@10: 0.1245
target: 	 mrr: 0.065978	 ndcg_5: 0.0578	 ndcg_10: 0.0750	 hit@1:0.024475	 hit@5:0.0909	 hit@10: 0.1443
epoch 28: train_loss = 1.176818, source_hit@10 = 0.1245, source_ndcg@10 = 0.0656, target_hit@10 = 0.1443, target_ndcg@10 = 0.0750

2024-08-07 17:47:02.501982: step 27463/75760 (epoch 29/80), loss = 1.178018 (255.284 sec/epoch), lr: 0.002793
Evaluating on dev set...
.......................................................................................................................................................................................................................
source: 	 mrr: 0.053464	 ndcg_5: 0.0441	 ndcg_10: 0.0619	 hit@1:0.014960	 hit@5:0.0746	 hit@10: 0.1303
target: 	 mrr: 0.065144	 ndcg_5: 0.0544	 ndcg_10: 0.0749	 hit@1:0.021449	 hit@5:0.0878	 hit@10: 0.1515
epoch 29: train_loss = 1.178018, source_hit@10 = 0.1303, source_ndcg@10 = 0.0619, target_hit@10 = 0.1515, target_ndcg@10 = 0.0749

2024-08-07 17:51:20.507911: step 28410/75760 (epoch 30/80), loss = 1.174469 (255.709 sec/epoch), lr: 0.002654
Evaluating on dev set...
.......................................................................................................................................................................................................................
source: 	 mrr: 0.045760	 ndcg_5: 0.0352	 ndcg_10: 0.0492	 hit@1:0.015272	 hit@5:0.0550	 hit@10: 0.0983
target: 	 mrr: 0.075318	 ndcg_5: 0.0674	 ndcg_10: 0.0846	 hit@1:0.029278	 hit@5:0.1048	 hit@10: 0.1581
epoch 30: train_loss = 1.174469, source_hit@10 = 0.0983, source_ndcg@10 = 0.0492, target_hit@10 = 0.1581, target_ndcg@10 = 0.0846
shift to transfer learning mode

2024-08-07 17:55:41.372534: step 29357/75760 (epoch 31/80), loss = 1.174013 (258.525 sec/epoch), lr: 0.002654
Evaluating on dev set...
.......................................................................................................................................................................................................................
source: 	 mrr: 0.052107	 ndcg_5: 0.0431	 ndcg_10: 0.0585	 hit@1:0.018077	 hit@5:0.0689	 hit@10: 0.1170
target: 	 mrr: 0.065990	 ndcg_5: 0.0551	 ndcg_10: 0.0755	 hit@1:0.021580	 hit@5:0.0899	 hit@10: 0.1530
epoch 31: train_loss = 1.174013, source_hit@10 = 0.1170, source_ndcg@10 = 0.0585, target_hit@10 = 0.1530, target_ndcg@10 = 0.0755

2024-08-07 18:00:02.393025: step 30304/75760 (epoch 32/80), loss = 1.171401 (258.676 sec/epoch), lr: 0.002521
Evaluating on dev set...
.......................................................................................................................................................................................................................
source: 	 mrr: 0.049001	 ndcg_5: 0.0395	 ndcg_10: 0.0533	 hit@1:0.017609	 hit@5:0.0619	 hit@10: 0.1049
target: 	 mrr: 0.076968	 ndcg_5: 0.0702	 ndcg_10: 0.0875	 hit@1:0.029739	 hit@5:0.1111	 hit@10: 0.1647
epoch 32: train_loss = 1.171401, source_hit@10 = 0.1049, source_ndcg@10 = 0.0533, target_hit@10 = 0.1647, target_ndcg@10 = 0.0875

2024-08-07 18:04:24.268338: step 31251/75760 (epoch 33/80), loss = 1.171165 (259.575 sec/epoch), lr: 0.002521
Evaluating on dev set...
.......................................................................................................................................................................................................................
source: 	 mrr: 0.060194	 ndcg_5: 0.0503	 ndcg_10: 0.0660	 hit@1:0.022129	 hit@5:0.0789	 hit@10: 0.1276
target: 	 mrr: 0.062328	 ndcg_5: 0.0547	 ndcg_10: 0.0724	 hit@1:0.019146	 hit@5:0.0907	 hit@10: 0.1459
epoch 33: train_loss = 1.171165, source_hit@10 = 0.1276, source_ndcg@10 = 0.0660, target_hit@10 = 0.1459, target_ndcg@10 = 0.0724

2024-08-07 18:08:46.294830: step 32198/75760 (epoch 34/80), loss = 1.167443 (259.726 sec/epoch), lr: 0.002395
Evaluating on dev set...
.......................................................................................................................................................................................................................
source: 	 mrr: 0.047927	 ndcg_5: 0.0393	 ndcg_10: 0.0527	 hit@1:0.016830	 hit@5:0.0619	 hit@10: 0.1036
target: 	 mrr: 0.080347	 ndcg_5: 0.0719	 ndcg_10: 0.0903	 hit@1:0.034015	 hit@5:0.1088	 hit@10: 0.1658
target best!
......................................................................................................................................................target: 	 mrr: 0.079162	 ndcg_5: 0.0709	 ndcg_10: 0.0894	 hit@1:0.032020	 hit@5:0.1089	 hit@10: 0.1661
epoch 34: train_loss = 1.167443, source_hit@10 = 0.1036, source_ndcg@10 = 0.0527, target_hit@10 = 0.1661, target_ndcg@10 = 0.0894
new best model saved.

2024-08-07 18:13:09.099051: step 33145/75760 (epoch 35/80), loss = 1.167907 (258.641 sec/epoch), lr: 0.002395
Evaluating on dev set...
.......................................................................................................................................................................................................................
source: 	 mrr: 0.040770	 ndcg_5: 0.0318	 ndcg_10: 0.0429	 hit@1:0.015272	 hit@5:0.0483	 hit@10: 0.0831
target: 	 mrr: 0.064366	 ndcg_5: 0.0570	 ndcg_10: 0.0712	 hit@1:0.024475	 hit@5:0.0897	 hit@10: 0.1336
epoch 35: train_loss = 1.167907, source_hit@10 = 0.0831, source_ndcg@10 = 0.0429, target_hit@10 = 0.1336, target_ndcg@10 = 0.0712

2024-08-07 18:17:30.594306: step 34092/75760 (epoch 36/80), loss = 1.166940 (259.128 sec/epoch), lr: 0.002275
Evaluating on dev set...
.......................................................................................................................................................................................................................
source: 	 mrr: 0.053590	 ndcg_5: 0.0426	 ndcg_10: 0.0597	 hit@1:0.019012	 hit@5:0.0662	 hit@10: 0.1197
target: 	 mrr: 0.083844	 ndcg_5: 0.0759	 ndcg_10: 0.0937	 hit@1:0.035726	 hit@5:0.1149	 hit@10: 0.1705
target best!
......................................................................................................................................................target: 	 mrr: 0.085990	 ndcg_5: 0.0779	 ndcg_10: 0.0963	 hit@1:0.038597	 hit@5:0.1166	 hit@10: 0.1737
epoch 36: train_loss = 1.166940, source_hit@10 = 0.1197, source_ndcg@10 = 0.0597, target_hit@10 = 0.1737, target_ndcg@10 = 0.0963
new best model saved.

2024-08-07 18:21:53.405029: step 35039/75760 (epoch 37/80), loss = 1.164551 (258.593 sec/epoch), lr: 0.002275
Evaluating on dev set...
.......................................................................................................................................................................................................................
source: 	 mrr: 0.044258	 ndcg_5: 0.0347	 ndcg_10: 0.0465	 hit@1:0.014337	 hit@5:0.0553	 hit@10: 0.0918
target: 	 mrr: 0.081522	 ndcg_5: 0.0738	 ndcg_10: 0.0914	 hit@1:0.034805	 hit@5:0.1118	 hit@10: 0.1667
epoch 37: train_loss = 1.164551, source_hit@10 = 0.0918, source_ndcg@10 = 0.0465, target_hit@10 = 0.1667, target_ndcg@10 = 0.0914

2024-08-07 18:26:13.914548: step 35986/75760 (epoch 38/80), loss = 1.164712 (258.181 sec/epoch), lr: 0.002161
Evaluating on dev set...
.......................................................................................................................................................................................................................
source: 	 mrr: 0.052260	 ndcg_5: 0.0433	 ndcg_10: 0.0575	 hit@1:0.020415	 hit@5:0.0656	 hit@10: 0.1102
target: 	 mrr: 0.077273	 ndcg_5: 0.0697	 ndcg_10: 0.0865	 hit@1:0.030791	 hit@5:0.1082	 hit@10: 0.1604
epoch 38: train_loss = 1.164712, source_hit@10 = 0.1102, source_ndcg@10 = 0.0575, target_hit@10 = 0.1604, target_ndcg@10 = 0.0865

2024-08-07 18:30:35.953694: step 36933/75760 (epoch 39/80), loss = 1.159927 (259.744 sec/epoch), lr: 0.002161
Evaluating on dev set...
.......................................................................................................................................................................................................................
source: 	 mrr: 0.042136	 ndcg_5: 0.0318	 ndcg_10: 0.0442	 hit@1:0.012779	 hit@5:0.0505	 hit@10: 0.0890
target: 	 mrr: 0.082167	 ndcg_5: 0.0741	 ndcg_10: 0.0895	 hit@1:0.037963	 hit@5:0.1085	 hit@10: 0.1566
epoch 39: train_loss = 1.159927, source_hit@10 = 0.0890, source_ndcg@10 = 0.0442, target_hit@10 = 0.1566, target_ndcg@10 = 0.0895

2024-08-07 18:34:56.917248: step 37880/75760 (epoch 40/80), loss = 1.158954 (258.628 sec/epoch), lr: 0.002053
Evaluating on dev set...
.......................................................................................................................................................................................................................
source: 	 mrr: 0.062527	 ndcg_5: 0.0532	 ndcg_10: 0.0688	 hit@1:0.024622	 hit@5:0.0812	 hit@10: 0.1304
target: 	 mrr: 0.078928	 ndcg_5: 0.0704	 ndcg_10: 0.0877	 hit@1:0.034344	 hit@5:0.1059	 hit@10: 0.1595
epoch 40: train_loss = 1.158954, source_hit@10 = 0.1304, source_ndcg@10 = 0.0688, target_hit@10 = 0.1595, target_ndcg@10 = 0.0877

2024-08-07 18:39:17.885677: step 38827/75760 (epoch 41/80), loss = 1.159734 (258.672 sec/epoch), lr: 0.002053
Evaluating on dev set...
.......................................................................................................................................................................................................................
source: 	 mrr: 0.043595	 ndcg_5: 0.0355	 ndcg_10: 0.0484	 hit@1:0.015272	 hit@5:0.0572	 hit@10: 0.0979
target: 	 mrr: 0.078948	 ndcg_5: 0.0698	 ndcg_10: 0.0888	 hit@1:0.032831	 hit@5:0.1066	 hit@10: 0.1655
epoch 41: train_loss = 1.159734, source_hit@10 = 0.0979, source_ndcg@10 = 0.0484, target_hit@10 = 0.1655, target_ndcg@10 = 0.0888

2024-08-07 18:43:38.950031: step 39774/75760 (epoch 42/80), loss = 1.157179 (258.771 sec/epoch), lr: 0.001951
Evaluating on dev set...
.......................................................................................................................................................................................................................
source: 	 mrr: 0.065423	 ndcg_5: 0.0574	 ndcg_10: 0.0734	 hit@1:0.023843	 hit@5:0.0904	 hit@10: 0.1396
target: 	 mrr: 0.077608	 ndcg_5: 0.0689	 ndcg_10: 0.0863	 hit@1:0.033555	 hit@5:0.1032	 hit@10: 0.1573
epoch 42: train_loss = 1.157179, source_hit@10 = 0.1396, source_ndcg@10 = 0.0734, target_hit@10 = 0.1573, target_ndcg@10 = 0.0863

2024-08-07 18:48:00.717364: step 40721/75760 (epoch 43/80), loss = 1.156972 (259.367 sec/epoch), lr: 0.001951
Evaluating on dev set...
.......................................................................................................................................................................................................................
source: 	 mrr: 0.054433	 ndcg_5: 0.0444	 ndcg_10: 0.0595	 hit@1:0.019947	 hit@5:0.0703	 hit@10: 0.1170
target: 	 mrr: 0.074880	 ndcg_5: 0.0663	 ndcg_10: 0.0831	 hit@1:0.031581	 hit@5:0.1004	 hit@10: 0.1529
epoch 43: train_loss = 1.156972, source_hit@10 = 0.1170, source_ndcg@10 = 0.0595, target_hit@10 = 0.1529, target_ndcg@10 = 0.0831

2024-08-07 18:52:21.613649: step 41668/75760 (epoch 44/80), loss = 1.153472 (258.572 sec/epoch), lr: 0.001853
Evaluating on dev set...
.......................................................................................................................................................................................................................
source: 	 mrr: 0.052576	 ndcg_5: 0.0422	 ndcg_10: 0.0574	 hit@1:0.018077	 hit@5:0.0665	 hit@10: 0.1138
target: 	 mrr: 0.085678	 ndcg_5: 0.0781	 ndcg_10: 0.0953	 hit@1:0.038424	 hit@5:0.1171	 hit@10: 0.1707
target best!
......................................................................................................................................................target: 	 mrr: 0.085649	 ndcg_5: 0.0776	 ndcg_10: 0.0950	 hit@1:0.038198	 hit@5:0.1157	 hit@10: 0.1701
epoch 44: train_loss = 1.153472, source_hit@10 = 0.1138, source_ndcg@10 = 0.0574, target_hit@10 = 0.1701, target_ndcg@10 = 0.0950
new best model saved.

2024-08-07 18:56:44.681658: step 42615/75760 (epoch 45/80), loss = 1.153283 (258.890 sec/epoch), lr: 0.001853
Evaluating on dev set...
.......................................................................................................................................................................................................................
source: 	 mrr: 0.056184	 ndcg_5: 0.0465	 ndcg_10: 0.0609	 hit@1:0.019947	 hit@5:0.0726	 hit@10: 0.1177
target: 	 mrr: 0.065263	 ndcg_5: 0.0574	 ndcg_10: 0.0747	 hit@1:0.022962	 hit@5:0.0922	 hit@10: 0.1461
epoch 45: train_loss = 1.153283, source_hit@10 = 0.1177, source_ndcg@10 = 0.0609, target_hit@10 = 0.1461, target_ndcg@10 = 0.0747

2024-08-07 19:01:05.555964: step 43562/75760 (epoch 46/80), loss = 1.149891 (258.526 sec/epoch), lr: 0.001761
Evaluating on dev set...
.......................................................................................................................................................................................................................
source: 	 mrr: 0.061485	 ndcg_5: 0.0517	 ndcg_10: 0.0673	 hit@1:0.023375	 hit@5:0.0799	 hit@10: 0.1283
target: 	 mrr: 0.076369	 ndcg_5: 0.0676	 ndcg_10: 0.0853	 hit@1:0.032502	 hit@5:0.1024	 hit@10: 0.1574
epoch 46: train_loss = 1.149891, source_hit@10 = 0.1283, source_ndcg@10 = 0.0673, target_hit@10 = 0.1574, target_ndcg@10 = 0.0853

2024-08-07 19:05:26.199095: step 44509/75760 (epoch 47/80), loss = 1.150054 (258.278 sec/epoch), lr: 0.001761
Evaluating on dev set...
.......................................................................................................................................................................................................................
source: 	 mrr: 0.078283	 ndcg_5: 0.0700	 ndcg_10: 0.0865	 hit@1:0.033661	 hit@5:0.1053	 hit@10: 0.1566
target: 	 mrr: 0.079743	 ndcg_5: 0.0716	 ndcg_10: 0.0891	 hit@1:0.034344	 hit@5:0.1078	 hit@10: 0.1623
source best!
...............................................................
source: 	 mrr: 0.082261	 ndcg_5: 0.0732	 ndcg_10: 0.0917	 hit@1:0.037330	 hit@5:0.1093	 hit@10: 0.1670
epoch 47: train_loss = 1.150054, source_hit@10 = 0.1670, source_ndcg@10 = 0.0917, target_hit@10 = 0.1623, target_ndcg@10 = 0.0891
new best model saved.

2024-08-07 19:09:48.205157: step 45456/75760 (epoch 48/80), loss = 1.149286 (258.678 sec/epoch), lr: 0.001761
Evaluating on dev set...
.......................................................................................................................................................................................................................
source: 	 mrr: 0.078787	 ndcg_5: 0.0713	 ndcg_10: 0.0879	 hit@1:0.034128	 hit@5:0.1075	 hit@10: 0.1594
target: 	 mrr: 0.075196	 ndcg_5: 0.0660	 ndcg_10: 0.0830	 hit@1:0.031581	 hit@5:0.1002	 hit@10: 0.1532
source best!
...............................................................
source: 	 mrr: 0.080105	 ndcg_5: 0.0712	 ndcg_10: 0.0899	 hit@1:0.033534	 hit@5:0.1071	 hit@10: 0.1655
epoch 48: train_loss = 1.149286, source_hit@10 = 0.1655, source_ndcg@10 = 0.0899, target_hit@10 = 0.1532, target_ndcg@10 = 0.0830
new best model saved.

2024-08-07 19:14:09.791886: step 46403/75760 (epoch 49/80), loss = 1.145780 (258.326 sec/epoch), lr: 0.001672
Evaluating on dev set...
.......................................................................................................................................................................................................................
source: 	 mrr: 0.051913	 ndcg_5: 0.0431	 ndcg_10: 0.0552	 hit@1:0.020259	 hit@5:0.0670	 hit@10: 0.1046
target: 	 mrr: 0.077120	 ndcg_5: 0.0690	 ndcg_10: 0.0848	 hit@1:0.032963	 hit@5:0.1036	 hit@10: 0.1528
epoch 49: train_loss = 1.145780, source_hit@10 = 0.1046, source_ndcg@10 = 0.0552, target_hit@10 = 0.1528, target_ndcg@10 = 0.0848

2024-08-07 19:18:31.637560: step 47350/75760 (epoch 50/80), loss = 1.142799 (259.441 sec/epoch), lr: 0.001589
Evaluating on dev set...
.......................................................................................................................................................................................................................
source: 	 mrr: 0.072854	 ndcg_5: 0.0628	 ndcg_10: 0.0806	 hit@1:0.029609	 hit@5:0.0960	 hit@10: 0.1512
target: 	 mrr: 0.081840	 ndcg_5: 0.0747	 ndcg_10: 0.0908	 hit@1:0.038687	 hit@5:0.1096	 hit@10: 0.1596
epoch 50: train_loss = 1.142799, source_hit@10 = 0.1512, source_ndcg@10 = 0.0806, target_hit@10 = 0.1596, target_ndcg@10 = 0.0908

2024-08-07 19:22:52.486441: step 48297/75760 (epoch 51/80), loss = 1.142359 (258.503 sec/epoch), lr: 0.001589
Evaluating on dev set...
.......................................................................................................................................................................................................................
source: 	 mrr: 0.065717	 ndcg_5: 0.0560	 ndcg_10: 0.0718	 hit@1:0.027115	 hit@5:0.0852	 hit@10: 0.1346
target: 	 mrr: 0.079101	 ndcg_5: 0.0706	 ndcg_10: 0.0882	 hit@1:0.033160	 hit@5:0.1070	 hit@10: 0.1619
epoch 51: train_loss = 1.142359, source_hit@10 = 0.1346, source_ndcg@10 = 0.0718, target_hit@10 = 0.1619, target_ndcg@10 = 0.0882

2024-08-07 19:27:13.603802: step 49244/75760 (epoch 52/80), loss = 1.139000 (258.692 sec/epoch), lr: 0.001509
Evaluating on dev set...
.......................................................................................................................................................................................................................
source: 	 mrr: 0.084409	 ndcg_5: 0.0753	 ndcg_10: 0.0934	 hit@1:0.038959	 hit@5:0.1102	 hit@10: 0.1666
target: 	 mrr: 0.083721	 ndcg_5: 0.0756	 ndcg_10: 0.0932	 hit@1:0.037371	 hit@5:0.1137	 hit@10: 0.1680
source best!
...............................................................
source: 	 mrr: 0.080785	 ndcg_5: 0.0719	 ndcg_10: 0.0912	 hit@1:0.032585	 hit@5:0.1093	 hit@10: 0.1691
epoch 52: train_loss = 1.139000, source_hit@10 = 0.1691, source_ndcg@10 = 0.0912, target_hit@10 = 0.1680, target_ndcg@10 = 0.0932
new best model saved.

2024-08-07 19:31:37.240121: step 50191/75760 (epoch 53/80), loss = 1.138299 (260.401 sec/epoch), lr: 0.001509
Evaluating on dev set...
.......................................................................................................................................................................................................................
source: 	 mrr: 0.069391	 ndcg_5: 0.0592	 ndcg_10: 0.0781	 hit@1:0.027115	 hit@5:0.0918	 hit@10: 0.1508
target: 	 mrr: 0.083166	 ndcg_5: 0.0744	 ndcg_10: 0.0934	 hit@1:0.034608	 hit@5:0.1136	 hit@10: 0.1726
epoch 53: train_loss = 1.138299, source_hit@10 = 0.1508, source_ndcg@10 = 0.0781, target_hit@10 = 0.1726, target_ndcg@10 = 0.0934

2024-08-07 19:35:58.906759: step 51138/75760 (epoch 54/80), loss = 1.135694 (259.288 sec/epoch), lr: 0.001434
Evaluating on dev set...
.......................................................................................................................................................................................................................
source: 	 mrr: 0.065055	 ndcg_5: 0.0545	 ndcg_10: 0.0727	 hit@1:0.022752	 hit@5:0.0856	 hit@10: 0.1417
target: 	 mrr: 0.087408	 ndcg_5: 0.0799	 ndcg_10: 0.0979	 hit@1:0.038753	 hit@5:0.1198	 hit@10: 0.1759
target best!
......................................................................................................................................................target: 	 mrr: 0.088563	 ndcg_5: 0.0797	 ndcg_10: 0.0978	 hit@1:0.041852	 hit@5:0.1165	 hit@10: 0.1727
epoch 54: train_loss = 1.135694, source_hit@10 = 0.1417, source_ndcg@10 = 0.0727, target_hit@10 = 0.1727, target_ndcg@10 = 0.0978
new best model saved.

2024-08-07 19:40:21.706006: step 52085/75760 (epoch 55/80), loss = 1.129202 (258.610 sec/epoch), lr: 0.001362
Evaluating on dev set...
.......................................................................................................................................................................................................................
source: 	 mrr: 0.076871	 ndcg_5: 0.0672	 ndcg_10: 0.0866	 hit@1:0.032726	 hit@5:0.1014	 hit@10: 0.1621
target: 	 mrr: 0.089261	 ndcg_5: 0.0800	 ndcg_10: 0.0990	 hit@1:0.041384	 hit@5:0.1170	 hit@10: 0.1764
target best!
......................................................................................................................................................target: 	 mrr: 0.090705	 ndcg_5: 0.0822	 ndcg_10: 0.1010	 hit@1:0.041852	 hit@5:0.1210	 hit@10: 0.1795
epoch 55: train_loss = 1.129202, source_hit@10 = 0.1621, source_ndcg@10 = 0.0866, target_hit@10 = 0.1795, target_ndcg@10 = 0.1010
new best model saved.

2024-08-07 19:44:44.778291: step 53032/75760 (epoch 56/80), loss = 1.124188 (258.829 sec/epoch), lr: 0.001362
Evaluating on dev set...
.......................................................................................................................................................................................................................
source: 	 mrr: 0.052962	 ndcg_5: 0.0436	 ndcg_10: 0.0584	 hit@1:0.018544	 hit@5:0.0693	 hit@10: 0.1152
target: 	 mrr: 0.092905	 ndcg_5: 0.0849	 ndcg_10: 0.1041	 hit@1:0.041582	 hit@5:0.1257	 hit@10: 0.1856
target best!
......................................................................................................................................................target: 	 mrr: 0.093004	 ndcg_5: 0.0848	 ndcg_10: 0.1041	 hit@1:0.042849	 hit@5:0.1255	 hit@10: 0.1855
epoch 56: train_loss = 1.124188, source_hit@10 = 0.1152, source_ndcg@10 = 0.0584, target_hit@10 = 0.1855, target_ndcg@10 = 0.1041
new best model saved.

2024-08-07 19:49:07.985657: step 53979/75760 (epoch 57/80), loss = 1.119335 (259.020 sec/epoch), lr: 0.001294
Evaluating on dev set...
.......................................................................................................................................................................................................................
source: 	 mrr: 0.083856	 ndcg_5: 0.0747	 ndcg_10: 0.0934	 hit@1:0.038180	 hit@5:0.1099	 hit@10: 0.1677
target: 	 mrr: 0.078875	 ndcg_5: 0.0699	 ndcg_10: 0.0885	 hit@1:0.032897	 hit@5:0.1065	 hit@10: 0.1643
epoch 57: train_loss = 1.119335, source_hit@10 = 0.1677, source_ndcg@10 = 0.0934, target_hit@10 = 0.1643, target_ndcg@10 = 0.0885

2024-08-07 19:53:29.173110: step 54926/75760 (epoch 58/80), loss = 1.117828 (258.798 sec/epoch), lr: 0.001294
Evaluating on dev set...
.......................................................................................................................................................................................................................
source: 	 mrr: 0.080900	 ndcg_5: 0.0737	 ndcg_10: 0.0895	 hit@1:0.033661	 hit@5:0.1122	 hit@10: 0.1610
target: 	 mrr: 0.089798	 ndcg_5: 0.0824	 ndcg_10: 0.1012	 hit@1:0.038753	 hit@5:0.1245	 hit@10: 0.1830
epoch 58: train_loss = 1.117828, source_hit@10 = 0.1610, source_ndcg@10 = 0.0895, target_hit@10 = 0.1830, target_ndcg@10 = 0.1012

2024-08-07 19:57:51.219366: step 55873/75760 (epoch 59/80), loss = 1.116142 (259.732 sec/epoch), lr: 0.001294
Evaluating on dev set...
.......................................................................................................................................................................................................................
source: 	 mrr: 0.080791	 ndcg_5: 0.0722	 ndcg_10: 0.0923	 hit@1:0.034596	 hit@5:0.1094	 hit@10: 0.1716
target: 	 mrr: 0.094582	 ndcg_5: 0.0863	 ndcg_10: 0.1057	 hit@1:0.043161	 hit@5:0.1269	 hit@10: 0.1871
target best!
......................................................................................................................................................target: 	 mrr: 0.096228	 ndcg_5: 0.0882	 ndcg_10: 0.1073	 hit@1:0.044509	 hit@5:0.1298	 hit@10: 0.1892
epoch 59: train_loss = 1.116142, source_hit@10 = 0.1716, source_ndcg@10 = 0.0923, target_hit@10 = 0.1892, target_ndcg@10 = 0.1073
new best model saved.

2024-08-07 20:02:13.616698: step 56820/75760 (epoch 60/80), loss = 1.113882 (258.216 sec/epoch), lr: 0.001294
Evaluating on dev set...
.......................................................................................................................................................................................................................
source: 	 mrr: 0.074749	 ndcg_5: 0.0647	 ndcg_10: 0.0834	 hit@1:0.031323	 hit@5:0.0971	 hit@10: 0.1555
target: 	 mrr: 0.086395	 ndcg_5: 0.0785	 ndcg_10: 0.0964	 hit@1:0.039082	 hit@5:0.1174	 hit@10: 0.1730
epoch 60: train_loss = 1.113882, source_hit@10 = 0.1555, source_ndcg@10 = 0.0834, target_hit@10 = 0.1730, target_ndcg@10 = 0.0964

2024-08-07 20:06:35.289068: step 57767/75760 (epoch 61/80), loss = 1.106633 (259.371 sec/epoch), lr: 0.001229
Evaluating on dev set...
.......................................................................................................................................................................................................................
source: 	 mrr: 0.075972	 ndcg_5: 0.0664	 ndcg_10: 0.0840	 hit@1:0.032258	 hit@5:0.0994	 hit@10: 0.1543
target: 	 mrr: 0.079669	 ndcg_5: 0.0711	 ndcg_10: 0.0890	 hit@1:0.033094	 hit@5:0.1081	 hit@10: 0.1632
epoch 61: train_loss = 1.106633, source_hit@10 = 0.1543, source_ndcg@10 = 0.0840, target_hit@10 = 0.1632, target_ndcg@10 = 0.0890

2024-08-07 20:10:55.475765: step 58714/75760 (epoch 62/80), loss = 1.102792 (257.816 sec/epoch), lr: 0.001168
Evaluating on dev set...
.......................................................................................................................................................................................................................
source: 	 mrr: 0.033110	 ndcg_5: 0.0266	 ndcg_10: 0.0346	 hit@1:0.013558	 hit@5:0.0396	 hit@10: 0.0642
target: 	 mrr: 0.090250	 ndcg_5: 0.0813	 ndcg_10: 0.0993	 hit@1:0.042305	 hit@5:0.1188	 hit@10: 0.1746
epoch 62: train_loss = 1.102792, source_hit@10 = 0.0642, source_ndcg@10 = 0.0346, target_hit@10 = 0.1746, target_ndcg@10 = 0.0993

2024-08-07 20:15:16.535175: step 59661/75760 (epoch 63/80), loss = 1.097114 (258.728 sec/epoch), lr: 0.001110
Evaluating on dev set...
.......................................................................................................................................................................................................................
source: 	 mrr: 0.081881	 ndcg_5: 0.0730	 ndcg_10: 0.0914	 hit@1:0.037401	 hit@5:0.1082	 hit@10: 0.1655
target: 	 mrr: 0.088786	 ndcg_5: 0.0799	 ndcg_10: 0.0978	 hit@1:0.041450	 hit@5:0.1175	 hit@10: 0.1732
epoch 63: train_loss = 1.097114, source_hit@10 = 0.1655, source_ndcg@10 = 0.0914, target_hit@10 = 0.1732, target_ndcg@10 = 0.0978

2024-08-07 20:19:36.995778: step 60608/75760 (epoch 64/80), loss = 1.096472 (258.160 sec/epoch), lr: 0.001110
Evaluating on dev set...
.......................................................................................................................................................................................................................
source: 	 mrr: 0.052549	 ndcg_5: 0.0431	 ndcg_10: 0.0576	 hit@1:0.019635	 hit@5:0.0664	 hit@10: 0.1117
target: 	 mrr: 0.086112	 ndcg_5: 0.0775	 ndcg_10: 0.0960	 hit@1:0.038358	 hit@5:0.1157	 hit@10: 0.1732
epoch 64: train_loss = 1.096472, source_hit@10 = 0.1117, source_ndcg@10 = 0.0576, target_hit@10 = 0.1732, target_ndcg@10 = 0.0960

2024-08-07 20:23:57.727517: step 61555/75760 (epoch 65/80), loss = 1.091303 (258.415 sec/epoch), lr: 0.001054
Evaluating on dev set...
.......................................................................................................................................................................................................................
source: 	 mrr: 0.076998	 ndcg_5: 0.0695	 ndcg_10: 0.0871	 hit@1:0.030232	 hit@5:0.1083	 hit@10: 0.1632
target: 	 mrr: 0.086919	 ndcg_5: 0.0779	 ndcg_10: 0.0966	 hit@1:0.039476	 hit@5:0.1153	 hit@10: 0.1734
epoch 65: train_loss = 1.091303, source_hit@10 = 0.1632, source_ndcg@10 = 0.0871, target_hit@10 = 0.1734, target_ndcg@10 = 0.0966

2024-08-07 20:28:18.605672: step 62502/75760 (epoch 66/80), loss = 1.087859 (258.487 sec/epoch), lr: 0.001054
Evaluating on dev set...
.......................................................................................................................................................................................................................
source: 	 mrr: 0.051257	 ndcg_5: 0.0428	 ndcg_10: 0.0571	 hit@1:0.019012	 hit@5:0.0669	 hit@10: 0.1116
target: 	 mrr: 0.089029	 ndcg_5: 0.0804	 ndcg_10: 0.0989	 hit@1:0.041253	 hit@5:0.1186	 hit@10: 0.1761
epoch 66: train_loss = 1.087859, source_hit@10 = 0.1116, source_ndcg@10 = 0.0571, target_hit@10 = 0.1761, target_ndcg@10 = 0.0989

2024-08-07 20:32:40.049831: step 63449/75760 (epoch 67/80), loss = 1.083050 (259.127 sec/epoch), lr: 0.001001
Evaluating on dev set...
.......................................................................................................................................................................................................................
source: 	 mrr: 0.063305	 ndcg_5: 0.0533	 ndcg_10: 0.0712	 hit@1:0.023064	 hit@5:0.0835	 hit@10: 0.1388
target: 	 mrr: 0.084545	 ndcg_5: 0.0749	 ndcg_10: 0.0938	 hit@1:0.037700	 hit@5:0.1111	 hit@10: 0.1701
epoch 67: train_loss = 1.083050, source_hit@10 = 0.1388, source_ndcg@10 = 0.0712, target_hit@10 = 0.1701, target_ndcg@10 = 0.0938

2024-08-07 20:37:00.703259: step 64396/75760 (epoch 68/80), loss = 1.079265 (258.295 sec/epoch), lr: 0.001001
Evaluating on dev set...
.......................................................................................................................................................................................................................
source: 	 mrr: 0.080094	 ndcg_5: 0.0715	 ndcg_10: 0.0896	 hit@1:0.034284	 hit@5:0.1066	 hit@10: 0.1630
target: 	 mrr: 0.090738	 ndcg_5: 0.0827	 ndcg_10: 0.1019	 hit@1:0.041911	 hit@5:0.1227	 hit@10: 0.1819
epoch 68: train_loss = 1.079265, source_hit@10 = 0.1630, source_ndcg@10 = 0.0896, target_hit@10 = 0.1819, target_ndcg@10 = 0.1019

2024-08-07 20:41:22.054124: step 65343/75760 (epoch 69/80), loss = 1.073445 (259.045 sec/epoch), lr: 0.001001
Evaluating on dev set...
.......................................................................................................................................................................................................................
source: 	 mrr: 0.057008	 ndcg_5: 0.0487	 ndcg_10: 0.0633	 hit@1:0.020570	 hit@5:0.0765	 hit@10: 0.1222
target: 	 mrr: 0.079536	 ndcg_5: 0.0707	 ndcg_10: 0.0882	 hit@1:0.032700	 hit@5:0.1084	 hit@10: 0.1631
epoch 69: train_loss = 1.073445, source_hit@10 = 0.1222, source_ndcg@10 = 0.0633, target_hit@10 = 0.1631, target_ndcg@10 = 0.0882

2024-08-07 20:45:43.451526: step 66290/75760 (epoch 70/80), loss = 1.066769 (259.100 sec/epoch), lr: 0.000951
Evaluating on dev set...
.......................................................................................................................................................................................................................
source: 	 mrr: 0.081512	 ndcg_5: 0.0719	 ndcg_10: 0.0894	 hit@1:0.037868	 hit@5:0.1043	 hit@10: 0.1593
target: 	 mrr: 0.087955	 ndcg_5: 0.0796	 ndcg_10: 0.0977	 hit@1:0.041121	 hit@5:0.1172	 hit@10: 0.1736
epoch 70: train_loss = 1.066769, source_hit@10 = 0.1593, source_ndcg@10 = 0.0894, target_hit@10 = 0.1736, target_ndcg@10 = 0.0977

2024-08-07 20:50:04.329942: step 67237/75760 (epoch 71/80), loss = 1.063717 (258.582 sec/epoch), lr: 0.000951
Evaluating on dev set...
.......................................................................................................................................................................................................................
source: 	 mrr: 0.063876	 ndcg_5: 0.0550	 ndcg_10: 0.0706	 hit@1:0.024934	 hit@5:0.0851	 hit@10: 0.1336
target: 	 mrr: 0.088249	 ndcg_5: 0.0796	 ndcg_10: 0.0983	 hit@1:0.040726	 hit@5:0.1170	 hit@10: 0.1752
epoch 71: train_loss = 1.063717, source_hit@10 = 0.1336, source_ndcg@10 = 0.0706, target_hit@10 = 0.1752, target_ndcg@10 = 0.0983

2024-08-07 20:54:25.419832: step 68184/75760 (epoch 72/80), loss = 1.059193 (258.781 sec/epoch), lr: 0.000904
Evaluating on dev set...
.......................................................................................................................................................................................................................
source: 	 mrr: 0.066793	 ndcg_5: 0.0579	 ndcg_10: 0.0741	 hit@1:0.024934	 hit@5:0.0894	 hit@10: 0.1399
target: 	 mrr: 0.085746	 ndcg_5: 0.0775	 ndcg_10: 0.0963	 hit@1:0.038687	 hit@5:0.1153	 hit@10: 0.1738
epoch 72: train_loss = 1.059193, source_hit@10 = 0.1399, source_ndcg@10 = 0.0741, target_hit@10 = 0.1738, target_ndcg@10 = 0.0963

2024-08-07 20:58:47.103058: step 69131/75760 (epoch 73/80), loss = 1.055391 (259.349 sec/epoch), lr: 0.000904
Evaluating on dev set...
.......................................................................................................................................................................................................................
source: 	 mrr: 0.076832	 ndcg_5: 0.0689	 ndcg_10: 0.0862	 hit@1:0.031323	 hit@5:0.1057	 hit@10: 0.1596
target: 	 mrr: 0.086281	 ndcg_5: 0.0784	 ndcg_10: 0.0963	 hit@1:0.038884	 hit@5:0.1168	 hit@10: 0.1725
epoch 73: train_loss = 1.055391, source_hit@10 = 0.1596, source_ndcg@10 = 0.0862, target_hit@10 = 0.1725, target_ndcg@10 = 0.0963

2024-08-07 21:03:07.807863: step 70078/75760 (epoch 74/80), loss = 1.052953 (258.374 sec/epoch), lr: 0.000904
Evaluating on dev set...
.......................................................................................................................................................................................................................
source: 	 mrr: 0.084180	 ndcg_5: 0.0752	 ndcg_10: 0.0933	 hit@1:0.038492	 hit@5:0.1105	 hit@10: 0.1669
target: 	 mrr: 0.090135	 ndcg_5: 0.0808	 ndcg_10: 0.0996	 hit@1:0.041976	 hit@5:0.1180	 hit@10: 0.1765
epoch 74: train_loss = 1.052953, source_hit@10 = 0.1669, source_ndcg@10 = 0.0933, target_hit@10 = 0.1765, target_ndcg@10 = 0.0996

2024-08-07 21:07:28.068979: step 71025/75760 (epoch 75/80), loss = 1.052457 (257.925 sec/epoch), lr: 0.000904
Evaluating on dev set...
.......................................................................................................................................................................................................................
source: 	 mrr: 0.067709	 ndcg_5: 0.0588	 ndcg_10: 0.0745	 hit@1:0.028206	 hit@5:0.0885	 hit@10: 0.1373
target: 	 mrr: 0.089878	 ndcg_5: 0.0809	 ndcg_10: 0.0989	 hit@1:0.042437	 hit@5:0.1185	 hit@10: 0.1744
epoch 75: train_loss = 1.052457, source_hit@10 = 0.1373, source_ndcg@10 = 0.0745, target_hit@10 = 0.1744, target_ndcg@10 = 0.0989

2024-08-07 21:11:49.084242: step 71972/75760 (epoch 76/80), loss = 1.046006 (258.680 sec/epoch), lr: 0.000859
Evaluating on dev set...
.......................................................................................................................................................................................................................
source: 	 mrr: 0.078722	 ndcg_5: 0.0704	 ndcg_10: 0.0894	 hit@1:0.032258	 hit@5:0.1078	 hit@10: 0.1664
target: 	 mrr: 0.084839	 ndcg_5: 0.0757	 ndcg_10: 0.0943	 hit@1:0.038424	 hit@5:0.1114	 hit@10: 0.1695
epoch 76: train_loss = 1.046006, source_hit@10 = 0.1664, source_ndcg@10 = 0.0894, target_hit@10 = 0.1695, target_ndcg@10 = 0.0943

2024-08-07 21:16:07.681082: step 72919/75760 (epoch 77/80), loss = 1.044097 (256.307 sec/epoch), lr: 0.000859
Evaluating on dev set...
.......................................................................................................................................................................................................................
source: 	 mrr: 0.081634	 ndcg_5: 0.0736	 ndcg_10: 0.0907	 hit@1:0.037401	 hit@5:0.1092	 hit@10: 0.1625
target: 	 mrr: 0.086064	 ndcg_5: 0.0775	 ndcg_10: 0.0950	 hit@1:0.039805	 hit@5:0.1135	 hit@10: 0.1682
epoch 77: train_loss = 1.044097, source_hit@10 = 0.1625, source_ndcg@10 = 0.0907, target_hit@10 = 0.1682, target_ndcg@10 = 0.0950

2024-08-07 21:20:21.290481: step 73866/75760 (epoch 78/80), loss = 1.042577 (251.332 sec/epoch), lr: 0.000859
Evaluating on dev set...
.......................................................................................................................................................................................................................
source: 	 mrr: 0.072836	 ndcg_5: 0.0647	 ndcg_10: 0.0822	 hit@1:0.028830	 hit@5:0.1000	 hit@10: 0.1546
target: 	 mrr: 0.092252	 ndcg_5: 0.0836	 ndcg_10: 0.1031	 hit@1:0.044082	 hit@5:0.1216	 hit@10: 0.1824
epoch 78: train_loss = 1.042577, source_hit@10 = 0.1546, source_ndcg@10 = 0.0822, target_hit@10 = 0.1824, target_ndcg@10 = 0.1031

2024-08-07 21:24:34.071024: step 74813/75760 (epoch 79/80), loss = 1.035546 (250.524 sec/epoch), lr: 0.000816
Evaluating on dev set...
.......................................................................................................................................................................................................................
source: 	 mrr: 0.072603	 ndcg_5: 0.0644	 ndcg_10: 0.0823	 hit@1:0.029297	 hit@5:0.0994	 hit@10: 0.1551
target: 	 mrr: 0.091160	 ndcg_5: 0.0819	 ndcg_10: 0.1008	 hit@1:0.043227	 hit@5:0.1193	 hit@10: 0.1784
epoch 79: train_loss = 1.035546, source_hit@10 = 0.1551, source_ndcg@10 = 0.0823, target_hit@10 = 0.1784, target_ndcg@10 = 0.1008

2024-08-07 21:28:47.372845: step 75760/75760 (epoch 80/80), loss = 1.032140 (251.051 sec/epoch), lr: 0.000775
Evaluating on dev set...
.......................................................................................................................................................................................................................
source: 	 mrr: 0.074836	 ndcg_5: 0.0660	 ndcg_10: 0.0833	 hit@1:0.030232	 hit@5:0.1008	 hit@10: 0.1546
target: 	 mrr: 0.084864	 ndcg_5: 0.0758	 ndcg_10: 0.0943	 hit@1:0.037371	 hit@5:0.1130	 hit@10: 0.1709
epoch 80: train_loss = 1.032140, source_hit@10 = 0.1546, source_ndcg@10 = 0.0833, target_hit@10 = 0.1709, target_ndcg@10 = 0.0943
early termination of training
